
on. 29.05.1977. Spl.Ref. Awards – Bhashacharya by Ravindranath Tegore, Sāhitya
Vachaspati by Allahabad Hindi Lit. Confrence,
Padmavibhushan by Govt. of India.
Chatterjee, Shivanee. M.A., Ph.D. b. 16.05.1981.
Asst. Prof. Bks. 01. Ps. 01 Add. Subodhbela
Bhawan, Jhapantala mode, P.O. Rajwati
Burdwan 713104. W.B. Ph. 0342-2634617,
M. 09378071462.
Chattopadhyay, Amar Kumar. M.A. b.
05.05.1943. Calcutta , W.B. Bks. 05. Veda
Granthamālā, Veda Upaniṣad, Piṅgala
Chandaḥsūtram, Aśvalāyanaśrauta-sūtram,
Ṛgvedīya Gṛhya Sūtram. Ps. 04. Add. 7 – A,
Paramhansa Dev Road, Alipore (Chetla),
Kolkata, W.B. Pin. 700027. Ph. 4796794.
Chattopadhyay, Ashok. M.A., Ph.D., D.Phil.,
D.Litt. b. 30.10.1929, Bankura. W.B. Professor
& Head, Dept. of Skt., Univ. of Calcutta. Bks.
Śrāddhakalpaḥ (ed.), Samayapradīpaḥ (ed.),
Padmapurāṇa : a critical study, Bha--nārāyaṇa
critical observation on the Citrasūtra of
Nagnajit, Viṣṇudharmottarīya Citrasūtra
(Hindi). Add. A – 03, Labony Estate, Salt Lake
City, Calcutta, W.B. –700064. Spl. Ref Recipient
of Umesh Chandra Vidyaratna Award. A great
Scholour of Dharmaśāstra, Purāṇa, Citravidyā
etc.
Chattopadhyay, Chinmayi. M.A., D.Phil. Rtd.
Asst. Prof., Skt. Dept. Add. Jadavpur University,
Calcutta, W.B.. Spl.Ref. Alaṅkāra, VaiṣṇavaDarśana.
Chattopadhyay, Jaishree. M.A., Ph.D., D.Litt.
b. 06.01.1945. Kolkatta. Asct. Prof., Women’s
Cristian College, Kalighat. Add. Sushma, 102.C.
Tarapark, PN Mitre Brik Field Road. New
Alipur, Kolkatta – 53. Spl.Ref. Poet and Scholar.
Chattopadhyay, Krishna Nath. M.A., Ph.D.,
D.Litt. b. 11.12.1930, Calcutta, W.B. Asst.
Prof. Skt. Dept. Add. Rabindra Bharati
University, 56 A, Barrackpore Trunk Road,
Calcutta – 700050 (W.B.). Spl.Ref. Sāhitya.
Chattopadhyay, Narayan Kumar. M.A., Ph.D..
b. 1946, Ranaghat, Nabadwip, W.B. Asct. Prof.,

41

Dept. of Skt., Univ. of Calcutta. Bks. 03. Indian
Philosophy, Its exposition in the light of
Vijñānabhikṣu’s Bhāṣya and Yogavārttika,
Mahājīvana (Bengali), Bhāratīya Darśana
Sāṅkhya (Bengali), Add. Karunamayee Housing
Estate, F-16/3, Salt Lake, Calcutta, W.B.–
700091. Spl.Ref. Darśana.
Chattopadhyay, Rita. M.A., Ph.D. b. 19.07.1952.
Calcutta, W.B. Asct. Prof. Bks. 06. M.M.
Haridāsa Siddhāntavāgīśa An Appraisal, A
study on Candravaṃśam, Modern Sanskrit
Dramas of Bengal, Morden Sanskrit Plays,
Pañcatantram, Ps. 09. Add. Sanchar Minar.
E – 1103/4, New Road, Alipore, Calcutta –
700 027. Ph. (033) 448 4848.
Chaturvedi, Amar nath. Acharya, Vidya Varidhi.
b. 30.01.1939. Vishnupur, Dist. Jaunpur, U.P..
Principal. Gp. Dr. Ramaprasada Tripathi.
Rajarama Dwivedi. Add. Adarsh Shri Vasudeva
Sanskrita Pathasala, Gutavan, Jaunpur, U.P.
Spl.Ref. Vyākaraṇa.
Chaturvedi, Archana. M.A., Ph.D., D.Litt.. b.
29.07.1955. Research Asstt., Hindi Directorate,
R.K. Puram, New Delhi. Add. 178 A, Dilshad
Garden. Delhi – 110032.
Chaturvedi, Baladeva Shastri. Acharya, M.A.
b. 01.05.1943, Mathura, U.P. Principal. Gp.
Muralidhara Mishra, Kesavadev Pandeya,
Vanamali Shastri. Add. Sri Ratna Moti Sanskrit
Mahavidyalaya, Gokul, Mathura, U.P. Spl.Ref.
Sāhitya.
Chaturvedi, Braj Mohan. M.A., Ph.D., D.Litt.
b. 57 year, Acharya in Sāhitya & Vyākaraṇa,
Ph.D. Vill. Devria, Distt. Gajipur, U.P.. H.O.D.,
Sanskrit Dept., Delhi Univ. Gp. Gp. Ramyash
Tripathi, Pt. Mukund Shastri Khiste. Bks. 02.
Vyaktiviveka, Rasa siddānt ke Anālocita Pakṣa.
Add. D-23, Univ. Campus, University of Delhi.
Spl.Ref. Sāhitya.
Chaturvedi, Chandradhara Acharya. Acharya.
b. Varanasi, U.P. Asst. Prof. Gp. Harivansha
Chaturvedi, Gulabaprasada Mishra. Add.
Janata Inter College, Chunar, U.P.. Spl.Ref.
Sāhitya.

