
Mandal, Chinmay. M.A., Paṇini Vyākaraṇa ,
Ph.D. b. 02.04.1982. 24 Pargnath. Asstt. Prof.
Gp. Dr. Tapansankar Bhattacharya, Prof.
Bhawani Prasad Bhattacharya, Prof. Sitanath
Goswami. Bks. 01. Ps. 01. Add. Deptt. of Skt.
Jadavpur Univ. M. 09830911438. Spl. Ref.
Vyākaraṇa.
Mandalika, Laxminarasimha. Sāhitya vidyapravina, Sikshashastri. b. 11.07.1945,
Vijayanagar, (A.P.). Skt. Teacher. Gp Kollur
Laxmanamurti Sharma. Ps. 01. Add. S.D.S.H.
Pathashala, Simhachalam, Vishakhapatnam
(A.P.). Spl.Ref. Sāhitya.
Mangala, Mithileshkumari. M.A. (Skt.& Hindi).
b. 01.05.1949. Teacher. D.T.E.A. Senior
Secondary School, Lodhi Estate, New Delhi.
Ps. 01. Add. 1/10, DDA Flats, Madangir, New
Delhi – 110062. Spl.Ref. Sāhitya.
Mangalavede, Balacharya Bandacharya.
Bhushan in Kāvya, Purāṇa-pravin, Mahabhgavatacharya. b. 05.05.1903, Yajnakund,
Belgaum, KT. Rtd. Teacher. Gp. Pt.
Pradyumnacharya, Pt. Narasimhacharya. Add.
4747, Toraligali, Hubli – 20 (KT). Spl.Ref.
Sāhitya & Purāṇa.
Manilal, Kansara Narayan. M.A., Ph.D. b.
25.12.1932. Mehasana. Rtd. Prof. & Director
in Several Academic Institutions. Bks. 42. Ps.
176. Spl.Ref. Poet, President Awardee, His
poetry and musical concerts broadcasted from
A.I.R. several times.
Manilal, Sarmopadhyay. Acharya in Śuklayajurveda, Phalita Jyotiṣa, DharmaŚāstra, Ph.D.
b. 15.09.1959, Gulmi, Tramdhas, Nepal.
Teacher of Veda, Shri Nandlal Bajeriya Skt.
Mahavidyalaya, Asighat, Varansi. Gp
Vamshidhar Mishra, Bhagvatprasad Mishra,
Gopalchandra Mishra, Daulatram Gaud,
Veniram Gaud. Add. K/23/19, Dhudhvinayak,
Varanasi (U.P.). Spl.Ref. Śuklayajurveda,
Jyotiṣa, DharmaŚāstra.
Manoharlal, Maharaj. Madhyama. b.
05.08.1928, Mevansa, Jamnagar, GJ. Principal.
Gp. Trayambaka Ram Shastri. Add. Gita

141

Vidyalay, Varanasivishvanath Road, Jamnagar–
7 (GJ). Spl.Ref. Ṛgveda.
Manoj, V.R. Acharya in Vyākaraṇa, B.Ed., Ph.D.
b. 30.04.1973. Kottayam, Kerala. Dy. Director
Chinmay International Foundation Shodha
Sansthan. Gp. Peri Suryanarayan Shastri, Prof.
K.V. Ramakrishanamachayulu. Bks. 01.
Pūrṇimā : A Comentary on Ākhyātacandrikā
of Bhattamalla. Ps. 27. Add. Vallisserickal P.O.
Chittady Cotty Kottayam Distt. Kerala - 686524.
M. 09846626626. drvrmanoj@gmail.com Spl.
Ref. Vyākaraṇa.
Mansukharam, Amritlal. M.A., Ph.D. b.
10.03.1935, Dhambola, Dungarapur, RJ. Gp.
Prof. J.C. Jhala. Ps. 02. Add. B/22, Karuna
Apartment, Near Lavanya Society, Basan,
Ahmedabad (GJ). Spl.Ref. Sāhitya, Vyākaraṇa.
Manudev, Bandhu. Acharya in Vyākaraṇa, M.A.,
Siddhantasiromani, Ph.D.. b. 05.04.1958, Vill.
Pathargram, Gonda, (U.P.). Asst. Prof., Gurukul
Kangri University, Haridwar. Bks. 01.
Vedokhilo Dharmamūlam. Add. Bandhusadan,
Near Vanaprasthasharam, Arya Nagar, Kankhal
Road, Jwalapur, Haridwar (UK). Spl.Ref.
Vyākaraṇa.
Marasini,
Dadhiram.
śuklayajurveda,
Nyāya,Vedānta, Acharya in NavyaVyākaraṇa.
b. 1882. Vamruk, Arghatvachi, Nepal. Principal,
Harihar Skt. Pathshala, Khidimgram. Gp. Pt.
Parikshit Sharma, Sri Mohdutt Brahmchari.
Bks. 04. Śrī Rāmacaritāmṛtam, Sadupadeśa
Bhaktivilāsaḥ. Expired in Kashi. Spl.Ref. Poet
in Skt. and Nepali, śuklayajurveda.
Margshayan, Suryanarayan. śiromaṇi. b.
16.09.1912, Varagur, Tanjavur, T.N. Ps. 01.
Add. Shri Bala Sadanam, Near Railway Station,
Kazhakuttam, Tiruvananthapuram Kerala.
Spl.Ref. Vyākaraṇa &Vedānta Śāstra.
Marigant, Shrirangacharya. M.A., Vedāntavidvān. b. 16.02.1933, Bemulwad, Karimnagar
(A.P.). Asst. Prof., Nyāya. Gp G. Seshacharya
Swami, Sathakopa-ramanujacharya Swamipad.
Ps. 01. Add. 13.1.1/49, Hyderabad (A.P.).
Spl.Ref. Sāhitya & Nyāya.

