304



Colony, Thane, East – 03. Maharashtra. Spl.
Ref. Title of Aashukavi, Kavitamrit Sagar, Kavita
Sudhakar, Skt. Prachar Chatur.
Sriniwasan, N. Vidvat Uttama, Agam Praveen,
Agam Sarvajanik. b. 22.07.1968. Mailkotte,
KT. Secretary and Ghanpathi, Sri Yoga
Narsimha Skt. Pathshala, Mysore. Spl.Ref.
Veda, Agam, Vedānta, Manuscriptology. As
Asstt. Editor he edited Vishishtha Dwait
Vedānta in 10 Vol. and contributed towards
two vols. of Sri Bhashayam, He has also
transcribed 10 Upanishads in Skt. and
Kannada, He is associated in locating and
Collecting Palm Leaf manuscripts for Library
at academy of Skt. research Mailkotte. He
has also been acitively participating in the
IT enable research activities related to
Phonetics and natural Language processing
with Paninis base undertaking by academy
of Skt. research, Mailkotte. Maharshi Badrayan
Samman by President of India.
Srivatsankacharya, Vasudeva. Nyāyaśiromaṇi,
Vyākaraṇaśiromaṇi.
b.
27.03.1936.
Kanchipuram. Honourary Prof. French
Institute, Pondicherry. Bks. 14. Ps. 50. Spl.Ref.
NyāyaVyākaraṇa a, His working on Two
Projects on Vyākaraṇa a, President Awardee.
Subbarao, Keralapuram. Jyotiṣabhushan,
VidyAlaṅkāra, Daivajnabhushanamani. b.
30.10.1908, Keralapura, KT. Astrologer. Gp.
Ram Shastri. Add. P.T.I. Colony, Hasan –
573201 (KT.). Spl.Ref. Jyotiṣa & Veda.
Subbarayudu, K. B. Acharya, M.A., Ph.D. b.
01.06.1957. Peddamudiyam, Cuddapah, A.P.
Prof. in AdvaitaVedānta. Acting Registrar,
R.Sk.S., New Delhi. Gp. Diksha Guru Swami
Vidyanand Giri, Vidyaguru Prof. Sudhanshu
Shekhar Shastri. Sp. Rajesh Kumar, Dr. Ajit
Kumar, Dr. Nair, Dr. Francice Father, Swami
Sankarananda Saraswati, Dr. Steel Belock.
Bks. 05 Sarvadarśanasamanvayaḥ, Sadgurumahimāmṛtam, Śiṣyatrayam, Triśatī :
(Dakṣiṇāmūrti Suprabhātam, Maṅgalāśāsanam) Ps. 15. Add.. Rashtriya Sanskrit
Sansthan, 56-57, Inst. Area, D Block Janakpuri,

New Delhi – 58. M. 09868219390. Spl.Ref.
Vedānta Philosophy, Visiting Prof. MIU,
Harward Univ., 3 Gold Medals from BHU,
Vedavidya Nīdhi Award, WAVES, Florida, USA.
Subhash, Chandra. Acharya. b.30.09.1961,
Kamalpur, Jind, Haryana. Sanskrit Teacher.
Gp. Badri Narayan Pancholi, Chandra Kant
Dubey. Ps. 03. Add. Govt. Higher Secondary
School, Dharaudi, Jind Haryana. Spl.Ref.
Sāṅkya Yoga.
Subhash, Chandra. M.A., B.Ed., M.Phil.
b.20.03.1957. Teacher, Govt. Higher
Secondary School, Sultanpur, New Delhi. Ps.
03. Add. A-37, Kirti Nagar, New Delhi. Spl.Ref.
Sāhitya.
Subrahmanya Avadhani, Ramswami Avadhani
Matturu. Taittirīya Kṛṣṇa Yajurveda-karmanta,
DharmaŚāstravidwat. b.1922, Mattur,
Shimoga, KT. Gp. Sachchidanandendra
Saraswati, Advaitanandendra Saraswati. Add.
Krisivala, Mattur, Shimoga (KT.). Spl.Ref.
Dharma-Śāstra & Kṛṣṇayajurveda.
Subrahmanya, K.P. Sāhityaśiromaṇi. b.
12.02.1922. Gp. Anandnarayan Shastri,
Krishna Shastri. Add. 1/135, Alampallor,
Kollengode, Kerala. Spl.Ref. Sāhitya & Veda.
Subrahmanyam S. M.A. b.15.06.1955.
Dwarapati, East Godawari, A.P. Asst. Prof.
Gp. Subrahmanya Shastri, Suryanarayan
Shastri. Ps. 03. Add. 6-1-103/21, Telugu
University, Padmarayanagar, Secandrabad A.P.
Spl.Ref. Vyākaraṇa, Darśana, Alaṅkāra Śāstra.
Subrahmanyam V. M.A., M.Ed., Ph.D. b.
25.05.1978. Mehaboob Nagar, A.P. Ps. 03.
Add. Deputy Director, Sanskrit Academy.
Hydrabad. Ph. 040 – 27070281.
Subrahmanyam, Nistal. M.A. (Alaṅkāraa,
Vyākaraṇa , Darśanaa, Telugu,). Ph.D.
b.17.09.1953, Visakhapatnam. Bks. 28.
Rasānandam, Caitanyānandam, Srī Bālā
Tripura Sundarī Suprabhātamū, Kāvya
Mañjarī, Swayamvara Kalā Stotram (with
Telugu Comm.). Ps. 133. Add. 337. 02 No.
Line. Shri Bhava Narayana Swami. Pet.
Ponnur–522124. Guntur, A.P.

