
U.P. Principal, Shri Sarasvati Skt. Pathashala,
Dhivaha. Gp. Suresha-prasada Pathak,
Vanamali Pandey. Ps. 03. Add. 858, Gali No.
04, Nathupura, Burarai, Delhi-110084.. Spl.Ref.
Vyākaraṇa.
Pathak, Durga Datt. Acharya in Vyākaraṇa,
M.A. b.15.10.1922, Devatoli, Almora, U.P.
Rtd. Principal. Gp. Laxmidatt Pathak,
Dravyesha Jha, Ramalakhan Pathak. Ps. 03.
Add. Devatoli, Kemadi Devi, Almora, (U.P.).
Spl.Ref. Navya Vyākaraṇa.
Pathak, Girish Chandra. Acharya. b.05.03.1949,
Begusarai, Bihar. Principal. Ps. 04. Add.
Akshyavata Sanskrit Madhyamik Vidyalaya,
Navakothi, Begusarai (Bihar). Spl.Ref. Sāhitya.
Pathak, Indravadan Krishna Dev. Ph.D. b.
29.10.1947. Prof., Bhawans College, Dakor,
Kheda. Add. Near Purushottam Bhawan, Pujya
kumar Branch, Dakor, Kheda, (GJ). Spl.Ref.
Alaṅkāra Śāstra.
Pathak, Jagannath. Acharya in Sāhitya, M.A.
(Skt. & Hindi), Ph.D. b. 04.10.1934 Sasaram.
Rtd. Principal, R.Sk.S. Allahabad Campus.
Gp. Ramroop Pathak, Pt. Mahadev Shastri,
Siddheshwar Bhattacharya, Prof. Baldev
Upaddhyay. Bks. 10. Kāpīśayanī, Mṛdvīkā,
Pipāsā, Jahāṃgīravirūdāvalī. Vicaittī Vātāyanī.
Ps. 25. Add. Avas Vikas Colony, Jhunsi,
Allahabad. Spl.Ref. He is Awarded by Sāhitya
Academy for Kapishayni in 1981 & U.P Sanskrit
Academy Award, Lucknow. Famous Poet &
Critics. Well known writer of Arya metre.
President Awardee.
Pathak, Jayanarayan Ramakrishn. Tīrtha in
Kāvya & Vyākaraṇa, Ph.D. b.24.09.1925,
Baroda, GJ. Ps. 02. Add. Mehatapole,
Goraiwada, Baroda (GJ). Spl.Ref.Sāhitya,
Vyākaraṇa, DharmaŚāstra.
Pathak, Kaushal Kishore. b. Dhana, Sagar M.P.
Bks. 03. Hanumāna Sañjivanī Būtī, Japa-mālā,
Sūrya-Cālīsā, Śaniprabhava Jyotiṣa. Spl.Ref.
Many Articles published in Jyotiṣa Martanda
Magazine.
Pathak, Kishore Chandra Bhanu Shankar.

213

Ph.D. b. 01.03.1947. Prof., Kamani Science
& Pratap Rai Arts College, Vidhyavihar Amreli.
Ps. 02. Add. Padmapani, Mahadevpura, Balala,
(GJ). Spl.Ref. Alaṅkāra & Vyākaraṇa Śāstra.
Pathak, Kuber Nath. Acharya in Yajurveda
(Krishna & Shukla), M.A., Ph.D. b.15.10.1934,
Ekdanga, Deoria, (U.P.). Asst. Prof. Add.
Acharya Niwas, Flat No. 7, Sri Sampurnanand
Sanskrit University, Varanasi (U.P.). Spl.Ref.
Yajurveda.
Pathak, Madan Mohan. Ph.D., B.Ed.. b.
10.12.1968, Bihar. Asct. Prof. R.Sk.S., Garli
Campus. Bks. 03. Ps. 24. Add. C/o Dr. H.K.
Sharma, At./P.O. Garli – 177108, Dist. Kangra
(H.P.). Ph. 01979 – 245288. Spl.Ref. Editing
Jagannath Paṃcaṃgam & Bhaskaroday (Jrn.).
Pathak, Madhukar. Acharya in VedāntaVyākaraṇa. Ph.D. b. 12.09.1942, Varanasi,
(U.P.). Head of Vyākaraṇa Deptt. Gp
Ramprasad Tripathi, Chintamani Tripathi,
Narayan Dwivedi, Ramanuj Ojha, Vishvanathashastri Datar. Bks. 01. Pāṇiniyaśikṣāyāḥśikṣāntaraiḥ Saha Samīkṣā. Add. Shri
Ramdesik Skt. Mahavidyalaya, Daraganj,
Allahabad (U.P.). Spl.Ref. Vyākaraṇa, Vedānta.
Pathak, Madhusudan Madhavlal. M.A., Ph.D.
b.26.11.1930, Godhra, GJ. Gp. Asst. Prof.,
Govindlal Hargovind Bhatt, Dr. Shridhar. Bks.
01. Upamā in the Vālmīki Rāmāyaṇa (Eng.).
Add. L-2, Vikram Bagh, Pratapganj, Vadodara02. Spl.Ref. Sāhitya.
Pathak, Manish. M.A., Ph.D. b.19.08.1942,
Raipur, (M.P.). Asst. Prof. Ps. 05. Add. Govt.
Sanskrit College, Raipur (M.P.). Spl.Ref.
Vyākaraṇa.
Pathak, Manu Bhai J. Ph.D. b. 25.03.1945.
Prof., Arts & Commerce College, Balasinore,
Khedha. Ps. 03. Add. B/7 Vrindavan Society,
Balasinore, Kheda. Spl.Ref. Vedānta Śāstra.
Pathak, Marutinandan. M.A., Ph.D. Asct. Prof.
Ps. 02. Add. Deptt. of Sanskrit, Magadh
University, Bodh Gaya, Gaya (Bihar). Spl.Ref.
Sāhitya & Darśana.

