246



Society, Elic Bridge, Ahmedabad – 380006.
Spl.Ref. Vedānta, Bhasha Śāstra.
Shaikh, Rafik Bhai Mohammad Bhai. Ph.D.
b.30.07.1968. Prof., Shri K.R. Desai Arts &
Commerce College, Jhalod, Dahod. Ps. 03.
Add. Shikari Phaniya, Santrampur, Panchmahal(GJ). Spl.Ref. Vedānta.
Shaildiya, Balu Bhai Mohan Bhai. Ph.D.
b.15.03.1952. Prof., Shri G. Bilakhiya College
of Arts & Commerce, Banda, Ambreli. Ps. 03.
Add. Banda, Savarkundla, Ambreli. Spl.Ref.
Alaṅkāra Śāstra & Purāṇaa.
Shakta, Kirti Vallabh. Ph.D. b. 02.06.1954.
Champavat. Teacher. Bks. 01. Rāṣtram Bhavati
Sarvasvam. Ps. 02. Add. Sharada Jyotir Bhavan,
Mandalaka, Champavat. (U.K.).
Shalihas, Ramesh Chandra. Sāhityacharya.
b.25.07.1925. Sirsa. Bks. 05. Śyāmgitañjalī,
Syāmamahimnaḥstavaḥ, Satyasaptaka, Maruddūtam, Mālavīyaśatakam.
Shamasundara, A. M.A. b.15.06.1977.
Bukkapattan,Tumkur. Asst. Prof. Ps. 03. Add.
U. Palachandra of Sanskrit College, Menase,
Sringeri, KT.
Shanbhag, Dayanand Narasingh. M.A., Ph.D.
b. 08.11.1933. Kumta, UK. Rtd. Prof. & HOD,
Karnataka Univ. Bks. 06. Spl.Ref. Founder
of Skt. Shodh Sansthan to promote Higher
Studies in Skt., Presently he is associated with
various academic institutions, President
Awardee.
Shandilya, H. A. M.A. b.14.02.1927, Shikarpur,
Sindha Pakistan. Secretory, Sindhu Education
Society, Mumbai. Bks. 03. Yātrā Prasaṃgīyam,
Kāmadūtam, Ṛtuvarṇanam. Spl.Ref. Founder
of 3 Jonior College and 6 High School in
Ulhas Nagar.
Shandilya, Ramchandra Ambikadutt. B.A.,
B.T., MBBS. b. 15.02.1927. Shikarpur, Sindh.
Rtd. Principal. Bks. 05. Yātrāprasṅgīyam,
Kāmadūtam, Cacavanshamahākāvyam. Add.
1451/1 Section 31 A, Ullasnagar – 04. Thane.
Spl. Ref. Karamkand, Jyotiṣa, āyurveda, Title
of Jyotiṣa-Maharathi-Doctor of Tantralogi,

Sindhi Samajh Ratan, Founder of Sindhi
Bhasha Prachar Samiti, President of Sindhu
Sanskrit Prachar Samiti.
Shankhadhara, Rama Kripalu. Acharya
(Vyākaraṇa, Jyotiṣa), M.A. b.01.06.1937,
Basara, Pilibhit, (U.P.). Asst. Prof. in
Vyākaraṇa. Gp.
Ramaraya Tripathi,
Kandanatha Mishra. Ps. 03. Add. Shri Shiv
Sankatharanadarash Sanskrit Maha-vidyalaya,
Sakaha, Hardoi (U.P.). Spl.Ref. Vyākaraṇa
& Jyotiṣa.
Shantipriya Devi. M.A., M.Phil., Ph.D. b.
04.04.1965, Raj Ranapure. Puri (Orissa). P.T.
Lect. Utkal Univ.. Bks. 01. Ps. 07. Add. C/o
Dr. Subash Chandra Dash. Skt. Dept.. Utkal
Univ.. Vanivihar. Bhubaneshwar - 751004.
Ph. (R) 583303. (O) 582315.
Shapriya, Amarshi Bhai Nathu Bhai. Ph.D.
b.23.11.1944. Prof. Shri N.P. Arts & Commerce
College, Akshay Nath Hospital Road, Kesod.
Ps. 03. Add. Shivam 110, Sarvodaya Society,
Garbi Chauk, Arodrum Road Kesod, Junagarh
(GJ). Spl.Ref. Alaṅkāra Śāstra.
Sharma, Jawahar Lal. HOD, Vidya Niketan,
Pilani (Rj.). Bks. Itihāso vartate, Niṣkrānti,
Sūtradvayam, Saptapadī.
Sharma, Subrahmanya Nagraj. Ph.D. b.
10.07.1930,
Madras,
T.N.
Gp.
K.
Balasubrahmanya Shastri. Ps. 02. Add. No.3,
N.K. Rajapuram, Madras, T.N. Spl.Ref. Darśana
Śāstra.
Sharma, Akhilanand. b. Badayun, U.P. Bks.
01. Dayānandadigvijayam.
Sharma, Alpana. M.A., B.Ed., Ph.D.
b.18.12.1970. Kota (RJ). Asst. Prof., Banasthali.
Bks. 01. A Comprative Study of Politics in
Vedic or Pauranic Litreture. Add. C/o Mr.
Ramakant Dwivedi, H.No. 139, Deendayal
Co. Niwai [Tonk], RJ.
Sharma, Ambika Datta. M.A., Ph.D. b.
01.01.1960. Jharkhand. Prof., H.S. Gour Univ.,
Sagar (M.P.) Bks. 07. Samekita Dārśanika
Vimarśa (05), Samekita Advaita Vimarśa (05),
Bhāratīya Darśana ke 50 Varṣa (06), Bauddha

