
Kottayam, Kerala. Research Scholar. Ps.01.
Add. Kollaparampil, Kizhatatiyur, Pala Kottyam
(Kerala). Spl.Ref. Sāhitya.
Madhusudan, Penna. M.A., M.Phil., Ph.D. b.
26.04.1966. Hyderabad, A.P. Bks. 05.
Yogasūtrasāra, Tarkabhāṣā, Mudgala Carita
Nā-aka, ādhyātma Rāmāyaṇa, Rāhula
Sāṅkṛtyāyana Bibliographay in Saṃskṛta Verse.
Ps. 07. Add. C/o Dr. V.D. Kulkarni Opp.
Dhanvantari Hospital, Kharetown, Dharampath, Nagpur– 440010, MH. Ph. (0919) 55549.
Madhyastha, Neerchal Narayan. Sāhityaśiromaṇi, Kaanad Vidvat, Rashtra Bhasha
Praveen, Dipl. in Language Teaching. b.
10.01.1930. Karnataka. Rtd. Lecturer Nirmala
Balika Praudh Shala. Bks. 08. Cā-uciñcāphalāni,
Kāle Varṣti Parjanyaḥ, Aśvāṇ©apurāṇam. Add.
27/1 (2) Vinoba Nagar, Jog Road, Sagar.
Shimoga – 01. Karnataka. Spl. Ref. Poetry
in Skt., Hindi, Kannad.
Magotra, Kailash Datt. M.A.. b. 09.11.1952,
Yoga Teacher, Govt. Senior Secondary Boys
School, Link Road, Karol Bag, New Delhi.
Ps.01. Add. 51/13, Kabul Line, Cantt., New
Delhi – 10. Spl.Ref. Yoga.
Mahabala, Bhatt. D. Skt. śiromaṇi, Vidvat
(Kannad). b. 16.02.1925, Kasaragode, Kerala.
Rtd. Asst. Prof. Ps.02. Add. Volumpur Bela,
Kumba, Kasaragode (Kerala). Spl.Ref. Sāhitya,
KannadaSāhitya.
Mahadev, Dhanushkar. Acharya in Jainadarśana, Sāhitya, āyurveda. b. 11.11.1942,
Sabalpur, Amaravati, MH. Prof., Head, Dept.
of Jain Philsophy. Gp Chainsukhadasa ji
Nyāyatirth, Damodaracharya. Add. Shri
Digambar Jain Acharya Skt. Mahavidyalaya,
Jaipur (RJ). Spl.Ref. JainDarśana, Sāhitya &
Ayurveda.
Mahajan, Sushma. M.A., B.Ed. b. 18.08.1952.
Teacher, Govt. Higher Secondary Girls, School,
Chand Nagar, Delhi. Ps.01. Add. B-3, Moti
Nagar, New Delhi. Spl.Ref. Sāhitya Śāstra.
Mahant, Rajendra. Vyākaraṇa -Shastri, b.
16.11.1950. Mahtali (Darrang). Bks. 01.

137

Abhibhāṣaṇa of Anderīghā-a Sāhitya Sabhā.
Asst. Teacher, Andherighat High School. Add:
Vill. Mahtili, P.O. Andherighat, Dist. Darrang,
Assam. Ph. 09854224837.
Mahapatra, Baikoli. Acharya in Jyotiṣa. b. 1908,
Balukeshwarapura Shasana, Khallikote,
Ganjam, Orissa. Govt. Service. Ganjam, Orissa.
Bks. 10. Jyotiṣaratnāvalī, Jātakadarpaṇaḥ,
Bṛhajjātakaphaladīpikā, Nityakarmadarpaṇaḥ,
Camatkāracintāmaṇiḥ. Expired on 11.12.1977.
Mahapatra, Bishnupad. Acharya (Navya Nyāya
Sarva Darśana), Ph.D. b. 25.11.1970. Sr. Lect.
LBS Rashtriya Skt. Vidyapeetha. Gp. Prof.
Vashistha Tripathi, Prof Rajaram Shukla, Prof.
Rampujan Pandey. Sp. Kuldeep Kumar Sehgal,
Vinayak Bhatt, Anant Ram. Bks. 03.
Śabdaśaktisamīkṣaṇam, Tarkāmṛtam(ed). Ps.
32. Add. 918-B, Flat No. 06, Ward No. 07,
Sanskar Aptt. Mehrauli New Delhi - 110030.
Ph. 011-26645981, M. 09911256500. Spl. Ref.
Navya Nyāya & Sarva Darśana, Visiting fellow
SJSV, Puri 2010.
Mahapatra, Digambar. M.A., B.Ed., Rashtra
Bhasha Ratan, Acharya. b. 05.01.1928,
Purunapani, Baideshwar, Cuttack. Bks. 16.
Surendracarita Mahākāvyam, Vyāsataraṅgam,
Mānasa-sandeśam, Raṅgaruciram, Bhāvātītadhyānayogaḥ. Ps. 08. Add: A – 399, Koel Nagar,
Rourkela – 769014. Orissa. Ph. (0661) 570682.
Spl. Ref. President Awardee, Śāstra Chudamani
Scholar, Honoured by Odissa Skt. Academy
Holland, Russia
Mahapatra, Keshav Chandra. M.A., Ph.D. b.
22.06.1968. Jajpur, Orissa. Asct. Prof.,
Narendra Nath Sanskrit Mahavidyalaya,
Balasur, Orissa. Bks. 02. Kavitāñjaliḥ,
Vibhāvarī. Spl.Ref. Poet.
Mahapatra, Kishor Chandra. Acharya in
DharmaŚāstra & Sāhitya, V.Varidhi,
V.Vachaspati. b. 19.12.1951. Prof. in DharmaŚāstra. Bks.03. Cayanapradīpa, Dāyabhaga
Samīkṣā, O©iyā Samskṛta Dictionary, Nirṇaya
Sindhu Samīkṣā Yājñavalkya Samīkṣā. Add.
Sri Jagannath Viswvidyalaya, Puri (Orissa).
Spl.Ref. DharmaŚāstra.

