
U.P.. Asst. Prof., Vyākaraṇa Dept.. Gp. Pt.
Muralidhar Mishra, Pt. Ramprasad Tripathi.
Bks. 02. Prakriyā Kaumudī Vimarśa,
Vaiyākaraṇa Bhūṣaṇasāra with sāvitri (Hindi
explanation). Ps. 01. Add. A/2, Acharya Niwas,
S.S.V.V. (U.P.). Spl.Ref. Vyākaraṇa , Sāhitya.
Mishra, Ajay Kumar. M.A., M.Phil., Ph.D. b.
04.04.1968, Hajipur (Vaishali), Bihar. Asst.
Prof., Distance Education. Gp. Prof. B. M.
Chaturvedi, Prof. Manjushri. Bks. 05.
Uttarādhunikatā aura Saṃskṛta Kavitā,
Mathurāprasāda
Dīkṣita
ke
nā-aka,
Bharatavijaya Nā-aka : svatantratā saṅgrāma
kā samājaśāstra. Ps. 89. Add. Rashtriy Sanskrit
Sansthan, 56-57, Institutional Area, Janakpuri,
New Delhi– 110 058. Spl.Ref. Kāvya Śāstra
and Nā-ya Śāstra, President Awardee
(Maharshi Badarayana Vyas Samman – 2005),
Govt. of India. Literary criticism (Brief And
detail review more than 600 books on various
disc. Of Sanskrit). Member of Editorial board
Quarterly Sanskrit Journal on dramatrology
and Aesthetics Nā-YAM. Email: ajaykmishra68@gmail.com, mob. 09968303243.
Mishra, Anand Kumar. M.A., Ph.D. b.
25.07.1962. Teacher, Maharishi University.
Ps. 01. Add. Maharishi Nagar, Ghaziabad (U.P.)
Mishra, Anandmurti. Acharya, M.A. b.
01.08.1954, Kalyanpur, Rohtas, Bihar. Bks.
03. Śrī Sampradāya, Yatīndramatadīpikā
(Hindi trns.), Pratāpavijaya (Skt. Comm. &
Hindi trns.). Add. Shri Hanumat Skt.
Mahavidyalay, Hanuman Garhi, Ayodhya,
Faizabad (U.P.). Spl.Ref. Viśiṣ-ādvaita-Vedānta.
Mishra, Anantram. b. 1956. Prof., Deptt. of
Hindi, Kengoars Nehru PG College, Khiri, U.P.
Bks. 01. Dogdhakaśatakam.
Mishra, Aniruddha. Acharya in Vyākaraṇa.
b. 1910, Makrampur, Bihar. Director,
Aniruddha Jnanapitham, Kanada Nagar,
Makaram Puram. Gp. Pt. Satyadev Jha, Pt.
Dirgha Narayan Jha. Ps. 01. Add. Anirudha
Gyanpeetham, Pandit Niketanam, Kanad
Nagar, Makrampur, Ramauli (Bahera),
Darbhanga Dist. (Bihar). Spl.Ref. Vyākaraṇa.

145

Mishra, Annapurna. M.A., Ph.D. Acharya Skt.
Vachaspati b. 16.02.1937. Rtd. Principal
Gokuldass Hindu Girls PG College Muradabad
UP. Bks. 02. Vaidikavāṅmaya me Rāṣ-rīya Ekatā
evam Akhaṇ©atā. Ps. 10. Add. 6A Rly. Board
of Officers Colony Sarojini Nagar, New Delhi110023. M. 09760006231. sharmaanu
shree7@gmail.com
Mishra, Aparajita. M.A., Ph.D. b. 01.07.1977,
Allahabad. Asst. Prof., Ganganath Jha Campus,
Allahabad. Bks.04. Dhruvacaritam(Ed.),
Rāmavilāsa-kāvyam(Ed.), Gopālavivekaḥ(Ed.),
Vilāsa-ratnamālā(Ed.) Ps. 08. Add. 742/2/
94 Ramanand Nagar, Allapur, Allahabad. Ph.
9453137308.
Mishra, Arjun. Acharya in āyurveda. b. 1853,
Hoshiyarpur, Panjab. Sp. Shyam-sundaracharya, Pt. Nanakchandra Sharma, Pt.
Lalchandra Vaidya. Expired in 1921. Spl.Ref..
Established
‘Ayurvedvidya
Pramodini
Pathshala’ in 1917 at Varanasi. He donated
all property for Arjun Aayurved Vidyalay,
Varanasi.
Mishra, Arun Kumar. Ph.D. b. 02.01.1969.
Prof. R.M.Patel Arts & Commerce College,
Nawavadaj, Ahemdabad. Ps. 01. Add. T -306,
Vishvash City–2, Chanakya Puri, Ghatlodia,
Ahemdabad. Spl.Ref. Vyākaraṇa Śāstra.
Mishra, Ashok Kumar. Acharya in Sāhitya.
b. 15.04.1962, Anand Nagar, Bagaha, Bihar.
Gp. Ramnath Tripathi, Hare Ram Tripathi,
Siyaram Mishra etc. Ps. 02. Add. C.K. 13/
30, Satti Chauraha, Varanasi (U.P.). Spl.Ref.
Sāhitya.
Mishra, Ashutosh. M.A., Acharya in
Purāṇetihāsa, Shiksha Shastri, Ph.D. b.
17.07.1958. Bhadohi. Upacharya Deptt of
Purāṇaetihas Sampoornand Skt. VV. Gp. Prof.
Parasnath Dwivedi Bks. 05. Paurāṇika
Vanśānucaritam,
Rāmakathāmañjarī,
Bhāratasya Sānskṛtika Nidhi, Kalkipurāṇa,
Kapilapurāṇa. Ps. 45. Add. Deptt of Purāṇaetishas Sampoornand Skt. VV Varanasi. M.
09415375695. Spl. Ref. Purāṇetihāsa.

