
Śrīgāndhigauravam (MahaKāvya). Expired
27.06.1975. Spl.Ref. Honour from U.P. Govt.,
Founder Deshbandhu Aushadhalaya, Sāhitya
and Āyurveda.
Tripathi, Shrikant Mani. Acharya in Vyākaraṇa
& Sāhitya. b.1892, Bhithan, Gorakhpur, U.P.
Gp. M. M. Pt. Damodar Shastri Bhardwaj,
Pt. Rambhuwan Upadhyay, Pt. Deviprasad
Shukla, Dr. Aurther Venis. Bks.08. Bālagītam,
Kavitākalāpaḥ,
Śrīkānta-kavitākalāpaḥ,
Vaṃśagāthā, Pari-devanā. Expired in 1949.
Tripathi, Sneh Prabha. Acharya. b.07.09.1945,
Bhitari, Sidhi, M.P. Asst. Prof. Gp. Dr. Bhagirath
Prasad Mishra. Ps. 03. Add. Govt. Sanskrit
College, Rewa M.P. Spl.Ref. Sāhitya.
Tripathi, Sudhakaracharya. M.A., D.Phil. b.
03.11.1945, Pandar, Allahabad, U.P. Prof.
& Head, C.C.S. Univ., Meerut (U.P.) Bks. 07.
¿rmilam, Pratīkam, Gītamādhurī Saṅgaram
Ps. 50. Add. Department of Sanskrit, C.C.S.
University, Meerut (U.P.)
Tripathi, Surendra Narayan. Acharya in
Vyākaraṇa , M.A., Ph.D. b.01.08.1928. Asct.
Prof., Sanskrit Deptt. Rajdhani College, New
Delhi. Ps. 03. Add. R-74, Vani Vihar, Uttam
Nagar, New Delhi. Spl.Ref. President Awardee.
Tripathi, Tarakeshvar. Acharya in Jyotiṣaa.
b.07.12.1919, Bhojpur, Bihar. Principal, Bihar
Sanskrit College. Gp. Balakrishna Jha. Ps. 05.
Add. Birwanpur, Bhagatpur (Bihar).
Tripathi, Tirtharaj. M.A., Ph.D., Acharya.
(Navya Vyākaraṇa , Sāṅkyayoga) Asst. Prof.,
M. V. Mahavidyalaya, New Delhi. Ps. 03. Add.
H-6/141, Malaviya Nagar, New Delhi–110017.
Tripathi, Triyugi Narayana. Acharya in
Vyākaraṇa. b.05.08.1960, Hanumangarhi,
Faizabad, U.P. Asstt. Head of Deptt. Ps. 03.
Add. Shri Hanuman Sanskrit Maha-vidyalaya,
Nirmani Akhara, Ayodhya(U.P)
Tripathi, Uma Pati. Acharya in Vyākaraṇa &
Sāhitya. b.15.08.1931, Sahabpur, Pratapgarh
(U.P.). Principal, Shri Dharma Jnanopadesh
Sanskrit Mahavidyalaya, Allahabad. Ps. 05.
Add. 191, C-06, Lava Kush Colony, Himmat

331

Ganj, Allahabad (U.P.). Spl.Ref. Vyākaraṇa
& Sāhitya.
Tripathi, Uma Rani. b.07.06.1959. Allahabad,
Prof., M. G. Varanasi Vidyapeeth, Varanasi,
(U.P.) Gp. Prof. S.C. Srivastava, Prof. S.C.
Panda, Prof. Rajendra Mishra. Bks.02. Mahā
Kavī Kālidāsa kī Dārśanikatā, Gītā
Sarvasvam(ed.). Ps. 18. Add. 538 K/461,
Tulasipuram, TriveniNagar, Phase–I, Lucknow.
Tripathi, Uma Shankar. M.A., Acharya in
Sāhitya. b.1922, Deoria, Asst. Prof., Varanasi.
Gp. Ram Naresh Mani Tripathi. Bks.13.
Chatrapaticaritam, Umara-khayyāmabhāratī,
Sūktāmṛtam, Ahaṃ Rāśtrī, Bhāratīgītam.
Expired in 1982.
Tripathi, Umarani. M.A., D.Phil. b. 07.06.1959.
Allahabad. Prof., Skt. Deptt., MG Kashi
Vidyapeetha, Varanasi. Gp. Prof. Rajendra
Mishra, Prof. S.C. Srivastava. Bks. 02. Mahākavi
Kālidasa kī Dārśanikatā, Gītā Sarvasvam,
Saṅgītakam. Ps. 60. Add. Skt. Deptt., MG Kashi
Vidyapeetha, Varanasi. M. 09839397093. Spl.
Ref. Sāhitya.
Tripathi, Upendra Kumar. Acharya, Ph.D. b.
29.09.1978. Gopalganj. Asstt. Prof., Deptt.
of Veda, SVDV, BHU. Bks. 01. Yajurveda me
Paryāvaraṇa. Add. Ved-bhavanam B-1/150
E-1 Assi, Varanasi-05. Ph. 0542-2366715. M.
09452563991. Email dr.upendrabhu@
gmail.com Spl. Ref. Veda, Ved Pandit Award
by UP Skt. Sanshtan.
Tripathi, Vachaspati Sharma. M.A., Ph.D.
b.09.09.1943, Takkipur (Bihar). Prof. & HOD.
(DharmŚāstra), K.D.S. Sanskrit Univ.,
Darbhanga, Bihar. Bks.01. Prācīna Bhārata
kī Daṇda-Vyavasthā. Ps. 10. Add. K.S.D.
Sanskrit University, Darbhanga.
Tripathi, Vashishth. Acharya in NavyaNyāya.
b.15.10.1940. Prof., S.S.V., Varanasi, U.P.
Gp. Pt. Vamacharan Bhattacharya, Vadrinath
Shukla. Sp. Rampujan Pandey, Piyushkant
Dixit, Hareram Tripathi. Bks. 03. Ps. 10. Add.
Rampur Shukla, Pathardeva, Deoria, U.P.
Spl.Ref. President Awardee, International
Himadri Award.

