104



Manikchowk, Bihar. Gp. Baladeva Jha,
Ravinatha Thakura. Principal. Add. Veetha
Suryapur Skt. Mahavidyalaya, Surat (Gujarat).
Spl.Ref. Vyākaraṇa. Kāvya.
Jha, Dayanath. Bks. 01. Vimaṇ©ala
Vakravicāraḥ. Expired in 1965. Spl.Ref.
Vimandal Vakravicharah Pub. By. Mithila
Shodha Sansthan, Darbhanga. Bihar.
Jha, Dev Narayan. Acaharya (Sāhitya,
Vyākaraṇa) M.A., Ph.D. b. 12.01.1952.
Sitamadhi Bihar. Prof., KS Sanskrit V.V.
Darbhanga. Gp. Pattabhirama Shastri, Prof.
Dvijendranatha Mishra, Batukanatha Shastri.
Bks. 01. Vājapeyīśatakam. Ps. 40. Add.
Darbhanga Skt. Vishvavidyalaya, Darbhanga
(Bihar). Spl.Ref. Vyākaraṇa, Sāhitya.
Jha, Devananda. Acharya in Jyotiṣa, Sāhitya.
b. 15.10.1921, Nagvasa, Bihar. Rtd. Asst. Prof.
Gp. Genalal Chaudhari, Mukunda Shastri. Bks.
01. Bṛhat Pārāśara horā. Add. Binodanand
Nagar, Madhubani (Bihar). Spl.Ref. Jyotiṣa,
Sāhitya.
Jha, Dhairya Narayan. Acharya in Vyākaraṇa.
b. 03.02.1956, Ladaur, Bihar. H.o.D. of
Vyākaraṇa. Shri Bilveshvara Skt. Mahavidyalaya, Meerut. Gp. Jiveshvar Jha,
Trilokadhar Dwivedi, Pt. Devanarayan Tripathi.
Ps. 02. Add. 1/89, Shastri Nagar, Meerut (U.P.).
Spl.Ref. Vyākaraṇa.
Jha, Dhairya Nath. Acharya, M.A., Sāhityaratna.
b. 17.08.1916, Darbhanga, Bihar. Teacher.
Gp. Mahesha Jha, Chandrashekhara Shastri.
Add. Vill. Rathi, Darbhanga (Bihar). Spl.Ref.
Sāhitya.
Jha, Dhanindra Kumar. Acharaya Vidyavaridhi.
b 11-06-1963 Muzaffar Pur. Asct. Prof. RSKS
Lucknow. Gp. Acharaya Parasnath Dwivedi,
Acharaya Ramyatana Shukla, Pandit
Ramprasad Tripathi, Pandit Raghunath
Sharma. Sp. Dr. Narendra Kumar, Dr.
Dhananjay Shukla. Bks. 02 Śrī Śivadharma
Mahāśāstram, Pārāśarasaṃhitā Ps 9. Add. 1/
240 Virat Khand Gomati Nagar, Lucknow –
226010. Ph. 05222300320 M 9450501036.
Email. dhaneendrajha@gmail.com

Jha, Dhirendra Kumar. Acharya in Sāhitya,
Sikshashastri. b. 25.11.1960. T.G.T. Add. C44-A, Nanhe Park, Near Matiyala, Uttam Nagar,
New Delhi – 110059. Spl.Ref. Sāhitya.
Jha, Digambar. Acharya. b. 15.08.1924,
Mahinathapur, Madhubani. Bihar. Gp. Jagadish
Jha, Ishvarinatha Jha, Yadupati Mishra. Add.
Mahinathpur, Basopatti, Madhubani (Bihar).
Spl.Ref. Nyāya Darśana.
Jha, Dilip Kumar. Acharya (DharmŚāstra,
Gaṇita & Phalita Jyotiṣa, Sāhitya),M.A., Ph.D,
D.Litt. b.26.10.1966, Darbhanga. Asct. Prof.
KSDS Univ. Darbhanga. Gp Lakshminath Jha,
Braj Kishor Jha, Prof. Shivkant Jha, Prof.
Ramchandra Jha Sp Kartik Kumar, Brijesh
Kumar Jha, Govind Jha. Bks. 2, Jyotirvijñānasya Prāsaṅgikatā Ps 16 Add. –
Kameshwer Singh Darbhanga Skt. Univ.
Darbhanga- 846008 Bihar. M 09835129528,
09430772872 Spl.Ref. Jyotiṣa, Nepal visit.
Jha, Dular. Acharya in Nyāya. b.Seetamahi,
Mithila. Pradhanpandit, Shrikant Pandey
Pathshla, Panditpur. Gp. Pt. Sarvabhouma
Bhattacharya. Sp.Pt.Chandiprasad Shukla.
Spl.Ref. Famous in Nyāya.
Jha, Gangadhar. M.A., Ph.D. b. 07.06.1952.
Sudai, Ratouli, Mithila. Ps. 01. Add. Skt.
Maithili Bhawanam. Dighi, West Darbhanga.
Ph. (06272) 30261.
Jha, Ganganath. b. 1871. Vice Chancellor,
Allahabad Univ. Bks. Khadyota (Ṭīkā),
Mīmāṃsānukramaṇikā (Maṇdana Commentary). Expired in 1941. Spl.Ref. He was famous
scholar of English and Sanskrit literature.
Jha, Ganganatha. ‘Bujhnuk’. M.A., Ph.D. b.
18.08.1938, Bitho, Madhubani, Bihar.
Principal, Nandan Sanskrit Mahavidyalaya,
Isahapur, Madhubani. Add. Vill. Bitho,
Sarisabpahi, Madhubani (Bihar). Spl.Ref.
Vyākaraṇa, Sāhitya.
Jha, Girish Kumar. Acharya, M.A., Ph.D. b
-01.01.1953, Saharsha, Bihar. Asct. Prof. Dept.
of Skt. Patna Univ. Gp Pandit Shri Krishna
Jha, Pt. Shobha Kant Jha, Pt. Babu Mishra,

