100



Jain, Vijay Kumar. Acharya, Ph.D. b. 01.07.
1956. Asst. Prof. Add. Deptt. of Buddhism,
Kendriya Sanskrit Vidhyapeeth, Aliganj,
Lucknow U.P. Spl.Ref. Darśana Śāstra.
Jain, Vina. M.A., M.Ed. b.19.11.1949. Teacher,
Shri Mahaveer Vishvavidhyapith. Add. A-1/
366, Paschim Vihar, New Delhi. Spl.Ref.
Sāhitya, Shiksha.
Jain, Yogesh Kumar. Acharya in Jaina Darśana,
B.Ed., NET (JRF), Ph.D. b. 04.07.1978. Bara,
Sagar, M.P. Asst. Prof. Jain Vishva Bharati,
University Ladnun, Nagaur, RJ. Bks. 01.
Jñānanidhi. Ps. 05. Add. Jain Vishva Bharati
University Campus, SC-1, Ladnun, Nagaur,
RJ. Ph. 09413142180.
Jaiprakash. M.A., B.Ed.. b. 02.07.1938.
Bhasadhyapaka (Language Teacher). Add.
H.No. 201/17, Adarsha Mohalla, Maujpur,
New Delhi – 110053.
Jaiswal, Suneeta. M.A. Sangeet Prabhakar
(Tabla, Kathak Dance) M.Phil., D.C.A., Ph.D
b .08.02.1968 HOD & Asct. Proff. Govt. P.G
Degree College, Chandauli, U.P.,Bks 5 Ps 30
Add. HIG 1, ADA Colony, Allahabad -211003.
Ph. 05413222653 M .09450179636,
Jaiswal, Sunita. M.A., D.Phil. b. 08.02.1968,
Gorakhpur U.P. Asct.Prof. & HOD Govt. P.G.
Degree College Chakia, Chandauli U.P. Bks.
05. Nītiśatakam, Kumāra-sambhavam,
Iśāvāsyopaniṣad, Sāhitya ke Nā-yaśāstrīya
Pāribhāṣika Śabda. Add. H.I.G. B-01, A.D.A.
Colony New Jhunsi Allahabad U.P. 211003.
Jalaj, Jay Kumar. M.A., Ph.D. B. 02.10.1934.
Lalitpur, U.P. Asst. Prof. Allahabad Univ. U.P.
Bks. 28. Saṃskṛta Nā-yaśāstra– Eka
Punarvicāra (śodha Aura Samīkṣā), Dhvani
Aura Dhvanigrāmaśāstra (Bhāṣāśāstra),
Saṃskṛta Aura Hindī Nā-aka–Racanā Evaṃ
Raṅgakarma, Aitihāsika Bhāṣā Vijñāna,
Bhagavāna Mahāvīra Kā Buniyādī cintana.
Ps. 20. Spl.Ref. ‘Kamta Prasad Guru’-1967,
‘Akhil Bhartiy Vishvnath’-1967 & ‘Bhoja’
Awards by M.P. Govt., Sāhitya Sarsvat Samman
by Hindi Sāhitya Sammelan, Pryag U.P. Many
texts are translated from Sanskrit, Prakrit

& Apabhransh to Hindi. One popular book
named ‘Bhagavāna Mahāvīra Kā Buniyādī
cintana’ translated in several Indian languages.
Jalali, Ramnika. M.A., Ph.D. b. 11.07.1955.
Srinagar, Kashmir. Bks. 02. Indian Woman
in The Smṛtis, Legal Status of Woman. Ps.
37. Add. C/o Univ. girls Hostel (New), Univ.
of Jammu, Jammu Tawi. Ph. 452628.
Jamindar, P.C. M.A.. b. 01.06.1953, Atmakuru,
Kurnool, A.P. Asst. Prof. Add. Junior College,
Cuddapah – 516001 (A.P). Spl.Ref. Sāhitya.
Janardanan, T.V.. M.A., M.Phil, Ph.D.. b.
28.05.1961, Nileshwaram, Kozhikode, Kerala.
Asst. Prof. Gp. M.S. Menon, N.V.P. Unnithiri.
Add. Vadakara, Nileshwaram, Kotuveli,
Kozhikode Dist. (Kerala). Spl.Ref. Sāhitya.
Jani, Arunodaya Natvar Lal. Ph.D.
b.20.11.1921. Prof. Prachya Vidhya Mandir
M.S. University Varodara. Add. Panini 303
Sungrass Appartment 18-A, Pratapganj
Varodara. Spl.Ref. Vyākaraṇa, Sāhitya,
Vedānta, Alaṅkāra, Tantra Śāstra.
Jani, Harshadev Mansukhlal “Madhav”. M.A.,
B.Ed. b. 20.10.1954, Bhavnagar, Gujrat.
Teacher. Bks. Lavārasa, Svapnam(Kāvya). Add.
Kasturba Gandhi Higher Secondary School,
Narayan Nagar Marg, Paldi, Ahemdabad,
Gujrat. Spl.Ref. Sāhitya Śāstra.
Jani, Harshvadan Bhai Mansukh Lal. Ph.D.
b. 20.10.1954. Prof. H.K. Arts College,
Navrangpura, Ahemdabad. Add. A-12
Heeramoti tenaments, Near Siddhi Complex,
Chandkheda, Distt. GandhiNagar. Spl.Ref.
Alaṅkāra Śāstra.
Jani, Jayadev Arunoday. Acharya in Sāhitya,
M.A., Ph.D. b. 05.02.1951, Baroda, Gujarat.
Gp. Arunodaya Jani, Prof. Surendrachandra
Kamtevala, Vidyabhaskara, Manishankara
Upadhyaya. Bks. 01. Naiṣadhacarita Kāvyasya
Caṇdū Paṇ©ita kṛta Ṭīkā (Ed.). Add. 29, Tulasi
Society, Vaghodiya Road, Baroda (Gujarat).
Spl.Ref. Sāhitya.
Jani, Mahesh Mulshankar. Ph.D. b.07.08.1959.
Prof. Shri D.V. Rawal Arts & Commerce College

