322



Tripathi, Gopal Datt. Acharya in Sāhitya.
b.02.12.1955, Champhi, U.P. Principal. Gp.
Madan Narayan Tripathi, Ramakrishna
Sharma, Dr. Harinarayan Shikshita, Dr.
Damodararam Tripathi. Ps. 03. Add. Shri
Sanatan Dharma Sanskrit Mahavidyalaya.
Haldwani. Nainital (U.K.). Spl.Ref. Sāhitya.
Tripathi, Hadabandhu. Acharya in Jyotiṣa.
b.19.06.1919. Dayanidhipur, Ganjam, Orissa.
Teacher, Publisher of Panchanga. Ganjam,
Orissa. Bks.03. Viśvaśānti-mahāyajñaPaddhatiḥ(ed.), Sāmaveda-vratam(ed.).
Vivāhapaddhatiḥ(ed.). Expired on 30.06.2001.
Spl.Ref. Published Samant Khadiratna Panjika
(Panchang) for over 53 years.
Tripathi, Hanuman Prasad. Acharya in Sāhitya.
b.03.01.1962, Kamhiavan, Allahabad, U.P.
Asst.Prof. Gp. Kamlapati Tripathi. Ps. 03. Add.
Shrinivas Sanskrit College, Bilaspur, C.G.
Spl.Ref. Sāhitya Śāstra.
Tripathi, Hanuman Prasad. Acharya in Sāhitya.
b.15.03.1936, Lakhanpur, Satna, M.P.
Asst.Prof. Gp. Pt. Rameshwardayalu Tripathi,
Pt. Vaikunthanath Sharma. Ps. 05. Add. Govt.
Sanskrit College, Bhitari, Sidhi M.P. Spl.Ref.
Sāhitya Śāstra.
Tripathi, Hare Ram. M.A., Acharya
(NavyaNyāya,
Sāṅkyayoga),
Ph.D.
b.01.08.1966. U.P. Prof., L.B.S. Vidyapeetham,
New Delhi. Bks. 08. Hetvābhasavimarśaḥ,
Tarkacandrikā, Navīnamatādi Vicāraḥ,
Vidhirasāyanam, Īśvaravāda. Ps. 30. Add. A–
04, Galaxy Apartment, Plot No. – 882, Word–
06, Mehrauli, New Delhi–30. Spl.Ref. Received
Maharshi Badarayana Vyas Samman by
President, Govt. of India.
Tripathi, Hareram. Acharya (Navya -Nyāya),
Vidyavaridhi. b. 01.08.1966. Kushinagar.
Reader & Head Deptt. of SarvaDarśana, LBS
Rashtriya Skt. Vidyapeetha, New Delhi Bks.
06. Ps. 10. Spl. Ref. NavyaNyāya, Shankar
Puraskar, Manuscript Editing.
Tripathi, Hari Shankar. Acharya, M.A.
b.01.07.1956, Vaijnathpur, Ghazipur, U.P.

Office Gp. Kailashpati Tripathi. Ps. 03. Add.
Sampurnanand Sanskrit University, Varanasi,
U.P. Spl.Ref. Sāhitya Śāstra.
Tripathi, J.S.L. Acharya in Vyākaraṇa. M.A.,
Ph.D., D.Litt. Asct. Prof. Ps. 05. Add. Deptt.
of Sanskrit, Faculty of Arts, Banaras Hindu
University, Varanasi (U.P.). Spl.Ref. Vyākaraṇa
, Sāhitya. Darśanaa.
Tripathi, Jagadish Prasad. Acharya.
b.02.07.1953. Bamanvas, Sawaimadhopur
(RJ). Asst. Prof., Rajkiya Acharya Sanskrit
Mahavidyalaya, Manoharpur, Jaipur. Gp. Pt.
Sri Ramdev Sharma, Pt. Shri Suryanarayana
Shastri, Pt. Shri Chandi Prasad Acharya. Sp.
Udaylal Maidi, Ganesh Kumar Sharma, Dr.
Suresh Gupta, Gopal Shastri, Dr. Mata Prasad
Sharma. Ps. 05. Add. 73, Atreya Farma, Goozar
Ghati, Amer Road, Jaipur (RJ).
Tripathi, Jagat Narayan. M.A., Acharya. Ph.D.
b.04.10.1960, Satna (M.P.). Astt. Prof., Govt.
Hamidiya P. G. College, Bhopal. Gp. Lt.
Dwejendra Nath Mishra, Lt. Amir Chandra
Shastri, Lt. Shaligram Tripathi. Sp. Shri
Brahmanand Sharma, Dr. Santosh Bhargava.
Ps. 20. Add. F–1, Char Bunglow Road, Civil
Line, Professor Colony, Bhopal (M.P.)
Tripathi, Jagdish Chandra. Achaya, Acharya
in Sāhitya, M.A., Vidyavaridhi. b. 08.03.1958.
Asct. Prof., Maryadapurushottama PG College,
Mau. Bks. 01. Ps. 05. Add. Maryadapurushottam PG College Ratanpur, Mau, U.P.
Spl. Ref. Vyākaraṇa.
Tripathi, Jai Prakash Narayan. b. 20.07.1953.
Prof. Gp. Devswaroop Mishra, Prof.
Narendranath Pandey. Sp. Dr. Devnath Dixit,
Mahanand Mishra, Satyanarayan Das. Bks.
01. Vedāntatattvabodhaḥ. Ps. 13. Add.
Pracheen Adhyapakvas, 6 Sampoornanand
Skt. Univ., Varanasi U.P.
Tripathi, Jay Shankar. D.Phil. b.1929. Bedauli.
Prof. & HOD Ishwarsharan Degree College,
Allahabad (U.P.). Bks.50. Saṃskṛta Sāhitya
Racanā kā Itihāsa, Ācārya Daṇ©ī Evaṃ
Saṃskṛta Kāvyaśāstra kā Itihāsa darśana,

