B
16



Balodi, Mohanchandra. Acharya. b. 15.12.1964.
Add. T-211, Ansari Nagar, New Delhi – 110029.
Baluni, Sridhar Prasad. Acharya in Sāhitya,
Sāhityaratna. b. 12.01.1941. Paudi-Gadhwal.
Rtd. Vice Principal Govt. Sr.Sn. School. Delhi.
Bks. 05. Daśameśacaritam, Śrībadrīnāthastotram, Śrīkedāranāthastotram. Add. C-259
Bhajanapura, Delhi – 53. Spl.Ref. Rajyashikshak
Puraskar and Honour from Delhi Sanskrit
Academy.
Bamal, Sheela. M.A., B.Ed., M.Phil. b.
02.05.1973. Kaithal. Lect. Jat College Kaithal.
Gp. Dr. Mange Ram Yadav. Add. Kothi No. 2
Canal Colony, Kaithal 136027 Ph. 9017763705.
Bamniya, Kuwarsingh. M.A., M.Phil, Ph.D. b.
07.05.1977, Vill. Attarsuma, Post. Badvanya
Tehsil Dahi, Distt. Dhar M.P. Asst. Prof., Govt.
P.G. College Damoh M.P. Gp. Dr. Archana
Joshi, Dr. Sangeeta Mehta, Dr. Mithila Prasad
Tripathi. Sp. Surendra Tiwari, Pramod Kumar
Ahirwal. Add. R.11 Vaishali Nagar, Damoh
M.P. Spl. Ref. Sāhitya.
Bamsala, Nayantara. M.A. (Skt.), Ph.D. b.
27.11.1948. Research Associate, Delhi
University. Add. 880/881, Kedar Building,
Sabzi Mandi, Ghantaghar, Delhi – 110007.
Banarji, Pavan. M.A., Ph.D. b. 10.08.1952,
Cuttack, Orissa. Asst. Prof.. Gp. Kulamani
Mishra. Add. Govt. Sanskrit College,
Sundargarh (Orissa). Spl. Ref. Sāhityam.
Bandhu, Manudev. M.A. (Veda, Skt., Darśana,
Hindi) Acharya in Vyākaraṇa, Ph.D. (Veda,
Skt). Dip. (Eng.). b. 05.04.1958. Pathargama,
Jharkhand. Prof. Gurukul Kangadi Univ.
Haridwar. Gp. Swami Omanand Saraswati,
Acharya Vedprakash Shastri. Bks. 05.
Bṛhadāraṇyakopaniṣad Eka Adhyayana,
Chāndogyopaniṣad:
Eka
Adhyayana,
Upaniṣadvāṅmaya me Yoga Vidyā, VedaManthan, Bhāṣyakāra Dayānanda. Ps. 10. Add.
Bandhusadan, Dayanand Nagari, Arya Nagar.
Jwalapur, Distt. Haridwar Uttarakhand. Ph.
249407, 09837631882. Spl. Ref. Hindi Sāhitya
Sevi Award, Vaidik Vidvān Award.

Bandi, Visvanatham. M.A. b. 18.07.1945,
Kovvuru, West Godawari, A.P. Skt. Pandita,
Veda Skt. Pathasala. Gp. Peri Suryanarayana
Shastri. Add. L.I.G.T-2, A.P.H.B. Colony,
Nellore – 524004 (A. P.). Spl. Ref. Sāhitya.
Bandopadhyay, Anita. M.A., B.Ed., M.Phil.,
Ph.D. b. 31.03.1961. Calcutta. Res. Sch. Bks.
02. Mādhyamika Sāhitya Sambhāra. Add.
Kailash Pandit Lane, Calcutta. – 700053. Ph.
400 9561.
Bandopadhyay, Pratap. M.A., Ph.D. b.
01.05.1939, Calcutta (W.B.). Asct. Prof.,
University of Burdwan. (W.B.). Bks. 02. Similes
in the Naiṣadhacarita, Bhāśā. Ps. 36. Add.
6/C, Cornfield Road, Namita Smriti. Calcutta–
700019. (W.B.).
Bandopadhyaya, Alakananda. M.A., Ph.D. b.
10.01.1942. Bolpur. Birbhum. W.B. Prof. Visva
Bharati Bks. 01. Saṃskṛta Alaṅkārśastre
Yamakam. Ps. 01. Add. “Pitarou” Ukilpati
Bolpur, P.O. Bolpur, Dist. Birbhum, W.B. –
731204. Ph. (03463) 54766.
Bandyaopadhyay, Nabanarayan. M.A., Ph.D.
b. 29.10.1954, Burdwan. W.B. Prof. & Director
School of Vedic Studies Rabindra Bharti
University Calcutta 110050. Bks. 11 Vedic
Studies, Bengal’s Contribution to Vedic Studies,
Mīmāṃsā Paribhāṣā, Ancient Indians Views
on Truth and Falsity. Ps. 41. Add. Kavi Sukanta
Co-operative Housing Society P-19B, CIT
Scheme VIII M, Flat 5, Ultadanga, Kolkata
700067. Ph. 033-23565000, M. 09433618161,
naba_narayana@yahoo.com. Spl Ref. Budapest
1997, Hungary, Finland 2002, Kyoto-Japan
2009.
Bandyopadhaya, Nabanarayana. M.A. b.
29.10.1954. Asct. Prof. Vaidik Studies, Skt.
Department. Add. Ravindra Bharati Univ. 56
A, Barrackpur, Trunk Road, Calcutta – 700050
(W.B.). Spl. Ref. Veda.
Bandyopadhyay, Manavendu. M.A., Ph.D. Asct.
Prof. Add. Deptt. of Sanskrit, Jadavpur
University, Calcutta – 700032. Spl. Ref.
Kāvyaśāstra.

