
Dept. of Sanskrit, G.M. College, Autonomous,
Sambalpur, Odisha, Pin. – 768004. Bks.06.
Aspects of Domestic in Ceremonies in
Āśvalāyana School, Śaunakakārikā A Medieval
Treatise on Hindū Rites, Āpastamba –
Dharmasūtram, Nābhigayā At Jaipur,
Gayānābhi Śrāddha Paddhati, (A Manual on
Śraddha at Nābhigayā). Ps. 37. Add. Principal,
G.M. College, Autonomous, Sambalpur,
Odisha, Pin – 768004. Ph. 9937251767.
Mohapatra, Kishore Chandra. Acharya in
Sāhitya & Dharma-Śāstra, Ph.D., D.Litt.. b.
19.12.1951, Cuttack. Asst. Prof., Shri
Jagannath Sankrit Vishvavidhyalaya. Bks. 05.
Cayana Pradīpa, Dāyabhāga Samīkṣā, Oriya
Sanskrit
Dictionary,
Nirṇayasindhu,
Yājñavalkya Smṛtiḥ. Ps. 30. Add. Jageswarilane,
Balighat, P.O. Puri, Dist. Puri, Orissa. – 06752.
Ph. 22925.
Mokaria, Dayalal Maldebhai. M.A., M.Phil.,
B.Ed., NET, Ph.D. b. 25.10.1978. Asct. Prof.
Sri Somnath Skt. Univ. Junagarh. Gujarat.
Ps. 08. Add. Sri Somnath Skt. Univ. Veraval,
Junagarh - 362265 GJ. M. 09825512756.
Moliya, Mansukh. M.A., Ph.D. b. 03.04.1963,
Srurashtra, GJ. Asst. Prof. Ps. 01. Add.
“Abhijñāna” 61, New Parimal Park, Behind
Yogeshwar Park, UNI Road, Rajkot, GJ. –
360005. Ph. 0281- 79273.
Moliya, Mansukhlal KanjiBhai. Ph.D. b.
03.04.1963. Prof. Sanskrit Bhawan Sourashtra
University Rajkot. Ps. 10. Add. Abhigyan 27,
Satelite Park, Ajanta park, Near University
Road, Rajkote. Spl.Ref. Purāṇa.
Mondal, Ajit Kumar. Acharya (Kāvya Vyākaraṇa,
Purāṇa), B.Ed., M.A., Ph.D. b. 11.10.1957.
Midnapur WB. Asct. Prof. Bks. 08. Nava
Saṃskṛta Praveśa, Saṃskṛta Pā-hamālā Vicitra,
Muṇ©akopaniṣad. Ps. 03. Add. Nutan Chati
Circus Maidan Bapura - 722101. Ph.
03512223664. 09232166150. shriguru2010
akm@yahoo.com.
Mondal, Amal Kumar. M.A., B.Ed., M.Phil.,
Ph.D. b. 01.03.1961. South 24 Pargana WB.
Asstt. Prof. Deptt. of Skt. Ravindra Bharati

167

Univ. Bks. 01. Add. Deptt of Skt. Ravindra
Bharati Univ. Kolkatta - 700050. Ph.
03324304310. M. 09830950791.
Moorthy, K. Venkatesh. Acharya, Shiksha Śāstra,
NET. b. 04.05.1976. Asst. Prof. R.Sk.S. Ps.
15. Add. . Rashtriya Sanskrit Sansthan, 5657, Inst. Area, D Block Janakpuri, New Delhi–
58. Spl.Ref. Co-Editor of Srimad Bhagwat Geeta
Sanghrah, Sanskrit Varta, Sanskrit Drama
direction and acting.
Mor, Laxmi. M.A., M.Phil., Ph.D. b. 01.06.1961.
Jajanpur. Asct. Prof. RKSD PG College. Kaithal.
Bks. 01. Nyāyapraveśa Sūtram eka Vivecana.
Ps. 04. Add. 110, Sector 20, Huda Kaithal 136027. Haryana. Ph. 01746228051. Spl. Ref.
Philosophy.
Moreshwar, Mahasabde Vinayak. Acharya in
Vyākaraṇa, M.A. b. 23.10.1916, Chalisgaon,
Khandesh, Jalagaon, MH. Gp. Shridhar-shastri
Pathak, M.M. Vedāntavagish, Bhargav Shastri
Joshi. Ps. 02. Add. Kaumudi, C-39, M.I.D.C.
Chinchavad, Pune, MH. Spl.Ref. Vyākaraṇa.
Mori, Bharat Kumar Punja Bhai. Ph.D.
b.01.06.1967. Prof. Y.S. Arts & Commerce
College Devgarh Bariya Distt. Dahod. Ps. 02.
Add. 29, Gokul Society, Near Tower Devgarh
Bariya Distt. Dahod. Spl.Ref. Alaṅkāra Śāstra.
Motilal, Shastri. M.A.. b. 22.06.1922, Alwar,
RJ. Rtd. Asst. Prof.. Gp. Giradhar Shastri,
Pyarelalji. Ps. 02. Add. Vijay Vilas, Near S.T.C.
School, Alwar, RJ. Spl.Ref. Sāhitya.
Motiram, Shastri. Acharya in Sāhitya. b.
10.10.1924, Jabalpur, M.P. Rtd. Asst. Prof.
Gp. Lokanath Shastri. Bks. 01. Payaḥpānam.
Add. 55, Vinayak Niwas, Gopal Bagh, Jabalpur,
M.P. Spl.Ref. Sāhitya.
Mudgal, Jagadisha Prasad. M.A., B.T. b.
08.04.1932, P.G. Teacher, Govt. Senior
Secondary School, New Delhi. Ps. 01. Add.
C-43, New Krishna Park, Near Dhauli Piao,
New Delhi – 110027. Spl.Ref. Sāhitya.
Mudgal, Krishna Chandra. Acharya in Sāhitya,
Kāvyatīrtha. b. 14.09.1920. Principal, L.N.
Girdhari Lal K.P.H.S. School, Delhi. Ps. 02.

