122



Annamalai-nagar, TN. 608002. Ph. 04144 –
38491.
Kamboja, Jiyalal. M.A., M.Lit., Ph.D.,
Bhasavijnana. b. 12.02.1932, Karnal, HR.
Senior Asst. Prof., Hindu College, New Delhi.
Bks. Utkīrṇalekhastabaka Vyākhyāsahita. Add.
E-46, Guru Nanak Marg, Adarsh Nagar, New
Delhi – 110033. Spl.Ref. Veda.
Kameshwari, V. M.A., Ph.D. b. 20.05.1958,
Pattukkottai, Tajore. Bks. 20. Ps. 10. Add.
12. Aiyasamy Road, Nehru Nagar, Chronepet,
Chennai – 600044. Ph. 2233254.
Kamla Acharya, M.A., Ph.D. b.15.10.1954
Rohatak. Lect. DIET, Gurgaon. Bks. 01. Ps.14.
Add .H.No.429, Sector-7, Gurgaon 122001
Kamsala, Brjabal. M.A.. b. 27.12.1953. Lecturer,
Municipal Girls Senior Secondary School, Gole
Market, New Delhi. Add. 23, Harsh Vihar,
Pitampura, Delhi – 110034. Spl.Ref. Sāhitya.
Kamtawala, Suresh chandra Govind Lal.
Mahamahopaddhyay, M.A., Ph.D. b.
14.07.1930, Varodara, Gujrat. Prof. Gp.
Govindlal Bhatt, S.S. Bhave. Bks. Cultural
History from Matsyapurāṇa. Add. M.S.
University, Varodara, Gujrat. Spl.Ref. Sāhitya
Śāstra.
Kanaklata, Devi. Sāhitya Shastri, M.A., Ph.D..
Bks. 01. Values in the Works of Kālidāsa. Add.
H.O.D. of Sanskrit, Women’s College, Balangir,
Orissa – 767001. Spl. Ref. Sāhitya.
Kanchedi, Lal. M.A., Acharya in Sāhitya, Ph.D.
b. 1930 Bilani, Pathariya, Damoh M.P.
Asst.Prof., Jain P.G. College Sioni, M.P. &
Govt. Skt. College Kalyanpur. Spl.Ref. Editor
Jain Sandesh Magazine.
Kandapal, Durga Datt. Acharya, Kāvyatīrtha.
b. 15.10.1917, Mohan Chaura, Almora. Rtd.
Principal. Gp. Laxmidatta Pathaka, Ayodhyaprasada Shastri. Ps. 02. Add. Siddhi Sadan,
No. 6, Millital, Nainital, UK. Spl.Ref. Sāhitya.
Kandapal, Jayadutt. Acharya in Vyākaraṇa.
b. 19.07.1925, Kanda, Almora, Uttarakhand.
Add. Kusumkhera, Haripur Nayak, Haldawani,
Nainital, UK. Spl.Ref. Veda & Vyākaraṇa.

Kandapal, Ramesh Chandra. Acharya in
Sāhitya, M.A., Ph.D. b. 17.02.1925, Almora,
(U.P.). Gp Shrikrishn Kandapal, Bhagavansahay Sharma. Add. Yogasadhana Mandal,
Sagar Sarai, Moradabad (U.P.). Spl. Ref. Veda
& Sāhitya.
Kandapala, Durgadatta. Acharya. b.
12.12.1925, Nainital. Rtd. Principal. Gp.
Krishna Joshi, Sumirana Mishra. Ps. 03. Add.
Stabari House, Snow View, Mallital, Nainital,
UK. Spl.Ref. Sāhitya.
Kandela, Jagannath Sharma. Acharya in
Vyākaraṇa, Sāhitya, RāmānujaVedānta &
Pūrvamīmāṃsā. b. 01.07.1952, Faizabad U.P.
Asst. Prof., Sampurnanand Sanskrit University,
Varanasi. Gp. Ramavadana Shukla, Narayanacharya, Ramaprasada Tripathi, Devasvarupa
Mishra. Add. K-22/66, Brahma Ghat, Varanasi,
U.P.. Spl.Ref. RāmānujaVedānta, Mīmāṃsā,
Vyākaraṇa, Āyurveda.
Kandiyoor, Geetakumari. M.A., M.Phil., B.Ed.,
Ph.D. b. 16.03.1967, Mattam, Thrissur, Kerala.
Asct. Prof. Calicut Univ. Gp. Prof. P. Narayan
Namboodiry, Prof. K.N.N. Elayath. Bks. 01.
Metre in Sanskrit – A Study with special
Reference to Vrttavartika of Ramapani vadki.
Ps. 08. Add. Univ. Q. No. C-4, Calicut Univ.,
P.O. Malappuram, Kerala – 673635. Mob.
09447536858.
Kanhe, Vasant Krishna Rav. Acharya in Sāhitya,
M.A. Ph.D., b. 03.12.1939, Raipur, C.G. Gp
Pt. Saraswati Prasad Chaturvedi, Dr. S.S.
Hasurkar, Dr. R.N. Sharma, Dr. Revaprasad
Dwivedi, Pt. Ramnandan Ojha, Pt. Rajendra
Choudhari, Karapatri Swami. Bks. Vāgbha--akṛta-Aṣ-āṅgahṛdayayasya Sāṃskṛtikamadhyayanam. Add. Tatgipura, Raipur C.G.
Spl.Ref. Sāhitya.
Kanjilal, Dileep Kumar. M.A., Ph.D., B.Litt.
b. 01.08.1933. Kolkatta. Rtd. Principal Govt.
Skt. College Kolkatta. Bks. 12. Ps. 80. Spl.Ref.
Visiting Prof. in Ravindra Bharati Burdwan
Univ. as visiting Fellow He was selected by
Association of commonwealth universities UK.
Life member of Ancient Astronaut Society,

