308


Swami, Swaprabhanand. M.A. b. 17.07.1937.
Principal, Adarsh Sanskrit College. Gp.
Agamanand. Add. Ramakrishna Math,
Arunapur, Palai, Kerala. Spl.Ref. Veda &
Advaita Vedānta.
Swami, Vishnu Das. Acharya. b.04.08.1949,
Varanasi, U.P. Teacher. Gp. Chakradhar
Shastri. Ps. 02. Add. Shri Udasin Sanskrit
College, Kankhal, Haridwar U.P. Spl.Ref.
Vedānta.
Swami, Vishuddhanand. Acharya in Vyākaraṇa.
b.31.12.1932, Ernakulam, Kerala. Asct. Prof.,
Shri Baba Kali Kamali Sanskrit College,
Rishikesh, Haridwar. Gp. Dukhharan Jha. Add.
172, Krishna Niwas, Mayakund, Rishikesh,
U.K. Spl.Ref. Veda & Vyākaraṇa.
Swaminatha, C. R. M.A., M.Litt., Ph.D. b.
10.03.1927. Palakkad, Kerala. Rtd. Dy.
Educational Advisor, Ministry of HRD, Govt.
of India. Bks. 08. Jānakīharaṇa of Kumāradāsa
Spl.Ref. Vedic Studies, Harit Rishi Award of
Maharana Mewar Foundation, President
Awardee.
Swaminathan, V. M.A. (Vyākaraṇa, Sāhitya),
Tradition in Darśana, Kṛṣṇayajurveda. b.
30.04.1929. Vishnampet. Rtd. Principal,
Kendriya Skt. Vidyapeetha, Guruvayoor,
Emeritus Prof. Sri. Venkateswara Vedic Univ.,
Tirupathi. Bks. 01. A critical study and edition
of Bhartṛhari’s unpublished commentary on
the Mahabhashya. Ps. 33. Add. D.No. 18-1235 Dwaraka Nagar, K.T. Road, Tirupati –
07. Spl.Ref. Krishnayajurveda, Darshna,
Vyākaraṇa, Mīmāṃsā, Vedānta, Member
Secretary, ICPR, New Delhi. President
Awardee.
Swamy, Siva Kumar M. M.A. (Skt., English),
Ph.D. b. 10.02.1938. Davanagere, KT. Visiting
Prof. Sri Sanskaracharya Skt. Univ. Kalady.
Bks. 19. Ps. 70. Spl.Ref. Vyākaraṇa Vedānta,
Sāhitya. He developed comparative method
of teaching vedic texts by introducing Vedic
Grammar through Paninian rules and by
combining the traditional methods of
interpretation and the modern Philologic
method. He has been honoured by the
Jangamwadi Math, Varanasi and Ministry of
Human Resorce Development, Govt. of India,
President Awardee.
Swapna Devi. M.A., Ph.D. b. 30.06.1952, Thailu
Tea Estate , Assam. Asct. Prof. Assam Univ.,
Silchar. Bks. 01. The Concept and Treatment
of Dream in Skt. Literature. Ps. 11. Add. Hitesh
Biswas Road, Ambikapatty, Silchar – 788004.
Ph. (03842) 7083631318.

T
Tadakoda, Vadirajacharya Badrinarayanacharya. M.A., Ph.D. b.02.07.1957. Asst. Prof.
Ps. 02. Add. I, Nekaraoni, Hosayellapuram,
Dharwar–1 (KT). Spl.Ref. Sāhitya.
Tagare, Ganesh Vasudev. M.A., Ph.D. b.28.
07.1911. Bks. 10. Karavīra Mahātmyam(ed.),
Śrīmadbhāgavata (Eng. Tr.), Narada Karma
Skanda (ed. with Eng. Tr.). Ps. 25. Add. C/
o Dr. Tagore Hospital-4, Ashvini Nagar,
Kolhapur–416008 (MH). Spl.Ref. Vishesh
Gaurav Patra-1996 by MH Govt., Aacharya
Hemchandra Suri Puraskar-2003.
Tailang, Girdharilal Sharma. b.1895. Alwar
(RJ). Gp. Bhatt Purushottam, Gayadutt Shastri,

Harivallabhacharya. Bks. 04. Sarasvatī
Saṃdeśa, Śrīgovindagīti, Kāvyavaibhavam,
Alvaranareśa-Kīrti-kalpalatā. Spl.Ref. Edited
‘Bhāratīya Rīti Darpaṇa’ of Puṣtimargīya
Vallabha Sampradaya.
Tailang, Pt. Laxman Shastri. Vyākaraṇa,
Darśana. b.1880. Varanasi. Asst. Prof., Sanskrit
College, Varanasi. Gp. Pt. Yogeshwar Shastri,
Nrisingh Shastri, Pt. Gangadhar Shastri. Bks.
03. Vetasvatī Sārthavāhaḥ, Hemantakumāraḥ,
Śrī Jagadīśayātrā. Expired in 1949. Spl.Ref.
Sāhitya, English, History . M.M. Awardee.
Tailanga, Gudambhatta. Acharya in Vyākaraṇa,
KāvyaPurāṇatīrtha. b.09.09.1929, Acharla-

