318



Tiwari, Surendra Prasad. M.A., M.Phil.,
Diploma in Computational Sanskrit.
b.15.12.1983. Belkhedi, Batiyagarh, Damoh,
M.P. JRF, Rashtriya Skt. Sansthan, Bhopal
Campus, M.P. Gp. Prof. R.V. Tripathi, Prof.
Achutanand Dash, Prof. Kusum Bhuriya, Pt.
Chandrabhan Tiwari, Dr. Ramakant Pandey.
Bks. ‘Yoṣāsaptatikā’ of Bachchoolal Awasthi
with Hidni Trans. E-mail: sp.tiwri18
@gmail.com Spl.Ref. Sāhitya & ‘Bundeli’
literature.
Tiwari, Urmila. M.A. b.01.08.1948. P.G.T., Govt.
Girls Senior Secondary School, Adarsh Nagar,
Delhi. Ps. 03. Add. F-02, Delhi Administration
Flats, Model Town, New Delhi – 110009.
Spl.Ref. Sāhityam.
Tiwari, Vishram. Acharya in Sāhitya, M.A. (Skt.,
Prakrit), Ph.D. b. 01.05.1954. Palamu,
Jharkhand. Asct. Prof., PG Deptt of Sāhitya,
KSDS Univ., Dharbhanga. Gp. Pt. Harideo
Sharma, Dr. Jagannath Pathak, Pt. Rangeshwar
Nath Mishra, V. V. Pt. Ramchandra Mishra,
V. V. Pt. Bhawanidutt Sharma, Prof. Rajaram
Jain. Bks. 01. Ācārya Jinasen Kṛta
Harivaḥshpurāṇa eka Adhayayana. Ps. 13.
Add. PG Deptt. of Sāhitya, Kameshwar Singh
Dharbhanga Skt. Univ., Dharbhanga-846008.
Ph. 06135-277541. Email tiwari.vishram
@yahoo.com Spl. Ref. Sāhitya, Maithili,
Magahi.
Tiwari, Yudhishthir. M.A., Sāhityacharya.
b.01.07.1949, Ballia, U.P. Gp. Siddheshvar
Bhattacharya, Shrinarayan Mishra. Ps. 03.
Add. Mishra Ballia Colony, Shaija, Gazipur
(U.P.). Spl.Ref. Sāhitya.
Topa, Ananta Narayan. Sāhitya Shiromani,
Sikshashastri. b.23.03.1953, Nelluru, A.P.
Research Assistant. Ps. 03. Add. Prachya Vidya
Research Institute, Shri Venkateshwar
Vishvavidyalaya, Tirupati, (A.P). Spl.Ref.
Sāhitya.
Topale, Dhundhiraj. Acharya(Nyāya), Kāvyateertha. b.1890. Principal, Nityanand Ved
School. Gp. Vamacharan, M.M. Shri Ambadatt
Shastri. Bks.38. Yuktivāda, Nyāyasiddhānta-

muktāvalī(ed.), Ātma-tattva-vivekaḥ, Śabdaśakti-Prakāśikā, Ślokavārtika (tr.). Expired
in 1967.
Trikha, Raj Kumari. M.A., Ph.D. b.09.04.1944,
Delhi. Asct. Prof. Bks.01. Alaṅkaras in the
works of Bāṇabhatta. Ps. 47. Add. BF–95.
Janakpuri. New Delhi– 110058.
Trikha, U. R. M.A., Ph.D., Asst. Prof., Sanskrit
Deptt. Ps. 03. Add. Lady Shriram College for
Women (Delhi Univ.), Lajpat Nagar, New
Delhi–110024. Spl.Ref. Drama & Kāvya.
Tripathi, Anant (Sharma). Acharya in
Āyurveda, M.A., D.Litt. b.22.02.1904,
Jagannathpur Shasan, Brahmapur, Ganjam,
Orissa. Asst. Prof., Bks.20. Charakasaṃhitā,
(Tr.Oriya). Suśruta-saṃhitā (Tr.Oriya).
Paribhāṣā-pradīpaḥ. Upaniṣatsaṃgrahaḥ(ed.).
Artha-saṃgrahaḥ(ed.). Ps. 20. Spl.Ref. Sāhitya
Shiromani, Mimansa Vidyapravina. Founder
of Ananta Tripathi Sharma Ayurvedic College.
A Versatile Scholar of Sanskrit Literature and
Ayurveda Brought Ayurveda in to Practical
Application.
Tripathi, Anila kumar. Acharya in Vyākaraṇa.
b.05.03.1962, Banda, U.P. Asst. Head. Dept.
of Vyākaraṇa. Gp. Dhruvamitra Tripathi, Bhola
Jha, Harigopala Sastri. Ps. 03. Add. Sri Sirsawali
Dharamashala, Kankhal, Haridwar (U.K.)
Tripathi, Aniruddh Prasad. Acharya in Sāhitya,
M.A. b.03.01.1949, Allahabad, U.P. Asst. Prof.
Bks. 01. Bhāratī-paricārikā. Add. Sridharma
Jnanopadesa Sanskrit Mahavidyalaya,
Mahamana Malaviya Nagar, Allahabad (U.P.).
Spl.Ref. Sāhitya.
Tripathi, Aniruddha kumar. M.A. b.20.10.1959.
Basti, U.P. Prof. of Vyakrana. Gp. Dr.
Ramayatna Shukla, Kalika Prasada Shukla.
Ps. 03. Add. Mahavidyalaya, 103, Vidyanta
Marg, Lal Kuan, Lucknow(U.P.). Spl.Ref.
Vyākaraṇa.
Tripathi, Asharam. M.A. (Hindi & Sanskrit),
D.Phil. b.10.12.1941, Allahabad. Sahayak
Kendra Director Aakashwani Lucknow Bks.21.
Gītāyanam, Hiraṇmayena pātreṇa, Arpaṇīyam–

