214



Pathak, Meena Ben P. M.A., Ph.D.,
Sāhityacharya. b.20.12.1951. Sadhi, Baroda.
Asst. Prof., Oriental Institute, Baroda. Bks.
03. A study of Taittiriya Upansisad. Ps. 28.
Add. 12, Rajgiri Society, B/H Aryakanya
Vidhyalaya, Karelibaug, Vadodara–18. Ph.
0265 – 2425121.
Pathak, Meena Ben Pinakin Bhai. Ph.D.
b.20.12.1951. Prof., Prachya Vidhya Mandir,
M. S. University of Varodara, Near Palece
Gate Varodara. Ps. 05. Add. 12, Rajgiri Society,
Near Aarya Girls School, Kareli Bag, Varodara.
Spl.Ref. Vedānta Śāstra.
Pathak, Meera Ben P. M.A. Ph.D. Prof., V.M.
Mehta Municipal Arts & Commerce College,
Jam Nagar. Ps. 03. Add. 3, Cricket Banglow
Street, Near Gurudwara Jam Nagar, (GJ).
Pathak, Mool Chandra. Ph.D., M.A. Asst. Prof.,
Udaipur Univ. Bks. 03. Kālīdāsam
Nāmāmyaham, Rājaratnākara Mahākāvyam,
Raghūvaṃśa Mahākāvyam. Spl.Ref. Vidwat
Samman. Awarded by H.R.D. New Delhi.
Pathak, Murli Manohar. M.A., D.Phil, Acharya
in Sāhitya, L.L.B. b. 01.09.1963. Prof. Dept.
of Skt. Gp. Harishankar Tripathi. Bks. 03.
Ṛigvedīya Darśana evam Pramukha Dārśanika
Sūkta, Catuṣtayī Bhārtiya Saṃskṛiti, Sabhyatā
evam Paryavarṇīya Adhayayana. Ps. 42. Add.
Gorakhpur University, Gorakhpur. Spl.Ref.
Best Research Paper Award.
Pathak, Niranjan Bhai J. Ph.D. b.06.02.1945
Prof., Samandas College, Bhav Nagar. Add.
106, Devnad Complex, Panwadi, Bhav Nagar.
Spl.Ref. Alaṅkāra Śāstra.
Pathak, Purushottam Prasad. Acharya in navyaVyākaraṇa, M.A. b.15.10.1938. Prof., S. S.
V., Varanasi, U.P. Gp. Shri Ram Pandey. Sp.
Chang Jung Vah (Kariya). Ps. 07. Add.
Madhopur, Gopigang, Sant Ravidas Nagar,
Mandohi. Spl.Ref. Received Skt. Varsh 2000
Samman by Govt. of India.
Pathak, R. P. M.A. (Skt., A.I.History, Sociology).
D.D.E., PMOL., M.Ed., Ph.D. b.15.12.1959.
Agraura, Jaunpur (U.P.). Prof. in Edu. L.B.S.

R.Sk.S. Vidhyapeeth, New Delhi. Bks. 25.
Prāchina Bhārtīya Śīkśā, Philosophical &
Sociological Perspectives of Education,
Philosophical & Sociological Dimensions of
Education, Śikśa ke Dārśanik avam Samāj
śastriya Ādhāra, Bhartiya śikṣā Samasyayen
avam sūjhāva. Ps. 25. Add. C/o Karan Singh.
H. No. 200. Katwaria Sarai. New Delhi –
110016. Ph. 011- 6060635, 638 (R).
09868905810 (M).
Pathak, Raghvendra. M.Phil. b. 07.04.1979,
Gorakhpur. Ps. 01. Add. H. No. 106, Jubilee
Hall, Delhi University, Mall Road, Delhi –
07. Ph. 7667826, 7666265.
Pathak, Rajaram. Acharya in NavyaVyākaraṇa,
B.A., B.Ed. b.01.12.1946, Jabalpur (M.P.).
Principal. Gp. Vishwanath Tripathi. Ps. 05.
Add. Shri Onkardvij Sanskrit Vidyalaya,
Malharganj, Indore (M.P.). Spl.Ref. Vyākaraṇa.
Pathak, Rajeshvar. Sāhityacharya. b. Palamoo,
Bihar. Teacher, Janata High School,
Vishrampur. Bks. 05. Śrīgaṅgāsomāvataraṇam
(Kāvya), Sitārāmacaritam (Kāvya). Add.
Manpur, Palamoo, South Chota Nagpur
(Bihar). Spl.Ref. Sāhitya.
Pathak, Ram Lakhan. Acharya. (Vyākaraṇa,
Nyāya, Vedānta). b. 1917, Gagha, Gorakhpur,
U.P. Rtd. Principal, Sanatan Dharmavivarddhini Sanskrit Maha-vidhyalaya. Gp.
Baba Sarju Prasad. Ps. 05. Add. Sirhipur
Mandir, Ramghat, Ayodhya U.P. Spl.Ref.
Vyākaraṇa, Nyāya, Vedānta Śāstra.
Pathak, Ram Milan. Acharya in Jyotiṣa.
b.07.08.1957, Lohjara, Gajipur, U.P. Gp.
Balchandra Musalagavkar. Asst.Prof. Ps. 03.
Add. Govt. Sanskrit Mahavidyalaya, Bhitari
Shidhi, (M.P.) Spl.Ref. Jyotiṣa.
Pathak, Ram Nath. Acharya in Vyākaraṇa &
Sāhitya, M.A. b. 05.11.1919. Bks. 05.
Sradhāñjalī, Raṣtrāvanī, Sāthī, Sitār, Tīrthānkara Bālagītāñjalī. Expired on 16.08.1989.
Pathak, Ramrup. b. 1891, Saharsa (Bihar).
Gp. Harihoranand Saraswati. Bks. 02.
Caitrakāvyakautūham, Śrī Rām Carītam.

