
Nene, Chinnasvami Shastri, Bhagawanlal
Agnihotri, Damodarlal Goswami, Mukund
Shastri Khiste. Bks. 01. Kātyāyanayajñapaddhativimarśa (Hindi). Add. K-24-26,
Ramghat, Varanasi – 221001 (U.P.). Spl.Ref.
Sāhitya, Atharvaveda, Shrauta. Awards. (U.P.)
Government Award.
Dwivedi, Mata Prasad. Acharya in Sāhitya,
Jyotiṣa. b. 18.03.1921, Mirzapur, (U.P.).
Principal (Rt.). Gp Pt. Ramshastri. Add. V
22/170 B, Shankudhara, Khojwa, Varanasi
(U.P.). Spl.Ref. Sāhitya, Jyotiṣa.
Dwivedi, Nanhe Prasad. Shastri, M.A.. b.
07.11.1933, Kharade, Bilaspur, Chhattisgarh.
Asst. Prof. Gp. Dr. Revaprasad Dwivedi, Dr.
Deviprasad Tripathi. Add. J.L.N. College, Skt.
Dept. Bilaspur, Chattishgarh. Spl.Ref. Sāhitya.
Dwivedi, Narasimha. Acharya in Śukla
Yajurveda, Ph.D.. b. 11.12.1944, Shahpur,
Deoria, U.P. Veda Teacher. Gp. Bhagavatprasad
Mishra, Vindheshvariprasad Tripathi, Dr.
Gopalachandra Mishra. Add. Mumukshu
Bhawan, Ved Vedang Skt. Mahavidyalaya,
Varanasi, U.P. Spl.Ref. Veda & Dharma-Śāstra.
Dwivedi, Nirbhay Ram. Acharya in Sāhitya.
b. 10.06.1924, Chapra, Banda, U.P. Asst. Prof.
Gp. Ramadayalu Tripathi. Add. Rishikumar
Skt. College, Pilikothi, Chitrakuta, Dist. Satna,
M.P. Spl.Ref. Sāhitya.
Dwivedi, Paras Nath. Acharya in Vedānta,
Vyākaraṇa, Sāhitya, Ph.D., Vachaspati. b.
15.09.1943, Aara, Bihar. Prof. Vedānta,
Sampurnanand Skt. Vishvavidhyalaya,
Varanasi. Gp. Pt. Raghuveer Pandey, Acharya
Shriram Prasad Tripathi, Dev Swaroop Mishra.
Sp. Prof. Ramkishor Tripathi, Dr. Rameshwar
Dwivedi (Son). Bks. 05. Pārvatī Maṅglam,
Vivaraṇa-prameya Saṅgrahaḥ, Sanatsujātīyam,
Siddhantaleśa Śaṅgraha. Expired on 23.08.
2010. Spl.Ref. Recipient of President Award
for his contribution in Vedānta, Vyākaraṇa,
Sāhitya, jyotiṣa & Vishishta Samman of
Luchnow Skt. Sansthan.
Dwivedi, Paras Nath. Acharya in Sāhitya, M.A.,
Ph.D. b. 01.01.1930, Sulatanpur, (U.P.). Head

71

of the Deptt. of Puranetihasa. Gp. Muralidhar
Mishra, Dr. R.G. Harsh. Add. 3/A, New
Professor Colony, Sampurnanand Sans. Univ.
Campus, Varanasi – 221002 (U.P.). Spl.Ref.
Sāhitya. President Awardee.
Dwivedi, Prabhakar. Vyākaraṇa, Ph.D.. b.
05.01.1951, Bhojpur, Bihar. Gp. Bhupendrapati
Tripathi, Saligram Mishra. Head of the
Vyākaraṇa Deptt., Shri Haradev Das Nathamala
Vaisaliya Adarsh Sanskrit Vidyalaya. Add. D14/110, Tedhi Nim, Varanasi, (U.P.). Spl.Ref.
Vyākaraṇa.
Dwivedi, Prabhu Nath. M.A., Ph.D. b.
25.08.1947, Vill. Bhainsa, Kachhwa, Dist.
Mirzapur, U.P., Prof. M.G. Kashi, Vidhyapeeth,
Varanasi (U.P.). Bks. 27. ŚrīrāmānandaCaritam, Antaradhwaniḥ, Śvetadūrvā, KathāKaumudī, Mahākavī Harṣavardhana. Ps. 120.
Spl.Ref.- Recipient of Skt. M.M. Banabhatta
Award, Vikramakalidas Award. Kadambari
Award. Add. M.G. Kashi Vidhyapeeth, Varanasi.
Pin. 221002. Ph. (0542) 2373815.
09415291980.
Dwivedi, Pradeep Kumar M.A. b. 20.05.1984.
Sarguja C.G. JRF, Rashtriya Sanskrit Sansthan,
Lucknow Campus Gp. Prof. Vijay Kumar Jain.
Ps. 01. Add. Rashtriya Sanskrit Sansthan Vishal
Khand 4, Gomti Nagar Lucknow - 226010.
U.P. Ph. 05740252356, M. 09696424720
pkdsans@gmail.com Spl Ref. Pali.
Dwivedi, Pt. Premnarayan. M.A., Acharya,
Kāvyatīrtha, Ph.D. b. 05.06.1922 Sagar, M.P.
Gp Prof. Ramji Upadhyay, Prof. B.M. Apte,
Acharya Bhaiyalal shastri, Nyayacharya
Bhadram Shastri. Bks. 05. Saundarya Saptaśatī,
Kavitāvalī, Srīmadrāmacaritamānasam, Stuti
Kusumamālā, Kāvyanirjhara. Expired on
28.04.2006. Spl.Ref. Translated all literature
of Goswami Tulsidasa & other many important
Hindi kavyas in Sanskrit language.
Dwivedi, R.P. Acharya, M.A. in Skt. & Pali,
Ph.D., Vidyavachaspati. Asct. Prof. Add. Deptt.
of Skt., Faculty of Arts, Banaras Hindu Univ.
Varanasi, U.P. Spl.Ref. Sāhitya, Pālī, BauddhaSāhitya.

