302



Sinha, Mahipal. M.A. b.23.11.1942. Teacher,
Govt. Higher Secondary School No. 2, New
Seelampur, Delhi. Ps. 02. Add. X-5/9, Teacher’s
Gali No. 2, Brahmapuri, Delhi–110053. Spl.Ref.
Sāhitya.
Sinha, Parna Datt. Acharya in Sāhitya, Ph.D.
b.06.07.1952, Pilibhit (U.P.). Asct. Prof. Gp.
Pt. Jyotisvarupacharya, Dr. Nandakishor, Dr.
Krishnakant Shukla, Jaishankarlal Tripathi.
Ps. 05. Add. Kashi Hindu Vishwavidyalaya,
Varanasi (U.P.). Spl.Ref. Sāhitya.
Sinha, Phatah. M.A. (Hindi & Sanskrit), D.Litt.
b. July,1913. Pilibhit, (U.P.). Research Director,
Veda Sansthan. Bks. 03. Bhāratīya
Saundaryaśāstra kī bhūmikā (Hindi), UttarDakṣiṇ kī sanātana ekatā (Hindi), Towards
Global Unity of Man. Add. C-22, Rajouri
Garden, New Delhi – 110027. Spl.Ref. Sāhitya,
Sanskrit. Hajri Dalmia Award-1948 & U.P.
Govt. Award- 1954.
Sinha, Priti. Acharya in Sāhitya, M.A., D.Phil.,
D.Lit.. b. 03.01.1950, Lucknow. Asct. Prof.
Dept. of Sanskrit & Prakrit Languages, Lucknow
University. Bks. 02. Karuṇa Rasa Siddhānta
Tathā Prayoga, Rāma Bhadra Dīksita Viracita
Varṇamālāstava Adhyayana Tatha Anuvāda.
Ps. 30. Add. C-954/955, Sector ‘B’ Mahanagar
Lucknow – 226006.
Sinha, Rajan. M.A., B.Ed. b.18.07.1956. Teacher,
Govt. Secondary Girls’ School, Jheel Kuranja,
Delhi. Ps. 02. Add. B079/B, Gali No. 9, Gandhi
Nagar Extn., Delhi. Spl.Ref. Sāhitya.
Sinha, Rajni. M.A., Ph.D. b. 07.01.1974 Ps.
18. Add. New Area Jakkanpur, Batukeshwar,
Datt Lane Patna 800000, Bihar. Ph.
09696832673 (U.P.) Email dr.rajsi.bhu
@gmail.com.
Sinha, Ramnirikshan. M.A., Kāvyatīrtha. b.
Darbhanga Bihar. HOD, Skt. Deptt., Samastipur
Mahavidyalaya. Bks. 01. Svādhīnabhāratam.
Sinha, Sadhusaran. b. Sitamadhi, Bihar.
Engineer, Mumbai. Bks. 01. Sampreṣaṇīyā
Vārtā. Add. Athari, Sitamadhi Bihar.
Siromani, Narayan Venkatraman. B.Com,

Sāhitya Siromani. b. 27.09.1932. Tanjaur.
T.N. Prof., Skt. Vidya Adhishthan, Tanjaur.
Bks. 01. Kīrtanakusumāñjalī (Collection of
100 Kirtan) Spl. Ref. Kavitallaj by the Skt.
Sāhitya
Parishad
Tiruchilla
Palli,
Manscriptology, Editor of Sanskrit Sri,
Sudharma, Chandaswati Magazines, Poet.
Sisodiya, Rajesh. B.E., Acharya, Ph.D. b.
24.06.1968. Guest Asst.Prof. Maharshi Panini
Skt. Uni. Ujjain M.P. Ps. 08. Add. 34, Sudama
Nagar, Ujjain M.P.
Sneya, Vitthal S. Sanskrit Shiromani, Kannad
Vidvan. b.18.09.1905, Sanur, South Kannad,
KT. Chief Medical Officer. Gp. K.V. Kamtha,
K.S. Udupa, G.S.Mukti, Dr. U. Rav. Add.
Mahalasa, Opp. Primary Vidyalaya, Kodikal,
Manglore, KT.. Spl.Ref. āyurveda.
Sohuni, S. V. B.A. (History), M.A. (Economics),
Elo. Tripos of Combridy Uni. 1938, and I.C.S.
(1936). b. 19.05.1914, Vill age ayargule,
Taruka & Dish. Ratnagiri, Chairman & V.C.
Kameshwar Singh Darbhanga Sanskrit
University, Bihar. World Buddhist Con. 1972.
Life time Vice President Bihar Research Society
Expert member of Sanskrit Commision, 1991
member RSKS, Delhi 1992-1999 VC, Tilak
MH Vidyapeeth (1988-1993). Bks. (ed.)
Maharamsa Tika, Revised the book
‘Champarana me Mahatma Gandhi, Late Dr.
Rajendra Prasad. Ps. 500. Add. Pune. Spl.Ref.
Award Certificate of Honour in Sanskrit by
predidant of India in 1988 – 89. Shrimant
Nanasahab Pashawa Sansthan. Pune Awarded
in 1983. Awarded Vidyavachaspati (Darbanga
Sanskrit Univ.) Vidyavaridhi (Nalanda
mahavihara). D.Litt. (Vikram Univ. Ujjain)
and many other award. He was chief editor
of Research Society Journal of Bihar member
of Rashtriya Sanskrit Sansthan, New Delhi
(1992 – 1999).
Solanki, Arjun Bhai Popat Bhai. Ph.D.
b.01.06.1962. Prof., S.S. Mehta Arts & M.M.
Patel Commerce College Himmat Nagar, GJ.
Ps. 03. Add. Akshar Society, National Highway
Himmat Nagar. Spl.Ref. Vedānta Śāstra.

