50



Dahal, Lokmani. Acharya in Vedānta,
ShikshaŚāstra. b. 24.04.1939, Pangatha
Shagushawasabha, Nepal. Vice-Principal. Gp.
Ramgovind Shukla, Sheshraj Sharma, Somnath
Sharma. Add. 22/7, Durgaghat, Varanasi. U.P.
Spl.Ref. Vedānta Śāstra.
Daina, Suryanarayan Avadhanalu. b.
14.08.1948, A.P. Vedaparayana-Karta (Vedic
Exponent), Shri Venakateshvara Swamidevasthanam. Gp. Ramamurti Avadhani. Add.
18-B, Type Quarters, Tirumala, A. P. Spl.Ref.
Kṛṣṇayajurveda.
Dalai, Bata kishor. Prof., Centre of Advance
Study in Skt., Bks. 20. Dharma Studies, Ancient
Theories of Values and Ethics, Studies in Indian
Linguistics, Upaniṣadic Concordence, Theories
of Inherence in Indian Philosophy. Ps.50 Add.
CASS, Univ. of Pune. Pune -7, Mob.
8983318993.
Dalai, Kishore Kumar. Shiksha Shastri, Acharya,
NET, Ph.D. b. 28.12.1969. Katak. Asst. Prof.
Rashtriya Sanskrit Sansthan, Garli. Ps. 03.
Add. Rashtriya Sanskrit Sansthan, Garli
Campus, Kangra -177107. H.P. M.
09816535130. Spl.Ref. Member of VMC
Kendriya Vidyalaya Naleti.
Damodaran, A.R. Śiromaṇi in Vyākaraṇa &
Vedānta. b. 18.07.1949, Madhurantakam, Dist.
Chengalpattu, T.N. Gp. P.N. Raghavacharya
& Rajagopalacharya. Add. 17, Sannadhi Street,
Madhurantakam, T.N. – 603306. Spl.Ref.
Vyākaraṇa & Vedānta.
Damodaran, K.S. b. 31.07.1934, Koram,
Chengalpattu, T.N. Gp. R. Krishnaswami. Add.
H.No. 3, T.T.D. Quarters, Shrinivasamangapuram, Chittur, A.P. – 517102. Spl.Ref.
Kṛṣṇayajurveda.
Damodaran, P. M.A. b. 29.11.1946, Thiruvagur,
Arikkulam, Kozhikode, Kerala, Teacher. Govt.
Secondary School, Naduvanur. Add.
Thiruvagur, Kozhikode (Kerala). Spl.Ref.
Sāhitya.
Damodaran, R. Shastri b. 25.02.1904, Writer,
Politian and Journalist, Kerala. Bks. 40. Indian

Thought, Man and Society in Indian
Philosophy, Marx Hegel and Sreesankara, Marx
comes to India (Co authored with P.C. Joshi,
Bhāratīya Cintana Paramparā. Expired
03.07.1976. Spl.Ref. He had Joined Kerala
Socialist Party and it may the some year formed
the kerala unit of the communist party. He
organized cair workers and beedi workers.
Become KPCC Geranal Secretory 1940.
Dandapani, Kurukkala, A.N. b. 1949,
Tirunageswaram, Kumbakonam, TN. Veda
Teacher. Gp. Vishvanathashivacharya, Ramakrishna Pandita, Gopatikrishna. Add.
Naganatha Swamidevasthanam, Tirunageshwaram, Kumbakonam, T.N. Spl.Ref.
Kṛṣṇayajurveda.
Dandekar, Ramchandra Narayan. M.A. in Skt.
& Ancient Indian Culture, Ph.D. b. 17.03.1909,
Satara, MH. Skt. Scholar & Indologist, Presently
National Research Prof., Govt. of India. Bks.
30. Vedic Mythological Tracts; Vedic
Bibliography (5 vols); Śrautakośa, (2 vols);
Jñānadīpikā; Rasaratnapradīpikā. Add. 787,
Shivaji Nagar, Pune – 411004, MH. Tel.
376352. Spl.Ref. Conferred ‘Padma Bhushan’,
62, by the Govt. of India; Vachaspati (D.Litt).
79, by Sampur. Skt. Univ., Varanasi, ‘Hony
Doctor of Letters’ by B.H. Univ., Varanasi,
Poona Univ.; Heidelberg Univ. Germany; Univ.
of North Bengal & Tilak Maha. Vidyapeeth,
Pune, Visited Germany, USA & several
Europeon countries. Recipient of ‘Skt.Sāhitya
Vishishtha Puraskar’, 1978, ‘Shri Sankardeva
Award’, 1991-92 ‘Viswa Bharati Award’, 1993,
‘Rashtra Bhushan Award’, 1995 ‘Lokamanya
Tilak Sanman Puraskar’,1996 etc.
Dangavala, Jagadishachandra. M.A. Age. 53
yrs. Rtd. Joint Secretary. Add. I.A. 33, Ashok
Vihar, New Delhi – 110052. Spl.Ref. Sāhitya.
Dange, S.S.. M.A., Ph.D. Head, Skt. Dept.,
Bombay Univ. Add. Ranade Bhavan,
Vidyanagari, Santa Cruz (East), Bombay –
400098 (MH). Spl.Ref. Veda, Dharmaśāstra,
Alaṅkārasastra.

