
12.08.1895, Asureshwar, Cuttack (Orissa).
Rtd. Professor & H.o.D. of Sadashiv Skt.
College, Puri. Gp. Mayadhar Tarkapanchanan,
Harihar Nyāyaratna, Balakrishna Mishra,
Madanmohan Malaviya. Add. C/o Shishir
Kumar Mishra, Ashureshwar, Cuttack –
754209. (Orissa). Spl.Ref. Advaita. Award.
Vedāntavagisa (Muktimandap Pandita Sabha,
Puri).
Mishra, Bharat Bhushan. Acharya in Jyotiṣa
(Siddhānta & Phalita), Ph.D. b. 16.01.1965,
Deoria, (U.P.). Asct. Prof. Dept. of Jyotiṣa,
R.Sk.S. Ranvir Campus, Jammu. Bks. 05.
Gaṇakataraṅgiṇī(ed.), Bhāvakautūhalam(ed.),
Sanātanadīpikā. Ps. 20. Add. Bhaidawa,
Devariya - 274601, (U.P.). Spl.Ref. Eminent
sholar in Jyotiṣaa vedanga, Edited Panchanga,
Received ‘Sanskrit Sāhitya Award’ from U.P.
Sanskrit Sansktha, Lucknow in 2005 & 2008.
Mishra, Bhaskaranand. Acharya in Sāhitya.
b. 21.03.1931. Ps. 02. Add. Chandralok Colony,
B-32, Mandoli Road, Delhi – 110093. Spl.Ref.
Sāhitya.
Mishra, Bhole Shankar. Acharya, M.A. b.
30.06.1956, Firozpur, Jaunpur, (U.P.).
Teacher. Ps. 01. Add. Shri Dudhanath Shukla
Skt. Mahavidyalay, Sahjadpur, Barhata,
Jaunpur (U.P.). Spl.Ref. Sāhitya.
Mishra, Binda Prasad. Acharya in Vyākaraṇa.
b. 03.05.1954, Banda, (U.P.). Prof. Prachya
Sankrit Dept. & VC, S.S.V.V. Varanasi. Gp.
Devidayal Tripathi, Jagannath Shastri, Ananda
Jha, Ramanarayan Tripathi. Bks. 05. Ps. 10.
Add. Lucknow University, Lucknow ((U.P.).
Spl.Ref. Vyākaraṇa.
Mishra,
Brahmadev.
Acharya
in
NavyaVyākaraṇa, HindiSāhityaratna. b.
24.01.1928, Kuthua, P.O. Thakurganj,
Jaunpur, (U.P.). Gp. Krishnabihari Shukla.
Add. Vill. Kathua, P.O. Thakurganj, Jaunpur
(U.P.).
Mishra, Buddhi Sagar. Śuklayajurveda. b.
12.10.1965, Lilakar, Balia, (U.P.). Teacher.
Gp. Shrinath Mishra, Dr. Yugalkishor Mishra,
Dr. Kubernath Pathak, Dr. Suryakant Mishra.

147

Add. Shri Shankaracharyabhinav Sachidanandatirtha Skt. Mahavidyalaya, Dwarka (GJ).
Spl.Ref. Śuklayajurveda.
Mishra, Chanchal. M.A., M.Phil., Ph.D.,
Certificate in French & German. b. 19.07.1956.
Scr. Lect., Skt. Department, Delhi University,
Bks. 01. Vedāntatatvaviveka ek Adhyayan.
Ps. 08. Add. B – 2/25 D. Lawrence Road. Delhi–
35. Ph. 7190520.
Mishra, Chandi Charan. Acharya Paurohita,
Acharya Purāṇa. b. 06.03.1955, Purul, W.B.
Teacher. Gp. Kanhaiyalal Chakravarti,
Janakivallabha Kāvyatirtha. Add. Purul,
Midnapur (W.B.). Spl.Ref. Priesthood.
Mishra, Chandra Bhanu. Acharya. b.
15.03.1935, Maunaha, (U.P.). Principal. Gp.
Shatrughna Mishra. Ps. 02. Add. Vidya Darma
Samvardhini Skt. Pathsala, Mungera bazaar,
Chauri Chaura, Gorakhpur (U.P.). Spl.Ref.
Vyākaraṇa.
Mishra, Chandra Bhushan. Shastri, M.A.,
D.Phil.. b. 20.07.1938, Pratapgarh, (U.P.).
Asst. Prof. Bks. 02. Vaidika Sāhitya men
Marudgaṇa Eka Ālocanātmaka Adhyayana.
Add. Deptt. of Skt., Kashi Vidyapith, Varanasi
(U.P.). Spl.Ref. Veda.
Mishra, Chandra Shekhar. Acharya in
Vyākaraṇa, Sāhitya. b. 15.05.1927, Vill. Bari,
Gorakhpur, (U.P.). H.o.D. of Sāhitya. Gp.
Ramdev Tripathi, Pt. Vidyanath Dwivedi. Ps.
02. Add. Shri Kashi Vishwanath Skt.
Mahavidyalaya, Sanyasa Ashram, Ellis Bridge,
Ahmedabad (GJ). Spl.Ref. Vyākaraṇa, Sāhitya.
Mishra, Chandradev. Acharya in Sāhitya, M.A.,
D.Phil.. b. 15.01.1958, Chandrauta, (U.P.).
Principal. Gp. Bholanath Tripathi, Pt. Yogeshvar
Jha. Ps. 02. Add. Shri Sacha Adhyatma Skt.
Mahavidyalaya, Arail, Prayag (U.P.). Spl.Ref.
Sāhitya.
Mishra, Damodar Prasad. Acharya in Navya
Vyākaraṇa. b. 08.08.1938, Dhanela, (M.P.).
Gp. Shri Jagannath Shastri, Narahari Shastri
Dhatte, Anantaram Shastri. Ps. 02. Add. Kalekar
Bhari ki goth, Ramsingh ka Bagh, Lashkar,
Gwalior, (M.P). Spl.Ref. Vyākaraṇa.

