66



Sp. Dr. Sunil Dutt Vyas, Dr. Kaushal Kishore
Gothwal, Dr. Meena Jangidh. Bks. 10
Atrikhyātiḥ, Vedadharmavyākhyānam, Varṇasamīkṣā, Vyākaraṇa Siddhānta Sudhānidhi.
Ps. 80. Add. E-283 Naivedya, Rameshwar
Nagar, 1 st Phase, Basni, Jodhpur - 342005,
Ph. 0291-2741759, M. 09413165164. Spl.Ref.
Vyākaraṇa, Skt. Shikshak Award, Career Award
from UGC
Dubey, Yadunath Prasad. M.A., D.Phil, Acharya.
b.15.11.1952. HOD, Sampoornanand Skt. Uni.
Varanasi. Gp. Prof. Saraswati Prasad
Chaturvedi, Prof. Aadha Prasad Mishra, Prof.
Suresh Chandra Pandey, Abhiraj Rajendra
mishra. Sp. Dr. Krishna Kumar Tripathi, Dr.
Krishnapal Tripathi, Dr. K.P. Gupta, Dr.
Sikandarlal Prabhuti. Bks. 04. Vāgvaibhavam,
Prabanda Cintāmaṇi Eka Ālocanatmaka
Adhayayan, Vāgvitanam, Jaina Saṃskṛita
Mahākāvyam. Add. Vill. Nibikala, Post Jhunsi,
Distt. Allahabad.Spl.Ref. U.P. Skt. Sansthan
Visista Puraskar.
Dubey, Yogesh Chandra. M.A., D.Phil. D.Litt..
b. 01.03.1960, Vill. Mansil, Po. Menhadi, Dist.
Jaunpur (U.P.). Prof. & Head, J.R.H. Univ.,
Chitrakoot (U.P.). Bks. 05. Rāmāyaṇa Mañjarī
kā Sāhityika Anuśīlana, Saṃskṛta Sūkti Sudhā,
Hanumāna-Dhārā, Grāmya Gītāñjalī, Bīsavin
Śatī ke Pramukha Saṃskṛta Mahākāvyon Me
Citrita Bhāratīya Svādhīnatā Saṅgrāma. Ps.
21. Add. ‘Saraswatam’ Sant Kabir Marg,
Jankikund, Po – Nayagaon, Chitrakoot, Dist–
Satna (M.P.) Pin. – 485331. Ph. (05198)
224481, 09993234107, 09452032221. Spl.Ref.
Rashtriya Shiksha Ratna,Sāhitya Mahopadhyaya,Sāhitya Kala Shiromani.
Duddila, Narasimhamurti. Acharya. b.
02.06.1944, Karimnagar, A.P. Asst. Prof., Gp.
U. Ramanujacharya, M. Raghavacharya. Add.
S.V.V.S. College, 170, Old Air Port Road,
Baunipali, Sikandrabad, A.P. Spl.Ref. Nyāya
śāstra, Sāhitya.
Dudekula, Bannu Saheb. Vidvan. b. 14.08.1953,
Chintakutla, A.P. Gp. N. Jayaram Reddi, V.
Rajagopala. Add. S.V.V.O. U.P. School,

Ankalammapet, Pulivendula (A.P). Spl.Ref.
Sāhitya.
Dudhatra, RajaBhai ManjiBhai. Ph.D. b.
12.01.1949. Prof. Municipal Arts & Commerce
College, Near Girls Hostel Upleta. Add. Kalrav.
B.G. Girls Hostal Road Jawahar Society Upleta.
Spl.Ref. Alaṅkāra-Śāstra.
Dugarakoti, Paramanand. Acharya. b.
02.02.1945, Balena, Nainital, (U.P.). Principal.
Gp. Madanalal Tripathi, Jayadatta Kandapal,
Manasharama Shastri, Vedananda Jha,
Purushottam Tripathi. Add. Sanatan Satasang
Sanskrit Mahavidyalaya, Nainital (U.P.).
Spl.Ref. Sāhitya.
Duggal, Rita. M.A. B.Ed. b. 08.09.1955. Teacher.
Add. 1-F/49, Lajpat Nagar, New Delhi. 110024.
Spl.Ref.Sāhitya Śāstra.
Duraisvami Ayyangara, T.A.P. Nyāyaśiromaṇi.
b. 1916, Tiruchanur, A.P. Acharya (Rtd.
Principal). Gp. Das Shrinivasa Ayyangara,
Ramachandra Shastri. Add. Purisai,
Kanchipuram, TN. Spl.Ref. Sāhitya.
Durgacharana. Tirthopadhi in. Kāvya &
Vyākaraṇa b. 03.04.1941, Kaiti, Burdwan,
WB. Teacher. Add. Harisabha Chatuspathi,
Bardwan, W.B. Spl.Ref. Kāvya, Vyākaraṇa.
Durrany, Mohammad Khan. M.A., Ph.D. ExSecretary (N.I.C.), Dy. Director (Rtd.) R.Sk.S.
New Delhi. Bks. 150. The Geeta and Quran]
Bisharat-i-Rasul (in Devanagari Script on the
theme, How to gain Veto power), Translated
from Skt. To Hindi- Uttararāmacaritam,
Kirātārjunīyam, Mṛccha-ka-ikam, Three
Shatakas of Bhartṛhari, Arthaśāstra of Kautilya,
Saṃskritasāhitya kā Itihāsa, Rāmcaritamānasa
of Gosvāmī Tulasīdāsa, Rājatarangiṇī of
Kalhaṇa. Ps. 50. Add. Durrany Villa, B-74
Mohan Garden, New Delhi- 110059. Ph. (Res.)
011-5648996. Spl.Ref. Translated many
Sanskrit and Hindi Epic, Drama etc. into Urdu.
He is the known poet of Hindi, Skt. and Urdu
and gave saveral talks and recited poem or
A.I.R. and T.V. Delhi. A Member of Indian
Motion Picture Producers’ Association (Imppa)
Bombay.

