96



Jain, Barelal. b. Patha, Tikamgarh M.P. Shri
Shantinath Jain Vidhyalaya, Aharji M.P. Bks.
02. Śrī Āhāra Tīrtha, Stavanam (Sto-ṛaKāvya).
Spl.Ref. Rajvaida.
Jain, Bhagchandra ‘Bhagendu.’ M.A., Ph.D.,
Acharya, Kāvyatirtha, Gāndhi Darśana,
Sāhityaratna. b. 02.04.1937, Rithi, Katni M.P.
HOD P.G. College Damoh, Secetory M.P. Skt.
Academy Bhopal, Director, Rashtriya Prakrit
Adhyayan and Sansodhan Sansthan,
Sharavanbelgola KT. Director Skt. Prakrit Tatha
Jain Vidhya Anusandhan Kendra Damoh. Gp.
Sāhityacharya, Daya Chandra Siddhant, Panna
Lal, Prof. Ramji Upaddhyay etc. Sp. Dr. Savitri
Jain, Dr. Narendra Singh Rajput, Dr. Daya
Chandra. Bks. 04. Bhāratiya Saṃskṛiti meṃ
Jaina Tirthaoṃ kā Yogadāna, Prācīnābhilekhāḥ, Bhārtiya Darśana ke mūlatatva.
Jaina Sāhitya kā saṃskṛta vaṅmaya ko
yogadāna. Add. 28, Saroj Sadan, Saraswati
Colony, Damoh. M.P. Spl.Ref. Laxmi devi Jain
Award, Ahinsa International Sāhitya Award,
Jain Rashtra Gourav Alaṅkāraan Kolkata.
Kundalpur Puruskar, Rishabhdev Puruskar.
Jain, Bhagchandra. Acharya (skt.lit.), (prakrit
& Jainism), M.A. (Sanskrit, Pali, AIHCA), Ph.D.
(Pali & Prakrit), D.Lit. (Hindi,Pali, Prakrit
& Sanskrit) b.11.09.1936, Chattarpur, MP.
Rtd.Prof., Nagpur Univ.& Madras Univ. JointDirector, National Institute of Prakrit &
Research, Maysore Univ. Gp. Dr. Pannalal
Jain, Pt. Kailash Chandra Siddhantshastri,
Dr. Narayana Samatini Sp. Dr. Kastur Chandra
jain, Dr. B. Moharil, Dr. Lokhande, Dr.
Khandekar, Dr. Malati Bodele, Dr. Kala Trikule,
Dr. Athvale etc. Bks.75. Jaina Saṃskṛta Kośa,
Catuśśatakam, Jainadharma aura Paryāvaraṇa
Ps.200. Add. New Ext. Area, Tukaram Chaz,
Sadar, Nagpur – 440001. Ph. 0712-2541726
M.
09421363926.
Email
drbcjain@
hotmail.com, Spl.Ref Philosophy, Hindi,
Saṃkṛta, Pālī& Prākṛita. 24 Awards including
Kendriya Bharat Sarkar Ahimsha International
Award, President Award. Editor of research
journals Sharamana, Ratnatraya etc. Literary

contribution to the field of AIH, Culture &
Archaeology. Philosophy, Hindi, Skt., Pali &
Prakrit. America, Britain, Italy, Franc,
Germany, Shri Lanka, Thailand etc. President
Awardee.
Jain, Daya Chandra Siddhant Shastri. Acharya.
b. 1956, Bandari, Sagar M.P. Principal, Shri
Ganesh Varni Skt. College, Sagar M.P. Bks.
01. Ṣa-khaṇ©āgamarahasya. Spl.Ref. Syadvada
Vachaspati.
Jain, Daya Chandra. M.A., Ph.D. b. 11.08.1915,
Shahpur Magron, Sagar M.P. Principal. Shri
Ganesh Digambar Jain Skt. College, Sagar
M.P. Gp. Ganesh Prasad Varni, Pt. Dayachandra
Siddhant Shastri, Pt. Hajari lal Nyaytirth, Pt.
Mukul Shastri Khiste, Loknath Shastri,
Kapileshwar Jha, Pt. Baburam Jha. Sp. Sunil
Kumar, Acharya Vibhav Sagar, Prof.
Bhagchandra Jain, Prof. Bhagchandra Bhaskar,
Dr. Harindrabhushan Jain, Dr. Nanhe Bhai
Shastri. Bks 05. Amara Bhārati (Part 1 – b),
Śrī Caturviṃśati Sandhāna Mahākāvya,
Bhagavāna Mahāvīra Muktaka Śtavana,
Viśvatattva Prakāśakaḥ Sayādvāda, Varṇī ji
kā Jīvana Paricaya. Expierd on. 12.02.2006.
Jain, Dharmchandra. M.A. b. 07.10.1940,
Gambheeriya, Sagar, M.P. Prof. Gp. Dr.
Pannalal Dyanand Jain, Manik Chandra Jain.
Bks. 05. Dictionary of Buddhist Technical
Terms. Ps. 80. Add. 1756 B/6, Jyoti Nagar,
Near Neelam Theatre, Kurukshetra – 18. Spl.
Ref. Jain Darśanaa, Boodh Darśana, Pali and
Prakrit, President Awardee – 2009.
Jain, Dharmendra. M.A. (Skt., Prakrit, Jainsim
& Comt. relegion) Acharya (JainDarśana,
Sāhitya, Buddhism) Ph.d. b 24.08.1969
Development officer, Rashtriya Sanskrit
Sansthan Jaipur. Bks. 01 Tiloyapaṇṇatti kā
Sāṃskṛtika Mūlyāṅkana Ps.15 Add. Rashtriya
Sanskrit Sansthan, Jaipur Campus, Triveni
Nagar, Jaipur - 302018 M. 09461016260 Spl.
Ref Muni Punya Vijaya award 2010
Jain, Dolly. M.A., Ph.D. b. 29.08.1975. Jaipur
(Rajasthan). Ps. 01. Add. 94/185. Tulsi Marg.
Agarwal Farm. Mansarovar. Jaipur. Rajasthan.
Ph. 396940.

