
Tiwari, Rama Shankar. Baliya(U.P.). Principal,
Saket Mahavidyalaya, Faizabad (U.P.). Bks.
02. Vaidehyā Atītāvalokanam, Rādhāyā
Atītāvalokanam, Kāvya Tatvavivekaḥ(ed.).
Spl.Ref. Sanskrit, Hindi & English.
Tiwari, Ramji. M.A., NET, Ph.D. b. 04.01.1956.
Principal SJK Mahavidyalaya Firozpur,
Haryana. Bks. 01. Bhaviṣyapurāna eka
Anuśīlana. Add. Neekhil Nilayam, Subabazar,
Gorakhpur_273010.
Tiwari, Ranjan Prasad. Vyākaraṇa Sāhityacharya. b.01.08.1963. Principal. Gp.
Purushottama Dwivedi, Satyanand Shukla.
Ps. 03. Add. Dharmadasa Jain Devanagari
Sanskrit Vidyalaya, Kamboh Gate, Meerut
(U.P.). Spl.Ref. Vyākaraṇa & Sāhitya.
Tiwari, Ranjeet Kumar. Acharya, Vidyavaridhi.
b. 15.05.1978. Chapara. Bihar. Asst. Prof.,
Womens College Silchar. Gp. Prof.
Radheyshyam Dhar Dwivedi, Dr. Rajneesh
Kumar Shukla. Ps. 05. Add. Skt. Deptt.,
Womens College, Silchar. M. 09706457391.
tiwary_ranjeet@rediffmail.com Spl. Ref. Nepal.
Tiwari, Ravindra. Acharya, Ph.D.. b. 07.05.1957,
Deoria, (U.P.). Asst. Prof. Gp. Adyaprasad
Pandey. Ps. 03. Add. Shri Laxminarayan
Sanskrit Mahavidyalaya. Laxmiganj, Deoria
(U.P.). Spl.Ref. Vyākaraṇa.
Tiwari, Sachidanand. M.A (Skt., Hindi) Ph.D.
b. 05.08.1956. Ex-Asstt. Prof. Gorakhpur and
Delhi Univ., Dy. Director of Distance Education
& Officer in Charge - Research, Publication
& Scholarship Deptt., R.Sk.S., New Delhi.
Gp. Prof. Vishvambhar Nath Tripathi, Prof.
Devendra Mishra Sp. Keshav Dev, Ajit Singh,
Tarun Kumar. Bks.07. Ps. 10. Add. CF-278,
Ansal Housing Golf link-1, Sector Omega-1,
Greater Noida - 201308. M. 8802129002. Spl.
Ref. Sāhitya, Co-ordinating to Publishing of
Major Research & Contemporary Skt. Books
and study material for Distance Education.
‘Sanskrit Vimarsh’ Reserach Journal of R.Sk.S.,
New Delhi is publishing by his co-ordinating
also.

317

Tiwari, Shashi. M.A. Ph.d. Proficiency in German
b 16.10.1945 Lucknow, Asct. Prof., Maitreyi
College, New Delhi, Bks 21, Muktakakhaṇda,
Glimpses of Vedic & Ancient Indian Civilization,
Kenopaniṣad, Vaidika Adhyayana/Vedic
studies Ps 149. Add. 54 Saakashara
Appartment, A-3 Paschim Vihar, New Delhi110063. Ph. 011-25265237. M. 9810690322
E-mail Shashit_98@yahoo.com Spl.Ref. Vedic
Study, Skt. Sāhitya Seva Samman, Vidya
Alamkara etc. Italy, Canada, Nepal, USA,
Tiwari, Shashi. M.A., Ph.D. b.16.10.1945.
Lucknow. Asct. Prof., Maitreyi College,
University of Delhi. Bks.12. Ṛgvedīya Aprisūkta,
Muṇdakopaniśad(ed.), Iśāvāsyopaniṣad(ed.),
‘Sūrya Devatā’ Vaidik Aur Vedottara Saṃskṛta
Sūrya Stutiyoṃ Maiṃ, Indian Religion and
Culture. Ps. 100. Add. 54, Saakshara
Apartment. A–3, Pashcim Vihar. New Delhi–
110063. Shashit_98@yahoo.com. Spl.Ref.
Received- Sanskrit Shiksak Puruskar of Delhi
Sanskrit Academy. Rajasthan Academy Award.
U.P. Sanskrit Sansthan Award. U.P. Hindi
Sansthan Award. Delhi Sanskrit Academy
Award.
Tiwari, Shiva Darśana. M.A., Ph.D.
b.01.01.1940, Nanahal, Baliya, U.P. Prof. Govt.
P. G. College, Damoh, M.P. Sp. Dr. Leena
Patwa, Dr. Gayatri gupta. Bks. 03. Pāraskara
Gṛhyasūtra (Bhāṣyānuvāda), Saṃskṛta
Mahākāvyādarśa Vimarśinī. Ps. 21. Spl.Ref.
Editor Ṛcā & Anāmikā Magazines.
Tiwari, Sriniwas. B.Sc., Acharya in Jyotiṣa,
B.Ed., Ph.D. b. 18.01.1946. Rohtas, Bihar.
Prof., Jyotiṣa Deptt, SVDV, BHU, Varanasi.
Gp Prof. Rajmohan Upadhayaya. Sp. Dr Vijay
Kumar Pandey, Dr. Subhash Pandey etc. Bks.
04.
Āryabhatīyam,
Karmaprakāśa,
Keśavīyajātaka. Ps. 18. Add. Deptt of Jyotiṣa,
Faculty of SVDV, BHU, Varanasi- 05. Ph. 05422310912. M. 09412832612. Spl.Ref. Jyotiṣa.
Tiwari, Subhash Chandra. B.Ed., M.Ed., Ph.D.
b.09.11.1953, Sonari, Gazipur, U.P. Teacher.
Gp. D.D. Tiwari, Vachaspati Dwivedi. Ps. 04.
Add. Sampurnanand Sanskrit Vishwavidhyalaya, Varanasi. U.P. Spl.Ref. Sāhitya.

