
M. 08269492969, 09968156459. ashish.
kuthram@gmail.com Spl.Ref. Skt. Pratibha
Award from Delhi Skt. Academy, Editor Award
from DU.
Chaudhary, Bhagwan Bhai Nanji Bhai. Ph.D.
b. 01.12.1968. Prof. Arts & Commerce College,
Vaso Tehsil Nadiyad, Distt. Kheda Gujrat. Add.
Vaso Nadiyad. Distt. Kheda. Spl.Ref. Alaṅkāra
Śāstra.
Chaudhary, Binayendra Nath. Ph.D. Pali. b.
02.03.1931. Chittagong, Bengal. Prof. Pali
Skt. College, Kollkata. Bks. 05. Aśoka Ke
Abhilekha, Majjhimanikāya. Ps. 50. Add. C/
3C, Jaisri Park, Kolkatta – 34. WB. Spl.Ref.
He collaborated with the Royal Danish
Academy, Copenhegen for compiling a Critical
Pali Dictionary and has translated the Pali
Majjhimanikaya into Bengali, President
Awardee.
Chaudhary, Govind Bhai Nanji Bhai. Ph.D.
b.01.01.1967. Prof. Shri A.P.Patel Arts &
Commerce College Naroda Ahemdabad. Add.
12, Vinayak Residency Payal Nagar Road
Naroda Ahemdabad. Spl.Ref. Alaṃkāra Śāstra.
Chaudhary, Gunjeshwar. Sāhitya, M.A., Ph.D.
b. 07.08.1949. Rtd. Principal Hry. Skt.
Vidyapeeth, Baghola. Bks. 08 Viduranīti,
Paṇditarājakṛit Appayadīkṣhita Samīkṣāvivecanam, Sarojasundara, Vāṇi Vīnā. Ps. 25.
Add. Housing Board Colony H.No. 313, Palwal,
Haryana - 121102. Ph. 01275-258482, M.
09728227718, gunjeshwar chaudhary@
gmail.com. Spl.Ref.Sāhitya, Broadcasting of
more than 20 special speeches in the light
of Ramayana, Geeta, Mahabharata and
Classical Skt. etc. from All India Radio.
Chaudhary, Jaipal Sinha. M.A.. b. 02.11.1928.
Teacher (PGT), Society, Senior Secondary
School, New Delhi. Andhra Add. G-142, Press
Vihar, New Delhi – 110092. Spl.Ref. Sāhitya.
Chaudhary, Jaishankar. Acharya in Vyākaraṇa.
b. 04.04.1964, Rudrapur, Bihar. Asst. Prof.
Gp. Dr. Harshanath Mishra. Add. Shri Dadu
Adarsh Sanskrit Mahavidyalaya, Motidungari
Road, Jaipur (RJ). Spl.Ref. Vyākaraṇa.

45

Chaudhary, Manoharlal. M.A., Vidyālaṅkāra.
b. 28.08.1923. Prof., Deshbandhu Gupta
College, New Delhi. Ps. 03. Add. 16/3, Kalkaji,
New Delhi – 110019. Spl.Ref. Sāhitya.
Chaudhary, Mansingh Bhai M. Ph.D.
b.01.06.1967. Prof. Mahila Arts College
Motipura HimmatNagar Distt. Sambharkanta.
Add. 192, Shantinagar Society Himmat Nagar.
Spl.Ref. Vyākaraṇa Śāstra.
Chaudhary, Moundhji Bhai Babulal. Ph.D.
b.01.06.1969. Prof. Govt. Arts College Sector
15, GandhiNagar. Add. Vill Kiyadar, Post Gunja
Tehsil VishNagar Distt. Mehsana. Spl.Ref.
Vyākaraṇa Śāstra.
Chaudhary, Narayanaram. M.A. b. 22.03.1960,
Bhagalpur, Bihar. Asst. Prof., Shyama Charan
Vidyapith, Baunsi. Gp. Brajmohan Jha, Dr.
Sukheswar Jha. Add. Guru Dham, Baunsi,
Bhagalpur, Bihar. Spl.Ref. Yogadarśanam.
Chaudhary, Prabha Devi. M.A., M.Ed, M.Phil.,
Ph.D. b. 27.07.1954. Bihar. Asst. Prof., RSkS,
Bhopal Campus. Bks. 05. Jalad Rag, Sāhitya
Śikṣaṇam, Nibandha-saurabham, Pragata
Hindī Śikṣaṇa, Bhārtiyaśikṣāyāṃ Samasāmayika Samasyā Navinaprvṛtayaśca. Ps. 10.
Add. 172, Barfani Dham, Near Kunjan Nagar
Watertank, Phase – I, Baghsevania, Bhopal,
M.P. Ph. 0755 - 2800603.
Chaudhary, Ramvilas. M.A., Ph.D. b.
12.09.1947, Gonuchak, Begusarai, Bihar. VicePrinc., B.N. College, Patna. Add. Gulabi Ghat,
Mahendru, Patna- 800006 Bihar. Spl.Ref.
Sāhitya Śāstra, Vedānta Śāstra, Darśana Śāstra.
Chaudhary, Sandhya Ben Nansingh Bhai.
Ph.D. b.25.03.1969. Prof. Arts & Commerce
College Mandvi Distt. Surat. Add. B-35, Sainath
Society, Near Leemda Bus Stand Mandvi Distt.
Surat. Spl.Ref. Vedānta Śāstra.
Chaudhary, Shravan Kumar. M.A., Ph.D. b.
12.11.1952. Chanpura, Bihar. Asct. Prof., Dept.
of Sāhitya, K.S.D. Sanskrit Univ., Darbhanga
Bhawan, New Ganga Sagar, Darbhanga, Bihar.
Chaudhary, Ved Narayan. M.A., Acharya, M.Ed.,
Ph.D.. b. 01.03.1949. Bihar. Asst. Prof., RSkS,

