
Shukla, Acharya Devadatt Sarmopadhyaya.
Add. Shri Durga Vedavedanga Vidhyapith,
Maholia, Hardoi, U.P. Spl.Ref. Sāhitya, Darśana.
Chavada, Bahadurachanda. M.A., M.Phil.,
Ph.D.. b. 03.04.1908. Joint – Director - General,
Bharatiya Sarvekshana. Add. P-6, Hauz Khas
Enclave, New Delhi – 110016. Spl.Ref. Sāhitya.
Chavada, R.C.. M.A., Ph.D.. Asst. Prof. Sanskrit.
Add. Govt. Sanskrit College, Indore (M.P.).
Spl.Ref. Sāhitya, Saṅgītakāvya.
Chavala, Ramesh Chandra. Sāhitya pravīna,
M.Com., Ph.D.. b. 11.02.1945, Khargon,
Neemar (W), (M.P.). Gp Badariprasad Pandey,
Damodar Shastri, Rajivalochan Agnihotri.
Head. Add. Deptt. of Sāhitya, Govt. Sanskrit
College, Indore (M.P.). Spl.Ref. Sāhitya.
Chawda, Geeta Kumari Jhilu Singh. Ph.D.
b.01.07.1973. Prof. Govt. Vinyan College Sector
15, GandhiNagar. Add. Block No. 29/3, Sector
23, Near Post Office Gandhi Nagar. Spl.Ref.
Vyākaraṇa Śāstra.
Chawla, Pushpa. M.A., B.T.. b. 13.04.1936.
Teacher (PGT) Sanskrit, Govt. Girls Senior
School No. 2, Janakpuri, New Delhi. Ps. 03.
Add. B01/318, Janakpuri, New Delhi– 110058.
Chennu, Narayana Ayyangara. Vedabhushan,
Yujurveda-Acharya,
Vidyavaridhi.
b.
24.10.1901, Melkote, Karnataka. Add. 62,
S.B.M. Colony, Ananda Nagaram, Bangalore,
KT. Spl.Ref.Sāhitya, Yujurveda, Karmakāṇda.
Chettiarthodi, Rajendran. M.A., Ph.D.. b.
12.11.1952. Perumudiyun, Pattambi, Dist.
Palghat, Kerala – 679303. Prof. Calicut Univ..
Gp. Punnasseri Nambi Neelakantha Sharma,
Vidwan C. Govindan Nair, Mahamahopadhyaya Prof. V. Venkataraja Sharma. Sp.
Dr. N.K. Sundareswaran. Dr. J. Vasudevan,
Dr. V.R. Muraceedharan, Dr. J. Prasad. Bks.
05. Vyaktiviveka – A Critical Study, Studies
in Comparative Poetics, Sign and Structure,
The Traditional Sanskrit Theatre of Kerala,
Abhīnaya-Darpaṇa. Ps. 200. Add. 26/1097,
Rajadhani, J.P. Kumaran Nair Road, Chevayur,
Calicut – 673017. Ph. (0495) 2354624. Mob. –
09447000624.

47

Chhabara, Gulabchand. Ph.D. Acharya. b. 1921.
Vill. Goner. Jaipur (Rj.). Principal. Digamber
Jain Sanskrit College. Jaipur. Spl.Ref. Poet,
Drama writer of Sanskrit & Hindi, Expert in
Karmkāṇda.
Chhailabihari, Sharma. M.A. (Skt.). b.
22.11.1935. Teacher. Add. H.No. 6, Pandit
Park Extension, B-Block, Krishna Nagar, New
Delhi – 110051. Spl.Ref. Sāhitya.
Chhatre, Vishvanath Keshav. Bks. Apūrva Shānti
Sangrām. (Drama on Gāndhi ji ki Dāndi Yātra).
Chhotu, Prasad. M.A., B.Ed.. b. 10.08.1960,
Patna, Bihar. Add. Sodhara Inter College,
Biharsharif, Nalanda (Bihar). Assistant
Teacher, Sodhara Inter College.
Chidambara, Joyisa Biruru, B.R. Vidvān in
Dharmaśāstra & Jyotiṣa. b. 11.09.1914, Biruru,
Chikkamagalur, KT. Rtd. Principal, Mattur
Maha Sanskrit Pathasala, Shimoga, KT. Gp.
Venkatarama Bhatta, Malladi Shastri. Add.
B.M. Temple Street, Biruru, KT – 577116.
Spl.Ref. Sāhitya, Advaita Vedānta.
Chidghananand. b. 1895. Gp. Lakshaman
Shastri, Achyutanand. Bks. 01. Brahmasūtrabhāṣyanirṇaya. Expired. 1945. Spl.Ref.
Brahmasutrabhashyanirnay pub. by Ram
Krishna Sevashram Press, Varanasi.
Chinmayakumara, Kavyatirthankara. b.
20.03.1945. Add. Vill. Abana, P.O. Gobra,
Dist. Midnapur (W.B.). Spl.Ref. Kalikinkara
Shastri Saptatirtha.
Chippadi, Chinnasubbareddi. Sāhityaśiromaṇi,
Shiksashastri. b. 01.07.1957, Krishnangaripalli, Chuddapah, Andhra Pradesh. Add.
Shri Mittamalleshwar Swami Oriental High
School, Pulivendula – 516390 (A.P.). Spl.Ref.
Sāhitya.
Chitra, N. M.A. b. 20.09.1943. Chennai. Add.
5. Kamala Rai Street. Chennai – 600017. Ph.
8280335.
Chitteti, Markandey. śiromaṇi, Shiksha- shastri.
b. 20.06.1946, Buttireddi, Khandug, A.P.
Teacher. Gp. S. Laxmanayya Nayadu, N.C.V.
Narasimhacharyalu. Add. Shrinivasa Sanskrita

