
Athwalainse Surat. Add. 101 G. Kalpana Society
Near Jain Mandir, Surat. Spl.Ref Vedānta
Śāstra.
Joshi, B., Rajeshwara, Shastri. b. 13.09.1955.
Dharwad. Add. Shastriwada, Haletaluk, Kacheri
Gali. Dharwad, KT – 580001. Ph. (0836)
446869. Spl.Ref. Nyāya Choodamani,
Vidvanvidyabhushan.
Joshi, Balakrishna Dattatraya Khedagamvakara. Vedaratna. b. 21.07.1916. MH.
Vaidika Veda exponent. Gp. LaksSmana Shastri.
Add. Kailash Bamanbari, J. Phule Road.
Dombiwali (West), Thane Dist. MH. Spl.Ref.
śuklayajurveda Mādhyandina-vājasaneyīśākhā.
Joshi, Bhalachandra Shastry. Navya Nyāya,
Vedānta Mīmāṃsā, Vyākaraṇa, Jyotiṣa,
Alaṅkāra Śāstra, Dharam Śāstra. b. 15.06.1919.
Rtd. Principal Jagadguru Shankaracharya
Sanskrit Pathshala, Dharwad. Bks. 04. Spl.Ref.
As illustrious scholar of traditional Sanskrit
learning, Pt. Joshi has not only been honored
by many Peethadhipatis with various title
but also good number of them have been
taught by him, President Awardee.
Joshi, Bharti Ben R. Ph.D. b. 26.01.1964. Prof.
Arts & Commerce College, Motipura Himmat
Nagar. Add. 8 Jalbindu Society VatvaRoad,
Ghodhasar Ahemdabad. Spl.Ref. Vedānta
Śāstra.
Joshi, Chandu Bhai Chiba Bhai. M.Phil, Ph.D.
b. 01.06.1942. Prof. Smt. J.P. Shrof Arts
College, Valsad. Add. 105, Jal Kamal Society
Beejalpur Road, Navsari Distt. Valsad. Spl.Ref.
Alaṅkāra Śāstra.
Joshi, Dattaraya Ghanashyam. B.A., M.Ed..
b. 24.03.1930, Keravadi, Karnatak. Add.
Karnatak Univ., Dharwar (KT).
Joshi, Deepak Kumar P. Ph.D. b.13.01.1970.
Prof. Shri K.N.S.B.C.Arts & Commerce College
Kheralu Distt. Mehsana. Add. Vill. Post
Madropur Tehsil Kheralu Distt. Mehsana.
Spl.Ref. Alaṅkāra Śāstra.
Joshi, Dharmanand. Acharya in Sāhitya, M.A.

115

b. 24.11.1961, Madhyavali, U.P. Principal.
Gp. Manishirama Brahmachari, Shyamasundara Sharma. Add. Shri Gauri Shankar
Skt. Mahavidyalaya, Govatsa, Kanalaudhina,
Pithauragarh (U.P.). Spl.Ref. Sāhitya.
Joshi, Durga N. Ph.D. b.22.03.1958. Prof. Yogiji
Maharaj College Yogi Nagar Dhari. Add.
Spandan Yogi Nagar Dhari Distt. Ambreli.
Spl.Ref. Vyākaraṇa Śāstra.
Joshi, Girishachandra. Acharya in Sāhitya.
b. 13.11.1942, Deval Vishrala, Almora. U.P.
Teacher. Gp. Pt. Mohanachandra Joshi,
Dineshachandra, Durgadatta Pathak. Add.
Junior High School, Bheta. Almora (U.P.).
Spl.Ref. Sāhitya.
Joshi, Gopalprasad. Acharya in Phalita Jyotiṣa.
b. 31.07.1959, Koda, M.P. Gp. Prabhakara
Joshi, Dayashankar Vajapei, Nandakishor
Shastri, Ganeshadatta Shastri. Ps. 01. Add.
Government Sanskrit Mahavidyalaya. Ujjain
(M.P). Spl.Ref. Jyotiṣa.
Joshi, Gunavant. Acharya in Sāhitya, Shikshashastri. b. 05.11.1962, Chayarada, Gujarat.
Gp. Narayana Mishra, Lalaji Bhai Motha. Add.
Shri Shankaracharya Abhinava Sachidananda
Tirtha Sanskrit Mahavidyalaya, Dwaraka–
35(GJ). Spl.Ref. Sāhitya.
Joshi, Haresh Arunbhai. M.A. in Vedānta, B.Ed.,
b.15.12.1963, Porbandar (GJ.), Bks.05.
Nītiśatakam, Svapnavāsavadattam, Karṇabhāram, Saṃskṛta Sāhitya kā itihāsa, Vedānta
darśanam. Ps.03. Add. Bhaktipark, Plot No.
2256 – C/6, Fulwadi Chok, Hill Drive, Bhav
Nagar. – 364002.
Joshi, Harish Chandra. Acharya in Sāhitya,
B.Ed. b. 12.04.1954, Jaspur, Almora, U.P.
Teacher. Gp. Asharam Upaddhyay, Mansharam
Shastri. Add. Muradabad, U.P. Spl.Ref. Sāhitya.
Joshi, Hem Chandra. M.A., Acharya, Ph.D.
Tradition in Sāhitya, Nyāya, Mīmāṃsā. b.
31.07.1925. Allahabad, U.P. Rtd. Prof. Deptt
of Skt. Gorakhpur Univ. Bks. Udayanācāryakṛita Nyāyakusumāñjalī Ps. 80. Spl.Ref.
Columbo Plan Prof. at Tribhuwan Univ.

