314



Thapliyal, Ashok. M.A., Ph.D. b. 01.07.1979,
Joshimath, Uttarakhand. Asst. Prof., R.Sk.S.,
Bhopal Campus. Gp. Prof. Shukdev Chaturvedi,
Prof. Omkarnatha Chaturvedi, Prof. Prem
Kumar Sharma, Prof. Devi Prasad Tripathi,
Pd. Ramdayal Maiduli. Bks. 01. Vāstū
Prabodhini. Ps. 08. Add.R.Sk.S. Bhopal
Campus, Sanskrit Marg, Bagsevaniya, Bhopal.
E-mail: dr.ashokthapliyal @gmail.com
Thapliyal, Bhagat Ram. Acharya in Siddhānta
Jyotiṣa. b. 1933, Tairi, Pauri, Garhwal. Rtd.
Principal & HOD, Shri Badrinath Ved Vedang
Skt. College, Joshimath, Chamoli, U.K. Gp.
Pt. Awadh Bihari Tripathi, Pt. Mithalal Ojha.
Sp. Prof. Devi Prasad Tripathi. Pt. J.P. Sati.
Ps. 05. Expired on 30.04.1994. Spl.Ref.
Siddhānta Jyotiṣa.
Thapliyal, Devendradatta. M.A. b.22.02.1946,
Mukhem, Tehri, (U.P.) Teacher. Gp.
Devendradatt Dabaral, Laxmidattji Shastri,
Mahanandji Shastri. Ps. 03. Add. Shri Sarasvati
Sanskrit Vidyalaya, Jogathachaga, Varanasi.
Thapliyal, Jagadish Prasad. Acharya.
b.21.08.1950, Brahmanthala, U.P. Gp.
Sundaraprakasa Thapaliyala. Ps. 03. Add.
Brahmanthala, Chamoli (U.P). Spl.Ref. Sāhitya.
Thapliyal, Vishnu Dutt. Acharya in Sāhitya.
b.04.08.1947. Asst. Prof. Gp. Devendra Dutta
Dubral, Kumud Prasad Sharma. Ps. 03. Add.
Near Shri Patitapavaneshwar Mahadev, Near
Haribharati Netra Chikitsalaya, Sannyas Road,
Kankhal, Haridwar, U.P. Spl.Ref. Sāhitya.
Thiagarajan, R. M.A. Ph.D., b.02.12.1951,
Injikkollai. Head, President College, Chennai.
Bks.08. Cidambarā’s Bhāgavata Campus Study.
Ps. 50. Add. Head of The Postgraduate &
Research Dept. of Sanskrit. Presidency College,
Chennai-05.
Thirunalloor, Karunakaran. b.08.10.1924,
Kollam (Quilon). Asst. Prof., Govt. Arts College
and Univ. College, Kerala. Gp. Prof. Elamkulam
Kunjan Pillai. Bks.20. Meghasandeśam,
Abhijñānaśākuntalam (ed.), Rānī, Rathri,
Grīṣmasandhyākāla. Expired on 05.07.2006.

Spl.Ref. Awards: Aron Award-1984, Vayalar
Award-1988, Mullor award-1992, Abudabi
Shakti Award, Kerala Sāhitya Akademy Award
of lifetime contribution-2000.
Thite, Ganesh. M.A., Ph.D. b. 02.05.1944, Pune,
Asst. Prof., Bhandarkar Institute, Pune. Bks.05.
Music in the Veda, History of Sanskrit
Philosophy. Add. 21, Vrandawana Garden,
Pune.
Thorat, Shivram Chotu Bhai. Ph.D.
b.02.06.1968. Prof., Shri Parekh Arts College,
Mahua, Bhav Nagar. Ps. 03. Add. Pipalkheda,
Vasanda, Navsari. Spl.Ref. Vedānta Śāstra.
Thuwal, Daya Krishna. Acharya in Sāhitya,
Shikshacahrya, M.A. (Hindi). b. 01.05.1976.
Nanital. Asst. Prof., Uttarakhand Skt. Univ.,
Haridwar. Add. Uttarakhand Skt. Univ.,
Haridwar. M. 09411324094. dthuwal@
gmail.com
Timmappa-dikshit, Chennakeshav-dikshit
Matturu. Taittiriya Kṛṣṇa Yajurveda-kramanta,
DharmaŚāstravidvat. b.1923, Mattur, Shimoga,
KT. Gp. Shrinivasava-dhani, Subrahmanyabhatt. Add. Krisivala, Mattur, Shimoga (KT).
Spl.Ref. Kṛṣṇa-yajurveda DharmaŚāstra, &
Advaita-Vedānta.
Tirth, Kalidas. Kāvya Vyākaraṇaopadhi.
b.03.03.1912, Karakona, Burdwan, W.B.
Principal. Gp. Kripamai Vedāntatirtha. Ps. 05.
Add. Burdwan Hari Seva Chatuspathi, Burdwan
(W.B.). Spl.Ref. Vyākaraṇa.
Tirumananjeri, Shrinivasan Devanathan. b.
27.12.1948, Tiruvandipur, South Arcot, TN.
Gp. A.V. Esambara Dixit, Shankar Narayana
Sharma, Ved Parayankarta. Add. Shri
Govindaraj Swami Devasthanam, Tirupati
(A.P.). Spl.Ref. Sāmaveda.
Tiruvengadattan, A. M.A., Ph.D. b.27.06.1933,
Alwaratirunagari, TN. Asst. Prof., Gp. Nallan
Chakravarti vidvan. Ps. 03. Add. D. G.
Vaishnava College, Madras – 600106. (TN).
Spl.Ref. Sāhitya.
Tiwari, Asha. M.A. Ph.D. b.30.06.1969. Garhwal
(Uttaranchal). Guest Lecturer. Ps. 10. Add.

