82



Vyākaraṇa Mimāṃsā & Advaita Vedānta. b.
31.10.1925. Kothangudi Near Kumbakonam
(TN). Add. Old No. 70. New No. 27. Surendra
Nagar, Sixth Street, Adam Bakkam, Chennai–
600088. Ph. (044) 22601068.
Ghanasyam. Acharya in Vyākaraṇa. b.
06.11.1946, Matyi, Garhwal, U.P. Gp.
Mahanandaji Shastri. Asstt. Teacher. Add.
Shri Jagadev Singh Sanskrit Mahavidyalaya,
Haridwar (U.P). Spl.Ref. Vyākaraṇa .
Ghanghla, Praveen Bhai Maku Bhai. Ph.D.
b.10.01.1969. Prof. Shri H.M.V. Arts &
Commerce College Delwadha. Add. Matushri
Paras Society Block No. 28 Delwadha Road
Una Distt. Junagarh. Spl.Ref. Alaṅkāra Śāstra.
Ghatage, Amrit Madhav. M.A. (Pālī, Prākṛta,
Skt., English), Ph.D. b. 10.08.1913. Kolapur.
Honourary Secretary BORI, Pune. Bks. 06.
Ps. 75. Spl.Ref. Pālī and Prākṛta. He has got
Rockfeller, Foundation Fellowship at Univ.
of Pennsylvania served at Rajaram College
Kolapur, Deccan College, Pune & Univ. of
Pune, President Awardee.
Ghimire, Shri Krishna Prasad Sharma. b. 1921.
Katmandu. Nepal. Bks. 13. Śrī Kṛṣṇacaritāmṛatam, Vṛattāvadham, Yayāticaritam,
Nāciketasam.
Ghosal, Bhaskarjyoti. M.A., Ph.D. b. 02.01.1960,
Burdwan. Asct. Prof. Skt. Deptt Univ. of
Burdwan. Bks. 01. Add. Deptt. of Skt. Univ.
of Burdwan W.B. - 713104. M. 09434224521.
Ghosh, Bidyut Baran. M.A. M.Phil. Ph.D. b.
06.04.1950. Senai (W.B). Prof. A.B.N. Seal
College, Cooch Bahar. W.B. Ps. 15. Add. 11–
C. Snuff Millst. Belgharia. Calcutta – 700056.
Ph. (033) 5640157.
Ghosh, Dipak. M.A. Ph.D. b. 24.01.1941.
Calcutta. Bks. 06. Abhāva Vimarśa, Vilāpa
Pañcikā, Sa‚skṛta Rabīndra Saṅgītam, Megha
Vilāpa, Suravāg Vilāsa, Amara Vilāpa, Ujjayanī
Vilāsa. Add. 233. Green Park. Sharada Pally.
Calcutta. – 700055. Spl.Ref. Sāhitya, Darśana,
Poet in Skt. and Bengauli.
Ghugrawala, Hemangini Rameshchandra.

Ph.D. b.30.11.1969. Prof. Sahjanand Arts
College Ambawadi Ahemdabad. Add. 931/
1 Sector 3D, GandhiNagar. Spl.Ref. Vedānta
Śāstra.
Ghule, Rajaram. Acharya. b. 17.04.1942.
Varanasi. Add. 1314/946. Daragunj. Allahabad.
U.P. Ph. (0532) 2508584. Spl.Ref. Ved –
Pandit– Award – U.P. Sanskrit Academy,
Lucknow.
Ginde, Vasudev Purushottam. B.A., M.A.
(Sanskrit, Marathi), Ph.D.. b. 19.01.1937, Bks.
05. Kallola Amṛtāche, Jñyāneśwarītīl
Rasatīrthe, Ek Rasasvāda. Spl.Ref. Pune
Vidyapeetha Puruskar on Kallola Amṛtāche.
Gira Ataliwala, Tribhuvandas. Alaṅkāra &
Purāṇa Śāstras. b.31.05.1947, Bharuch. Ps.
02. Add. 27. Nilkamal Society, App. Pujan
Flats, Paldi, Ahmedabad – 380007.
Giri, Goswami Prahlad. Acharya, Sāhitya
Śaṅkara Vedānta & Darśana, LL.B. b.
22.06.1959. Balangiri, Odhisha. Guest Teacher
Deptt. of Dharmaagarm. Faculty of SVDV,
BHU, Varanasi. Gp. Sri Sanakaracharya Guruparamapara & Sri Vidyagam. Bks. 29.
Bhairavīmahāvidyā, Bhuvaneśvarī Mahāvidyā,
Ṣodaśī Mahāvidyā, Śrī Cakranirūpaṇam,
Savṛttiraśtādhyāyī. Ps. 01. Add. K22/2 Durgaghat, Varanasi. 221001 M. 09451362769.
poornapeetham@gmail.com Spl. Ref. Agamtantra, Vyākaraṇa, Sāhitya, Philosophy,
Honoure by U.P. Skt Academy.
Giri, Vishwambhar Nath. M.A. (Sāhitya,Old
Nyāya). Ph.D. b. 01.04.1953, Mirzapur. Lect.
Bks. 03. Vādīvinodaḥ, Śrī Kriṣṇalīlā,
Daśakumāracaritam. Add. 1/67 – MIG. Avas
– Vikas Colony. Plan – 3. Jhunsi, Allahabad
(U.P.). Ph. 605652.
Girijashankar. M.A., Sāhityaratna. b. 26.09.
1933. Teacher, Govt. Model Senior Secondary
School, Civil Lines, New Delhi, Add. 5818,
Jogivara, Nai Sarak, Delhi – 110054. Spl.Ref.
Sāhitya.
Gitamani, R. Sāhityaśiromaṇi, Shikshashastri,
Shikshacharya. b. Age 29 yrs. in 1989, Airanta,

