
Smārtaprabhu, Pratiṣ-hā-prabhu, Vivāhapaddhati, Upanayana Paddhati, Vāstuśānti
Paddhati. Expired. 1941. Spl.Ref. M.M. awarded
by British Govt. in 1941. Title of Vaidik samrat.
Yajniksamrat. Vaidikchakravarti. Vidyavachaspati. Vidyabhushan. Dharmalankar.
Mahapandit etc.
Goutam, Naunihal. M.A., Ph.D., NET, JRF.
b. 15.01.1984, Jalalpur, Sheopur M.P. Guest
Faculty (Skt.) Dr. H.S.Gour Univ. Sagar. Gp.
Dr. Vayunandan Sharma. Add. Near Water
Tank, Madhuvan Colony, By pass Road,
Sheopur M.P. Spl.Ref. Gold Medal, faculty
fo Arts in J.U. Gwalior.
Govindam, K. E. Nyāyaśiromaṇi, Shiksha Shastri,
Vidyavaridhi, Tradition in Kṛṣṇayajurveda,
Taitirīyaśākhā, Mīmāṃsā, Viśiṣ-ādvaita
Vedānta. b. 03.09.1948. Ex-V.C., Prof.
Rashtriya Sanskrit Vidyapeetha, Tirupati. Bks.
17. Dharmavijayacampū, ātmatvajātivicāra,
Vaikuṇ-havijayacampū. Ps. 50. Add. 6-8-1139,
NGO Colony Tirupati – 07. AP. Spl.Ref. Veda
Vedang,
Mīmāṃsā,
Kṛṣṇayajurveda,
Manuscriptology, Honoured by the title of
Vipaschinmani, Navya Nyāya Praveen,
Spl.Honour MP Skt. Board, Member of Several
Academic Bodies. President Awardee.
Goyal, Rajendra Prakash. M.A., B.Ed. b.
23.04.1947. Teacher, Ram Rishi Sanskrit
Mahavidyalaya, Karala. Ps. 02. Add. Goyal
Bhawan, R-32, Buddha Vihar, Phase – I, Delhi–
110041. Spl.Ref. Sāhitya.
Goyal, Rajrani. M.A., Ph.D.. Asst. Prof. Add.
Deptt. of Sanskrit, Lady Shriram College for
Women, Lajpat Nagar, New Delhi – 110024.
Spl.Ref. Veda, Linguistics.
Guduru, Laksmidevamma. Acharya, Shikshashastri. b. 04.05.1952, Krishnan-garipalli,
Cuddapah Dist. A.P. Teacher. Add. D. No.
1/546, Ankalpet, Pulivendula, Cuddapah Dist.
(A.P.). Spl.Ref. Sāhitya.
Guha, Dinesh Chandra. M.A., D.Litt. b.
01.02.1912, Faridpur (Bangladesh). Ps. 02.
Gp. Dr. Satkari Mukhopadhyaya. Add. D-47/

87

67, Rampur, Varanasi – 221010 (U.P.). Spl.Ref.
Vedānta.
Gulati, Charan Das. M.A. b. 05.08.1931. Teacher
(PGT). Govt. Senior Secondary School No.
1, Lajpat Nagar, New Delhi. Add. 1, G-89,
New Township, Faridabad (HR). Spl.Ref.
Sāhitya.
Guleri, Pt. Chandradhar Sharma. Studied
Sāhitya, Darśana, Linguistics. b. 07.07. 1883.
Jaipur. Prof. Meyo College. Ajmer. Bks. 03.
Pṛthvīrāja Vijaya (ed.), Pañcanadadeśastavaḥ,
Usane Kahā Thā. Ps. 20. Expired. 12.09.1922.
Spl.Ref.. Translated Samrāta Siddhānta from
Sanskrit to English in 1901. wrote many articles
in ‘Sanskrit Ratnakar’ from 1910 to 1914.
Edited ‘Samālochak’ & ‘Nāgarīpracariṇī’
magzines. He wrote famous hindi story ‘Usane
kahā thā’.
Gullapalli,
Ghanapathi
Anjaneya.
Kṛṣṇayajurved Śrauta, Smārta, Atharvaveda,
Vedāṅga, Sāhityam. b.
29.08.1934,
Iragavaram. Add. H.No. 10-59. Behind Old
Post – Office. Iragavaram. West Godavari.
Dist. A.P. – 534217. Ph. (08819) 289254.
Spl.Ref. Veda. President Awardee.
Gullapalli, Ramkrishnamurti. Acharya in
Sāhitya, M.A., Ph.D.. b. 01.01.1958. Asst. Prof..
Add. Kendriya Sanskrit Vidyapitham, Aliganj,
Lucknow (U.P.). Spl.Ref. Sāhitya.
Gullapalli, Sriram Krishanmurthy. Sāhtiya
Praveen, POL, Shiksha-Shastri, M.A.,
Vidyavaridhi. b. 11.11.1918. Paschim Godawari, A.P. HOD and Prof., Rashtriya Sanskrit
Vidyapeeth, Tirupathi. Bks. 02. Vānikī, Tau
Yakṣau Punarāyātau. Ps. 16. Spl.Ref. Sanskrit
Sāhitya Puraskar from U.P. Skt. Academy 1992,
Poet.
Gundecha, Sangeeta. M.A. Ph.D. M. Music.
b. 01.04.1974. 62. Sakhipura. Ujjain. (M.P.).
Asst. Prof. Sanskrit. Rashtriya Sanskrit
Sansthan, Bhopal. Bks. 03. Bhāsa kā
Raṅgamañca, Udāharaṇa Kāvya, Samakālīna
Raṅgamañca meṃ Nā-yaśāstra kī Upasthiti.
Ps. 50. Add. 15. Prof. Colony, Bhopal – 462002.

