
Virakar, Purushottam Narayan. M.A., B.T.,
T.D. b. 1911. Asst. Prof., Deptt. of Sanskrit,
Tilak Maharashtra Vidyapeeth, Pune. Bks. 07.
Sa‚skṛtavihāraḥ,
Sa‚skṛtakaviśreṣ-haḥ
(Marathi), Kokilakūjitāni, Sa‚skṛta-nibandhalekhanam, Sarasanā-ikā, Kiśorasaṅgitam,
Kalpalatā (Marathi). Add. C-4/48-49, Laxmi
Park, Pune – 411030 (Maharashtra). Spl.Ref.
Sāhitya.
Viramani, Kamalesh. M.A., Ph.D., Diploma
German. b. 23.01.1944, Sargodha, (in
Pakistan). Asst. Prof., Janaki Devi
Mahavidyalaya, Delhi University. Gp. Dr. Dixit.
Add. 1716/57 Hari Singh Nalawa Marg, Karol
Bagh, New Delhi – 110005. Spl.Ref. Sāhitya,
German.
Viravalli, Vasudevacharya. Shiromani. b.
15.06.1925, Uttaramerur, T.N. Gp.. Kodavasala
Swami Gosnipuram. Add. 11, Virapperumal
Street, Uttaramerer, Chengalpat, T.N. Spl.Ref.
Vedānta śāstra.
Virendra Kumar. Acharya in Sāhitya, Vidhyavachaspati, Śikṣāśāstra. b. 15.01.1961.
Asst.Prof., Shri Lalbahadur Shastri Kendriya
Sanskrit Vidhyapith, New Delhi. Ps.10. Add.
C-44-A, Nanhe Park, Om Vihar, Uttam Nagar,
New Delhi. Spl.Ref. Sāhityaśāstra.
Virthare, Jagadish Pprasad. Acharya in
Vyākaraṇa, M.A. b. 07.04.1954, Semakhedi,
M.P. H.O.D. of Vyākaraṇa. Gp. Smt. Mira
Gautama. Ps. 05. Add. Sri Gautam Prachya
Post Graduate Mahavidyalaya, Kasaganj, Etah
(U.P). Spl.Ref. Vyākaraṇa.
Visalakshi, M. M.A. Ph.D. b. 12.04.1948.
Thanjavur. Research Assistant, Madras. Ps.
01. Add. Research Assistant. Dept. of Sanskrit
University of Madras. ORI. Merina Campus.
Chennai. Ph. 8444933.
Visalakshy, P. M.A. Ph.D. b. 25.02.1948.
Tattaman Galam. Bks. 06. Development of
Sanskrit Language from Mahābhāṣya to Kāśikā,
Rāmavarmā Vijaya Campū Critical Edition,
Alphabetical Index of Sanskrit Manuscripts
(Vol. V-VI), Prakriyāsarvasva Candrakhaṇ©a.

351

Ps. 24. Add. Poonuthura. Anupama Nagar.
Pongummoodu. H.B. Colony. Medical College.
P.O. Thiruvanantha-puram. Pin. 695011. Ph.
(0471) 448958.
Vishnumurti, Manjitya K. Vidvaduttama. b.
16.10.1955. Asst.Prof., Dvaitavedenata Vidvan.
Add. Purnaparagya Vidyapitham, Bangalore,
KT. Spl.Ref. DvaitaVedānta.
Vishveshawar, Siddhant Shiromani. Nyāya,
Sāhitya, Director Ramdas Darśana Peeth.
Vrindavan. Gurukul (U.P.). Bks. 05.
Nītiśāstram, Manovijñāna Mīmāṃsā, Sāhitya
Mīmāṃsā, Vaidic Sāhitya Kaumudi. Pāścātyaṃ
Tarkaśāstram.
Vishwa Prakash. M.A. Ph.D. b. 15.12.1935.
Khada Distt. Kushi Nagar (U.P.). Asct. Prof.,
LBS, Rashtriya Skt. Vidyapeetha, New Delhi.
Add. 0/39. Vijay Vihar. Uttam Nagar. New
Delhi – 59. Spl.Ref. Veda & Sāhitya.
Vishwakarma, Hiralal. Acharya, M.A., Ph.D.
b. 01.07.1952, Rasoolpur, U.P. Principal. Gp.
Kapil Dev Mishra, Dr. Ramnath Dwivedi. Bks.
Atharvavedacikitsāvijñānam. Add.A.D.N.
Pharmacist Medical College & Hospital, G.T.
Road, Mohan Nagar, Ghaziabad U.P. Spl.Ref.
Sāhityaśāstra, Āyurveda.
Vishwas, S. K. M.A., B.T. b. 01.01.1940. Principal,
Govt. Boys Senior Secondary School No. 2,
Moti Bagh, New Delhi. Ps. 02. Add. 23/14,
M.B. Road, Sector-1, Pushpa Vihar, Saket,
New Delhi. Spl.Ref. Sāhityaśāstra.
Viswajit Kumar. M.A., NET, Ph.D. b. 25.10.1970.
Jahanabad, Bihar. Asst. Prof. Nava Nalanda
Mahavihar, Nalanda. Bks. 02. Ps. 19. Spl.Ref.
Pali, He has organized 21 Days Workshop
of Pali Spoken Course Twice,
Vyas, Anand Swarup. Jyotiṣatirtha. b. Ujjain,
M.P. Gp.Sanskrit Pt. Sharana Vyas. Bks.
Bhaviṣya Ratnākara Patrika, Nārāyaṇa Vijaya
MahākālaPañcāṅga. Add. Panchanga Office,
Anand Bhavan. Bade Geneshji. Ujjain (M.P.).
Spl.Ref. Jyautisa. Awards. M.P. Government
Award.
Vyas, Ashok Kumar. M.A., Ph.D., b. 01.09.1975,

