238



Svāmīnārāyaṇa Caritamānasa, Bhagavāna
Svāmīnārāyaṇa eka divyajīvana Gāthā, Śrī
jī Caritra Vihāra, Bhaktacaritam. Add.
Swaminarayan Mandir Shahibag, Ahemdabad380004. Spl.Ref. Skt. Braja, Hindi, Avadhi
language & Literature.
Sadhu, Akshar Charan Das. Shastri in Sāhitya.
b.15.11.1952 Antoli, Varodara GJ. Asst.Prof.
BAPS Swaminarayan Mandir, Sarangpur. Gp.
Swaminarayan Bhagwan, Bhagatji Maharaj.
Bks. 05. Pramukhavā-ikā, Pramukhanikuñja,
Pramukhapallava, Pramukhamañjarī, Pramukhapuṣpam. Add. Sarangpur, Barvala,
Ahemdabad, GJ.
Sadhu, Anand Jivan Das. Shastri in Sāhitya.
b. 01.11.1958, Rohisala, Botad, Bhavnagar.
Gp. Swaminarayan Bhagwan, Ganatitanand
Swami. Bks. 01. Bālasnehī, Khaṇdeśma
Svāmīnārāyaṇīya Satsaṅga. Add. Shri
Swaminarayan Road, Devpur Dhuliya-422405.
MH.
Sadhu, Atmatript Das. M.A., Ph.D.
b.24.09.1972, Savarkundla GJ. Prof., BAPS
Swaminarayan Mandir, Sarangpur. Gp.
Swaminarayan Bhagatji Maharaj, Yagnapurush
Das ji. Add. BAPS Swaminarayan Mandir,
Yagnapurush Skt. College Sarangpur, Barvala,
Ahemdabad, GJ. Spl.Ref. Veda & Darśana.
Sadhu, Bhadresh Das. M.A., Acharya in Vedānta,
Sāṅkyayogacharya, Ph.D., D.Litt. b.
12.12.1966, Nanded, MH. Prof. BAPS
Swaminarayan Mandir, Sarangpur Yagnapurush Skt. College. Gp. Shri Swaminarayan
Bhagwan, Shri Gunatitanand Swami, Shri
Bhagat ji Maharaj. Bks. Bṛahmasutra
swāminārāyaṇa Bhāṣyam, Ishādyashtopaniṣat
Svāminārāyaṇa Bhāṣyam, Chhāndogyopaniṣad Svāmīnārāyaṇa Bhāṣyam, Śrīmad
Bhāgvadgītā Svāmī Nārāyaṇa Bhāṣyam. Add.
Sarangpur, Barvala, Ahemdabad, GJ.
Sadhu, Bhagvat Priya Das. Acharya in Vedānta,
Vachaspati, Ph.D. b.13.06.1939, Kolkata.
Mahant, Svaminarayan Mandir. Gp. Shri
Bhagatji Maharaj, Shri Yagnapurush Das, Shri
Gyanjivan Das ji. Bks. 01. Satsaṅgavacanamālā.

Add. Swaminarayan Mandir, Bhasa 14 No.
Diamond Harbour Raod, 24 Parganas, Kolkata.
Sadhu, Bhakti Priya Das. Acharya in Vedānta,
Vachaspati, Ph.D. b. 28.04.1938, Rajpur, Kadi,
Mehsana, GJ. Mahant, Swaminarayan Mandir,
Dadar, Mumbai MH. Gp. Shri Yagnapurush
Das, Shri Gyanjivan Das. Bks. 04. Suvarṇa
Malikā, Arṛta Setu, Novakhaṇ©a dharatimāna,
Vairāgya mūrti niśkulānanda. Add. Swaminarayan Mandir Dadar, Mumbai, MH.
Sadhu, Bhakti Sagar Das. M.A., Acharya in
Vedānta, Sāṅkya Yoga, Nyāya, Vaiṣeṣikaa,
Mimāṃsā, Vyākaraṇa , Samveda, Purāṇaetihasa. b. 01.06.1962, Pati, Botad, Bhavnagar,
GJ. Prof., BAPS Swaminarayan Mandir. Gp.
Swaminarayan Bhagwan, Ganatitanand
Swami. Bks. 01. Pramukhasṃskṛtam. Add.
BAPS Swaminarayan Mandir, Sarangpur,
Gagyapurush Skt. College, Sarangpur, Barvala,
Ahemdabad.
Sadhu, Hari Bhushan Das. Shastri in Sāhitya.
b.10.01.1932, Mumbai. Saint of BAPS
Swaminarayan Sanstha. Gp. Swaminarayan
Bhagwan, Ganatitanand Swami. Bks. 01.
Translation of Vacanamūrta in marāthī. Add.
Swaminarayan Mandir Adajan, Surat-396230
(GJ).
Sadhu, Ishwar Chandra Das. Sāhitya Shastri.
b.08.11.1938, Bhavnagar, GJ. Convenor of
BAPS International Satsang Pravritti,
Swaminarayan Mandir, Ahemdabad. Gp.
Swaminarayan Bhagwan, Ganatitanand
Swami. Bks. 04. Yogī Caritam, Yogī jī Mahārāja,
Digantamāna
©aṅkā,
Kalyāṇa.
Add.
Swaminarayan Mandir, Shahibag, Ahemdabad380004.
Sadhu, Param Purush Das. Acharya in Navya
Vyākaraṇa, Ph.D. b. 20.10.1954, Bhensadad,
Dhrol, Jamnagar. Saint of BAPS Swaminarayan
Sanstha. Gp. Swaminarayan Bhagwan,
Ganatitanand Swami. Bks. 01. Catalogue of
Pañcarātra Saṃhitā. Add. Akshardham, Sector20 ‘J’ Road, Gandhinagar, GJ.
Sadhu, Prabhu Charan Das. M.A., Ph.D.

