
Varadacharya. M.A., Ph.D., Diploma (French,
German). b. 15.06.1914, Kanchipuram, T.N.
Gp.. M.M. Kuppuswami. Bks. Udayanakṛta
Kāryāṇāmadhyayanam. Add. 115, 12, Cross
Road, Rainbow Nagar, Pondicherry. Spl.Ref.
Nyāya śāstra.
Varadarajan. M.A. B.Ed. b. 30.05.1943. Arsikare
(KT). Teacher, Bharatiya Vidya Bhavan. Ps.
02. Add. Ramaji Mandir. Opposite Govt. Press
Baroda.
Varadraj, T. V. Veda Shastri, āyurvedaśiromaṇi.
b. 15.01.1947, Tanjavur, T.N. Āyurvedaic
Physician. Gp. Ramaswami Sharma, Anantram
Shastri. Add. Tanjavur, T.N. Spl.Ref. Āyurveda,
Kṛṣṇayajurveda.
Varadrajan, Kanta Ben. Ph.D. b.01.03.1946.
Prof. L.D. Arts College Navrang Pura
Ahemdabad. Ps. 05. Add. 49, Nilam Park, Near
Subhash Chauk Mem Nagar Ahemdabad.
Spl.Ref. Vedānta śāstra.
Varadrajan, S. Vyākaraṇa Shiromani, B.Ed.
b. 24.02.1963, Pandur, T.N. Ps. 02. Add.
Sannidhi Street, Pandur, Villupuram- 606115
T.N. Spl.Ref. Vyākaraṇa śāstra.
Varakhedi, Shrinivasa. M.A. (Skt,Darśana).
Ph.D. b. 10.07.1973. (Bagalkot). Director.
Bks. 10. Tarkanavanītam, Śaktivāda,
Kārakavādaḥ, Kṣemendrakāvya-saṃgrahaḥ,
Nyāyasudhā-nuvādaḥ. Add. H.No. 24/10.
Temple Road. ITI Colony. Katriguppa. Main
Road. Bangalore – 85.
Varalakshmi. K. M.A. M.Phil. Ph.D. b.
29.10.1969. Hyderabad. Deputy Director.
Osmania University. Ps. 01. Add. 16-2. 139/
14, Dayanand Nagar. Malakpet. Hyderabad.
Andhra Pradesh. Ph. 27070281. Spl.Ref. Double
Gold Medalist.
Vardacharya, I. S. Mīmāṃsā, Nyāya. b.
30.06.1922, Kanchipuram, T.N. Rtd. Prof.,
Mysore Maharaja Sanskrit Mahavidhyalaya.
Gp. T.V. Ramchandra Dixit. Bks. Śloka Vārtika
Bhūṣaṇa, Tattvaloka, Śāstraloka Mīmāṃsābhūṣaṇa. Add. No. 332, D. Subbaiya Road,
Chamraj Mohalla, Mysore- 570004. Spl.Ref.
Mīmāṃsā. Nyāya śāstra.

343

Vardadesikan R. Vidvān, M.A., Shiromani. b.
07.02.1903, Kanchipuram, Chengalput. Bks.
Pramāṇāni. Add. 18, 9 th Cross, North Lane,
Rainbow Nagar, Pondicherry. Spl.Ref. Sāhitya
śāstra.
Vare, Anna Shastri. b. 1869, Nasik. Bks. 11.
Śukla Yajurveda Karmakāṇda Pradīpa, Śukla
Yajurvedaśānti-īkā, Pratiśatāsāraṇī-pradīpa,
Gṛhyakārmakāṇdapradīpa,
Srotakarmakāṇdapradīpa. Expired in 1939.
Variyar, K. Ramakrishna. Rashtra Bhasha
Visharad, LLB. b. 1931. Bks. 01. Pāritoṣikam.
Add. 16 RR Flat, 12 Marg, Ashok Nagar,
Chennai – 83.
Variyar, P. S. b. 1869. Keral. Bks. 03.
Aṣtāṅgaśārīram. Bṛhacchārīraṃ. Anugrahamīmāṃsā. Spl.Ref. Vaidya Ratna Dr. P.S.
Variyar Arya Vaidyashala, Kottikal was
established by him.
Varnekar, Sridhar Bhaskar. M.A., D.Litt. b.
31.07.1918. Nagpur, Maharashtra. Rtd. Prof.,
Nagpur V.V. Bks. 18. Śivarājyodayam,
Vivekānandavijayam, Kālidāsarahasyam,
Śramagītā, Tīrthabhāratam, Saṃkṛtavāṅmaya
Kośaḥ. Add. 81, Abhyankar Nagar, Nagpur
10. Maharashtra. Spl. Ref. Poet, Music, Member
of Maharastra Govt. Skt. Committee, Sāhitya
Academy, Sāhitya Academy Award, Kalidas
Puraskar, Sri Vani, President Awardee.
Varni, Ganesh Prasad. Nyāya-Acharya. b. 1931,
Hansera, M.P. Gp. Pt. Ambadas Ji. Bks.10.
Samaya Sāra (Saṃskṛta Commentory), Vaṇī
Vāṇī, Merī Jīvana Gāthā, Daśalakṣaṇa Dharma.
Expered on 15.09.1961. Spl.Ref. Nyāya, creative
writer.
Varyar, Keshav P. Dvaita Vedānta, Nyāya b.
16.02.1942, Asst. Prof. Purna Pragya
Vidyapitha Sanskrit Mahapathashala. Ps. 02.
Add. Purnapragya Nagar, Bangalore – 560028
(KT). Spl.Ref. Dvaita Vedānta, Nyāya.
Varyar, Venkatesh P. M.A. b. 13.08.1952. Asst.
Prof. Ps. 03. Add. Poornapragya. Vidyapeetha,
Kalyan Nagar, Banglore KT. Spl.Ref. Vedānta
śāstra.

