298



evam saṃskṛti, Ṛgveda Man©ala III, Ṛgveda
Man©ala – II, Ps. 06. Add. Indira Gandhi
National Centre for the Arts, II Mansingh Road,
New Delhi.
Shukla, Vinay Kumar. Acharya in Jyotiṣa
(Siddhānta, Phalita), Sāhitya, Shiksha, M.A.
(Sanskrit Sāhitya). b. 07.07.1980, Varanasi.
Gp. Prof. Uma Shankar Shukla, Prof.
Jayshankarlal Tripathi, Prof. Ramashankar
Mishra. Add. B – I, Acharya Niwas,
Sampurnanand Sanskrit Univ., Varanasi –
221002. Ph. 9889282965.
Shukla, Vishnu Kant. M.A. (Hindi, Skt.), Ph.D.
Ayurveda Ratna, Sāhitya Ratna, Dipl. in
Apabhrash. b. 29.10.1942. Khurja, U.P. HOD
Hindi Deptt., JV Jain Mahavidyalaya,
Saharnpur.
Bks.
04.
Sphā-ikamālā,
Pūrṇakumbhaḥ, Nītiśatakam (Tika) Add.
Vibhavna, Pradumna Nagar, Saharnpur. Spl.
Ref. Skt. Poet and Critics.
Shukla, Vishwa Nath. M.A., Tīrtha.
b.15.10.1932, Balipur, Varanasi, U.P. Asst.
Prof. Gp. Ram Sharma, Dinanath Tripathi.
Ps. 05. Add. Sanskrit College, 1, Bamkim
Chatterji Street, Calcutta. Spl.Ref. Sāhitya,
Vyākaraṇa, & Mīmāṃsā.
Siddhant, Vagish Haridas. b.1876. Faridapur
(Bangal). Bks. 03. Mivāra-pratāpa, Śivājīcarita,
Baṅgīyapratāpa. Expired in 1961.
Siddhartha, Sundari. M.A., Ph.D. b.01.04.1938.
Madras. Asct.Prof. Bks. 01. Mamma-a Saṃskṛta
Poetics. Add. E–2, Staff Flats, Indraprastha
College, Shyam Nath Marg, Delhi–110054.
Silodi, Mahesh Prasad. Acharya in Sāṅkyayoga,
B.Ed., Ph.D. b.06.08.1958. Uttarakhand.
Asct.Prof. L.B.S., New Delhi. Bks. 02.
Yogāmrṛtam, Sāṅkhyasudhā. Ps. 12. Add. 4/
14, L.B.S., New Delhi–16.
Singaramma, M.N. D.Litt. b.1920. Mandya,
KT. Bks. 20. Vaiśanava Bhaktī, Philosophy
of Pañcaratna, Bhakti-Siddhāntaḥ. Ps. 80.
Expired in 2006. Spl.Ref. Awarded the Mahatma
Gandhi Hindi Award 1992. Sāhitya Ratna in
Hindi, Sanskrit and Kannada.

Singh, Anamika. M.A., Ph.D., PG. Diploma in
Agam Tantra. b. 25.05.1976. Asst. Prof., in
Philosophy, Arya Mahila P.G. College, Varanasi
U.P. Bks. 11. Vedānta me Bauddha Sandarbha,
Vasubandhu Praṇīte Pañcaskandhaprakaraṇam
Trisvabhāvanir-deśaśca, Tantra Vimarśa, Jaina
Bauddha Darśana Vibhāgiya Paricaya Pustikā
I – II, Darśana Mañjūṣā. Ps. 22. Add. Chandra
Kutir, N – 16/56 – A, Kolhua Vinayaka,
Varanasi– 211010. Ph. (0542) 2364230,
9453357489.
Singh, Daryao. M.A., M.Ed., b.01.01.1965. Rorir.
Asst. Prof. in Education, R.Sk.S., Jaipur
Campus, RJ. Ps. 05. Add. R.Sk.S., Jaipur
Campus, Triveni Nagar, Jaipur.
Singh, Fateha. M.A., M.Ed., Ph.D. b.20.01.1959.
Syana, Bulandshahar, U.P. Prof. R.Sk.S., Jaipur
Campus. Bks. 05. Saṃskṛta- Śikṣaṇam, ŚikṣāManovijñānam, Dakṣina-Bhāratīya-SaṃskṛtaSikṣaṇam, Vidyālaya- Praśāsanam. Add. 105–
C, Surya Nagar, Gopalpura By Pass, Jaipur,
RJ.
Singh, Inder Mohan. M.A., Ph.D.. b. 19.07.1951,
Amritsar. Prof. Valmiki Chair Punjabi
University, Patiala (Pb). Bks. 10. Puñjābī
Saṃskṛta Kośa, Grīṣma Samaya Śatakam,
Hiraṇyaraśmi, Prītisaurabham, Śrī Gurunānakadeo-stavanam. Ps. 05. Add. 67– E, Hira
Nagar, Near 22 Phatak Patiala. Ph.
9815966287. Spl. Ref. Directed many Dramas.
Singh, Jagir. M.A., M.Phil., Ph.D. b.15.01.1950.
Mammichahranga. Asct.Prof., Bks. 03. Vedānta
Aura Kaśmīra Advaita Śaiva Darśana Samīkṣā
aura Pratyabhijñā Darśana, Utpaladevācārya
Thatā Advaita Śaiva Bhakti. Ps. 03. Add. Skt.
Dept., Jammu University, Jammu.
Singh, K.P. Acharya, M.A., Ph.D.. b. 06.07.1939,
Varanasi. Ex. Prof. B.H.U. Varanasi. Bks. 05.
A critical Study of Kātyāyana - Śrauta – Sūtra,
Vedic Deities -A Historical Study, Vedic Hymns,
Vedic Interpretation, Nirukta A Study. Ps.
20. Add. Plot No. 24, Ashutosh Nagar,
Sarainandan. P.O. Mahimoorganj, Varanasi–
221010. Ph. (0542) 2316310, 09838946412.

