
Ratna. b. 15.12.1955. Lect., Govt. Girl Sr.
Sn. School, Aurangabad, Bihar. Bks. 01.
Mahogrākāmākhyāstavanaśatakam.
Pandey, Mahadev. Acharya (Sāhitya, Vyākaraṇa,
Nyāya Śāstra, Vedānta). b. 1894, Elaya, Rahtos,
Bihar. Asst. Prof. Gayank Sanskrit College,
Kashi. Gp. Pt. Chandradhar, Pt. M.M.
Balkrishan Mishra. Sp. Dr. Trinathdas Sharma,
Dr. Rammoorti Tripathi, Dr. Jagannath Pathak.
Bks. 04. Bhārataśatakam, Pūrṇāstavaḥ,
Saundaryalaharī. Spl.Ref. He was appointed
as kashi peethadhipati by Jyotisapeethadhishwar shri swami krishanbodhasram ji
maharaj in 1958 then he was become famous
as swami maheshwaranand saraswati.
Pandey, Maharajdin. M.A., Ph.D. b.30.11.1956.
Mahadev Nishula. Asst. Prof. Narendradev
Mahavidhyalaya, Badhanan (U.P.). Bks. 07.
Yotīkīyam, Maunavedha Vīvikto Vartmānam,
Kulrām Pracālimp. Add. Mahadev Nischala
Purva, Parsada Gonda 01. Spl. Ref. Honoured
by UP Skt. Sansthan, Gazal in Skt. Literature.
Pandey, Mathura Dutt. M.A. (Hindi, Skt.),
Shastri, Ph.D. b. 12.08.1928. Almora
Uttaranchal. Rtd. Principal, Bks. 05.
Gītimañjarī. Add. 1292/15 Panchkula,
Haryana– 13. Spl.Ref. Visiting Prof. in
Tribhuavan V.V. (1961-65), Maharishi Vedic
V.V. (1991), Honour from Govt. of U.P. and
Govt. of U.K.
Pandey, Mohanlal Sharma. Acharya in Sāhitya.
b. 23.09.1934. Director, Akhil Bhartiya
Vedvedang Jyotiṣa Swadhyaya Sansthan,
Jaipur. Bks. 04. Patradūtam, Natitatiḥ. Add.
2381, Khajane walo ka rasta, Jaipur – 01.
Spl.Ref. President Awardee, Vashaspati Award,
Margh Puraskar, Śāstra Mahodadhi, Editor
Swarmangala Magazine.
Pandey, Muralidhar. Acharya. M.A., D.Litt.
b. 05.10.1926, Siwan, Bihar. Principal (Rtd).
Gp Brihaspati Pandey, Vasudev Mishra. Bks.
01. Śaṅkarāt prāgadvaita-vāda. Add. Head,
SankaraVedanta Kosh Yojana, SamPurnananda Sanskrit Vishva-vidyalaya,
Varanasi (U.P.). Spl.Ref. śāṅkara-Vedānta,

193

RamanujaVedānta. Received U.P. Sanskrit
Academy Award.
Pandey, Musaphir. Acharya in Sāhitya. b.
19.06.1947, Varanasi, (U.P.). Asstt., Saraswati
Bhavan Granthayalaya. Gp. Pattabhiramshastri.
Ps. 01. Add. C-3, I.T.H. Colony, Kaijampura,
Varanasi (U.P.). Spl.Ref. Sāhitya.
Pandey, Nagendra. Acharya in Jyotiṣa. M.A.
b. 14.07.1948, Bhanti, Bihar. Asst. Prof. Gp.
Prof.
Avadhabihari
Tripathi,
Prof.
Krishnachandra Dwivedi. Ps. 05. Add.
Agnihotra Bhawan, Sampurnanand Sanskrit
Vishvavidyalay, Varanasi (U.P). Spl.Ref. Jyotiṣa.
Pandey, Nand Kishore. M.A., Ph.D., D.Litt.
b. 08.08.1941, Champaran. Bihar. Asst. Prof.
Vedic Literature Deptt. Gp. Bhagavatprasad
Mishra, Dr. Gopal chandra Mishra. Ps. 03.
Add. Kameshwar Singh Sanskrit Vishwavidyalay, Darbhanga (Bihar).
Pandey, Nand Kishore. Acharya in Sāhitya.
b. 01.03.1955, Bhitri, M.P. Asst. Prof. Gp.
Anjaniprasad
Pandey,
Subhalaksana
Chaturvedi. Ps. 01. Add. Govt. Venkat Sanskrit
Mahavidyalay, Rewa (M.P). Spl.Ref. Sāhitya.
Pandey, Narayan Dutt. Acharya. b. 05.07.1923,
Pithauragarh. Rtd. Asst. Prof. Gp. Purnanand
Sharma, Sumiran Mishra. Ps. 02. Add. Vill.
Shaktipur,
Dudhpokhar,
Champawat,
Pithauragarh (U.P). Spl.Ref. Sāhitya.
Pandey, Narendra Nath. Acharya in Vyākaraṇa,
Ph.D., D.Litt. b. 02.01.1950. Prof.
Sampoornanand Skt. Univ. Varanasi. Gp. Shri
Ram Prasad Tripathi, Shri Devswaroop Mishra.
Sp. Dinesh Kumar Garg. Bks. 10. Rāmānanda
Vedāntādarśaḥ, Vākyapadīyapā-ha-bhedanirṇayaḥ, Dhammapadavyākhyānam, Paribhāṣā-pradīpārciḥ, Vākyapadīyam (ed.). Add.
N 16/65 1-kh-1, Sudama Nagar Varanasi U.P.
221010.
Pandey, Narottam. Acharya in Sāhitya, M.A.
b. 03.09.1922, Shilauti, U.P. Rtd. Asst. Prof.
Ps. 05. Add. Vill. Shilauti, Nainital (U.K).
Spl.Ref. Sāhitya.
Pandey, Nigam. Acharya, JRF, NET. b.

