
Mishra, Manik Chandra. Acharya, M.A. b.
15.07.1931, Vill. Belavar, Allahabad, U.P..
Principal. Gp. Mahanand Dwivedi, Ramshankar
Dwivedi. Ps. 10. Add. Shri Mahanirvana Ved
Vidyalaya, Daraganj, Allahabad, (U.P.) Spl.Ref.
Sāhitya.
Mishra, Matinath Matang. Shastri in Vyākaraṇa
& āyurveda, Acharya in Sāhitya. b. 04.03.1927.
Rtd. Pracharya, Bhagalpur Bks. 05.
Ṛtuvivaraṇam (Khaṇ©akāvyam), Rāṣ-rabandhunā-akam, Bhārgavavikramam. Add.
Jamathari, Madhubani, Bihar. Spl.Ref. Sāhitya
& Ayurveda & Śāstra Chudamani Scholar.
Mishra, Mayaram. Acharya in Vyākaraṇa &
Sāhitya. M.A.. b. 15.10.1929, Prayag,
Allahabad, U.P. Asst. Teacher. Gp Ramshankar
Dwivedi. Ps. 01. Add. Abhayanand Govt.
Sanskrit Mahavidyalaya, Kalyunpur, Shahdol,
M.P. Spl.Ref. Vyākaraṇa & Sāhitya.
Mishra, Mirikshanpati. Acharya in Vyākaraṇa.
b. 1907, Gopiganj, Bihar. Asst. Prof., Varanasi
Hindu Univ., Varanasi. Gp. Pt. Balkrishan
Mishra. Expired in. 1987. Spl.Ref. Worked
in Varanasi Vidwatparishad as Chairman.
Mishra, Mithilesh Kumari. M.A., Acharya,
Ph.D., D.Litt. b. 01.12.1953. Hardoi, U.P.
Research Officer, Rashtra Bhasha Parishad,
Patna. Bks. 07. Vyāsaśatakam, Āmrapālī,
Daśamastvamasi, Ādhunikā, Laghvī, Jigīṣā.
Add. Lok Bhasha Vibha, Bihar Rashtra Bhasha
Parishad, Patna – 04. Spl.Ref. Title of
Vidyavachaspati, Sāhityamahopadhya, Kāvyasri,
Kavyasarasvati,
Editor
Sanskrit
Sanjeevanam. Tamil, Bangla.
Mishra, Mithilesh Kumari. Research Asst., Bihar
Rastrabhasha Parishad. Bks. 02. Subhāṣita
Sumanāñjaliḥ, Vyāsa Śatakam.
Mishra, Modnath. Ph.D. b.25.09.1964. Principal.
Ps. 02. Add. Shri Ambaji Arts College Campus
Kumbhariya Ambaji Distt. Janaskanta. Spl.Ref.
Alaṅkāra Śāstra.
Mishra, Mohan. M.A., Ph.D., D.Litt. b.
26.01.1956. Bhagalpur. Asct. Prof. Bhagalpur
University. Bks. 03. Svapna-vāsavadattam,

155

Brahmavaivarta Purāṇa- Vimarśaḥ, Ṣa©
vedāṅga-Vimarśaḥ. Ps. 02. Add. Lalkothi.
Bhagalpur – 02. Ph. 401648.
Mishra, Mohan. M.A.,Ph.D. b.02.07.1976.SRF
(Pali) RSKS, Lucknow. Ps. 04 Add. B-31/40,
B1L, Bhogbir, Sankatmochan, Lanka, Varanasi221005 Ph.05422369879. M.09839064390
mail-mohanmishra76@rediffmail.com
Mishra, Monika. M.A., Ph.D. b. 31.01.1976.
Allahabad. Bks. 01. Add. 474 Sec. 16B
Vasundhara Gaziabad - 201012. M. 09999
105934. mishra.monicka@gmail.com
Mishra, Motilal. Acharya. b. 19.02.1943, Haliya
Mirzapur, U.P. Principal. Gp Devataprasad
Mishra, Ramsagar Mishra. Ps. 02. Add. Shri
Sanatan Bhairav Shankar Brahma Samyukta
Mahavidyalaya, Bariaghat, Mirzapur U.P.
Spl.Ref. Sāhitya, Purāṇa & Vyākaraṇa.
Mishra, Mrityunjay. b. 1932, Yadunathpur,
Puri, Orissa. Rtd. Ayurvedic Physician. Bks.
03. Sarala Sūcībheda Cikitsā (Oriya),
Jānakīsvayamvara (Oriya), Āyurveda Abhidhāna (Oriya). Add. Santi Nagar, SunavedI, Koraput, Orissa – 763001. Spl.Ref. Literature
& āyurveda.
Mishra, Murlidhar. Acharya (Sāhitya, Vyākaraṇa, Sāṅkya yoga, Vedānta, Mīmāṃsā),
M.A., Ph.D. b. 03.12.1927. Seetamani, Bihar.
Rtd. Principal, Prof. MJ College, Betiah, Bihar.
Bks. Mahākavimāghasya Sarvatomukham
Pāṇ©ityam. Spl.Ref. Founder of Skt. Prachar
Sangh, Bihar and Founder Editor and Publisher
of Amrit Bharati, Skt. Weekly, President
Awardee.
Mishra, Nagendra Nath. M.A., M.Ed., L.L.B.,
B.J.M.C., Ph.D.. b. 14.09.1956, Cuttack, Orissa.
Asst. Prof., K.V.S. Ps. 100. Add. 6 – HSCL
Colony, BHEL, Haridwar, Uttrakhand. Ph.
0135- 484005.
Mishra, Nalini Devi. M.A., Ph.D. b. 01.07.1955,
Rihabari, Guwahati. Prof. Skt. Deptt. Guwahati
Univ. Ps. 19. Add. 32, Univ. Campus, Guwahaty.
Mishra, Nalini Kant. Tirtha in Kāvya, Vyākaraṇa,
DharmaŚāstra, Tark, Mimāṃsā Madhya. b.

