218



Pipasi, Ram Swaroop. M.A. b.06.03.1955, Rasin,
Banda, U.P. Asst. Prof. Ps. 03. Add. Shriram
Sanskrit Mahavidhalaya, Janaki Kund,
Chitrakut, Satna M.P. Spl.Ref. Vyākaraṇa.
Pisarati, Bharat E.P. Kāvya Bhushan, Hindi
Bhushan, Śāstra Vachaspati. b. 30.12.1920,
Eranellur, Trissur, Kerala. Ex. Principal, Śāstra
Chudamani. Gp. Sri Subrah-manyashastri,
Krishna Pisarati. Bks. 03. Kāmadhenu,
Sa‚skṛta Vṛttasamīkṣā, Śāhityatriveṇī. Add.
Kamadhenu, Eranellur, Trissur 01. (Kerala).
Spl.Ref. Vyākaraṇa & Sāhitya, Bal Sāhitya
Writer.
Pisharati, Narayan K.P. Sāhityaśiromaṇi,
Malyalam Vidwan. b. 23.08.1909. Prof., Sri
Kerala Verma Mahavidyala, Trissur. Bks. 01.
Saṃskṛtavibhūtiśatakam. Ps. 50. Add.
Naryaniyam Kanattukara, Trissur -11. Kerala.
Spl. Ref. President Awardee. A famous Scholar
in Skt. and Malayalam Language and
Literature, Kodiyatam Nā-ya Prampara, Sāhitya
Academy Award, Kerala Sāhitya Academy
Award, Kerala Sanskrit Sāhitya Academy
Award.
Pitar, Kamalakar (Chintamani Dave). Sāhitya
Manishi. b.22.01.1915, Sankali, Goa. Gp.
Vishnuvasudev Panasikara, Vasudev Shastri
Pitar. Ps. 03. Add. Vittalapur, Sankali (Goa).
Spl.Ref. Sāhitya.
Pochamcharla, Shriramamurty. M.A., Ph.D.
b. 01.05.1934, Tammavaram, (A.P.). Bks. 06.
Ps. 01. Add. 4/112, Vidyut Nagar, Dayalbagh,
Agra (U.P.). – 282005. Ph. (O) 570196. (R)
570203.
Poduval, Kunjikanna V.P. Jyotirbhushana.
b.14.02.1915, Payyanur, Channanore, Kerala.
Bks. 03. Sūkṣmagaṇitasopānam, Śṛanutagaṇitam, Gaṇitaprakāśikā. Add. Jyotiṣaasadan,
Kokkani Sheri, Payyanur, Cannanore (Kerala).
Spl.Ref. Jyotiṣa.
Pokharela, Sriram Sharma. Acharya in Vedā,
Ph.D. b.1999 (v.s.), Varahatar, Sundari Jalam,
Kathmandu, Nepal. Principal. Mahendra
Sanskrit Univesity, Kathmandu. Gp. Somanath

Paudela, Valmiki Paudela. Add. K-23/19, Dudh
Vinayak, Varanasi – 221001 (U.P.). Spl.Ref.
Veda & Vedic Philosophy.
Pokhariyal, Aditya. M.A. b.05.07.1957.
Secondary School, Delhi. Ps. 02. Add. K-13,
L.I.C. Colony, G.T. Road, Shahdara, Delhi.
Pokhariyal, Bhagawati Prasad. Acharya in
Sāhitya, Śikṣashāstrī. B.14.04.1956. Teacher,
Govt. Boys Senior Secondary School, G.T.
Road, Shahadara. Ps. 02. Add. H-103, Kalibari
Marg, New Delhi – 110001. Spl.Ref. Sāhitya.
ŚikṣāŚāstra.
Pokhariyal, Jagadish Prasad. Acharya.
b.02.11.1955, Garhwal U.P. Asstt. Teacher.
Gp. Ramavrksa Pandeya, Jnana Chandra,
Devanarayana Tripathi. Ps. 03. Add.
Brahmniwas, Shrawan Nath Nagar, Haridwar
(U.P). Spl.Ref. Sāhitya.
Pokhrel, Shanti M.A., Hindi Sāhitya Ratna,
Ph.D. b. 01.02.1963. Sonitpur Assam. Reader,
Deptt of Skt, Assam Univ. Bks. 01.
Chāndogyopaniṣattattvasamīkṣā. Ps. 31. Add.
Deptt of Skt., Assam Univ. Silchar-788011
Assam. Ph. 03842-264675. M. 09435712058.
shantipokhrel.aus@gmail.com Spl. Ref. Nepali.
Pokhrela, Krishna Prasad. Acharya in
Vyākaraṇa. b.24.08.1953, Janaki Nagar,
Janakpur, Nepal. Principal. Gp. Vijayanand
Mishra. Add. Shri Sitaram Vidyamandir,
Sultanpur, Mahrauli, New Delhi. Spl.Ref.
Vyākaraṇa.
Polavarapu, Shankarayya. Sāhityaśiromaṇi,
Shiksashastri, M.A. b.01.06.1953, V.N. Palle,
Cuddapah, (A.P.). Sanskrit Teacher. Ps. 03.
Add. Shrikrishnagirvana Oriental School,
Prodduturu, Cuddapah–516360 (A.P.). Spl.Ref.
Sāhitya.
Poncha Shastri, Lalit mohan. Shastri (Smriti,
DharmaŚāstra, Jyotiṣa, VaisnavaDarśana).
b.20.01.1934. Principal. Ps. 05. Add. Kali
Mahavir Gaurinath Chatushpati, Ramani Road,
Karimganj. 780710. Spl.Ref. Smriti,
Karmakanda, Jyotiṣa.
Potti, Raman Vasudevan. Mahopaddhyay. M.A.

