88



Ph. (0755) 2660873. 09425674851. Spl.Ref.
Sāhitya & Nā-ya.
Gupt, Aanand Swaroop. Merrut. Prof. Merrut
College. Spl.Ref. Worked in Purāṇaprakashan
yojna of Sarvabhartiya Kashirajnyas as assistant
editor. Editor ‘Purāṇam’ patrika since twenty
years and wrote many Research paper.
Gupt, Bachusubbaraya. b. November, 1902.
Karnool, A.P. Bks. 01. Abhinavasītārāvaṇasamvādajharī. Spl. Ref. Skt. and Telugu
Poet.
Gupta, Aghore Nath. b. 1841, Shantipur in
Nadia, Brahma Missionary (U.P.). Bks. 09.
Dhruva aura Prahlāda, Śloka Saṅgraha,
Dharmatattva, Sulava Samācāra, Dharmasopānam. Expired on 09.12.1881, Lucknow.
Spl.Ref. He was great scholar of Buddism a
Preacher of the Brahmo Samaj. He was
designated (Saint).
Gupta, Ashutosh. M.A., Ph.D. b. 17.08.1981,
Rasoolpur, Jalalpur, Ambedkarnagar U.P. Asst.
Prof., Birla Campus, HNB Garhwal Univ.
Srinagar Garhwal-74 Gp. Smt. Preeti Sinha.
Ps. 02. Add. C/o. Shri R.P. Chanoli, New
Colony, Near SSB Bhaktiyana Srinagar
Garhwal.
Gupta, Chhiddhimal. M.A.. b. 06.07.1940.
Language Teacher, Govt. Model Senior
Secondary School, Ludlo Castle, New Delhi.
Add. C.D. – 144, Bhajanpur, New Delhi –
110053. Spl.Ref. Sāhitya.
Gupta, D.J. M.A., B.L.S.. b. 12.06.1944, Qila
Sholiya Singh (in Pakistan). Asst. Prof. Gp.
Lala Agrawal, Dr. Vedprakash. Add. D.M.
College, Dinanagar (Punjab). Spl.Ref. Sāhitya.
Gupta, Dayaram. M.A. b. 09.10.1938,
Puthkhurd, New Delhi. Asst. Prof., Hansraj
College, Delhi. Gp. Dr. Narendranath
Chaudhuri, Dr. R.V. Joshi, Pt. Gangaram
Sharma. Ps. 01. Add. A 3/258, Paschim Vihar,
New Delhi–110063. Spl.Ref. Sāhitya, Award.
Gold Medalist.
Gupta, Dayavati. M.A., B.Ed. b. 20.11.1939.
Teacher, Govt. Girls Senior Secondary School

No. 2, Kalkaji, New Delhi – 110019. Add. E345, Greater Kailash, New Delhi.
Gupta, Dharmesh Kumar. M.A., Ph.D., Acharya.
b. 19.10.1933, Rajpur, M.P. H.O.D. of Sanskrit.
Bks. 01. A Critical Study of Daṇ©in and his
works, and others. Add. Vishwesharanand
Vaidik Research Institute, Sadhu Ashram,
Hoshiarpur (Punjab). Spl.Ref. Sāhitya.
Gupta, Gyanprakash. M.A. b. 01.07.1944.
Teacher (PGT), Ramjas Senior Secondary
School No. 1, Anand Parvat, New Delhi. Ps.
02. Add. 1/1575, Mansarovar Park, G.T. Road,
Shahadara, Delhi – 110032.
Gupta, Hariprasad. M.A., B.Ed. b. 12.10.1946.
Teacher, Govt. Higher Secondary School, No.
1, Shakti Nagar, Delhi. Add. B-16, Bharat
Nagar, Delhi. Spl.Ref. Sāhitya Śāstra.
Gupta, Jyoti. M.A., M.Ed. NET. JRF. b.
26.06.1986, Jaipur. Research Scholar, R.SK.S.
Jaipur Campus. Gp. Prof. Beena Agrawal, Prof.
Madan Mahan Sharma. Ps. 04. Add. 42,
Mahaveer Colony, Extn. Kartarpura, Jaipur–
15. Mob. 09269637116. Spl.Ref. Darśana.
Gupta, K. M.A., Ph.D. Asst. Prof. Skt. Dept.
Ps. 02. Add. Miranda House, Delhi University,
Patel Chest Marg, Delhi – 110007. Spl.Ref.
Sāhitya.
Gupta, Kanta. M.A., Ph.D. b. 11.01.1935,
Nagina, (U.P.). Asst. Prof. Gp. Prof.
Rasikabihari Joshi. Bks. 01. Chando’
laṅkāramañjarī. Add. 2, Park Avenue, Maharani
Bag, New Delhi – 110065. Spl.Ref. Sāhitya.
Gupta, Krishna. M.A., B.Ed.. b. 09.07.1957.
Teacher, Govt. Boys Senior Secondary School
No. 1, Shakti Nagar, New Delhi. Add. 130
Dhaka, Kingsway Road, Delhi – 110009.
Gupta, Kusum. M.A. b. 02.11.1950. Teacher
(TGT), Govt. Girls Senior Secondary School,
Gandhi Nagar, Delhi. Add. B-9/13 A, Krishna
Nagar, Delhi – 110051.
Gupta, Lajpatrai. M.A. b. 15.02.1935. Teacher,
Govt. Senior School. Ranjit Nagar, Add. E102/1, Narayan Vihar, New Delhi.110028.
Spl.Ref. Sāhitya Śāstra.

