
Joshi, Krishan Kant. M.A., Ph.D. b. 17.06.1958.
Head of Abhilekha, Sindhiya Prachya Vidhya
Sodh Pratishthan, Vikram Univ. Ujjain. Gp.
Pt. Ramchandra Joshi. Bks. 01. Śrīmadbhāgavata Meṃ Bhakti Rasa kā śāstrīya
Nirupaṇa. Add. 123, Mangal Colony Ujjain.
Spl.Ref. Traditional Pandit & Yajñika.
Joshi, Kunj Bihari. M.A., Ph.D. b. 1952. Prof.
Patracharya Mahavidyalaya, Delhi Univ. Bks.
01. Śrīdāmakāvyam.
Joshi, Labhshankar Mohanlal. Acharya, M.A.,
Ph.D. b.20.11.1953, Jalalpur, Amrethi, Gujarat.
Asct. Prof., Sanskrit Mahavidhyalaya, Univ.
of Baroda. Gp Dr. Arunodaya Jani, Suresh
Chandra, Pt. Laxmishankar Shukla. Add. 5,
Sonipol, Vodadara. Gujarat. Spl.Ref. Sāhitya
Śāstra.
Joshi, Lal Shankar Mohan Lal. Ph.D. b.
20.11.1953. Asct. Prof. Deptt. Of Sanskrit,
M.S. Univ., Varodara. Add. C-139, Rajlaxmi
Society Juna Padra Road, Varodara. Spl.Ref.
Vedānta Śāstra, Jyotiṣa Śāstra.
Joshi, Laxmesh Vallabha G. Ph.D. b. 27.03.1935.
Prof. Sanskrit Deptt. Bhasha Sāhitya, Gujrat
Univ., Ahemdabad. Add. Bhardwaj 6, Roopal
Society Narayan Nagar, Paldi, Ahemdabad.
Spl.Ref. Vedānta Śāstra.
Joshi, Leeladhar. Shastri, Acharya, M.A., Ph.D.,
b.15.12.1963, U.P. Asst. Prof. Gp. Bhuwan
Chandra Tripathi, Narayan Dutt, Bhuwan
Chandra Joshi. Add. Govt. Inter College.
Almora, U.P. Spl.Ref. Sāhitya.
Joshi, Madanmohan. Acharya in Sāhitya, M.A.,
Sikshashastri. b. 20.05.1945. Teacher, Ramjas
Senior Secondary School, Anand Parbat, Delhi.
Add. B-100, Gali NO. 6, Bhajanpura, Delhi –
110053.
Joshi, Madhav Ganesh. Shastri, KāvyaVyākaraṇatīrtha, Sāhitya-Visarad. b. 1918.
Rt. Teacher, Vidya Mandir, Nijhani, Belgaon,
KT. Gp Laxman Shastri Marugudakar. Bks.
01. Prāthamika Pāṇinīya vyākaraṇa (English,
Kannada, Marathi). Add. Alandi, Devachi,
Pune– 412105 (MH). Spl.Ref. Alaṅkāra-Śāstra,
Vyākaraṇa.

117

Joshi, Mahakant Jayantilal. M.A., Ph.D. b.
25.05.1969. Kapadwanj, Gujarat. Asst. Prof.
Ps. 01. Add. 13. Mangalmurti Society, Karan
Nagar Road, Kadi–Di– Mahsanauttar. Gujarat.
Ph. (02764) 65474.
Joshi, Mahaveer Prasad. Acharya in Sāhitya,
Āyurveda. b. 1914. Vill. Dundlod, Dist.
Jhunjhunu. Chairman, Sāhitya Samiti, Rajgarh,
Secretary Bhawani Devi Hospital. Bks. 22.
Pratāpacaritam,
Prārthanāpuṣpāñjaliḥ,
Vedanānīvedanam, Pañcatantram, Rudrāṣ-ādhyāyī. Expired in Feb. 2002. Spl.Ref. Ayurveda
& Published many Skt. articles in Skt. Ratnakar
& Bharti Monthly Magzines
Joshi, Maheshchandra. Acharya in Sāhitya,
Sāhityaratna. b. 20.08.1928, Jeschuda,
Nainital, (U.P.). Asstt. Teacher. Gp
Ghanashyamadatt Shastri. Add. Shri Ramtirth
Bhawan, Haridwar. Spl.Ref. Sāhitya.
Joshi, Malti Ben Jamiyatram. Ph.D. b.
07.08.1941. Prof. Shri M.R.D. Arts. College
Chikhli Distt. Valsad. Add. 38-39 Krishna Kunj
Laxmi kant Society, Ashram Road, Katargam.
Surat. Spl.Ref. Vedānta Śāstra.
Joshi, Manishankar Jagajeevan Shastri.
Shastri. b. 04.01.1914, Umrali, Junagarh,
Gujarat. Teacher, Shri Manikabai Sanskrit
Pathashala. Gp Shankarlal Laxmiram Joshi,
Baya M. Dixit. Add. Behind Gopinath Mahadev
Mandir, Near Court, Porbandar – 360575 (GJ).
Spl.Ref. Śuddhādvaita-vedānta.
Joshi, Manohardatt. Acharya in Jyotiṣa, B.Ed..
b. 01.03.1958. Teacher. Add. Sadgurudham
Mandir, Dr. Mukherji Nagar, New Delhi –
110009. Spl.Ref. Jyotiṣa.
Joshi, Mansukhalal Brajlal. M.A. b. 25.11.1937,
Janpur, Gujarat. Asct. Prof. & Head. Add. Deptt.
of Sanskrit, Saurashtra University, Kalavad
Road, Rajkot – 360008 (Gujarat). Spl.Ref.
Vedānta.
Joshi, Meenakshi. M.A., Ph.D. b. 27.12.1958.
Jabalpur. Psw. 03. Add. 975. South Civil Lines.
Jabalpur (M.P.). Pin. 482001.
Joshi, Milind S. Ph.D. b.09.11.1974. Prof.

