208



Patel, Arpita Ben Govind Lal. Ph.D.
b.21.08.1973. Prof., Smt. S.R. Mehta Arts
College, Usmanpura, Ahemdabad. Ps. 03. Add.
Sardar Chauk, Gothwa, Vishnagar, Mehsana,
GJ. Spl.Ref. Vedānta Śāstra.
Patel, Aruna Kanheya Lal. Ph.D. b.18.02.1945.
Research Associate, Sanskrit Deptt. Sardar
Patel University Vallabh Vidhya Nagar. Ps.
05. Add. E/73 Power House Colony AEC,
Sabarmati Ahemdabad. Spl.Ref. Alaṅkāra
Śāstra.
Patel, Arvind Kumar P. Ph.D. b.01.06.1971.
Prof., Tilok Chand Myachand Shah Mahila
Arts College, Eder, Sambarkanta. Ps. 03. Add.
Lalpur, Sachodar, Idar, Sambarkanta. Spl.Ref.
Alaṅkāra Śāstra.
Patel, Ashok Kumar Lallu Bhai. Ph.D. b.
30.01.1966. Prof., Govt. Vingyan College,
Navsari. Ps. 03. Add. Sadakpur, Chikhli,
Navsari. Spl.Ref. Vedānta Śāstra.
Patel, Baldev Bhai Ambalal. Ph.D. b.
01.02.1943. Prof., Shri Sahajanand Arts &
Commerce College, Ambawadi, Ahemdabad.
Ps. 03. Add. 16, SuDarśana Colony, Satelite
Road, Ahemdabad, GJ. Spl.Ref. Alaṅkāra
Śāstra.
Patel, Bhai Lal Bhai Govind Bhai. Ph.D.
b.01.06.1972. Prof., Arts & Commerce College,
Near S.T.Bus Stand Bhabhar, Janaskata, GJ.
Ps. 02. Add. 5, Umiya Nagar, Modhera,
Mehsana. Spl.Ref. Alaṅkāra Śāstra.
Patel, Bhakti Bhai Sendha Bhai. Ph.D. b.
31.10.1932. Prof., Arts & Commerce College,
Himmat Nagar. GJ. Ps. 03. Add. C/o. Dr.
Praveen Bhai B Patel, Hardwar Society, Near
Ramji Temple, Ahemdabad. Spl.Ref. Sāhitya
Śāstra.
Patel, Bhanu Prasad Dahya Bhai. Ph.D. b.
14.01.1967. Prof., Arts & Commerce College,
Ider. Ps. 04. Add. Mashal, Ider, Sabarkanta.
Spl.Ref. Purāṇa Śāstra.
Patel, Bhikubhai Sukkarabhai. M.A. b.
01.06.1949, Bigari, Valsad, GJ. Teacher. Ps.
03. Add. Sarvajanik High School, Dungari,
Valsad – 496375 (GJ). Spl.Ref. Sāhitya.

Patel, Bindu Ben Chiba Bhai. Ph.D. b.
08.12.1965. Prof., Smt. J. P. Shraf Arts College,
Tithal Road, Valsad. Ps. 03. Add. 103 Pooja
Abhishek Apartment, Tithal Road, Valsad,
GJ. Spl.Ref.Alaṅkāra Śāstra.
Patel, Chaganalal Basantlal. Ph.D. b.
15.01.1946, Navsari, GJ. Ps. 03. Add. Kachivati,
Chaubisi, Navsari – 396427 (GJ). Spl.Ref.
Sāhitya.
Patel, Chandu Bhai Ramji Bhai. Ph.D.
b.01.06.1966. Prof., Mahila Arts & Commerce
College, Dhansura, Sambharkanta. Ps. 03.
Add. 15, Jivan Jyoti Society, Meghraj Road,
Modasa, Sambharkanta. Spl.Ref. Vedānta
Śāstra.
Patel, Chibu Bhai Dayal Bhai. Ph.D. b.
01.06.1963. Prof., M.R.D. Arts & Commerce
College, Chikhli, Valsad. Ps. 05. Add. Serava,
Valsad, (GJ). Spl.Ref. Vedānta Śāstra.
Patel, Chiman Bhai Moti Bhai. M.phil. Ph.D.
b. 28.03.1968. Prof., Shri N.K. Mehta & Smt.
M.F. Dani Arts College, Malvan, Panchmahal.
Add. Juna Kalwa, Lunawada, Panchmahal,
(GJ). Spl.Ref. Vedānta Śāstra.
Patel, Chunnilal Bahechardash. Ph.D b.
21.02.1945. Prof., Rajni Parekh Arts College,
Khambat, Kheda. Ps. 03. Add. Maktuwad,
Khambat, Kheda, (GJ). Spl.Ref. Alaṅkāra
Śāstra.
Patel, Daksha Ben Khodi Das. Ph.D.
b.01.06.1967. Prof., R. H. Patel Arts &
Commerce College, Bhavsar Hostel,
Ahemdabad. Ps. 03. Add. E/15, Pramukh
Nagar, R.C. Technical Road, Ahemdabad.
Spl.Ref. Alaṅkāra Śāstra.
Patel, Deepak Kumar Govind Bhai. Ph.D. b.
01.06.1969. Prof., S. B. Gardi Arts & P.K.
Patel of Commerce College, Navsari. Ps. 05.
Add. 2/4 Maruti Chambar, Near Petrol Pump.
Gandevi, Navsari, GJ. Spl.Ref. Vedānta Śāstra.
Patel, Destimona Jetha Bhai. Ph.D. b.
11.08.1969. Prof., Govt. Vinyan College, Sector
15, Gandhi Nagar. Ps. 03. Add. C-4 Abhimanyu
Flats, Shastri Nagar, Narayan Pura,
Ahemdabad. Spl.Ref. Sāṅkya.

