
Gramodaya V.V. Bks. 04. Ps. 40. Add.
Vivekanand Nagar Chitrakut, Satna, M.P. M.
09407333760. kapil_ckt@rediffmail.com Spl.
Ref. Rashtriya Siksha Ratna Puraskar.
Mishra, Kapildev. Acharya in Vyākaraṇa &
Sāhitya. b. 15.08.1926, Ghosiya Khurd, Rohtas,
Bihar. Teacher, Kapildev Sanskṛt Mahavidyalaya, Rohatas. Gp Kuldip Mishra,
Devnarayan Tripathi, Vidyavachaspati
Brahmadatt Dwivedi. Ps. 02. Add. Kapildev
Sanskrit Mahavidyalaya, Ghosiya Khurd,
Ghosiya Kalan, Rohatas Dist. Sasaram, Bihar.
Spl.Ref. Vyākaraṇa & Sāhitya.
Mishra, Kapildev. M.A.. b. 31.07.1931, Madaila,
Jaunpur, U.P. Principal. Gp. Mukundshastri
Khiste, Raghunath Sharma, Shivdatt
Chaturvedi. Ps. 02. Add. Adarsh Bharati
Mahavidyalaya, Khetsarai, Jaunpur, U.P.
Spl.Ref. Sāhitya.
Mishra, Kashi Nath. Acharya in Vyākaraṇa &
Sāhitya, Ph.D. b. 01.01.1930, Saharsa, Bihar.
V.C. Kameshwar Singh Darbhanga V.V. Gp.
Sadanand Jha, Gangadhar Mishra, Dr. R.K.
Sharma, Dr. J. Misra. Bks. 03. Kārṇātarājatarṅgiṇī, Harṣacaritamañjarī, Vidyātatiśatakam Ps. 02. Add. B 2/1, Profesor Colony,
Rajendra Nagar, Patna, Bihar. Spl.Ref. Sāhitya
Vyākaraṇa, Kalidas Puraskar, Sāhitya Academy
Award, President Awardee.
Mishra, Kashi Prasad. Acharya in Vyākaraṇa
& Sāhitya. b. 15.08.1939, Shirs, Pratapgarh,
U.P. Mandaliya JanaSāṅkya Shikshadhikari.
Gp. Dr. Umesh Mishra, Dr. Babulal Saxena,
Dr. Chandikaprasad Shukla. Ps. 02. Add. 4/
10, Nyavudar Road, Allahabad, (U.P.). Spl.Ref.
Vyākaraṇa, Sāhitya.
Mishra, Kedar Nath. Acharya in Śāstra, Ph.D.
b. 08.07.1944, Varanasi, U.P. Sāhitya Teacher,
Sachcha Adhyatma Sanskrit Mahavidyalaya,
Arail. Gp Ramkuber Malaviya, Prof. Batuknath
Shastri. Ps. 03. Add. 139, Maruti Bhavan, Arail–
22008, Allahabad (U.P.). Spl.Ref. Sāhitya.
Mishra, Keshav Prasad. Vyākaraṇa, Sāhitya,
English & Manuscript. b. 1885. Bhaidaini

153

Mohalla, Varanasi. Asst. Prof.. Central Hindu
School, Varanasi. Gp. Pt. Gangadhar Shastri.
Bks. 01. Meghdūta kā anuvāda. Expired in.
1951.
Mishra, Keshav. Acharya in Vyākaraṇa &
Sāhitya. b. 02.05.1910, Pacharhi, Madhubani,
Bihar. Hon. Prof. Gp. Pt. Batekrishna Jha,
Pt. Trilokanath Mishra. Ps. 05. Add. Kameshwar
Singh Darbhanga Sanskrit University,
Darbhanga, Bihar. Spl.Ref. Sāhitya.
Mishra, Kishore Chandra. Acharya in Sāhitya,
M.A., Ph.D. b. 31.07.1932, Kavisurya Nagar,
Ganjam, Orissa. Teacher, Ganjam, Orissa. Bks.
03. Kāvyālaṅkāra of Bhāmaha (tr.), Kāvyālaṅkārasūtravṛttiḥ (tr.), Kāvyādarśaḥ (tr.).
Mishra, Krishna Dutt. Ph.D. b. 01.02.1952,
Ambedakar Nagar, U.P.. Asct. Prof. M. Gandhi
Vidhyapeeth, Varanasi. Gp. Prof. V.K. Karma,
Prof. Shri Narayan Mishra. Bks. 04. Īśāvāsyopaniśada, Vedacayanam, Sanskrita Nibandha
Mākarandaḥ, Prākṛta Prakāśaḥ. Ps. 05. Add.
N. 10/29, K – 04, Shyama Nagar Colony,
Kakasamatta, Varanasi. Ph. 09451440208.
Mishra, Krishna Kumar. Acharya, M.A., Ph.D.
b. 15.12.1943. Sitapur. Rtd. Prof. & HOD
Lucknow Univ. Gp. Prof. Satyavrat Singh, Dr.
MD Trivedi, Pt. Anand Jha. Sp. Prof. BK Shukla,
Dr. Suman Tripathi. Bks. 08. Nā-yasaptakam.
Ps. 120. Add. 538, Kha/294, Dindayal Nagar,
Lucknow -226020. Ph. 0522-2743976, M.
09415563483.
Mishra, Krishna Kumar. Acharya. b.
13.02.1958, Sohanpur, Shahdol, M.P. Asst.
Teacher. Gp Anjaniprasad Pandey, Dr.
Visramprasad Chaturvedi, Kusalprasad Pandey.
Ps. 01. Add. Shri Abhayanand Govt. Sanskrit
Mahavidyalaya, Kalyanpura, Shahdol (M.P.)
Spl.Ref. Sāhitya.
Mishra, Krishna Nand. M.A. b. 05.05.1975
Darbhanga, Bihar. Ps. 01. Add. E/88-1.
Katwaria Saria. New Delhi – 16. Spl.Ref.
Vyākaraṇa
Mishra, Kshamapati. Acharya in Vyākaraṇa,
Sāhitya. b. 01.11.1948, Panditpur, Pratapgarh,

