A
Add. Shri Venkateshwar Swami Devasthanam,
Tirumala, 41, C-Type Quarters, Tirumala –
517704 (A.P.). Spl.Ref. Ayyangara.
Ayyangar, Krishnasvami. Vedic Education. b.
08.08.1915, Melkote, Karnataka. Add. Melkote,
Mandya Dist. (KT). Spl.Ref. Veda Vedāṅga.
Ayyar, Nilakantha Shastri Sundaram. Acharya
in Vyākaraṇa. b. 20.06.1904, Shingakulam,
Tirunelaveli, T.N. Rtd. Teacher. GP.
Padmanabha Shastri, Tollur Raghavendracharya, Shrikrishn Shastri. Bks. 01. Sāvitrī.
Add. T.C. 34/10/1980, South Street, Fort,
Tiruvananthapuram – 695023 (Kerala). Spl.Ref.
Vyākaraṇa, & Kāvya Śāstra.
Ayyar, Parameshvaran Sesasubrahmanya.
Daivajña Shiromani. b. 02.07.1921,
Tirumanamjeri, T.N. Principal. Add. Sanskritik
Jyoti Vidyapeetha, 143, Perundurai Road,
Erode (T.N.). Spl.Ref. Vedānta.
Ayyar, Puntottam Subrahmanya Venkatarama. b. 11.03.1911, Puntottam, Villupuram,
S. Arcot, T.N. Teacher. GP. Paranur

13

Kuppusvami Ghanapathi. Add. No. 3, Middle
Street, Puntottam, Villupuram – 605602 (TN).
Spl.Ref. Dharmaśāstra.
Ayyer, Parameshwar. Acharya in Nyāya,
Vedānta. b. 16.07.1916, Kerala. Lect. Maharishi
Europian Research Univ. in Switz. Bks. 03.
Devī Navaratnamālā, Bhārata Gauravam,
Ābhāṇaka Mañjarī, Aṣ-aka. Ps. 08. Spl.Ref.
Simple Translation of English Proverbs in
Ābhāṇaka Mañjarī is done.
Ayyer, Sri Nivasan. M.A., Ph.D. b. 22.01.1954,
Jaipur. Prof. & HOD Univ. of Udaipur . Gp.
Prof. Ramchandra Dwivedi, Pt. Vishnu Ram
Naagar, Prof. Mul Chandra Pathak. Bks. 03.
Ps. 09. Add. Sri Sai Kripa 1408, Sec-05, Gayatri
Nagar, Udaipur, Raj. Ph. 02942464621,
2413029. Spl.Ref. Tulanatamak Sāhitya.
Paryatana, Sāhitya evem Sanskriti Puraskar,
UGC Scholarship.
Ayyer, T.V. Parameshvar. b. 1915, Kerala. Prof.
Paris, Germany, Sweden & West Indies. Bks.
04. Jarmanī-yatrā-varṇanaṃ, SvāsthayaSūktiratnāvalī, Sāhitya-kautukaṃ.

B
Babu, Suresh E. M.A., M.Phil. Ph.D. b.
30.11.1965. (Kerala). Bks. 03. Add. Puyayi
House. Chelambra (P.O.). Kerala - 673634.
Ph. 0496 – 2695445.
Baburama. M.A., B.Ed. (Skt.). b. 02.12.1957.
Teacher (TGT) Govt. Senior Secondary School
No. 2, Tagore Garden, New Delhi. Add. WZ30 A, Keshavpuram, New Delhi – 110048.
Spl. Ref. Sāhitya.
Badarinarayanacharya, K.S. b. 15.07.1959.
Dvaitavedānta
Vidvaduttama,
Nyāya
Vidvaduttama. Nyāya Vedānta Vidvān (Nyāya
Scholar). Add. Purnaprajnavidyapitham,
Purnaprajnanagar, Bangalore – 560028
(Karnataka). Spl. Ref. Nyāya, Dvaitavedānta.
Badarinatha, Jha. Acharya in Sāhitya. b.
20.08.1913, Madhubani, Bihar. Rtd. Lecturer.
Gp. Dinabandhu Jha, Madhusudana Mishra,
Sri Ravinatha Jha. Add. Vill. Bittho,

Sarisabapahi, Via-Manigachi, Madhubani
(Bihar). Spl. Ref. Sāhitya.
Badoni, Govindaram. Acharya, M.A.. b.
05.11.1943, Chamy, U.P. Gp. Kamata Prasada,
Haridatt, Trilokadhara Dwivedi. Add.
Government Skt. Vidyalaya, Nahan, Sirmaur
Dist. (H.P.). Spl. Ref. Sāhitya.
Bagchi, Sharmila. M.A., B.Ed., Ph.D.
b.06.08.1960. Jhansi (U.P.) Research Officer,
Oriental Institute M.S. Univ. Baroda (Guj.).
Gp. Prof. Radha Vallabh Tripathi. Bks. 04.
Saṃskṛta Nā-akon me Ekālāpa, Dharmasūrikṛta Narakāsuravijaya-vyāyoga, Abhinayalakṣaṇa of Śivadāsa. A Digest of 108 Scenes.
Ps. 25. Add. III Floor, Rajgurukripa 26, Nutan
Bharat Society, Alkapuri, Vadodara. Ph. (0265)
2357073, 09426947941.
Bagh, Gouranga. Acharya, M.Ed. b. 14.03.1980.
Uchchakapat, Bamda. Dist. Sambalpur. Orissa;

