188



Pandey, Arun Kumar. Acharya (Siddhānt,
Jyotiṣa, Dharma Śāstra, Śukla Yajurveda) Ph.D.
b. 01.03.1960, Gayghat, Basti U.P. Asst.Editor,
S.S.V.V. Varanasi U.P. Gp. Shri Vindhyeshwari
Prasad Shukla, Joshanram Ahitagni, Laxmikant
Dixit. Ps. 02. Add. Panchang Vibhag,
Sampoornanand Skt. Uni. Varanasi U.P. Spl.Ref.
Co-editor in SSVV, Varanasi, Gold Medalist,
Honored by Veda Pandit Puruskar by U.P.
Sanskrit Academy.
Pandey, Bal Mukund. M.A., Sikshacharya. b.
01.11.1954, Maharacha, Allahabad, U.P.
Principal. Add. Rashtriya Sanskrit Mahavidyalaya, Jaunpur (U.P). Spl.Ref. Sāhitya
& Education.
Pandey,
Bal
Mukund.
Acharya
in
NavyaVyākaraṇa, Ph.D. b. 14.02.1970.
Principal. Gp. Dr. Prabhakar Dwivedi, Dr. Ram
Manohar Mishra. Sp. Yagya Pandey, Nagendra
Upaddhyay. Ps. 02. Add. Shri Dayalu Skt.
College Bans Fataq, Varanasi, U.P. Spl.Ref.
Vidvat Samman.
Pandey, Balram. Veda Karamkāṇ©a, Acharya
in Vyākaraṇa, Sāhitya, DharmaŚāstra,
Vidyavaridhi. b. 01.01.1953. Varanasi.
Principal, Shri Vanshidhar Skt. Mahavidyalaya.
Gp. M.M. Joshan Ram Pandey, Shri Yugal
Kishore Mishra. Sp. Parasa Nath Pandey,
Baldau Pandey, Vipin Chandra Pandey. Bks.
03. Sanyāsa Grahaṇa Paddhati, Kālasarpayoga
Śānti. Ps. 05 Add. B2/198 Bhadaini, Varanasi221001 Ph. 0542-2310827. M. 09935031929.
balrampandey6@gmail.com Spl. Ref. Veda,
Karmakāṇ©a, DharmaŚāstra, Vedapandit State
Award, Karpatri Award, Shankaracharya
Swaroopanand Award.
Pandey, Bharadvaja. Acharya in Sāhitya, M.A.,
Vidyabhusana. Age. 33 yrs. Add. Arya Samaj
Mandir, Hanuman Road, New Delhi – 110001.
Spl.Ref. Sāhitya. Dharmacharya (Priest), Veda.
Pandey, Bhaskaranand. Acharya in Navya
Vyākaraṇa, Shiksashastri, M.A., M.Phil, Ph.D.
b. 24.07.1947. Sanskrit Teacher, Govt. Boys
Senior Secondary School, Anandvasa,
Shakarpur. Ps. 02. Add. WZ-971, Rani Bagh,

Shakur Basti, Delhi – 110034. Spl.Ref.
Vyākaraṇa.
Pandey, Brahma Nanda. Acharya in Vyākaraṇa,
Ph.D. b. 02.01.1952. Siwan, Bihar. Principal.
Gp. Ramadhara Tripathi, Niriksana-pati
Mishra, Dr. Vidyanivasa Mishra, Prof.
Karunapati Tripathi. Ps. 04. Add. Swami
Devananda
Sanskrit
Mahavidyalaya,
Devasharama, Mathlar, Deoria (U.P). Spl.Ref.
Vyākaraṇa.
Pandey, Chandra Kanta. Acharya in Sāhitya.
b. 30.07.1950, Babura, U.P. Teacher. Gp. B.N.
Benerji, Sarayuprasad Upadhyaya. Ps. 02. Add.
Sanatan Bhairava Sankar Brahma Samyukta
Sanskrit Mahavidyalaya, Baryaghat, Mirzapur
(U.P.) Spl.Ref. Sāhitya.
Pandey, Chandra Shekhar. Acharya in Sāhitya,
M.A., M.Ed. Shiksashastri, Teluguvisharad.
b. 01.01.1936, Kathirao, Varanasi, U.P. Asct.
Prof. Bks. 03. Āndhraśabdacintāmaṇi,
Ātharvaṇakaṇikā, Ahobalapāṇ©ityam, Add.
R.Sk.S. Guruvayur Campus, Purnattukara,
Trissur (Kerala). Spl.Ref. Sāhitya, Veda,
Linguistics, ShiksaŚāstra, TeluguSāhitya.
Pandey, Chandrabali. M.A. (Hindi). Studied
in Sanskrit. Bks. 01. Kurāna aura Hindī.
Pandey, Chandrma. Jyotiṣa Acharya (Gaṇita
& Phalita), Vidyavaridhi. b. 01.07.1954,
Bhojpur, Bihar. HOD Deptt of Jyotiṣa, Faculty
of SVDV BHU. Gp Rajmohan Upadhyay, Pt.
Sri Chandra Pandey, Dr. Satya Narayan
Triapthi. Sp. Dr. Parasnath Ojha, Dr. Jitendra
Narayan Pandey, Dr. Kripa Shankar Pandey.
Bks. 05. Keśavīya Jātakapaddhati, Ādhyātma
Rāmāyaṇa, Amarakoṣa, Kāśīkedāra Māhātmya,
Dīrghavṛtta-lakṣaṇam. Add. Deptt of Jyotiṣa,
Faculty of SVDV, BHU. Ph. 0542-2369240.
M. 09415303818.profcpandey@gmail.com
Spl.Ref. Jyotiṣa.
Pandey, Devendra Nath. Acharya in
Suklayajurveda & Atharvaveda, M.A. b.
20.11.1958, Motihari, Bihar. Asst. Prof.
Vanasthali Vidyapeeth, RJ. Gp. Bhagavatprasad
Mishra, Gopalchandra Mishra, Bindhesvariprasad Tripathi. Ps. 05. Add. C.K. 32/17,

