
Mishra, Vindhyeshwari Prasad ‘Vinay’. M.A.,
Ph.D.. b. 18.03.1956, Village Kahara, Hamirpur
(U.P.). Prof. & HOD in Sanskrit Vidya Dharma
Vigyan (SVDV). Director – Malviya Bhavan,
Coordinator, Centre for Yoga. – Banaras Hindu
University, Varanasi. Sp. Dr. Shravan Kumar
Dwivedi, Dr. Krishnakant Joshi, Dr. Ghanshyam
Dixit, Dr. Mudita Tiwari, Dr. Pratibha Pandeya.
Bks. 13. Mantrabhāgavatam, Saṅkīrtanarasanirjharī, Śrīmahākāleśvar–Stutipañca-ratnam,
Vātāyana, Śrīmadbhāgavat–Tattvabinduḥ. Ps.
81. Add. Department of Vaidic Darśana, Faculty
of Sanskrit Vidya Dharma Vigyan (SVDV),
BHU, Varanasi. Pin. 221005. Ph. (0542)
6701951. M. – 9936038383. Spl.Ref. Received
M.P. State Bhoj Puraskar for the Year 1999–
2000 on the Book titled ‘Śrīmadbhāgavata
Meṃ Kṛṣṇakathā Svarūpa Evam Tatvavimarśa’.
First Prize to the Sanskrit Drama
‘Netralīlāvitam’ (Conceiver and Script-Writer)
in Navodita–Pratibha Samagam Held at Dr
H.S. Gour Univ. Sagar in 1995, organized
by M.P. Sanskrit Academy, Bhopal (M.P.).
First Prize in ‘Sanskrit-Kāvya-Lekhan’
Competition at Navodit – Pratibha- Samagam
in 1986.
Mishra, Vir Bhadra. M.A., Ph.D. b. 02.08.1940.
Seetapur U.P. HOD Skt. Deptt. BSNV PG
College. Bks. 20. Anunayaḥ, Saṃskṛta.
Saṃracanā, Vaidika Vāṅmayagu-ikā, Aṣtādhyāyīpariṣkāraḥ Ps. 25. Add. 643. SA/42.
Skt. Nagaram, Sitapur Road, Lucknow 226021. Ph. 0522-2759045. Spl. Ref. Short
Documentary is made by UGC on his Skt.
Skills. Expired .
Mishra, Virendra Kumar. Acharya. b.
08.05.1962, Unnav, U.P. Gp. Laxmeshwer Jha.
Ps. 02. Add. 31/3204, Beedanpura, Karol Bagh,
New Delhi. 110005.
Mishra, Vishuddhanand. Acharya (Vyākaraṇa
Sāhitya), Vidyabhushan. b. 1922. Badayun.
U.P. Former Vice-V.C., Gurukul Vrindavan
Bks. 05. Gokaruṇānidhikāvyam, Suravāṇīpraśastikā, Vane Nirvāsitā sītā, Satyārthaprakāśaprśastau Aś-ottaraśatakam, Āryāśca

165

ke? Hindavaḥ. Add. Vedamandir, Kuchapanda,
Badaun, U.P. Spl.Ref. Veda, Sāhitya, Vyākaraṇa.
President Awardee, Akhil Bhartiya Vedvedang
Puraskar, Sri Gangeswaranand Vedvedang
Puraskar, Anuchan Sāhitya Puraskar, Visihist
Puraskar U.P. Skt. Sansthan, Honourary Vidya
Martand by Gurukul Kangri, Chairman
Sarvdeshik Karya Pratinidhi Sabha.
Mishra, Vishvambhar Vagish. M.A., Ph.D. b.
03.07.1961, Jhanjharpur, Bihar. HOD. Gp.
Pt. Sobhakant Jha, Pt. Kulnandan Mishra,
Dr. Kashinath Mishra. Ps. 05. Add. Shyama
Charan Sanskrit Vidhyapith, Madhusudan
Nagar, Baunsi, Bhagalpur Bihar. Spl.Ref.
Sāhitya Śāstra.
Mishra, Vishvanath. Acharya, M.A. b.
05.08.1914, Lakhimpur. Inspector of Sanskrit
Pathshalas, Govt. of U.P. Gp. Bhola Chandra
Shastri, Dr. Mangaladev Shastri. Ps. 02. Add.
B-43, Chandralok Hydle Colony, Chandralok,
Lucknow, U.P. Spl.Ref. Sāhitya Śāstra.
Mishra, Vishvanath. Acharya. b. 1919,
Ramapurnadi, Jaunpur, U.P. Rtd. Asst.Prof.,
Govt. Sanskrit College, Ranchi. Add. C/o.
Chotangpur Prathamik Shikshak Shiksha
Mahavidyalaya, Main Road, Ranchi,
Jharkhand. Spl.Ref. Veda, Vyākaraṇa Śāstra.
Mishra, Vishvnath Prasad. M.A. in Sanskrit
& Hindi. b. 1906. Varanasi. Prof., B.H.U.,
Varanasi. Bks. 14. Hindī Sāhitya kā Atīta, Hindī
kā Sāmayika Sāhitya, Vāṅmayavimarśa, Bihārī
kī Vāgvibhūti, Kāvyāṅga Kaumudī.
Mishra, Vishwa Nath. M.A., Acharya. b.
15.06.1930. Bihar. Prof., Jain Vishwa Bharati
University. RJ. Bks. 07. Laghūśabdendū
Śekhara, Paribhāṣenduśekhara, Prau©ha
Nibandha Saurabham, Bhikṣu Nyāyakarṇikā.
Ps. 50. Add. 6-Kailash Nikunja. Rani Bazar.
Bikaner. RJ. Ph. 9828927155. Spl.Ref. President
Awardee.
Mishra, Vulan. M.A. Ph.D. b. 01.01.1944,
Madhubani, Bihar. Principal. Ugratara Bharati
Mandan Sanskrit College, Mahishi, Saharsa.
Gp. Pt. Suryanarayan Jha, Pt. Pitambar Jha.

