172



Teacher. Ps. 02. Add. 23-32, 31/C, Paparajuvarivithi, Satyanarayana-puram, Vijayawada,
A.P. Spl.Ref. Vyākaraṇa , Sāhitya.
Murty, Varaprasad P. M.A., Ph.D. b. 19.04.1963.
Peruru. Dist. East Godavari, A.P.. Asct. Prof.,
Nagarjun University, Guntur, A.P.. Bks. 01.
Surabhī (2000). Ps. 01. Add. Nagarjuna
University, Nagarjunanagar, Dist. Guntur, A.P.
Ph. (0863) 351300. Spl.Ref. Alaṅkāra-Śāstra.
Musalgaonkar, Keshav Rao. M.A., D.Phil. b.
30.01.1928, Gwalior. Bks. 08. Saṃskṛta
Mahākāvya kī Paramparā, Ādhunika Saṃskṛta
Kāvya, Kālidāsa Mīmāṃsā, Daśarūpakam,
Harṣa Caritam. Add. 3, Deepti Vihar, Nana
Kheda, Indore Road, Ujjain–10. Spl.Ref.
President Awardee.
Musalgaonkar, Rajeshwar Shastri. M.A., Ph.D.
b. 03.03.1964, Gwalior. Asst. Prof., S. S.,
Vikram University, Ujjain. Bks. 09. Vaidika
Sāhitya kā Itihāsa, Arthasaṅgrahaḥ,
Ratnāvalinā-ikā, Nītiśatakam, Dhāturūpakaumudī (all ed.). Add. 03, Deepti Vihar, Nana
Kheda, Indore Road, Ujjain - 456010.

Muttukrishan, Krishnayyar Ghanapathi. b.
12.12.1954, Cholavandan, Madurai, Tamil
Nadu. Vedic Exponent. Gp. Ram Svami Sharma.
Add. Padamavati Devasthana, Tiruchanuru,
A.P. Spl.Ref. Kṛṣṇayajurveda.
Mutturi, Suguna. Sāhityaśiromaṇi, Shiksashastri. b. 08.08.1960, Cholasa-mudram,
Anantpur, A.P. Sanskrit Teacher. Gp. Vedgiri,
K. Nageshwar Shastri. Ps. 01. Add. Shri
Saraswati Vidyamandir, Hindupur, Anantpur,
A.P. Spl.Ref. Sāhitya.
Mutturu, Vijaya Lakshmi. Sāhityaśiromaṇi,
Shiksashastri. b. 05.02.1958, Cholasa-mudram,
Anantpuram, A.P. P.G.T. Gp. Vedgiri, K.
Nageshavar Shastri. Ps. 01. Add. S.W.
Residential School, Muluguru, Hindupur, A.P.
Spl.Ref. Sāhitya.
Muttuvedachalam, Vishvanathan. b. 1938,
Achcharpakkam, Chengalpet, T.N. Gp R.
Krishnasvami Ayyangar. Add. Shri Kapileshwarswami Devasthanam, Tirupati, A.P. Spl.Ref.
Kṛṣṇa-yajurveda.

N
Natyacharya, Dr. Prabhunarayan. M.A. (Hindi/
Pol. Science) Ph.D. b. 1899. Asst. Prof. Skt.
College, Jaipur. Bks. 45. Expired in 1997.
Spl.Ref. Established ‘Rashtra-bhasha College
which is known by Sanatan Dharm Hindi
Vidyapeetha at chhoti chaupar. Jaipur.
Awards– Sāhitya M.M. Sāhitya Vachaspati
by indraprashtha Vidyapeetha, Awarded by
Rajasthan Sāhitya Academy, Awarded by
Sangeet Natak Academy.
Nadadura, Sathagopan. Sāhitya vidyapravina.
b. 25.04.1928, Kokalunda, Orissa. Rtd.
Teacher. Gp. Gajulapalli Hanumatshastri, Udali
Subbaraya Shastri. Bks. 01. Suravāṇī Maṇihāra
Add. Shri Sukabrahmashrma, Shri Kalahasti–
517640 (AP). Spl.Ref. Sāhitya.
Nadan, Krishnalal. M.A., Ph.D. b. 20.11.1933,
Andaman Nagar, Andaman-Nikobar. Asst.

Prof., Delhi University. Gp. Dr. Ramgopal,
Dr. Satyavrat Shastri, Dr. Mahendra Kumara
Sarkar. Bks. 04. Śiñjārava (Kavyasangraha),
Anantamārga (Laghukathāsaṅgraha), ¿rvīsvana, Camatkāra. Add. Vishwanida, E-937,
Sarswati Vihar, New Delhi – 110034, Spl.Ref.
Vaidika Vāṅmaya.
Nadhediya, Narayan Sinha. M.A., Sāhityaratna, Acharya in Sāhitya. b. 23.07.1936. Hindi
Officer, Company Law Board, North Zone,
New Delhi. Ps. 01. Add. 302, Sector – III,
Sadik Nagar, New Delhi – 110049. Spl.Ref.
Sāhitya.
Nagar, Ravi Shankar. M.A., Ph.D. b. 30.12.1927,
Jammu, (J & K). Rtd. Asct. Prof., Deptt. of
Sanskrit, Univ. of Delhi. Gp Narendranath
Chaudhuri, Surendranath Shastri. Bks. 02.
Śrī Vyañjanāvimarśaḥ. Add. R-33, Model Town,

