
Communist
Manifesto
(Saṃskṛtabhāṣānuvāda). Add. Ampallur. Eranakulam–
682315 (Kerala). Spl.Ref. Sāhitya, Kāvya.
Amritraj Rahul M.A. (Pali) , NET-JRF (Pali),
Ph.D. b. 05.01.1982, Gopalganj, Bihar SRF
(Pali) Rashtriya Sanskrit Sansthan, Lucknow
Campus Gp Prof. Bimalendra Kumar. Ps 08
Add. Vill. Ranipur P.O. Bhorey Distt. Gopalganj
841426, Bihar M. 09335557610, rahulpali8@
gmail.com Spl.Ref. Pali.
Anand Kumar. Tīrtha in Vyākaraṇa & Kāvya.
b. 11.02.1953, Bakalasa, Bardwan, W.B.
Principal. GP. Sivakinkara Shastri. Add. Vill.
Bakalasa, Post. Bardwan Dist. (W.B.). Spl.Ref.
Vyākaraṇa, Kāvyaśāstra.
Anand, Kamal. M.A., Ph.D., D.Litt. b.
18.10.1942. Lahore. Honourary Prof.
Vishvewaranand Vedic Research Institute,
Hosiyarpur, PB. and member Editorial Board
of Research Journals Vishwa Sanskritam and
Vishwa Jyoti. Bks. 04. Ps. 50. Spl.Ref. Ram
Krishna Award from Canada, Siromani Sanskrit
Sahityakar Govt. of Punjab, President Awardee.
Anandavardhana, S. śiromaṇi. b. 20.10.1956,
Madras, Tamil Nadu. Samskrita Research
Assistant. GP. Sesadrinatha Sarma, V. Sarma.
Add. Skt. Research Institute, Pondicherry.
Spl.Ref. Sāhitya.
Anandhan, S. śiromaṇi in Nyāya, M.A. General.
b. 09.05.1979, Pudukottai, Tamilnadu.
Teacher, Maharishi School, Chennai. Gp. Kura
Kulotama Dasam. Ps. 04. Add. No. 162, Temple
View Apartments, GST Road, Chennai (TN.).
Ph.
(04371)-247295,
09894709418.
anandresearch03@rediffmail.com.
Ananta Padmanabhacarya, P. Vidvān, M.A.
Age. 45 yrs. In 1987. Lecturer. Add. Purna
Pragya Vidyapeetham, Kalyam Nagar,
Bangalore–24. (KT). Spl.Ref. Alaṅkāraśāstra,
Vedānta.
Ananta. L. V. Traditional Education. Age. 86
yrs., Puduseri, Kerala. Rtd. Teacher. Add. 1/
527, Old Kalpathi, Palghat (Kerala). Spl.Ref.
Sāhitya.

7

Anantachary, Rajgopalan Matham. b.
30.11.1940,
Terazhundur,
Tanjavur,
Tamilnadu. Gp. R. Krishna-swami Ayyangar,
K.K. Yamunacharya. Add. Shri Tirumala
Tirupati Devasthanam, Tirumala, 61-B,
Vinayak Nagar, Tirupati (A.P.). Spl.Ref.
Kṛṣṇayajurveda, Karmakāṇ©a.
Anantakrsnacharya, M. S. Mīmāṃsā Vidvān,
B.A. (Samskrit), B.T. (Education), Yajurveda
Samhitapathi. b. 18.01.1918. Majori, Udupi,
Karnataka. Retd. Skt. Teacher, Udupi Skt.
Pathasala, Udupi. GP. Kasi Pranesacharya,
Krishnadesikacharya, Subrahmanya Sastri.
Add. 9174, Sri Saudhe Matha Compound,
Udupi – 576101, South Kannad Dist. (KT).
Spl.Ref. Dvaita Vedānta Yajurveda.
Ananthakrishna. Acharya in Navya Nyāya. b.
15.07.1985. Sringeri. Gp. V. Naveena Holla.
Add. RSKS. Sringeri Campus, Ambalamane,
P.O. Tekkur, Sringeri, Chickmagalore. Ph.
9480071648. Spl.Ref. Navya Nyāya.
Anantharama, N. V. Sāhitya Vidvān b.
20.09.1926. Karnataka. Bks. 06. Add. Rtd.
Skt. Pandit. Behind Post Office. Rama Murthy
Nagar. Bangalore – 16. 560016. Ph. 25651398.
Anantharangachar, N. S. B.A., BT, Ph.D.,
Vedānta Vidvat. b. 15.02.1920. Mysore, KT.
Rtd. Principal, Maharaja Sanskrit College.
Bks. 75. Add. 780, 5th Main Road, Vijaynagar,
Bangaluru–40 KT. Spl.Ref. Viśiṣ-ādvaitavedānta, Veda, Upaniśad, Sāhitya, He held
different administrative assignment like District
Education Officer, Bangalore Secretary of
Karnataka State Sāhitya, Lalitkala and Sangeet
Natak Academies, Honouray Registrar Bhartiya
Vidya Bhawan, He has been acitively engaged
in delievering a no. of Lecturers all over India
on the Work of Kalidas Veda Upanishad and
Philosophy, President Awardee.
Ane, Madhav Sri Hari. b. 1880. Pune. V.C.
Maharashtra Vidyapeetham, Maharastra. Bks.
01. Śrī Tilakayaśo’rṇavaḥ. Expired - 1968.
Spl.Ref. Awarded by Padma Vibhushan. Vice
Chancellor of Maharashtra Vidyapeetham &
Government of Bihar.

