320



Trivedi, Dr. Sudhakar Mishra, Dr. Umashankar
Tripathi. Bks. 05. Srīmadbhāgavata meṃ
nimbārka Vedānta kā Samanvaya, Skandamahāpuraṇasya Vivecanātmakamadhyayanam, Sṛṇ-i Vimarśaḥ, Padma-purāṇeṣu
Dārśanika Tatvānāṃ, Samīkṣaṇam. Ps. 05.
Add. Panchwati Mandir, Subhash Nagar,
Maldahiya, Varanasi, U.P.
Tripathi, Chandra Bhanu. Acharya, Vyākaraṇa,
Sāhitya. Ph.D., D.Litt., b.1924. Ekadala,
Fatahpur, U.P. Rtd. Prof. Deptt. of Skt.
Allahabad Univ. & Śāstra Chudamani Scholar,
RSKS. Gp. Rajivalochana Tripathi, Gayaprasada
Mishra, Ramachandra Tripathi. Bks. 15. Ja-āŚekharaḥ, Rāmakīrti Kumudamālā Sudhā
(Comm. on Kāśikāvṛttisāraḥ), Gītālī, Maṅgalyā,
Sujātā (Nātikā), Urvaśī (Nātikā). Add. 38
Balrampur House, Allahabad (U.P.). Spl.Ref.
Vyākaraṇa. U. P. Samakrta Akademi Award,
President Awardee 1995.
Tripathi, Chimanalal Rasikalal. M.A.
b.22.04.1911, Sarakheja, GJ. Teacher,
Brahmacharivadi Sanskrit Pathashala. Gp. M.
M. Varanasivada V. Abhyankar, P. M. Apte.
Ps. 02. Add. C/o Vidyabhavan, Ahmedabad–
380001(GJ). Spl.Ref. Sāhitya.
Tripathi, Chote Lal. Sāhityacharya, Ph.D.
b.01.07.1950. HOD, Sampoornanand Skt.
Univ., Varanasi, U.P. Gp. Pattabhiram Shastri.
Bks.03. Ps. 26. Add. Motiyari, Nareni, Banda,
U.P.
Tripathi, Chotelal. Acharya in Sāhitya,
Vidyavaridhi. b. 01.07.1950. Banda, U.P.
Acharya, Deptt. of Sāhitya Sampoorananand
Skt. V.V., Varanasi. Gp. Pt. Pattabhirama
Shastri. Sp. Ramakant Pandey, Bharat
Bhushan. Bks. 03. Kāvyaprakāśa, Rāmacaritam.
Ps. 27. Add. Motiyari, Naraini, Banda. M.
09956120053. Spl. Ref. Sāhitya Skt. Academy
Award.
Tripathi, D. M.A., Ph.D. Asst. Prof., Sanskrit
Deptt., Delhi University. Ps. 02. Add. Miranda
House, Delhi University, Patel Chest Marg,
Delhi–110007. Spl.Ref. Vyākaraṇa & Linguistic.

Tripathi, Daduram. b.18.10.1936, Devkala,
Jabalpur, M.P. Principal. Ps. 02. Add. Shri
Shanti Niketan Jain Sanskrit Maha-vidyalaya,
Katni, (M.P.). Spl.Ref. Sāhitya & āyurveda.
Tripathi, Damodar Ram. M.A., Ph.D.
b.15.01.1948. Ps. 02. Add. 4, Sleepy Halo,
Mallital, Nainital (U.P.) Spl.Ref. Sāhitya.
Tripathi, Deena Nath. Kāvya, Vyākaraṇa,
Sāṅkya, Vedānta, Nyāya, Darśana Tīrtha.
Bhupati Nagar, Gram (Kalikata). Add.
Dakshineshvar
Ramakrishna
Sangh,
Adyapeetha Balkashram, Kalikata-76.
Tripathi, Deepti. M.A., Ph.D. b.05.11.1950,
Patna, Bihar. Prof. Dept. of Skt., Delhi
University. Gp. Dr. Bechana Jha. Add. S/D
345, Vishakha Enclave, Pitampura, Delhi –
110034. Spl.Ref. Sanskrita Vyākaraṇa &
Linguistic.
Tripathi, Dev Datt. Acharya in NavyaVyākaraṇa.
b.05.04.1943, Paigaha, Varanasi, U.P. Asst.
Prof. Gp. Baladeva Jha, Jvalaprasada Gauda.
Ps. 02. Add.Shri Chetan Jyoti Sanskrit
Mahavidyalaya, Bhupatvala, Haridwar. Spl.Ref.
Vyākaraṇa.
Tripathi, Dev Narayan. Acharya in Vyākaraṇa,
M.A. b.15.07.1932, Raibareli, U.P., H.O.D.
of Vyākaraṇa. Gp. Ramaphala Tripathi, Rudraprasada Awasthi. Ps. 02. Add. Jayabharat Sadhu
Sanskrit Mahavidyalaya, Haridwar. Spl.Ref.
Vyākaraṇa.
Tripathi, Dev Nath. M.A, Ph.D. b.01.01.1968,
B–1/150, A-D, Asi, Varanasi. Asst. Prof., Pune.
Add. CASS, University of Pune – 411007, Pune.
deonathtripathi@gmail.com
Tripathi, Devaki Nandan. Acharya in Sāhitya.
M.A. b.05.07.1946, Silavati, Nainital. Gp.
Madana Narayana Tiwari, Vijayaprakasha
Sharma Gauda. Ps. 02. Add. Rajakiya Inter
College, Tanakpur, Nainital. Spl.Ref. Sāhitya.
Tripathi, Devendra Nath. Acharya in Veda,
M.A., Ph.D. b.01.03.1959, Tiwaripur, Deoria,
U.P. Asst. Prof. Gp. Dr. Gopalachandra Mishra,
Dr. Bindhyeshwari Prasad Tripathi. Add. S.
D. Degree College, Mathalar, Deoria (U.P.).
Spl.Ref. Veda, VedāntaDarśanaa & Vyākaraṇa.

