324



Tripathi, Kamlesh Kumar. M.A., Ph.D. b.
07.12.1955. Asct. Prof., NS Mahavidyalaya,
Jaunpur. Bks. 01. Dhvani evam Vakrokti. Ps.
04. Add. Deptt. of Skt., Nagrik PG
Mahavidylaya, Joonpur. Spl.Ref. Sāhitya.
Tripathi, Kamta Prasad. Acharya in NavyaVyākaraṇa, M.A., Sāhityaratna, Vidyavachspati,
Vidya sagar b 01.09.1947 Pratapgarh, Rtd.
Prof., Dept. of Skt., Indra Kala Sangeet V.V.
Kahairagarh, HOD Skt. Deptt. MG Gramodyog
V.V. Bks. 07 Saṅgītasūryodaya, Yugavedanā,
Rāmabhadrodbhavam,
Lahrī
Cālisā,
Abhinavasvaraśāstram. Ps.40. Spl. Ref. Sāhitya,
Vyākaraṇa , Sangeet, Poet, Honourary D.Lit.
from Jagat guru Rambhadracharya Viklang
V.V. Japan, Kāvyaratnakar, Siksha Samman
etc. editor of Kalasaurabh research Journal.
Tripathi, Karuna Pati. M.A. (Hindi),
SahityŚāstra. V.C., Sanskrit Univ., Varanasi.
Gp. Pt. Keshavprasad Mishra. Bks.02.
Pañcadaśī, Mahimnastava. Expired in 1990.
Tripathi, Kedar Nath. Acharya (Nyāya, Vedānta,
Sāṅkyayoga). b.02.07.1929, Bishanpur, Bihar.
Asct. Prof. and HOD, B.H.U. Varanasi Gp.
Suryanarayana Shukla, Shri Hari Har Kripalu
Dwivedi Bks. 01. Janmāntaravāda. Add. 84,
Javahar Nagar, Varanasi (U.P.).
Tripathi,
Kedar
Nath.
Acharya
in
NavyaVyākaraṇa. Ph.D. b.01.10.1953.
Pratapgarh, (U.P.) Asst.Prof., S.S.V., Varanasi.
Gp. Prof. Ramprasad Tripathi, Prof. Ramyatna
Shukla. Sp. Dr. Ramakant Pandey, Dr. Dinesh
Tripathi. Ps. 05. Add. Lalaganj, Pratapgarh
U.P. Spl.Ref. Vyākaraṇa.
Tripathi, Kedar Nath. Acharya(NavyaNyāya,
Vedānta, Sāṅkya) Kāvyatirth, Sāhityaratan,
Vidyavachaspati. b. 02.09.1921. Prof., B.H.U.
Bks. 02. Sri Bhuwneśvarīmahāstotram.
Hanumatpraśastikāvyam. Add. B1/85/C 80.
Varanasi – 05. Spl.Ref. Vice-Chairman. Kashi
Vidwat Parishad, President Awardee.
Tripathi, Keshav. Acharya in Vyākaraṇa. b.1925.
Principal, Sanskrit Secondary School,
Mehadaram, Raigarh, Siwan (Bihar). Spl.Ref.
Vyākaraṇa, Jyotiṣa, Nyāya, Tantra.

Tripathi, Kriparam Abhiram. M.A., Ph.D. b.
04.08.1951. Balrampur, U.P. Prof., MLKPG
Mahavidyala, Balrampur.Bks. 08. Taraṅgadūtam, Kutajakusumāñjaliḥ, Kāvyamandākinī.
Ps. 40. Add. Sanskrit Vibhag, MLKPG
Mahvidyala, Balrampur U.P. -01. Spl. Ref.
Sāhitya, Honour from U.P. Skt. Academy.
Tripathi, Krishna Chandra. Sāhityacharya.
M.A. Ph.D. b.16.08.1958. Asst. Prof. Ps. 03.
Add. F-220, Katawaria Sarai, New Delhi –
110016. Spl.Ref. Sāhitya.
Tripathi, Krishna Gopal. Acharya in Vyākaraṇa
Purāṇa & Āyurveda. b.15.12.1931, Pachnehi,
Banda, (U.P.). Head of Deptt. Add. Shri Vamdev
Sanskrit Vidyalaya, Banda(U.P.) Spl.Ref.
Āyurveda.
Tripathi, Lalit Kumar. Acharya, VidyaVaridhi.
b.15.02.1970, Calcutta. Asct. Prof., R.Sk.S.,
G.N.Jha. Campus, Azad Park, Allahabad.
Bks.12. Add. C/o Rama Nath Tripathi 528A/
321A, BHS, Allahpur, Allahabad. Spl.Ref. Editor
of ‘Teach yourself Samskrit’ printed study
meterials. Coordinated Samskrit spoken camps
& Samskrit Teacher Trainng programs.
Paninian Grammar & Computational
Linguistics.
Tripathi, Laxmi Kant. Acharya (Sāhitya &
Vyākaraṇa), M.A. b.05.01.1950, Duhia,
Pratapgarh, U.P. Gp. Guruprasad Shukla,
Tirthraj Pandey. Ps. 03. Add. Amapur Duhia,
Pratapgarh U.P. Spl.Ref. Sāhitya & Vyākaraṇa.
Tripathi, Madan Mohan. Acharya in NavyaVyākaraṇa. b.08.04.1920, Balia, (U.P.). Rtd.
Asst. Prof. Ps. 03. Add. Jagdishpur, Mahila
Chikitsalaya Marg, Balia (U.P.). Spl.Ref. NavyaVyākaraṇa.
Tripathi, Mamta. M.A. b.02.08.1966,
Raibareilly. Programme Officer. Gp. Shivavaran
Shukla. Ps. 03. Add. Sanskrit Research Institute,
31, Mahipal Nagar, Raibareilly (U.P.). Spl.Ref.
Sāhitya.
Tripathi, Mandavi Sharan. Acharya in
Vyākaraṇa. M.A. (Hindi), Ph.D. b.04.04.1949,
Naikin, Khujuha, Rewa, (M.P.). Ps. 03. Add.

