268



School, Mandir Marg, New Delhi. Ps. 03. Add.
3-E, Guest Housing Complex, B-3, Paschim
Vihar, New Delhi. Spl.Ref. Sāhitya.
Sharma, Ved Prakash. M.A., B.T. b. 15.10.1932.
Teacher (P.G.T.), Govt. Senior Secondary
School, Bakhtawarpur, Delhi. Ps. 03. Add.
B-50, Rajendra Babu Road, Adarsh Nagar,
Delhi. Spl.Ref. Sāhitya.
Sharma, Vedam Venkatraman. M.A. Sāhitya
Vidhya Praveena. b. 07.07.1939, Nellore, A.P.
Asst.Prof., Veda Sanskrit Kalashala, Singhpuri.
Gp. D.Subbaram Shastri, P.Venkatkrishna
Shastri. Add. 20/384, Panireddi Agraharam,
Mulapet, Nellore, A.P. Spl.Ref. Sāhitya & Veda.
Sharma, Vekuntbiharinand. Acharya, (Sāhitya,
Mīmāṃsā, VishishtadwaitVedānta), Rashtra
Bhasha Kohid. b. 27.11.1929. Katak, Orissa.
Prof., Sadashiv Kenderiya Skt. Vidyapeetha,
Puri. Bks. 01. Kīcakavadhakāvyam. Spl.Ref.
Mīmāṃsā, President Awardee (2008).
Sharma, Velluri Subbarao. Rtd. Prof., Andhra
Univ. Bks. 02. Sundarīmeghasandeśaḥ,
Sundarītoṣiṇī (Comentary of Sundarīmeghasandeśaḥ)
Sharma, Vemuri Anjaneya. M.A., Ph.D. b.
19.12.1937. HOD. of Sanskrit. Ps. 05. Add.
Shri Venkateshwer University, Tirupati A.P.
Spl.Ref. Sāhitya.
Sharma, Venkat Raja. Mahamhopaddhyaya,
M.A. b. 11.07.1930, Tiruvananthanpuram,
Kerala. Research Associate. Ps. 05. Add. French
Institute, Dumas Street, Pondicherry. Spl.Ref.
Vyākaraṇa.
Sharma, Venktesh Shastri. Alaṅkāra Vidvān.
b. 27.08.1920, Mattur, Shimoga. Teacher,
Sakelespura Praudhashala, Hasan. Gp.
Sankighatta Venkatacharya, Kalvela Keshav
Shastri, Subrahamanyam Shastri, N.
Krishnacharya. Add. No.10, Shatatara Tellam
Colony, Timber Yard Lay Out, III Cross,
Banglore, KT. Spl.Ref. Veda, Advaita-Vedānta,
Alaṅkāra Śāstra.
Sharma, Vidhyabhushan Ramanand. Acharya
in Āyurveda. b.01.05.1919, Lat, Bihar. Rtd.

Vice-Principal. Add. Lat, Hulasganj, Jahanabad
(Bihar). Spl.Ref. āyurveda.
Sharma, Vidyanath Acharya. Acharya in
Purāṇa, Vyākaraṇa-shastri, Sāhitya-vidhyapravin. b.12.11.1912. Ps. 03. Add. Gandhi
Nagar, Berhampur, Ganjam, Orissa. Spl.Ref.
Purāṇa, Sāhitya, Vyākaraṇa.
Sharma, Vijay Kumar. Acharya in Jyotiṣa. B.Ed.
b. 31.10.1952, Bouli, RJ. Ps. 05. Add. Deptt.
of Jyotiṣa, Maharaja Sanskrit College, Jaipur,
RJ. Spl.Ref. Jyotiṣa.
Sharma, Vinod Kumar. Acharya (Jyotiṣa,
NavyaVyākaraṇa ), M.A., Ph.D.. b. 05.03.1968,
Jaipur (Raj.). Asct. Prof. & Head. Jagadguru
Ramanandacharya Rajasthan Sanskrit
University, Jaipur. Gp. Pt. Rampal Sharma,
Pt. Krishngopal Shastri. Sp. Dr. Kailash Chandra
Sharma, Dr. Bhawani Shankar Sharma, Dr.
Mahesh Sharma, Shri Anil Pratihasth, Prof.
Shalini Saxena. Bks. 08. Vaidikasaṃhitāsu
Jyotir Vijñānam, Vāstuvimarśa, Jyotirvijñānāmṛtam, Yantramandira, Vedhaśālā Vaibhavam.
Ps. 07. Add. Plot No. 19, Narayan Vihar, Opp.
30/118, Pratap Nagar, Sanganer, Dist. Jaipur,
Rajasthan – 302030. Ph. (0141) 2792297,
09414350711.
Sharma, Vishnu Dutt. Acharya (Vyākaraṇa
Sāhitya Darśana, Jyotiṣa), M.A. (Skt., Hindi),
Sāhitya Ratan, Prabhakar, Ph.D. b. 05.06.1936,
Meerut, U.P. HOD Deptt of Skt. NAS PG
College. Merrut. Gp. Kuber Dutta Shastri,
Brihmanand
Shukla.
Bks.
05.
Gurunānakadevacaritam (Mahā-kāvyam),
Śrīmatīindrāgāndhicaritam. Add. 110, Near
Thana, Sadar Meerut U.P. Spl.Ref. Vyākaraṇa,
Sāhitya, Darśana & Jyotiṣa, Alaṅkāra, Jyotiṣa
Martant, UP Skt. Academy Honour.
Sharma, Vishwa Nath. Acharya, Ph.D.
b.01.01.1940, U.P. HOD of Sanskrit. Gp. Dr.
R. K. Acharya. Ps. 05. Add. S. R. K. College,
Firozabad, Agra, U.P. Spl.Ref. Darśana Śāstra.
Sharma, Vishwa Nath. Vedānta Bhushan,
Vedānta Shiromani. b.1911, Tripunittura,
Kerala. Gp. B.A. Krishna Sharma, Acyuta

