24



Bhatt, Harivallabh. Vyākaraṇa. Vaidyakaśāstra.
Nyāyaśāstra. b. 1866. Gp. Srikrishnaram Bhatt,
Shri Kundanram, Bhainath Ojha, Shri Narayan
Bhatt Parvanikar. Bks. 10. Jayanagarapañcaraṅgaḥ, Lalanālocanollāsaḥ, Kāntāvakṣojaśaktyodayaḥ, Śṛiṅgāralaharī, Dāsakumāradāsa. Exp. 1920. Spe. Ref. Recipient
of Kavimalla Award.
Bhatt, Jagadish Chandra. Acharya in Sāhitya,
M.A., Ph.D.. b. 05.10.1956, Pithauragarh, U.P.
Asct. Prof.. Gp. Madananarayana Tripathi,
Pt. Vedananda Jha, Dr. Harinarayana Dixit.
Bks.01. Rāmāyaṇa-kālīnasamāja
eva‚
saṃskṛti. Add. Siddha Kutir, Nawabi Road,
Haldwani, Nainital (U.P.) Spl. Ref. Sāhitya.
Bhatt, Jayant karunashankar. Kāvya-Tīrtha,
Shastri (Purāṇetihāsa, Sāhitya, Jyotiṣa,
Vedānta), M.A., Ph.D. b. 25.01.1933,
Badalpura. Junagarh. Gujarat. Asct. Prof. Gp.
Kamal Kant Mishra, Pratap Rai Modi. Bks.
01. Śāṅkarabhāṣya-Gītāmuddiśya Gītāyā
Vivecanātmakādhyayanam. Add. Maharshi Ved
Vijnana Academy, 3-B, Highland Park,
Ahmedabad (GJ). Spl. Ref. Purāṇa, Sāhitya,
Vedānta, Jyotiṣa.
Bhatt, Jeet Ram. Acharya (Vyākaraṇa). M.A.,
Pub. Adm., B.Ed., Ph.D. b. 09.11.1962.
Bhattwari, UK. Deputy Secretary (P) Delhi
Skt. Academy. Bks. 02. Bhaktirasāmṛtam –
Eka Adhyayana, Anubhūtiśatakam. Ps. 02.
Add. 46. Uttaranchal Enclave Kamalpur, Burari,
Delhi – 110009. Ph. 6548786. Spl. Ref. Skt.
Scholar, Poet and Critics.
Bhatt, Kakunje Krishna. Mimāṃsā śiromaṇi,
Mimāṃsā-Visarada. b. 01.04.1916, Kasargode,
Kakunje, Kerala. Rtd. Prof. (Mimāṃsā).
Maharaja Samskrta College, Nirachala, KT.
Gp. V. Vishnu Bhatt, S. Venkatappa Sharma,
Bala-subrahmanya Shastri. Bks. 03. Kau-ilya
Arthaśāstra, Svarṇa Kośa. Vyākaraṇavṛtti. Add.
Kakunje, Kasargode (Kerala). Spl. Ref.
Mimāṃsā, Advaitavedānta.
Bhatt, Kamaleshvar Prasad. Acharya in Sāhitya.
M.A.. b. 12.04.1948. Principal. Gp. Aditya
Ram Tripathi, Mahanand Sharma. Add. Shri

Jairam Sanskrit Mahavidyalaya, Rishikesh
(UK). Spl. Ref. Sāhitya.
Bhatt, Kemalinga. Sāhitya-śiromaṇi. b.
05.02.1921, Kulamarawa, Kasaragode, Kerala.
Gp. Narayana Bhatt, Krishna Bhatt. Add.
Harihara Nilayam, Palkanar, Kauntikana,
Kasaragode (Kerala). Spl. Ref. Sāhitya.
Bhatt, Kesava K. śiromaṇi, KannadaVidvān,
M.Sc. b. 10.10.1918, Kilingar, Kasaragode,
Kerala. Rtd. Lecturer. Gp. D. Narayana Bhatta,
Subraya Bhatta, U. Vishnu Bhatta. Add.
Kilingar, Srisadan, Nirchala mantralay,
Kumbala, Kasaragode – 670321 (Kerala). Spl.
Ref. Sāhitya, Kannada Sāhitya.
Bhatt, Kesava Y. Sāhityaśiromaṇi. b. 15.06.1930,
Kundakatta, Kasaragode, Kerala. Asst. Prof.
Gp. K. Krishna Bhatt, Darbe Narayana Sastri.
Add. Kundakat House, Peral, Kasaragode –
670532 (Kerala). Spl. Ref. Sāhitya.
Bhatt, Krishn K. Sāhityashastri. b. 27.09.1921,
Kotuvalli, Belur, Karnataka. Gp. Dalinarasimha
Bhatt, H. Sitarama Bhatt. Add. Kotuvalli Post,
Chikmaglur Dist. (KT). Spl. Ref. Sāhitya.
Bhatt, Krishnaraja K.R. Sāhitya śiromaṇi. b.
07.04.1922, Kinni Mulki, Karnataka. Rtd.
Teacher. Gp. Shrinivasa Bhatta, Ramakrishnacharya, K. Ramakrishna Tantri. Add.
Kinni Mulki, Udupi (Karnataka). Spl. Ref.
Sāhitya, Vyākaraṇa, Nyāya Śāstra.
Bhatt, Lakshmi Narasimha. Veda, Alaṃkāra
Śāstra, Pañcarātra Āgama. b. 08.08.1939. Rtd.
Prof. Rashtriya Sanskrit Vidyapetha, Tirupati.
Bks. 15. Ps. 80. Add. 3A, Gurukul Quarters
Rashtriya Sanskrit Vidyapeeth, Tirupathi –
07. Spl.Ref. Sub-Editor Sanskrit Pratibha,
Research General Sahitya Academy New Delhi.
He has associated with Agam Kosh Project
in Rashtriya Sanskrit Vidyapeetha, Tirupati.
President Awardee.
Bhatt, M. Ramkrishan. Rtd. HOD Deptt of
Sanskrit, Hindu Mahavidyala, D.U. Bks. 01.
Kāvyodyānam. Spl.Ref. Astrology.
Bhatt, M.A. Acharya, Ph.D. Śiromaṇi. b.
11.07.1932, Udupi Taluk, South Kannad, KT.

