
Jha, Upendra. b. 05.01.1928. Add. Raj Bhawan
Hata, Vinodpur, Katihar, (Bihar). Spl.Ref.
Vyākaraṇa. Sāhitya, Vedānta.
Jha, Upendra. Acharya in Jyotiṣa, Vidya-varidhi.
b. 25.05.1954, Kurtha, Dhanusa, Nepal.
Teacher. Gp. Pt. Mithalal Ojha, Pt. Murarilal
Sharma, Dr. Nagendra Pandey. Add. Adarsh
Rani Chandravati Shyama Mahavidyalaya,
Kachauri Gali, Veranasi (U.P.). Spl.Ref. Jyotiṣa.
Jha, Upendra. M.A., Ph.D., ShiksaShastri,
Vedacharya. b. 05.06.1948, Madhubani,
Mithila, Bihar. Gp. Pt. Shiv das Mishra. H.O.D.
of Veda. Add. Kameshwar Singh Darbhanga
Sanskrit University, Darbhanga, (Bihar).
Spl.Ref. Sāhitya, Veda.
Jha, Vasishtha Narayan. Tīrtha, M.A. Ph.D.
b. 20.07.1946, Thakurgaom, Dinajpur. Prof.
& Director, Center for Advanced Study in
Skt., Univ. of Pune. Gp. Sitakant Shastri, T.S.
Shrinivas Shastri. Bks. Studies in Language,
Logic and Epistemology, Linguistic Analysis
of the Ṛgveda Pātha, Studies in Padapātha
& Vedic Philosophy. Spl.Ref. Active Member
of Advisory Board in various Universities and
Institutions.
Jha, Vedanand. Acharya, Sāhityaratna, M.A.
b. 15.08.1924, Vasantpur, Vargania, Bihar.
Rtd. Principal, Motinath Sanskrit Mahavidhyalaya, Ramesh Nagar, Delhi. Gp.
Janniram Vyas, Bhupnarayan Jha. Bks. 01.
Tripathagākāvyam. Ps. 10. Add. 19-E,
Shivanath Yogashram Residential Area,
Ramesh Nagar, Delhi. Spl.Ref. Vyākaraṇa,
Nyāya, Vedānta, Sāhitya, Sāṅkya, Yoga Śāstra,
President Awardee. Expired.
Jha, Vidanath. M.A., Ph.D. b. 15.12.1929, Dugra,
Mithila, Bihar. HOD of Sanskrit. Gp. Dr.
Hajariprasad Dwivedi, Prof. Mahaveer Pathak.
Bks. Locana Vimarśa. Add. Bihar University,
Muzaffarpur, Bihar. Spl.Ref. Sāhitya Śāstra.
Jha, Vidyanand. Acharya in Sāhitya, Shiksha
Shastri, Ph.D. b. 11.07.1951. Beehat,
Begusarai, Bihar. Prof. & Head in Sāhitya,
R.Sk.S.,Bhopal Campus. Gp. Dr. Mandan

113

Mishra, Kaviratn Ameer Chandra Shastri, Dr.
Harshanath Mishra. Bks. 02. Srīmad-Yaśovijayamunikṛtāyāḥ Kāvyaprakāśa-īkāyāḥ
Dvitīyatṛtīyamātropalabdhāyāḥ Samīkṣā,
Kāvyaśāstrīya siddhāntānām Dārśanika
Tattvamīmāṃsā. Ps. 11. Add. C-15. Yashoda
Garden. Bag Mugalia. Bhopal. Pin. -462043.
Spl.Ref. Eminent Speaker & Idiol of students.
Jha, Vijay Chandra. Acharya in Sāhitya, M.A.
Asst. Prof. Add. Sanatan Dharma Sanskrit
College, Hoshiyarpur Punjab. Spl.Ref. Sāhitya
Śāstra.
Jha, Vinodkumar. M.A. b. 28.12.1957, Distt..
Samastipur, Bihar. Asst.Prof. Add. Kameshwer
Singh Darbhanga Sanskrit University,
Darbhanga (Bihar). Spl.Ref. Sāhitya Śāstra.
Jha, Vishwanath. Bihar. Bks. 01. Lakṣaṇāvalī
Tīkā. Spl.Ref. Lakṣaṇāvalī Commentary –
Published by Varanasi 1900.
Jha, Vishweshwer. Acharaya Vyākaraṇa, M.A.
(Skt & Maithali) Ph.D. b 01-02-1935,
Madhubani. Rtd. Prof. & Hod. MSS
Mahavidyalaya
Madhubani.
Gp.
Pt.
Deenbandhu Jha, Shri Madhusudan Mishra.
Sp. Dr. Umaraman Jha, Dr. Vishwanath Jha
etc. Bks. 4 Nītimālā, Śukanāsopadeśaḥ,
Saṃskāra vivecana, Svapnavāsavaduttam, Ps
10 M 9471011486 Spl.Ref. Churamani Scholar
RSKS.
Jha, Vounand. Acharya in Vyākaraṇa, Sāhitya,
Nyāya, Ph.D. b. 03.03.1953. Bihar. Asct. Prof.
in Darśana Dept., S.K.S.D.Univ., Bihar. Ps.
01. Add. Professor Colony. Digghi Pashchim,
Mirjapur. Darbhanga, Bihar. Ph. (06272)
23865. Spl.Ref. Navya Nyāya.
Jha, Vrijmohan. M.A. b. 12.08.1924, Navani
Mithila, Bihar. Rtd. Asst. Prof. Gp. Pt. Ishwer
Nath Jha, Yadupati Mishra, Jagdish Jha. Add.
Govt. Sanskrit College, Bhagalpur, Bihar.
Spl.Ref. Vyākaraṇa Śāstra, Sāhitya Śāstra.
Jha, Yogeshvar. Acharya in Vyākaraṇa, Sāhitya,
Sāṅkya-Yoga. b. 01.05.1924, Virsayar, Mithila,
Bihar. Rtd. Principal. Gp. P. Madhava
Chaudhari, Yadupati Mishra, Ishvaranatha

