
Face 3, Ahemdabad. Add. 107- Sarvodaya
Nagar, Near Ranna Park K.K. Nagar
Ahemdabad. Spl.Ref. Alaṅkāra Śāstra.
Khetai, Ramesh Chandra Sundar G. Ph.D.
b. 05.02.1926. Prof. L.D. Institute of Endology
Navrangpura Ahemdabad. Add. 107, Sarvoday
Nagar Vibhag 3, Near Ranna Park, Ahemdabad.
Spl.Ref. Dharma Śāstra, Vedānta Śāstra.
Khiste, Batukanatha Shastri. Acharya, M.A.
b. 30.10.1919 Varanasi. Rtd. Asst. Prof.,
Sampoornananda Sanskrita University,
Varanasi. Gp. Gosvami Damodaralala Shastri,
Narayana Shastri, M.M. Laksman Shastri
Tailanga, Bhalachandra Shastri Tailanga. Bks.
11 Bāṇabha--avimarśa, Sāhityalaharī, Kallolinī,
Chandaḥkaumudī, Śrībhāskaragranthāvalī .
Add. N-16/43, Patrakar Nagar, Vinayaka,
Varanasi, Uttar Pradesh – 2211001. Spl.Ref.
Sāhitya. Awarded by Uttar Pradesh Samskrita
Academy, President Awardee 1983.
Khiste, Pt. Narayan Shastri. Acharya. b. 1883,
Kashi, President, Saraswati Bhawan, Kashi.
Gp. M.M. Pt. Ramshastri Tailang, M.M.
Gangadhar Shastri, Dr. Venis Saheb. Sp. Prof.
Brown, Dr. Ekgarton. Bks. 03. Vidvatcarita
Pañcakam, Abhijñāna-Śākuntala kī Navīna
Ṭīkā, Kāvyamīmāṃsā Ṭīkā. Expired on
13.04.1961. Spl. Ref. Recipient of
Mahamahopadhyay Award in 1946, Expert
of Tantra-śāstra.
Khokhar, Jitsinha. M.A., Ph.D. b. 15.01.1955,
Bhairopa, Bhatinda, Punjab. Asst. Prof. Govt.
Sanskrit College, Nabha. Ps. 05. Add. H.No.
560, Near Dhobi Gate, Nabha, Punjab. Spl.Ref.
Sāhitya.
Khunte, Janardan Shastri. Yajurveda,
Karmakāṇ©a, Jyotiṣa-Śāstra, Dharma-Śāstra,
Nyāya-Śāstra, b. 1916, Dhule. Gp. Ganesh
Dixit, Jawaji Bhatt, Neelkhantha Joshi,
Ganpatidev Shastri, Hrishikesh Upadhyay,
Rajeshwar Shastri. Expired on 13.09.1990,
Spl.Ref. Published ‘Jaihind Panchang’ &
‘Lokbandhu’ Panchang. Recipient of
panditbhushan Award & Nyayratna Upadhis.

129

Khurana, Vina. M.A., B.Ed. b. 20.12.1949.
Teacher, Gadodia Girls Higher Secondary
School No.1, Chandni Chowk, Delhi. Add.
A-1/366, Paschim Vihar, New Delhi. Spl.Ref.
Sāhitya.
Kikani, Heena Manranjan. Ph.D. b.26.02.1960.
Prof. B. Jahauddin Arts College, Near Motibagh
Junagarh.
Add. Khitij, Near Navdeep
Tenament, G.P.O. Gandhigram Junagarh.
Spl.Ref. Alaṅkāra Śāstra.
Kintara, Vijaykumar. M.A., M. Phil. b.
04.02.1956, Jallandhar, Punjab. Asst. Prof.
Gp M.P. Thapar, R.D. Tiwari. Add. Govt.
College, Gurdaspur Punjab. Spl.Ref. Sāhitya.
Kinzvadekar, Vaman Shastri. Maharashtra.
Bks. 05. Agnyādhānapaddhatī, Agnīhotrachandrīkā, Dārśapaurṇamāsaprayoga, Aśvālāyanagṛhyaprayogā.
Paśvālambhanamīmāṃsā.
Kiran, Prabha. M.A. in Sāhitya & DharmaŚāstra,
Ph.D., D.Litt. b. 16.10.1949, Patna. Bks. 02.
Ps. 16. Add. Professor, P. G. Department of
Sanskrit, B.R.A. Bihar University, Muzaffarpur.
Ph. 0621- 245820, 0621- 260370.
Kishori, Bharat Singh Dalsukh Bhai. Ph.D.
b. 05.04.1968. Prof. S.T. Arts & Commerce
College, Sant Ram Pur Panchmahal GJ. Add.
Amardeep Society, Godhra College Road, Sant
Ram Pur Distt. Panchmahal. Spl.Ref. Alaṅkāra
Śāstra.
Kishvar, Jabin Nasarin. M.A., D.Phil.. b.
08.02.1953, Allahabad, U.P.. Asct. Prof. Add.
907 Dilkusha, Naya Katra, Allahabad, U.P.–
299002 . Spl.Ref. Sāhitya.
Kodandram. Vyākaraṇa Śiromaṇi, M.A.,
Shiksashastri, Ph.D. b. 30.06.1947, Vaduvur,
Thanjavur, TN. Gp. Swami Ayyangar, N.S.
Tatacharya. Bks. 01. Pratyākhyānavimarśa.
Add. Sanskrit Pandit, Oriental High School,
Thanjavur– 613009, TN. Spl.Ref. Vyākaraṇa.
Kohli, Santosh. M.A., B.Ed.. b. 24.11.1938,
Jammu. Bks.04. Māṇikā (I & II), Abhayāsa
Pustakam (I & II). Ps. 04. Add. C – 538,
Saraswati Vihar, Delhi - 110034. Ph. (R)011- 7013710, 7021175.

