
b.09.10.1939, Madras, T.N. Bks. Bhaktiyogaḥ,
Śyāmāya Tubhyam Namaḥ (Play), Bahujanahitaya Bahujanasukhāya (Play). Add. 15,
Thanjavur Road, Thyagaraya Nagar, Madras,
T.N. Spl.Ref. Mathematics & Sāhitya Śāstra.
Shadangi, Krishankeshav. b. Katak, Orissa.
Bks. 01. Jīmūtadūtam. Add. H-62 Reserve Bank
Colony, IRC Village, Nayapalli Bhuwaneswar.
Orissa – 15.
Shah, Ela Ben Indravadan. Ph.D. b.27.08.1964.
Prof., Arts & Commerce College, Mandvi, Surat.
Ps. 02. Add. G-2, Shaival Appartment, Near
Punamwadi Mandvi, Surat. Spl.Ref. Vedānta
Śāstra.
Shah, Govind Lal Shankar Lal. Ph.D.
b.03.09.1934. Asct. Prof., Govt. Arts College,
Gandhi Nagar. Ps. 05. Add. 7, Mukund
Apartment, Manorama Complex, 132 Ring
Road, Ambawadi, Ahemdabad. Spl.Ref.
Alaṅkāra Śāstra.
Shah, Jagriti Ben K. Ph.D. b.16.09.1967. Prof.,
Arts & Commerce College, Odha, Aanand.
Ps. 02. Add. 2, Shaifali Apartment, Near Morarji
Ground, Kalpana Talkies, Aanand. Spl.Ref.
Alaṅkāra Śāstra.
Shah, Jitendra Babulal. Ph.D. b.21.12.1960.
HOD. L. D. Institute Bhartiya Sanskriti Vidhya
Mandir, Navrangpura, Ahemdabad. Ps. 02.
Add. 20, SuDarśana Society Face 2, Near
Narayanpura Busstand Ahemdabad. Spl.Ref.
Jaina Darśana.
Shah, Jitendra. M.A., Ph.D. b.21.12.1960, Khari
Distt. Bhavnagar, Gujrat. Director, L.D.
Institute of Endology, Near Gujrat UniV.
Ahemdabad. Gp. Bechardas Doshi, Swami
Yogindranand ji, Kenarnath Ojha. Bks. 05.
Dvadaśāranaya-Cakra
kā
Dārśanika
Adayayana, Nayāvicāra, Kumarapālacaritra
Saṇgraḥ, Vijaya Candra Kevalī Carita,
Rājanagara kā Jinālayo. Add. 20, SuDarśana
Society Narayanpura Ahemdabad. Spl.Ref.
Jaina Darśana, Prākṛta Sāhitya.
Shah, Mridula Ratilal. M.A., B.Ed.
b.17.06.1953, Valsad, GJ. Teacher. Ps. 02.

245

Add. Shri J.S. Girls School, Valsad (GJ). Spl.Ref.
Sāhitya.
Shah, Nagin Dash. M.A., Ph.D. b.13.01.1931,
Sayla, GJ. Prof. & HOD, L.D. Inst., Ahemdabad.
Bks. 04. A study of Jayant a Bhatts
Nyāyamañjarī, Essays in Indian Philosophy,
Bhārtīya Tatvajñana, Jaina Darśana meṃ
sra©hha. Spl.Ref. M.L. Prize, Research Prize.
Shah, Neela Ben Suresh Chandra. Ph.D.
b.13.12.1944. Prof., M. D. Shah Commerce
& B. D. Patel Arts College, Mahudha, Kheda.
Ps. 02. Add. Piplapole Ahemdabad Bazar, Near
Desaipole Nadiyad, Kheda, (GJ). Spl.Ref.
Alaṅkāra Śāstra.
Shah, Neelanjana Ben Subodh Bhai. Ph.D.
b.05.06.1934. Prof., Gujrat College, Alisbridge,
Ahemdabad. Ps. 02. Add. 18, Swervihar Society
Vikram Sarabhai Road, Ahemdabad.. Spl.Ref.
Alaṅkāra Śāstra.
Shah, Ramesh Chandra Govinda Lal. M.A.,
Ph.D. b.29.11.1937, Dabhai, Vadodara, GJ.
Asst. Prof. Gp. Dr. A.N. Jani, S.G. Kantaval.
Ps. 05. Add. Baroda Sanskrit College, M.S.
University, Vadodara (GJ). Spl.Ref. Vedānta.
Shah, Ramesh Chandra Raman Lal. Ph.D.
b.20.07.1937. Prof., Kapadwanj Arts &
Commerce College, Kapadwanj, Kheda. Ps.
04. Add. 1, Shilpa Society Ratnakar Mata Road,
kapadwang, Kheda, (GJ). Spl.Ref. Alaṅkāra
Śāstra.
Shah, Ramnik Lal Chandu Lal. Ph.D. b.
06.09.1940. Prof., S.B. Gardi Arts & P.K. Patel
Commerce College Navsari. Ps. 03. Add. 6442/1 Pitrachaya, Navsari, (GJ). Spl.Ref. Jain
Philosopy.
Shah, Ranjana Ben Y. Ph.D. b.04.02.1951. Prof.,
Gujrat Vinyan & Science College, Alic Bridge,
Ahemdabad. Ps. 03. Add. B-202, Swati
Appartment, Near Bank of Baroda, Ambawadi,
Ahemdabad. Spl.Ref. Vedānta.
Shah, Urmi Sameer. M.A., Ph.D., B.Lib.Sc.
b.02.12.1952. Ahmedabad. Asst. Prof. Bks.
03. Bhāṣā Bhāgavata, Gītā & Bhāgavata. Ps.
15. Add. I, Govind Bhavan, 7, Shanti-niketan

