222



Pujalal. Arvind Aashram, Pondicherry. Bks. 02.
Stotrasaṅgītikā, Stotrasaṃhitā. Expired. Spl.Ref.
Poet in Skt. Gujarati, Music, Drama Writer.
Pullayya Moduboyin. Vyākaraṇaśiromaṇi,
Shiksashastri. b.16.06.1952, Oduru, Nellore,
(A.P.) Sanskrta Pandit, Nallagadu, Tumbakuppam, Chittoor (A.P.). Spl.Ref. Vyākaraṇa
& Veda.
Pullel, Ramchandrudu. b.23.10.1927. A.P. Asst.
Prof., Usmaniya Univ., Hydarabad. Bks. 05.
Srī Rāmcandra Laghukāvya Saṅgraham,
Sanskrit Bhāśā, Bhārat Deśa, Vasantāgamanam, Kavikokila. Gītāñjaliḥ (Trans.)
Pundarika, B. Sāhityaśiromaṇi. b. 25.08.1938,
Bela, Kasaragode, Kerala. Teacher. Ps. 02.
Add. Govt. High School, Kumbala, Kasaragode–
670321 (Kerala). Spl.Ref. Sāhitya.
Punetha, Ganesh Datt. Acharya in Sāhitya.
b. 20.05.1955, Boyal, Pithauragarh, U.P. H.O.D.
of Sāhitya, Ramanuja Shri Vaishnav Sanskrit
Mahavidyalaya. Gp. Nrsimhadev Shastri,
Pitambar Jha, Krishna Baijvala, Pt. Kailash
Chandra Joshi. Krishna Baijval, Pt. Kailash
Chandra Joshi. Ps. 03. Add. Shri Vedntashram,
Sapt Sarovar Marg, Sadhuvela, Haridwar
(U.P.). Spl.Ref. Sāhitya.
Punjani, Shakuntala. M.A., Ph.D. b.07.09.1948,
Pune. Bks. 03. Pañcadasī, Bhāratīya Darśana
kī Avadhāranāyen. Ps. 25. Add. 5/8, Roop
Nagar (Backsida), Delhi – 110007. Ph.
2943034. 3965034.
Punjani, Shalini. Ph.D., L.L.B. b.31.10.1969,
Faridabad. Asst. Prof., Satyawati College,
Ashok Vihar, Delhi. Ps. 03. Add. 5/8, Roop
Nagar, Delhi – 110007.
Purāṇaik, Hayavadan. M.A., DvaitaVedānta,
Vidvān, Nyāya. b. 10.06.1939. Principal. Add.
Purnapragya Vidyapeetha, Banglore, KT.
Spl.Ref. Veda, Vedānta, Nyāya Śāstra.
Purāṇaik, K. Hayavadana. M.A., Tradition
in Nyāya Dvaita Vedānta, AlaṅkāraŚāstra b.
10.06.1939. Udupi, KT. Rtd. Princiapal and
Prof. Investigator in Pancratra Agam Kosha
Project in Rashtriya Sanskrit Vidyapeeth,

Tirupathi. Bks. 11. Ps. 50. Add. 5A, Gurukul
Quarter, Rashtriya Sanskrit Vidyapeetha,
Tirupathi – 64. Spl.Ref. Nyāya, Dvaita Vedānta,
Alaṅkāra Śāstra, Honoured by the Title of
Dwait Vedānta Vidwan, Nyāya Vidwan, Śāstra
Vichakshana, President Awardee.
Purkayastha, Sujata Shastri , M.A., Ph.D.,
Proficiency in French. b. 10.02.1957. Prof.
& Head Deptt. of Skt., Guahati University.
Bks. 01. Pūrvottaraprānte Saṃskṛtam Ekam
Mūlyāṅkanam. Ps. 45. Add. Quarter No. 86,
Guahati University Campus, Guwahati 781014. Spl.Ref. Darśana.
Purnachandra, Kaparuvan. Acharya. b.
06.09.1948, Maun, Pauri Garhwal. Teacher.
Gp. Gangadhara Jha, Mahananda Sharma,
Dr. Mandana Mishra. Ps. 03. Add. Adarsh Shri
Darśana Mahavidyalaya. Muni ki Reti,
Shivananda Nagar, Tihari, (U.P.). Spl.Ref.
Sāhitya.
Purohit, Anand. Vedacharya. b.01.08.1955,
Varanasi, (U.P.). Asst. Prof. (Veda). Gp. Dr.
Vishvanath Vamanadev, Dr. Yugalkishor
Mishra. Add. Maharaja Sanskrit College (Near
Assembly), Jaipur, (RJ). Spl.Ref. Veda.
Purohit, Ananda. Veda Śāstrī, Ṛgvedācarya,
Acharya in Sāhitya. b. 01.08.1955, Pathar
Gali, Varanasi, U.P. Rgveda Teacher, Rajakiya
Maharaja Samskrta College, Jaipur, RJ. Gp.
Pt. Visvanatha Deva, Dr. Kosora Jha. Add.
K/9/26, Pathar Gali, Varanasi (U.P). Spl.Ref.
Veda & Sāhitya.
Purohit, Bechara Bhai Bhaishankar. Advaita
Acharya in Vedānta & Sāhityacharya,
Kāvyatīrtha. b.23.10.1922, Dabha, Sanwarkanta, GJ. Assistant Director. Bks. 01. Abhinava
Jyotirdhārā. Add. Bharatiya Vidya Bhawan,
New Delhi – 110001. Spl.Ref. Advaita Vedānta,
Sāhitya, Kāvya. Recieved Adarsa Pandita
Awared by Govt. of India.
Purohit, Jagdish Prasad Girdharlal. Ph.D.
b.06.12.1948. HOD, Bhawance Shri A.K. Doshi
Mahila College, Jam Nagar. Ps. 03. Add. Keshar
Ganga Tenament, Patel Colony, Street No.3,

