
Teacher, Govt. Higher Secondary Girls School,
Tagore Garden, New Delhi. Ps. 03. Add. FD17, Tagore Garden, New Delhi–110027.
Spl.Ref. Sāhitya.
Sharma, Manju Lata. M.A., Ph.D., D.Litt., Vāstu
Ratna. b.13.12.1959. Agra (U.P.) Asct. Prof.,
St. John’s College, Agra (U.P.). Bks. 06. Purāṇo
me Puruṣārtha Catuṣ-aya, Arvācīna Saṃskṛta
Sāhitya Daśā aur Diśā, Mūko Rāmagirirbhūtvā
(Hindi Tr.), Ādhunika Saṃskṛta Sāhitya ke
Naye Bhāvabodha. Ps. 21. Add. 49, Kailash
Vihar, Gailana Road, Agra–282005. Spl.Ref.
Poet in Skt & Hindi Critic of Contemporary
Skt. Literature.
Sharma, Mansa Ram. Acharya (Navya
Vyākaraṇa, Vedānta, Sāhitya), M.A. b.
15.08.1922. Devalgarh, UK. Rtd. Principal
Sri Bhagwan Das Adarsh Skt. Mahavidyalaya,
Haridwar. Spl.Ref. Vedānta, Sāhitya,
Vyākaraṇa, Śāstra Chudamani, Uttaranchal
Skt. Academy Award – 2004 and Many other
awards including President Award, Andhra
Pradesh Govt. Award and Ministry of HRD.
Sharma, Manu Lata. M.A., Ph.D. b.11.01.1956.
Varanasi. Asct. Prof., Arya Mahila Degree
College, Varanasi. Ps. 04. Add. K 61/51,
Bulanala, Varanasi, U.P.
Sharma, Mast Ram. Acharya, M.A. (Sanskrit
& Hindi), Ph.D. b.06.01.1951, Kotla, Solan,
(H.P.). Asst. Prof. Gp. Jnanachand,
Diwakardatt, Saligram, Kapildevashastri. Ps.
03. Add. Govt. Sanskrit Mahavidyalaya, Nahan,
Sirmor (H.P.). Spl.Ref. Sāhitya.
Sharma, Mati Ram. Acharya. b.18.05.1956,
Gwalkhet, Chamoli, (U.P.). Teacher. Gp.
Acharya Rameshchandra Shukla. Ps. 03. Add.
Shri Motinath Sanskrit Mahavidyalaya, Ramesh
Nagar, New Delhi–110015. Spl.Ref. Sāhitya.
Sharma, Medavaram Mallikarjun. Vidwan,
Sāhitya Shiromani. M.A. b.05.07.1948,
Badapadu, Prakasham, (A.P.). Asst. Prof. Gp.
M. Vishvanath Sharma, P. Venkatakrishn
Sharma. Ps. 03. Add. Prachya Kalashala,
Lepakshi–515331 (A.P.). Spl.Ref. Sāhitya.

255

Sharma, Meena Prasad. Acharya in Sāhitya.
b.04.12.1948, Mathigram, Nepal. Principal.
Gp. Ghananand, Mahanand. Ps. 03. Add. Shri
AkhandaVedānta Sanskrit Mahavidyalaya,
Rishikesh. Spl.Ref. Sāhitya.
Sharma, Mithilesh Kumar. Achrya in
Vyākaraṇa. b.10.11.1951, Bahilavara,
Sitamarhi, Bihar. Asst. Prof. Gp. Ranganath
Mishra, Krishna Sharma. Ps. 03. Add. 272,
Purāṇaa Amer Road, Jaipur–2 (RJ). Spl.Ref.
Vyākaraṇa.
Sharma, Mohan Lal ‘Pandey’. Acharya
(Vyākaraṇa & Sāhitya) b.23.09.1934. Jaipur.
Bks. 16. Ps. 03. Add. H.No.-2381, Pandey
Bhawan, Khajane Walon ka Rasta, Jaipur.
(RJ).
Sharma, Mohan Lal. Acharya in Sāhitya. M.A.,
B.Ed. b.01.04.1943. Teacher. Ps. 03. Add. C274/A, Gali No. 12, Bhajan Pura, Delhi –
110053.
Sharma, Mohini Devi. Acharya in Vyākaraṇa,
M.A., B.Ed. b.01.08.1960, Jaipur, RJ. Asst.
Prof., Maharaja Sanskrit College, Jaipur. Gp.
Meenanarayan, Chandiprasad. Ps. 05. Add.
210, Mangal Marg, Brahmapuri, Jaipur, (RJ).
Spl.Ref. Vyākaraṇa.
Sharma, Mukesh Kumar. Shastri, Acharya.
b.08.02.1982. Shimla. Ps. 02. Add. Chuni,
Loeas Road, Rahur, Shimla, H.P.
Sharma, Mukund Madhav. M.A., Ph.D., D.Litt.
b. 01.03.1934, Dibrugarh, Assam. V.C.,
Dibrugarh Univ. Bks. 54. Rājataraṅgiṇīra Galpa
(Assamese), Svapna Vsavadatta (Assamese),
Vyañjanā-prapañcasamīkṣā, Dr. Maheshvar
Niyog - A Profile and Bibliography. Add. B4 Rodali Apptt. Hatthigarh Chari Ali,
Guwahati– 24 Spl.Ref. Sāhitya, Honourary
Vidyavachaspati, President Awardee, Vishist
Seva Swaran Padak from Governor of Assam
etc. Visiting Prof., Indonesia.
Sharma, Munshi Ram. M.A. (Skt. & Hindi),
Ph.D., D.Litt. b.28.11.1901, Agra (U.P.). Rtd.
Asst. Prof. Bks. 04. Śruti saṅgitikā (Hindi),
Sūradās aur bhagavadbhakti (Hindi),

