202



Add. Shri Hanumat Sanskrit Mahavidyalaya,
Hanuman Garhi, Ayodhya Faizabad (U.P).
Spl.Ref. Sāhitya.
Pandey, Rambriksh. Acharya (Navya Vyākaraṇa,
Advaitvedānta, Pali, BaudhDarśana), M.A.,
Ph.D. b. 01.01.1934, Nalanda. Ex. HOD Dept.
of Sāṅkya Darśana, Sri. LBS Rashtriya Skt.
Vidyapeeth, New Delhi. Gp.Acharya Brahmadutt Dwivedi. Bks.20 Advaitālokaḥ, Pātañjalayogamīmāṃsā, Prajñā-karaguptabhāṣyaratnam,
Tantrāṇāmāgamaśāstrāṇāñcālocanam, Vyākaraṇadarśanavivṛttiḥ Ps.15. Add.
K-104. Jaitpur Extension, New Delhi-110044.
M.09999579667, 09868589976 sharmakirti
kant@yahoo.co.in Spl Ref. Nyāya, Advaita
Vedānta, Jain- Baudh Darśana. Skt. Sāhitya
Seva Samman, Delhi Skt. Academy, Vidwat
Samman, Honoured by Dr. M.M. Joshi.
Pandharkar, Ganesh Gangaram. Maharshtra.
Bks. 01. Saṃskāra Sāgaram (1977).
Pandit, Devyani Ben S. Ph.D, b. 07.01.1949.
Prof. Smt. J.P. Patel Arts & N.P. Patel
Commerce College Naroda, Ahemdabad. Ps.
05. Add. A-304, Devpreet Apartment,
Ahemdabad. Spl.Ref. Alaṅkāra Śāstra.
Pandit, Dhanraj Vishnu dev. Ph.D. b.
25.08.1951. Prof. Sadguna Girls College
Khanpur, Lal Darwaja Ahemdabad. Ps. 05.
Add. 29, DahyaBhai Park, Sahjalam Tol Naka,
Geeta Mandir Road, Ahemdabad. Spl.Ref.
Alaṅkāra Śāstra.
Pandit, Ganesh Timmanna. M.A. M.Ed. Ph.D.
b. 17.02.1980, Kumta. Asst. Prof. R.Sk.S.,
Rajiv Gandhi Campus, Sringeri. Ps. 05. Add.
Uive Traders, Bharati Street, Sringeri. Ph.
9743058177.
Pandit, Kanchan Mala. M.A., Ph.D. b.
03.12.1955. Munger. Bihar. Asst. Prof. HOD,
RSS Mahila College, Sitamashi. Ps. 03. Add.
R.S.S. Mahila College, Sitamarhi, Dumra,
Sitamarhi – 843301, Bihar. Ph. (06226) 20366.
Pandit, Neela Hari Prasad. Ph.D. b. 07.04.1950.
Prof. S.L.U. Arts & H. & P. Thakur Commerce
College For woman. Alisbridge, Ahemdabad.

Ps. 05. Add. C/o. J.P.Dave, 3 Dewas Flat Near
C.N. School Ambawadi, Ahemdabad. Spl.Ref.
Alaṅkāra Śāstra.
Pandit, Rajkumar. Acharya (Sāhitya, Navya
Vyākaraṇa), M.Phil. b. 01.01.1966. Lecturer.
Bks. 03. Nītiśatakam, Pratimānātakam (ed.),
Vyākaraṇa evam Anuvādacandrikā. Ps. 03.
Add. Vill. P.O. Chaura via Narahi, Balia U.P.
Sp. Navya Vyākaraṇa and Sāhitya.
Pandit, Ram Venkatraman. Traditional
Education. b. 16.01.1916, Gokarna, KT.
Jyotiṣaacharya (Astrologer). Ps. 05. Add.
Gokarna- 581326 Karnataka. Spl.Ref. Jyotiṣa
Śāstra.
Pandit, Sharad Chandra Shankar. Ph.D. Prof.
Smt. Sadguna C.U. Arts College for Girls,
Lal Darwaza, Ahemdabad. Ps. 03. Add. D-1
Radhakunj Society, Mem Nagar, Ahemdabad.
Pandit, Vijay Kamal Lal Bhai. Ph.D. b.
07.09.1945. Prof. Sanskrit & Bhartiya Vidhya
Vibhag Uttar Gujart University, Patan. Ps.
05. Add. A-29, Aayush Society Varodara Road,
Dahoya, Varodara. Spl.Ref. Alaṅkāra Śāstra.
Pandurangi, K. T. PurvaMīmāṃsā śiromaṇi,
Dvaita Vedānta Vidvan, Nyāyaratna
Madhyama. M.A. b. 01.12.1918, Tumminakatti, Haveri. Chairman and Honourary
Director Dwaita Vedānta Studies and Research
Foundation Bangalore. Gp. Dharapuram
Krishnamurti Acharya Chaturvedi Ramchandra
Acharya, Digambar Shastri Havele, Ramasubba
Shastri, Prof. V.A. Ramaswami Shastri, Prof.
P.S. Subbramanaya Shastri, Prof. C.S.
Venkatesan. Sp. Dr. Sriniwasa Ritthi, Dr. D.N.
Shanbhag, Dr. D. Prahladacharya etc. Bks.
26. Vicāra Jyoti, Dvaitavedānta Darśana,
Brahmasūtra Bhāṣya of Ānanda Tīrtha,
Ṛgbhāṣya of Ānanda Tīrtha, Nyāyasudhā of
Śrī Jaitīrtha. Ps. 100. Add. 132/4 II Cross, 3
Block, Jayanagar, Bangalore-560011. Ph. 08026648215, 26627272. pandurangi.k.t @gmail.
com Spl. Ref. PurvaMīmāṃsā, Vedānta
Darśana, Honored by many Awards including
President Award etc. Leipzig Univ. Vienna,
UK, USA etc.

