
Surendra Nagar. Add. 17 Aaradhna Park L.
Society Medhani bag, Surendra Nagar, Gujrat.
Jani, Mridula Ben A. Ph.D. b.23.10.1962. Add.
13, Neelam Complex Paldi Post Office Aanad
Nagar Paldi Ahemdabad. Spl.Ref. Sāṅkya, yoga
Śāstra.
Jani, Varsha Ben Gagan Bihari. Ph.D.
b.26.03.1958. Prof. L.D. Vidhyamandir
Navrangpura Ahemdabad. Add. 5, Mehta
Appartment Dungarshi Nagar, Near Sector
1, Paldi Ahemdabad. Spl.Ref. Indian Culture.
Janu, Jaidev Arunodaya. Ph.D. b. 05.02.1951.
Prof. Skt. Deptt. Faculty of Arts, Maharaj
Sayajirao University, Varodara. Add. C-1 Dr.
C.S. Patel, Enaclev 3 Pratapganj Varodara.
Spl.Ref. Vedānta, Vyākaraṇa Śāstra.
Jat, Uttam Singh. M.A., Ph.D., NET. b.
15.07.1975, Bharatpur, RJ. Scholar, S.C. E.R.C.
& L.D. Endology Ahemdabad. Gp. Vijay Kumar
Jain, Prof. Azad Mishra. J.B. Shah. Bks. 04.
Jaina Ācāra Saṃhitā, Jaina Dharma Darśana,
Prācīna Lekhankalā aura uskā Sādhana, Prācīna
Lipiyoṃ kī Varṇamālā. Add. 104, Sarap
Building, Income tax Chouraha, Ahemdabad
Guj.
Jauhara, Gita. M.A., B.Ed., Diploma in Yoga.
b. 09.09.1953. Teacher. Add. 8535, Arankasha
Road, Ram Nagar, Pahar Ganj, New Delhi.
Spl.Ref. Sāhitya.
Jauharilal. Acharya in Sāhitya. M.A., M.Phil.,
Ph.D. b. 15.10.1943. Add. Badali, Delhi –
110042. Spl.Ref. Sāhitya.
Jayaprakasam, K.C. b. 22.11.1963, Karveti
Nagar, Chittoor, A.P. Rigved Parayanakarta
(Ved exponent). Gp. S. Tyagaraja Shastri.
Add. Sri Kalahasti Devasthanam, Kalahasti
(A.P) Spl.Ref. Ṛgveda.
Jayaswal, Manjula. M.A., D.Phil. D.Litt. b.
06.05.1950, Allahabad, (U.P.). Asct. Prof.,
Deptt. of Sanskrit, Allahabad University. Bks.
02. Kālidāsa ke kāvya me‚ dhvanitattva,
Vālmīkiyugīna Bhārata. Add. 59, Bahadurganj,
Allahabad (U.P.). Spl.Ref. Sāhitya.

101

Jayaswal, Nemichandra. M.A., Ph.D., D.Litt.
b. 16.09.1922, Babarpur, Dhoulpur Raj. Bks.
05. Muhūrtta Mārtaṇ©a, Bhārtīya Jyotiṣa,
Ādipurāṇa meṃ Pratipādita Bhārata, Saṃskṛta
Kāvyānucintanam, Bhagvāna Mahāvīra aura
unkī Ācārya paramparā.
Jecob, T. M.A. (Skt. & Hindi). B.Ed. b.
08.10.1937. Teacher (PGT) Skt. Ps. 01. Add.
113-B, Ramnagar Extension, Delhi – 110051.
Jejurkar, Shweta. M.A. in Vocal Music, Ph.D.
b. 29.06.1973. Nizampura, Vadodara . Asst.
Prof., Dept. of Skt., Pali & Prakrit, Faculty
of Arts, The Maharaja Sayajirao Univ. of
Baroda, Vadodara – 390002. Gp. Prof. Dr.
Mrs. Uma S. Deshpande. Bks. 20. Vāstunirdoṣaprakāra, Siddhāntakaumudī of Bha--ojīdīkṣita, Some Significant Facets of Modern
Skt. Literature. Ps. 20. Add. C-164, Shivam
Duplex, Opp. Ambe School, Darbar Chokdi,
Manjalpur, Vadodara – 390011. Ph. (02652973277) M. 09427849706.
Jejurkar, Sweta Avdhoot. Ph.D. b.29.06.1973.
Prof. Deptt. Of Sanskrit, M.S. Univ. Varodara.
Add. Gurukripa 19-B, Shriji Bagh Society
Manjalpur, Varodara. Spl.Ref. Vedānta Śāstra.
Jena, Siddheswar. M.A., CIC, Ph.D. b.
25.05.1949 Puri. Rtd. Principal, Dept. of
Sanskrit Utkal Univ. Bks. 8., Textual Corelation
of Narasiṃha Purāṇa with other Purāṇas and
Sanskrit Texts., A Study of Selected Paurāṇika
Legends, The Laghu – Hārita Smṛti,
Contributions to Sanskrit Criticism. Ps. 14.
Add. Śāstra Chudamani Scholar P.G. Deptt.
of Sanskrit Utkal Univ. Bhuvanashwar –
751004 Odisha. Ph. 06742551206 M
9937575960 Spl.Ref. Sastra Chudamani
Scholar.
Jha, Achyutananda. Acharya in Yajurveda,
Sāmavedatīrtha, Vyākaraṇa. b. 02.02.1939.
Darbhanga, Bihar. Professor. Gp. Pt. Pitambara
Jha. Add. Vill. & P.O. Nikashi, Dist. Darbhanga,
Bihar. Spl.Ref. Veda.
Jha, Achyutananda. Acharya. b. 15.08.1930,
Madhubani, Bihar. Rtd. Prof. Gp.

