
Acharya in Sāṅkya-Yoga Prachin NyāyaVaiṣeṣikaacharya, Vishishtadvaita-Vedāntacharya. b.30.12.1960, Vibhapar, Jamnagar.
Saint of BAPS Swami-narayan Sansthan Shree
BAPS Swaminarayan Sant Nirdeshak Mandir.
Gp. Swaminarayan Bhagwan, Ganatitanand
Swami. Ps. 02. Add. Shri BAPS Swaminarayan
Mandir, Swaminarayan Chawk, Pramukhswami Maharaj Marg, Near Sardar Bridge,
Surat Gujrat.
Sadhu, Pritam Prasad Das. Acharya in Vedānta.
b. 20.01.1956, Barvada, GJ. Saint of BAPS
Swaminarayan Sanstha. Gp. Swaminarayan
Bhagwan, Ganatitanand Swami. Bks. 01. Śrī
Jī Sannidhi. Add. BAPS Swaminarayan Mandir
Swaminarayan Chowk, Dadar (C.R.) Opp.
Station, Mumbai- 400014.
Sadhu, Satayapriya Das. Vedāntacharya.
b.02.04.1931, Mumbai. Saint of BAPS
Swaminarayan Sanstha. Swaminarayan. Gp.
Swaminarayan Bhagwan, Ganatitanand
Swami. Bks. 01. Muktānanda Swāmī. Add.
Swaminarayan Mandir, Shahibag, Ahemdabad,
GJ.
Sadhu, Shrihari Das. Acharya in Vedānta,
Vachaspati, Ph.D. b.10.10.1943, Mbale,
Uganda, Africa. Saint of BAPS Swaminarayan
Sansthan. Gp. Swaminarayan Bhagwan,
Ganatitanand Swami. Bks. 05. Sarvoparī
Śrīhari, Sanātana Dharma Abhigama,
Jagabhakta, Kiśora Satsaṅga Paricaya, Kiśora
Satsaṅga Praviṇa. Add. Swaminarayan Mandir,
Shahibag, Ahemdabad, GJ.
Sadhu, Shruti Prakash das. Ph.D., Acharya
in Navya-Vyākaraṇa , Vedānta, Sāṅkya- Yoga,
Sarva-Darśanaa, Mimāṃsā. b.31.12.1961, Pati,
Batod, Bhavnagar, GJ. Asst. Prof. AARSH,
Akshardham Gandinagar. Gp. Swaminarayan
Bhagwan, Ganatitanand Swami. Bks. 10.
Akṇarapuru-ṣatlama Caritam, Vyāsasūtrārthadipa, ‘Śrī Svāminārāyana darśana’
Sanātana Dharma-granthaṃ ke pariprekṣ-ya
meṃ. Add. AARSH, Akshardham, Sector-20,
‘J’ Road, Gandhinagar, GJ.

239

Sadhu, Siddheswar Das. Shastri in Sāhitya.
b. 23.11.1938, Mumbai. Saint of BAPS
Swaminarayan Sanstha, Near New Railway
Junction Surendranagar. Gp. Swami-narayan
Bhagwan, Ganatitanand Swami. Bks. 02.
Brahamānanda Svāmī, Kiśora Satsaṅga
Pravīṇa. Add. Near New Railway Junction
Surendranagar, GJ.
Sadhu, Vivek Sagar Das. Acharya in Vedānta,
Vachaspati, Ph.D. b. 01.07.1939, Mehsana,
GJ. Saint of BAPS Swaminarayan Sanstha,
Swaminarayan Mandir, Ahemdabad. Gp. Shri
Bhagat ji Maharaj, Shri Jyanjivan Das ji. Bks.
05. The Sānkhya System in the Vachnāmruta
of the Svāminārayaṇa Faith, Kariṣye Vacanam
tava, Bhagavad Gītā Nirupaṇa, Shikshavalli
a Chapter of the Taitiri yopniṣad, Mrutyunjayi
Nachiketā, Swāminārā-yaṇiya Asmitā. Add.
Swaminarayan Mandir, Shahibag, Ahemdabad,
GJ.
Sadhu, Yagneshwar Das. Shastri in Sāhitya.
b.10.09.1952,
Morzar,
Rajkot.
Gp.
Swaminarayan Bhagwan, Ganatitanand
Swami. Bks. 01. Mukundananda Varṇī. Add.
Rasoolpura, Nr. Viman Nagar, Behind Anand
Talkies, Secundrabad. Spl.Ref. Best Singer.
Sadhukhan, Sanjit Kumar. M.A., Ph.D.. b.
03.01.1958, Kolkata. Asct. Prof.. Add. 6 – B,
Kaliprasad Chakrabaty St. Kolkata – 700003.
Ph. (033) 25337337, 09433447539.
Sagar, Baldevanand. Ph.D., b.14.06.1952.
Bhavanagar, GJ. In-Charge, News Services
Division, All India Radio, Parliament Street,
New Delhi. Gp. Shri Shivoham Sagar ji Maharaj.
Bks. 11. Dvādaśa-Upaniṣad(ed.), Saṃskṛta
Patrakāritā(ed.), Tīrthadeva, Śivamahimnastotram(ed.), Svarṇa-dehāñjalī. Ps. 55. Spl.Ref.
Working scholar of Sanskrit theater and
journalism.
Saha, Geeta. Sāstri in Sāhitya, Ph.D.. b.
21.09.1953, Dibrugarh. Vice Principal & HOD.,
Rabindrasadan Girls College, Karimganj,
Assam. Bks. 07. Navabhaginīnām Lokakathā,
Śahīda Tarpaṇa, Ratnamañjarī, Śūdraka,

