260



Sharma, Ram Karan. Sāhityacharya, Shastri
(AdvaitaVedānta, NavyaVyākaraṇa ), M.A.,
Ph.D. b.20.03.1927, Shivpur, Saran, Bihar.
Founder Director, Rashtriya Sanskrit Sansthan,
New Delhi, V.C. Sampurnanand Sanskrit
University, Varanasi, Visiting Asst. Prof. (thrice)
in the University of Colombia (USA), Member
of the Bihar Administrative Service and
Kendriya Hindi Sansthan (Vice Chairman).
Gp. Ambikadatta Sharma, M.B. Emeaneu
(USA). Bks. 40. Elements of Poetry in the
Mahābhārata, Śivaśukīyam, Sandhyā (Sāhitya
Akademi Award), Pātheyaśatakam, Madālasā,
Caraka Saṃhitā English Translation,
Śivasahasranāma, Sinīvālī, Gaganavāṇī Add.
63, Vigyan Vihar, Delhi – 110092.
ramkaransharma@yahoo.com Spl.Ref. Sahtiya,
Vyākaraṇa , Vedānta. Founder Director of
Rashtriya Sanskrit Sansthan, New Delhi.
Awarded by President Certificate of honour.
Awarded by Delhi Sanskrit Academy. He is
a well known contemporary Sanskrit poet.
He has taught Sanskrit in Chicago, New York.
Sharma, Ram Kishan. M.A. b. 01.01.1943.
Teacher. Dhanpatmal Birmani Higher
Secondary School, Roop Nagar, Delhi. Ps.
03. Add. C-6/154, Lawrence Road, Kshavpuram, Delhi–110035. Spl.Ref. Sāhitya.
Sharma, Ram Krishna. Acharya in Sāhitya.
b. 15.05.1936, Majyur U.K. Member,
Sachivalaya, Kendriya Skt. Parishad, New
Delhi. Bks.10. Vidambanam, Bāṅglā
deśodayam, Artha-bhāskar, Ullāsinī. Spl.Ref.
Awarded Śāstra Chudamani, Sāhityamahopadhyay, Vidhyava-chaspati, Kāvyaratnakar, Sāhitya Bharti, Rashtra Gauravam.
He has written many papers in Hindi, English
& Skt.
Sharma, Ram Kumar. Acharya (Sāhitya,
Vyākaraṇa, Purāṇa). b.20.05.1942, Dishawar
Kheri, Rohtak, HR. Principal. Gp. Chajjuram
Shastri. Ps. 03. Add. Shri Ramarishi Sanskrit
Mahavidyalaya, Delhi. Spl.Ref. Sāhitya,
Vyākaraṇa , Purāṇa.

Sharma, Ram Kumar. Acharya, M.A. Ph.D.
b.28.12.1959. Chaparakh, Ichak. Hazaribagh
(Jharkhand). Asst. Prof. R.Sk.S., Jaipur, RJ.
Gp. Sabhapati Upadhyay, Damodar Mishra,
Rangeshwarnath Mishra, Prof. Kashinath
Mishra. Dr. Udayakant Jha. Prof. Meenakumari. Sp. Dr. Sanandankumar Tripathi,
Surendra Mehato. Dr. Madhusudan Pandey.
Bks.
05.
Kāvyaprakāśa-rasagaṅgādharayostulanā, Bhārata-carita-mahāKāvyam,
Pratyabhigñā- Pradīpaḥ, Kovidāṇdavimarśiṇī,
Vyakti-Viveka-Vimarśaḥ. Ps. 15. Add. 104,
Bhagirathnagar, Gopalpura by Pass, Jaipur.
Spl.Ref. Sāhitya Śāstra, Well Traditional &
Contemporary Poet.
Sharma, Ram Narayan. Sāhityacharya, M.A.
b.14.04.1944, Kota, RJ. Senior Asst. Prof. Gp.
Ramnarayan Sharma. Ps. 05. Add. V.A.S.
Acharya Sanskrit Mahavidhyalaya, Banta, Kota
(RJ). Spl.Ref. Sāhitya.
Sharma, Ram Nihal. M.A., Ph.D. Sāhityacharya,
b.05.07.1930, Kirwai, Rajim, (C.G.). Principal.
Gp. Mahadev Shastri, Baladev Upadhyay. Ps.
03. Add. Govt. Shri Vaishnav Sanskrit Mahavidhyalaya, Raipur C.G. Spl.Ref. Sāhitya.
Sharma, Ram Pal. Sāhityaratna, Acharya in
Jyotiṣa. b. 08.12.1931, Bilamhi, RJ. HOD,
Jyotiṣa. Gp. Vindhya Prasad Pandey, Kedarnath
Sharma. Ps. 03. Add. C-28. Devnagar, Jaipur
(RJ). Spl.Ref. Jyotiṣa & Sāhitya.
Sharma, Ram Prakash. Acharya in Vyakrana,
M.A., Ph.D. b.14.08.1955, Etah, (U.P.). Asst.
Prof. Ps. 05. Add. Gurulul Kangri University,
Haridwar (U.P.). Spl.Ref. Vyākaraṇa.
Sharma, Ram Prasad, M.A. B.Ed. b. 13.04.1946.
Teacher, Govt. Higher Secondary Girls School.
Sarojini Nagar, New Delhi. Ps. 03. Add. C134, Kidwai Nagar, New Delhi. Spl.Ref. Sāhitya.
Sharma, Ram Roop. M.A., Ph.D. b.06.05.1942.
Teacher, Govt. Higher Secondery Girls School,
Janakpuri, New Delhi. Ps. 03. Add. C-1/82,
Janakpuri, New Delhi- 110058. Spl.Ref.
Sāhitya.
Sharma, Ram Sevak. M.A. b.05.07.1934.

