132



b.02.10.1962. Prof. Smt. J.C. Dhanak Arts.
& Commerce College Bagsara, Ambreli. Add.
“Kalpana” 3/21 Gokuldham Near Meghani
High School Bagsara, Ambreli. Spl.Ref.
Alaṅkāra Śāstra.
Kshullak, Dhyan Sagar. M.B.B.S. b. 09.04.1963.
Gp. Acharya Shri Vidya Sagar Ji, Dr. Panna
Lal Sāhityacharya. Bks. 10. Mþtyuñjaya
Stotram, Nirvāṇadhāma Stotram, Navaprabhāta Stotram, Vairāgya Gītā, Caturviṃśati
Jinastutiḥ. Add. Acharya Shri Vidya Sagar
Ji ka sangh.
Kukareja, Raksha. M.A., B.Ed. b. 10.10.1943.
Teacher, Govt. Higher Secondary School,
Laxmi Nagar, Delhi. Ps. 02. Add. C-44, Anand
Vihar, Delhi – 110092. Spl.Ref. Sāhitya.
Kukareti, Mahadevprasad. Acharya, Siksashastri. b. 03.01.1943, Tehri Garhwal, (U.P.).
Principal (Acting). Gp Trilokidhar Dwivedi,
Harihar Jha. Add. Shri Darśana Mahavidyalaya,
P.O. Shivanandnagar, Tehri (U.P.). Spl.Ref.
Sāhitya.
Kukiloo, Makhan Lal. M.A. Skt. Hindi Sāhitya
Alaṅkāra High Proficiency & Honors in Skt
Shastri with MOL. Rtd. Prof. & HOD. Bks.
19. Kuṇ©alinī Vijñāna Rahasya, VatulanāthaSūtra, Parāpraveśikā, Kāśmīra Śaiva Darśana
Me Yama and Niyama, Amṛteśvara Bhairava.
Ps. 30 Add. Pocket F Flat no. 544, Sarita Vihar,
New Delhi - 110076. Ph. 01129943327 M.
9999190636 Spl. Ref. Kashmir shaiv Scholar.
He teach shaiv text in various workshop.
Vijyeshawara Award 2008, Darśanajyoti Award
2007.
Kulakarni, Devaraya. Traditional Education.
b. 02.12.1922, Kolivada, KT. Advaita Vedānta
Pracharaka & Vedic Exponent. Add. No. 1022,
Anugrah, 8th Cross, Block – 2, Vanashankari,
I Stage, Bangalore, KT.
Kularia, Dharam Pal. M.A., M.Phil., Ph.D. b.
06.08.1956, Surpurakalan. Bks. 01. Kātyāyana
Śulbasūtra. Ps. 08. Add. 1/9J. M.D. University
Campus, Rohtak. HR - 124001. Ph. 01262 266612.

Kulasrestha, Anupama. M.A., M.Ed., b.
07.12.1958. Teacher, Navayuga Vidyalaya,
I Avenue, Sarojini Nagar. Ps. 01. Add. Q.No.
113, Sector – 05, Rama Krishna Puram, New
Delhi – 110022.
Kuldeep Kumar. Shiksha Shastri Acharaya Ph.D.
b. 05-05-1969, Jhajjar, Harayana. Asstt. Prof.
Dept. of Jain Darśana LBS Rashtiya Skt.
Vidyapeeth. Gp. Dr. Veer Sagar Jain. Ps. 11
Add. A166 Flat no. 201, FF Street no. 25,
Chhatarpur Enclave Face 2 nd New Delhi –
110074 Ph. 01146060513.
Kulkarani, Amba. M.Sc., M.Tech., Ph.D. b.
05.03.1961, Patna. Asct. Prof. Deptt. of Sanskrit
Studies, Univ. of Hyderabad, Add. A-60,
Telecom Nagar, Gandhi Bowti, Hyderabad.
Ph. 9440893578. email id – ambapradeep@
gmail.com. Spl.Ref. Expert in Computer &
Sanskrit, Coputational Linguistic. Machine
Translation in skt.
Kulkarni, Malhar. M.A., Ph.D. b. 17.11.1972,
Mumbai. Asct. Prof. Mumbai. Gp. Pt. Vaman
Shastri Bhagwat, Pt. Shivram Shastri Joshi,
S.D. Joshi, Pt. Peri Suryanarayana Shastri.
Sp. Prof. Saroj Bhatta, Dr. Chaitali Dangasikar.
Bks. 05. Nyāyaśāstrapraveśa, Sūktīratnākara
V-II, The Quotations of the Kāśikā in the later
paninian grammatical tradition, Subhāṣitānī,
Ajantapuṃlliñga
Prakaraṇam.
Add.
Department of Humanities and Social
Sceences, IIT Powai, Mumbai – 400076. Ph.
25767375, 25722530, Mob. – 9809019268.
email – malharku@ gmail.com, malhar@
iitb.ac.in. Spl.Ref. Resipient of Badarayara
Vyasa Award (2009) & Pt. Satavalekar Award
(2010).
Inter-disciplinaey
work
on
Development of Sanskrit Wordnet.
Kulkarni, Shashikant Govind. M.A. b. 1938.
Bks. 05. Puruśa Śuktā (ed.), Śrī Śuktā (ed.),
Rūdrādhyāya (ed), Gāyatrī Mantra (ed.),
Sulabha Tarkaśāstra (wr.). Add. ‘Radhai’ 3,
Sanmitra Hausing Society, Navi Rajarampuri,
Kolhapur – 416008.
Kulkarni, Vaman Mahadev. M.A. in Sanskrit
& Prākṛta, Ph.D. b. 22.11.1917. Bks. 05. Jaina

