
Vyas, Pawan. M.A., Ach. Ph.D. b. 01.01.1978.
Prof. Kalidas Skt. Academy Ujjain M.P. Gp.
Dr. Balkrishna Sharma, Dr. Somnath Nene.
Ps. 03. Add. 61/11 Azad Nagar, Ujjain M.P.
Vyas, Priti. Jodhpur (Rj.). Bks. 01.
Kaṇ-hābharaṇam. Spl.Ref. Young Writer.
Vyas, Pt. Ambikadutt. Acharya (Sāhitya).
English. b. 1858. Jaipur. (Rj.). Prof. Patna
College. Gp. Pt. Durgadutt. Pt. Krishndutt.
Bks. 91. Avatāra Mīmāṃsā Kārikā.
Kathākusumam. Duḥkhadruma-ku-hāra,
Sāmavatam, Śivarājavijayam. Expired in 1900.
Spl.Ref. Awards – Bihar Bhushan. Bharat
Bhushan. Bharat Ratna. Ghatikashatak.
Shatavdhan. Sukavi. Gadyokavya Samrat. Poet.
Established ‘Sanskrit Sanjeevani’ for Sanskrit
Prachar. Dr. Shri Krishankumar Agrawal has
done Ph.D. on his personality and works.
Rajasthan Sanskrit Academy is honoring by
name ‘Pt. Ambikadutt Vyasgaya puraskar’ every
year on original prose book. He was a expert
famous poet from his childhood and known
as gadyakavya samrat. First time he wrote
good poem in eight years age.
Vyas, Rajendra Prasad. Mahamahopadhyay.
b. 29.08.1949, Bolundara, Sabarkant, Gujarat.
Head, Deptt. of Jyotish, Maharaja Sayajirao
University, Baroda. Ps. 10. Add. 6, Sahajanand
Society, Near Subhash Park, Harsi Road,
Baroda (GJ). Spl.Ref. Jyotiṣa.
Vyas, Rajesh Chunnilal. Ph.D. b. 20.08.1969.
Prof. Seth P.T. Arts & Science College, College
Road, Godhara. Ps. 05. Add. Prasad 71,
Vrindavan Nagar 2, Bamroli Road, Godhara
. Spl.Ref. Vyākaraṇa śāstra.
Vyas, Ramakant Mohanlal. Acharya in Sāhitya,
Shiksashastri. b. 10.08.1965, Kiwarali, Siradi,
Rajasthan. Teacher. Gp. Ramadas V.
Kaundinya. Ps. 05. Add. Varatantu Sanskrit
Mahavidyalaya, Bhagavata Vidyapith, Sola,
Ahmedabad (GJ). Spl.Ref. Sāhitya.
Vyas, Ramkrishn Tulajaram Vyākaraṇa-charya,
M.A., Ph.D. b. 24.10.1934, Bolundra,

353

Savarkantha, Gujarat. Director. Gp. Kantilala
Yajnika, Balkrishn Pancholi. Bks. 01.
Bṛhadāraṇyakopaniṣat (Ed.). Add. Oriental
Institute, M.S. University, Baroda – 390002
(GJ). Spl.Ref. Vyākaraṇa.
Vyas, Rashmi Kant. M.A., Ph.D. b. 12.06.1949,
Ujjain, (M.P.). Research Asstt., Birla Research
Institute, Ujjain. Gp. Pt. Surya Kant Vyas
(Father & Founder of Kalidas Akademi, Ujjain),
Harindra-bhushan Jain. Ps. 05. Add. Bharati
Bhawan, Mahakal, Ujjain (M.P.). Spl.Ref.
Sāhitya.
Vyas, Shridhar Sanatan Bhai. Ph.D.
b.02.02.1976. Prof. Smt. L. & C. Mehta Arts
College, Near Love Garden Ahemdabad. Ps.
04. Add. 17/A Divya Jyoti Society Ramdev
Nagar Satelite Road Ahemdabad. Spl.Ref.
Vyākaraṇaśāstra.
Vyas, Surya Prakash. M.A., Ph.D. b. 15.08.1946.
Prof., Kashi Hindu Univ. Varanasi. Gp.. Prof.
Ramchandra Dwivedi. Sp. Dr. Beena Agarwal,
Dr. Anamika Singh. Bks. 25. Bauddha Vedānta
Evaṃ Kāśmira Śaivadarśana, Bauddha
Subhāṣita, Unmīlanam, Ācya ratinātha Jhā
Racanāvalī, Tatra-vimarśa. Add. 128, Balaji
Colony, Samne Ghat Road, Lanka Varanasi
U.P.
Vyas, Ved. M.A., L.L.B. b. 01.09.1902. Asst.Prof.,
D.A.V. College, New Delhi. Add. 64, Golf Links,
New Delhi. Spl.Ref. Sāhitya śāstra & Veda.
Vyas, Yogini ben H. Ph.D. b.20.12.1957. Prof.
Uma Arts & Nathiba Commerce Mahila College,
Sector 23 GandhiNagar. Ps. 10. Add. Dehin
1435-C-1, Sector 2-B, Near Swami Narayan
Mandir, GandhiNagar. Spl.Ref. Kāvya-śāstra.
Vyathit, Raghuvira Sharan. M.A., Ph.D. b.
01.04.1924, Khurja, (U.P.). Rtd. Asst. Prof.,
Shri Lalbahadur Shastri Kendriya Sanskrit
Vidyapith, New Delhi. Bks. 01. Sañcārībhāvo‚
kā śāstrīya Adhyayana eva‚ rasa siddhāntakī
ādhunika sandarbho‚ me‚ sārthakatā. Add.
S/485-86, Vivek Marg, School Block,
Shakarpur, Delhi. Spl.Ref. Sāhitya.

