
Prof., Shri Vanraj Arts & Commerce College,
Laldungri, Dharampur, Valsad. Ps. 02. Add.
Aasura, Dharampur, Valsad, (GJ). Spl.Ref.
Vedānta Śāstra.
Rathva, Devsingh Bhala Bhai. Ph.D.
b.15.06.1970. Jorapura. Asst. Prof., Bhartiya
Vidhya Vibhag H. Uttar Gujrat University,
Patan. Ps. 02. Add. 89, Rashiyan Nagar
Siddhpur Road. Spl.Ref. Vedānta Śāstra.
Rathwa, C.B. Ph.D. b.03.01.1974. Prof. Sanskrit
Deptt. M. N. College Vishnagar. Add. 25, Vidhya
Nagar Society Gharoi Colony Road, Vishnagar.
Spl.Ref. Vedānta.
Rathwa, Rasik Bhai S. Ph.D. Prof. S.N. College
Chota Udaypur Distt. Varodara. Ps. 02. Add.
B-11, Sony Society Pavi Jetpur Distt. Varodara.
Spl.ref Vedānta Śāstra.
Ratna K.V. M.A., Shastri, Pravina Jyotiṣaa. Asst.
Prof., Skt. Dept. Ps. 02. Add. Lady Shri Ram
College for Women, Delhi University, Lajpat
Nagar, New Delhi–110024. Spl.Ref. Vyākaraṇa.
Ratudi, Mayaram. Vedashastri. b. 15.02.1963,
Tehri Garhwal. Asst.Teacher. Add. Shri Jairam
Sanskrit Mahavidyalaya, Rishikesh. Spl.Ref.
Veda.
Rautroy, Gokulanand. M.A. b. 31.08.1947,
Tirinia, Kendrapara, OR. Bks. 15. Śrī
Jagannātha Divya Sahasranāmaḥ. Ps. 01. Add.
Narayani Sāhitya Kuteer, Tirinia, Indalo,
Danpur, Kendrapara (Orissa). Pin. 754210.
Ravat, Asha Singh. M.A., Ph.D. b.04.10.1977.
Asst.Prof., Govt. P. G. College, Mandsor, M.P.
Ps. 08. Add. C/o. Shri K.C. Pathak, Janta
Colony, Mandsour, M.P.
Ravat, Krishna. M.A., B.Ed., Ph.D. b.17.02.1952.
Teacher (PGT), Govt. Boys Senior Secondary
School, Kirti Nagar, New Delhi, Ps. 02. Add.
A-2/114, Paschim Vihar, New Delhi – 110063.
Ravat, Kuldeep Sinha. M.A. b. 10.11.1931.
Teacher (TGT). Sanskrit, Ps. 02. Add. Govt.
Boys Senior Secondary School No. 1, West
Patel Nagar, New Delhi.
Ravat, Madan Singh. Acharya, B.Ed.
b.15.09.1947. T.G.T. Ps. 02. Add. Govt. Senior

235

Secondary School No. 1, Roopnagar, Delhi.
Add. 19/12, Shakti Nagar, Delhi – 110007.
Ravidatta, Gautam. Acharya in Sāhitya, Sāhityaratna. b. 15.11.1918. Rtd. Teacher, Birla Higher
Secondary School, Kamla Nagar, Delhi. Ps.
05. Add. A-13/3, Gautam Sadan, Rana Pratap
Bagh, Delhi.
Ravikumar, K.R. M.A. Classical Literature. b.
23.03.1955. Hassan (KT). Asst. Prof.
Maharam’s Science College. Bangalore –
560001. Bks. 04. Vicāralaharī, Dinākkondusubhāśita, Daśakumāracarītam (ed.),
Sanskrit Patrikodayama. Ps. 10. Add. 750.
III Block. III Stege. III Phase. Banashankari.
Bangalore–560085.
Ravindra Kishor. Shuklayajurvedacharya.
b.02.08.1960, Rishikesh. Asst. Prof. Gp.
Krishnkishor. Add. Ved Mahavidyalaya,
Vedmarg, Rishikesh, (U.P.). Spl.Ref. Veda.
Rawal Nayna Ben T. Ph.D. Prof. Meenaben
Kundliya Mahila Arts & Commere College
Rashtriya Shala Rajkot. Ps. 02. Add. Vaani
Natraj Nagar 1, University Road, Distt. Rajkot.
Rawal, Anantrai J. Ph.D. b.01.10.1939.
Asct.Prof., Faculty of Arts M.S. University
Varodara, GJ. Ps. 02. Add. 39, Sandipani
Society, Bhaikaka Nagar, Thalteg Ahemdabad.
Spl.Ref. Alaṅkāra Śāstra.
Rawal, Indravardhan Bhalchandra. Ph.D.
b.24.09.1937. Prof. Shri & Smt. Chaukse Arts
& Commerce College, Veraval, Junagarh. Ps.
02. Add. 7, Teacher Colony Near Derasar,
Veraval, Junagarh. Spl.Ref. Alaṅkāra Śāstra.
Rawal, Jyotsana C. Ph.D. b.30.07.1969. Prof.,
Shri Ambaji Arts College, Kubhariya, Ambaji.
Ps. 02. Add. B-9 Cotej Hospital Quarter Ambaji.
Spl.Ref. Alaṅkāra Śāstra.
Rawal, Narendra Kumar Bheekha Lal. Ph.D.
b.01.01.1973. Prof., Govt. Vinyan & Commerce
College, Ahwa Dang, Dang. Ps. 02. Add.
Pethapur, Danta, Janaskata, (GJ). Spl.Ref.
Vyākaraṇa Śāstra.
Rawal, Usha Ben R. Ph.D. b. 29.10.1941. Prof.,
Bhawans Arts & Commerce College Banpur,

