354

W


Wadekar, Mukund. M.A., Ph.D. b. 09.02.1955,
Vadodara. Prof. & General editor. Bks. 05.
Aspects of Indological Studies, Sarvam
Pratiṣ-hitam, Devīmahātmyam, Devalasmṛti
reconstruction and critical study. Ps. 50. Add.
5/3, Shreeram Complex, Mangal Bazar, Opp.
Koteshwar Temple, Vadodara – 390001. Ph.
(R) 431035. (O) 425121. Spl. Ref. Scholar
of Vedānta, Dharmaśāstra, Purāṇa, Manuscriptology.
Wakankar, Siddharth Yeshwant. M.A., Ph.D.
b. 16.01.1947. 9/123, Shahade Sadan, Shivaji
Park, Mumbai. Former deputy Director,
Oriental Institute, M.S. Univ. of Baroda.
Presently working as Director for ancient
history and culture deptt., Jain university,
Bangalore. Gp. Prof. Moreshvar Vinayak
Mahashabde, Prof. Dr. Moreshvar Dinkar
Paradkar and Prof. Dr. Govind Keshav Bhatt.
Sp. Many Students from different fields like
Literature, Dance, Architecture, Manuscriptology, Fine Arts etc. Bks. 05.
Cetovinodanakāvyam of Dāji Jyotirvid,
Yādavendramahodaya of Nilakan-ha. Literary
Gems from Sanskrit. Gajaśastra of Palakapya
Muni. Ānandakāvyam of Ānanda
Śatapraśnottari. Ps. 100. Add. Tower A-1, Flat
no. 1204, Gokulam Complex, Dodda
kallasandra Post 8 th Lane Rangpur Road
Bangalore- 560062. (Kar) Mob. 09427339942.
Spl.Ref. First Scholar from Maharashtra to
be awarded the Ramkrishna Sanskrit Award
from Canadian world education Foundation,
Canada. Internationally recognized Manuscriptologist. Famous scholar in Sanskrit
Literature. First Scholar from Baroda to get
springer Research Scholarship of the Bombay
Univ. Invited by the Indian Institute of
Advanced Study, Shimla, as a Visiting Professor
to deliver Lectures.
Walli, Koshalya. M.A., D.Phil., D.Litt., Diploma
in Russian & Bulgarian Language. b.
27.11.1935, Shrinagar, Kashmir. Bks. 04.
Ahiṃsā is Indian Thought, Theory of Karma
in Indian Thought, Tantrāloka and Cutural
Heritage. Add. 20. Rajendra Nagar, Canal
Road, Jammu Tawi (J&K). Pin. 180016. Ph.
543545. Spl.Ref. He has worked on Kaśmīra
śaiadarśana, Awarded by President certificate
of honour.

Y
Yadav, Baburam. Acharya, Ph.D., M.A., D.Litt.
b. 10.06.1944, Jaunpur, U.P. Prof. & Head,
Dayanand Mahavidyalaya, Ajmer. Gp. Pt.
Dvijendranatha Mishra, Pt. Mahadeva
Upadhyaya. Bks. 02. Kālidāsa ke lalita prayoga,
Nāsadīya sṛṣ-ividyā. Add. Dayanand Vaidika
Shodh Peetha, Dayanand Mahavidyalaya,
Ajmer (RJ). Spl.Ref. Sāhitya.
Yadav, Dev Narayan. M.A. Ph.D. D.Litt.. b.
15.01.1960, Samastipur (Bihar) Director. Bihar
Rajya Sanskrit Akademy. Bks. 01. Vālmīki
Rāmāyaṇ me Gṛhastha Jīvana. Ps. 62. Add.
29. Kidway Puri, Patna-800001, Bihar. Ph.
365180.

Yadav, Dinesh Kumar. M.A., B.Ed., NET, Ph.D.
b. 10.10.1975. Sr. Lect. Govt. Mahavidyalaya.
U.P. Ps. 05. Add. Vill. Nahwanipur, P.O. Bankat,
Varanasi- 221403 U.P.
Yadav, Prabhu Singh. M.A., Ph.D. b. 01.01.1955.
Sr. Lect. Sampoornanand.Skt.V.V. Varanasi.
Bks. 02. Ps. 07. Add. Vill. Narsirpur, P.O.
Hurmujpur, Gazipur U.P.
Yadav, Pushpa. M.A., Ph.D., D.Litt. b.
06.07.1960. Asct. Prof. & HOD. Skt. Deptt.,
Mahila Mahavidyalaya, Kanpur. Bks. 03. Ps.
25. Add. 117/L/244, Naveen Nagar, Kakadeo,
Kanpur-208025. Ph. 0512-2501051. pushpa
yadav_mmv@yahoo.co.in.

