
Tanjavur Dist, T.N. Gp. P.N. Raghvacharya,
K.V. Virarghavacharya, N.S. Ramanujatatacharya. Ps. 10 Add. 20 A, Mahatma Gandhi
Marg, Pondicherry- 605001. Spl.Ref.
Vyākaraṇa, Sāhitya, B.Ed.
Vasudevan, T. M.A. M.Phil. Ph.D. B.Ed. b.
14.11.1955. Elamkulam (Kerala). Asst. Prof.
Bks. 01. Āścarya Cū©āmaṇi (1995). Ps. 02.
Add. Dr. T. Vasudevan. Lecturer. Sāhitya. SSUS
Lalady. Ph. 460279.
Vatsa, P. N. Acharya. M.A., L.L.B., Post – Diploma
in Library Science, Ph.D. Asstt.Prof., Dy.
Registrar I/c (Admn. & Finance). Rastriya
Sanskrit Sansthan, New Delhi. Ps. 02. Add.
518, Mundaka, New Delhi – 110041. Spl.Ref.
Sāhitya.
Vatsa, R. S. M.A. b. 10.08.1939. Rtd. Asct.
Prof. Ps. 10. Add. Deshbandhu College, kalkaji,
New Delhi. 110081. Spl.Ref. Sāhitya śāstra.
Vatsa, Uma Shankar. M.A. Sāhityaratna. b.
02.07.1924. Teacher. Ps. 02. Add. 420/9, Upper
Anand Parvat, New Delhi – 110005. Spl. Ref.
Sāhitya.
Vatsala. M.A., Ph.D. b. 19.10.1961. Barilly.
Selection Grade Lect., Govt. PG College,
Jahalawar. Bks. 01. Yayāticaritam. Ps. 20.
Add. C-25/1A-1 Ramkatora Road, Varanasi221001. Ph. 07432-232315. M. 09414750220.
Vedacharya, B. Acharya. b.1930, Nayinar
playam, Kallakurichi, T.N. Gp. Ramkrishna
Shastri, Ramasubba Shastri. Ps. 05. Add. 987,
Big Bazar Street, Karadikoyil Coimbatore641001 T.N. Spl.Ref. Vedānta śāstra.
Vedacharya, Ramesh Chandra. Acharya in Veda
& Sahitya, M.A. b. 01.06.1948. Teacher, Govt.
Higher Secondary Girls School, Ranjit Nagar,
Delhi. Add. A-3/30, Hastasal Road, Uttam
Nagar, Delhi – 110059. Spl.Ref. Veda, Sāhitya.
Vedacharya, S. M. S. Vyākaraṇa-Vedānta Vidvān.
b. 05.04.1912, Saragur, Mysore, KT. Project
Director, Vishishtadvaita Kosh. Sanskrit
Research Academy, Melkote. Add. 1495, K.M.
Puram. Dr. Ambedkar Marg, Mysore- 570004.
Karnataka. Spl.Ref. Vyākaraṇa, Vedānta &
Veda.

345

Vedagiri, R. Sāhitya Shiromani, B.Ed. b.
22.08.1951, Pakshitirtham, Chengalpat Distt.
T.N. Teacher. Gp. Gopalacharya, Tatacharya.
Add. N.S.R. Oriental High School, Lepakshi
A.P. Spl.Ref. Sāhitya śāstra.
Vedalankar, Jaidev. Vedālankāra, M.A.
(Philosophy, Psychology), Ph.D., D.Litt. b.
05.12.1941. Rtd. Prof. & Head Deptt of
Philosophy, Dean Faculty of Oriental Studies
& Registrar, Gurukul Kangri V.V. Bks. 08.
Vaidika Sāhitya kā Itihāsa, Vaidika Darśana,
Maharshi Dayānanda kī Viśvadarśana ko dena,
Bhārtīya Darśana : Tatva Avam Jñāna Mīmānsā
ke Maulika Saṃpratyaya, Gurukula Kāṅgrī
ke Sau Varṣo kā Itihāsa. Spl. Ref. Veda Vedang
Rashi Puraskar 2000, Best Book in Phlosophy
Awarded by ICPR 2001-02, Veda Ratna Rashi
Puraskar 2004, Vishesh Puraskar by UP Skt.
Academy 1999 etc.
Vedalankar,
Kshitish
Kumar.
M.A.,
Vedālaṅkāra. b. 16.09.1916. Editor, Arya Jagat
Weekly, Arya Samaj Anarkali, New Delhi. Add.
D-81, Gulmohar Park, New Delhi – 110049.
Spl. Ref. Sāhitya.
Vedalankar, Ramnath. Vedālaṅkāra, M.A.,
Ph.D. b. 07.07.1914. Faridpur, Bareilly. ExVC. Gurukul Kangadi Univ. Haridwar. Bks.
16. Spl.Ref. Veda, He was member of Research
Committees Academic Councils of various
Universites and Research Institutes, President
Awardee.
Vedalankar, Subhash. M.A. Ph.D. b. 13.04.1942.
Tonk. Pakistan. Guest Asst. Prof. Bharatiya
Adhyayan Shankul. Maharishi Dayanand
Saraswati Vishvavidhyalaya. Ajmer. Bks. 04.
Amerikā Vaibhavam, Vijay Vallabhacaritam,
Dakṣiṇāvarta Vilāsaḥ, Kalhaṇasya Rajatarṇgiṇyāṃ Citritā Bhāratīya Saṃskṛtiḥ.
Jammū Kashmira Vilasaḥ. Ps. 05. Add. 74.
Taneza Block. Adarsha Nagar. Jaipur – 302009.
Ph. (0141) 2609050. 2788299. 09352862290.
Vedalankar, Sumedhamitra. Acharya, M.A.
b. 09.08.1946, Marukiya, Madhubani, Bihar.
Prof., Sanskrit Deptt. Gp. Brahmadatt Jijnasu,
Dewswami, Pt. Devdutt. Add.Sarvodaya

