
śrī Durgā Śatakama, śrī Kṛṣṇā nanda Stotram,
Puṣpāñjaliḥ, Upadesāmṛtam, śrī Hanūmat
Stotraratnāvalī. Ps. 01. Add. Dept. of Skt.
Dhenkanal College. Dhenkanal – 759001.
Orissa. Ph. (06762) 27208.
Nath, Jyotisa. Ph.D. b. 12.11.1953. Khowai
(Tripura). Asct. Prof. Tripura University.
Tripura. Bks. 01. The Dāsas, Dasyus & Rākṣasas
in the Ṛgvedic Literature. Add. Tripura
University Quarters No. C.N. – 4. Agartala –
799004. Ph. (0381) 220077. Spl.Ref. Veda
& Indian Philosophy, Paninian Grammar.
Received Tata Trust award for Vedic research.
Nautiyal, Ghanasyam. Acharya in Sāhitya. b.
31.12.1953, Majjur, Rokhari, Garhwal, U.P..
Gp. Trilokadhara Dube. Asst. Teacher. Ps.
01. Add. Shri Akhand Vednta Skt.
Mahavidyalaya, Rishikesh. Spl.Ref. Sāhitya.
Navlata. M.A. Acharya Ph.D., b. 10.06.1955,
Lucknow U.P. Asct.Prof. V.S.S.D. College
Kanpur U.P. Bks. 04. Saṃskṛta Sāhitye jala
Vijñānam, Saṃskṛta Vāṅamaye kṛṣivijñānam,
Medhā, Saṃskṛta Sāhitye Mahilānāṃ
Yogadānam (ed.). Ps. 50. Add. K-680,
Aashiyana Colony Kanpur Road, Lucknow.
Spl.Ref. Poetry, Stories & Other Writing,
Honour Delhi Skt. Acadmey etc.
Nayadu, Amara Ananda. Sāhityaśiromaṇi. Siksa
Sastri. b. 10.09.1949, Bitragunta, Nellur Dist.
AP. Samskrita Teacher. Gp. P.C. Gopalacharya,
N.S.R. Tatacharya, R. N. Arali Katti. Ps. 02.
Add. S.V.S. Training Centre, K.T.Road.
Tirupati–01. A.P. Spl.Ref. Sāhitya.
Nayadu, Gyanprakash L. Acharya in
NavyaVyākaraṇa, M.A., M.Lib.Sc.. b.
25.11.1958, Mungilipattu, AP. Librarian –
II. Ps. 01. Add. R.Sk.S. Guruvayur Campus
Guruvayur, Purunattukara, Trissur – 680551
(Kerala). Spl.Ref. NavyaVyākaraṇa, Library
Science.
Nayadu, Uppamandal Prahlad. M.A., M.Phil.,
Ph.D. b. 05.10.1950, Laxmi-narayanapuram,
Chittoor, AP. Research Assistant. Gp. Dr.
Molakaluri Narayana Murti. Bks. 01.

179

Aruṇagirināthasya Sa‚skṛta Bhāṣā sevā. Add.
Shri Venkateshwar Research Institute, Shri.
Venkateshwara University, Tirupati, (A.P.).
Spl.Ref. Sāhitya.
Nayak, Bhanumati Ben Maganlal. Ph.D. b.
22.11.1949. Prof. Shri M.R.D. Arts & E.E.
L.K. Commerce College, Chikhli GJ. Add. C/
o. Rajendra KikuBhai Nayak, Near Water tank.
Vill Post Gandevi Via. Kharel Distt. Navsari.
Spl.Ref. Purāṇa Śāstra.
Nayak, Braja Kishore. Acharya in Sāhitya, Ph.D..
b. 20.10.1953, Golabai. Bks. 09. Naiṣādhiya
Carītama (Skt. Comm. & Oriya Trans.),
Sahṛdayānandam (Skt. Comm.), Sāhitya
Saurabham (Criticism), Viyogacandrīkā,
Sāhitya Mañjarī. (Kāvyam). Ps. 10. Add.
Balighat, Nuasahi, Puri. Orissa. Ph. 06752 –
250003. 9778576660.
Nayak,
Ketaki.
M.A.,
Acharya
in
AdvaitaVedānta. b. 20.09.1934, Jaipur,
Rajasthan. H.O.D. Bks. 05. Add. R.Sk.S.,
Sadasiva Campus, Puri (Orissa). Spl.Ref.
Sāhitya, Oriya Lit., AdvaitaVedānta.
Nayak, Nayna Kalpesh. Ph.D. b.09.11.1961.
Prof. Shri M.R. Desai Arts & Shri E.E.L.K.
Commerce College Chikhli Distt. Navsari. Ps.
02. Add. Gurusmriti, Smriti Society Jalalpur
Road, Navsari. Spl.Ref. Alaṅkāra Śāstra.
Nayak, Pramod Kumar. M.A., Ph.D. b. 1965.
Puri, Orissa. HOD Deptt of Vyākaraṇa,
Damodar Skt. Mahavidyalaya, Bhadrak, Orissa.
Bks. 03. Gartaḥ, Uvāca Kaṇ©ukalyāṇaḥ,
Kathāsaptatiḥ. Spl.Ref. Sanskrit Poet.
Nayak, Vimlaben Prafull Chandra. M.A., B.Ed.
b. 25.04.1944, Surat, GJ. Teacher. Ps. 01.
Add. Shri J.S. Girls School, Valsad, GJ. Spl.Ref.
Sāhitya Śāstra.
Nayar, Anantapadmanabhan Valliyatu. M.A.,
B.Ed.,
Hindividvan.
b.
18.12.1925.
Tiruvananthpuram, Kerala. Talipatragaveshanacharya (Research Scholar). Gp.
Ganapati Sarma, M.H. Sastri, Dr. Goda Varma.
Ps. 02. Add. (Professor, Kalikat Sarvakalashala),
Sumeru, Chari Parambu, Katakal, Kollam
(Kerala). Spl.Ref. Sāhitya.

