
Vaduvur, Thanjavur, T.N. Teacher. Gp.
Ramanuj-tatacharya, P.N. Raghvacharya, M.S.
Narsimhacharya. Ps. 03. Add. Kendriya
Vidhyalalya, Pondicherry. Spl.Ref. Vyakaran
Śāstra.
Laxmanacharya.
Acharya,
Tarkatīrtha.
b.01.03.1918, Gadag, Dharwad, Karnataka.
Principal. Gp. Shripad Shastri, Gopalacharya.
Ps. 03. Add. Gopalpur, Dharwad, KT.
Laxminarsinghacharya, V. R. P.G. in
Kṛṣṇayajurveda. b. 30.03.1927. Gp. S.
Rambhadracharya, kali Ganpati, Sauriraja
Ayyangara. Add. Shri Ahobila Math, Kampa
Dasavallabha Street, Srirngam , Tiruchirapalli620006. T.N. Spl.Ref. Veda.
Laxminarsinghacharya. Kovid. b.15.09.1943,
Dommar Nandapal, Cuddapah, A.P. Add.
Santiniketan Oriental School. Sankarpur.
Cuddapah- 516002 A.P. Spl.Ref. Vedānta
Śāstra.
Laxmitatacharya, Ayyana Ayyangaracharya.
Navyanyāya, M.A. b. 26.02.1938, Melkote,
Karnatak. Gp. Tirumalai Ayyangaracharya,
V. Raghavan. Bks. Edited & published a number
of Research Papers. Add. Raja Street, Melkote,
Mandya – 571431 (KT). Spl.Ref. NavyaNyāya,
Veda, Viśiṣ-ādvaita.
Layek, Satyajit. M.A. Ph.D. b. 15.11.1959.
Bankura, W.B. Prof. Dept. of Skt., Univ. of
Kolkatta. Bks. 3. Add. Dept. of Skt., Kolkatta
Univ–700073. Ph. 03325915724 M. 0923145
9833. Email. slayek2007@rediffmail.com.
Leela, K. M.A., Ph.D. b. 18.07.1959. Associated
with JSS Ayurveda Medical College Maysore.
Bks.16, Rudra-a’s Kāvyālaṅkāra – An Estimate,
Sacred Preachings of Āyurveda, Kaṇṇa©a
Bhagavadgītā, Kavikāvyavivecana, Kāvya
Vallarī. Add. 22, Chirantana, Krishanamoorthy
Layout, T.K. Layout IV Stage, Mysore – 570009.
M. 0 8212543447, 09886056177 Email.
dr_leelaprakash@yahoo.co.in, Spl. Ref.
Pravachanapatu, Hoysala Suvarna Rajyotsava
Award, C.R. Narasimha Shastri Award,
Rashtriya Samskrutha Samsthana Award,
Narasimhamurthy, Chintan & Rasamanjari

135

Programms in AIR, Directed Sanskrit Saurabha
at DoorDarśana, Mamber in Editorial
Committee of manthan magazine.
Leela, S.R. B.A. b. 25.05.1953, Ernakulam,
Kerala. Teacher. Ps. 03. Add. A.V.P.S.,
Chembakulam, Palakkad (Kerala). Spl.Ref.
Sāhitya Śāstra.
Lekhwar, Rajesh Prasad. Acharaya (Jyotiṣa,
Sāhitya), Veda, karmakand Visharad, B.Ed,
M.A. (Hindi) b. 15-08-1972, Tehri Garhwal.
Lecturer.
Shri
Jayaram
Vidyapeeth
Kurukshtera. GP. Dr. Mayaram Raturi, Sp.
Rakesh Sharma, Soochit Geeyanan (Island)
Add. Shri Jayram Vidyapeeth, Kurukshtera–
136118. Ph. 01744-290431. M. 09416646726.
Mail. jairam72@gmail.com. Spl. Ref. Veda.
Lohani, Devidatta. M.A., Sāhityaratna. b.
05.01.1929. Teacher, Govt. Model Boys Senior
Secondary School, Sarojini Nagar, New Delhi.
Ps. 03. Add. 67-B (LIG), Katwaria Sarai, New
Delhi – 110016.
Loitel, Pradeep Kumar. Shikshashastri Acharya
b. 27-07-1982 Research Scholar, RSKS,
Lucknow. Gp. Hari Prasad Adhikari, Prof.
Radheshyamdhar Dwivedi. Ps. 01. Add. RSKS,
Lucknow Campus, Vishalkhand 4, Gomati
Nagar – 226010. M. 09889281737, 08016
157126. Mail. pradeep25sharmma@gmail.com
Lokesh Chandra. M.A., Ph.D., D.Litt. b. 1104-1927, Ambala. Prof. , Director I.A.I.C. New
Delhi. Bks. 576., Ps. 286. Add. J22 Hauz Khas
Enclave, New Delhi – 110016. Ph. 26515800,
55712680. Spl. Ref. Pali Avesta, Old Persian,
Japanese, Chiness, Tibetan, Mongolian,
Indonesian, Greek, Latin, Greman, French,
Russian, etc. Member of Parliament 197486, No of. Several committees of Parliament
related to Education, Offical Language Heavy
Industry, Tourism and Civil Aviation, etc. Life
Trustee of the Jawaharlal Nehru Memorial
Fund, Vice-President, Indian Council for
cultural Relations, Advisory Committee,
Encyclopaedia of Dravidian Languages,
Advisory Committee, Encyclopaedia of
Dravidian Languages. Member of the I.N.C.C.

