342



Sanyasashram, Ahmedabad (GJ). Spl.Ref.
Sāhitya.
Vaishnav, Hemant Vinod Chandra. Ph.D.
b.23.07.1968. Prof. Malvada Arts College,
Tehsil Kadana Distt. Panchmahal. Ps. 02. Add.
Vaishnavi Appartment Luharfani Near
Nagarpalika Lunawada, Panchmahal. Spl.Ref.
Economics.
Vaishnav, Kanu Bhai Deva Bhai. Ph.D.
b.15.05.1966. Prof. Mr. & Mrs. P.K. Kotawala
Arts College Rajmahal Road Patan, Gujrat.
Ps. 02. Add. 2, Satyam Nagar Society
Karmbhoomi Society Road Patan Uttar Gujrat.
Spl.Ref. Vedānta śāstra.
Vajapat, Nephade Vandana. M.A. Asst. Prof.
Ps. 02. Add. Deptt. of Sanskrit, Govt. Old
G.D.C., Moti Tabela, Indore M.P. Spl.Ref.
Sāhitya.
Vajapeyi, Manshankar. Acharya. b. 15.10.1924,
Unnao, Kanpur, (U.P.). Teacher. Gp.
Vishambharnath Sharma, Badarinarayana
Trivedi. Add. Kallumal Sanskrit Mahavidyalaya,
Chavalmandi, Kanpur (U.P.). Spl.Ref. Sāhitya.
Vajirbhai, Harkaniya. M.A, B.Ed. Asst. Prof.
Ps. 02. Add. Deptt. of Sanskrit, Shri Vanaraja
Arts & Commerce College, Dharampur, Valsad,
Gujrat. Spl.Ref. Vedānta śāstra.
Vajpayi, Ramavtar. NavyaVyākaraṇacharya.
b. 03.07.1939, Patoura, Banda, U.P. Principal.
Ps. 02. Add. Shri Vamadev Sanskrit
Mahavidhayala, Kailapuri, Banda U.P. Spl.Ref.
Navyavyākaraṇa.
Vakankar, Siddharth Yaswant. Ph.D. b.
16.01.1947. Prof. Oriental Institute M.S.
University Near Rajmahal Darwaza Varodara.
Add. I-5 Vrindavan Estate, Pashabhai Patel
Park, Varodara.. Spl.Ref. Vyākaraṇa śāstra
& Manuscripts.
Vanjha, J. R. Ph.D. Prof. Govt. Vinyan College
Gujrat College Ahemdabad. Ps. 02. Add. E/
12, 10 Banglow, Govt. Quarter, Gulbai Tekri
Ambawadi Ahemdabad.
Vankar, Babu Bhai Heera Bhai. Ph.D.
b.01.05.1969. Prof. Prabhu Swami Science

& H.D. Patel Arts College Kadi. Ps. 03. Add.
16 Veer Maya Nagar Sutajpura Road Kadi
Distt. Mehasana. Spl.Ref. Vedānta śāstra.
Vankar, Bhabhar Bhai Jetha Bhai. Ph.D. b.
12.03.1968 Prof. K.C. Seth Arts College, Vill
Post Tehsil Bhirpur, Distt. Kheda. Ps. 02. Add.
Mochi Wadia. Tehsil Lunawada. Distt.
Panchmahal. Spl.Ref. Vedānta.
Vankar, Kantilal Bhana Bhai. Ph.D.
b.12.04.1967. Prof. Arts & Commerce College
Idar Distt. Sambharkanta. Ps. 02. Add.
Sheelalekha Society, Near Jawanpura Idar
Distt. Sambharkanta. Spl.Ref. Vedānta śāstra.
Vankar, Mangal Bhai Gana Bhai. Ph.D.
b.01.06.1969. Prof. Shri D.V. Rawal Arts
Commerce College Halvad, Surendra Nagar.
Ps. 02. Add. Near Bus Stand, Halvad Distt.
Surendra Nagar. Spl.Ref. Vedānta śāstra.
Vankhandeshwar, Peetambara peethadheeshwar. Studied in Vyākaraṇa. b.
26.03.1898. Vill. Rampur. Teh. Chakiya. Kashi.
Gp.. Pt. Brahmanand Jha. Bks. 12.
Śrībagalāmukhīrahasyam, Śarabhatantram,
Reṇukātantram, Saptavimrśati-rahasyam,
Chinnamastā Nityārcanam. Expired on
09.07.1929. Spl.Ref. Established Bhagawati
Peetambara in 1935. Shriyantra and Bhagwan
Parshuram Temple in 1933.
Varadachariar, Navalpakkam N. Nyāya
Shiromani, Vedānta Siromani, Kṛṣṇa
Yajurveda, Mīmāṃsā. b. 26.11.1926.
Kanchipuram. TN. Ps. 30. Add. 2/9 Car Street,
Tiruvandipuram, Cuddaloor – 01. Spl.Ref. Veda
and Vedic Sanskrit Sāhitya, President Awardee,
Title of M.M. by Sanskrit Vidyapeetha, Tirupati
and Veda Vedānta Payonidhi by Ahobila,
Matha.
Varadacharya, K. S. Navya Nyāya, Viśiṣ-ādvaita
& Darśana Scholar. b. 18.10.1922. Chengalpet
TN. Project Leader Academy of Skt. Research
Melkote. Gp. Srimad Abhinav Rang Nath
Brahmatantra, Atmakur Deekshachar Bks. 05.
Tattvasaṅgraha with Commentary, Nyāya
Mañjarī with Commentary. Ps. 50. Spl. Ref.
Pandit Ratan by Kanchi Kam Kotepeeth.

