248



Ph.D. b. Sangareddy, A.P. Bks. 05.
Ānandanandinī, Bhārgavī, Rasadhiḥ. Add. 165.
SRT Saidabad Colony, Hyderabad – 59. Spl.Ref.
Uttam Sanskrit Pt. Samman.
Sharma, Chhatradhar. Acharya. b.1914. Toda,
Jaipur (RJ). Teacher, Nagriya Secondary
School, Sikar. Bks. 36. Rājabhūtiḥ Kāvyam,
Ambāsāgara Varṇanam, Kumbharāyacaritamahākāvyam, Rāyasiṃha-digvijaya-Mahākāvyam, Vārāhīstavanam. Expired in 1975.
Spl.Ref. Awarded by Govt. of RJ.
Sharma, Chiranjeevi. Acharya, Ph.D.
b.27.04.1959. Palpa, Lumbini, Anchal (Nepal).
Acting Principal. Bks. 01. Yajurvedīyoccāraṇavidhivimarśaḥ. Add. Ved Bhavan,
Shringeri math, Alopibagh, Allahabad (U.P.).
Sharma, D. D. M.A., Ph.D., D.Litt. b.23.10.1924.
Bhimtal. Bks. 55. Anaṅgaharṣakṛta Tāpasavatsarāja (ed.), Kālidāsa kī kalā aur Saṃskṛti,
Saṃskṛta kā aitihāsika evam Sṃracanātmaka
paricaya, Meghdūta kā śailīvaijñānika
Viśleṣaṇa, Saṃskṛta Bhāṣā kā Itihāsa. Ps. 20.
Add. Anand Dham, Nawabi Road, Haldwani–
263141 Nainital, Uttarakhand. Spl.Ref.
President Certificate of Honour - 2001, Sāhitya
Shiromani Samman by Punjab Govt. -2004,
Akhil Bharatiya Vidwat Saman, Delhi, Yugabda
Vidwad Samman by S.S.V.V., Varanasi.
Sharma, Deepak Kumar. M.A., Ph.D.
b.01.02.1961, Sondheli, Nalbari, Assam. Prof.
& Director, Guwahati Univ. Bks. 05. Sesakṛṣṇās
Pārijātaharanacampu A Study, Vṛttamālā of
Kavikarṇapūra, Durgāsaptaśatī, Satī Jayanti
of Bhavadeva Bhāgavati, Suvṛttatilaka of
Kṣemendra.
Sharma, Devendra. Acharya in Veda, Ph.D.
b.22.07.1981. Guest Asst. Prof., Maharshi
Panini Skt. Univ. Ujjain. Ps. 05. Add. Rajalai,
Jhalarapatan, Jhalawad, RJ. Spl.Ref. Veda
Pandit Puruskar, U.P. Skt. Sansthan.
Sharma, Devi Datt. Ph.D, Skt. and Linguistics.
b. 24.10.1924. Nanital, UK. Rtd. Prof. Bks.
30. Ps. 150. Spl.Ref. Urdu, Pharsi, French,
German, Linguistics Skt., Jawaharlal Nehru

Fellowship, Emeritus Fellowship, 20th Century
Achievements award Cambridge London,
International Men of the Year, President
Awardee.
Sharma, Dhrubajit. M.A., M.Phil., Ph.D. b.
24.04.1981. Asst.Prof., Tezpur, Sonitpur,
Assam. Bks. 03. Moral and ethical values in
the Rāmāyaṇa, Mahābhārata and its relegence
the 21 st Century, Some Observations on the
Kālidāsa Purāna. Add. Mangalolai, No. 1,
Darrang, Assam.
Sharma, Dhupal Harekrishna. Acharya in
Sāhitya. b.01.01.1938. Sugo. Ps. 05. Add. Arya
Nivas, S/60, Municipality Colony, Unit–III,
Bhubaneswar, Orissa.
Sharma, Dinanath S. Ph.D. b.20.06.1960. Prof.
Bhasha Sāhitya Bhawan, GJ University,
Navrang Pura, Ahemdabad. Ps. 03. Add. 4
Lecturer House, GJ University Campus,
Navrang Pura, Ahemdabad. GJ. Spl.Ref.
Alaṅkāra Śāstra.
Sharma, Dipti. M.A., Ph.D. b.01.10.1956,
Gorhat, Gorokhiadol, Korokatali, Assam. Asct.
Prof. J.B. College, Gorhat, Assam. Gp. Dr.
Maitheyee Borah. Ps. 03. Add.R.R.L. Gorhat,
Dhapkata Borsatra, Assam.
Sharma, Dwijen. M.A., L.L.B. b.01.03.1967.
Morigaon, Assam. HOD. Ps. 02. Add. Raha
College Raha, Nagaon, Assam.
Sharma, Dwijendra Lal. M.A., Kāvyatīrtha.
b.09.03.1917. Silhat, Bangladesh. Principal,
Bhinmal College, Jaipur. Bks. 13. Mahīmaham,
Ṛtukautukam Advaitāmṛta-sāraḥ, Alkāmilanam, Dvaitakāvyam. Add. D-117 Krishan
Marg, Bapu Nagar, Jaipur 15. Spl.Ref. Awarded
by ‘Magh’ puruskar by Rajasthan Sanskrit
academy. Acharya Nawal Kishore kankar Veda
vedang puruskar on & Navodita pratibha
puruskar.
Sharma, Gajbhan Mukut. Ph.D. b.08.10.1967.
Mathura (U.P.). Bks. 01. Bhaktitattvacintanerūpagosvāmī Karpatrī Tulnātmakamadhyayanam. Add. 34, New Mahavir Nagar,
Outer Ring Road, Vikaspuri, New Delhi–
110018.

