
Subrahmanyam, P.V. B. Acharya in Jyotiṣaa
(Siddhanta & Phalita), Ph.D. b.26.01.1975.
Rajavommangi. Asst.Prof., R.Sk.S., Bhopal
Campus, M.P. Ps. 11. Add. C–2. Yashoda
Garden, Bagh Mughalia, Bhopal, M.P. Spl.Ref.
Editor of BhojRaj Panchanga.
Subrahmanyam, R. Adavaita Vedānta
Shiromani. b.25.01.1937, Panampattu,
Villupuram, T.N. Sanskrit Pandit. Gp. Ayyasami
Ganpati Subrahmanyam Shastri. Add. French
Institute, Pondicherry. Spl.Ref. Kṛṣṇa-Yajurveda
& Adavaita Vedānta.
Subramanayan, A. B. B.Sc., B.T, Dipl. in Social
Work. b. 27.11.1924. Bks. 03. Kalpanā
Saurabham, Navamuktāśatakam, Śriṅgārapadyāvaliḥ. Add. 11/6 Almelumangpuram,
Chennai – 04.
Subramanyam, K. H. M.A., Ph.D. b.15.06.1950.
Vilayur, palakkad. HoD., Sanskrit Payyanur
College. Bks. 18. Smarāmi Rājarājasya, Ālokam,
Paryaveśaṇam, Cītranakṣatramālā. Add.
Harikiranam, Odayammadam, Cherukunnu,
Kunnur.
Sudesh, Bhagwati. Acharya (Dharma-Śāstra),
Ph.D., M.Ed. b.01.01.1958. Sahnewal,
Ludhiana (Punjab). Prof., R.Sk.S.,Jaipur
Campus. Gp. Dr. Lallan Pandya, Dr. Harikrishan
Shastri, Prof. Neena Dogra. Bks. 03. Karmakāla
Dīpikā, Saṃsakāra Vimarśa, Dānasya
Dharmaśās-trīyāvdhāranā. Ps. 10. Add. 38.
Pushpanjaoli Colony, Mahesh Nagar Vistar,
Jaipur–302015.
Sukumaran, Nilamperoor. M.A. (Sāhitya,
Nyāya, Vyākaraṇa, Vedānta, Hindi, Malayalam, English.), B.Ed., M.Ed. Ph.D., D.Litt.
b.16.02.1925. Neelampuram, Kerala. Prof.,
Govt. Traing Colleg. Trivendrum. Bks. 09.
Saṃskṛta Suprabhātam, Saṃskṛta Suprabhātam – 2, Prāyogika Hindī, Ratna-Mālā,
Kavitāmayasye. Add. S. Keshabchand M.A.,
Kesavamandiram, Nedumangad, Thiruvanantapuram, Kerala.
Suman Mahendru. M.A., Ph.D. b.13.07.1950,
Delhi. Asst.Prof., R.P. College, Delhi &

305

Indraprastha College, Delhi. Gp. Dr. Satyavrat
Shastri, Dr. Vachaspati Upaddhyay,
Ravishankar Nagar. Ps. 03. Add. A-192,
Indrapuri, New Delhi. Spl.Ref. Sāhitya.
Suman Sneha. M.A. b.12.08.1959. Secretory,
Sarvadharma Sanskritpeeth, Delhi. Ps. 03.
Add. 10/17, Shakti Nagar, Delhi. Spl.Ref.
Darśana.
Sundarajan. M.A. (Chemistry) b. 02.02.1935.
Tanjor, Tamilnadu IAS. b. 07. Spl. Ref. Poet
& Writer, Presently he is engaged in Skt.
Literarly writing and is also the member of
various literary bodies.
Sundarajan. M.A. (Chemistry) b. 13.09.1936.
Tanjor, Tamilnadu IAS. b. 07. Śrījagannāthasuprabhātam
Anyāni
Stotrāṇi
Ca,
Abhāgabhāratam. Add. 21,VIP Colony Ekamravihar, Nayapalli, Bhuwaneswar – 15 Spl. Ref.
Poet & Writer, Presently he is engaged in
Skt. Literarly writing and is also the member
of various literary bodies, Balkavi from Kanchi
Shankaracharya. President Awardee.
Sundaram, L. S. Ph.D., Diploma in German.
b.25.09.1926, Katteri (Nilgiris). Bks. 03 New
Catalogus Catalogorum Volumes I to XII, A
Bibliography of Modern Sanskrit Plays, Index
for Volumes 1-40. Ps. 15. Add. C-2, Sriji
Apartments 25. Raja Sekharan Street,
Mylapore, Chennai–600004.
Sundaramayyar Muttukrishnan. b. 15.06.1945,
Mahadanpuram, Tiruchi, TN. Gp. R. Mahalingasrautigal. Add. Shri Venkateshwaraswami
Devasathanam, Tirumala, 189 E. Kotakommal
Vithi, Tirupati– 517501 (A.P.). Spl.Ref.
Samaved.
Sundararajan, S. b.13.09.1936. Devanathavilasa gram. I.A.S. Bks. 50. Jagannātha
Suprabhātam. Śrī Jagannātha Stotram, Śrī
Jagannātha
Maṅgalāśasanam,
Badrī
śataraṅgiṇī, Surabhi Kāśmīram. Spl.Ref. Being
a special chador I.A.S. contributed in several
way to concrete the Sanskrit literature.
Sundareswaran, N. K. M.A. b.28.05.1964,
Chittur, Palakkad, Kerala. Gp. Br. Shri N.R.

