
Chittur Dist., A.P. Gp. Subbarayan, Nagamunireddi, Arlikatti. Special Officer. Add. S.W.
Residential School, Kala Samudram, Anantapur
(A.P.). Spl.Ref. Sāhitya.
Godh, Suresh. M.A., B.Ed. LL.B. b. 23.06.1947.
Teacher, Atmaram Sanatan Dharma Senior
Secondary School, Delhi. Add. B-5/3, Rajouri
Garden, New Delhi. Spl.Ref. Sāhitya Śāstra.
Goel, Aruna. M.A. Ph.D. b. 12.09.1947. Narwana
(HR). Prof. P.U. Off. P.U. Chandigarh – 160014.
Bks. 05. Modern Knowledge of Nayāya. Ps.
30. Add. 185. Sector – 16. Chandigarh –
160015. Spl.Ref. President Awardee.
Goel, Shashi Prabha. M.A. B.Ed. b. 06.09.1933.
Ambala Cantt. Principal. Delhi. Bks. 02. The
Message of Jip. Add. D/E – 128. Tagore Garden.
New Delhi. 011/110027. Ph. 5194255.
5428986.
Gogana, Pushpa. M.A.. b. 10.05.1945. Teacher,
Kendriya Vidyalaya, Andrews Ganj, New Delhi.
Add. B.B. 5, Greater Kailash Enclave -2, Near
Savitri Cinema, New Delhi.
Gogiya, Jaidayal. M.A.. b. 01.11.1943. Teacher
(TGT), Govt. Boys Senior Secondary School
No. 3, Palam Colony, New Delhi. Add. C-124,
Vikaspuri, New Delhi – 110018. Spl.Ref.
Sāhitya.
Gogna, P.R. M.A. M.Com. AICWA. D.H.S. B.Ed.
b. 20.11.1927. V.Apra. Distt. Jalandhar.
Chairman, Technical Management. Ps. 01.
Add. D – 402. Kaveri Aptts. Alakhananda.
P.O. Kalkaji. New Delhi – 110019. Ph. 6437709.
6437712.
Gogoi, Chutua Laksahira. M.A., Ph.D. b.
01.09.1946, Dhakuakhana, North Lakhimpur.
Prof. Deptt. Of Skt. Gauhati uni. Assam. Bks.
02. Studies on Laksanā Vṛtti, The Purānas
on Poetics and Dramaturgy. Add. Satabdi nagar
bye lane Haricaran Das Path Lakhra, Guwahati34, Spl.Ref. Kāvya.
Gokani, Kumud Ben Manu Bhai. Ph.D. b.
17.09.1935. Prof. Shri Sharda Peeth Arts &
Commerce College, Dwarka. Add. C/o. Shri
Mani Bhai Contractor, Near Brahma Kunda,

83

Dwarka. Distt. JamNagar. Spl.Ref. Vedānta
Śāstra.
Gola, Jaichandra. M.A., B.Ed. b. 20.08.1943.
Teacher, Govt. Boys Senior Secondary School
No. 1, Rama Krishnapuram, New Delhi. Add.
B.D. – 890, Sarojini Nagar, New Delhi –
110023. Spl.Ref. Sāhitya.
Golvelkar, Kalawati Ben K. Ph.D. b. 04.08.1948.
Prof. Gujarat Arts & Science College, Alisbridge,
Ahemdabad. Add. D-17, Akleshwariya Block,
Near Police Commissoner office, Shahi bag
Ahemdabad. Spl.Ref. Kāvya-Śāstra.
Gopakumar, P.V. Acharya. b. 20.05.1971.
Kothamangalam (Kerala). Executive President.
Bks. 01. Jaimini Sūtrās. Add. Centre for Sanskrit
and Indological Studies. Mathuramattom.
Kidangoor Post. Kottayam. 686572. Kerala.
Ph. (0482) 254025. 258703.
Gopal, Shastri. b. 1892. Bihar. Bks. 01.
Gītākarmayogaśāstram. Spl.Ref. ‘Gitakarmayogashastr’ is a Philosophical book.
Gopalacharya, S. śiromaṇi. b. 15.08.1908,
Paduram, South Arcot, T.N. Bks. 01. Tattva-īkā.
Add. 39, G.T.S. Road, Madhurantakam –
603306 (T.N.). Spl.Ref. Ved (Kṛṣṇayajuḥ).
Gopalacharya, T.N. Age. 57 yrs. in 1988,
Tiruvahindrapuram, T.N. Gp. Sirkali
Rajagopalacharya. Add. Tiruvahindra-puram,
South Arcot (T.N). Spl.Ref. Kṛṣṇayajurveda.
Gopalakrishna, Ghanapathi G. Kṛṣṇayajurveda
Kramānta Salakṣanaghanānta. b. 14.10.1953,
Tirunelveli, T.N. Teacher. Gp. Trisattamalli
R. Subrahmanya Ghanapathi, P.S. Anantanarayana Shastri. Add. 2, M.V.S. Agraharam,
Kulittalai, Trichi Dist. (T.N). Spl.Ref.
Kṛṣṇayajurveda.
Gopalakrishnan, P.O. M.A.. b. 15.12.1933,
Venkapalli. P.G. Assistant. Add. G.H.S. School
Pandalur, Neelgiri, Malappuram – 643233.
(Kerala). Spl.Ref. Sāhitya.
Gopalan, Krishnayyar. b. 15.07.1953, Madurai,
T.N. Vedic Exponent. Gp. Ramasvami Sharma.
Add. Shri Govind Raja Swami Devasthan,
Tirupati (A.P.). Spl.Ref. Kṛṣṇayajurveda.

