
Teacher (Deptt. fo Phalita Jyautisha). Add.
Kendriya Skt. Vidyapeetha, Tirupati – 517501
(A.P). Spl. Ref. Jyotiṣa, Sāhitya.
Bhatt, Manjunath K.S. Vedavidvaduttamā. b.
02.06.1962, Kigg, Sringeri, KT. Ved Teacher.
Gp. Krishnamurti Bhatt. Add. Kigg, R.S. Pura,
Shringeri, Chikmagalur (KT). Spl. Ref. Veda.
Bhatt, Manjunath. M.A. b. 24.05.1950, Goka,
Mysore. Principal. Add. Ajager, Goka, Mysore
(KT). Spl. Ref. Advaitavedānta.
Bhatt, Mausumi. M.A., B.Ed. b.15.08.1968,
Dhubri, R.K. Mission Road, P.O. Khalilpur,
Assam. Asst.Prof. B.N. College Dhubri. Gp.
Dr. Shrutidhara Chakravarty. Add. Dhubri,
R.K. Mission Road, P.O. Khalilpur, Assam.
Bhatt, Muggeri Manjunath. SāhityaVidvān,
M.A. (Skt). b. 06.09.1916, Muggeri, Udupi,
KT. Rtd. Asst. Prof. (Sanskrit). Gp. Goda Varma,
A.V. Ramsvami Shastri. Bks. 02. Viraktivīthikā,
Bhaktivīthikā. Add. Vyasacar Compound,
Dongarkeri, Mangalore – 575003 (KT). Spl.
Ref. Ṛgveda, Advaitavedānta, Sāhitya.
Bhatt, Mukundram. Acharya (Navya-Vyākaraṇa,
Sāhitya). b. 18.11.1939. Language Teacher.
Add. B048, Vishwas Park, Uttam Nagar, New
Delhi – 110059. Spl. Ref. Sāhitya, NavyaVyākaraṇa.
Bhatt, Narasimhamurti Shastri. M.A. b.
25.12.1937, Chikkamagalur, KT. Teacher
(Sāhitya, Pūrvamīmāṃsā). Gp. B. Ramabhatt,
Sitaram Shastri. Add. S.S. College, Shringeri–
577139 (KT). Spl. Ref. Sāhitya.
Bhatt, Narayan. Acharya in Sāhitya. b.
16.06.1924, Mugu, Kasargode, Kerala. Bks.
02. Madhura-vāṇī, Udayanapatrikā. Add.
Thandamul Mugukasargode (Kerala). Spl. Ref.
Sāhitya.
Bhatt, Narayan. Vidvān, Sāhityaśiromaṇi. b.
20.03.1924, Bholeyar, Nirchal, Kasargode,
Kerala. Gp. Narayan Shastri, Venkatakrishna
Sharma. Add. Masyepar House, Bela, Kumbala,
Kasargode – 670321 (Kerala). Spl. Ref. Sāhitya.
Bhatt, Naresh V. M.A., Ph.D.. b. 01.07.1936,
Valsad, Gujarat. Gp. Dr. D.P. Patel,

25

Dr. Kapadiya. Add. Advait, 7, Balaji
Nanaparsivada. Valsad – 396001 (GJ). Spl.
Ref. Purāṇetihāsa.
Bhatt, Omprakash. Acharya in Sāhitya. b.
25.05.1949, Khastalpatti Khasa, Tihri Garhwal,
U.P. Gp. Buddhivallabhacharya, Sri Trilokadhara Dwivedi, Gyanchandra Shastri, Haridatt
Shastri. Add. Bhatt bhawan, Bhupatawala,
Haridwar – 248410, (U.P.). Spl. Ref. Sāhitya.
Bhatt, Padmanabha H.A. Vedānta śiromaṇi,
Sāhitya, Research (Dvaitavedānta-śākhā),
Kannada Vidvān, Hindi Ratna, Music Higher
Grade, B.Ed. b. 26.04.1920, Udupi, Alevur,
Karnataka. Rtd. Teacher, Viveka Padavi
Purvasala, Karnataka. Gp. Pt. Narayanacharya,
Sirur Swami. Add. Near Vivek Praudha Shala,
Parampally, Saligram, Kannada – 576225 (KT).
Spl. Ref. Sanskrit Sāhitya, Vedāntaśāstra.
Bhatt, Parameshvar I. śiromaṇi in Sāhitya,
āyurveda. b. 01.12.1935, Indugulli, Kasaragode, Kerala. Add. Kala House, Post Muleria,
Kasaragode (Kerala). Spl. Ref. Sāhitya,
Āyurveda.
Bhatt, Ramakrishna V. M.A. (Nyāya, Advaita
Vedānta), Ph.D. b. 25.05.1948. Kerala. Prof.
Ps. 73. Add. Dheemahi, Neeleswaram, P.O.
Kalady, Kerala. Ph. 0484 – 2464773. Spl.Ref.–
OMC Narayanan Nambuthiripad Memorial
Deviprasadam Award, (2007), Sreekaliyath
Parameswara Bharathi Swami Memorial
Award, (2008).
Bhatt, Ramchandra. b. 1891. Principal. Govt.
Skt. School, Alwar. Gp. Pt. Madan Sharma,
Pt. Maithil Chandradatt Ojha, Pt. Shri Ramdev
Sharma, Vishudhanand Sharma, Madangopal
Sharma, Pt. Pyarelal Sharma, Shri Ghanshyam
Datt. Bks. 01. Ātmadarśanam. Exp. 24.02.1963.
Bhatt, Savita. D. Phil. b. 01.07.1958. Mussoorie.
Asct. Prof., Bks. 02. Vālmīkī ke Vana aur Vṛkṣa.
Rāmāyaṇa Navanītam. Add. 82/6, Block II,
Arya Nagar, Dehradun. Pin. 248001. Ph.
749689.
Bhatt, Shivram Shambhu. Vidvān Upadhi
(Sāmaveda, Śrauta, Tāṇ©yamahābrāhmaṇa).

