36



a special tool called ‘Vyasa’ to digitize the
ancient heritage Sanskrit manuscripts, Two
important projects conceptualized by the
organization namely the first ever Digital
Mobile Lab for Sanskrit manuscripts located

across India and secondly, pioneering effort
of bringing out Encyclopaedia for the
Mahabharata encompassing all Indian texts.
Maharshi Badrayan Samman by President of
India.

C
Chabbra, Bahadur Chand. Ex-Joint Secretary
Bharatiya Puratattva Vibhag. Bks. 01.
Puṣpahāsaḥ.
Chakraborty, Anant Kumar. Shastri. b.
24.03.1910, Ratiyar Para. Assam. Add. Vill.
& P.O. Sal Ganga. Tehsil Kachar (Assam).
Spl.Ref. Āyurveda.
Chakraborty, Anantacharya. Acharya in
Sāhitya. b. 02.07.1916, Bangalore, KT. Rtd.
Lecturer. Add. 110, 8-B. Main, 4th Block, West
Jayanagar, Bangalore, KT. Spl.Ref. Sāhitya
& Veda.
Chakraborty, Chandan Kumar. B.A. (Hons.),
M.A., LLB, Ph.D. b. 12.02.1953, Reader, Deptt
of Skt. Tripura Univ. Bks. 1 Ps. 10. Add.
Suryamaninagar, Agartala West Tripura
799130. Spl.Ref. Member AIFUCTO Sect.
Tripura Rajye Ved Vidya Prasar Samiti.
Chakraborty, Dhyanesh Narayan. Shastri, M.A.,
Ph.D., D.Litt. b. 18.10.1930, Khitapachar,
Rishidham, Chittagong, Bangladesh. Asst. Prof.
& Head, Deptt. Skt., Rabindra Bharati. Gp.
Shri Satakadi Mukhopadhyay, Dr. Gaurinath
Shastri, M.M. Yogendranath Tarkatirth, Dr.
JivaNyāyatirth, M.M. Chintamani Acharya,
Pattabhirama Shastri. Bks. 40. Vārtāgṛham
(Rabīndrakṛta £ākagharasyānuvādaḥ) etc. Add.
Rishidham, Dattapukur, 24 Parganas, W.B.
Spl.Ref. Sāhitya. President Awardee.
Chakraborty, Didhiti Biswas. M.A., Ph.D. b.
29.09.1955. Kolkata. Bks. 01. Add. 23,
Ibrahimpur Road, Kolkata – 700032. Ph. (033)
4124418. Spl.Ref. Vedānta.
Chakraborty, Durga Sankar. B.A. (Hons.) M.A.
b. 17.04.1963. Kolkata. Asct. Prof., R.K. Mission
Vidyamandir, Hawrah. Bks. 02 Mañju Bhāṣiṇī
(for Class 7th ), Mañju Bhāṣiṇī (for Class 8th).

Add. Bireshpally, P.O. Madhyamgram, Kolkatta
700129, W.B. Ph. 033-25625787, M.
09830492815. durga.chakraborty22@ gmail.
com
Chakraborty, Dwijendra. Acharya. b.
25.03.1908, Hatawara, Assam. Gp. Atulkumar
Panchatirtha. Add. Vill. Ruyat. Dhanawari,
Assam – 783337. Spl.Ref. Sāhitya.
Chakraborty, Haranchandra. Gp. Kaviraj
Gangadhar. Bks. 01. Suśrutārtha Saṃdīpanam
(Comm. on Suśrutasaṃhitā). Expired in 1935.
Spl.Ref. Sāhitya.
Chakraborty, Hari Prasad. Kāvya Ratna, Vidya
Vinod. b. 1916, Golpasha, Chandagram, W.B.
Add. Barapatari, Balonia, Via-South Tripura.
Spl.Ref. Vyākaraṇa Śāstra.
Chakraborty, Haripad. Tirtha (Kāvya,
Vyākaraṇa, Smṛti, Purāṇa). b. 12.02.1948,
Midnapur, W.B. Prof. Gp. Yogindranath
TarkAlaṅkāra. Add. Padhna Bazar, Midnapur,
W.B. Spl.Ref. Sāhitya Śāstra, Vyākaraṇa Śāstra,
Dharma Śāstra, Purāṇa Śāstra.
Chakraborty, Himanshu. M.A., Ph.D. Asct. Prof.
& Head. Add. Deptt. of Sanskrit, jadavpur
Univ. Calcutta, W.B. Spl.Ref. Vedānta Śāstra,
Veda.
Chakraborty, Hirak Kanti. M.Sc., M.Lib., NET,
Ph.D. b. 20.09.1964, Varanasi, Reader Deptt.
of Lib. & Information Science, Sampooranand
Skt. V.V. Varanasi. Ps. 22. Add. 15, New
Teachers Colony, Sampooranand Skt. V.V.,
Varanasi - 221002. Ph. 05422208588, M.
09450871391. hirakchakro@rediffmail.com
Chakraborty, Kali Shankar. Vyākaraṇa Tīrtha.
b. 20.12.1936, Midnapur, W.B. Principal. Add.
Vill. Tabutatapur, Midnapore (W.B.). Spl.Ref.
Vyākaraṇa.

