80



Gaud, Vishanlal. M.A., Ph.D. b. 03.01.1936,
Lachhampur. Principal Gp. Haradatta Shukla,
Vednand Jha, Vijayprakash Sharma. Add.
Atarra P.G. College, Atarra, Dist. Banda U.P.
Spl.Ref. Vyākaraṇa Śāstra.
Gaud.
Bhagawantdatta.
Acharya
in
NavyaVyākaraṇa, Sāhityashastri, M.A. b.
08.03.1912, Rangpur, Bulandshahar, U.P. Gp.
Badaridatta Mishra, Kuberdatta Shastri,
Paramananda, Shivaratna Shastri. Add. Gadh
Road, Kothi No. 44/2, Jadugiri ka Bagh, Meerut
(U.P). Spl.Ref. Vyākaraṇa
Gaur, Lalit Kumar. Acharya in Sāhitya, M.A.
(Skt., Hindi), Ph.D. b. 01.01.1962.
Bulandshehar, Asct. Prof. Skt. Pali & Prakrit
Deptt. Kurukshetra Univ. Gp. Acharya Prabhu
Dutt Swami, Dr. Ganesh Dutt Sharma, Dr.
Vishnu Dutt Sharma, Dr. Ram Kishore Sharma.
Bks. 02. Mahākavibhāsa dvārā Praṇīta Pratimānātakam kā Sāhityika Adhyayana. Ps. 30. Add.
777/8 Pratap Colony Railway Road
Kurukshetra - 136118, Haryana. Ph.
01744292632, M. 09355271482. Spl.Ref.
Award of Honour Radhakrishanan Educational
Society Sahabad Kurukshetra, Honoured in
the Yuva Kavi Sammelan Harayana Skt.
Academy, Panchkula.
Gautam, Jayadevdutt. M.A., Siksashastri. b.
04.07.1943. Teacher (PGT). Commercial
Senior Secondary School, 24, Darya Ganj,
New Delhi. Add. 25/70, G-15 Vishwas Nagar,
Shahadara, Delhi – 110034. Spl.Ref. Sāhityam.
Gautam, Monika Pareek. M.A. b. 23.04.1982.
Asstt. Prof. Deptt. of Education, U.K. Skt.
Univ. Haridwar. Add Uttarakhand Skt. Univ.
Skt. Bhawan, Haridwar - 249407. Ph. 01334213408, M. 09868022279, monikascert@
gmail.com
Gautam, Nand Kishore. M.A. Ph.D. Acharya
(Sāhitya, āyurveda). b. 06.01.1936. Vill. Shivar.
Distt. Sawai Madhopur (RJ). Principal. Bks.
05. Ghurmeśantu Śivālaye, Ghuśmeśvara
padyakathā, Pratiśruti, Yautukanartanam,
Saṃskṛta Nibandha Pārijāta. Spl.Ref..
‘Maharana Kumbha’ mewar foundation

Udaipur. Has done Kāvyapath in many Sanskrit
kavi sammelans as a poet. Broadcasted his
many speeches, Poems, Stories etc. wrote many
articles in ‘swarmangala, Bhatri’ etc. Sanskrit
Magzines.
Gautam, Sudesh. Acharya, M.A., M.Phil., Ph.D.
b. 22.08.1959. Palampur. H.P. Principal
Himachal Adarsh Skt. College. Bks. 01. Ps.
10. Add. Principal HAS College Chirgawon.
Shimla - 171214. H.P. Ph. 01781220113, M.
09418499709. Spl.Ref. Writer in Hindi Skt,
Yoga & Veda, National Lagu Katha Puraskar
2003,07,10. Indic Award Narayan Sewa
Sansthan Udaipur.
Gautam. M.A. Ph.D. b. 04.08.1936.
Ahamedabad. Bks. 120. Ādi Śaṅkarācārya,
Chāndogyopaniṣddīpikā, Kumārasaṃbhavam
of Kālidāsa, Vaidika Sāhitya aura Saṃskṛti,
Ṛk – Sūkta – Mañjūṣā. Ps. 60. Add. Valam.
L-111. Swatantrta Senani Nagar. Nava Wadaj.
Ahmedabad – 380013. Ph. (079) 27621610.
Gavani, Dinkar Bhai Botadakar Harji Bhai.
Ph.D. b. 16.10.1966. Prof. Arts & Commerce
College, Botad, Bhavnagar. Ps. 02. Add.
Bahubali Society, Block No. 52, Narayan Nagar2 Botad, Distt. Bhav Nagar. Spl.Ref. Vedānta
Śāstra.
Gavint, Jaisingh Bhai Manchu Bhai. Ph.D.
b. 01.06.1968. Prof. Sardar Vallabh Bhai Patel
Arts College, Rilif Road, Ahemdabad. Add.
855, Janta Nagar Chand Kheda, Gandhi Nagar.
Spl.Ref. Vedānta Śāstra.
Gavint, Pali Ben Lahnu Bhai. Ph.D.
b.01.06.1967. Prof. Govt. Vinyan College Sector
15, GandhiNagar. Add. Tenament No. 8, AType, HariNagar Society, GandhiNagar.
Spl.Ref. Vedānta Śāstra.
Gavit, Ramji Bhai Jetia Bhai. Ph.D.
b.04.11.1965. Prof. Smt. P.R. Patel Arts College
Palasar Distt. Patan. Ps. 04. Add. Vill. Post
Palasar Tehsil Chanasma Distt. Patan. Spl.Ref.
Vedānta Śāstra.
Gayawal, Lala Shankar. M.A. M.Phil. Ph.D.
b. 02.01.1971. Deoghar (Jharkhand). HOD.

