336



Upadhyay, Baladev. M.A., Acharya in Sāhitya.
b. 10.10.1899. Sonarvasa, Baliya, U.P..
President, U.P. Sanskrit Sansthan, Varanasi.
Bks. 28. Bhārtīya Darśan, Saṃskrit Sāhitya
kā Itīhās, Vaīdic Sāhitya kā Itīhās, Bodha
Darśan Mīmāmsā, Bhāratīya Vāṅmaya me
Śrīrādhā. Spl.Ref. Great Scholar, critics and
writer of Sanskrit. Recipient of Padmabhushan
(1983), Vishvabharti Puruskar, Manglaprasad
Puruskar and Dalmiya Puruskar.
Upadhyay, Banshidhar Nandu Prasad. Ph.D.
b. 27.11.1947. Prof. K.C. Seth Arts College
Beerpur Distt. Kheda. Ps. 02. Add. 11, Nand
nandan Maharshi Arvind Society Lunawada
Distt. Panchmahal. Spl.Ref. Alaṅkāra Śāstra.
Upadhyay, Bhagvat Sharan. M.A., Ph.D. b.
1910, Vill. Ujayas, Baliya, U.P. Visiting Prof.
Vikram Univ. Ujjain, M.P. Bks. 115. India in
Kālidāsa, Kālidāsaṃ Namāmi (Śabdcitra),
Hindī Viśva kośa (ed.), The Asiad World,
Purātatva kā Ramāṃsa. Spl.Ref. He was Visiting
Prof. in other countries. He visited America,
Canada, England, Denmark, Holland for
cultural study.
Upadhyay, Brahaspati. Acharya in Vyākaraṇa.
b. 12.10.1916, Batiyamari, Sonitapur, Assam.
Gp. Bipinachandra Goswami. Ps. 01. Add.
Bhringeri, Dist. Sonitpur, Assam. Spl.Ref.
Vyākaraṇa.
Upadhyay, Chandra Mauli. Acharya, Jyotiṣa
Chakravarti. b. 01.11.1955, Varanasi. Prof.,
Dept. of Jyotiṣa, Faculty of SVDV, BHU.
Gp.Prof. Rajmohan Upadhayaya. Sp.Dr.
Jagdamba Prasad Tripathi etc. Bks.10.
Golavimarśa, Muhurtamañjarī, Praśnavimarśa,
Sāmudrika Jyotiṣa, Siddhānta Jyotiṣa. Add.B30/1,N.G. Anjenaya Niketan, Gangabagh
Colony, Lanka, Varanasi-221005. Ph.05422368111. Email cmupadhyay@sify.com
Spl.Ref. Jyotiṣa, Honored by the Title Jyotisa
Martand, Jyotisaratna, Jyotisahansa, Jyotisa
Srimoni, Kashiratna.
Upadhyay, Chandradhar. b. 1897. Rahtas,
Bihar. Gp. Pt. Shivbalak Shukla. Expired in.

1970. Spl.Ref. Vyākaraṇa, Jyotiṣa, Karmkanda,
DharmaŚāstra.
Upadhyay, Durga Datt. Acharya in Sāhitya.
b. 01.01.1936, Vindhyachal, Mirzapur, U.P.
H.O.D. of Sāhitya Dept., Shri Sanatan Bhairava
Shankara Brahma Samyutka Mahavidyalaya,
Bariyaghat, Mirzapur. Gp. Ramaprasad Mishra,
Sarayuprasad Upadhyaya, Kanhaiyalal Pandey.
Bks. 01. Aṣ-aśa-akam. Add. Shri Sanatan
Bhairava Shankara Brahma Samyutka
Mahavidyalaya, Bariyaghat, Mirzapur, U.P.
Spl.Ref. Sāhitya.
Upadhyay, Ganga Ram. Vyākaraṇa Shastri.
b. 15.10.1940, Sonitipur, Assam. Rtd. Teacher.
Gp. Vipinachandra Goswami, Brhaspati
Upadhyaya. Ps. 01. Add. Shri Laxminarayan
Sanskrit Pathasala, Singiri, Sonitapur, Assam.
Spl.Ref. Vyākaraṇa.
Upadhyay, Hari Krishna. M.A., Ph.D. b.
08.04.1951, Agra. Asct. Prof. & Head,
R.B.S.College, Agra. Ps. 02. Add. “Krishnachandrayana” 6/3, L – I, Shastri Nagar,
Khandari, Agra – 282002. Ph. 0562 - 321856.
Spl.Ref. Veda and Darśana.
Upadhyay, Hridyanand. Acharya. b. 04.06.1956,
Bhagalpur Bihar. Teacher. Add. Shri Hanumat
Sanskrit College, Hanuman Garhi, Nirvani
Akhara, Ayodhya, Faizabad U.P. Spl.Ref. Navya
Vyākaraṇa Śāstra, Vedānta Śāstra.
Upadhyay, Indu Prakash. Acharya. b. 1925,
Nepal. Rtd. Principal. Shri Badrinath Veda
Vedang Skt. College, Joshimath, U.K. Sp. Prof.
D. P. Tripathi, Dr. Ashok Thapliyal. Bks. 05.
Add. Dasnam Sanyas Ashram, Bhoopatwala,
Haridwar, U.K. Spl.Ref. An extraordinary
scholar in Vyākaraṇa Mīmāṃsā, Darśana &
Sāhitya. Recipient of Rajyapal Award.
Upadhyay, Janakaray. Shastri. b. 12.02.1953,
Naredi, Gujarat. Teacher (Veda). Gp.
Laxmishvar
Jha,
Narayana
Shastri,
Manoharalal Dwivedi. Add. 1. Veda Bhawan
Vidyalaya, Dwaraka. 2. 56 C.D. Veda Shala,
Dwaraka, Dist. Jam Nagar , Gujarat. Spl.Ref.
Veda.

