26



b. 02.10.1928. Hosakulli, KT. Adhyapak and
Adhyaksha, RBSS Mahapathshala, Bhaskari.
Bks. 04. Drāhyāyaṇasūtra, Trikālasandhyāvandana. Spl.Ref. Veda, Besides National &
International Conferences, he participated
in the T.T.D Voice Recording Project on the
Samavedasamhita, Uha-rahasyanta Prakriti
and Vikriti, President Awardee.
Bhatt, Vasantkumarm. M.A., Ph.D., Dip. in
Linguistics. b. 21.02.1953. Ahmedabad
Director, School of Languages. Prof. & Head
of the Skt. Dept. Gujarat University,
Ahmedabad – 380009. Gp. Pt. Balkrishna
Pancholi ji. Sp. Dr. Kalindi Pathak. Bks. 36.
Saṃskṛta
Vākyasaṃracanā,
Pāṇinīya
Vyākaraṇa Vimarśa, Pāṇinīya Vyākaraṇa Artha,
Tantra aura Sambhāṣaṇa Sandarbha,
Saṃskṛta-pāṇdulipīyān aura Samīkṣita Pā-hasampādanavijñāna. Ps. 150. Add. A-2, Surbhi
Apt., Subhash Society, Vijay Cross Road (East).,
Ahmedabad – 380009. Ph. (079) 2640 6508.
09427700064. Spl.Ref. expertisation on Indian
Linguistic & Natural Language Processing.
Bhatta, Ganapati P. Traditional Degree. b.
26.08.1949, Polali, Karnataka, Asst. Prof. S.S.
College. Shringeri. Gp. M.S. Rama Bhatta.
Add. S/o Shri P.L. Vasudeva Bhatta, Bandwal,
Polali, South Kannad (KT). Spl. Ref. Veda.
Bhatta, Ganapati. Kāvyacūdāmaṇi, M.A.,
Navyanyāya Vidvat. b. 04.07.1960. Teacher.
Add. Shri Vanamali Ramadeva Skt. Pathsala,
Malamaddi, Dharwar–480001 (KT). Spl. Ref.
Kāvya, Nyāya.
Bhatta, Ghanashyam Shastri. Acharya in
Sāhitya. b. 25.05.1935, Bhawanikhal, Almora.
Principal. Gp. Muralidhara Avasthi, Pt.
Anantadev Tripathi, Acharya Sudarsana. Add.
Shri Baijnath Skt. Mahavidyalaya, Moradabad
(U.P.). Spl. Ref. Sāhitya.
Bhatta, Gopalkrishna Narayana. M.A., Ph.D..
b. 21.01.1952, Harimar, Sidhapur Taluk, North
Kannada, KT, Gp. Prof. R.N. Shastri, V.V. Tantri,
Prof. V.H. Shridhara. Vice-Principal & Asct.
Prof. Add. Canara Union College, Mangalore–
575003 (KT). Spl. Ref. Advaita Vedanta,
Ṛgveda & Sāhityaśāstra.

Bhatta, Gopalkrishna U. Āyruveda-śiromaṇi.
M.A.. b. 05.06.1937, Ubana Vela, Kasaragode,
Kerala. Add. Nirchal, Kasaragode, Kerala –
670321. Spl. Ref. Āurveda.
Bhatta, Isvara P. Skt.Vidvān. b. 17.04.1937.
Poudal, Kasargode, Kerala. Add. Reddi Gulli
House, Kumbala, Kasargode (Kerala). Spl.
Ref. Sāhitya.
Bhatta, K. Narayana. Acharya, M.A., Ph.D.,
Shastra Proudhi. b. 05.02.1959. Salkod, Dist.
Karwar. KT. Asct. Prof. Skt., University of
Mysore. Manasagangotri, Mysore – 570006.
Bks. 03. Yāskaniruktam, Trayī, Ṛtusṃhāra.
Ps. 08. Add. R-12, 4th Cross, University Quarters,
Manasa Gangotri, Mysore – 570006.
Bhatta, Kakunje Krishna. śiromaṇi in Mīmāṃsā
Visharad. b. 01.04.1916, Kasargode, Kakunje,
Kerala. Rtd. Prof. Maharaja Sanskrit College,
Nirachal, KT. Gp. V. Vishnu Bhatta, S.
Venkatappa Sharma, Balasubrahmanya Shastri.
Bks. 03. Kautilya Arthaśastra, Svarṇa Koṣaḥ,
Vyākaraṇa-vṛttih. Add. Kakunje, Kasargode
(Kerala). Spl. Ref. Mīmāṃsā, AdvaitaVedānta.
Bhatta, Kemalinga. Sāhityaśiromaṇi. b.
05.02.1921, Kulamarawa, Kasaragode, Kerala.
Gp. Narayan Bhatta, Krishna Bhatta. Add.
Harihara Nilayam, Palkanar, Kauntikana,
Kasaragode (Kerala). Spl. Ref. Sāhitya.
Bhatta, Keshav K. Śiromaṇi, KannadaVidvān,
M.Sc.. b. 10.10.1918, Kilingar, Kasaragode,
Kerala. Rtd. Asst. Prof.. Gp. D. Narayan Bhatt,
Subraya Bhatt, U. Vishnu Bhatt. Add. Kilingar,
Shrisadan, Nirchala mantralay, Kumbala,
Kasaragode – 670321 (Kerala). Spl. Ref.
Sāhitya, KannadaSāhitya.
Bhatta, Khandige Shyam. M.A., Sāhitya Vidvat,
Sāhitya Śiromaṇi. b. 20.09.1919, Khandige,
South Kannad, Karnataka. Rtd. Principal,
Maharaja Sanskrit College, Perdala, KT. Gp.
P. Shankar Shastri, U. Krishna Bhatta, V.S.
Kuppusvami Shasti, Dr. K. Raghavan, K. Vyas
Rai Shastri. Add. Nirchal, Kumbala, Kasaragode
(Kerala). Spl. Ref. Advait Vedānta, Sāhitya,
Vyākaraṇa.

