
Tripathi, Devendra Prasad. Acharya in
Vyākaraṇa. b.10.07.1952, Manka, Bargarh,
Banda, U.P. Asst. H.O.D. Ps. 02. Add. Shri
Dharmagyanopadesh Sanskrit Maha-vidyalaya,
Mahamana Malviya Nagar, Allahabad (U.P.).
Spl.Ref. Vyākaraṇa.
Tripathi, Dhruv Mitra. M.A., Ph.D.
b.16.11.1950, Banda, U.P. Asst. Prof. Gp.
Muralidhara Mishra, Bhupendrapati Tripathi.
Ps. 04. Add. Shri Bhagwandas Sanskrit
Mahavidyalaya, Haridwar. Spl.Ref. Vyākaraṇa.
Tripathi, Dhruv Narayan. Acharya in Veda.
b.13.01.1956, Motihari, Bihar. Veda-Teacher.
Gp. Gopalachandra Mishra, Dr. Vindheshwariprasada Tripathi. Add. Rajakiy Sanskrit High
School, Bhistipara, Dhanabad (Bihar). Spl.Ref.
Veda.
Tripathi, Dineshwar Nath. Vidyabhaskara.
Sāhitya-Alaṅkāra, Sāhityaratna, M.A. (Hindi,
Skt.). b.10.12.1930. Ps. 02. Add. Near Flood
Office, Opp. Shantivan, Dariya Ganj, New
Delhi – 110002.
Tripathi, Diparaj Mani. M.A., B.Ed.
b.09.12.1934. Asst. Prof. Ps. 05. Add. R/200,
Vani Vihar, Professors Colony, Uttam Nagar,
New Delhi – 110059.
Tripathi, Dwarikadhish. Acharya in Sāhitya,
M.A., Ph.D. b.05.12.1949, Jaunpur, U.P. Asst.
Prof. Gp. Rajakishor Shastri, Pt. Rajnarayan
Shastri. Ps. 03. Add. Rajakiya Inter College
Jaurasi. Pithauragarh (U.P.). Spl.Ref. Rastrabhasharatna .
Tripathi, Ganesh Prasad. Acharya (Sāhitya,
Jyotiṣa), Ph.D. b.01.08.1954, Dayandhipur,
Jamuni, Ganjam, Orissa. Principal, Ramadhin
Sanskrit College, Brahmapur, Ganjam, Orissa.
Bks. 03. Rāyayatirājācārya Racita Saṃskṛtanā-akasya Samīkṣātmakam Sampādanam,
Sāmavedīyakarmakāṇ©apa-ddhatiḥ, Viśvaśāntimahāyajñapaddhatiḥ. Ps. 10. Add.
Ramahari Nagar, II Lane, Brahmapur-1, Orissa.
Spl.Ref. Syndicate Member of Shrijagannatha
Sanskrit University, Puri.
Tripathi, Gaya Charan. M.A., Ph.D., D.Litt.

321

Prof. & Rtd. Principal, Ganganath Jha Sanskrit
Vidyapeeth, Allahabad. Bks.01. Vaidika
Devatā–Udbhava aur Vikāsa. Spl.Ref. Research
in German Language. Purāṇa,Veda,
Manuscriptology and Sāhitya. Gold Medal.
Visiting Prof. of Berlin, German and British
Columbia University, Canada. Received MM
Upadhi from Hindi Sahitya Sammelan Prayag,
UP Skt. Academy, Bihar Skt. Academy and
Delhi Skt. Academy Awards, At Present he
is join to IIAS, Shimla. President Awardee.
Tripathi, Gaya Prasad. Śāṅkara Vedānta
Acharya. M.A., M.Ed. b.02.01.1929, Rewa,
(M.P.). Principal, Government Sanskrit Higher
School, Vidisha. Gp. Chintamani Malaviya,
Tejbali Dubey, Ram Mishra Chaturvedi. Ps.
05. Add. 61, Sherpura, Vidisha (M.P.). Spl.Ref.
Śāṅkara Vedānta.
Tripathi, Girija Datt. Acharya in Vyākaraṇa,
M.A., Ph.D. b.13.10.1952, Jagadishpur, Gonda,
U.P. Asct.Prof. Gp. Dr. Adyaprasad Mishra,
Pt. Vaidyanatha Dwivedi, Pt. Ramanuja Ojha.
Bks. 01. Dharmakītrikṛta-rūpāvatārasya
Samīkṣātmakam-adhyayanam. Add. Shri
Dwarikadhish Sanskrit Akademi and
Indological Research Institute, Dwarika,
Jamnagar (GJ). Spl.Ref. Vyākaraṇa.
Tripathi, Girish Chandra. Acharya in
Vyākaraṇa, M.A., Ph.D. b. 08.01.1952. Gopal
Ganj. Editor, Dubhadhari Vachanamrita
Patrika. Gp. Saligrama Mishra, Pt. Kantakanta
Shukla. Add. Shri Dubhadhari Barphani
Ashram, Bhupatawal, Haridwar. Spl.Ref.
Vyākaraṇa.
Tripathi, Gokul Prasad. M.A., Acharya in
Sāhitya, Ph.D. Prof. Maharaj Chhatrasal
College Chhatarpur M.P. Bks. 03. Śrī Harṣa
ke
Rūpaka,
Gokulagītañjalī,
Saṃskṛtasubodhinī.
Tripathi, Gokul Prasad. Vyākaraṇa charya.
b.10.10.1944, Badach, M.P. H.O.D. of
Vyākaraṇa. Gp. Bhupati Tripathi, Ram Gopal,
Umapati. Ps. 03. Add. Government Venkat
Sanskrit Mahavidyalaya, Rewa (M.P.). Spl.Ref.
Vyākaraṇa.

