
Pandey, Radheshyam. b. 17.01.1940. Teacher,
Govt. Higher Secondary Girls School, Netaji
Nagar, New Delhi. Ps. 01. Add. C-4/G, Janak
Puri, New Delhi – 110058. Spl.Ref.. Sāhitya.
Pandey, Radheshyam. Acharya in Dharma
Śāstra, Ph.D. b. 25.08.1931, Siwan, Bihar.
Researcher. Gp Indushekhar Pandey,
Kailashapati Tripathi. Add. D-5319, Lanka,
Varanasi (U.P.). Spl.Ref. DharmaŚāstra & Veda.
Pandey, Raghunath. Acharya, M.A., Ph.D.,
D.Litt. b. 02.06.1939, Nalanda, Bihar. Asst.
Prof., Deptt. Of Buddhist studies, University
of Delhi. Bks. 04. Prācīna-bhāratīyavāṅmaye
svarga-narakavarṇanam, Bhāvavivekakṛtaprajñāpradīpasya Bho-abhāṣātaḥ Sa‚skṛtarūpāntarīkaraṇam, Mādhyamikaśāstram,
Udayanācāryanirākaraṇam. Add. B-20, J-I,
Dilshad Garden, Delhi. Spl.Ref. Bauddha
Darśana, Pali & Tibetan Languages.
Pandey, Raj Narayan. Acharya in navyaVyākaraṇa. b. 08.08.1950, Banda, (U.P.). Asst.
Prof. Gp. Rambhajan Pandey. Ps. 03. Add.
Shri Balaji Sanskrit Vidyalaya, Chitrakut, Banda
(U.P.). Spl.Ref. Navya Vyākaraṇa.
Pandey, Rajbali. M.A., Ph.D., D.Litt. b. 1907,
Deoria. Prof. B.H.U. Bks. 17. Bhāratīya
Lipiśāstra, Aśoka ke Śilālekha, Bhārtīya Nīti
kā Vikāsa, Hindū Saṃskāra, Vikramāditya
Samvāt Pravartaka. Expired on 06.06.1971.
Pandey, Rajendra Prasad. Acharya in Vyākaraṇa
& Karmakāṇ©a. b. 10.12.1953. Add. Shri
Lalbahadur Shastri Kendriya Sanskrit
Vidyapith, Katwaria Sarai, New Delhi-110016.
Spl.Ref. Vyākaraṇa & Karmakāṇ©a.
Pandey, Rajendra Prasad. Acharya, M.A. b.
03.07.1962, Almora, (U.P.). Asst. Prof. Gp.
Durgadatta Kandapal, Shekhar Joshi. Ps. 01.
Add. Govt. Inter College, Nainital (U.P.).
Spl.Ref. Sāhitya.
Pandey, Rajendra Prasad. Acharya. b.
05.02.1957, Pamapur, Faizabad , (U.P.).
Asst.Prof. Ps. 01. Add. Shri Hanumat Sanskrit
Mahavidyapitha, Ayodhya, Faizabad(U.P).
Spl.Ref. Sāhitya.

195

Pandey, Rajendrakumar Jayshankarbhai.
Acharya in Sāhitya, Śuklayajurveda. b.
13.11.1963, Jamnagar, GJ. Asst. Prof. in
Sāhitya. Gp Krishnakashinath Godase, Ramdas
V. Kaundinya. Add. Bhagavata Vidyapith,
Krishna Dham, Sola, Ahmedabad-54 (GJ).
Spl.Ref. Sāhitya & Śuklayajurveda.
Pandey, Ram Badan. Acharya, Ph.D. b.
01.08.1975. Asst. Prof. Shri Ekrasanand Skt.
College Mainpuri U.P. Gp. Prof. Ramyatna
Shukla, Prof. Ram Manohar Mishra. Sp.
Purnendu Mishra, Rambabu Pandey. Ps. 05.
Add.Vill. Korari, Post Rolli, Kalyanpur, Distt.
Chitrakut U.P. dr.rambadanpandey@gmail.
com. Mob. No. 09457680230.
Pandey,
Ram
Bhajan.
Acharya
in
NavyaVyākaraṇa. b. 01.04.1930, Banda, U.P.
Principal. Ps. 05. Add. Sri Janki Sanskrit
Mahavidyalaya, Purāṇai Lanka, Chitrakut,
Satna M.P. Spl.Ref. Vyākaraṇa.
Pandey, Ram Chandra. Acharya in Vyākaraṇa,
M.A., Ph.D. b. 16.07.1931, Varanasi, (U.P.).
Gp Rajanarayan Sharma, Badrinath Shukla.
Ps. 05. Add. 24, Chavalary Lines, University
of Delhi. Delhi – 110007. Spl.Ref. Vyākaraṇa,
Darśana.
Pandey, Ram Kailash. M.A., Ph.D. b. 1939.
Principal. Gurukul Skt. College, Faijpur MH.
Bks. 03. Bhāratam, Mahākaviśatakam,
Hanumadaṣ-akam. Spl.Ref. Honorary D.Litt.
By Vishva Unnayan Sansad, Delhi.
Pandey, Ram Kishor. Acharya in Sāhitya. b.
15.10.1933, Pratapgarh, (U.P.). Asst. Prof.
Gp. Sitaram Shukla, Kamalakant Shukla. Ps.
03. Add. Shri Ramdesika Sanskrit Mahavidyalaya, Daraganj, Allahabad (U.P.). Spl.Ref.
Sāhitya.
Pandey, Ram Lakhan. Acharya in Sāhitya, M.A.,
Ph.D. b. 02.01.1955. Prof. RSKS Lucknow
Campus. Bks. 03. Śākuntalam Dharmavijñānam, Gānāyanī, Sattrahavī Śatābdī ke
Saṃskṛta Mahākāvya. Ps. 26. Add. Rashtriya
Sanskrit Sansthan, Lucknow Campus, Vishal
Khand-4, Gomti Nagar, Lucknow -10 Ph. 0522-

