166



Ps. 02. Add. Vill. Garatola, Via Ghoghardiha,
Madhubani, Bihar. Spl.Ref. Veda, Darśana
Śāstra.
Mishra, Yadu Nath. Gp. Loknath Jha. Bks. 01.
Padavākyaratnākaravyākhyā. Expired in 1928.
Mishra, Yajana Nath. Acharya in Sāhitya &
Vyākaraṇa. b. 01.04.1930, Jamudhari, Madhubani, Bihar. Gp. Krishnsinha Thakkara. Ps.
02. Add. Jamudhari, Itaharupauli, Madhubani,
Bihar. Spl.Ref. Sāhitya & Vyākaraṇa.
Mishra,
Yugal
Kishor.
Acharya
in
Śuklayajurveda, Ph.D. b. 23.07.1953, Varanasi,
U.P.. H.O.D. Veda, Sampurnanand Skt.
University, Varanasi. Gp. Gopalchandra Mishra,
A.M. Ramanatha dixit, Siddheshwar Bhattacharya. Ps. 20. Add. 7, Professor Colony,
Jagatganj, Varanasi, U.P. Spl.Ref. DharmaŚāstra.
Misra, Gopal Chandra. M.A., Ph.D. b.
15.02.1958 Medinipur WB. Prof. Skt. Deptt
Ravindra Bharati Univ. Bks. 01. Add. Skt. Deptt.
Ravindra Bharati Univ. - 700050. M. 0943311
9196. gm.professor@gmail.com.
Mitra, Kamlarani. Kāvyatīrtha, Ph.D.. b.
08.08.1924. Ps. 02. Add. Chittranjan Park,
New Delhi – 110019. Spl.Ref. Sāhitya.
Mitta, Anjaneyalu. Vidvat, M.A. b. 01.06.1948,
Anantpur, A.P.. Asst. Prof. Gp. N.V. Nigamant,
Chandrashekhar Sharma. Ps. 02. Add. Shri
Satya Saibaba National College, Anantpur,
A.P. Spl.Ref. Sāhitya.
Mitta, Sahadevayya Shetti. Sāhityaśiromaṇi.
b.15.08.1957, Pedhajutulam, Dist. Kuddapa,
A.P. Ps. 02. Add. Shri Mittamalleshwarswami
Sanskrit Pathshala, Pulivendula, Kuddapa A.P.
Spl.Ref. Sāhitya.
Mittal, Santosh. M.A., M.Ed., Ph.D. b.
19.07.1956, Soami Bag, Agra. Asst. Prof.,
Jaipur. Bks. 05. Śaikṣika Takanīki evam Kakṣā
Kakṣa Prabandha, Bāla Vikāsa evam Pārivārika
Saṃbandha, Ikkīsa dina me Paryāvaraṇa evam
Paryāvaraṇa Śikṣā, Saṃskṛta Śikṣaṇam, Bhāśā
Śikṣaṇa Navācārāḥ. Add. 7/398. Malviya
Nagar. Jaipur – 302017. Ph. 0141 - 2547334.
09413586550.

Mittal, Surendrapal. M.A., B.Ed. b. 25.12.1942.
Vice Principal, Central School, Andrews Ganj,
Delhi. Ps. 01. Add. 7, Vigyan, Vihar, New Delhi.
Spl.Ref. Sāhitya Śāstra.
Mittala, K., M.A. Asst. Prof., Sanskrit
Department. Ps. 02. Add. Lady Shri Ram
College for Women, Lajpat Nagar, New Delhi–
110024. Spl.Ref. VedāntaDarśana.
Modgil, Surendra kumar. M.A., M.Phil. b.
03.03.1947. Asst. Prof. Gp. Prof. S.P. Ranadev.
Ps. 03. Add. M.G.S.M. Janta College, Kartarpur
Jallandhar, Punjab. Spl.Ref. Darśana Śāstra.
Modgill, Satyaveer. M.A., Siksha Shastri,
Vidyavachaspati. b.05.01.1967 Senior lecturer,
Sri Sanatandharma Birla Skt. Degree College,
Kurukshetra. Bks 03 Janmāṅgaphaldīpikā,
Pañcakālikā Sandhyā Add. Giyong , Kaithal136027 Haryana Ph.01746288455. M.
09896197024 Spl. Ref. Pandulipi Janmpatri
Samrat.
Mohandas, K. M.A. (Skt. Language and
Literature), M.Ed., Ph.D. b. 03.04.1955.
Ernakullam. Rtd. Sr. Lect DIET. Bks. 07.
Madhuram Gayatu, Geetakam Manoharam,
Cricket Mandanmar. Ps. 20. Add. Thulasivanam, Muthalapuram, P.O. Elanji, Ernakulam
Distt. Kerala -686665. Ph. 0485-2257865. M.
09847943865. mumodas@rediffmail.com. Spl.
Ref. Regular Pariticipant in SCERT Workshops
for the preparation of Skt. Texts Books.
Mohanty, Sugyan Kumar. Acharya, B.Ed., Ph.D.
b. 01.02.1968. Ganjam, Orissa. Asst. Prof.,
R.Sk.S., Garli Campus, H.P. Bks. 05. Evalution
in Sanskrit at Secondary Level, Kāvyaprakāśīyasudhā-sāgara-īkā - Śamīkṣā, Kāvyaśāstra, Abhidhāvṛttimātṛkā (Skt. Comm.),
Kāvyatattvālokaḥ. Ps. 33. Add. 270. Gayatri
Vihar, Bagmugaliya, Near Rameshwaram Extn.,
Bhopal, M.P. Ph. 0755 – 2421877, 2422033.
Spl.Ref. Preached Sanskrit All over India since
1980 Directed and Staged 05 Sanskrit Dramas
at National Level & won prizes for the
institution.
Mohanty, Sulok Sundar. M.A., Ph.D. b.
04.12.1953, Sambalpur, Odisha. Asst. Prof.,

