
Jagannathan, K. Śiromaṇi in Nyāya, Vedānta.
b. 22.02.1952, Tandiya Kadu, Tanjavur, T.N.
Gp. V.D. Sampatkumar Varadacharya, V.T.
Lakshminarasimhacharya.
Add.
Shri
Vidyamandir, Salem – 636003 (T.N). Spl.Ref.
Nyāya, Vedānta.
Jagannathan, V. b. 21.01.1913, Thiruppalam,
T.N. Archaka & Vaidik Teacher, Kadal Dvaita
Perumal
Devasthanam,
Ramanathapuram.(T.N.) Gp. Venkatacharya. Add. 1/25,
Perumal Kovil Street, Ramanathapuram (T.N).
Spl.Ref. Kramnta Kṛṣṇa Yajurveda.
Jagatiya, Ketki H. Ph.D. b.08.07.1963. Prof.
Shri Shardapeeth College, Dwarka. Ps. 02.
Add. Kabir Aashram, Near Rameshwar Mandir
Dwarka. Spl.Ref. Alaṅkāra Śāstra.
Jagdish Chandra. M.A., Sastri, M.O.L. b.
19.07.1916, Pathiyar, Khandwa, M.P. Rtd.
Professor. Ps. 03. Add. Pathiyar, Khandwa
(M.P). Spl.Ref. Sāhitya.
Jagdish. Acharya, B.Ed, M.A. b. 22.07.1977
Latur, Maharashtra. Research Scholar
Rashtriya Sanskrit Sansthan, Lucknow Gp.
Dr. Vijaypal, Dr. Shivkumar Chturvedi Sp.
Pranveer Patil Ps .01.Add.4-A, Vishal Khand,
4 Gomti Nagar, Lucknow-226010.
Jagdish. Acharya in Vyākaraṇa, Sāhitya.
Principal. Ps. 03. Add. Dayanand Skt. Vidyalaya,
Dayanand Math, Dina Nagar, Gurudaspur
(Punjab). Spl.Ref. Vyākaraṇa, Sāhitya.
Jaibhagwan. Shastri. Siksha - Shastri, M.A.
(Skt.,Hindi)STET b 01.04.1979. Jind
(Haryana). Lecturer, Sh.Jairam Vidyapeeth.
Kurukshtra. Gp. Dr. Rishi Ram Sharma Sp.
Naresh Sharma(S.R.F.)Ps. 01 Add. V.P.O.
Pandu-Pindara, Jind - 126102 Haryana. Ph.
01744-290431 M. 09802330066.
Jain, Abhay. Acharya in Sāhitya, M.Ed. Principal.
Govt. H.S. M.P. Bks. Jināṣtakāvali Stotra (ed.),
Vīrodaya Mahākāvya Aura Bhagavān Mahāvīra
ke Jīvana Caritra kā samikṣātmaka Addyayana.
Jain, Amar. M.A. B.Ed. Ph.D.. b. 18.08.1945.
Teacher. Add. D.A.-14. F, Hari Nagar,
Ghantaghar Marg, Delhi – 110064.

95

Jain, Anand Kumar. Acharya, M.Phil., Ph.D.
b. 25.08.1982. JRF. RSKS New Delhi. Bks.
01. Ps. 11. Add. RSKS 56-57 Institutional Area,
Janakpuri New Delhi 110058. M. 08287342008. anandjain82@rediffmail.com
Jain, Anekant Kumar. M.A., Acharya in
JainaDarśana, Bauddha Darśana. b. 16.08.
1978, Dalpatpur, Dist. Sagar, M.P. Asst. Prof.,
S.L.B.S.R.S.Vidyapeeth, N.Delhi. Gp – Prof.
Dayanand Bhargava. Bks. 06. Saṃvega
Cū©āmaṇīḥ, Ṣa©darśaneṣu Pramāṇa Prameya
Samuccayaḥ, Satprarūpaṇasāraḥ, Pravacanasāraḥ, Āvaśyaka Niryuktiḥ. Ps. 190. Add. A 93/7 A, Near Jain Mandir, Behind Nanda
Hospital, Chattarpur Extention, New Delhi–
110074. Ph. 9868034740, 9711397716.
Spl.Ref. Prakrat, Jainagam and Tulnatmak
Dharma Darśana.
Jain, Anil Kumar. M.A., Ph.D. Bks. 02. Cintāmaṇī
Traya Samīkṣā, Bapū ke Adarśoṃ ko bāpū
stavana.
Jain, Anita. M.A., Acharya, M.Phil, Ph.D. b
07.10.1969, Bks 1- Vaidika Saṃhitāo me
Mṛtyūparānta Jīvātmā kā svarūpa. Ps 14. Add.
304 Gautam Buddh Niwas, Vanasthali
Vidyapeeth, Tonk - 304022 Raj, Ph.
01438228567, M 9414543680, Emailanitajain.sanskrit@gmail.com
Jain, Anoopchand. Nyāyatīrtha, Hindi Sāhitya
Ratna. b. 1922. Bhanvsangram. Editor.
Rasthanmaholekhar Office. Jaipur. Bks. 03.
Bāhubalī (Khaṇ©akāvyam).
Jain, Ashok Kumar. Acharya (Jain Darśana)
M.A., D.Phil. b. 01-03-1959, Lalit pur. Asct.
Prof. Faculty of SVDV , BHU, Varanasi. GP.
Prof. Jagnnatha Upadhayaya, Prof. Virendra
Kumar Verma, Sp. Dr. Anekant Jain. Bks 16
Ācharyajñānasāgara Mahārāja kā Dārśanika
Vivecana,Jainadarśana me Anekāntavāda: eka
Pariśīlana, Jainadharmamīmāṃsā. Ps 165, Add.
Jain Bauddha Darśana Department, Faculty
of SVDV, BHU, Varanasi-05, Spl Ref. Prākṛta
Apabhraṃśa.
Jain, Ashok. M.A., Ph.D. b. 20.06.1962, Banda,
Sagar M.P. Bks. 03. Sādhanā ke Sūtra, Naitika
Śikṣāvati (2-5 Part), Jinendra Pūjañjali.

