178



Narayanan, E.R. M.A., Ph.D. b. 20.05.1970.
Elavally, Chavakkad Taluk, Thrissur, Kerala.
Asst. Prof. Sri Ranbir Campus, Kot Bhalwal,
Jammu. Gp. Prof. P.C. Vasudevan Elayath
(Tripunitura Tradition), Panditarajan K.
Govindan Nambiar (Madurai Tradition). Bks.
The Bhṛguvamśamahākāvya of Pratāparāja.
Ps. 04. Add. Eppurath Mana, Elavally Post,
Thrissur District, Kerala State – 680511.
Spl.Ref. Making Pectoral Poems as ‘Hobby
Already Tried’ the best on different forty
meters, for making poem.
Narayanan, Vedavalli. Ph.D. b. 10.04.1941.
Chennai. Guest Asst. Prof. L.B.S. N. Delhi.
Ps. 02. Add. C – 136. Sarojini Nagar. N. Delhi–
23. Ph. 011 - 24678196.
Narayanaswami, Rajagopala Ghanapathigal.
Sāhityaśiromaṇi. b. 15.07.1908, Tiruchi, TN.
Ps. 02. Add. Skt. Vidvan, 13 Parthiban Street,
Tambaram, Madras (TN). Spl.Ref. Sāhitya.
Narayandutt, Sharma. M.A. b. 15.11.1935.
Principal, Govt. Secondary School, Vivek Vihar,
New Delhi. Ps. 02. Add. H.No. B-48,
Mansarovar Park, G.T. Road, Shahdara, New
Delhi – 110032.
Narendrakumar. Vedalnkar, M.A. b. 01.01.1959.
Paurohitya (Priest). Add. Gurukul, Burari,
Delhi. Spl.Ref. Veda.
Narendrakumara, Acharya. Acharya. b.
28.02.1907, Chikauraha, Srihatt. Gp.
Dayalakrishna Tarkatirtha, Rameshchandra
Kāvyatirtha. Ps. 02. Add. Koyahar, Palonghat
(Assam). Spl.Ref. Sāhitya.
Naresh, Kumar. B.A., B.Ed. b. 07.05.1977,
Bhiduki (H.R.). Ps. 01. Add. Naresh Kumar
S/o Shri. Tejpal Gautam. V.P.O. Bhiduki. Dist.
Faridabad, HR. Ph. (01275) 72279.
Narmadashankar, Girijashankar Rajagora.
Acharya.. b. 03.11.1957, Sami, Mahesana,
GJ. Asst. Prof. Gp. Ramadas Kaundinya,
Vrajakanta Jha. Ps. 02. Add. Shri Vartantu
Skt. Mahavidyalay, Sola, Ahmedabad (GJ).
Spl.Ref. Sāhitya.
Narsinghacharya, Laxmi V.T. b.15.07.1930.

Add. 35, Srirangasatagopuram, G.S.T. Road,
Madhurantakam, Chengalput Dist. T.N. Spl.Ref.
Veda, Nyāya, Vedānta.
Natarajan, K. b. 16.11.1954, Tiruvarur,
Thanjavur, TN. Skt. Teacher. GP. K.
Balasubrahmanyacharya, Krishnarajapuram
Ramamurti, S.R. Krishnamurti Shastri. Ps.
01. Add. 133, North Car Street, Tiruvaiyaru,
Dist. – 613204. Thanjavur (TN). Spl.Ref.
AdvaitaVedānta, Vyākaraṇa & Mīmāṃsā.
Natarajan, S. M.A., Ph.D. b. 16.05.1941,
Madurai, TN. Asst. Prof. Gp. Dr. G.
Sundaramurti. Ps. 02. Add. Alagappa College,
Karaikudi (T.N.). Spl.Ref. Darśana.
Natarajanani, Sundar Dixitar. śiromaṇi. b.
22.12.1934, Chidambaram, TN. Gp.
Ramabhadra Dixitar. Ps. 02. Add. 60, East
Car Street, Chidambaram (TN). Spl.Ref.
Sāhitya.
Natarajashivan, G.R. b. 1908. Spl.Ref. Śuklayajurveda. Add. Vikrapandi, Tiruvidachari,
Kumbakonam (TN)
Natavaralal, Arunodaya Jani. M.A., Ph.D.,
D.Litt.. b. 20.11.1921. Baroda, GJ. Rtd. Prof.
Head of the Dept. of Skt., M.S. University,
Baroda. GP. Prof. Govinda Lata Haragovinda
Bhatta, Krishnasakharama Bhava, Manisankara
V. Upadhyaya. Bks. A Critical Study of Harṣa
Caritam. Add. Opp. Natyamandir, Gymkhana
Pol, Sultanpura, Baroda (GJ). Spl.Ref. Sāhitya,
Mahamahopadhyaya.
Natavaralal, Shivshankar Yagnik. Vyākaraṇālaṅkāra, M.A.. b. 01.04.1918, Kolabada, GJ.
Rtd. Asst. Prof., V.K. Arts College, GJ. GP.
Vitthalaram Shastri, Dr. S.S. Sharma. Ps. 02.
Add. 13, Ghosha Society, Thalateja Road,
Ahmedabad–54 (GJ). Spl.Ref. Vyākaraṇa.
Natesa, Shastrigal, M.S. Ghananta Taittirīya
Kṛṣṇayajurveda. Age. 71 yrs. Mela-mangalam,
Madurai, TN. Gp. Vaidyanatha Ghanapathi.
Add. Veda Melamangalam, Madurai (TN).
Spl.Ref. Veda.
Nath, Bharat Chandra. M.A., Ph.D. b.
06.11.1952. Dhenkanal (Orrissa). Bks. 04.

