156



25.12.1933, Midnapur. Rtd. Principal
Bholanath Rashtriya Skt. Mahavidyalaya
Nirikshak. Bangiye Skt. Shiksha Parishad. Bks.
04. Devavrata Caritam, Brāhmāṇ©a Purāṇa,
Devī Bhāgavatam, Brahmavaivartapurāṇa. Ps.
50. Add 6 Yadunath Sen Lane, Calcutta, W.B.–
6 Ph. 033 - 3512438. Spl. Ref. President
Awardee, Mahamahopadhyaya, Title of Naya
Ratan, Kavi Ratan, Founder Director Nikhil
Bangh Skt. Seva Samiti.
Mishra, Nandkishor. Acharya in Sāhitya. b.
15.02.1941, Hisamabad, Allahabad, U.P. Asst.
Prof., Gp. Suryanarayan Shukla, Rampal
Tripathi. Ps. 05. Add. Shri Sankirtan
Brahmacharyashram Sanskrit Mahavidyalay,
Jhoosi, Prayag, U.P. Spl.Ref. Sāhitya.
Mishra, Narayan Mathuranath. Acharya in
Vyākaraṇa, Kāvyatīrtha. b. 15.10.1929, Atihara,
Darbhanga, Bihar. Acharya & Inspector. Gp.
Nandalal Jha, Kalikaprasad Shukla, Venkatesh
Dixit. Add. Rajakiya Sanskrit Pathashala,
Jamnagar, GJ. Spl.Ref. Vyākaraṇa, Kāvya.
Recipient of Daksina Examination Prize From
Baroda.
Mishra, Narayandash. Acharya in Sāhitya &
Āyurveda, Vidyashastri. b. 07.01.1927,
Kyotara, Dist. Etawah, U.P. Gp. Banavarilal
Dixit, Rajaram Gadagil. Add. Kadam Sahab
ki Goth, Janak Ganj, Gwalior, M.P. Spl.Ref.
Sāhitya & Āyurveda.
Mishra, Natthulal. Acharya, M.A., Ph.D.. b.
01.04.1947, Bhatapur, M.P. Sr. Teacher. Ps.
01. Add. Govt. Surajamal H. Sec. School,
Bilaspur, Chhattisgarh. Spl.Ref. Sāhitya &
Jyotiṣa.
Mishra, Nilamani. Acharya in Sāhitya. b.
12.04.1929. Ps. 02. Add. A.L./65, Bhima Tangi,
Bhuvane-shwar, Orissa – 751002. Spl.Ref.
Sāhitya.
Mishra, Niranjan. Acharya. M.A., Ph.D. b.
02.01.1966, Brahamarpur, Vihpur, Bhagalpur,
Bihar. Sr. Prof. Haridwar. Gp.Pt. Suryanarayan
Mishra. Dr. Shankar Ji Jha. Bks. 12. Kāvyamālā,
Kāvyakuñjam, Grāmaśatakam, Pramatta

Kāvyam, Kuvalayānanda (with Hindī Tīkā).
Ps. 15. Add. Shri Bhagwan Das Adarsh Skt.
College, Post Gurukul, Kangadi, Haridwar
U.K. Spl. Ref. Honoured from Ministry of HRD
Govt. of India.
Mishra, Niranjan. Acharya in Navya Vyākaraṇa.
b. 01.04.1952, Champatpur, Puri. Orissa. Asst.
Prof. Ps. 05. Add. Punjab Sindh Kshetra Sadhu
Sanskrit Mahavidyalaya, Rishikesh, Uttarakhand. Spl.Ref. Navya Vyākaraṇa.
Mishra, Niriksan Pati. Acharya in Vyākaraṇa.
b. 1907. Tara Naharava, Chapra, Bihar. Rtd.
Asst. Prof., B.H.U. Varanasi. Gp. Kaliprasad
Mishra. Add. B/2/114, Assighat, Varanasi,
U.P.. Spl.Ref. Recipient of Panditraja Award
by Kasi Pandita Parisada.
Mishra, Nirmal. M.A., B.Ed. b. 20.03.1959.
Teacher. Kendriya Vidyalaya, Nai Mehrauli,
New Delhi. Ps. 01. Add. Shri Lal Bahadur
Shastri Rashtriya Sanskrit Vidyapith, New
Delhi – 110016.
Mishra, Nityanand. M.A., Ph.D. b. 03.06.1932,
Mahishi, Saharsa, Bihar. Asst. Prof. Gp. Dr.
Upendra Jha. Add. Kameshwar Singh
Darbhanga Sanskrit University, Darbhanga,
Bihar. Spl.Ref. Veda.
Mishra, Nod Nath. M.A. (Skt., Hindi), Ph.D.
b. 01.09.1944. Madhubani, Bihar. Rtd.
Principal, Vice-Educational-Advisor, Ministry
of HRD, Govt. of India. Bks. 09. Vālmīki aura
Kālidāsa kī Kāvyakalā, Navamālatī, Kavitāvali.
Ps. 50. Add. C-180, Second Floor, Hari Nagar,
Clock Tower, New Delhi – 64. Spl.Ref. Poet,
Ramanyana Poetry telecasted from Akashawani
Patna, Lucknow, Allahabad, Varanasi, Śāstra
Chudamani Scholar, R.Sk.S., President
Awardee.
Mishra, Pankaj K. M.A. Ph.D. b. 01.11.1968.
Chainpur. Saharsa, Bihar. Asst. Prof. & H.O.D.
Govt. P.G. Colllege, Baran, RJ. Bks. 03.
Vaiśeṣika Evam Jainadarśana Tattva Mīmāṃsā,
Tarkasaṅgrahaḥ. Ps. 16. Add. 192. Vidya Vihar,
West Enclave, Pitampura, Delhi. Pin. – 110034.
Ph. 7012409.

