
Goswami, Bharati. M.A., Ph.D. b. 29.01.1962,
No.2 Majgaon P.O. Dhula Distt. Darrang
Assam. Asct. Prof. Guwahati. Bks. 03 Saṃskṛita
Pāthasaṅgrahaḥ, Part – I, II, Saṃskṛita
Vyākaraṇa Jyoti. Add. B-Boroah College
Guwahati-7, Assam.
Goswami, Bornali. M.A., B.Ed. b.01.01.1984,
Guwahati, Research Scholar, Guwahati Univ.
Ps. 01. Add. Gatia Janakpuri Kahilipara, P/
s. Dispur Ghy-19.
Goswami, Chandra Kishor. M.A., Ph.D., Dip.
In French. b. 27.02.1938. Bharatpur (RJ).
Prof. Darśana & Vedic Studies, Vanasthali
Vidyapith. Gp. Sampurnadatta Mishra, Kadi
Pundarika, Krishnchandra Sharma, Gangadhar
Bhatta, Premanidhi Shastri. Bks. 06. Bhāvaśatakam. Pṛthvīrājajayam. Kāvyānjali. Dānavīrakarṇaḥ. Gītānjaliḥ. Add. 33, Aurobindo
Niwas, Vanasthali Vidyapith, Tonk – 304022
(RJ). Spl.Ref. RJ Sanskrit Academy awarded
Ambikadutt Vyas puruskar in 1989 on his
works.
Goswami, Dahyapuri Hathipuri. M.A., Ph.D.
b. 01.06.1965. Patan. Asct. Prof. Muni. Arts
& UBSC College. Mehsana Gujarat. Bks. 10.
Comseption of form and Conventional of Skt.
Stotra Poetry, Ādiśaṅkarācārya : Life and
Works, Divotion and Philosophy in the stotra
of Ādiśaṅkarācārya. Ps. 50. Add. 19 Yogeshwar
Society Part II Nagalpur Highway Mehsana
Gujarat. Ph. 02762253325. M. 09879277075.
dhgoswami65@gmail.com Spl.Ref. Vedānta,
Secretary Anart Skt. Sanskriti Swadhya
Sansthan.
Goswami, Devesvar. M.A., Vedānta, Sāhitya.
b. 12.03.1916, Purvisatra, Nagaon. Add.
Majgaon, Tejpur, Sonitpur (Assam). Spl.Ref.
Vedānta, Sāhitya.
Goswami, Durgadas. Kāvyatīrtha, Sāhitya,
Smṛtitīrtha. Age. 78 yrs. Mahadevapur, W.B.
Gp. Vidhushekhar Shastri, Sitaram Shastri,
Ananta Krishna Shastri. Add. 36, Elias Road,
Agarpara, Kamarhathi, Culcutta – 700058
(W.B.). Spl.Ref. Sāhitya, Vyākaraṇa.

85

Goswami, Gangadhar Dev. Shastri. b. Nowgong,
Assam. Add. Nowgong, Barpeta (Assam).
Spl.Ref. Ved, Vyākaraṇa.
Goswami, Giridhari Lal. M.A., Ph.D. b.
24.08.1919. Social Worker. Add. 25/30, East
Patel Nagar, New Delhi – 110008. Spl.Ref.
Sāhitya.
Goswami, Girish Puri. Acharya in Sāhitya,
Shikshashastri, Yoga Diploma. b. 01.05.1960.
Teacher, Shri Samanta Bhadra Samskrita
Mahavidyalaya, Daryaganj. Delhi. Add. 3,
Raisina Road, New Delhi – 110001. Spl.Ref.
Yoga & Sāhitya.
Goswami, Gokulendra Narayan Deva. M.A.,
D.Phil. b.01.04.1968 Dwiparsatra Nalbari
Assam. Asst.Prof. HOD Mīmāṃsā K.K.H.Govt.
Skt. College Guwahati, Assam. Bks. 17 Dīpīka,
Ha-hayoga Pradīpikā, Veda Mañjarī, Rādhā
Tantra. Ps. 12. Add. C/o Shri D.D.Sharma
Kali Mandir Jyoti Nagar Guwahati Assam.
Ph. 08486966071,09864126426 Spl.Ref. Chair
Person Awarded by 10th World Skt. Confrence
Banglore 97, Received Pt. Hemchandra
Goswami Award, Assam 2008.
Goswami, Gorkrishan. Kāvyatīrtha, Purāṇatīrtha, Darśanatīrtha, Āyurveda Śiromaṇi.
b. Virandavan, U.P. HOD Ayurveda Faculty
Gurukul V.V., Vrindavan. Bks. 01. Virahiṇīvrajāṅganā. Add. Abhinav Chaitaneya
Ayurvedic Aushadhalaya, Radhraman Marg,
Vrindavan, U.P.
Goswami, Hari Krishan. Sāhitya. Nyāya.
Śuddhādvaita Vedānta. b. 1909. V.P.
Shivanandpuri, Mahapura, Jaipur (RJ). Prof.
Udaipur Sanskrit College. Principal Sanskrit
College. Ajmer. Sp. Pushtimargiya Goswami,
Suresh Baba. Bks. 25. Siṃhasiddhānta-Sindhu,
Ādarśaudāryam,
Lalita-Kathā-Kalpalatā,
Divyālokaḥ. Add. V.P. Shivanandpuri,
Mahapura, Jaipur (Rj.). Expired. 1979. Spl.Ref..
Established of Sanskrit pathashala in Mahapuro
which is known shastri College in Present.
‘Magha’ Awarded by RJ Sanskrit Academy,
Jaipur, ‘Gadya – Padya Smart’ by Goswami
sabha.

