

Pandey, Ved Vyas. Acharya (Sāhitya), M.A.
(Pali). b. 01.05.1982. Gorakhpur. JRF, RSKS,
Lucknow Campus. Gp. Prof. Pradyumna Dubey.
Ps. 03. Add. RSKS, Lucknow Campus Vishal
Khand-4, Gomti Nagar, Lucknow -226010.
M. 09452564279. vedbyasb@gmail.com
Pandey, Vidhyadhar. Acharya, Ph.D. b.
10.07.1955, Maheshpur. Principal. Gp.
Prabhakar Mishra, Rammanohar Mishra. Ps.
06. Add. Sanskrit Mahavidhyalaya, Ira Marg,
Mau, U.P. Spl.Ref. Vyākaraṇa.
Pandey, Vidhyanidhi. Acharya (Sāhitya,
Paurohitya), M.H.B. b. 15.11.1925. Gopalganj,
Bihar. Member, Delhi Sanskrit Academy. Gp.
Ramavtar Sharma, Vedprakash Shastri. Add.
Delhi Sanskrit Academy, Old Secretariat, Delhi110054. Spl.Ref. Sanskrit Education Award
of the Union Territory of Delhi.
Pandey, Vidyanath. Acharya in Sāhitya. b.
01.07.1946, Sidhi, M.P. Asct.Prof. Ps. 05. Add.
Govt. Sanskrit Mahavidhyalaya, Bhitari, Sidhi,
M.P. Spl.Ref. Sāhitya Śāstra.
Pandey, Vijay Kumar. Acharya, M.A., Ph.D.
b. 17.12.1970. Pratapgarh. Sr. Asstt. Prof.
Sampoornanad Skt. V.V. Gp. Guru Shishya
Prampara. Bks. 03. Pāṇinīyaprakāśaḥ,
Rasamañjarī, Alaṅkārasamuccayaḥ. Ps. 10..
Add. Prachin Adyapaka Awas Flat No. 10.
Sampoornanand Skt. V.V. Varanasi. 221002.
SplRef. Sāhitya, Vyākaraṇa.
Pandey, Vijay. M.A., Ph.D. b. 06.05.1943,
Shehera. Asct. Prof. Guj. Univ. Bks. 25.
Saṃskṛta Textual Criticism. Ps. 70. Add. 16,
Asct. Prof.’s Row House. Nr. Guj. Univ. Guest
House, Navrangpura, Ahmedabad – 380009.
Ph. 6303929.
Pandey, Vinay Kumar. Acharya, Ph.D. b.
20.11.1979. Kusinagar, U.P. Asstt. Prof., Deptt
of Jyotiṣa, Faculty of SVDV, BHU, Varanasi
Gp. Pt. Hiralal Mishra, Prof. Ramchandra
Pandey. Bks. 02. Jyotirnibandhāvalī,
Siddhāntatattvaviveka. Ps. 20. Add. Deptt.
of Jyotiṣa, Faculty of SVDV, BHU, Varanasi05. Ph. 0542-6703228 M. 09452197407.

201

drvkpandeyjyotiṣa@gmail.com Spl. Ref.
Jyotiṣa. Kashi Yuva Vidwat Parishad Samman.
Pandey, Vindhyeshwar. Acharya. b. 24.11.1930,
Kulkupi, Ranchi. Principal, Shri Bhuvaneshwari
Maheshwaranand
Gurukul
Sanskrit
Vidhyalaya, Jahloukhar, Hamirpur. Gp.
Rajshekhar Prasad Mishra, Rangheshwar
Mishra, Kailashpati Mishra. Bks. Bhāratīyadarśaneṣu Atmaviṣayaka-matabhedānāṃ
Samanvayasambhāvanā-vimarśaḥ.
Add.
Kulkupi, Post Kotambe, Distt. Lohardaga
(Bihar). Spl.Ref. Sāhitya, Vyākaraṇa & Nyāya
Śāstra.
Pandey, Vinod. Nyayśiromaṇi, B.Ed. b. Kathirao,
Varanasi, UP. Teacher, Central School,
Allahabad. Ps. 01. Add. 166, L.I.G. Building,
Govindpur, Kalki, Toliarganj, Allahabad U.P.
Spl.Ref. Nyāya Śāstra.
Pandey, Vishnu Dutt. M.A., B.Ed. b. 30.06.1960,
Ghazipur, U.P. Teacher. Ps. 03. Add. High
School, Nursarai, Nalanda, Bihar. Spl.Ref.
Darśana, Education.
Pandey, Vishnu Kant. Acharya, Ph.D. b.
01.06.1977, Mirzapur (U.P.). Asst. Prof.
R.Sk.S., Jaipur Campus. Gp. Late Pt. Kamla
Kant Pandey, Ram Prasad Tripathi, Shri Kant
Pratham, Ram Manohar Mishra. Ps. 05. Add.
Plot. No. 80, Ganesh Vihar (Devori) Gopalpura,
Bye pass, Jaipur – 302018. Ph. 9414606724.
Pandey, Viveka. Ph.D. b. 27.08.1970. Varanasi.
Linguistic Consultant in India Infotech Systems.
Bks.
01.
Critical
Study
of
epic
Narāvāyanānanda. Ps. 01. Add. C- 27/2391(ka), Jagatganj. Varanasi–02. Ph. (0542)
201056, 09839014870.
Pandey, Vyas Prasad. Acharya in NavyaVyākaraṇa. b. 15.06.1958, Deoria, U.P.
Asst.Prof. Gp. Ramdulare Tripathi, Ramavadh
Mishra. Ps. 05. Add. Mumbadevi Sanskrit
Adarsh Mahavidhayalaya, Bharatiya Vidhya
Bhawan, Bombay, MH. Spl.Ref. Navya
Vyākaraṇa.
Pandey, Yogendra Prasada. M.A. b. 07.10.1948,
Padmipur, Faizabad, (U. P.). Teacher. Ps. 03.

