
M.09936253373. Mail. gcsnegi@ rediffmail.
com Spl.Ref. Tibetan, Bauddha Darśana,
Honorary President Himachal Buddist Youth
Association
Nene, Somnath. B.A., M.A., Ph.D. b. 05.03.1954.
Prof. B.H.U. Varanasi. Gp. Gajanand Shastri
Musalgawker. Bks. 03. Bha--a-CintāmaṇiTarkapada-Vimarśa, Subodha Dārśanika
Tatvasaṅgraḥa, Mīmāṃsaka Darśana Vimarśa.
Ps. 60. Spl.Ref. Mīmāṃsā. Swami Parmanand
Dasan Award for the book Bhatta Chintamani,
Patanjali Award.
Nepal, Umesh. Sāhityaśiromaṇi, Acharya
(Viśiṣ-advaita), M.A., Ph.D. b.30.08.1979,
Lalitpur, Nepal. Asst.Prof., JRR Sanskrit Univ.
Jaipur. Gp.Prof. N. N. Devi Prasad, Dr.K.E.
Madhusoodanan, K. E. Devnathan. Bks.01 Add.
26, Staff Quarters, JRR Skt. Univ., Jaipur302026 M.09829568913. Spl.Ref.Tamil.
Netrapala, Sinha. M.A. (Skt., Hindi). b.
10.07.1951. Teacher (TGT) Skt. Govt. Boys
Senior Secondary School No. 2, Palam Enclave,
New Delhi. Ps. 01. Add. F-417, Rajnagar –
II, Palam Colony, New Delhi–45.
Nigam, Jyotsna. M.A., Ph.D. b. 27.06.1964.
Gwalior. Asst. Prof. Barakatullah Vishwavidyalaya, Bhopal. Bks. 03. Bhāgvata Bhakti
Rasāyana aura Bhakti Rasa, Śabda Siddhī,
Bhaktīsudhā. Ps. 05. Add. A – 5, Yashoda Vihar,
Chuna Bhatti, Bhopal.
Nigam,
Sarupa.
Shastri,
Acharya,
Gyanprabhakar. Asst. Prof. Ps. 02. Add. Govt.
Skt. College, Nabha (Punjab). Spl.Ref. Sāhitya.
Nigam, Sheel. D.Litt.b.25.09.1949. Head & Asct
Prof. Bks.06 Ps.18 Add.103/335 Karnal Ganj,
Kanpur, U.P. Ph.05122540503, M.094154
77331.
Nigam, Shyam Sundar. M.A., Ph.D., Acharya
in Sāhitya, Sāhityaratna, Āyurvedratna. b.
25.10.1931. Asct. Prof., Vikram Univ. Ujjain
M.P. Bks. 25. Mālavā kī Hṛdayasthalī Avantikā,
Saṅkramaṇaśita Bundelakhaṇ©a, Khaṅgāva
Kṣatriya Jāti kā Itihāsa, Mālavāñcala meṃ
kurmācala, Jana Dharma (Mālavā Viśeṣāṅka–

181

I,II ed.). Spl.Ref. Founder- shri Kaveri shod
Sansthan at Ujjain.
Nigamantam, Vajram Narayanamangalam.
Vyākaraṇaśiromaṇi, Sāhityaśiromaṇi. b.
28.05.1933, Narayanmangalam, South Arcot,
TN. Asst. Prof. Gp. M.S. Narasimhachary, M.
Shrinivasacharya. Add. 4/297, N. Kamalakshamma Block, Prodduturu – 516360 (AP).
Spl.Ref. Vyākaraṇa, Sāhitya.
Nigm Alankara, Somdev Sitanshu. Shastri,
M.A., M.Phil. b. 29.05.1959, Nuapali Kansiha,
Sambhalpur, Orissa. Ps. 02. Add. Gurukul
Prabhat Ashram, Jholajhala Dist. Meerut, U.P.
Spl.ref. Sāhitya Śāstra.
Nilakantha Vajapeyi. Acharya in Sāhitya.
Sāhitya-ratna. b. 15.03.1942, Sonitpur,
Chamoli, U.P. Principal. Gp. Harishankar
Tripathi. Ps. 01. Add. Shri Badri Kirti Skt.
Vidyapeetha, Post. Simli, Chamoli Dist. (U.P.).
Spl.Ref. Sāhitya.
Nilakanthan, Ratnam. M.A., M.Litt., Ph.D..
b. 12.07.1933. Asct. Prof., Kalindi College,
Patel Nagar (E), New Delhi. Add. 5, President
Estate, New Delhi – 110008. Spl.Ref. Sāhitya.
Nilakshi Devi. M.A., Shastri, SLET. b.
01.12.1981, Kailash Nagar, Hatigaon, GHY.
Research Scholar, Guwahati Univ. Bks. 01.
Sāhitya Cintā Taraṅga (ed.). Add. Kendukona,
Kamalpur Karup, Assam.
Nippani, Gururaja K. M.A., Ph.D. b. 07.08.1954.
Asst. Prof. Add. Veersaiva College, Bellary
(KT). Spl.Ref. Sāhitya, Dvaitavedānta.
Nirakari, Ramdas. M.A., Ph.D. b. 05.012.1934,
Haridwar, (U.P.). Head, Deptt. of Philosophy,
Punjab University. Add. P – 4, Punjab Univ.
Campus, Patiala (Punjab). Spl.Ref. Darśana.
Nirala, Indradev Singh. M.A., Ph.D. b.07.01.
1956. Lecturer, JMPDL Mahila Mahavidyalaya,
Madhubani. Bks.01 Śodhaprakāśaḥ. Ps.01.
Add.Ramjanaki
Nagar,
Mangrauni,
Madhubani-11 Bihar.
Nirala, Krishnaprasad Narayanaprasad.
Acharya in Vyākaraṇa, M.A. b. 10.08.1954,
Bhutan. Teacher. Gp. Pt. Mahanand Sharma.

