
Gupta, Maniprabha. M.A. (Skt. & Hindi) b.
08.02.1962. Add. 154, Lok Vihar, Pitampur,
Rani Bag, Delhi – 110034. Spl.Ref. Sāhitya.
Gupta, Manjul. M.A. b. 12.12.1943. Teacher,
Govt. Girls Higher Secondary School, Diwan
Hall, Delhi. Ps. 02. Add. 140, Ashok Vihar,
Phase IV, Delhi – 110052. Spl.Ref. Sāhitya.
Gupta, Manorama. M.A. (Sāhitya Veda
Darśana), M.Ed., Ph.D., D.Litt. b. 10.12.1956.
Asst. Prof. & HOD Skt. Deptt. Kanpur
Vidyamandir Mahila PG College. Bks. 02
Vedāntasāra, Sāṅkhyakārikā. Ps. 100. Add.
C/1 57 Indira Nagar Kanpur - 208026. Ph.
0512-2570168. M. 09450137765.
Gupta, Mohanlal. Acharya, M.A., Ph.D. b.
17.05.1941, Kawai, Kota, RJ. Asst. Prof. Gp.
Surajan Das, Brahmanand Sharma. Ps. 01.
Add. Govt. Post-Graduate College, Bundi (RJ).
Spl.Ref. Sāhitya.
Gupta, P.M. M.A. (Sanskrit & Hindi). M.Ed.,
LL.B.. b. 17.07.1937. Teacher (PGT) Sanskrit,
Mahavir Jain Senior Secondary School, Nai
Sarak, Delhi – 110006. Add. B-1098. Shastri
Nagar. Delhi – 110052.
Gupta, Pawan Kumar. M.A., NET, Ph.D. b.
04.10.1968. Asstt. Prof. Skt. Deptt. BBD PG
College, Ambedkar Nagar. Ps. 03. Add. BBD
PG College, Ambedkar Nagar - 224159 U.P.
Ph. 05275237204. M. 09450488884. Spl.Ref.
Veda.
Gupta, Phulavati. M.A., M.Ed. b. 26.03.1936.
Teacher, Govt. Girls Senior Secondary School,
Adarsh Nagar, New Delhi. Add. 34-B,
Shankaracharya Road, Adarsh Nagar, New
Delhi. Spl.Ref. Sāhitya.
Gupta, Pramila. M.A. (Sanskrit & Linguistics).
Age. 50 years in 1988. Asct. Prof., Shri
Venkateshwar College, Dhaula Kuan, New
Delhi. Ps. 03. Add. 56, Vaishali, Pitampura,
Delhi – 110034. Spl.Ref. Sāhitya.
Gupta, Promila. M.A., B.Ed. b. 15.04.1956,
Hissar, Lect. Skt. GGS School Siwan. Add.
314/12 Ashoka Garden Colony, Kaithal 136027 Haryana. M. 09416355241.

89

Gupta, Rakhi. M.A., Ph.D. b. 08.07.1977. Guest
Prof., Maharshi Panini Skt. Uni. Ujjain M.P.
Ps. 07. Add. 12, Keshav Nagar, Near Hari
Fatak, Ujjain M.P.
Gupta, Ramkrishna. M.A.. b. 02.05.1912. Rtd.
Asst. Prof. Ps. 02. Add. 1517, Chand Norangrai,
Bazar Sitaram, Delhi – 110006. Spl.Ref. Sāhitya.
Gupta, Rukmani. Vidyavachaspati, Ph.D., B.Ed.
b. 21.03.1950. Clerk, UCO Bank. Ps. 01. Add.
F-14/15, Model Town, Delhi. Spl.Ref. Sāhitya
Śāstra.
Gupta, Saroj. M.A. (Skt. Hindi). b. 03.02.1945.
Rtd. Principal, KV. Bks. 02. Nanhephūla,
(Poetry Collection) Bholī Muskāna (Poetry
Collection). Add. 817/5, Sheet No. 04, Patel
Nagar, Gurgaon – 122001 Haryana. Ph. 01243249792. M. 08010859488.
Gupta, Shashi. b. 08.11.1946. Lect. Shri Bhairava
Ratna C.S. School. Bikaner (RJ). Bks. 01.
Mūlyānyamūlyāni.
Gupta, Sudha. M.A. Ph.D. b. 22.03.1959.
Kanpur. Lect. Juhari Devi Girls P.G. College
Kanpur – 208004. Bks. 01. Svapnavāsavadattam (ed.) Ps. 01. Add. 133/N/108.
Kidwai Nagar. Kanpur – 208011.– Ph.No. –
617984. Ph. 368010.
Gupta, Sudheer kumar. M.A., Ph.D. b. 1917.
Gurgaon. (HR). Lect. Univ. of RJ. Khurja
Gorakhpur Univ. Sp. Dr. Satyadev Mishra.
Dr. Badriprasad Pancholi. Dr. Narayan Shastri
Kankar. Dr. Ved Kumari. Bks. 05. Saṃskṛta
Sāhityasya Subodha Itihāsaḥ, Ṛgveda Paricaya,
Bhārtīyadarśanasya Sampradāyaḥ, Daṇ©ībāṇayorekamadhyayanam, Vedalāvaṇyam. Ps.
100. Spl.Ref. Vishishtavidwan awarded by RJ
Sanskrit Academy.
Gupta, Sunita. M.A., M.Phil., Ph.D., Post
Doctoral Research. b. 13.10.1953. Asstt. Prof.
Rashtriya Sanskrit Sansthan, New Delhi. Bks.
01. Śakti with reference Kashmir Shaivism.
Ps. 04. Add. A2 137E Mayur Vihar Phase III
Delhi - 110096. Spl.Ref. Kashmir Shaivism,
UGC Fellowship, Research Associateship for
7year for Post Doctoral Work by UGC, AIR

