

Gyanender, Kumar. Vidyavaridhi. b. 29.08.1982.
Banda U.P. Asstt. Prof. Uttarakhand Skt. Univ.
Bks. 01. Education Psychology. Ps. 02. Add.
Uttarakhand Skt. Univ. Haridwar 249407.
Ph. 01334-213480. Gyanender_k78@gmail.
com

91

Gyansagar, Acharya. b. 1899. Vill Ranauli.
Distt. Sikar. (Rj.). Bks. 04. Jayodayam.
Vīrodayam. Sudarśanodayam. Samudradūtacaritam. Expired in 1973. Spl.Ref. His
old name was ‘Bhooramal Shastri’.

H
Hadimaru, Basavarajayya Raju. M.A. b.
20.09.1933, Hadimaru, KT. Asst.Prof., Deptt.
of Sanskrit, S.J.R.C. College, Anand Road,
Bangalore. Gp. H.L. Hariyappa, Chandra
Shekhar Bhatt, N.Shivram Shastri, Laxminarasinghayya. Ps. 01. Add. 139, Divyadip,
10th Floor, Main Block, Jayanagar, Bangalore,
KT.
Hajarika, Bhavendranatha. M.A., (Veda),
Sāhitya Shastri. b. 01.03.1932, Tichak, Jorhat,
Assam. Spl.Ref. Veda.
Hampiholi, Vishwanath K. M.A., Ph.D. b.
01.06.1955, Belgaum. Asst. Prof. Bks. 08.
Influence of Kāmaśāstra on Classical Sanskrit
Literature. Add: “Ashirvad” Post Hegde, Kumta,
Karnatak. Pin. – 581330. Ph. (08386) 23048.
Handa, Janak. M.A., B.Ed. b. 04.06.1945.
Teacher, Govt. Girls Senior Secondary School,
Aram Bagh Lane, New Delhi.
Handa, Nirmala. Sāhityācārya b. 04.09.1942.
Teacher, Rajakiya Uccattar Madhyamika Girl’s
Vidyalaya, Netaji Nagar, New Delhi Add: G69. Sarojini Nagar, New Delhi – 110023. Spl.
Ref. Sāhitya.
Handa, Vijay. M.A. b. 08.08.1944. Teacher,
St. Columbus School, Gole Market, New Delhi.
Add. E-14/4/C, Vasant Vihar, New Delhi110051. Spl.ref. Sāhitya Śāstra.
Handique, Krishna Kanta. He was educated
at Cotton College, Guwahati, Sanskrit College,
Calcutta, Calcutta University, Oxford
University, Paris University and Berlin
University. b. 20.07.1898, Jorhat Town. Expired
on 07.06.1982. Spl.Ref. He know 13 Languages,
8 European Languages and 5 Indian Languages
including Pālī and Prākṛta.

Hansa, Ben Praveen Chandra. Ph.D. b.
18.12.1930. Prof. Ahemdabad Arts College
Vasna Ahemdabad. Add. Lad Society Nehru
Park, Near Vastrapur Fuvvara, Ahemdabad.
Spl. Ref. Engeenier.
Hansa, Kausalya. M.A. b. 04.07.1949, Yoga
& Sanskrit Teacher, Govt. Senior Secondary
School, Chand Nagar, New Delhi. Add:56A, DDA (MIG) Flats, Rajauri Garden, New
Delhi.
Hanta, Ramkrishnabhatta V. Vidvan
(Vyākaraṇa, Hindi). b. 18.01.1924, Sringeri,
Chikamagalur, KT. Asst. Prof., Sadvidya
Sanjivini Sanskrit College, Sringeri. Ps. 01.
Add. Bharati Nagar, Manas Village, Shringeri,
Chikamagalur (KT). Spl. Ref. Vyākaraṇa.
Hari, Ravva Sri. M.A. (Skt. Telugu), PG Dipl.
in Applied Linguistics, Ph.D (Telugu) b.
05.05.1943. Nalgonda, Former V.C. Dravidin
Univ. Kuppam. Bks. 03. Tikkaṇa Bhāratī Ps.
55. Add. H.No. 16-2-836 F/2 Madhav Nagar
Colony Saidabad, Hyderabad - 500059. Ph.
040-24162929. Spl. Ref. Classical Telugu
Literature, Skt. Grammer and Literature,
Comparitive Literature, Best Skt. Scholar
Award 1993, Vishist Vayakti Puraskar
Vijayawada, Shivanand Eminent Citizen Award
2004, Literary Award Hyderabad, Dialects
Preparation of Lexicons, Conducted Skt.
Lessons through AIR for more than 10 Years
etc.
Haridev. Acharya in Vyākaraṇa, M.A. b.
07.07.1947. Principal. Ps. 01. Add. Gautam
Nagar, New Delhi. Spl.Ref. Vyākaraṇa Śāstra.
Harish, Bhai Raman Lal. Acharya in Sāhitya,
B.Ed. b. 13.08.1939, Balalji Road, Surat, Gujrat.

