158



80. Add. 424 C Vaishalli Enclave Extn. Sector
09. Indira Nagar Lucknow - 226016. M.
09415561568. Spl. Ref. Literature &
Philosophy.
Mishra, Radheshyam Acharya in Vyākaraṇa
(Prācīna & Navya), Sāṅkyayoga, DharmaŚāstra, Purāṇaetihāsa, Sāhitya, Jyotiṣa,
āyurveda-ratna, HindiSāhitya-ratna, M.A.,
Ph.D. b. 25.12.1940, Khajurhata, (U.P.). Gp
Chotelal, Ramavilas Shukla. Add. 27, Bohra
Saudagar, Hardoi (U.P.). Spl.Ref. Vyākaraṇa,
Sāṅkya, Yoga, Dharmaśāstra, Purāṇa, Sāhitya,
āyurveda.
Mishra, Raghav Sharan. Acharya in Darśana,
M.A., Ph.D. b. 30.11.1956. HOD. Sastrartha
College, Dashashwamedh Varanasi U.P. Gp.
Trinath Sharma. Sp. Sanjay Chaturvedi. Bks.
01. Karmaṇyeva Bhakteranusandhānam. Add.
S 9/164 K, New Basti Pandeypur Varanasi
U.P.
Mishra, Rajdev. M.A., Acharya (Navya
Vyākaraṇa), Vidyavaridhi. b. 01.03.1928.
Lalgang, Ajamgarh, U.P. Ex-V.C. S.S.V.V.
Varanasi.
Bks.
17,
Kāvyakautukam,
Bhāvāñjaliḥ. Add. Alokpuri, New Colony,
Niyawan Road, Faizabad – 01. U.P. Spl.Ref.
Vishitha Puraskar from U.P. Skt. Sansthan,
He is the President / Member of various
educational and cultural institutions and
organizations, President Awardee.
Mishra, Rajdhar. M.A., Ph.D., Acharya. b.
17.01.1971. Asct.Prof. J.P.R.S.U. Jaipur, Gp.
Pt. Late Rajendra Prasad Sharma, Pt. Late
Vedanand Jha, Pt. Late Devikant Mishra, Pt.
Dr. Vasudev Ghushe. Bks. 08. Pāṇinīyaliṅgānuśāsanam, Vaidika-sāhityetihāsaḥ, Madhyasiddhānta-kaumudī, Laghūsiddhāntakaumudī,
Candrāpī©akathā. Ps. 12. Add. H.No. 06,
Chhatrasal Nagar, Nand Puri, Jagatpura Road,
Jaipur – 302017. Ph. (0141) 2750248,
09314568823. Spl.Ref. Six Gold Medals in
Student life.
Mishra, Rajendra Kumar. Acharya in Sāhitya,
Sāhityaratna. b. 13.01.1936, Madhopur, (U.P.).
Head, Deptt. of Sahitya. Gp Dr. Satyavrata

Sinha, Dr. Kantichandra Pandey. Ps. 05. Add.
Garibdasi Sanskrit Vidyalaya, Mayapur,
Haridwar (U.P.). Spl.Ref. Sāhitya.
Mishra, Rajendra Prasad. Acharya in Veda,
Atharvaveda, M.A., Ph.D. b. 15.06.1957, Kudia,
(M.P.). Head, Dept. of Veda. Gp.
Bhagavatprasad Mishra, Dr. Gopalchandra
Mishra. Bks. 01. Āpastambīyodvāhasamīkṣaṇam, Ṛkmantrārthasamālocanam. Add.
Rajakiya Maharaja Sanskrit College, Jaipur
(RJ). Spl.Ref. Veda, Atharvaveda.
Mishra, Rajendra Abhiraj . M.A., D.Phil., D.Litt.
b. 02.01.1943, Dronipur (U.P.). Prof. & V.C.–
Sampoornananda Skt. Univ., Varanasi (U.P.).
Bks. More than 100. (Mahakavya 02.,
Khandakavya 15, Geetsangraha 06, Natika
05, Ekanki 10, Kathasangraha 10, Text Book
07, Research Book 20, Translated Book Above
50 etc.) Jānakī Jīvanam, Parāmbāśatakam,
Navyabhārataśatakam, Catūrthasyaśatakam,
Caitrakam. Ps. 250. Add. H.O.D., Himachal
Pradesh University. Shimla. Ph. (R) - (0177)
231407. Spl.Ref. A creative poet, Play Writer
and Prose Writer, Good Researcher,
Appreciable Script Writer, charmfull speaker,
also an critic. Visting Prof. Udayan Univ.,
Indonesia. Member, Board of Advisor-More
than 25 including National and International
Institutions. Awards Uttarpradesh Sahityik
Samman - 11, Delhi Skt. Academy Samman03, Raj. Skt. Academy Samman, Vachaspati
Samman, Sahitya Academy Award, Valmiki
Puraskar, Swami Dharmanand Sarawati
Sahitya Sammanl, Dr. Vidyaniwas Mishra Skt.
Samman, Shasrabdi Ratna Samman,
Mahamahopadhyaya Samman etc. President
Awardee.
Mishra, Rajesh Kumari. M.A., M.Phil., Ph.D..
b. 21.10.1968, Hamirpur (H.P.). Ps. 01. Add.
114, Teachers Hostel, Faculty House, Summer
Hill, Shimla, H.P.– 05. Ph. 0177- 231407.
Mishra, Rajeshwar Prasad. Acharya in Sāhitya,
M.A.. b. 15.04.1928, Nakud, (U.P.). Teacher.
Gp Sundaralal Shastri. Ps. 03. Add. R.N.I. Inter
College, Bhagavanpur, Saharanpur (U.P.).
Spl.Ref. Sāhitya.

