
Trivedi, Harihar. Acharya. b.15.08.1955,
Gwalior, M.P. Asst. Prof. Ps. 05. Add. Shri
Lalbahadur Shastri Kendriya Sanskrit
Vidhyapeeth, Katwaria Sarai, New Delhi.
Spl.Ref. Vedānta.
Trivedi, Indravadan V. Ph.D. b.04.01.1936.
Prof. Arts & Science College, Bhadran, Borsad,
Kheda (GJ). Add. A-32 Surnam 6 Near Chandan
Plot Satelite, Ahemdabad. Spl.Ref. Epigraphy.
Trivedi, Jhanhvi Ben A. Ph.D. Prof. Seth P.T.
Arts & Science College Godhra. Ps. 05.
Add.Brahman Faniyo, Deshar, Sawli, Varodara.
Trivedi, K. H. Ph.D. b.02.06.1933. Prof. N.A.
& T.V.P. Arts College, Vallabh Vidha Nagar,
Aanand. Ps. 05. Add. 7-B Arihant Society,
Near Jalaram Society, Nana bazaar, Vallabh
Vidhya Nagar. Spl.Ref. Alaṅkāra Śāstra.
Trivedi, Karuna Ben. Ph.D. b.05.09.1960. Prof.,
T.M. Shah Mahila Arts College Idar,
Sambharkanta. Ps. 03. Add. Shwetdeep Banlow
Near Govt. Quarter Daljeet Nagar Idar. Spl.Ref.
Alaṅkāra & Purāṇa.
Trivedi, Kashyap Mansukha Lal. Ph.D.
b.26.10.1964. Prof., Shri R. R. Lalan College,
Bhuj, Kacch. Ps. 03. Add. New Ummed Nagar,
Block No. 557, Bhuj, Kacch. Spl.Ref. Vedānta.
Trivedi, Madhumalti Ben Gajendra Bhai. Ph.D.
b.08.04.1941. Prof. Samandas College, Bhav
Nagar. Ps. 05. Add. Plot No. 1225 Ghogha
Circle, BhavNagar. Spl.Ref. Vedānta Śāstra.
Trivedi, Mahendra H. Ph.D. b.18.06.1969. Prof.,
J. P. Dharuka Wala Arts & J.D. Gabani
Commerce College, Surat. Ps. 03. Add. 68,
Gokul Nagar, Rachna Society Surat. Spl.Ref.
Purāṇa.
Trivedi, Matri Dutta. Veda, Acharya in Sāhitya,
Sāhityaratna, M.A, Ph.D. b. 31.07.1926 Unnao,
U.P. Rtd. Reader, Deptt of Skt., Lucknow Univ.
Gp. Prof. K.A.S. Iyer, Prof. K.C. Pandey, Prof.
Satya Vrat Singh, Pt. Daya Prasad Dixit. Pt.
Rudra Prasad Awasthi. Sp. Dr. Daya Shankar
Shastri, Dr. Prema Awasthi, Prof. K.K. Mishra,
Prof. O.P. Pandey etc. Bks. 02. AtharvavedaA Literary Study, Viśākhadutta. Ps. 60. Add.

333

5/455 Vikas Nagar, Lucknow -226022. Spl.
Ref. Veda and Sāhitya. Visista Puraskar from
U.P. Skt. Sansthan 1997, Vedānta Puraskar
2003, Śāstra Chutamani Scholar. 142 Radio
Talks and 20 TV Programmes in Skt. & Hindi
in Lucknow, Skt. Poet.
Trivedi, Nityanand. Acharya in Sāhitya &
Purāṇa. b.20.06.1947, Sikandarpur, Unnav,
U.P. Asst. Prof., Gp. Harivamsadulare Shastri.
Ps. 05. Add. Shivprasad Sanskrit Mahvidyalaya,
Chitavapur, Pajava, Lucknow (U.P.)
Trivedi, Pankaj Kumar Ghanshyam Bhai. Ph.D.
b.05.12.1969. Prof., Smt. P.N.R. Shah Mahila
Arts & Commerce College, Near Nagar Palika
Palitana. Ps. 04. Add. Maa 40, Gayatri Nagar
Guru Nanak Marg, Palitana. Spl.Ref. Alaṅkāra
Śāstra.
Trivedi, Paresh Kumar Pradhuman Bhai. Ph.D.
b.29.06.1971. Prof., Arts & Commerce College,
Anaklav, Aanand. Ps. 03. Add. 27, Mahaveer
Park Near Jakata Naka Aanand. Spl.Ref.
Vedānta Śāstra.
Trivedi, R. J. Ph.D. b.04.12.1942. Prof., Govt.
Vinayan College, Sector 15, Gandhi Nagar.
Ps. 05. Add. Plot No. 1352-2, Sector 7-D,
GandhiNagar. Spl.Ref. Vedānta.
Trivedi, Radhe Shyam. M.A., Ph.D.
b.14.07.1949, Sidhpur (GJ). Teacher, S.M.
Higher Secondery School, Sarkhej. Ps. 04.
Add.19. B/1. Pratap Kunj Society, Java
Apartment, Sarkhej Road, Vasana, Ahmedabad,
GJ.
Trivedi, Rajendra Kumar. Acharya in Sāhitya,
M.A., Ph.D. b.10.05.1943, Jabalpur, (M.P.).
Asct. Prof. Bks. 01. Upaniṣad Kālīna samāja
eva‚ sa‚skṛti. Add. Deptt. of Ṣanskrit, Pali
& Prakrit, Rani Durgavati University, Jabalpur
(M.P.). Spl.Ref. Sāhitya.
Trivedi, Raksha C. Ph.D. b.27.04.1965. Prof.,
Dharmendra Singhji Arts College Dr. Yagnik
Road, Rajkot. Ps. 04. Add. Chandramoli 9,
Sardar Nagar, Rajkot. Spl.Ref. Alaṅkāra Śāstra.
Trivedi, Rita Mahesh Kumar. Ph.D.
b.05.04.1958. Prof., Navyug Arts College,

