
226/3. R.K. Puram, New Delhi–22. Spl.Ref.
Gold Medilist in M.A.
Tiwari, Bajrang Bihari. M.A., M.Phil., Ph.D.
b.01.03.1972, Gonda. Asst.Prof., Deshbandhu
College, New Delhi. Bks.01 Bhāratīya Sāhitya:
eka Paricaya. Ps.10. Add. 204, II Floor, T134/1, Begaumpura, Malviya Nagar, New
Delhi-110017. M. 09868261895. Email.
bajrangtiwari001@rediffmail.com Spl.Ref.
Bhavabhuti Alamkarana
Tiwari, Bal Krishna. Acharya in Sāhitya.
b.01.07.1920. Balia, U.P. Rtd. Teacher,
Samskrta Mahavidyalaya, Gorakhapur. Gp.
Pt. Taracharana Bhattacharya, Pt. Mahadeva
Upadhyaya, Pt. Vidyavilasa Sukla. Ps. 03.
Add.F-2, Delhi Admini-stration Flats, Model
Town, Delhi-09. Spl.Ref. Sāhitya.
Tiwari, Chandramouli. Acharya. b. 02.12.1984.
Hoshangabad. M.P. Research Scholar, RSKS
Lucknow Campus. Gp. Dr. Amit Kumar Shukla,
Dr. Hansdhar Jha. Ps. 06. Add. Rashtriya
Sanskrit Sansthan, Lucknow Campus, Vishal
Khand-04 Gomti Nagar, Lucknow 226010.
M. 09532098982.
Tiwari, Dagora. Sāhitya-Acharya, PaurohityaAcharya. b.14.01.1941. Purohita (Priest). Add.
28/12, Shakti Nagar, Delhi. Spl.Ref. Veda,
Sāhitya, Paurohitya.
Tiwari, Devendra Prasad. B.Sc., B.Ed., M.Sc.,
M.A. (Hindi, Skt. & Philosophy). b.04.11.1973.
Pithoriya, Sagar, M.P. Lecturer. Gp. Pt.
Premnarayan Dwivedi. Ps. 02. Add. Jain
Stationary Mart, Sagar, M.P. Spl.Ref. Gold
Medalist. E-mail: devendra tiwari40
@gmil.Com.
Tiwari, Dina Natha. Shastri, M.A., Ph.D.
b.04.08.1936, Nawada, Madhubani, Bihar.
Gp. Pt. Madanamohana Jha. Ps. 03. Add.
Principal, Govt. Sanskrit College, Patna–4.
Spl.Ref. Darśana.
Tiwari, Gauri Shankar. M.A., Acharya
(Vyākaraṇa, Sāhitya), Ph.D. b, 05.01.1956.
Lecturer, H.P.D. Men College, Aara. Bks. 03.
Bājapeyī Śatakam, Siddhānta Kaumudī,

315

Ātmanepadaprakaraṇa, Sūktimukti Saṅgraha.
Ps. 16. Add. Ayodhyapuri, Aara, Bhojpur, Bihar.
Spl. Ref. Vyākaraṇa, Sāhitya.
Tiwari, Hari Niwas Prabhat Kumar. Ph.D.
b.26.10.1966. Prof., Arts & Commerce College,
Sawli, Varodara. Ps. 03. Add. D-16 Shrinath
Park, Vaghodia Road, Varodara. Spl.Ref. Kāvya
Śāstra.
Tiwari, Hiraman. M.A., M.Phil. b.01.11.1961.
Research Scholar, Deptt. of Sanskrit, University
of Delhi. Ps. 03. Add. 69, Vasudha Enclave,
Peetampura, Delhi. Spl.Ref. Sāhitya.
Tiwari, Jaya. M.A., B.Ed., Ph.D. b. 04.11.1963.
Prof., Skt. Deptt. & Campus Head, Kumoun
University. Bks. 03. Ps. 23. Add. Sleepy Hollow,
Quarter No. 03. Malittal, Nanitaal
Uttarakhand-263001. Ph. 05942231555. M.
09411196999. Spl. Ref. Darśana.
Tiwari, K. A. M.A., M.Phil. b.01.01.1950. Teacher
(TGT), Sanskrit, G.A.D.A.V. Senior Secondary
School, Nizamuddin Ext., New Delhi. Ps. 02.
Add.H-389, Shrinivaspuri, New Delhi.
Tiwari, Kashi Nath. M.A., Sāhityacharya. b.
17.01.1940, Tivran, Allahabad, (U.P.). Rtd.
Deputy Director, Correspondence Courses,
Rastriya Sanskrit Sansthan. Gp. Dr. Adyaprasad
Mishra, Prof. Laxmikant Dixit, Dr.
Chandikaprasad Shukla. Bks. 03. Daṇ©ī kī
Sāhityasādhanā, Sa‚skṛta - digdarśaka,
Ākāśavānīta prasāritā ekovi‚śati Sa‚skṛtavārtā. Spl.Ref. Brodcasted 21 Sanskrit Varta
from All India Radio.
Tiwari, Kripa Shankar. Acharya. b.09.07.1946,
U.P. Asst.Ptof. Ps. 03. Add. Shri Rajagopal
Sanskrit Mahavidyalaya, Ayodhya, Faizabad
(U.P.). Spl.Ref. Sāhitya.
Tiwari, Kripa Shankar. Acharya. b.09.07.1946.
Asstt. Head of the Deptt. Ps. 03. Add. Shri
Rajagopal Sanskrit Mahavidyalaya, Ayodhya,
Faizabad (U.P.). Spl.Ref. Sāhitya.
Tiwari, Leena. M.A., M.Ed. M.Phil. b.26.06.1981.
Delhi. Asst.Prof., R.Sk.S., Bhopal Campus.
Ps. 01. Add.101. Kunjan Nagar. Phase–I. Bhopal
(M.P.). Ph. 09893073280.

