234



SD-84, Tower Apartments, Pitampura, Delhi–
110034. Spl.Ref. Sāhitya & Veda.
Ratate, Janardan Gangadhar. Acharya. Ph.D.
b. Varanasi. Asst. Prof. Banaras Hindu
University. Gp. Batukanath Shastri. Bks. 01.
Mānasa Bhārati. Add. K 22/47, Durga Ghat,
Varanasi (U.P.). Spl.Ref. Sāhitya. U.P. Sanskrit
Academy Award.
Ratate, Madhav Janardan. M.A., Acharya, Ph.D.
b. 25.11.1975. Varanasi. Asstt. Prof., Deptt.
of DharmaŚāstra and Mīmāṃsā, Faculty of
SVDV, BHU. Gp. Prof. S.N. Mishra, Dr. J.G.
Ratate, Prof. N.R. Srinivasan. Sp. O.P. Singh,
Preeti Ranjan Jha. Bks. 07. Sāhitya Darpaṇa,
Mīmāṃsā Darśana Vimarśa, Mudrārākṣasa
Nātaka, Veṇisaṃhāra Nātaka. Ps. 28. Add.
Deptt. of DharmaŚāstra and Mimāṃsā, Facutly
of SVDV, BHU, Varanasi- 221005. Ph. 05422437174. M 09335641267. ratate@bhu.ac.in
Spl.Ref. Mimāṃsā. 8 Speech brought casted
by A.I.R. Varanasi.
Ratate, Ramchandra Shastri. Riksamhita,
Samveda, Atharvaveda. b. 1874, Kashi.
Teacher. Sangved School, Kashi. Gp. M.M.
Gangadhar Shastri Tailang, Vedmoorti
Balshestri Kale, Balshastri Vapatji. Spl.Ref.
Edited Rigved with Pt. Shripad Damodar
Satavalekar.
Rath, Kali Charan. Kāvyatīrtha, Acharya
(Sāhitya, Vyākaraṇa , Āyurveda). b. 1895,
Digapahandi, Ganjam, Orissa. Rajasabha
Pandit Digapahandi. Bks. 03. Keralā Bayāliśa,
Narāyaṇa Cautiśā, Payodhārā Tīkā of
Rūdrābhiṣekaḥ. Expired in 1965.
Rath, P. M. M.A., M.Phil., Certificate in German.
Asst. Prof., Sanskrit Department. Add. Utkal
University, Vani Vihar, Bhuvaneshwar –
751004 (Orissa). Spl.Ref. Vaidika Sāhitya.
Rath, Shitanshu. M.A., Ph.D. b.12.09.1963.
Asst. Prof. Vikram Univ. Ujjain, M.P. Gp. Prof.
V. Venkatachalam, Dr. Balkrishna Sharma.
Bks. 01. Rāmakathātrayī. Ps. 38. Add. Shri
Leela 12, Udyan Marg, Ujjain. Spl.Ref. Bhoj
Samman.

Rath, Shrinivas. Shastri, Acharya. b. 01.11.1933,
Puri (Orissa). Asst. Prof., Sagar Univ., Prof.
& HOD in Vikram Univ. & Rtd. Director of
Kalidas Akademi, Ujjain (M.P.). Gp. Pt. Baladev
Upadhyaya. Bks. 10. Tadeva Gaganaṃ saiv
dharā, Baladevacharitam mahaKāvyam,
Meghadūtam (Hindi tr.), Urubhaṅgam (Hidni
tr.), Puruśārtha Saṃhitā. Ps. 100. Spl.Ref. A
creative poet, good administrator, charm full
speaker, Certificate of Honour by President
of India, Sāhitya Academy award – 1999,
Rajshekhar Award.
Rath, Suryamani. Shastri, PG Dipl in English,
Vidyavaridhi. b. 07.09.1958. Cuttack, Orissa.
HOD, R.Sk.S., Puri Campus. Bks. 03.
Śṛṅgerīśatakam, Samasyāpūrtiśatakam. Add.
Chundang Sahi, Matamatha Lane, Puri – 01.
Orissa. Spl.Ref. Contemporary Poet.
Rath, Vanamali. Acharya in Sāhitya, M.A., Ph.D.
b.31.01.1933, Belaguntha, Ganjam, Orissa.
Bks. 05. Samskṛta Sāhitya kā Paricaya,
Bhāratīya Sāhitya Tattva, Study on
Śrikṛṣṇalīlāmṛtaṃ, Glimpses of Vaiṣṇavism
in Orissa, A Study in the imitations of
Gītagovinda. Add. Medical Bank Colony,
Brahmapur, Ganjam, Orissa. Spl.Ref. Reveived
about 20 award. 1. Jayadev Sammana by Orissa
akademi, honoured member of research board
of advisors, Carolina, USA, Bhanja Bharati
Samman, Nā-ya Praveena Saman etc.
Rathaura, Ravindra Sinha. Acharya in Sāhitya,
Sangitaprabhakar. b. 07.08.1948, Gobarik,
Hardoi, (U.P.). Teacher. Gp. Pattabhiram
Shastri, Batukanathashastri Khiste, Dvijendranatha Nirguna. Add. Shri Shivashankataharanadarsh Sanskrit Maha-vidyalaya,
Sakaha, Hardoi (U.P.). Spl.Ref. Sāhitya &
Sangeet.
Rathore, Narendra Kumar. Ph.D. b. 10.05.1968.
Prof. Shri Jayendra puri Arts & Science College,
Bharuya. Ps. 02. Add. 305, Vinay Complex,
Old National Highway No.8, Bharuya, GJ.
Spl.Ref. Vedānta Śāstra.
Rathore, Shailesh Bhai C. Ph.D. b.24.03.1971.

