130



Komanduri, Venkatkrishn. M.A., M.Phil. b.
29.07.1954, Vijayarayi, West Godavari, A.P..
Asst. Prof. Gp. M. Gopalreddi. Bks. 01.
Nṛsiṃhāvatāratattva pariśīlanam. Add.
Prabhutvakalashala, Anantpuram, A.P. –
515001. Spl.Ref. Sāhitya.
Kompalla, Virvenkat shastri. Bhashapravin.
b. 15.07.1916, Modekuru, A.P. Pauranik. Gp.
Kandukuri Krishnashastri. Add. Bhimvaram,
West Godavari, A.P. Spl.Ref. Purāṇa.
Kondi, R. Chandrakala. M.A. in Sanskrit &
Prakrita, Ph.D.. b. 28.12.1970, Kumta. Add.
Shri Nagendra N. Bhat, Uppinapattan, Kumta,
Uttara kannada, KT. Ph. 8386-264538.
Konkani, Hansmukh Manga Bhai. Ph.D.
b.14.12.1969. Prof. Shri M.M. Gandhi Arts
& Commerec College, Kalol Distt. Panchmahal.
Add. Vaishnav Sampraday Hall, Timbagam
Godhara, Panchmahal. Spl.Ref. Vedānta.
Korada, Subrahmanyam. Bhaskarapravin, M.A.,
Ph.D. b. 11.11.1954, Hyderabad. Asst. Prof.
Add. Centre for applied linguistics &
Translation Studies, University of Hyderabad,
Hyderabad, A.P. Spl.Ref.
Ṛgveda,
Kṛṣṇayajurveda, Jyotiṣa.
Koranne, Damodara Ramakrishna. M.A.,
Kāvyatīrtha. b. 18.07.1930, Vashmi, Dist.
Akola, M.P. Asst. Prof., Govt. Shri Vaishnava
Sanskrita Mahavidyalaya, Raipur, C.G. Gp.
Pt. Ambadasa Pandeya, M.M. Yajneshvara
Shastri Kasture, Dr. G.B. Deshapande,
Varnekara, G.D. Joshi. Add. 30, Shala Marg,
Chaube Colony, Raipur, C.G. Spl.Ref. Sāhitya.
Kotanala, Rajendraprasad. M.A., B.Ed. b.
16.11.1951. Teacher, Govt. Senior Secondary
School, Sarojini Nagar, New Delhi. Add. H163, Sarojini Nagar, New Delhi – 110023.
Spl.Ref. Sāhitya.
Kothari, Jagadisha Prasada. Acharya in Sāhitya
& Vyākaraṇa, M.A., Ph.D. b. 04.03.1953,
Pujaldi, Garhwal, UK. Gp. Trilokadhar Dwivedi,
Vishveshvaradatt Shastri. H.O.D. of Vyākaraṇa.
Add. Bartan Bazar, Moradabad, U.P. Spl.Ref.
Sāhitya, Vyākaraṇa.

Kothiya, Darwari Lal. Acharya (Nyāya, Jaina
Darśana), M.A., Ph.D. b. 11.06.1911. Nainagir,
Chattarpur. Bks. 10. Jaina Darśana aura
Parmāṇaśāstrapariśīlana, Jaina Tarkaśāstra
me Anumānavicāra, Jaina Tatvajñānamīmāṃsā. Ps. 70. Spl.Ref. Jainology,
Nyāyalaṅkāra Award, Bhartiya Gyanpeeth
Award, Kundkund Puruskar, President
Awardee.
Kothiya, Govind Das. M.A., Acharya in Sāhitya,
Veda. b. 1976. Principal. Shantinath Vidhyalaya
Ahar M.P. Bks. 05. Śilpajñamālā Paccīsī,
Amarasandeśa.
Kotia, Manjula Ben. Ph.D. b.20.03.1966. Prof.
Gurukul Mahila Arts College Bokhira
Porbander. Add. 102, Sagar Appartment
Manhar Plot Rajkot. Spl.Ref. Vedānta Śāstra.
Kottamangalam, Sundararajachary Varadacharya. Vidvat in Navya Nyāya, Viśiṣ-ādvaita
& Vedānta. b. 18.10.1922, Kottamanglam,
Chengalpat, TN. Bks. 02. Nyāyamañjarī
Vyākhyāna, Rāmāyaṇa. Add. Jayanti Printer,
Pampapet Road, Mysore, KT. Spl.Ref. Navya
Nyāya, Viśiṣ-ādvaita, Vedānta. Recipient of
Pandita Ratna Award.
Krishanlal. M.A., Ph.D. b. 20.11.1933. Port
Blair, Andaman. HOD. Skt. Deptt., DU. Bks.
07. Śiñjāravaḥ, Anantamārgaḥ, Camatkāraḥ.
Add. Vishvaneed E-937. Saraswati Vihar, Delhi–
34.
Krishannunni, N.D. Vyākaraṇa, Sāhitya
Śiromaṇi. b. 15.12.1908. Rtd. Prof. Bks. 05.
Trimadhuram
Pañcāmṛtam,
Ātmopadeśaśatakam. Add. Raghuvihar, Thiruvambadi,
Trissur – 01. Kerala. Spl. Ref. Vidyabhushan,
Pt. Ratan, Ashvaghosh Kaviratan, Sāhityanipuna, Savyasachi, Founder Aksharshalok
Parishad.
Krishna Devi. M.A., M.Phil. b. 08.10.1966.
Rohtak, Asct. Prof. Deptt. of Skt. Pali & Prakrit.
Gp. Prof. Dr. Maan Singh (President Awardee).
Sp. Sarita Devi. Ps. 04. Add. Krishna Kutir
H.No. 918, Sector – 3 K.K.R. Ph. 01744230918.

