
Sharma, Prabhu Dayal. Sāhityacharya. b.
01.07.1962, Ambarpur, Barelli, (U.P.).
Teacher. Gp. Mahendra-narayan Shukla,
Satanjiv Mishra. Ps. 03. Add. Shri Chetan Jyoti
Sanskrit Mahavidyalaya, Bhupatwala,
Haridwar. Spl.Ref. Sāhitya.
Sharma, Prabhu Dutt ‘Atreya’. Acharya
(Vyākaraṇa, Sāhitya, Darśana), M.A. b.1921.
Prapurna, Shunjhunu. Asst. Prof., Bhasha
Vigyan, Shri Digambar Jain Sanskrit College,
Jaipur. Bks. 11. Śrī Rāmeśvara-Caritam,
Sustavakam, Bhattārikā, Prapatti-Pīyūṣārṇavaḥ, Jagadguru-Gauravam.
Sharma, Prabhu Narayan. M.A., Ph.D.
b.11.01.1936, Rohua, Muzafarpur, Bihar. Asst.
Prof., Dharmasastra Deptt. Gp. Ramakaran
Sharma, Ramchandra Mishra, Madanmohan
Jha. Bks. 05. Ps. 06. Add. Kameshwar Singh
Darbhanga Sanskrit University, Darbhanga
(Bihar). Spl.Ref. Vyākaraṇa & Sāhitya.
Sharma, Prakash Chandra. Sāhityacharya,
M.A. b.01.01.1943. Teacher, Ramarshi Sanskrit
Mahavidyalaya, Karala, Delhi. Ps. 04. Add.
Karala, Delhi–110081. Spl.Ref. Sāhitya.
Sharma, Pramod Kumar. Acharya in
NavyaVyākaraṇa, M.A., Ph.D. b. 09.05.1974.
Asalpur, Firozabad, U.P. Asst. Prof. J.R. RJ
Sanskrit Vishvavidyalaya, Jaipur. Gp. Shri Ram
Prasad Tripathi. Bks. 06. Sāṅkhyakārikā
(Sanskrit
Comm.),
Laghu-siddhāntakaustubham, Paṇinīya Vyākaraṇe Prameya
Samikṣā. Ps. 05. Add. H.No. 23, Vishvavidyalaya
Parisar, RJ Sanskrit Vishvavidhyalaya, Madau,
Bhankrot, Jaipur – 302026.
Sharma, Pramod. Shastri, Shiksha Visharad,
Sāhityacharya. b. 04.03.1964, Nahan. Guru
Parampara. Shri Mast Ram Sharma, Shishya
Parampara. Anju Malik. Add. H. IV 158/3,
Premi Niwas Mohalla Khatapur, Thanghar
City, Kurukshetra – 13618. Ph. 292521,
9416772796.
Sharma, Prem Kumar. Acharya in Jyotiṣa.
b.04.03.1961, Kayalar, Saparun, Solan, H.P.
Asst. Prof. Ps. 05. Add. Shri Lal Bahadur Shastri

257

Kendriya Sanskrit Vidyapeetha, Katwaria Sarai,
New Delhi–110016. Spl.Ref. Jyotiṣa.
Sharma, Prem Kumar. Acharya in Vyākaraṇa.
b.07.11.1939, Baraura, Budaun, (U.P.). Gp.
Ramajita Upadhyaya, Pt. Haridatta Sharma.
Ps. 05. Add. 74, Thathera Bazar, Meerut (U.P.).
Spl.Ref. Vyākaraṇa.
Sharma, Prem Lal. Shastri, Acharya.
b.15.05.1956. Tehri, Garhwal. Prof., Punjab
University, Hoshiarpur. Ps. 50. Add. 61. New
Bank Colony, Una Road, Hoshiarpur (Punjab)146021.
Sharma, Priya Vrat. A.M.S. b. 1920. Patna.
Principal, Govt. Ayurved College, Patna. Gp.
Pt. Satyanarayan Shastri. Sp. Pt. Kashinath,
Pt. Gomati Prasad Mishra. Bks. 10. Dravyaguṇavijñāna, Abhinava Śarīrakriyāvijñāna,
Vāgbha-avivecana, Carakacintana, Āyurveda
kā Vaijñānika Itihāsa.
Sharma, Punit. M.A., Ph.D., Diploma in
Linguistics. b.17.12.1960. Ps. 02. Add. 68A, Pocket AG-1, M.I.G. Flats, Vikaspuri, New
Delhi–110018.
Sharma, Purushottam Kar. Sāhityaratna, M.A.
(Skt. & Hindi). Bks. 04. Satyārtha-prakāśa
(Oriya Tr.), Bṛhadāraṇyakopaniṣad (Oriya
Tr.), Bhaktipuṣpāñjaliḥ, Iha svargadvāre
(Kāvyam). Add. Teacher, Bant High School,
Bant, Balasore–756114 (Orissa). Spl.Ref.
Sāhitya & Darśanaa.
Sharma, Purushottam. M.A., M.Ed., M.Phil.,
Ph.D. b.14.04.1953. Katra, Jammu. Bks. 01.
Īśāvāsyopaniṣad (Comm.). Ps. 04. Add. P.G.
Dept. of Sanskrit, University of Jammu (Tawi)
Sharma, Pushkar Datt. M.A., Ph.D.
b.21.04.1927. Taranagar, Churu. Asst. Prof.,
Jain Vishvabharti Institute, Ladnu. Bks. 05.
Saṃskṛta Pratīveśinī, Kṛtyamahārṇava,
Rājasthānasyādhunika-kathālekhkāḥ,
Saṃskṛta Sāhityetihāsah. Ps. 50. Spl.Ref.
Famous Story & Essay writer.
Sharma, Pushkaracharya. Acharya, Shiksashastri. b.15.10.1955. T.G. Teacher, Rajkiya
Uchchatar Madhyamik Senior Secondary

