138



Mahapatra, Sachidananda. M.A., M.Phil.,
Ph.D., Dipl. in German. b. 25.07.1961.
Sambalpur. Reader & Head Govt. College
Sundergarh, Orissa. Gp. Pt Baldev Upadhyaya,
Pt. Kapil Dev Shastri. Bks. 01. Concept of
Jātavedas in Vedic Literature. Ps. 03. Add.
Deptt. of Skt. Govt. College Sundergarh 770002. Odhisha. Ph. 06622272240, M.
09437352903. Spl. Ref. German Veda Ashr
Vidya Bharati Award, Smt. Sushila Devi Award.
Mahapatra, Vasudev. b.1851, Shikarpur Shasan,
Ghumushar, Ganjam, Orissa. Acharya. Bks.
01. Abhinavarāmāyaṇaṃ. Expired in 1939.
Mahapragya, Acharya. He Studied Hindi, Skt.
Prakrit, Rajasthani language and Lit. along
with Physics, Biology, Ayurveda, Politics,
Economics and Sociology. b. 14.06.1920, RJ.
HOD, Bharti Uni. Ladnun, RJ. Gp. Ach. Tulsi.
Bks. 300. Art of Thinking Positive, Powards
Inner Hormony & Mine, Mind beyond mind,
New man new World. Exp.on 09.05.2010.
Spl.Ref. Mother Teresa National Award,
Communal Harmony Award Ambassedor of
Peace by Inter Religious and International
Federation.
Maharaj, Acharya Gyansagar. Acharya. b. 1892,
Ranoli, Sikar RJ. Gp. Acharya Shiv Sagar
maharaj. Sp. Vidhyasagar, Vivek Sagar, Vijay
Sagar. Bks. Vīrodaya (Mahākāvya), Jayodaya
(Mahākāvya), Sudarśanodaya (Mahākāvya),
Dayo-daya (Compūkāvya), Munimano-rañjana
Śataka. Exp.on 07.06.1973. Spl.Ref. He is
Awarded by Charitra Chakravarti.
Maharaj, Ajit Sagar. b. 1925, Bhaura, Ashta
Bhopal M.P. Gp. Acharya Shiv Sagar Maharaj.
Bks. 01. Sūriṃ Prabandhe Śivasāgaram.
Maharaj, Kanthu Sagar. Digambar Acharya.
Bks. 20. Śānti Sudhā Sindhu, Śānti
Sāgaracaritra, Bodhāmṛtasāra, Caturviṃśati
jaina stutiḥ. Spl.Ref. Ahimsa Parva is celebrated
on his birthday.
Maharaj, Vidhya Sagar. b. 10.10.1946, Sadalga,
Belgram KT. Munishri Acharya. Gp. Acharya
Gyan Sagar ji., Acharya Shanti Sagar Ji. Sp.

Muni Yog Sagar, Muni Abhay Sagar, Muni
Prasad Sagar. Bks. 05. Nirañjana Śataka,
Bhāvanā Śataka (Saṃskṛta), Sunīti Śataka,
Mūkamā-ī (Mahākāvya–Hindī), Caitanya
Candrodaya (Mahākāvya Saṃskṛta). Add.
Kendra Sthan, Bhagyodaya Tirtha, Khurai
Road, Sagar M.P. Spl.Ref. Scholar of Jain
Darśana, Vyākaraṇa, Chand Śāstra, Nyāya,
Darśana, Sāhitya, Adhyatma, Prakrit,
Apbhransh, Sanskrit, Kannad, Marathi, English,
Hindi & Bangla.
Mahashankar, Ghelabhai Shukla Agnihotri.
b. 14.03.1900, Ponsara, Maroli, GJ. Bks. 03.
Śrautaśiromaṇi, Saddharmamārtaṇ©a, Yājñikaviśarada. Add. Soniphalisa, Surat (GJ). Spl.Ref.
DharmaŚāstra.
Mahato, Damodar. M.A., Ph.D. b. 01.06.1952.
Sundarpur (Munger). Bks. 04. Vaidikī Prakriyā,
Pāṇinīya Śikṣā, Śīśe kī Darāra, Banārasī Havā.
Ps. 06. Add: Prof. Colony, Patel Nagar, P.O.
T.N.B. College, Bhagalpur, Dist. Bhagalpur812007, (Bihar), Ph. (0641) 500866.
Mahaur, Jagdish Prasad. M.A., M.L.I.S. b.
05.05.1960. Dist. Sitapur, U.P. Asct.Prof.,
Motilal Neharu College, Univ. of Delhi. Bks.
02. Ps. 10. Add: D – 1/181. Brijpuri, Wazirabad
Road, P.O. GokulPuri, Delhi – 110094. Ph.
(R) 2854102, (O) 3383097.
Mahavir, Sinha. Sanskrt. b. 31.07.1940.
Teacher, Govt. Higher Secondary School, New
Seelampur, Delhi. Ps.01. Add. C-6/440,
Yamuna Vihar, Delhi – 110053. Spl.Ref.
Sāhitya.
Mahavir. Acharya in Darśana, & Vyākaraṇa,
M.A., Ph.D. b. 20.05.1937. Asst. Prof., Shivaji
College, Raja Garden, New Delhi. Ps.02. Add.
A-3/11, Pashchim Vihar, New Delhi – 110063.
Spl.Ref. Darśana, Vyākaraṇa.
Mahendra, kumar. Shastri, Sāhitya-Vachaspti,
Siddhantbhushan. b. 05.05.1921. Teacher.
Ps.01. Add. Arya Balagriha, Pataudi House,
Darya Ganj, New Delhi – 110002.
Mahendra, Sinha. M.A. b. 01.01.1939. Teacher,
D.A.V. Higher Secondary School, Paharganj,

