206



Adhyayana. Add. Keshav Kunj, Shrinagar
Colony, Bhandaria Road, Khandwa, M.P.
Parashar, Kanhaiyalal. Acharya. Ph.D. b.
25.01.1941, Singhavali, Meerut. Asst. Prof.,
Gp. Dr. Ramamurti Sharma, Dr. Govinda
Trigunayata. Ps. 30. Add. V.V.B.S.B.B.
Anusheelan Sansthan, Punjab University,
Sadhu Ashram, Hoshiarpur (Punjab). Spl.Ref.
Sāhitya.
Parashar, Shyamdev. M.A., Ph.D., MOL b.
03.03.1922. HOD. Vishveshawarnand Vedic
Shodh Sansthan, Hosiyarpur. Bks. 03.
Ṛtucakram, Madhumādhurī, Triveṇī. Add. 223.
Hari Nagar. Hosiyarpur – 01. Punjab. Spl.Ref.
Sāhitya. Delhi Skt. Academy Samman, Punjab
Rajya Siromani, Kavi Ratna.
Parasharay, Jyoti M. Ph.D. b. 27.12.1936. Prof.
Gurukul Mahila Arts & Commerce College
Porbander. Ps. 05. Add. 2193-C Shanti Sadan
Hill Drive, Bhav Nagar. Spl.Ref. Vedānta Śāstra.
Parauha, Tulsi Das. M.A. (Navya Vyākaraṇa,
Sāhitya). b. 12.06.1971. Katni (M.P.). Asst.
Prof. J.R. Handicapped University Chitrakoot
(U.P.) – 210204. Bks. 03. Śaṅkarṣaṇacaritāmṛtam, Kālidāsa, Itihāsa Purāṇoṃ kā
Paricaya. Ps. 20. Add. ‘Sanskrit Bhavan’ Sphatik
Tila, Chitrakoot, Satna, M.P. Ph. (05198)
224481, 9424740049, 9450329887.
Pardhi, Narmada S. Ph.D. b.05.04.1953. Prof.
D. D. Thakur Arts & K.J. Patel Commerce
College, Laxmipura Road, Khedbrahma. Ps.
05. Add. Pragya Kunj, Patel Society,
Khedbrahma. Spl.Ref. Vedānta Śāstra.
Pargai, Damodar. Acharya in NavyaVyākaraṇa,
NET, Ph.D. b. 11.07.1978. Haldwani. Asstt.
Prof., Uttarakhand Skt. University. Ps. 02.
Add. Deptt of Vyākaraṇa, Uttarakhand Skt.
Univ. Haridwar- 249407. M. 09410939700.
Spl.Ref. Navya Vyākaraṇa.
Parikh, Deepak kumar Pramod Rai. Ph.D.
b.13.01.1970. Prof. Smt. Kusumben Karkiya
Arts & Commerce College, Hansot Road,
Ankleshwar, Bharuya. Ps. 03. Add. Rangkripa
D-4 Modi Nagar, Ankleshwar, Bharuya. Spl.Ref.
Vedānta Śāstra.

Parikh, Rasiklal Amritlal. M.A., B.Ed. b.
27.04.1926, Padra (GJ). Bks. 05. Subodh
Grammer Books (Vol. I-V). Ps. 02. Add. 1114/
5, sommath Mahadevis Street, Haripura, Surat,
(GJ) – 395003. Ph. 442901.
Parikh, Vasant. M.A., Ph.D. b. 17.03.1933,
Amreli. Rtd. Prof., Pratap Rai Arts College,
Amreli. Bks. 15. Mahābhārata : A Study,
Mṛcchāka-ikam : A Study, Tarka Taranginī
(Critical Ed.), Tarka-saṃgraḥ with Dīpīkā
(Critical Ed.), Tarkbhāṣā (Ed.), Char Darśanas.
Ps. 70. Add. 03, Dena Bank Society, Station
Road, Amreli-365601, (GJ). Ph. (02742)
224635.
Parikh, Vasantrai Girdharlal. Ph.D. b.
17.03.1933. Prof. Prataprai Arts College
Ambreli. Ps. 05. Add. 3, Near Dena Bank Society
Ambreli. Spl.Ref. Alaṅkāra, Darśana Śāstra.
Parivrajak, Brahm muni (Priyaratna). Studied
in Vyākaraṇa, Nyāya, & Pingal-Śāstra. b. 1893.
Lakhnoti, Saharanpur. Gp. Pt. Vanmalidutt
Chaube, Swami Poornanand, Pt. Devnarayan
Tiwari, Dhundiraj Shastri. Spl.Ref. Written
Sanskrit Teekas of Upnishad, Sāṅkya,
Vaiśeṣika, Vedānta-Darśana and nirukta.
Parmar, Ansuya Ben Narsingh Bhai. Ph.D.
b.08.11.1966. Prof. Shri D.K.V. College,
JamNagar. Ps. 04. Add. Block No. D/1/4, Govt.
Quarter, Valsura Road, Jamnagar. Spl.Ref.
Purāṇa Śāstra.
Parmar, Bharat Kumar D. Ph.D. b.10.07.1974.
Prof. M.N. Arts Science College, VishNagar.
Ps. 03. Add. 37, Shubh Laxmi Society, Gurukul
Road, VishNagar. Spl.Ref. Vyākaraṇa Śāstra.
Parmar, Bhupat Bhai A. Ph.D. b.01.06.1964.
Prof. Arts Science & R.J. Patel Commerce
College, Bhadran, Aanand. Ps. 03. Add. 40,
Dhartipark Society, Near New Sabji Market,
Borsad, Aanand. Spl.Ref. Vedānta Śāstra.
Parmar, Dinesh Kumar Veera Bhai. Ph.D.
b.07.12.1970. Prof. S.B. Mahila College
Himmat Nagar, Savgarh Sambharkanta. Ps.
03. Add. 121 Sharda Kunj Society, Motipura,
Himmat Nagar. Spl.Ref. Vedānta Śāstra.

