270



Academy. Awarded by Governer of RJ. Sanskrit
Ratnakar. Published his many Poems, Stories,
Articles & Verses in ‘Bhārtī’ & ‘Svaramaṅgalā’
magazines.
Shastri, Badri Prasad. Acharya. b. 24.04.1919.
Jhunjhunu, RJ. Chairman, Vyākaraṇa apeeth,
JRR Skt. V.V. Bks. 15. Add. Vyākaraṇa apeeth,
JRR Skt. VV. Jaipur – 26. RJ. Spl.Ref.
Dwaitadwait, Vishishtadwait, KāvyaŚāstra,
Vyākaraṇa a, Medha Puraskar by RJ Skt.
Academy, President Awardee.
Shastri, Bal. Acharya in Vyākaraṇa & Sāhitya,
M.A. Ph.D.. b. 16.10.1954, Varanasi (U.P.).
Asst. Prof., B.H.U., Varanasi. Gp. Acharya
Guruprasad Shastri, Acharya Sitaram Shastri.
Sp. Dr. P.N. Mishra. Bks. 11. Patañjali
Mahābhāṣyam, Laghuśabdenduśekharaḥ,
Tarksaṅgraha, Pañcatantram, Saṃskṛta
Vāṅmaya kā Vṛhat Ithāsa. Ps. 05. Add. B 1/
122, B – I, A – I, Dumraobag Colony, Assi,
Varanasi – 221005. Ph. (0542) 2369765,
9415446968. Spl. Ref. Pt. Ambikadutt Vyas
Puraskar by Rajasthan Sanskrit Academy.
Shastri, Baljit. Snātaka in Sanskrit. b.
31.10.1910. Bijnaur. District Information
Officer, Meerut. Gp.Aryasamaj Tradition. Bks.
05. Spl.Ref. Sanskrit, Veda. An Eminent Scholar
in Philosophy, Veda, Literature, Critics.
Shastri, Balveer Dutt. Acharya, (Sāhitya,
āyurveda), BIMS, MAMS. b. 10.03.1930. Rtd.
Prof., Director, Benda Ayurvedic Pharmacy,
Faridabad.
Bks.
06.
Śrīdarśanānda
Mahākāvyam, Hariścandramahākāvyam,
Balidānakāvyam. Ps. 14. Add. Benda Ayurvedic
Pharmacy, Faridabad, 1473/14 Faridabad,
Haryana. Spl.Ref. Novel, Story, Drama Writer.
Shastri, Bhairavgiri Goswami. Kāvyatīrth,
Sāṅkya Darśana Tirth, Ayurvedacharya. b.
1901. Saran, Bihar. Pracharya, Rajkiya Skt.
Mahavidyala, Muzaffarpur. Bks. 02.
Uttaranaiṣdhīyacaritam, Saryūśatakam Expired
in 1974. Spl. Ref. āyurveda.
Shastri, Bhau. B.18.09.1888. Varansi, U.P. Gp.
Pt. Laxman Shastri. Bks. 03. Kāśītīhāsaḥ,

Expired on 24.05.1953. Spl.Ref. Awarded by
‘M.M.’ & ‘Pravachankesari’.
Shastri, Bhavani Dutt. M.A. b. 06.12.1911.
Mandi, H.P. Rtd. Teacher, Govt. School H.P.
Bks. 03. Himakusumāñjaliḥ, Himasumanoguccham, Vipāśālāsāḥ. Spl. Ref. Founder
Sāhitya Sadan.
Shastri, Chajjuram. Shastri. b. Kurukshetra,
Haryana. Rtd. Acharya, Sanathan Dharam
Vidyalaya, Jindh. Bks. 03. Paraśurāmadigvijayam, Sultanacaritrakāvyam, Śivakāthāmṛtam Mahākāvyam. Spl.Ref. TarkŚāstra, Poet,
Vidyasagar Title by Jagatguru Sankaracharya.
Shastri, Chamu Krishna. Shastri. b.23.01.1956,
Kedila, Bantwal Taluk, KT. Gen. Secretary,
Skt. Bharti, New Delhi. Bks. 05. Saṅkramaṇam,
jñāne Dharmaḥ Uta Prayoge, Parivartanam,
Pariṣkāraḥ, Uttiṣ-hta, Māsvapta. Add. Skt.
Bharti, Mata Mandir Gali, Jhandewala, New
Delhi. 110055. Krishnashastry@hotmail.com.
Spl.Ref. Full Time Volunteer for Sanskrit.
Shastri, Chhajju Ram. B. 1905. Hariyana.
Asst.Prof. Kurukshetra. Bks. 02. ParaśurāmaDigvijaya, Śivakathāmṛtam.
Shastri, Chinna Swami. Kṛṣṇayajurveda,
Vyākaraṇa-Dharma-KāvyaŚāstra, Mīmāṃsā.
b.1889. Mandakonnatur, North Aarkat,
Chennai. Principal & Prof., Shri Venketashwar
Oriental Sanskrit College, Tirupati. Gp. Shri
Appaswami Shastri, Pt. Venkatraman Shastri,
M.M. Pt. Kuppuswami Shastri, M.M. Pt.
chandrashekhar Shastri, M.M. Pt. Venkat
Subba. Sp. Swami Gangeshwaranand, Swami
Bhagvatanand, Pt. Brahmdutt Jigyasu, Pt.
Pattabhiram Shastri, Pt. Subrahmanya Shastri,
Pt. Ramnath Dixit etc. Bks. 14. SāravivecanīTīkā, Tantrasiddhānta-Ratnāvalī, VaidikaYajña-mīmāṃsā, Yajñatattva-Prakāśa, Tāṇdyabrāhmaṇa. Spl.Ref. He was Chairman of
Devabhashaparishad between 1936 to 1948
& Member of Education board of A.P &
Lucknow. ‘M.M.’ awarded by British
Government & ‘Śāstraratnakar’ degree
awarded by Jagadguru Shankaracharya of
Kanchikamkoti, Peethadhishwar in 1942.

