52



Ps. 02. Add. D/o Prof. Upendrakumar Das,
Sripalli, Santniketan, W.B. 731235. Ph.
(03463) 52778. mayanila@dte.vsnl.net.in.
Das, Monidipa. Kāvya Upādhi, Ph.D. b.
24.11.1972, Karimganj. Asstt. Prof. Victoria
Inst. Kolkatta. Bks. 01. Add. 27M, Raja SC
Mullick Road Flat No. 6, Jadavpur, Kolkatta–
700032 M. 09339553427. Email-monidipa_
sanskrit@yahoo.co.in Spl.Ref. Sāhitya.
Das, Partha Pratim. M.A., M.Phil., Ph.D. b.
28.10.1963, Kolkatta. Prof. of Skt. Burdwan
Univ. Bks. 08. Add. D3 Tarabagh Burdwan
713104 W.B. M. 09474968701.
Das, Prabhat Kumar. M.A., B.Ed. b. 18.05.1975,
Orissa. Asst. Prof. Ps. 01. Add. C/o Prahllad
Charandas At – Balisahi, P.O. Balikuda, Disst.
Jagatsinghpur, Orissa. Spl.Ref. Prakrit.
Das, Rakesh. Acharya, M.Phil. b. 27.03.1985.
Asst. Prof. Deptt of Skt. Studies RK Mission
Vivekanand Univ. Gp. Prof. K.B. Ramkrishnaacharyulu, Dr. B.V. Venkatraman, Dr.
Umesh Nepal. Bks. 01 Kavīndra-Kathā-Kallolinī.
Add. Naveen Nagar Aswinipally P.O. Barsat
North 24 Pragna - 700124 W.B. Ph. 03325527496., M. 09748246305. rakdas@
gmail.com Spl.Ref. Sub Editor Katha Sarit
Das, Ram Chandra. Acharya in Sāhitya. b.
04.10.1950. Asst. Prof.. Add. Ramadhin
Sanskrit Mahavidyalaya, Berhampur, Ganjam
(Orissa). Spl.Ref. Sāhitya.
Das, Ramprakash, Acharya, M.A., Ph.D., B.Ed.
b. 13.04.1946. Editor, Akashvani-Doordarshan
News. Add. H-393, Srinivaspuri, New Delhi.
Spl.Ref. Sāhitya Śāstra.
Das, Rekha. M.A., B.Ed. b. 23.03.1948, Delhi.
Asst.Prof., Bhagavan Mahavir Sanskrit
Vidhyapeeth, Shakti Nagar, Delhi. Add. I –
1606, Chittaranjan Park, New Delhi 110019.
Spl.Ref. Darśana Śāstra.
Das, Tripti. M.A., Ph.D appearing b. 28.02.1963.
Silchar. Asst. Prof. Women’s College Silchar.
Ps. 01. Add. Women’s College Silchar, Cachar788001 Assam. Ph. 03842262909, M.
09954398216.

Das, Vaikunthapriya. Acharya. b. 29.10.1933,
Satod, MH. Asst.Prof. Add. Motinath Sanskrit
Mahavidhyalaya, Ramesh Nagar, New Delhi.
Spl.Ref. Sāṅkya, Yoga, Vedānta, Purāṇa.
Dasacharya, Tangoda. b. 04.04.1911, Saratur,
Dharwar, KT. Skt. Teacher. Add. Shri Gururaja
Pathasala, Vyasa Mandir, Shorapur – 585224
(KT). Spl.Ref. Dvaita Darśana.
Dasgoswami, Raghavanand. Acharya in
Vyākaraṇa. b. 1852, Khanduru, Dengapadara,
Ganjam, Orissa. Bks. 03. Oriya Translation
of Bhagavad Gītā, Oriya Translation of
Siddhāntakaumudī, Prasannarāghava-īkā.
Expired on. 16.11.1959. Spl.Ref. Associated
with many pandit sabhas & Religious
Institutions.
Dasgupta, Surendra Nath. B.A., M.A. b. 1887,
Kushlia, Bengal. (Now in Bangladesh).
Principal of Sanskrit College. Sp. Debiprasad
Chattopadhyaya. Bks. 10. A history of Indian
Philosophy (5 Vol.), General Introduction to
Tantra Philosophy, A Study of Patañjali, Yoga
Philosophy in Relation to other, Systems of
Indian Thought, Hindū Mysticism. Expired
in 1952. Spl.Ref. Dasgupta had taken the
Griffith Prize in 1916 and his doctorate in
Indian Philosophy in 1920.
Dash, Achyutanand. Shastri, M.A. (Skt./Pali),
M.Phil., Ph.D. b. 20.05.1960. Orissa. Prof.
Dr. H.S. Gaur Univ. Sagar, M.P. Gp. Prof.
S.D. Joshi, Sp. Dr. Narayana Dash, Dr.
Sheetanshu Tripathi. Bks. 19. Vyutpattivāda
(ed.), Ātmajñānabhakti-yoga, Ātmatattva
Vivekaḥ (ed.), Nyāyapradīpaḥ, Reflections
On Kāraka Theory. ps. 80. Spl.Ref. Research
Associate of BORI, Pune (1988). Co-editor
of Encyclopedic Dictionary of Sanskrit in
Historical Principle, Deccan College, Pune
(1988-90). Visiting Professor of University
of Oxford (1993,1997-98) and The first and
founder Visiting Prof. of Sanskrit in the ‘Chair
for Sanskrit and Buddhist Studies’ at the
National University of Mangolia (2006).
Scholarly visited UK, Paris, Switzerland etc.
UGC Minor Project on “Reflections on Kāraka

