112



Campus, Vishalkhand–4. Gomati Nagar,
Lucknow, U.P.
Jha, Sureshwar. Acharya, Ph.D. b. 03.07.1958,
Hulas, Bihar. Asct. Prof. K.S.D. Skt. Univ.
Gp. Yadunandan Jha, Pt. Upendra Jha. Ps.
01. Add. East of Gas Godown. L. Sagar.
Darbhanga. (Bihar). Ph. (06272) 21431.
Spl.Ref. Vyākaraṇa Śāstra.
Jha, Suryakanta Laxman. Acharya (Sāhitya,
NavyaVyākaraṇa) b. 19.09.1929, Madhubani,
Bihar. Principal. Gp. Pt. Ishvarnath Jha. Add.
Shri Brahmakarmavardhini Sanskrit College
Itwari, Nagpur-2, MH. Spl.Ref. Vyākaraṇa
Śāstra, Sāhitya.
Jha, Suryanarayan. Acharya. b. 26.07.1946,
Ratnapur, Saharasa, Bihar. Asct. Prof. Bks.
Kavīndragaṅgānanda-kavita tathā Kṛtittva.
Add. 23, Shri Lal Bahadur Shastri Kendriya
Sanskrit Vidyapeeth, Katwaria Sarai, New
Delhi. Spl.Ref. Sāhitya.
Jha, Suryanarayan. Shastri, Acharya. b.
10.05.1914, Vill. Muradpur, Saharasa, Bihar.
Retd. Acharya, K.D. High School, Muradapur,
Saharasa. Gp. Nirsan Kumar, Ishwar Nath.
Add. Vill. Muradapur, P.O. Chandraindharahara, Nauhatta, Saharasa Bihar. Spl.Ref.
Vyākaraṇa, Nyāya Śāstra.
Jha, Tarinish. Acharya in Vyākaraṇa, Vedānta.
b. 03.04.1919, Panch Gachiya, Bihar. Gp. Pt.
Nirashan Kumar, Sadanand Jha, Ravinath Jha.
Bks. 01. Saṃskṛta Hindī kośa and others. Add.
63, Meera Gali, Daraganj, Allahabad (U.P.).
Spl.Ref. Vyākaraṇa, Vedānta.
Jha, Tirthanand. M.A. b. 05.12.1955. Teacher,
Shri Samanta Bhadra Skt. Secondary School,
Dariya Ganj, New Delhi. Add. E-39, Kamla
Nagar, Delhi – 110007.
Jha, Trilok Nath. M.A., Ph.D. b. 03.08.1934,
Sarisab Pahi, Madhubani, Bihar. Head, Skt.
Department. Gp. Pt. Umakanta Jha, Dr.
Ramkarana Sharma, Dr. Jaymant Mishra, Dr.
S.S. Bagachi. Bks. 08. Gokulanāthapraṇītam
muditamadālasānā--akam(ed.). Add. Lalitanarayan Mithila Vishvavidyalaya, Darbhanga–

846004 (Bihar). Ps. 36. Add. Bela Garden,
Polytechnic Chowk, Darbhanga, Bihar. Pin–
846004. Ph. (06272) 22560. Spl.Ref. President
Awardee.
Jha, Tulakrishna. M.A., Ph.D. b. 27.08.1951.
Chainpur, Saharsa, Bihar. Vice-Principal, Postgraduate Skt. Deptt. Gp. Dr. Krishnadatta Jha,
Dr. Harimohan Mishra. Ps. 20. Add. Lalkothi.
Bhagalpur. Bihar. Pin. – 812002. Ph. (0641)
423212. Spl.Ref. Presidents Certificate of
Honour in Skt.
Jha, Udayakant. M.A., Ph.D.. b. 04.04.1939,
Chatauni, Madhubani, Bihar. H.O.D. of Sāhitya
Deptt. Gp. Dr. Krishnanand Jha, Dr. Khageshvar
Jha, Bks. 02. Śṛṅgāra Sāriṇī Samīkṣā,
Vijayabhūtī Samīkṣā. Add. Kameshwar Singh
Darbhanga Sanskrit University, Darbhanga
(Bihar). Spl.Ref. Sāhitya.
Jha, Udayanath ‘Ashok’. M.A., Ph.D.,
Sāhityaratna. b. 06.04.1959, Madhubani,
Bihar. Lecturer, Lakshmivati Sanskrit College,
Sarisabpahi. Gp. Pt. Chandramadhav Jha,
Maheshvar Jha. Bks. 01. Add. Bitho,
Sarisabpahi, Madhubani (Bihar).
Jha, Uditanarayan. Acharya in Vyākaraṇa. b.
31.07.1925, Darbhanga, Bihar. Rtd. Teacher,
Add. Village Machhaita, P.O. Kurso – 847405,
Darbhanga Dist. (Bihar). Spl.Ref. Vyākaraṇa.
Jha, Uma Raman. M.A, Acharya in Nayāya,
Ph.D, D.Lit. b. 18.07.1943. Rtd. Prof. &
Principal, Rashtriya Sanskrit Sansthan,
Lucknow.
Bks
30,
Nyāyasāravicāra,
Daśapadārtha Śāstram, Trakapraveśaḥ, Śrī
Nehrūcārucarcā, Viveka-sāhasrī. Ps 200,
Spl.Ref. Darśana, Poet, Member U.P. Sanskrit
Sansthan, Associate with A.I.O.C Vishwa
Sanskrit Sammelan etc. 40 Radio Talks,
Awarded from Sringeri Shankaracharaya,
Kanchipuram Shankaracharaya, Penjawaramathadhish etc. President Awardee.
Jha, Upendra ‘Vimal’. M.A., Ph.D. b. 02.01.1940,
Dist. Samastipur, Bihar. Principal. Sanskrit
Hindi Vidyapitha, Khamhar, Begusarai. Add.
Manohar Nikunja, Begalagarh, Darbhanga,
(Bihar). Spl.Ref. Sāhitya.

