262



Add. Rajghat, Bulandshahar (U.P.). Spl.Ref.
Vyākaraṇa.
Sharma, Ramesh Chandra. M.A. b. 15.05.1938,
Mania, Dholpur. Head. Gp. Kailashachandra
Mishra, Rajakumar Jain, Vrijmohan
Chaturvedi. Ps. 05. Add. B. U. College, Patiala–
143505 (Punjab). Spl.Ref. Sāhitya.
Sharma, Rameshwar Datt. M.A., Ph.D.
b.18.01.1934, Bhaklana, Hisar, HR. Asct.Prof.
Rajkiya P.G. College, Bhivani. Bks. 05.
Divyadṛṣtiḥ, Hariyāṣā Saṃskṛta Vṛttam, MahrṣI
Dayānanda Vṛttam, Cirāyaloke śivamātanotu,
Gīrvaṣabhāṣa Khalu Raṣtrabhāṣa.
Sharma, Rameshwar Dayal. Sāhityaratana,
M.A. b.05.06.1935. Teacher, Govt.Higher
Secondary Girls School, Sarojini Nagar, New
Delhi. Ps. 05. Add. D-G- 956, Sarojini Nagar,
New Delhi. 110023. Spl.Ref. Sāhitya.
Sharma, Rameshwar Dayalu. Acharya
(Vyākaraṇa, Sāhitya). b.15.05.1936. Asst. Prof.
Add. Ps. 05. Shri Baba Kali Kamali Sanskrit
Mahavidhyalaya, Ramnagar, Pashulok,
Rishikesh. Spl.Ref. Vyākaraṇa & Sāhitya.
Sharma, Rameshwar Dutt. M.A., Ph.D.
b.18.01.1934. Bhaklan, Hisar. Bks. 08.
Hariyāṇā Saṃskṛta Vṛttam, Divya Dṛṣti,
Brāhmaṇa Samāja, Rādhikācaritam, Jīvana
Saritā. Add. H.No.03, Vikas Nagar, Bhiwani.
Sharma, Rameswar Dutt. M.A., Ph.D. b.
18.01.1934. Hissar. Haryana. Bks. 05.
Haryāṇāsaṃskṛtavṛttam, Anubhūtiḥ. Add. 3,
Vikas Nagar, Bhiwani, Haryana. Spl. Ref.
Sanskrit Poet.
Sharma, Ramgopal Bhagirath. Acharya in
Sāhitya, Kāvyatīrtha, M.A. b.10.01.1933, Paher
Goan, Hoshangabad, (M.P.). Asst. Prof. Gp.
Vinayakaji, Govindalal, Shridhar Shastri. Ps.
05. Add. Sanskrit Upadhi Mahavidyalaya,
Indore (M.P.). Spl.Ref. Sāhitya & Kāvya.
Sharma, Ramgopal. M.A., L.T. b. 21.05.1945.
Teacher, Govt. Adarsh Higher Secondary
School, Vivek Vihar, Delhi – 110032. Ps. 03.
Add. 201-H, Gautam Nagar, New Delhi–49.
Spl.Ref. Sāhitya.

Sharma, Ramji Bhai Pyare lal. Ph.D.
b.12.08.1940. Prof., Smt. Sadguna C.U. Arts
College for Girls, Lal Darwaja Ahemdabad.
Ps. 05. Add. Panini 10, Vejnath Society, Near
Jal Tarang, Jivaraj Park, Ahemdabad. Spl.Ref.
Vyākraṇa & Sāhitya.
Sharma, Ramji Lal. Acharya in Sāhitya, M.A.,
B.Ed. b.27.09.1941. Teacher, A.S.V.J. Higher
Secondary School, Daryaganj, New Delhi. Ps.
03. Add. V/14, Bhagavat Gali No. 1, Arvind
Mohalla, Ghoda, Delhi. Spl.Ref. Sāhitya.
Sharma, Ramlal. Darśana-acharya. b.
28.02.1945, Patat, Rajouri, J&K. Principal.
Gp. Mulraj, Parshuram Shastri, Jairam. Ps.
03. Add. Shri Raghunath Sanskrit
Mahavidhalaya, Veerpur J&K. Spl.Ref. Darśana
Śāstra.
Sharma, Ramlal. M.A. b.06.01.1939. Teacher,
Govt. Higher Secondary Girls School, Tilak
Nagar, New Delhi. Ps. 03. Add. 122-X, Paschim
Vihar, New Delhi. Spl.Ref. Sāhitya Śāstra.
Sharma, Ramlal. Vyākaraṇa charaya. b.
15.01.1956, Bandhaura, Panna, M.P. Princ.
Gp. Rajaram Dwivedi, Ramswaroop Mishra.
Ps. 03. Add. Govt. Sanskrit College, Gwalior
M.P. Spl.Ref. Vyākaraṇa Śāstra.
Sharma, Rampal. Shastri, Acharya. b.
08.08.1959, Kurukshetra. Asst. Prof., Jai Ram
Viddhyapeeth. Add. H.No. 3/17, Maharana
Pratap Chouk, Birla Mandir, Kurukshetra –
13649.
Sharma, Ratan Lal. b.13.04.1973, Bilaspur
(H.P.) Asst.Prof. Gp. Pt. Sukhdev Chaturvedi,
Pt. D. P. Tripathi. Ps. 10. Add. U. K. Skt. Univ.
Haridwar.
Sharma, Ratan Lal. M.A. b.08.02.1909. Raipur.
Rtd. Asst. Prof. Gp. Sudhakar Pandey. Ps. 05.
Add. Bhaskar Vilas, Rani Bazar, Bikaner (RJ).
Spl.Ref. Sāhitya.
Sharma, Rath Ganeshwar. Pandit of Sanskrit
Literature. b.1898. Khalikote, Ganjam. Teacher
in High School, Kalahaddi (Orissa). Bks. 02.
Vratavidhānapadhhatiḥ.
Can©ividhānapadhhatiḥ. Expired on 30.01.1984.

