300



Gp. Prof. Gopikamohan Bhattacharya, Dr.
Kapildeo Shastri, Dr. Shrinivas Shastri. Sp.
Dr. Rajpal Koushik, Dr. Ramnivas, Dr. Rajveer,
Dr. Nandi Devi, Dr. Radheshyam Sharma.
Bks. 21. Mahābhārata Padānukramakoṣe
Bhīṣmaparvakhaṇdaḥ, Mahābhārata Padānukramakoṣe Uddyogaparvakhaṇdaḥ, Mahābhārata Padānukramakoṣe Virā-aparvakhaṇdaḥ, Mahābhārata Padānukramakoṣe
Āraṇyakaparvakhandaḥ, Ps. 20. Add. F – 05,
University Campus, Kurukshetra University,
Kurukshetra, Haryana – 136119. Ph. (01744)
239573, 207179, 09416334660. Professor.
ranvir@gmail.com. Spl. Ref. 59 Paper Presented
at National Seminars: PPNS.
Singh, Ranvir. Shastri, Acharya, M.A., B.Ed..
b. 08.03.1969, Rohtak, Haryana. Principal,
Jai Ram Viddhyapeeth. Add. 525/9 – A, Laxman
Colony, Kurukshetra. Pin. 136118. Ph.
9996491551. 01744-290431.
Singh, Sanghasen. M.A. Pali & Skt. b.
03.07.1933. Allahabad. Rtd.Prof., HOD Deptt.
of Buddhist Studies, D.U. Bks. 05.
Bodhicaryāvatāra, Abhidharmakośa (Ed.). Ps.
50. Spl.Ref. Pali, Manuscriptology, President
Awardee.
Singh, Satya Prakash. M.A., Ph.D., D.Litt.
b.01.02.1934. Jaunpur, U.P. Bks. 07. Śrī
Aurobindo & Whitelead, Śrī Aurbindo & Jung,
Śrī Aravinda Darśanam, Phlilosophy of
Dīrghatamas Grahavaśi. Ps. 60. Add. 3/508,
Begpur, Aligarh, U.P. Spl.Ref. President
Awardee.
Singh, Satyavrat. Shastri, M.A., Ph.D., D.Litt..
b. 03.04.1913, Vill. Rewati, Dist. Balia (U.P.).
Asst. Prof. & H.o.D. & Dean Faculty of Arts
& V.C. of Sampurnanand Sanskrit University.
Gp. Shrimadabhinava Ranganath Parakal
Swami, Prof. K.A.S. Iyer. Sp. Matri dutta
Trivedi, Prof. J.P. Sinha, Prof. A.K. Kalia, Dr.
Brahma
Mitra
Awasthi.
Bks.
10.
Bhāravimadhikṛtya, Alaṅkār-sarvasvavimarśaḥ,
Satyopdeśa-muktāvalī,
Aghoradarśanavimarśaḥ. Add. Sampurnanand Sanskrit
University, Varanasi. Spl. Ref. Ex. Director

of Pauranic and Vedic Adhyayan aur
Anusandhan Sansthan Naimisharanya,
President, Director of Research Institute of
A.B.S. Parishad Lucknow.
Singh, Shiv Mangal Suman. M.A., Ph.D., D.Lit.
b.Rewa M.P. Prof. & Chairman of Kalidas
Academy, Ujjain. Gp. Ramchandra Shukla,
Keshav Prasad Mishra. Bks. 05. Prakṛti Puraṣa
kalidāsa (Nākata), Mi--ī kī Bārāta (Nātaka),
Mahādevī kī Kāvya Sādhanā, Hillola (Kāvya
Saṅkalana). Spl.Ref. Great Poet in Hindi &
also well known Critics of Skt. Literature &
director of skt. Plays. Expired.
Singh, Siddharth. M.A. (Pali, Buddhist Studies),
Ph.D. Asst. Prof. BHU. Bks. 01. Ps. 20. Spl.Ref.
Pali, Buddhist Studies, He worked in Japan
Foundation, Japan on the studies of Pali
Literature, Maharshi Badrayan Samman by
President of India.
Singh, Surat Narayan. M.A. b.08.07.1940.
Dehribhar, Gorakhpur, U.P. Asct. Prof. Gp.Dr.
Vidhyaniwas Mishra, Dr. Virmani Prasad
Upaddhyay, Dr. D.N. Shukla. Ps. 05. Add.
National Degree College (P.G.) Badahalganj,
Gorakhpur U.P. Spl.Ref. Sāhitya.
Singh, Umesh Prasad. Modern. b. 01.07.1957,
Mirzapur (U.P.). Prof., B.H.U., Varanasi. Bks.
05. Śuklayajurveda Prātisākhya ek Pariśīlana,
Manusmṛti – II. Ps. 12. Add. B.H.U. Varanasi.M.
09455336652.
Singh, Veer Mahendra Prakash. b. 03.05.1966.
Jawali, Meerut, U.P. Asst. Prof., Sharda Devi
Sanskrit College, Delhi. Ps. 05. Add. B–1/8,
Dyalpu, Shastri Gali, Delhi–94.
Singh, Vidyanand. M.A., Ph.D. b. 08.07.1952.
Pitaunghia. Chairmen, Bihar Ragye Sanskrit
Acedemy. Bks. 01. Add. Pitaunghia, Jamalpur,
Gogary, Khagaria.
Singh, Virendra Kumar. M.A., D.Phil.
b.14.09.1953, Faizabad, U.P. Asct.Prof, Deptt.
of Sanskrit, Allahabad University. Ps. 05. Add.
10, Naya Manford Ganj, Allahabad. Spl.Ref.
Vyākaraṇa & Darśana.
Singhai, Shriyansh Kumar. Acharya, M.A.

