236



Ahemdabad. Ps. 04. Add. 20/474 Satyagraha
Chawani, Near Bhavnirjhar Satelite Road,
Ahemdabad. Spl.Ref. Apigraphy.
Rawliya, Ramji Bhai T. Ph.D. b.11.01.1959.
Prof., Seth Shri B.J. Addhyan Sanshodhan
Vidhya Bhawan, H.K.College Compound,
Aashram Road, Ahemdabad. Ps. 02. Add. A4 Yagyapurush Nagar, Ranna Park Ghat Lodiya,
Ahemdabad. Spl.Ref. Shilpa Śāstra.
Rawliya, S.M. Ph.D. HOD, Sanskrit Deptt.
M.V.M. Arts College, Rajkot. Ps. 02. Add. 6
Laxmi Society Raj Nagar, Nana Mouva Road,
Rajkot.
Ray Suchitra M.A., Vyākaraṇa tirtha, Ph.D.
b. 02.11.1949. Calcutta. Asct. Prof., Deptt
of Skt., Calcutta Univ. Bks. 01. Add. Deptt.
of Skt., Calcutta Univ. Ph. 033-25883413.
M. 09433410734.
Ray, Shipra. B.A., M.A., M.Phil, Ph.D.
b.09.08.1959, Tripura. Asct.Prof., Tripura Univ.
Tripura. Bks. 01. Ps. 10. Add. P.O. Teliamura
Bazar Distt. Tripura (w). Spl.Ref. Member
of Core committee women study cell Tripura
Univ. Tripura.
Ray, Vijay Shankar. Sāhityacharya, Ph.D.
b.07.01.1957, Bhojpur, Bihar. Asst. Teacher.
Gp. Shivaji Upaddhyay. Vayunandan Pandey.
Ps. 02. Add. Nat. Umarpur, Bhojpur, Bihar.
Spl.Ref. Sāhitya Śāstra.
Ray, Vimla. M.A. Ph.D. b.05.03.1943 (in
Pakistan). Asst.Prof. Gp. Rajendra Shukla.
Ps. 05. Add. B-59, Patel Nagar, New Delhi.
Spl.Ref. Sāhitya Śāstra.
Raya, Anantarama. Kāvyatirtha, Vyākaraṇa
tirtha. b.20.04.1932. W.B. Acharya. Gp. Gopala
Kaviratna. Add. Aram Bagh, Sri Ramkrishna
Chatuspathi, Aram Bagh, Hooghly (W.B.).
Spl.Ref. Veda & Sāhitya.
Raya, Anantaraya Jatasankara. Kamterala,
b.01.10.1939, Vardhmanpuri, GJ. Gp. Prof.
Anuparama Bhatta; Prof. Aster Simon; Prof.
Ramacandra. Ps. 02. Add. 39, Sandipani
Society, Ahmedabad–380054 (GJ). Spl.Ref.
Sāhitya.

Raya, Pranav. M.A., Kāvyatirtha. b.27.03.1937,
Basudevpur, Midnapore, (W.B.). Asst. Prof.,
Secretary, Bangiya Sanskrit Shiksa Parisad,
Calcutta. Bks. 01. Add. Govt. R.H.E. 193, Andul
Road, Flat No. R.P. 3, Howrah–711109 (W.B.).
Spl.Ref. Sāhitya.
Reddy, C.S.R. Linga. Shastri, Shikshashastri,
NavyaVyākaraṇa charya, M.A., Ph.D.
b.01.08.1977. R.Asst. Uttaranchal Skt.
Academy, Haridwar. Gp. Brahmadutt Jigyasu,
Pt. Vijaypal. Bks. Amṛdyamānā Maryādā. Ps.
05. Add. 504, Ganga Block, Ganga Darśana
Apts., Haripur Kalan, Raiwala, Dehradun,
(U.K.).
Reddy, Surya Narayan K. Vidvan, M.A. b.
01.07.1947, Proddatur, Cuddappa, A.P.
Asst.Prof. Gp. Anjanye Sharma. Ps. 02. Add.
S. V. Arts College, Tirupati A.P. Spl.Ref. Sāhitya
Śāstra.
Reddy, Vemuri Venkatraman. Acharya, Ph.D.
b.01.07.1954, Kotambadu, Nellore. Asst.Prof.
Gp. C.H.N.V. Prasad Rao. Ps. 03. Add. Shri
Venkateshwer Oriental Institute, Shri
Venkateshwer University, Tirupati, A.P. Spl.Ref.
Vedānta Śāstra.
Rekki, Ram. Shastri, Acharya in Vyākaraṇa.
Asst.Prof., R.B.L.G. Sanskrit College. Ps. 02.
Add. Gagarmal Sanskrit College, Court Road,
Amritsar Punjab. Spl.Ref. Vyākaraṇa Śāstra.
Renapurkar,
Harish
Chandra: M.A.
b.27.09.1924. Latur, MH. Rtd. Pricipal, Govt.
College, Gulbarg (Karnataka) Bks. 42
Kāvyonmeṣaḥ. Add. Lingodaya, Gulbarga
585102. KT. Spl.Ref. Urdu, Sāhitya, Darśana,
Veda, Poet.
Renil, Dev M.R. M.A., M.Phil., b.02.02.1981,
Alappurha. Bks. 01. Add. Avalookkunnv. P.O.
Alappurha. Kerala – 688006.
Reu, Vishvanath. Acharya. b. 02.07.1890.
Jodhpur (RJ). Lect. Jaswant College, Jodhpur.
Bks. 19. Viśveśvar Smṛti, Ārya Vidhānam (II
Vol.), Kṛśna Vilāsa, Vedānta Pañcaka, Śiva
Sudhākar. Spl.Ref. Pali, Prakrit &
Apabhramsha. Received M.M. Award.

