
Krishna Murty, G.S.R. M.A., Ph.D. b.
01.11.1958, Kottapadu. Bks. 05. Ps. 30. Add.
304 - III Floor, Adiseshu Residency, Shri Ram
Nagar, Akkarampall Road, Tirupati - 5170507.
Ph. 0877 – 2283167.
Krishna. M.A., B.Ed. b. 15.08.1941. T.G.T.
Sanskrit, N.P. Boys Senior Secondary School
No. 1, New Delhi. Add. Type – 3. Q. No. 22,
Lal Bahadur Sadan, Gole Market, New Delhi.
Krishnacharya, T. E. Kṛṣṇyajurveda b. October
1920, Tiruvallur, TN. Rtd. Veda Teacher. Gp.
Gandapuram Swami, Shrinivas Mahadeshika.
Add. 15, Shrirangaraj Street, Kanchipuram,
Chengalput, T.N. Spl.Ref. Kṛṣṇayajurveda.
Krishnacharya, Vattangadu. Vidvat (Sāhitya,
Dvaitavedānta), Śiromaṇi (Sāhitya, Mīmāṃsā).
b. 60 yrs., Mannargudi, T.N. Add. 6,
Arumukhachetti Lane, Tiruvallikkeni, Madras600005. TN. Spl.Ref. Sāhitya.
Krishnadeshikacharya, T.E. b. 01.04.1935,
Tiruvahindrapuram, South Acrot. Veda
exponent. Gp. Kanchipara-kalapithiya Nelava
Raghunathacharya. Add. 2/18 A, Shri Dishika
Bhavan, Tiruvahindrapuram, TN. Spl.Ref.
Kṛṣṇayajurveda.
Krishnadev, Aravinda. M.A. Ph.D. b.
08.09.1942. Principal. Add. Bhai Paramananda
Education Society, C-112, Majlis Park, New
Delhi – 110033.
Krishnadu, G. Vyākaraṇaśiromaṇi, M.A.,
Shiksashastri. b. 31.07.1955, Lingapalli, A.P.
Asst. Prof. Add. Shri Gauri Shankar Junior
College, Proddaturu – 516360 (A.P.). Spl.Ref.
Vyākaraṇa.
Krishnagopal, Brajesh. Acharya in Sāhitya,
Jyotiṣa. b. 26.08.1932, Jaipur. Asst. Prof. Gp.
Prof. Vindhyachalprasad Pandey, Pt.
Badarinath Sharma. Add. Near Saudhi Farm,
193 Tonk Road, Jaipur–16 RJ. Spl.Ref. Sāhitya,
Jyotiṣa.
Krishnajoyisa, K. Vidvat in Alaṅkāra & Vedānta.
b. 01.08.1912, Shringeri, KT. Vedānta Teacher,
Shri Shankar Mutt Pathashala, Bangalore.
Bks. 04. Śri Śṛṅgagiri Kumbhābhiṣeka-

131

vaibhavam, Daśaślokī (ed.), Sambandhavārtikam (ed.). Add. R-16, Sankar Mutt Old
Buildings, Pampa Mahakavi Road, Bangalore–
560004, KT. Spl.Ref. Sāhitya, Advaita Darśana.
Krishnamachari, V. Vyākaraṇaśiromaṇi,
Shiksashastri. b. 03.11.1942, Pondicherry.
Sanskrit Teacher. Gp. Padusa Raghavacharya,
Malapakkam Narasimhacharya. Add. French
Institute, Pondicherry– 605001. Spl.Ref.
Vyākaraṇa.
Krishnamurti, Acharya. Vidvat, Panditaratna.
b. 14.08.1906. Add. 5/17, Second Road,
Satyanarayanpet, Bellary, KT – 583103. Spl.Ref.
Sāhitya.
Krishnamurti, Dwarika. Sāhityaśiromaṇi,
Sikshashastri. b. 28.08.1929, Pannuru, Chittur,
A.P. Teacher. Gp. Narasimhacharya. Bks. 01.
Padmāvatī Stotram. Add. Brahm Vidyapathasala, Shri Vyasashram, Yerpedu, Chittur–
517621, A.P Spl.Ref. Sāhitya.
Krishnamurti, K. M.A., Ph.D. b. 1923,
Keralpuram, Mysore, KT. Rtd. Asst. Prof. Add.
Karnatak University, Dharwar, KT. Spl.Ref.
Sāhitya. Awarded by U.P. Samskrta Academy.
Krishnamurti, N. B.Sc., M.A., Jyotiṣa Vidvān,
Alaṅkāra Vidvān. b. 27.09.1946, Nitilapur,
South Kannad, KT. Sub-Editor, Udayavani
Patrika. Gp. K. Hayagrivacharya, H. Subbaray
Bhatta, Shrinivas Adiga. Add. Chitapaddi
Compound, Udupi, KT – 576101. Spl.Ref.
Jyotiṣa, DvaitaVedānta.
Krishnamurti, Ramvarapu Shastri. Acharya
in Vyākaraṇa. b. 23.03.1912, Amritalur,
Guntur, A.P. Editor, Yajurved Project. Gp
Laxminarayan Shastri, Rambrahma Shastri.
Add. Tirupati Tirumala Devasthanam, Tirupati517507 A.P. Spl.Ref. Vyākaraṇa.
Krishnasvami, E. V. Nyāyaśiromaṇi. b.
11.04.1927, Damal, TN. Teacher. Gp.
Sudarsanaachary, Krishnaswami Tatyacharya.
Add. 17, Jeeyar Street, Narsimha Nagar,
Cheyyar, North Arcot, TN. – 604407 Spl.Ref.
Sāhitya.
Kriyadia, Ramesh Kumar Chabil Das. Ph.D.

