
Junagarh. Ps. 05. Add. Sitaram Kripa Old Post
Office Road, Mandrada, jaungarh. Spl.Ref.
Alaṅkāra Śāstra.
Pant, Bharatraj. Acharya, M.A. (Nepali). b.
1929. Kathmandu, Nepal. Prof., Saraswati
Vidyapeeth. Bks. 17. Vallarī, Tapasvinī. Add.
Baneswar, Kathmandu, Nepal. Spl. Ref. Nepal
and Skt. Poetry.
Pant, Girish Chandra. M.A., M.Phil., Ph.D.
b. 10.03.1961, Uttaranchal. Asst. Prof. Bks.
01. Kāvya Prakāśa Vivekānūśilana. Ps. 01.
Add. C-141, Rajpur Colony, IGNOU, New Delhi68. Ph. 6805685 (R). 6439565 (O).
Pant, Krishnanand. Acharya in Sāhitya, M.A.,
Shiksashastri. b.02.04.1946. Teacher, Govt.
Senior Secondary School, Roop Nagar, Delhi.
Ps. 03. Add. 1764 C, Gulabi Bag, Delhi– 110007.
Pant, Lajja. M.A., Visharada, Sāhityacharya,
Ph.D. b. Asstt. Prof. Kumayun Univ., Nanital.
Bks. 03. Ps. 24. Add. Deptt of Sanskrit, DSB
Campus, Kumayu Univ., Nenital-02. Ph 05942231472, M. 09412983216.
Pant, Manoj Kishor. Acharya in Sāhitya,
Darśana, M.A., Ph.D. b. 01.11.1977. Asstt.
Prof., Deptt of Sāhitya, Uttarakhand Skt. V.V.
Ps. 06. Add. Dept. of Sāhitya, Uttarakhand
Skt. V.V., Jawalapur, Haridwar. M.
09412157445.
Spl.
Ref.
Sāhitya,
Manuscriptology & Cataloging.
Pant, Nandalal. Acharya. M.A. b.1945, T.G.T.
Ps. 02. Add. Mukharjee Smaraka Ucchatar
H. Sec. School, Shahdara, Delhi -110032.
Pant, Pitambar Datta. Acharya in Vyākaraṇa.
b. 15.10.1955, Gokhuri, Almora, (U.P.). Ps.
05. Add. Gokuri, Syakot, Almora, (U.P.).
Spl.Ref. Vyākaraṇa.
Pant, Prakash Chandra. Acharya in Sāhitya,
M.A., M.Ed., Ph.D. b. 18.03.1980. Champawat.
Asstt. Prof. Uttarakhand Skt. Univ. Gp. M.M.
Prof. Ved Prakash Shastri Bks. 11. Gītamādhurī,
Mānadaṇ©aḥ, Samupasthitāḥ Praśnāḥ. Ps. 22.
Add. Uttarakhand Skt. Univ., Haridwar249407. Ph. 01334-251720. M. 09411178866.
Spl. Ref. Sāhitya.

205

Pant, Subodhchandra. b. 1934. Bks. 01.
Jhānsīśvarīcaritam.
Paraddi, Malikaarjun. Sāhitya Ratna, M.A.,
Ph.D. b. 06.02.1939. KT. HOD, KT V.V.
Dharwad. Bks. 18. Basavabhāskrodayamahākāvyam. Ps. 70. Add. Pawet Nagar,
Dharwad – 03. Spl.Ref. Sāhitya Academy
Puraskar – 1991.
Paradkar, Moreshwar Pinkar. M.A., Ph.D. M.A.
(Ardhmagdhi) b. 17.11.1925. Bks. 05.
Mālvikāgnimitra : A critical Study ( ed. In
English, Hindi &Marathi), Vaidika Saṃskriti
kā vikās, Ṛksūkta Vaijayantī, Studies in the
Geeta, Hindī Bhāṣā Sāhitya Aur Saṃskṛti.
Parakhi, Pitambar Shastri. Veda-Alaṅkāra,
Acharya in Sāhitya & Vyākaraṇa. b. 10.05.1910,
Jammu. Gp. Shri Devaraj Shastri, Shrichandra.
Add. 262, Paki - Dhaki, Jammu Tawi. Spl.Ref.
Vyākaraṇa, Sāhitya & Veda.
Paramar, Natavar Singh Jinabhai. Acharya,
M.A. b.15.12.1932, Valsad, GJ. V.C., S.M.
Vidhyalay, Dharmapura. Ps. 10. Add. Ramavali,
Dharampur, Valsad (GJ). Spl.Ref. Sāhitya.
Parasar, Pratibha. M.A. b. 30.12.1952. Assistant
Librarian, Rastriya Sangrahalaya, Jan Path,
New Delhi. Ps. 05. Add. 32/2 East patel Nagar,
New Delhi – 110008. Spl.Ref. Sāhitya.
Parashar, Chandanlal. Acharya in Vyākaraṇa,
M.A. (Skt. Hindi, Linguistic.), Ph.D. b.
25.02.1928. Rtd. Prof., Raja Balwant Singh
Mahavidyalaya, Agra. Bks. 04. Maṅgalam
Bhāratam, Avadhūtaśatakam. Add. Amritayanam, 62B Alok Nagar, Agra – 10.
Parashar, Dinesh Chandra Acharya. Acharya.
Age. 36 yrs. in 1989. Skt. Teacher, Vaidika
Dharma Pracharka. Ps. 03. Add. L-20/95, Street
No. 7, Shivaji Marg, Jaiprakash Nagar, Delhi–
110053. Spl.Ref. Vyākaraṇa.
Parashar, Hargovind. M.A. Ph.D. Teacher,
Motilal Nehru Govt. Higher Secondary School,
Khandwa. Bks. Javāharajyotiḥ, Javāharakathā,
Saṃskṛta Gītamālā, Saṃskṛta Pāthamālā,
Saṃskṛta Vyākaraṇa (Hindi), Bāṇakṛta
Harśacarita kā Rājanītika evam Saṃskṛtika

