220



padhyaya, Lokbhashaprachar Samiti Bhadrak,
President Awardee.
Prahladachar, D. M.A., Nyāya Vidvān, Vedānta
Vidvān, Ph.D. b. 17.02.1940. Bellary, KT. ExV.C. Rashtriya Skt. Vidyapeetha, Tirupathi.
Bks. 20. Ps. 150. Spl.Ref. Nyāya Vedānta
Vyākaraṇa, Sāhitya, Pt. Ratan Pt. Kulbhushan,
Veda Vyas Rashtriya Skt. Puraskar, Presently,
he is a member of several well known academic
bodies and universities such as BHU, JNU,
Rashtriya Sanskrit Sansthan, Central Sanskrit
Board and ICPR. President Awardee.
Prajapati Likha Bhai M. Ph.D. b.01.02.1971.
Prof., Mahila Arts College Bijapur. Ps. 02.
Add. Brahmani Nagar Dediyasan, Mehsana.
Spl.Ref. Alaṅkāra Śāstra.
Prajapati, Ambalal M. M.A., M.Phil., Ph.D.
b.31.12.1940. Malusan. Rtd. V.C. & Prof.
H.N.G. Univ. Patan (N.GJ. Univ.). Bks. 20.
Subhāsitaratnamālā Skt. Gītāṃjalī, Mahākavi
Māgha – A Study, Subhāśitā Ratnāvalī,
Parīcched Kalpadrum. Ps. 02. Add. 25. Gujarat
Housing Board, Sector-21, Gandhi Nagar–
382021. GJ. Ph.– 23224341.
Prajapati, Daksha Govind Bhai. Ph.D.
b.26.08.1972. Prof. Smt. Sadgun C.U. Shah
Arts College For Girls, Lal Darwaza,
Ahemdabad. Ps. 02. Add. 21, Nilam Park
Society, Gurukul Road, Mem Nagar,
Ahemdabad. Spl.Ref. Purāṇa.
Prajapati, Jaswant Bhai Kachra Bhai. Ph.D.
b.01.06.1968. Prof. Arts & Commerce College,
Ider, Sambharkanta. Add. Kaniyal, Himmat
Nagar, Sabharkanta. Spl.Ref. Alaṅkāra Śāstra.
Prajapati, Mani Bhai E. M.A., Ph.D.
b.18.03.1938, Manud, Mehsana, MH.
Asst.Prof., Dwarikadhish Skt. Academy &
Research Sansthan, Dwarika, GJ. Bks. 10.
Saṃskṛta Stotra Kāvya Udbhava, Vikāśa Evaṃ
Svarūpa, Rādhākṛṣṇa Bhaktakośa Gujarāta
Pradeśa kā Aṃśa, Tattvavicāra Saurabha, Nā-ya
Darpaṇa, Saṃskṛta Svādhyāya Mañjuṣā. Ps.
45. Add. 11 Neelkantha Mahadev Road,
Nagalpur, MH. 384002. Spl.Ref. President
Awardee.

Prajapati, Mani Bhai Ishwar Bhai. Ph.D.
b.18.03.1938. Prof., Kankrej Arts and
Commerce College, Thara, Janaskata. Ps. 02.
Add. 11, Neelkantha Banglow, Nagalpur
Mehsana. Spl.Ref. Alaṅkāra Śāstra.
Prajapati, Mani Bhai. M.A. ( Skt. & Hindi),
C.Lib. b.01.05.1947, Chanasma. Librarian &
Head Gujarat University. Bks. 02. Bibliographic
Survey of Catalogues of Indian Langueges
Manuscripts. Ps. 10. Add. F – 1/6, Officer’s
Flats, North Gujarat University, Staff Quarters,
Patana–384265. Tel. (02766) (R) 32639. (O)
22744.
Prajapati, Manoj Kumar L. Ph.D. b.27.12.1970.
Prof. M.N. Arts & Science College VishNagar.
Ps. 02. Add. A-32 Manglam Society Vikram
Cinema Road, VishNagar. Spl.Ref.Alaṅkāra
Śāstra.
Prajapati, Manu Bhai Sendha Bhai. Ph.D.
b.05.03.1970. Prof., Arts Science & Commerce
College, Pilwaye. Ps. 02. Add. 24, Devrishi
Banglow, Near Tirupati Township, VishNagar.
Spl.Ref. Vedānta Śāstra.
Prajapati, Sameer Kumar Kantilal. Ph.D.
b.12.07.1969. Prof., Arts & Commerce College,
Chamunda Nagar, Radhanpur, Patan. Ps. 02.
Add. 16, Umiya Row House, Near Sorabh
Vidhyalaya Radhanpur, Mehsana (GJ). Spl.Ref.
Purāṇa.
Prajapati, Sweta. M.A., Ph.D. b. 31.07.1969,
Karjan, Dist. Baroda, GJ Research Officer,
Oriental Institute, M.S. Univ., Baroda. Bks.
05. Influence of Nyāya Philosophy on Sanskrit
Poetics, Pānapetī, Bibliography of Palacography
& Manuscriptology, Catalogue of Manuscripts
at Oriental Institute, Baroda. Vadagranthas
of Raghudeva Bhattacharya. Add. C/62,
Akshardham Society. Aksharchawk. O.P. Road.
Baroda – 390020. GJ. Ph. (0265) 2325548.
Mob. 09898472669.
Prajna, Samani Kusum. M.A. Ph.D. b.
26.06.1959, Indore. Asct. Prof., Jain Vishva
Bharati University. Bks. 14. Ekārthaka Kośa,
Pin©niryuktī, Jītakalpabhāśya, Ek Būnd ek

