90



Talk, Wise President ISAC, New Delhi & Lok
Seva Shiksha Samiti, New Delhi, Secretary
Manav Kalyan Seva Samiti, New Delhi.
Gupta, Sushma. M.A. M.Phil. Ph.D. b.
13.06.1962. Ram Nagar (Jammu). Lect.
Jammu University. Ps. 25. Add. Lecturer
Sanskrit Deptt. Jammu University. Ambedkar
Road. Jammu – 180006. Ph. (0191) 458945.
552783.
Gupta, Swaraj. M.A. (Hindi & Sanskrit). B.Ed.
M.Ed. b. 29.09.1946. Delhi. Lect. Ps. 01. Add.
116. Siddhartha Enclave. New Delhi. Ph.
6838030.
Gupta, Tripti. M.A., Ph.D.. b. 13.01.1947. Asst.
Prof. Ps. 01. Add. Gargi College, Delhi
University, Shiri Fort Road, New Delhi –
110049. Spl.Ref. Sāhitya.
Gupta, Urmibhushan. M.A., Ph.D. b.
13.12.1938, Agra, (U.P.). Asst. Prof. Miranda
House College. Ps. 02. Add. M-97, Greater
Kailash – II, New Delhi – 110047. Spl.Ref.
Sāhitya.
Gupta, Vijay Kumari. M.A. (Skt. & Hindi)
M.Phil. b. 14.11.1957. Delhi. Lect. Ps. 03.
Add. 24/1. New Vijay Nagar. Jalandhar City.
Punjab. Pin. – 144001. Ph. (0181) 254547.
Gupta, Vinod Kumar. M.A., NET, D.Phil. b.
03.07.1972. Asct. Prof. Govt. PG College Tihari
Gadhwal. Bks. 01 Saṃskṛta Chandovidhānam.
Ps. 16. Add. B8/3, Type 4 Adhikarai Awaas,
Nag Tigri Gadwal 249001, Uttarakhand Ph.
01376234964, M. 09412394602.
Guragai, Jagannath. Śuklayajurveda-Acharya,
M.A. b. 05.09.1961, Nepal. H.O.D. of Veda.
Gp. Yugalakishor Mishra, Dr. Manilala Sharma
Upadhyaya. Add. Banasthali Vidyapeetha, RJ
K-23/18, Mangal Gaura, Varanasi (U.P).
Spl.Ref. Veda & DharmaŚāstra.
Gurjar, Brijendra Singh. Acharya, M.A., NET,
Vidyavaridhi. b. 01.08.1972. Pravakta &
Pracharya. Sri Maa Mahavidyalaya. Bks. 01.
Hitopadeśa Nītiśatakam. Add FCT Godam,
Lect. Colony, Sainik Nagaram Gangapur,
Sawaimadhopur, RJ.

Guru Prasad, A. Alaṅkāra Vidvān. b. 24.08.1953.
Acharya (Teacher). Add. Purna Prajna
Vidyapeetha. Purnaprajna Nagar. Bangalore–
560028 (KT). Spl.Ref. Alaṅkāra Śāstra. Sanskrit
Computer Operation.
Gurugundi, Vasudevacharya. Vidvān, śiromaṇi.
b. 1926, Gurugundi, Udupi, KT. Add. 7/92,
Sitaram Nilayam, Belekare, Udupi- 576101.
Spl.Ref. Dvaita Vedānta.
Gurukkal Subburatna, N. Śaivāgama. b. Age.
54 yrs., Perur, Coimbatoure, T.N. Add. 28,
Chinnakoyil Street, Perur, Coimbatore, T.N.
Spl.Ref. Saivasim.
Gurukkal, Nagaraj N. Śaivāgama. b. Age 41
yrs. Perur, Coimbatore. Archaka, Veda Teacher.
Add. 2/3, Nataraj Nilayam, Chinnakizha Street,
Perur, Coimbatore (T.N). Spl.Ref. Veda & Śaiva
Darśana.
Gurukkala, Gomatishvar. Āgama Pravīṇa. Age.
38 in 1989, Perur, T.N. Gp. Svaminath
Shivacharya. Archaka (Priest). Add. 2/3,
Natarajnilaya, Chinna Court Street, Perur,
Coimbatore (T.N). Spl.Ref. Āgama.
Gururajacharya, Raja S. Vedānta Śiromaṇi,
Vedānta Vidwan. Tradition in Mādhva
Siddhānta, Sāhitya etc. b. 17.09.1921. KT.
Honorary Principal Shri Guru Sarvabhouma
Sanskrit Pathshala and Secretary Sri Sameer
Samaya Samvardhini Sabha. Bks. 08.
Bhedavidyāvilāsa,
Upasaṅghāravijayaḥ,
Aitareyamantrārthaḥ, Vāgvaikharī. Spl.Ref.
He writes poems under the name Kamlesh.
Title of Vidya Vaibhav, Sāhityalankar,
DharamŚāstra Bhushan, Vidvat Chudamani,
President Awardee, Skt. & Kannad Poet.
Gururani, Durga Datt. Acharya in Sāhitya.
b. 06.05.1948, Kanda, Almora, U.P. Teacher.
Gp. Mathuradatta Panta. Ps. 02. Add. Shri
Mahadevagiri Sanskrit Mahavidyalaya,
Haldwani, Nainital (U.P.). Spl.Ref. Sāhitya.
Guruvenkatacharya, G. Vidvan. M.A. Asst. Prof.
Ps. 01. Add. Purna Prajna Vidyapeetha,
Purnaprajna Nagar, Bangalore (KT). Spl.Ref.
Alaṅkāra Śāstra.

