
Garasiya, Subhash Bhai C. Ph.D. b.21.08.1969.
Prof. C.U. Shah Arts College Lal Darwaza
Ahemdabad. Bks.01. Ps. 02. Add. C-15 Pink
Citi, Near Sangh Kalyan Kendra Ranip, Distt.
Ahemdabad. Spl.Ref. Vedānta Śāstra.
Garg, Babulal. Acharya, M.A.. b. 02.04.1928,
Vill. Char, Banda, U.P. Principal, Jaydeva
Vaishnav Sanskrit College, Karwi, Banda. Gp.
Shivanarayana Shukla, Pt. Rameshwara
Pandeya. Add. Bharati Bhavan, Karwi,
Chitrakut – 210205 (U.P). Spl.Ref. Sāhitya.
Awards. President Award, Ramakrsnadasa
Award, Sri Hanuman – Nyasa - Sansthan
Award.
Garg, Kamalesh. M.A.. b. 13.05.1944. Asst.
Prof., Maitreyi College, Bapu Dham,
Chanakyapuri, New Delhi. Add. B 11/121,
Safdarjung Enclave, New Delhi – 110019.
Garg, Mathura Prasad. Acharya, M.A.. b.
04.06.1946, Vill. Dhoresara, Jabalpur, (M.P.).
Asct. Prof. Gp Chhajjulal Shastri, Narrottamaprasad Tripathi, Kashinath Pathak, Motilal
Shastri. Add. Shri Lokanath Sanskrit Mahavidyalaya. Govindganj, Jabalpur (M.P.).
Spl.Ref. Sāhitya.
Garg, Ramnivas. Sāhitya-Acharya. b.31.06.1915,
Korra, Banda, (U.P.), Rtd. Asst. Prof. Gp
Ramyas Tripathi, ShivDarsana Tripathi, Add.
Shri Ram Sanskrit Vidhyalaya, janaki Kund,
Chitrakut, Banda (U.P.) Spl.Ref. Sāhitya &
Veda.
Garikapati, Laxmikant. M.A., Vidvān. Former
HOD, Deptt of Telugu, Nizam Mahavidyalaya,
Hyderabad. Bks. 12. Bhavyabhāratam,
Viśvakaviḥ, Kīra-sandeśaḥ. Bhārataratnam.
Spl.Ref. Talks in Sanskrit from A.I.R.,
Hyderabad.
Gaud, Banwari Lal. Acharya in Bhaiṣaja,
āyurveda Brahspati, Dipl. in German, Ph.D.
b. 17.03.1946. Jaipur. Vice-Chancellor,
Rajasthan Ayurved Univ. Jodhpur. Gp. Pt.
Braj Mohan Shastri, Vaidhy Ram Krishan
Dhand. Sp. Prof. Naresh Sharma, Prof.
Shambhu Dayal Sharma, Dr. G.P. Garg, Dr.
M.D. Paliwal, Dr. Sujata Sathu, Dr. LL Ahirwal.

79

Bks. 16. Āyurvedīya Śhbdāvabodha, Aṣtāṅgahṛdayam, Saṃskṛta Āyurveda Sudhā, Āyurveda
Cikitsā Vijñāna, Padārthavijñāna Paricaya.
Ps. 20. Add. B-63, Jasol House, Pawata B Road,
Jodhpur - 342001, Ph. 02912542200, M.
09414934673. vaidyablgaur@yahoo.co.in
Spl.Ref. āyurveda German, WHO Fellowship
England, Sri Lanka, South Africa Visit, Pragya
Puraskar, Isherpuraskar, Adarsh Ayurved
Shiksha Puraskar.
Gaud, Bishanlal. M.A. Ph.D. Acharya in
Vyākaraṇa. b. 03.01.1936. Lachampur.
Muradabad. (U.P.). Lect. Sahibabad. Bks. 02.
Agnijā, Aham Rāṣtrī. Add. 156, Syama Park
lane, Sahibabad, Gaziabad,U.P.,
Gaud, Damodar Sharma. Vaidya. Shri
Vaidyanath Ayurved Bhavan Bks. 01. Abhinava
Śārīram. Spl.Ref.. Abhinava Shariram is an
important book on Ayurveda.
Gaud, Jwala Prasad. Bks. 01. Muktāvalī Ṭīkā.
Commentary (Gadādhārī - Satpratipakṣa,
Svayabhīcāra. Spl.Ref. Muktawali Tika –
Published from Sanyasi Sanskrit College,
Varanasi.
Gaud, Kanakalata. M.A., B.Ed.. b. 15.10.1961,
Sitapur, U.P. Assistant Teacher. Navin Public
School, Katwariya Sarai, New Delhi. Add.
C/o Umeshachandra Gaur. Electronics
Department, C-Wing. Pushpa Bhavan.
Madangir Road, Pushpa Vihar, New Delhi.
Spl.Ref. Sāhitya.
Gaud, Khushiram. Acharya in Vyākaraṇa,
Shiksashastri. b. 15.10.1956. Language
Teacher, Rajakiya Bala Vidyalaya, Azadpur,
Delhi. Add. H-3/1497, Jahangirpuri. New
Delhi. Spl.Ref. Vyākaraṇa .
Gaud, Madhav Prasad. Acharya in Vyākaraṇa.
b. 10.08.1951, Arail, Allahabad, (U.P.). Head
of Vyākaraṇa Deptt. Add. Shri Sacha Adhyatm
Sanskrit Mahavidyalaya, Vill. Arail, Allahabad
(U.P.). Spl.Ref. Vyākaraṇa.
Gaud, Sohanlal. Acharya in Vyākaraṇa,
Kāvyatīrtha, M.A. b. 02.12.1919. Add. F-166/
2, Rajauri Garden, New Delhi. Spl.Ref.
Vyākaraṇa Śāstra.

