
Rai, Jamini Bhushan. B.A., M.A. Medical degree
from culcutta medical college. b. 01.07.1879,
Kulna, Payogram, Bangladesh. Physician,
Ayurvedacharya, Philanthropist. Bks. 08.
Diseases : Their origin and Diagnosis, A
Treatise on Disable of Ear, Nose Throat and
Mouth, The Care of Infants and the diseases
of children, A manual of Toxicology. books
are based on ancient Indian ‘Salakya tantra’.
Expired on 11.08. 1926. Spl.Ref. Eminent
Personalities associated with the Ashtanga
Ayurveda College and Hospital.
Rai, Kayyar Phinhama. Vidvān (Sanskrit,
Kannada). b.04.06.1915, Kasaragode, Kerala.
Ps. 03. Add. Paradala, Kasaragode – 670551
(Kerala). Spl.Ref. Sāhitya.
Rai, Kedar Nath. Kāvya Vyakaran Purāṇatīrtha.
b.23.11.1913, Kotalpura, Bankura(W.B.).
Principal. Ps. 03. Add. Shri Bhagvatchatuspathi,
Baranga, Patbira Ashram, Calcutta – 700035.
Rai, Pravin Kumar. Acharya in Sāhitya.
b.01.01.1964. Nagsar, Ghazipur, U.P. Gp. Dr.
Lalit Kumar Tripathi, Dr. kapil Dev Rai. Ps.
01. Add. D-4/69, Third floor, Vashishth Park,
opp. Janak Cinema, New Delhi-110046. M.
9968314717. Spl.Ref. Sāhitya.
Rai, Ramji. M.A., Skt. Pali, Prakrit & Jaina
Śāstra, Ph.D., D.Litt. b. 02.11.1948. Chairman,
PG Prakrit & Jainology Deptt. Veerkuvara
Singh V.V. Aara. Bks. 05. Setubandha
Mahākāvya kā Ālocnātamaka Pariśīlana,
Prākṛta
Vyākaraṇa
evam
Racanā,
Agadaduttamayaṇamañjarī Kahā, Pāiya Gajja
Pavesa. Ps. 53. Add. Tilak Nagar Katira, Aara,
Bhojpur- 802301 Bihar. Ph. 06182-239832.
M. 09431853132. Spl.Ref. Prakrit & Jainology,
Life member AIOC, Indian Society of Buddhist
Study Member, Syallubus Committee, Nalanda
Open University, Magad V.V., Director Akhil
Bharti Vikas Parishad, Specilist Member Bihar
Lok Sewa Aayog etc.
Rai, Ravindra Nath. M.A. b.12.07.1949, Deoria,
Ghazipur, (U.P.). S.O., Rashtriya Sanskrit
Sansthan, New Delhi. Ps. 02. Add. B-266, Sector

225

23, Raj Nagar, Ghaziabad (U.P.). Spl.Ref.
Sāhitya.
Rai, Savita: M.A., Ph.D. b.10.01.1983. Sagar,
M.P. Manuscripts Surveyor, Dept. of Skt., H.
S. Gaur Univ. Sagar, M.P. Gp. Prof. R.V.
Tripathi, Prof. Kusum Bhuriya, Prof. A. Dash.
Ps. 03. Spl.Ref. Sāhitya.
Rai, Venkteshwar. Sāhityaśiromaṇi, M.A.
b.15.06.1952, Nellore, A.P. Asst. Prof. Ps. 03.
Add. Ved Sanskrit Kalashala, 20/204,
Brahmana Vithi, Mulapet, Nellore,-524003
A.P. Spl.Ref. Sāhitya & Vyākaraṇa Śāstra.
Raidas, Hari Ram. M.A., Ph.D., B.Ed.
b.01.07.1958, Jabalpur (M.P.). Asst. Prof.,
Bhopal (M.P.). Gp. Dr. K.K. Chaturvedi, Dr.
M.L. Purohit, Dr. R.B. Dwivedi, Dr. R.K. Trivedi.
Sp. Dr. Anil Kumar Jha, Dr. Ram Swaroop
Dubey. Bks. Kṛdanta Rahasyam, Paryāvarana
Cintanam. Add. Meer Gang Bheraghat Road,
Jabalpur (M.P.).
Raina, Dina Nath. b. 1959, v.s. Add. House
No. 33, Ward No. 5, Udhampur (J&K). Spl.Ref.
Jyotiṣa & Veda.
Raina, Motiram Shastri. Acharya in Sāhitya,
Ph.D. b.05.05.1922, Jammu. Śāstrachudamani,
Asst. Prof. Gp. Arudha Bhanuji Shastri. Add.
103, Panch Tirthi, Jammu Tawi (J & K). Spl.Ref.
Sāhitya & Veda.
Raithatta, Daksha Ben Chaganlal. Ph.D.
b.10.12.1967. Prof. Smt. R.P.B. Mahila College,
Kolki Road, Upleta. Ps. 03. Add. C/o Dilip
Bhai Dolani, Gali No. 1, Jawahar Society
Upleta. Spl.Ref. Purāṇa.
Raj, Ashvini Kumar. M.A., Ph.D. Asst. Prof.
& Head, Deptt. of Sanskrit, Magadh University.
Ps. 03. Add. B-10, Magadh University, Bodh
Gaya, Gaya – 824234 (Bihar). Spl.Ref. Darśana,
Pālī, Prākṛta, Buddhism, Jainism.
Raj, Veena ben Suresh Bhai. Ph.D. b.28.03.1966.
Prof., Arts & Commerce College, Chanasma,
Patan. Ps. 05. Add. 483 Hariom Nagar Vill
Vallabhvidhya Nagar, Aanand. Spl.Ref.
Alaṅkāra Śāstra.

