
Namputiripada, Udiyannur Mana Astamurti.
Katannirikkal (Equivalent M.A.). b. 20.10.1922,
Udinikkara, Edapal Dist., Kerala. Gp. Udiyannur
Aryan, E. Subrahmanyan Namputiri, M.
Acyutan Namputiripada. Add. Udiyannurmana,
Edapal (Kerala). Spl.Ref. Ṛgveda.
Namputiripada, Udiyannur Manakkal Raman.
Katannirikkal (equ. To M.A.). b. 21.01.1919,
Udiyannur, Edapal Kerala. Gp. K. Nilakanth
Namputiri, N. Acyutan Namputiri. Add.
Udiynnur Mana, P.O. Edapal (Kerala). Spl.Ref.
Ṛgveda.
Nanawati, Rajendra Ishwar Lal . Ph.D. b.
04.05.1939. Prof. HOD Oriental Institute Kirti
Stambha Near Palace Gate Varodara. Bks.
02 Secondary Tales of the Great Epics,
Rītivicāraḥ.. Marīcikā Ps. 02. Add. B-103,
Rajlaxmi Society Juna Padra Road, Rescourse,
Varodara. Spl.Ref. Alaṅkāra Śāstra.
Nanda Sharma, Bhagirathi. Acharya in Sāhitya,
Dharmaśāstra & Āyurveda. b.08.06.1935.
Barabhag Sashan. Principal, Damodar Sanskrit
College, Bhadrak. Bks. 15. Vyāsadūtam(I-II),
Bhārata-Matṛ-Stotram, Śakuntalā-VirahaDīpaka-Kāvyam, Trimūrti-Stotram. Add. Elkha,
Bhadrak, Orissa. Spl.Ref. President Certificate
of Honour-2005, Rashtiya Anubrata Award,
New Delhi-1999, BBSR Award, Sāhitya
Academy-1999, Bhadrak Sāhitya Sansad
Award-1990. Founder Nikhil Utakal Skt.
Mahamandal.
Nanda, Baikunth Bihari. Acharya. b.
27.11.1929, Mahilo, Cuttuck, Orissa. Rtd. Prof.
Sadasiv Kendriya Vidyapeetham, Puri. Gp.
Narayan Mahapatra, SuDarśana Pathi. Bks.
Śaraṇāgatistotram, Kīcakavadham. Add. Shri
Sadashiv Kendriya Sanskrit Vidhyapith, Puri,
Orissa. Spl.Ref. Sāhitya, Mīmāṃsā, Viśiṣ-ādvaita
Vedānta.
Nanda, Bhagirathi. Acharya(Sāhitya), Siksha
Shastri, Ph.D. b.13.04.1966. Prof. Dept.of
Sāhitya, LBS Rashtriya Skt.Vidyapeeth, New
Delhi. Bks.06. Ps.55. Add. Dept. of Sāhitya,
LBS Rashtriya Skt.Vidyapeeth, New Delhi110016 Ph.011-26642588, M.09911333950.

175

Mail.ibnanda2@gmail.com Spl.Ref. Sāhitya,
Poetics. ‘Devavani Bhushana-2011’ samman
from Devavani Parishad, New Delhi.
Nanda, Paresh Kumar. Kāvya & Vyākaraṇa.
b. 15.09.1934, Barada (Midnapur). Pradhan
Adhyapaka & Secretary. Ps. 02. Add. Vill.
Barada Mirjapur Milani Chatuspathi, P.O.
Baradabazar, Dist. Midnapur. (W.B.). Ph.
(03220) 63331.
Nandaniya, Arvind. M.A., Ph.D. b.04.01.1970.
Asct. Prof., Mahila Arts & Com. College,
Veraval. Ps.11. Add Mahila Arts & Com.
College, Veraval, Junagarh - 362266 Guj.
M.09426440254.
Nandi, Nanda Dulal. B.A., B.Sc., Engg. Dr.
Sc. Techn. Eth. b. 01.08.1937, Calcutta. Bks.
01. Adaptive Design of Electrical Networks
Using Mathematical Optimization – 52. (1971).
Ps. 03. Add. Feldstrasse 5442. Fislisbach.
Switjerland. Ph. 0041-56-4932212.
Nandi, T.S.. M.A., Ph.D.. b. 22.09.1933, Khera,
GJ. Asst. Prof. Bks. 01. The Origin and
Development of Theory of Rasa and Dhvani.
Add. School of Languages, GJ University,
Ahmedabad – 09 (GJ). Spl.Ref. Sāhitya.
Nandini Ramani. Managing Trustee, Dr. V.
Raghavana Centre for Performing Art.
b.18.11.1950, Chennai. Dancer Gp.T.
Balasaraswati. Ps.05. Add. No.1, 3 rd Street,
Bhaktavatsalam Nager, Adyar, Chennai600020 Ph. 044-24430344, M. 09841430344.
Email. nandinirvr@yahoo.com Spl.Ref.
Upkeeping Sanskrit dramatic tradition, in 1975
she was one of the Earliest Announcer,
Composer, Presenter, Scriptwriter covering
the variety of programmes on Sanskrit, Music,
Dance rare art forms etc. She has given talks
on the topic s related to dance, Aesthetics &
Production of Sanskrit play. Honoured by
several awards including Bharat Kalachar,
Kritk fine arts etc. for the contribution in
the field of Sanskrit, music, dance, drama.
Nandkishore. Acharya, M.Ed. b.19.12.1973
Ajmer. PGT Sanskrit, Gurukul Kurukshetra.
Add..Gurukal Kurukshetra, Kurukshetra-

