290



Shriwastav, Sushma. M.A., B.Ed. b. 18.10.1942.
Teacher, Govt. Higher Secondary Girls School,
J. J. Colony, Tegore Garden, New Delhi. Ps.
03. Add. 114-A, D.D.A. Flats (MIG), Rajouri
Garden, New Delhi. Spl.Ref. Sāhitya.
Shriwastav, Vatsala. M.A., Ph.D. b.19.10.1961.
Bareilly (U.P.). Asst. Prof. Govt. P.G. College,
Jhalawar, RJ. Bks. 02. Yayātīcaritam,
Yayātikathā aur Yayāticarit. Ps. 15. Add. C25/1 A-a Ramkatora Road, Varanasi.
Shrotriya, Suresh Prasad. Acharya in Navya
Vyākaraṇa. b. 02.01.1959, Parasen, Gwalior,
M.P. Teacher. Gp. Pt. Ramswaroop Sharma,
Pt. Damodar Prasad Mishra. Ps. 03. Add. Govt.
Sanskrit College, Near Mateshwari Mandir,
Krishnapuri, Murar, Gwalior M.P. Spl.Ref.
Vyākaraṇa.
Shrotriya, Ved Prakash. Acharya in Vyākaraṇa,
M.A. b.01.06.1952. Vedapracharak. Add. RZ2692, Gali No. 30, Tughlakabad, New Delhi.
Spl.Ref. Vyākaraṇa & Veda.
Shukla, Abhinava. M.Phil. b.08.10.1976. Delhi.
Ps. 02. Add. R– 6, Vani Vihar, Uttam Nagar,
New Delhi–110059.
Shukla, Amit Kumar. Acharya in Jyotiṣa, Ph.D.
b. 07.07.1979, Jaunpur (U.P.). Asst. Prof.,
R.Sk.S., Lucknow Campus, Lucknow. Gp. Prof.
Umashankar Shukla, Prof. Ramchandra
Pandey, Pt. Kamalkanta Shukla. Bks. 03. Ps.
10. Add. R.Sk.S. Lucknow Campus, Lucknow.
Ph. 9473691508.
Shukla, Aruna. M.A. in Pali, Ph.D.,b. 13.07.1958,
Gazipur. Asct. Prof. Sanskrit & Prakrit
Languages, L.U. Bks. 01. Abhidharma
Samuccaya Gū©hārtha vivecanī. Ps. 04. Add.
2/27, Sector “J” Janakipuram, Kursi Road,
Near Gudumba Thana, Lucknow. Ph.
9956872526.
Shukla, Ashok Kumar. M.A. (Skt. Hindi),
Shiksha-Shastri, Vidyavaridhi. Lecturer
Kendriya Vidyalaya, Burnala, Punjab. Bks.
01. Paryāraṇakāvyam. Add. 36B, DDA Flat,
Anand Vihar, Delhi – 92.
Shukla, Bali Ram. M.A., Ph.D. b. 28.03.1941.

Varanasi, U.P. Bks. 05. Anumāna-Pramāṇa,
Navya Nyāya ke Pāribhāṣika Padārtha. Ps.
80. Add. 48/3. Sai Moh, Ganesh Nagar,
Vadgaon, Sheri, Pune.
Shukla, Bhagvat Sharan. Acharya in Vyākaraṇa,
Ph.D. b.10.04.1956. Asct.Prof. Kashi Hindu
Univ. Varanasi. Gp. Ved Harinath Dixit, Pt.
Ramvadan Shukla, Dr. Madhukar Pathak. Bks.
05. Paribhāṣārtha Candrikā, Vācyaparivar--ana Siddhānta, Rāgārṇava Vyākhyāna,
Sidhānta Kaumudī, Kāraka Prakaraṇa, Śābdika
Sioddhānta Vimarśaḥ. Ps. 71. Add. Kuthiya
Mohgak, Katni, M.P. Spl.Ref. Vyākaraṇa
Śāstrath Puruskar-1984 by M.P. Sanskrit
Academy, Bhopal (M.P.), Sanskrit Sāhitya
Puruskar-2005 by U.P. Sanskrit Sansthan,
Patanjali Puruskar-2006 by M.P. Sanskrit
Board, Veda Pandit Puruskar-1998 by U.P.
Sanskrit Sansthan.
Shukla, Bhakti Nath Girindra Nath. Ph.D.
b.15.06.1938. HOD, Sanskrit. Sardar Patel
University, Vallabh Vidha Nagar, Aanand. Ps.
05. Add. 18, Avdhoot Society Nana Bazar,
Vallabh Vidha Nagar GJ. Spl.Ref. Vedānta
Śāstra.
Shukla, Brahmanand. B. 1904. Muzafarnagar
U.P. HOD Skt. Deptt. Sri Radha Krishan Skt.
Mahavidyalaya. Bks. 03. Śrī-GāndhīcarItam,
Neharūcarītam, Bhāratasuṣamā. Expired in
1970. Spl. Ref. Sāhitya Śāstra, Poetry.
Shukla, Brijesh Kumar. Acharya in Sāhitya,
M.A., Ph.D., D.Litt. (Skt. & Jyotirvijnana).
b. 01.10.1962, Trilokpur, Barabanki (U.P.).
Asst. Prof. & Hd. of Sanskrit & Prakrit Language
Lucknow University. Gp. Shri Upendra
Narayanachary, Prof. Ashok Kumar Kaliya.
Sp. Dr. Prayag Narayan Mishra, Dr. Deepak
Kumar, Dr. Shalini Mishra. Bks 23.
Śrīmadbhārgavopapuraṇam adhyayanam
Saṃpadanañca,
Purāṇasāhityādarśaḥ,
Ādyupapurāṇam, Alaṅkārasāraḥ, Alaṅkāra
sārasamīkṣaṇa. Ps. 50. Add. 78 – A, Badshah
Bagh, Lucknow University Campus (goharnath
Road) Lucknow (U.P.) – 226007. Ph. (0522)
2740430, 9415425834. Spl. Ref. Namit Vyas

