
Vyākaraṇa. b. 04.06.1910, Shiva Sagar,
Aurangabad, Bihar. Rtd. Principal. Bks. 03.
Maṅgalālayaśāstrārtha, Laghusiddhāntacandrikā, Candolaṅkāra mañjarī. Add. Vill.
Shiva Sagar, Baradhiha, Aurangabad (Bihar).
Spl.Ref. Sāhitya & Vyākaraṇa.
Mishra, Ganesh Prasad. Acharya in Sāhitya,
M.A., Vishist Shastri, Vidyavaridhi. b.
05.06.1944, Chunar, Mirzapur, (U.P.). Acting
Principal. Smt Bhagirathi Trust Adarsh Skt.
Maha-vidyalaya Mirzapur. Gp. Pt. Harivansh
Chaturvedi. Bks. 01. Kāvyollāsaḥ Ps. 02. Add.
Shri Bhagirathi Trust Adrash Skt. Mahavidyalaya, Chunar, Mirzapur (U.P.). Spl.Ref.
Sāhitya.
Mishra, Gangadhar. Vyākaraṇa Acharya,
Sāhitya Shastri, Ph.D. b. 01.05.1911,
Madhubani, Bihar. Rtd. Principal. Gp.
Chandrakishore Jha, Pt. Muktinath Mishra.
Ps. 02. Add. Vill. & Post. Haripur, Madhubani
(Bihar). Spl.Ref. Vyākaraṇa & Sāhitya.
Mishra, Gayadin. Acharya in Vyākaraṇa. b.
05.10.1942, Sultanpur, (U.P.). H.o.D. of
Vyākaraṇa. Ps. 02. Add. Shri Daxinamurti Skt.
Mahavidyalaya, Mishra Pokhara, Varanasi
(U.P.). Spl.Ref. Vyākaraṇa.
Mishra, Ghan Shyam. B.o.L., Acharya, M.A..
b. 19.10.1927. Principal. Ps. 02. Add. National
Ayurvedic Pharmacy Mahavidyalaya, Kavi
Surya Nagar, Ganjam (Orissa). Spl.Ref.
Ayurveda & Sāhitya.
Mishra, Ghan Shyam. M.A., M.Ed., Ph.D.. b.
05.02.1968, Bihar. Bks. 01. Ancient Indian
Education. Add. C/o Dr. B.K. Upadhyay, House
No. – 200, Katawariya Sarai, New – Delhi.
Ph. 6528956.
Mishra, Girija Shankar. Acharya in Sāhitya.
b. 1926. Barabanki, U.P. Principal, Seth
Jaidayal Inter College, Sitapur. Gp. Pt. Laxmi
Narayan Mishra, Sri Vindhyeswari Prasad
Mishra. Bks. 03. Rāṣ-rasūktam, Prasannabhāratākhyam, Vipraprabhā Śākadvīpīyabrāhmaṇabandhu Sāhitya ke do Śikhara.
Add. Kaithi Tola Biswan, Sitapur - 01 U.P.

149

Spl. Ref. He started Poetry writing in his 14 th
year of age.
Mishra, Gopabandhu. M.A., Acharya, Ph.D.,
D.Litt.. b. 13.10.1959, Biruda, Nayagarh
(Odisha). Prof., Banaras Hindu University,
Varanasi – 221005. Bks. 07. Vyākaraṇasidhāntakaumūdī, Book for JRF/NET (II-III),
Saṃskṛta Bhāratī (Vol. 1-4,), Saṃskṛta
Abhyāsinī (Vol. 1-4,), Amarabhāratī Dīpīkā.
Ps. 29. Add. Flat No. – 01. Neelkanth
Apartment. B-01/87-7-1 ka, Ravindrapuri
Extension, Varanasi – 221005. Spl.Ref. Editor
of ARANYAKA Skt magazine.
Mishra, Gopal Chandra. Acharya in Veda,
Dharm-Śāstra, Mīmāṃsā, M.A., Ph.D. b.
15.05.1924, Varanasi, H.o.D, Varanasi Hindu
Univ. Varanasi. Sampoornanand Skt. Univ.
Varanasi. Gp. Pt. Bhagwatprasad Mishra, M.M.
Pt. Vidhyadhar Sharma Gaur. Sp. Virendra
Kumar Verma, Kamla Prasad Singh, Pt. Rajpati
Shukla, Rajendra Prasad Mishra, Nandkishore
Pandey. Bks. 10. Sūktaratnasaṅgraham,
Pṛthivīsūkta kā Saṃskṛta Bhāṣya, Sampradāya
Prabodhinī Śikṣā, Yājñikanyāya mālā, Veda
Pā-havidhi. Expired on 09.09.1980.
Mishra, Gopal Chandra. M.A., Ph.D. b.
15.02.1958, Midnapur (W.B.). Asct. Prof.,
Ravindra Bharati University. Calcutta –
700050. Bks. 01. Saṃskṛta Farcical Plays &
Those of Tīrtha Śrījīva Nyāya. Add. Flat – 4.
(1 st Floor), 83, Nainanpara Lane, Kolkata –
700036. Ph. (033) 5180703.
Mishra, Gopi Raman. Acharya, M.A.,
Shikshashastri, Siksacharya. b. 01.11.1953.
Bihar. Dy. Registrar, R. Skt. Sansthan, New
Delhi. Ps. 02. Add. C-346, Street No. 9. Majis
Park, Delhi – 110033. Spl.Ref. Expert to
promoting Sanskrit evaluation system.
Mishra, Govind Chandra. Acharya in Sāhitya,
Shiksha Shastri. b. 10.07.1935, Bhatapada.
Prof. Regional Litrature Society of Orissa.
Bks. 01. Śrīrāmalīlāmṛtam (1986). Ps. 02.
Add. Vill. Bhatapada, P.O. Debidol Dist,
Jagatsinghpur. Ph. (06724) 37980.

