

Sharma, Krishanlal Sudan. M.A. (Skt., Hindi),
Ph.D., Dipl. in Russian and German. b.
24.03.1932. Attank. Now in Pakistan. Rtd.
Prof. and HOD, Gurunank Dev V.V., Amritsar.
Bks. 05. Bhaktasinghcaritāmṛtam, Nīhārikā
Saṃsṛtiḥ, Syandanam. Add. 67, Jawahar Park,
Behat Road, Saharanpur, U.P.
Sharma, Krishna Chandra. M.A., M.Ed. b.
02.07.1935. Teacher. Govt. Boys Senior
Secondary School, Shalimar Bagh, Delhi. Ps.
05. Add. C-7/10 A, Model Town, Delhi.
Sharma, Krishna Datt. Acharya in Āyurveda.
b. 13.08.1918, Ahar, Karnal, HR. Principal.
Gp. Ramesvaradatta Sarma. Add. Sri Totaram
Sanskrita Mahavidyalaya, Ahar, Karnal (HR).
Spl.Ref. Āyurveda.
Sharma, Krishna Kant. M.A., Ph.D. Acharya
in Vyākaraṇa, b.01.03.1952, Kamla Badi,
Majuli, Jorhat, Assam. Reader. Gp. Dr. Sitarama
Sastri; Dr. Ramadhina Caturvedi; Pt.
Niriksanapati Misra; Dr. Srinarayana Misra;
K. D. Tripathi. Ps. 05. Add. Banaras Hindu
University, Varanasi (U.P.). Spl.Ref. Vyākaraṇa.
Sharma, Krishna Murari. M.A., Ph.D.
b.05.11.1950. Kamyavana, RJ. Research
Associate. Gp. Hajarilala Mahesavari; Dr. B.R.
Sarma. Add. V.V.S. & B. B. Anushilan Sansthan,
Punjab University, Sadhu Asharam,
Hoshiarpur–146021 (Punjab). Spl.Ref. Veda.
Sharma, Krishna Venkateshvar. B.Sc., M.A.,
D.Litt., Diploma French – German. b.
22.12.1919, Chengnnur, Kerala. Professor &
Principal. Bks. 01. Jyotiśaśāstre Keralaprāntasyānudānam. Add. Adyar Library, Research
institute, Adyar Madras – 600020. (TN).
Spl.Ref. Jyotiṣa Vigyan, French - German
Language.
Sharma, Krishna. M.A., Ph.D. b.05.10.1945.
Khanewal (Pakistan). Teacher. Army Public
School, Delhi. Ps. 05. Add. 102, Sanskrit Nagar,
Rohini, Sector–14, Delhi–110085. Spl.Ref.
Sāhitya.
Sharma, Krishna. M.A., B.Ed. b.24.01. 1965.
Teacher, Nagar Palika Primary Vidyalaya,

253

Sarojini Nagar, New Delhi. Ps. 03. Add. 299,
Masjid Moth, South Extention Part–II, New
Delhi.
Sharma, Kulamani Mishra. Acharya in
Dharmaśāstra & Sāhitya, Veda Sastri.
b.03.11.1911. Haldia, Bhagwanpur, Puri,
Orissa. Principal. Gp. Ananda Misra Sarma;
Vasudeva Misra Sarma; Ramacandra Ratha.
Bks. Dharmsastra Sabdakosah. Add. Sri
Jagannath University, Puri (Orissa). Spl.Ref.
Dharma Sastra, Sāhitya. Veda.
Sharma, Kuldeep. Acharya, Net, M.Ed., M.Phil..
b. 08.10.1983, Jaipur, Rajasthan. Asst. Prof.,
Rashtriya Sanskrit Sansthan, Lucknow Campus,
Lucknow. Gp. Dr. Ashok Tiwari, Dr. Rajdhar
Mishra, Prof. Lok Manya Mishra. Ps. 05. Add.
H.No. 23, Govind Nagar, Near Heerapura
Power House, Ajmer Road, Jaipur, Rajasthan
– 302024. Ph. (0141) 2354033, 09369821262,
09610422233. ksrsks83@gmail.com.
Sharma, Kumud Prasad. M.A., Sāhityaratna.
b. 04.02.1945, Abhari, Pauri. H.O.D. Dept.
of Sāhitya. Gp. Vedananda Jha; Manasaramaji.
Ps. 05. Add. Paramartha Niketan, Swargashram, Rishikesh, Pauri Garhwal – 249304
(U.P.). Spl.Ref. Sāhitya.
Sharma, Kunj Bihari. Shastri, Acharya in Veda.
b.08.01.1953, Lakhi Sarai, Mungher, Bihar.
Prof., Atharvaveda. Gp. Gopalachandra Mishra,
Vindhyeshvari Prasad Tripathi, Yugalkishor
Mishra. Add. Dept. of Ved, Sampurnanand
Sanskrit University, Varanasi (U.P.). Spl.Ref.
Veda. & DharmaŚāstra.
Sharma, Lakshmi Narayan. Vyākaraṇa, Dvaita
Vedānta Vidvan, M.A., b.03.11.1944,
Padubadri, South Kannad, KT. Gp.
K.T.Pandurangi, Bettu Shrinivasopaddhyay,
Kunji Aleveru Sitaramacharya. Add. Todabali,
Padubidri, South Kannad- 574111 KT. Spl.Ref.
Vyākaraṇa Śāstra. Dvaita-Vedānta & Veda.
Sharma, Lala Ram. M.A. b.15.07.1933. Teacher,
Govt. Secondary Girls School, Karol, Bagh,
New Delhi. Ps. 02. Add. C-1/182, Janakpuri,
New Delhi-110058. Spl.Ref. Sāhitya.

