292



b.15.10.1921, Deoria, (U.P.). Rtd. Professor,
Sampurnanand Sanskrit University, Varanasi.
Bks. 03. Śrīrādhācarita-mahākāvyam, Sūryaśatakam, Kāśikāvṛttiḥ (ed.). Citramīmāṃsā(ed.). Ps. 25. Add. B-26/118,
Dharmasangha Shiksha Mandal, Durga Kund,
Varanasi (U.P.). Spl.Ref. Sāhitya, Vyākaraṇa.
Received Uttar Pradesh Sanskrit Academy
Award-1986.
Shukla, Kalindi Ben kartikeya. Ph.D b.
08.07.1967. Prof. Sardar Vallabh Bhai Arts
College Ahemdabad. Ps. 05. Add. 2, Visva
Bharti Society, Navragpura Near Telephone
Exc. Spl.Ref. Vyākaraṇa.
Shukla, Kamal Nayan. M.A., Ph.D.. b.
09.12.1955, Allahabad (U.P.). Professor, Rani
Durgavati Vishvaviddhyalaya, Jabalpur. Bks.
06. Mādhurya Bhakti, Saṃskṛta Vāṅmaya meṃ
Mānaviya evam Vaijñānika Cintana (Vol. –
I), Saṃskṛta Vaṅmaye Vijñānam (ed.),
Uccaśikṣā ke Paridṛśya (ed.). Ps. 65. Add.
B– 81, A Priyadarshini Colony, Dumanaroad,
Jabalpur (M.P.). Ph.9425862993. Spl. Ref.
Bharatiya Gyan Jyoti Award, New Delhi 2006.
Shukla, Kameshwar. M.A., B.Ed. b.11.01.1969.
Ondia, Bihar. Ps. 01. Add. K.K. Handigue Govt.
Sanskrit College, Jalukbari, Guwahati, Assam14.
Shukla, Kameshwar. Vyākaraṇa Shastri, M.A.,
B.Ed., Ph.D.. b. 11.01.1969, Vill. Bhalui, Dist.
Siwan (Bihar). Asst. Prof. Gauhati University.
Bks. 05. Reflections on Oriental Wisdom (Ed.),
Stuti Praśasti mañjarī (Ed.), Sārasvata
Samīkṣaṇa samuccayaḥ (Ed.), Pañcayajña
Prakāśikā (Ed.), Śrī Gaṅgānāth Deva Śarma
Śāstrī Jīvan Āru Kṛti. Ps. 11. Add. Asst. Prof.,
Dept. of Sanskrit, Gauhati University, Gopinath
Bordoloi Nagar, Jalukbari Guwahati – 781014,
Assam, India. Ph. 09435406412. Email.
drkshuklagu@gmail.com, Spl. Ref. Participated
in many national & international Conference
& Seminars, working on many types of post
in deferent sectors.
Shukla, Kamla Kant. b. 15.11.1911. Deorio,

U.P. Rtd. Prof. S.S.V.V. Bks. 05.
Saṅgrahamśiromaṇi, Vāstusaukhyam, Laghupārāśaram. Ps. 50. Spl.Ref. Honourary Title
of Ach. by India Govt. Active Member of
Sarvabhaum Skt. Prachar Sansthan, President
Awardee.
Shukla, Kapil Dev. M.A., Ph.D.. b. 15.12.1950,
Ambedkar Nagar (U.P.). Prof. & Head, D.D.U.
Gorakhpur University. Gp. Prof. A.C. Banerjee.
Sp. Km. Snehlata Dubey, Km. Vineeta, Km.
Anju Jaiswal, Sri Dharmendra Mishra, Sri
Etendra Dhar Dubey. Bks. 04. Āpastamba
Śrauta Sūtra eka Adhyayana, Jalaplāvana
Ākhyānam, Svaradīpikā, Ṛigveda Bhāṣya
Bhūmikā. Ps. 15. Add. Vill. Mairwa, Post –
Khalispur (Malipur), Distt. Ambedker Nagar
(U.P.). Ph. (0551) 2202844, 9415385423.
kdshukla53@yahoo.com. Spl. Ref. Awarded
by Sayana Puraskar from Sanskrit Academy
(U.P.), Many Radio Talks, Dramas,
Participation in Various Seminars and
Workshops.
Shukla, Kausal Kishor. Acarya in Sāhitya. b.
14.03.1961, Lucknow, U.P. Lecturer. Gp. Dr.
Sivasekhara Misra, Dr. Bindaprasada Mishra.
Ps. 05. Add. Mahavidyalaya, 103, Vidyanta
Marg, Lal Kuan, Lucknow (U.P.) Spl.Ref.
Sāhitya.
Shukla, Kedar Nath. M.A. b.08.07.1943. Ujjain.
Prof., Vikram Univ., Ujjain, M.P. Bks.
Sarasvatīkaṇ-hā-bharaṇaṃ kā Alaṅkāra
Nirūpaṇa. Padyānuvāda of ‘Parjanya-Sūkta’,
‘Vāksūkta’ & ‘Nāsadīya-Sūkta’. Ps. 25. Add.
61/8, Azad Nagar, Vishva-vidyalaya Marga,
Ujjain, M.P. Spl.Ref. Editor of ‘Mānasarovara’,
‘Vedavidyā’ & ‘Śiprāmitra’ Magazines.
Shukla, Krishan Kant. M.A. (Skt. Hindi), Sāhitya
Ratna. b. 15.01.1936. Bulandshahar, U.P.
Principal, Rewri Nath Skt. Mahavidyalaya,
Śāstra Chudamani Scholar. Bks. 03.
Saṃskṛtagadhyamañjūṣā,
Haravijayasya
Sāhityikamadhyayanam.
Expired
in
23.05.1996.
Shukla, Krishna Kant. Vyākaraṇa Vedānta-

