174



1919. Malappuram, Kerala. Gp. Raman
Nambutiri. Add. Pidavannur, P.O. Mukkutala,
Malappuram (Kerala) Spl.Ref. Veda.
Nambutiri, Isvaran. Mahopadhyaya, M.A.,
Ph.D.. b. 02.08.1930, Vill. Kottarakkara, Quilon
Dist. Kerala. H.o.D of Skt. Dept. Gp. S.Venkata
Subrahmanya Ayyar. Bks. Sanskrita Literature
of Kerala, Pramāṇalakṣaṇa, Bodhānandagītā.
Add. Vedānta Śāstradhayayana Centre,
Karyavattam, Tiruvananthapuram (Kerala).
Spl.Ref. Sāhitya, Vedānta.
Nambutiri, Vasudevan P.T.M. b. age. 69 yrs,
Kodungalur, Trissur, Kerala. Rtd. Asst. Prof.
Gp Mathita Kunchu Namputiri. Ps. 01. Add.
Kodnugallur, Trissur Kerala. Spl.Ref. Sāhitya.
Nambutiripada, Antalatimana Divakaran.
Katannirikal (M.A., Vaidikopadhi), b.
10.03.1909. Antalatimana, Odallur, Palakkad,
Kerala. Gp. Antalati Kiratamurti Nambutiri
(Veda), Kochchi Pariksit Maharaja (Tantra).
Add. Marutur, Via Melepattambi – 677366
(Kerala). Spl.Ref. Ṛgveda & Tantra Śāstram.
Namputiri, Krishnan K. M.A.. b. 05.05.1952,
Karassheri, Kozhikode, Kerala. Asst. Prof. Ps.
02. Add. R.Sk.S. Guruvayur Campus
Puranaattukara, Trissur – 680551 (Kerala).
Spl.Ref. Sāhitya.
Namputiri, Narayan. Veda Bhushan. b.
08.09.1916, Edappal, Malappuram, Kerala.
Asst.Prof. Gp. Narayan Bharati, Haridattan
Namputiri. Add. Pantavur Mana, Mukkutala,
Malappuram (Kerala). Spl.Ref. Veda.
Namputiri, Narayanan T. Traditional Degree.
b. 17.03.1925, Trissur, Kerala. Veda Parayanam
(Vedic Exponent). Add. Tottattil Mana,
Panchal, Cheruturutti, Via – Trissur (Kerala).
Spl.Ref. Veda.
Namputiri, Nilakanthan V.K.V. Bhishagvara.
b. 1937, Cheruventeri, Thirushivapuram,
Kerala. Vishacikitsaka (Ayurvedic Physician).
Gp. Virupaksan Namputiri, Asaru Madhavan
Atitiri. Add. Visha Chikitsalaya, Kizhakketathumana, Chetikkatar, Trissur (Kerala). Spl.Ref.
Veda & āyurveda.

Namputiri, Nilakanthan V.N. Acharya in
Sāhitya & Jyotiṣa. b. 01.10.1913, Mewata,
Kottayam, Kerala. Principal, Sri Ramakrishna
Adarsh Skt. Kalalaya, Arunapaur. Ps. 02. Add.
Vadakkematham, Mewata, Kottayam – 686620
(Kerala). Spl.Ref. Sāhitya & Jyotiṣa.
Namputiri, S. Vidvat. b. 29.11.1921, Ernakulam,
Kerala. Rtd. Asst. Prof. Gp. K. Sivanath, K.
Krishna Menon. Ps. 02. Add. Perumpallur,
Muvattupuzha – 686661 (Kerala). Spl.Ref.
Sāhitya.
Namputiri, Subrahmanyan P. b. 23.10.1922,
Mukkunthala, Malapuram, Kerala. Rtd.
Principal. Gp. Parmeshweran Namputiri, Pt.
Hariharan. Ps. 02. Add. Pantavuraman
Mukkunthala, Malapuram Kerala. Spl.Ref.
Sāhitya Śāstra.
Namputiri, Tamaranllur Purushottaman.
Valiyakatannirikkal (Equ. To Ph.D.). b.
23.03.1921, Ozhur, Kerala. Add. Chasur
Kovilkam, P.O. Chasur, Trissur – 680571
(Kerala). Spl.Ref. Ṛgveda.
Namputiri, Tottattil Narayanan. b. 20.12.1928,
Kerala.
Samaveda
Pandita.
Add.
Tottathilamana, Panjal – 679531 (Kerala).
Spl.Ref. Sāmaveda.
Namputiri, Tottattilmana Subrahmanya. b.
06.07.1908, Panjala, Kerala. Add. Vill.
Tottattilmana, P.O. Panjal – 679531 (Kerala).
Spl.Ref. Sāmaveda.
Namputiri, Vasudevan K.G. Acharya in Sāhitya,
L.T.T. b. 13.07.1921, Muttam, Kerala. Acharya,
Sanskrit Vidhyapeeth, Arunapuram. Gp N.V.
Krishnavariyar, E.R. Shrikrishna Sharma. Ps.
02. Add. Shri Sailam, Edanadu Pala, Kottayam
Kerala. Spl.Ref. Sāhitya.
Namputiri, Vatakettu Narayanan. Katannirikkal, Nyaybhushan. b. 1918, Porkulam, Kerala.
Gp K.Acyuta Potuval, K. Variyar. Add.
Vatakketattumana, Porkulam Kerala. Spl.Ref.
Ṛgveda, Nyāya Śāstra.
Namputiripad, Raman U.M. Traditional. b.
22.01.1919, Malappuram, Kerala. Add.
Pudianur Mana, Edapal, Malappuram (Kerala).
Spl.Ref. Sāhitya.

