

Dutt, Haripad. M.A. (Skt. & Bangla) Sāṅkhya
Vedānta Tīrtha. b. 1927, Bangladesh. Bks.
02. Kavitāvalī, Khukī. Add. NIshchintpur,
Rampur Haat, Veerbhum, W.B.
Dutta, Dinesh Chandra. M.A. in English, Greek,
Latin, French, German, Hibru, Arabic &
Parsiian. b. 1891. Lect., Culcutta. Bks. 05.
Subhāṣa Gauravaṃ (1968), Ravīndra Pratibhā,
Candaḥ Sandohaḥ, Baṅga Vibhavarī (1968),
Bhārata Gāthā.
Dutta, Vishnu. M.A., Sahitya. b. 08.05.1957,
Gagar, Pithouragarh, U.P. Prof. Gp.
Shyamacharan Mishra, Jagdamba Prasad
Dwivedi. Add. Shri Sanatan Dharma Sanskrit
Mahavidhyalaya, Haldwani, Nainital U.P.
Spl.Ref.Sāhitya Śāstra.
Dwivedi, Avadhesh Kumar. M.A., Acharya in
Sāhitya, Bauddha-Darśana, Shiksha Shastri,
Ph.D.. b. 21.07.1965, Devariya (U.P.). Asct.
Prof. Karmashri Nalanda Uchcha Baudha
Adhyayana Sansthan, Roomteka Sikkim. Ps.
05.
Dwivedi, Ayodhya Prasad. M.A., Ph.D. b.
01.08.1940, Belaha, Sidhi, M.P. Gp. Dr.
Revaprasada Dwivedi. Bks. Kālidāsasya
Bimbavidhānam. Add. Belaha, Sidhi, M.P..
Spl.Ref. Sāhitya.
Dwivedi, Baij Nath. Acharya. b. 15.10.1928.
Vill. & P.O. Handiya, Gorakhpur, U.P. Principal.
Bks. 03. Śrīmad Vālmīkiya Rāmāyaṇa Aura
Bhāratīya Dṛstī, Rāmāyaṇakāra Mahārsī
Vālmīki eka vivechana, Sanatsujātiya Darśana.
Add. Sri Rajagopal Skt. Mahavidyalaya,
Ayodhya, Faizabad, U.P. Spl.Ref. Navya
Vyākaraṇa, Vedānta.
Dwivedi, Balendu Kumar. Acharya in
Vyākaraṇa, M.A.. b. 03.11.1956. Pathari,
Shahdol, M.P. Teacher. Gp. Dr. Kusalaprasada
Pandeya, Anjaniprasada Pandeya. Add. Govt.
Skt. Mahavidyalaya, Gwalior, M.P – 474009.
Spl.Ref. Vyākaraṇa.
Dwivedi, Bhartendu. M.A., D.Phil. b. 01.03.1956,
Muradabad, U.P. Asct. Prof. & HOD Deptt
of Skt. Kashinaresh Govt. PG College Bhadohi.

67

Bks. 20 Ṛgveda Subhāṣitāvalī, Vedo me Rājanīti
Śāstra, Atharvaveda Subhāṣitāvalī, Vedo me
Āyurveda, Nātyaśāstra me Āṅgika Abhinaya.
Ps. 44. Add. Shantinekaten Gyanpur, Bhadohi221304. Ph. 05414250250, M. 09415170201.
drbdbivdi@hotmail.com Spl. Ref. Nā-ya Śāstra.
Mauritius, Singapore in 1990.
Dwivedi, Bhaskaradatta. Acharya (Sankrit),
Shiksashastri. b. 17.02.1958. P.G. Teacher,
Dadu Dayala Arya Vaidik Senior Secondary
School, Naya Bans, Delhi. Add. T-10/A/4 Nai
Basti, Ward No. 3, Mehrauli, New Delhi.
Spl.Ref. Sāhitya.
Dwivedi, Biharilal Ramalal. Acharya in
Siddānta & Phalita Jyotiṣa. b. 15.02.1932,
Khadagada, Dungarpur, RJ.. Principal. Gp.
Pranashankar Dixit, Laxmikanta Jha,
Sarayuprasada Upadhyaya, Avadhabihari
Tripathi, Mithalala Ojha. Add. G.T. Skt.
Mahavidyalaya, August Kranti Maidan, Tejapal
Road, Mumbai, MH – 400007. Spl.Ref. Jyotisha.
Recipient of President award.
Dwivedi, Brahmadutta. b. 1906. Allahabad
Prayag, U.P.. Asst. Prof., Muraraka Skt. College,
Patana, Varanasi. Bks. 01. Rādhikā (Comentory
on Śabdenduśekhara). Expired in. 1987.
Dwivedi, Chandra Mauli. Acharya, M.A., Ph.D.
b. 09.03.1948, Varanasi. Prof.Sāhitya SVDV,
BHU. Gp. Pt. Mahadev Pandey, Prof. Rewa
Prasad Dwivedi. Sp. Dr. Shiv Ram Sharma,
Dr. Amrendra Mishra, Dr. Sharadindu Kumar
Tiwari, Dr. Ranjan Tripathi, Dr. Ramakant
Pandey. Bks. 09 Vivekālokaṇ, Candrālokaḥ,
Kāvyamīmāṃsā, Bhāratajīvanam Kāvyam,
Rasavasumūrtiḥ. Ps. 32. Add. N2/297 B2
Karaundi BHU, Varanasi - 221005. Ph. 0542316109. Spl.Ref. Sāhitya. Principal Investigator
of the Project Title Vyaktiviveka kī Upalabdha
tikāo kī Samīkṣā 1997, Member of various
committees including academic council DRC,
RDC, PPC Deen Commitees, Schoalarship
committees in BHU, Steering Committes for
National International Database etc.
Dwivedi, Chandrabali. Sāhitya. b. 15.10.1937,
Atrourajham, Basti, U.P. Teacher. Add. Rampur

