
Kahadkar, Gopalacharya. Maharashtra. Gp.
Shri Neelkantha shastri. Bks. 01. Spl.Ref. He
wrote Many Comments on chichandrika by
Dushakradoddhadini.
Kailagi, Seshacharya. Vidvān, Sāhitya. b.
09.11.1912, Mysore, KT. Rtd. Teacher, Purna
Pragya Mahadeva Vidyalaya, Udupi. Gp. L.
Shrinivasacharya, K. Gopal Krishna Shastri,
Ramchandracharya Chaturvedi. Add. Aparna,
5/1, Sita Vilas Road, Mysore, KT – 570024.
Spl.Ref. Sāhitya & Veda.
Kakura, Raghavendracharya R. Jyotiṣa-ratna.
Age. 60 yrs. (in 1988). Add. Shri Krishna
Nilayam, P.O. Allipura, Bellary – 583115 (KT).
Spl.Ref. Jyotiṣa, MādhvaVedānta.
Kala D. Acharya. M.A., B.Ed.. b. 1944,
Dombivali, MH. Add. P.B. Bhagavat Building,
Sainathakripa, 46/4, Dombivali (East), Rajaji
Road, Dist. Thane, MH – 421201. Spl.Ref.
Veda & Sāhitya.
Kalawatiya, Purāṇachandra Shastri. Acharya
in āyurveda, Sāhitya Ratna. b. 10.10.1928.
Doctor, Orissa. Bks. 01. Aparājitavadhūmahākāvyam.
Kalia, Ashok Kumar. M.A., Ph.D., D.Litt. b.
20.04.1944 Bahraich (U.P.) Rtd. Prof. Dept.
of Skt. Lucknow Univ. V.C., S.S.V.V., Varanasi.
Gp. H.H. Shrimad, Abhina Ranganath Bks.
07. Lakṣamī Tantra: Dharma aura Darśana,
Tantra Adhikārī Nirṇayaḥ of Bhattoji Dīkṣita
Pañcarātra Pariśīlana, Puruṣottama Saṃhitā
Ps. 39. Add. B1/19 Kalyan Vihar, Sec-K Aliganj
Lucknow – 226024. Ph. 05224041435 M.
09889816504 Mail. a.kalia@rediffmail.com.
Spl. Ref. Editor of AJASRA Skt. Quarterly
Magazine, President Awardee 2009.
Kalla, Badri Nath. Sastri, M.A., Ph.D. b.
03.03.1931, Srinagar, J & K. Asst. Prof., Deptt.
of Sanskrit, Centre for Central Asian Studies,
Kashmir University. Bks. 06. Kośura śivamata
(Kashmiri), Mānasadarpaṇa (Hindi), Vitastāmāhātmyam. Ps. 50. Add. Ganpatyar, Srinagar,
J & K, Pin – 190001. Spl.Ref. Recipient of
J&K Rashtra Bhasha Prachar Samiti Award
(1979).

121

Kallayya, Banavari Sivaramayya. M.A. b.
04.08.1925, Banavara, Arasikere, KT. Prof.,
Manas Gangotri Univ., Mysore. Gp. Prof. C.R.
Narasimha Shastri, M. Sivarama Shastri. Add.
C.H. 14, 6th Main Saraswatipuram, Near Third
Cross, Mysore, KT–570039. Spl.Ref. AlaṅkāraŚāstra.
Klyansundar, Shastri Varagur Ramnath.
śiromaṇi (Sāhitya, Vedānta), Ph.D. b.
24.03.1911, Varagur, Tanjavur, T.N. Gp M.M.
Yajnaswami, K. Krishna Shastri. V.Vaidyanath
Shastri. Bks. Vṛttimīmāṃsā, Ślokatrayavivaraṇam, Sundararāmāyaṇam (Ed.),
Satīvilāsam(ed.), Veṅka-eśaśatakam (Ed.),
Bhagavadanudhyāna Campūkāvyam (Ed.),
Vicārasāgaraḥ(Ed.), Pātañjalamahābhāśyam:
Pradīpo-dyotānnambha--a-īkāsahitam(Ed.),
Nītiprakāśikā (Ed.), Hariharādvaitabhūṣaṇam
(Ed.), Pāṇinisūtravyākhyā Kalpataruvyākhyā
(Ed.), Nyāya-sidhhāntatattvāmṛtam (Ed.),
Devakeralam (Ed.). Add. 65/2, Vasukala
Veethi, Thyagaraya nagar, Madras- 600017
T.N. Spl.Ref. Sāhitya Śāstra, Vedant Śāstra.
Kamakshi. b. 1851, Chaldesh. Bks. 03.
Advaitadīpikā, Ṭippaṇī (Śrūtimatprakāśaḥ),
Ṭippaṇī. Expired in 1920. Spl.Ref. Vedānta.
Kamal, K. M.A., Ph.D.. b. 03.06.1938, Mahabub
Nagar, A.P. Asct. Prof., Deptt. of Sanskrit,
Nizam College, Hyderabad. Bks. 03. Kādambarī
Kāvya Suṣamā (Telugu), Vyāsasūktam, Śānti
Parvamuloni Sūktulu (Telugu). Add. 16, Tulja
Guada, M. Market, Hyderabad – 500001 (A.P.).
Spl.Ref. Sāhitya.
Kamal, Ratnam. M.A., Ph.D.. b. 03.10.1914,
Allahabad, U.P.. Rtd. Principal, Ramjas School,
Pusa Road, New Delhi. Gp. Gaya Prasad Dixit,
K.A. Subrahmany Ayyar. Bks. 03.
Saṃskṛtasahitye Aitihāsika – Sāṃskṛtika
parīprekṣye Kālīdāsa, Kālīdāsajanma-bhumi,
Anveṣaṇama. Add. F-1/7, Ishan, Haus Khas,
New Delhi – 110016. Spl.Ref. Sāhitya.
Kamatchinathan. M.A., Ph.D. b. 04.08.1936,
Shivgiri. Bks. 02. The Tirunelveli Tamil Dialect,
Tamila Valama. Ps. 50. Add. Natrinai, First
South Cross Road, Mariappanagar, P.O.

