210



Junagarh-262265, Gujarat. Ph. 02876-244533.
M 09879834071. lpatel76@gmail.com
Patel, Mahesh Kumar Ambalal. Ph.D.
b.17.09.1971. Prof., Govt. Vinyan & Commerce
College, Naswadi, Varodara. Ps. 03. Add.
C/o. Shri A. C. Shah, Near Police Station,
Naswadi, Varodara. Spl.Ref. Purāṇa Śāstra.
Patel, Manjula Ben Ambalal. Ph.D.
b.07.12.1971. Prof., Arts College, Satlasana,
Mehsana. Ps. 03. Add. C/o. Shri Lal Bhai Veera
Bhai, Near Animal Gate, Limdi Chauk,
Satlasana, Mehsana. Spl.Ref. Alaṅkāra Śāstra.
Patel, Mayaram K. Ph.D. b.01.06.1971. Prof.,
Govt. Vinayan College, Sector No.15, Gandhi
Nagar. Ps. 04. Add. 229/1, Juna M.L.A.
Quarters 17, Gandhi Nagar. Spl.Ref. Vedānta
Śāstra.
Patel, Naginlal Harilal. Ph.D. b. 04.12.1940.
Prof.. Y. S. Arts & K. S. Shah Commerce College.
Devgarh, Baria. Ps. 03. Add. 30 Shilpi Society,
Near Swami Narayan Mandir, Kareli Bag,
Varodara. Spl.Ref. Purāṇa Śāstra.
Patel, Naina Ben Durlabh Rai. Ph.D. b.
24.06.1963. Prof., Vanraj Arts & Commerce
College, Dharampur, Laldungri. Ps. 03. Add.
Vada, Itanva, Navsari, (GJ). Spl.Ref. Alaṅkāra
Śāstra.
Patel, Narendra K. Ph.D. b.26.06.1969. Prof.,
Sanskrit Deptt. Smt. P. R. Patel Arts College,
Palasar, Patan, (GJ). Ps. 03. Add. Navavadaj,
Valasar, Chansama, Patan, (GJ). Spl.Ref.
Vedānta Śāstra.
Patel, Nathu Bhai Lallu Bhai. Ph.D. b.
01.06.1948. Prof., H. R. Shah Mahila Arts &
Commerce College, Navsari. Ps. 03. Add. Gadat,
Ganadevi, Navsari, (GJ). Spl.Ref. Alaṅkāra
Śāstra.
Patel, Nayanaben D. M.A., B.Ed. Asst. Prof.
Ps. 03. Add. Shri Vanaraj Arts & Commerce
College, Dharmapur, Valsad – 396050 (GJ).
Spl.Ref. Alaṅkāra Śāstra.
Patel, Nayna Nen C. Ph.D. b.10.06.1970. Prof.,
Smt. J. C. Dhanak Arts & Commerce College,
Bagsara, Ambreli. Ps. 04. Add. Vedānta Ranuja

Dham Socierty, Near Ramdevpeer mandir,
Bagsara, Ambreli, (GJ). Spl.Ref. Vedānta Śāstra.
Patel, Niharika Ben Kanu Bhai. Ph.D. b.
23.03.1966. Prof., S. V. Arts College, Ririf
Road, Patthar Kuva, Ahemdabad. Ps. 03. Add.
D-13, Snehadri Appartment, Shreyash
Foundation. Ambawadi, Ahemdabad. Spl.Ref.
Vyākaraṇa Śāstra.
Patel, Niharika Kanubhai. M.A., Ph.D. b.
23.03.1966. Boriavi (Anand). Asst. Prof. Bks.
01. Meghadūtam (ed.) Ps. 01. Add. D–13,
Snehādri Appartments, Shreyas Tekara,
Ambawadi, Ahmedabad – 15. Ph. (079)
6600611.
Patel, Nilyaben Karsan Bhai. Ph.D.
b.21.09.1969. Prof., P. S. Science & M. D. P.
Arts College, Sarva School Campus, Near
Railway Station, Kadi, Mehsana. Ps. 03. Add.
3, Mangal Murti Society Kadi, Karun Nagar
Road Kadi, Mehsana. Spl.Ref. Alaṅkāra Śāstra.
Patel, Niranjan Kumar Punam Chandra. Ph.D.
b. 27.07.1966. Asct. Prof., Sanskrit
Department, Sardar Patel University Vallabh
Vidya Nagar. Ps. 05. Add. Vivksya Plot No.
1003/2 Near Ramamanu Music College Nana
Bazar, Vallabh Vidhya Nagar, Aanand Spl.Ref.
Vyākaraṇa Śāstra.
Patel, Parmanand H. Ph.D. Prof., S. T. Arts
& Commerce College, Sant Rampur,
Panchmahal. Ps. 03. Add. Vavia Muvadha,
Ranijini, Khadedhi, Santrampur, Panchmahal,
(GJ).
Patel, Prahalad Bhai Ganesh Dash. Ph.D. b.
19.06.1938. Prof., N.N.S. Arts College,
BadNagar, Mehsana. Ps. 05. Add. 16, Alok
Nagar Society, thalota Road, VishNagar,(GJ).
Spl.Ref. Alaṅkāra Śāstra.
Patel, Punita Ben B. Ph.D. b.20.03.1973. Prof.,
J. Z. Shah Arts & H. P. Desai Commere College,
Ambroli, Surat. Ps. 03. Add. 34, Ramkripa,
Sounsak, Olpad, Surat. Spl.Ref. Vedānta Śāstra.
Patel, Radha Ben M. Ph.D. b.01.06.1965. Prof.,
G. D. Modi Arts College, Palanpur, Janaskanta.
Ps. 03. Add. Aanand Nagar, Near Highway,

