
Honoured by the Title of Vedapandita &
Sayana.
Upadhyay, Sabhapati. Acharya in Jyotiṣa &
Vedānta. b. 1882. Balia (U.P.). Pradhan Pandit,
Raja baldevdas Birla Sanskrit Pathshala,
Lalghat, Varanasi. Gp. Pt. Baburam Upadhyay,
Pt. Ram Pathak, Pt. Devnarayan Tiwari,
Damodar Shastri, Pt. Shivkumar Shastri. Sp.
Pt. Ganpati shastri Mokoteji, Pt. Balkrishan
Pancholi. Pt. Kalikaprasad Shukla. Bks. 04.
Ratnaprabhā Tīkā of Laghūmanjūśā. Prabhā
Tīkā of Praudmanorama with Śabdaratna,
laxmī Vyākhyā of Sidhānta Kaumudī.
Vaīdikadhar-mrahasya. Expired in 1964.
Spl.Ref. Recipient of ‘Mahamahadhyapak
Padavi’ by Bharatdharm Mahamandal and
‘Shabdika Padavi’ by Sangved School.
Upadhyay, Shitla Prasad. Acharya, Ph.D. b.
18.02.1956 Prof. & H.o.D. Sampoornanand
Skt. Univ. Varanasi. Gp. Prof. Brijvallabh
Dwivedi, Prof. Batuknath Shastri. Bks. 11.
Śrī Kṛṣṇayāmalaṃ Mahātantram, Tripurārṇavatantram, Bhāskarāya Bhāratī dikṣita;
Vyaktitva Evaṃ Kṛtitva, Jñānadīpavimarśinī,
Nivyāṣo©aṣikārṇava (Setubanda Tīkā Sahita).
Ps. 45. Add. Vill. Payagpur, Post Raja Talab,
Distt. Varanasi. Spl.Ref. Special Award, U.P.
Skt. Sansthan.
Upadhyay, Shivji. Acharya, Ph.D. b. 03.03.1943,
Mirzapur U.P. Prof. & Pro.V.C., Sāhitya Dept.,
Sampurnanad Skt. University, Varanasi U.P.
Gp. Sarayu Prasad Upadhyaya, Pattabhiram
Shastri. Bks. 15. Śrī Vindhyeśvari Stavaḥ,
Sarvadarśana-vimarśaḥ, Abhirāma Campūḥ,
Śauryam (Nātaka), Kālakū-am (Nātaka),
Vyaktī Vimarśa. Ps. 50. Add. 16, Teachers
Quarters, S.S.U. Varanasi. Spl.Ref. Recipient
of ‘President Award’, ‘Kalidas Award’, ‘Tulsi
Puraskar’, ‘Kavikulratna’ & ‘Magh Puruskar,’
for his outstanding contribution to Sanskrit
Literature. Delivered at least 100 lectures
on National & International level.
Upadhyay, Suresh Ambalal. b. 21.09.1932.
Mumbai. Ex-Director, Bhartiya Vidya Bhawan.
Add. 35 A Surya Kiran Pan Gali, B M Path,

339

August Kranti Marg, Mumbai – 36. Spl.Ref.
He was visiting Professor / Fellow in the
Universities of Heidelberg and Tuebingen,
Germany and supervised Ph.D. Students in
the Urbaniana University, Rome, Italy and
Stockholm University, Sweden. He has received
Best Teacher Award from the Govt. of
Maharashtra. He is the Author & Editor of
several books. He has delivered several
illuminating lectures on Indology in India
and aborad, President Awardee.
Upadhyay, Tara Chandra. Acharya in
Vyākaraṇa. b. 01.07.1929, Sukhpura, U.P..
Asst. Prof.. Gp. Raghunath Sharma, Hiralala
Pancholi. Ps. 02. Add. G.T. Skt. Mahavidyalaya,
August maidan, Bombay, Maharashtra –
400017. Spl.Ref. Vyākaraṇa.
Upadhyay, Uma. M.A., Ph.D., L.L.B.. b.
04.04.1941, Nainpur , Mandla. Ps. 01. Add.
527. Mohan Niwas. Dixitpura. Jabalpur, M.P.
Pin.- 482002. Ph. (0761) 342245.
Upadhyay, Vachaspati. M.A., Ph.D., D.Litt.
b. 01.08.1943. Sultanpur, UP. Ex-V.C. L.B.S.
Rashtriya Skt. Vidyapeeth, Delhi. Bks. 40.
Spl.Ref. Veda, Darśana, Dharma Śāstra,
Sāhitya, Member Secretary Maharishi
Sandeepani, Rashtriya Veda Vidya Pratishthan
Ujjain Title of MM, President Awardee. Expired
in 2011.
Upadhyay, Ved Prakash. M.A., Ph.D, D.Litt.
b. 07.02.1947. Ex. HOD Skt. Punjab Univ.
Chandigarh. Bks. 07, Hindu Vidhi Evam Srota,
Ṛgvedika-sūkta-sa‚grahaḥ, Vaidika Sukta
Saṅgrahaḥ, Vaidika Sāhitya Eka Vivecana,
Veda Mīmāṃsā Aura Dayānanda Sarasvati.
Add. 1573, Pushpa Complex Sector 49-B
Chandigarh. Ph. 09915746560, 09316698035.
Spl.Ref. Awarded international Gold Medal
in Astrology and VāstuŚāstra Colombo Srilanka, Total 32 Awarded.
Upadhyay, Vishveshwar. M.A. b. 08.12.1960.
Ps. 02. Add. Govt. P.G. Sanskrit College, Raipur
C.G. Spl.Ref. Sāhitya Śāstra.
Upadhyay, Yadu Nandan. b. 02.10.1912. South

