School No. 01, Janakpuri, Delhi – Add. C03 A/120 A, Janakpuri, New Delhi – 110058.
Spl.Ref. Sāhitya.
Airi, Raghunath. M.A. (Skt, Hindi), Prabhakar
(Hindi), Vidya Bhushan (Skt) & Ph.D. b
01.05.1935, Hoshiarpur (Punjab). Rtd.
Principal, Haryana Education Service Gp. M.M.
Pandit Parmeswaranand Shastri, Dr. Shri.
Dharanand Shastri. Bks. 10. Concept of
Sarasvatī in Vedic Epic & Paurāṇika Literature,
Dict. of Proverbs (Hindi, English, Skt.),
Annotated Bibliography of Popular books on
Science and Techonology written in Skt.,
Studies in Vedic Skt. Literature. Ps 10. Add.
465, Sec. 07 Urban Estate, Gurgaon 122001
Ph. 0124-2330465, M. 09910988572. Spl.Ref.
Veda, Epics & Purāṇa.
Ajabia, K.J. M.A., Ph.D. b. 08.08.1932. Gp D.P.
Joshi; Prof. R.S. Betai. Acharya (Teacher),
Head, Deprtment of Skt. Add. Dr. K.V. Arts
& Science College, Jamnagar (GJ). Spl.Ref.
Vedānta.
Ajita Kumar. M.A., Acharya in Sāhitya &
Vyākaraṇa, B.Ed. b. 15.07.1950. Vill. & Post
Dhindhawali, Muzaffarnagar, U.P. Teacher
(T.G.T.), Bhagavan Mahavir Skt. Vidyapeetha,
Sawan Ashram, Shakti Nagar, Delhi – 110007.
Bks. 01. Devarāja Lekhamālā (unpublished).
Add. 3/24, Sector No. 2, Rajendra Nagar,
Sahibabad, Ghaziabad Dist. (U.P.). Spl.Ref.
Sāhitya & Vyākaraṇa.
Aklujkar, Ashok. Ph.D. b. 06.11.1941,
Pandharpur, Maharashtra. Prof. University
of British Columbia, Yancouver, B.C. Canada
V6T 1Z2. Bks. 04. Marā-hī Māti Samīkṣā,
Appāśāstri Sāhitya Samīkṣā, Skt.: An easy
introduction to an enchanting language,
Theory of Nipātas (Particles) in Yāska’s Nirukta
(1962-1965) Ps. 60. Add. Dept. of Asian
Studies, University of British Columbia,
Vancouver, B.C., Canada V6T 1z2. Ph. 1 –
604 - 8225185.
Alaṅkāra, Virendra Kumar. M.A. (Skt., Vedic
Lit), M.Phil., Acharya (Sāhitya), Advance Dip.
in Russian & Prakrit, Ph.D., D.Litt. b.

15.10.1962. Prof. & Ex. Chairperson HOD
Deptt. of Skt. Punjab Univ. Bks 16
Pālippadīpikā, Mīmāṃsādarśana (Tarka
Adhyayana), Devapraśastikāvyam, Bhāratīkāvyam, Mānavamūlya Viśvakośa Ps 75. Add.
HOD Skt. Deptt. Punjab Univ. Chandigarh.
Ph. 0172-2779123, M. 09463837343,
alankar@ pu.ac.in Spl.Ref. Grammar Indian
Philosophy & Veda, Poet, Mahakavi Banabhatta
Award.
Alagoudar, Abhijeet. M.A., Ph.D., Multimedia
Animation Hardware and Networking.
b.25.07.1987 Shedbal (KT.), Res. Officer.
IGNCA. Gp Shri Rajdhar Mishra, Ms. Kapoor,
Ark Nath Chaudhary, Sudeep Jain. Ps 01.
Add B-461, Chatarpur Extn. Murgi Farm Near
JVTS Garden, New Delhi 110074, M.
08339292353, 09716839292, abhijeetala
goudar@gmail.com . Spl Ref. Kannada, Hindi,
Sanskrit, Prakrit, English, Marathi, Telugu,
Gujarati.
Alok, Veda Vrata. Ashtakopadhyaya,
Acharya, M.A., Ph.D., Dip. Ling. b. 20.07.1938,
Sita Ram Bazar, Old Delhi. Rtd. College
Teacher. Gp. Swami Dayananda Saraswati’s
Ashram Parampara, Shree Swami Yogeshwarananda Saraswati, Swami Sachchidananda
Yogi. Sp. Dr. Deva Sharma Bks .05 Prāṇayoga :
Philosophy & Practice, Prāṇayoga Practices,
Prāṇayogasāra, Śāṅkarayoga Vivaraṇa, Mudrā
Prāṇayoga. Add. B-2/114, Varun Apartment
Sec. 9, Rohini Delhi, India 110085, aalokee@
yahoo.com. Spl.Ref. Yoga. Visit Newzealand,
Singapore, Australia.
Amarendra Kumar. M.A. M.Phil. b. 04.12.1949.
Dharma Pracharaka (Religious Preacher). Add.
Ahimsa Bhavan, Shankar Road, New Rajendra
Nagar, Delhi – 110060.
Amba Prasada. Acharya. b. 26.03.1925.
Acharya. Rishikul Samskrita Mahavidyalaya.
Delhi. Add. House No. 370. Vill. Alipur. Delhi–
110036.
Ampallur, Sridharan. Kavyabhusana. b.
16.08.1928, Ampallur, Kerala, Bks. Samskṛtabhāṣāyāṃ
Pāścātyadarśana-granthāḥ,

