108



Jha, Mrigendra Nath. M.A., Ph.D. Sāhitya.
b. 13.06.1953. Darbhanga. Prof. Shri Raghuwar
Ramanand Vedant College Paldi, Ahemdabad.
Add. Add. 34/347, Chandrabhaga Colony Near
Ganesh School Ahemdabad. Spl.Ref. Alaṅkāra,
Vyākaraṇa Śāstra.
Jha, Munishwar. M.A. in Skt. & Hindi, D.Lit.
b. 04.11.1928. Karamauli, Bihar. Bks. 12.
Bhūparikramaṇam. Veda Vāgvivṛttiḥ. Ps. 50.
Add. Shree Kunj Apartment, No. 12, Buddha
Colony, Patna – 80000. Spl.Ref. Presidential
awardee.
Jha, Munishwer. Acharya in Sāhitya,
Mahamaho-padhyaya, Vidyavachaspati, M.A.
D.Litt. b. 04.11.1928, Madhubani. Ex. Prof.
& V.C. Bks.10. Vidyāpativāṅmaya, Kāvya aura
Bhāṣā. Ps.60. Add .ShreeKunj, Apart. 12,
Buddha Colony. Patana - 800001 Ph.06122523032. Spl Ref Bengauli, France, U.K.
Germany, Trinidad, West Indise.
Jha, Murlidhar. Acharya in Jyotiṣa, Vyākaraṇa,
NyāyaŚāstra & Sāhitya. b. 1869. Shyam sidhav,
Bihar. Lect., Banaras. Gp. Pt. Sudhakar
Dwivedi, Pt. Vidya Jha, Pt. Madhusoodan jha.
Sp. Pt. Babua Mishra, Pt.Chandrashekhar Jha,
Pt. Gangadhar Mishra, Pt. Murlidhar Thakur,
Pt. Seetaram Jha. Bks. 05. Laghu Vivaraṇa
Ṭīkā on Sudhākara Bhāṣya of Vedāṅga Jyotiṣa.
Expired in 1929. Spl.Ref. honoured by “Maha
Mahopadhyay” Distinction in 1922 A.D.
Jha, Nagendra. Acharya in Jyotiṣa, Siksashastri.
b. 15.07.1956, Belahi, Madhubani, Bihar. Asst.
Prof. Delhi Skt. Vidyapith. Gp. Ajabalal Thakur,
Vishvanath Jha. Add. L-10 C, D.D.A. Flat,
Gajipur, Near Dairy Farm, Shahdara, Delhi–
110091. Spl.Ref. Jyotiṣa.
Jha, Narayan. Acharya, Ph.D. b. 03.07.1959,
Thadhi, Madhubani. Bihar. Gp. Muralidhar
Jha, Chandrashekhar Jha, Dr. Harshanath
Mishra. Add. 3-A, East Mada Street, Little
Kanchipuram–631503 (T.N). Spl.Ref. Sāhitya.
Jha, Narendra. Acharya in Navya Vyākaraṇa,
Sāhitya. b. 11.07.1927, Chanpur, Madhubani,
Bihar. Asst. Prof. Add. G.T. Skt. Mahavidyalaya,

August Kranti Maidan, Bombay – 400007
(MH). Spl.Ref. Navya Nyay, Vyākaraṇa,
Sāhitya. Award. Three Gold Medals and
President Award.
Jha, Naresh. Acharya, Kāvyatīrtha, Hindi
Sāhityaratna, Ph.D. b. 15.08.1929, Darbhanga,
Bihar. Principal. Gp. Ganesh Jha, Narsimha
Dwivedi, Taracharan Bhattacharya. Bks. 01.
Physical Education in Ancient India. Add.
Adarsh
Rani
Chandrawati
Shyama
Mahavidyalay, Kachauri Gali, Varanasi (U.P).
Spl.Ref. Sāhitya.
Jha, Panchadev. M.A. b. 01.01.1962, Gadha,
Sitamadhi, Bihar. Principal. Gp. Laxmikanta
Jha, Ananda Jha. Add. Shri Sharada Sanskrit
Mahavidyalaya, 103, Vidyanta Road, Lal Kuan,
Lucknow (U.P.). Spl.Ref. AdvaitaVedānta.
Jha, Paramanand. Acharya in Sāhitya, DharmaŚāstra, M.A., B.Ed.. b. 05.08.1952. T.G.T.,
Rajakiya Ucchatar Madhyamika Girls
Vidyalaya, Adarash Nagar. Add. DA – 591,
Hari Nagar, New Delhi–64. Spl.Ref. Sāhitya,
Darma-Śāstra.
Jha, Paramanand. Acharya in Sāhitya, Hindi
Visharad, M.A., Ph.D., D.Lit. b. 02.01.1927,
Madhubani, Bihar. President, Bihar Samskrta
Siksa Board. Gp. Dr. L. Vaidya, Dr. Viramani
Upadhyaya, Pt. Baladev Upadhyaya. Add. East
Boaring Canal Road, Patna (Bihar). Spl.Ref.
Sāhitya.
Jha, Paramanand. Acharya in Vyākaraṇa,
Sāhitya, NavyaNyāya. b. 17.04.1921. Add.
Vill. & P.O. Barail, Via Garh Baruari, Saharsa
Dist. (Bihar). Spl.Ref. Vyākaraṇa, Sāhitya,
Navya Nyāya.
Jha, Parameshwar. Acharya in Vyākaraṇa,
DharmaŚāstra, Mīmāṃsā, Sāṅkya, Vedānta
& Nyāya. b. 1853. Vill. Taruvani, Dist.
Darbhanga. Principal, Rameshwarlata Skt.
College, Darbhanga. Gp. Pt. Chiranjeev Mishra,
Pt. Rajaram Shastri, Pt. Balshastri, Pt.
Taracharan Bhattacharya, Pt. Visvanath Jha.
Sp. Pt. Markandey Mishra, Pt. Triloknath,
Shri Shivnandan Thakur. Bks. 13. Saṃskāra-

