
of Sanskrit, Utkal University, Vani Vihar.
Bhuvaneshwar – 751004 (Orissa). Spl.Ref.
Sāhitya.
Panda, Rabindra Kumar. Acharya, M.A.,
M.Phil., Ph.D. Dipl. in German b. 10.01.1963,
Mirzapur, Orissa. Asct. Prof. & Head Dept.
of Sanskrit, Pali & Prakrit, M.S. Univ. of Baroda,
Baroda. Bks. 30. Ānandabodhyatī – A Study,
Studies in Sanskrit Śāstras, Essays on Modern
Skt., Poetry, Cainnācaya, Kāvyāmṛtatarangiṇī.
Ps. 70. Add. 13/169, Parishram Park, Refinery
Road Gorva, Baroda - 16 Ph. (0265) 2325548.
Mob. 09974262038. Spl.Ref. Creative Writer,
Reapient of Ramakrishna Award Kalidasa
Award. Guj. Skt. Sāhitya Academy Award.
Panda, Ramesh Chandra. M.A. (Sanskrit), Ph.D.
b. 02.09.1954, Purusottampur, Ganjam, Orissa.
Prof. & Head., Dept. of Vyākaraṇa, Sanskrit
Dharma Vijnan Sankay, B.H.U. Varanasi, U.P.
Bks. 10. Mahābhāṣyavīkṣikā-īkāyāḥ Viśleṣaṇatmakamadhyayanam. Ps. 50. Ph. 91-9415992
108. Spl.Ref. Vyākaraṇa.
Panda, Seemachal. Acharya in Vyākaraṇa, Ph.D.
b. 24.03.1959, Taratarini, Ganjam, Orissa.
Asst. Prof., Govt. College, Sundargarh, Orissa.
Bks. 03. Nā-yatattva of Sāhityadarpaṇa,
Vālmikīyarāmāyaṇe Yuddhakāṇ©am, Kāvyatattvaṃ. Add. Mukuban, Navakalevar Road,
Puri, Orissa. Ph. 09437768707.
Pande, Aniruddha kumara. Acharya, Ph.D.
b. 01.01.1956. Kuradih, Pratapgarh, U.P. Asst.
Prof. Gp. Dr. Kalika Prasad Sukla. Ps. 02. Add.
Govt. Basic Sanskrit MAhavidyalaya, Rewa
(M.P). Spl.Ref. Vyākaraṇa.
Pande, Suresh Chandra. M.A., D.Phil. b.
07.08.1934, Almora (Uttarakhand). Rtd. Prof.,
Allahabad Univ. Bks. 07. Dhvanī Siddhānta
Virodhī Sampradāya, Kavī Aura Kāvyaśāstra,
Alaṃkāradarpaṇaḥ, Kādambarī-soūrabham,
Nalvīlāsa Nātakam. Add. 1/6, Prayag Street,
Allahabad. Ph. (0532) 2641538.
Pandey, Narasimha. Acharya in Sāhitya,
Sāhitya-ratna. b. 10.05.1918, Balia. U.P. Rtd.
Asst. Prof. Ps. 05. Add. Bharasar, Balia (U.P).
Spl.Ref. Sāhitya.

187

Pandey, Adya Prasad. Acharya in Sāhitya. b.
01.07.1944. Asamaha, Gorakhpur. U.P. Asstt.
Teacher. Ps. 02. Add. Sanskrit Mahavidyalaya,
Baspar, Gorakhpur (U.P.). Spl.Ref. Sāhitya
Śāstra.
Pandey, Amar Nath. M.A. b. 13.07.1949.
Azamgarh, U.P. Principal. Gp. Jagadisa
Upadhyaya. Aniruddha Dave. Ps. 02. Add.
Sri Durgaji Sanskrit Mahavidyalaya.
Chandesvar, Azamgarh (U.P.). Spl.Ref. Sāhitya.
Pandey, Amar Nath. M.A. D.Phill. b. 06.10.1937.
Prof. & Head. Add. Deptt. of Sanskrit. Kashi
Vidyapith. Varanasi. (U.P.). Spl.Ref. Veda.
Pandey, Amarnath. M.A., D.Phil. b. 06.10.1937
Allahabad U.P. Rtd. HOD. MG Kashi
Vidhyapeetha. (U.P.). Bks. 17. Soundrayāvalī
(Ed), Upasargavargaḥ, Bāṇabhatta Kā
Sāhityika Anuśīlana. Ps. 200. Spl. Ref. Vivad
Śāstra Parangat, M.M. Honourary Title of
Pt Raj and Vidyaratakar, President Awardee,
50 Radio Talks.
Pandey, Ambadas Sharma. Vyākaraṇasastri.
b. 1910. Nagpur. MH. Lecturer. Gp. Sankarasastri, Arvikara Vaidika, Dattatreya Sarma.
Ramadasa Misra. Add. Bhaumsala VedaŚāstra
Mahavidyalaya. Nagpur – 440002. (MH).
Spl.Ref. Veda & Vyākaraṇa.
Pandey, Anjani Prasad. Acharya in Sāhitya
& M.A. b. 04.05.1942. Gahanauwa, Rewa,
M.P. Asst. Prof. & Head, Deptt. of Sāhitya.
Gp. Pt. Kalikaprasada Tripathi, Pt. Subodha
Jha, Dr. Ramakrsna Tripathi. Ps. 02. Add.
Govt. Venkat Sanskrit Mahavidyalaya, Rewa
(M.P.). Spl.Ref. Sāhitya.
Pandey, Anjula. M.A., B.Ed., Ph.D. b.
24.03.1976. Teacher, Chattrapati Shivaji
Mahavidyalaya, Ramabai Nagar. Ps. 15. Add.
Vill P.O. Gauriyapur, Akbarpur, Ramabai Nagar
-209101, U.P. M. 09236092237.
Pandey, Annapurna. Acharya in Sāhitya. b.
20.07.1941. Sultanpur, U.P. Asst. Teacher.
Gp. Pt. Rama Gopala Misra. Ps. 02. Add. Kesh
Kumari Govt. Degree College, Sultanpur (U.P.).
Spl.Ref. Sāhitya.

