70



England, USA, Canada in 1976, England West
Germany, Neitherland 1989, America, Canada,
Surinam Guyana 1990 Mauritius, Keneya,
Tanjaniya 1991. Honoured by President of
Surinam, President of Mauritius, London Univ.,
Toronotto Univ. & Several Awards etc.
Dwivedi, Kashi Nath. Acharya in Vyākaraṇa
& Darśana. b. 21.01.1898. Kashi. Gp. Pt.
Rambhawan Upadhyay, Swami Manishyanand
ji. Sp. Pt. Rambalak Shastri. Bks. 02.
Rukmaṇiharaṇaṃ. Rasapeśala Kāvya. Add.
Misirpokhara Muhalla, Kashi. Expired in. 1973.
Spl.Ref.. Recipient of ‘Sahitya Sudhanidhi’
Award.
Dwivedi, Kedar Nath. Śuklayajurveda, M.A.,
B.Ed., b. 15.01.1934, Dhanautiray, Pipra
Ramghar, Deoria, U.P. Asst. Prof. Gp. Pt.
Kamalnath Shukla. Add. Govt. Skt.
Mahavidyalaya, Bhitri. Dist. Sidhi, M.P. Spl.Ref.
Śuklayajurveda. Sāhitya.
Dwivedi, Keshav Prasad. Acharya, Vidyavaridhi.
b. 18.09.1959, Varanasi, U.P. Gp. Dr.
Parasanath Dwivedi. Add. Bahpura. Itahara,
Varanasi, U.P. Spl.Ref. Sāhitya.
Dwivedi, Krishn Kumar. Acharya in Vyākaraṇa
& Siddhānta Jyotiṣa. b. 01.03.1922, Samhan,
Prayag, U.P. Rtd. Principal. Gp. Avadha Bihari
Tripathi, Pt. Sukadev Chaturvedi. Add. Shri
Narayani Skt. Vidyalaya, Katni, M.P.. Spl.Ref.
Vyākaraṇa, Siddhānta Jyotiṣa.
Dwivedi, Krishna Chandra. Acharya in Jyotiṣa,
Siddhānta Phalita, Astronomy, Ph.D. b.
19.07.1932. Devariya U.P. Director Bharati
Jyotish Anusandhan Kendra Varanasi. Bks.
14. Ps. 10. Spl.Ref. Jyotiṣa, Awarded by U.P.
Govt. & U.P. Skt. Academy, TV Radio Talk.
Dwivedi, Lalbihari. Acharya in Jyotiṣa, Purāṇa,
Hindi Sāhityaratan, Ph.D. b. 15.02.1922,
Etawah, U.P. Gp Chotelal Tripathi, Pt.Kalika
Prasad, Pt. Krishnamani Tripathi, Pt. Badrinath
Shukla. Bks. Purāṇeṣu Vāstuvidyāvivecanam.
Add. 167/12, Punjabi Colony, Mainpuri U.P.
Spl.Ref. Disc.Jyotiṣa Śāstra, Purāṇa Śāstra.
Dwivedi, Laxmi Narayan. Acharya Navya Nyāya,

Mahopadhyaya, Navya Vyākaraṇa. b. 1907,
Sagar, Rtd. Teacher & Skt Scholar. Spl Ref.
Navya Vyākaraṇa, Navya Nyāya.
Dwivedi, Laxmi Prasad. Ach., M.A. (Skt., Hindi)
b. 05.04.1954, Panna, M.P. Lec. & Trenner,
District Institute of Education and Tranning
Hatta, Damoh M.P. Gp. Ach. Indrapal Mishra,
Prof. Karunapat Mishra, Pt. Ramsanmukh
Mishra, Pt. Ramprasad. Sp. Sanjay Dwivedi,
Avneesh Pauranik. Add. Ganga Jhiriya, Chandi
ji Ward Hatta, Distt. Damoh M.P. Spl.Ref.
Scholar of Yajurveda, Vyākaraṇa, Jyotiṣa and
Karmakāṇda. He is a vedpathi.
Dwivedi, Lokadhar. Acharya (Navya-Vyākaraṇa,
Vedānta), Kāvya-Tīrtha, M.A. b. 10.10.1913,
Barhyapar, Gorakhpur, U.P. Rtd. Asst. Prof.
Add. Rishi Sanskrit Mahavidhyalaya, Nardhan
Niketan, Kharkhari, Haridwar U.P. Spl.Ref.
Disc. Navya-Vyākaraṇa, Vedānta Śāstra, Kāvya
Śāstra.
Dwivedi, Mahavir Prasad. Hindi & Skt.. Bks.
14. Kathamaham Nāstikaḥ, Kānyakubjalīlāmṛtaṃ, Samācārapatrasampādakastavaḥ.
Sūryagrahaṇam. Prabhāta Varṇaṇaṃ. Spl.Ref.
Famous Poet of Skt. & Hindi Poetry.
Dwivedi, Mahesh Kumar. Acharya, M.A., NET,
Ph.D. b. 14.07.1975. Prof. Shri Ekrasanand
Adarsh Skt. College, Mainpuri U.P. Gp. Prof.
Mamyatna Shukla, Prof. Mammanohar Mishra,
Prof. Radhavallabh Tripathi. Sp. Sanjay
Dwivedi, Vishnu Prasad Meena, Surendra
Prasad Tiwari. Add. Vill. Ghatra, Post Naharpur,
Distt. Chatarpur M.P.
Dwivedi, Mani Shankar. Acharya in Sāhitya
& Vyākaraṇa. b. Patanwada, Badmer, RJ. Asst.
Prof., Skt. College, Jodhpur, RJ. Bks. 01.
Saṃsakṛta Kavitā Saṇgraḥ. Spl.Ref.. Also
specilization in Veda & Sangeet, Translated
Sindhi book of Poet Abadula Latif into Sanskrit,
Organized Skt. Sammelan in Jodhpur on
25.12.1952.
Dwivedi, Manohar Lal. Acharya in Sāhitya.
M.A., Ph.D., Atharvaveda, Lib. Science. b.
23.08.1920, Varanasi (U.P.). Gp Gopalshastri

