
Devīstotrāṇi. Ps. 03. Add. Sri Krishan Ashram
Pathashala, Modasa, Sabarkantha- 383250,
Gujarat. Ph. 079-26862304. M. 09375841978.
Ojha, Pinaki Prasad. b. 20.01.1938, Sankhera
(Barauda). Specialisation in Sāmaveda Add.
Shri Govardhan Nath Ji Ka Mandia. Mehtapura
(Barauda) – 390001.
Ojha, Ramakant. Navyavyākaraṇācharya, M.A..
b. 16.10.1913, Dishni, Dhakapur, Pratapgarh,
(U.P.). Gp. Bholanath Shukla, Ramaprasad
Tripathi, Devanayakacharya. Add. Pure
Narasimhabhan, Pratapgarh (U.P.). Spl. Ref.
Navyavyākaraṇa.
Ojha, Ramnandan. Vyākaraṇācārya, Vedānta.
b. 15.10.1920, Ojha, Ballia, Devaria, (U.P.).
Gp. Devasharan Mishra, Ramlakhan Pathak.
Add. Dwarka Nagar, Amahia, Rewa (M.P.).
Spl.Ref. Vyākaraṇa, Vedānta.
Ojha, Ramsubhag Acharya. Ph.D., Sāhityācārya,
Navyavyākaraṇācharya, M.A. b. 15.06.1930,
Basti U.P. Rtd. HOD. Sanskrit, Heera Sanskrit
Mahavidhayalaya, Khalilabad, Basti. Gp.
Jeetnarayan Ojha, Harishankar Ojha. Add.
13/140, Vidya Nagar, Khalilabad, Basti, U.P.
Spl.Ref. Navyavyākaraṇa, Sāhitya Śāstra.
Ojha, Ramyash. Sāhityācārya. b. 01.02.1955,
Chausarha, Banda, U.P. Asst. Prof. Gp. Indrajeet
Mishra, Chandra Shekhar Tripathi. Add.
Jaideva Sanskrit College. Karbi. Banda U.P.
Spl.Ref. Sāhitya Śāstra.
Ojha, Ramyatna. Bihar. Chapara, Manjhi Gram.
(Hoby) Astrology Banaras Hindu Univ.

183

(Vanarasi). Gp. Pt. Sudhakar Divedi. Bks. 01.
Falit Vikas, Expired in 1938.
Ojha, Savita. M.A., NET, Ph.D. b. 15.12.1972.
Reader & HOD Skt. Deptt. Nehru Gram Bharati
Univ., Allahabad. Bks. 01. Āhārya Abhinaya
Eka Samīkṣhātmaka Adhyayana. Ps. 10. Add.
Pragyan Bhawan, 50 Vasant Vihar Colony,
Jhunsi, Allahabad. M. 09453228728.
Ojha, Shrinivas. Shastri, M.A., Ph.D. b.
01.07.1952, Varanasi. Prof. M. Gandhi Kashi
Vidhyapeeth. Bks. 01. Naiṣadhīyacaritam. Ps.
04. Gp. Prof. Amarnath Pandey, Prof. Kamdev
Mishra, Prof. Hare Ram Tripathi. Add. 1. E08. Adhyapak Avas. M. Gandhi Kashi
Vidhyapeeth, Varanasi. Ph. (0542) 2225353.
Ojha,
Vedi
Prasad.
Vyākaraṇācārya.
b.18.05.1945, Ahagikalan, Mirzapur, U.P. HOD
of Vyakaran. Gp. Ramyatna Shukla. Add. Shri
Sanatan Bhairava Sankar Brahma Sanskrit
Mahavidhyalaya, Beriyaghat, Mirzapur U.P.
Spl.Ref. Vyākaraṇa Śāstra.
Ojha, Yogeshwar. Vyākaraṇācārya, 1885, Balia
(U.P.), Gp. Rajaram Shashtri Karlekar,
Kashinath Shastri, Ashtaputri. Sp. Veereshwar
Shastri Dravid (Jaipur). Bks. 01. Hemavatī
Ṭīkā on Parībhāśendū Śekhara (1975). Expired
in 1956.
Omvrat. Acharya. b. 05.10.1976. Ajmer. TGT
Skt., Gurukul Kurukshetra. Add. Gurukul
Kurukshetra Near IIIrd Gate, Kurukshetra136119, Haryana. Ph. 01466-273533. M.
09466704108. omvrat@gmail.com.

P
Pachauri, Chandra Kant. M.A. L.T. Visharad
in DharmaŚāstra. b. 30.04.1946. Kande,
Champawat, U.K. Rtd. Teacher. Gp. Acharya
Devaki Nandan Lohni, Pt. Ghanashyam Shastri.
Ps. 02. Add. Radha Krishna Vihar, Near Neem
Tree, Badi Mukhani, Haldwani, Nainital (U.K.).
Spl.Ref. Poet in Hindi & Skt. Veda, Jyotiṣa,
DharmaŚāstra.
Pachauri, Krishan Kant. M.A. (History & Skt.)

b. 10.09.1975. Kande, Champawat, U.K. Gp.
Dr. Lalit Kumar Tripathi, Dr. A Dash, Dr. D.
K. Singhdeo. Ps. 01. Add. RZ 651/313, Gali
No.06, Sagarpur, New Delhi-46. Spl.Ref.
Sāhitya & Ancient Indian History.
Padhi, Balabhadra. Acharya in Vyākaraṇa,
Sāhitya & Jyotiṣa. Jagadalpur, Brahmapur,
Orissa. Bks. 01. Karmadīpikā (Vol. II). Ps.
22. Expired on 03.09.2001. Spl.Ref.. Taught

