

Tripathi, Ramashankar. Acharya (Purāṇa),
Sāhitya Ratna, M.A. (Skt., Hindi) Vidyavaridhi,
D.Litt. b. 25.07.1944. Jaunpur. Śāstra
Chudamani Scholar, Deptt. of Dharmagama,
SVDV, BHU. Bks. 02. Camatkāracintāmaṇi,
Alaṅkāra Mañjūṣā. Ps. 50. Add. Deptt. of
Dharmagama, Faculty of SVDV, BHU Varanasi05. M. 09415234235. Spl.Ref. Sāhitya.
Tripathi, Ramavtar. Acharya in Vyākaraṇa,
Kāvyatīrtha, M.A. Ph.D. b.01.07.1937,
Marhoudh, Banda, U.P. HOD. Ps. 05. Add.
Jawaharlal Nehru College, Banda, U.P. Spl.Ref.
Vyākaraṇa & Sāhitya.
Tripathi, Ramchandra Shastri. Acharya, Ph.D.
b.27.09.1926, Matkheran, Unnao, (U.P.). Rtd.
Asst. Prof. Gp. Dr. Kailasapati Tripathi,
Mukundashastri Khiste. Ps. 05. Add. Near
Vinapani Shiksha Niketan, Bhadau, Rajghat,
Varanasi–221009 (U.P.) Spl.Ref. Sāhitya.
Tripathi, Ramendra Nath, Shastri, Acharya,
M.A. b.01.07.1952, Deoria, U.P. Asst. Prof.
Gp. Vidhyeshwari Prasad Tripathi, Gopal
Chandra Mishra, Raghveshmani Tripathi. Add.
Gopal Krishna Gokhle Inter College, Bahiari
Dhaghel, Deoria, U.P. Spl.Ref. Veda & Sāhitya.
Tripathi, Rameshwar Prasad, Acharya in
Vyākaraṇa.
b.05.01.1950,
Gahbara,
Chattarpur, M.P. Asst. Prof. Ps. 04. Add. Shri
Vamadev Sanskrit Mahavidhyalaya, Banda,
U.P.
Tripathi, Ramhari. Acharya in Sāhitya, M.A.
b.02.01.1931, Khatwara, Banda, U.P. Asst.
Prof. Ps. 05. Add. Govt. Sanskrit College,
Lashkar, Gwalior, M.P. Spl.Ref. Sāhitya.
Tripathi, Ramkrishn Laxminarayan. Acharya
in Sāhitya, Sāhityaratna, Kāvyatīrtha.
b.19.04.1926, Nagaur, RJ. Teacher. Ps. 05.
Add. Shri Brahmakarmavarddhini Sankrit
Mahavidyalaya, Itwari, Nagpur (MH). Spl.Ref.
Sāhitya.
Tripathi, Ramraj, Acharya (Vyākaraṇa, Advaita,
Darśana) b.15.10.1924, Faizabad, U.P.
Principal, Shri Sanatan Dharma Sanskrit
Mahavidhyalaya, Godarnal, Basti. Gp. Rudra

329

Prasad Avasthi. Add. Naresh Tiwari ka pura,
Khaparhadeeh, Faizabad, U.P. Spl.Ref.
Vyākaraṇa, Advaita Vedānta.
Tripathi, Ramvijay Nath. Acharya, Ph.D.,
b.20.01.1954, Deoria, U.P. Principal. Gp. Dr.
Ramprasad Tripathi. Ps. 03. Add. Shriram
Sanskrit Mahavidhyalaya, Tailia, Deoria, U.P.
Spl.Ref. Vyākaraṇa.
Tripathi, Ranajit. Acharya. b.01.01.1948,
Makhatiaraja, Deoria, (U.P.). Principal. Gp.
Indradeva Acharya, Ramaprasad Tripathi. Bks.
01. Uṇādilakṣyalayayānām samīkṣaṇamadhyayanam. Add. Shri Radhakrishna Sanskrit
Mahavidyalaya, Laxminivas Bagh, Deoria
(U.P.). Spl.Ref. Vyākaraṇa.
Tripathi, Ranjan Kumar. Acharya, M.A., JRF,
Ph.D. b. 12.07.1978. Gopalganj. Asstt. Prof.
Bks. 07. Ādhunika Saṃskṛta. Sāhitya kā Itihāsa
in Vol. 5. Ps. 09. Add. 49, Mahamanapuri,
ITI Road, Varanasi 05. M. 09415951620. Spl.
Ref. Sāhitya Śāstra, Member of E.C. in
Bundelkhand University.
Tripathi, Ray Khushi. Acharya, Sāhityaratna.
b.01.01.1945, Gorakhpur, U.P. HOD Sāhitya.
Ps. 05. Add. Shri Dharmaj gyanopdesh Sanskrit
Maha-vidhalaya, Mahamana Malaviya Nagar,
Allahabad. U.P. Spl.Ref. Sāhitya.
Tripathi, Reva Prasad. Acharya in Sāhitya &
Āyurveda. b.17.12.1938, Jhaloun, Jabalpur,
M.P. Principal, Shri Durga Siddhapitha Sanskrit
Vidhyalaya. Add. Rishimuni Ashram,
Shantinagar, Damohanaka, Shakti Chowk,
Jabalpur M.P. Spl.Ref. Sāhitya & Āyurveda.
Tripathi, Roop Narayan. M.A., Acharya in
Sāhitya, Ph.D. b.1941. Chamolinagar,(U.P.).
Asst. Prof., Rashtriya Sanskrit Sansthan, Jaipur
(RJ) Bks. 01. Nalavilāsa. Ps. 10. Spl.Ref.
Sāhitya.
Tripathi, Rudra Dev. Acharya (Sāhitya, Sāṅkya,
Yoga), Sāhitya Alaṅkāra, Sāhitya Ratna,
Kāvyapurāntīrtha, M.A., B.Ed., Ph.D. D.Litt.
b.23.09.1925, Mandsaur, M.P. Prof. LBS
Rashtriya Sanskrit Vidyapeeth New Delhi. Bks.
143. Saṃskṛta Sāhitya meṃ Śabdālaṅkāra,

