228



Rama, Aravinda Kumara. M.A., Ph.D., B.Ed.
b.09.02.1957, Balia, U.P. Lecturer. Sanskrit
Department. Gp. Dr. Atulachandra Bandyopadhyaya, Dr. Ramavadha Pandeya. Ps. 02.
Add. Govt. Mahavidyalaya, Sonabhadra (U.P.).
Spl.Ref. Sāhitya.
Ramabai, E.R. M.A., Ph.D. b.18.10.1939,
Chennai. Asst.Prof. & Head. Bks. 01.
Kerlahardṇa, A Critical Study & Edition. Ps.
25. Add. 10. (New No. 21) III. Mani Road,
Vnited India Colony, Kodamsakkam, Chennai–
600024.
Ramabhadrachariyar, R. b.10.01.1944,
Vandavasi, North Arcot, TN. Gp. P.C.
Sathgopachariyar. Add. 14, Sri Rangaraja
Street. Kanchipuram-3 (TN). Spl.Ref.
Kṛṣṇayajurveda.
Ramachandrulu, Balaji. Education & Nyāya,
M.A. Darśana & Telugu, M.Ed., Ph.D., M.D.
b.10.07.1963, A.P. Bks. 02. Ps. 19. Add. C/o
Badari Narayan, Behind Girls Hi. School,
Subhash Street, Shringeri.
Ramadayalu. Acharya, M.A., Vidyabhaskara.
b.02.10.1934. Teacher, DAV Senior Secondary
School, Daryaganj, Delhi. Ps. 01. Add. 31/
18, Dharma Gali, Sitaram Bazar, Delhi–
110006. Spl.Ref. Sāhitya.
Ramadevi, S. M.A., M.Phil., Ph.D. b. 25.06.1964.
Reader. Bks. 01. The Ontology of Advaita :
A study of Shaṅkarās Upadeśasāstra Ps. 27.
Add. 10-30/5 Koundinya Homes, Gokhle
Nagar, Ramanthapur, Hyderabad-13. Ph. 04027032468. M. 09959652642.
Ramakrishnan, G. (Kalabharati). b. 1926.
Rtd. Office Sup., Southern Railway. Bks.
Śrīsubrahmaṇyabhujaṅgam, Devyaparādhakṣamāpanam,
Śrīmīnākṣīpañcaratnam,
Śobhanapañcāṅgam, Gaṇeśapañcaratnam.
Add. 3, Avvai Road Extn., I.O.B. Colony Extn.,
Selaiyur – Tambaram, Madras – 600073 (T.N.).
Spl.Ref. Sāhitya, Darśana. Sanskrit Parishad
Award, Madras.
Ramamani, S.N. A. Vedānta, Ph.D.
b.20.12.1951, Tirupathi (A.P.). Asct. Prof.

Bks. 03. Purūṣārtha Sudhānidhiḥ, Parmārthastuti, Śrī Stuti. Add. 1191– Sector–8, R. K.
Puram, New Delhi 110022.
Raman, K. b. 11.12.1951, Tiruindaluru, TN.
Teacher. Gp. T.A. Gopalan, K. Sundaracharya.
Add. Shri Kalyana Venkatesvara Svami
Devsthana, Shrinivasamangapuram, Chittoor–
517102 (A.P.). Spl.Ref. Dravida Divya
Prabandha & Veda.
Raman, Karunakaran, M.A., Ph.D., D.R.M.S.
b. 14.08.1924, Edakkodam, Kerala. Head,
Deptt. of Sanskrit, University of Kerala. Bks.
The Concept of Sat in Advaita Vedānta (Eng.),
Darśanamāla (Edited). Add. Shri Sankara
Bhavanam, Petta Trivandrum (Kerala). Spl.Ref.
Darśana. Award. Advaita Vedānta Siromani,
Setu Parvatibai Puraskara (Univ. of Kerala).
Ramanujachari, N.V. Shiromani (Sāhitya,
Advaita, Nyay), Ph.D., Vidhyavaridhi. b.1935.
Admn. officer, United India Insurance Ltd.
Gp. Ayya Devnatachari, N. Vizhinathan. Bks.
Nyāya-kusumāñjaliḥ(Ed.). Add. 27 Sannadhi
Street, Little Kanchipuram- 631503 TN. Spl.Ref.
Sāhitya & Nyāya Śāstra.
Ramanujacharya, Vangipurram. M.A., Ph.D.
b. 18.12.1931, Hyderabad, A.P. Asst. Prof.
Gp. K. Sathkopa Ramanujacharya. Add. 131-1/53, Sitaramnagar, Hyderabad A.P. Spl.Ref.
Veda, Nyāya & Sāhitya.
Ramasanchi, Phattehram. Navya Vyākaraṇa
Acharya, Ayurvedaratna. b.15.11.1960,
Panchoni, Nagaur, RJ. Principal. Gp.
Girishachandra Jha, Ramkishor Tripathi. Add.
Shri Samarth Sanskrit Mahavidyalaya, Ellis
Bridge, Ahmedabad, (GJ). Spl.Ref. Vyākaraṇa
& āyurveda.
Ramasanchi, Phattehram. Navya Vyākaraṇa
charya, Ayurvedaratna. b. 15.11.1960,
Panchoni, Nagaur, RJ. Principal. Gp. Girisha
chandra Jha, Ramkishor Tripathi. Add. Shri
Samarth Sanskrit Mahavidyalaya, Ellis Bridge,
Ahmedabad, (GJ). Spl.Ref. Vyākaraṇa &
āyurveda.
Ramasubrahmanyan, K. M.Sc., AMIE, M.A.,

