
b. 28.02.1929, Kokkad, Puttur, Kerala. Asst.
Prof. Gp. K. Yajnanarayan Shastri, Shivasubrahmanyam Shastri. Add. T-C-29/1336,
Sivapuri, Shrikantheswaram, Tiruvananthapuram 695023. Spl.Ref. Veda, Vedānta,
Vyākaraṇa & Sāhitya Śāstra, President
Awardee.
Potty, Vishnu V.S. Shastri, M.A., Ph.D.
b.06.08.1958, Thrikkalathoor, Kerala. Acharya,
Shri Chandershekharendra Saraswati Nyay
Śāstra Mahavidhyalaya, Kanchipuram. Gp.
S. Venketkrishna Shastri, A. Shankar Sharma.
Ps. 03. Add. 33 E/1, East Masi Street, Little
Kanchi-puram T.N. Spl.Ref. Navya Nyāya
Śāstra.
Potuval, Balakrishna V.P. M.A. b.23.06.1923,
Payyanur, Kerala. Rtd. Lecturer. Bks. 05.
Prabandhaprabodhinī, Padapuṣpāmañjarī,
Upavādaparīkṣāsahāyī,
Ātmadarśanam,
Stotrahāram. Add. Shakti Niwas, Keloth,
Payyanur, Cannanore, (Kerala). Spl.Ref.
Sāhitya.
Potuval, Krishna A. K. Vidvan. b.26.10.1924.
Add. Shantalayam, Tayaneri, Payyanur
(Kerala). Spl.Ref. Sanskrit Sāhitya & Veda.
Prabha, C. M.A., Ph.D. Principal. Ps. 02. Add.
Gargi College, Shiri Fort Road, New Delhi –
110049. Spl.Ref. Sāhitya.
Prabhakar, Kallyan Lakshminarasimha. B.Sc.,
M.A., Ph.D. b.23.08.1942, Tadipatri,
Anantpuram, A.P. Vice-Principal, Sanskrit
Department, National College, Bangalore, KT.
Gp. Madhavaram Subrahmanya Shastri,
Surampudi Bhaskar, Dr. K. Krishnamurti. Ps.
05. Add. 524, 41 Cross, VIII Block, Jayanagar,
Bangalore (KT). Spl.Ref. Alaṅkāraa, Jyotiṣa
& Dharma-Śāstra.
Prabhakar, Ram Ratna, M.A., Ph.D. b.05.11.
1924, Delhi. Rtd. Prof. Bks. Sūryasaṃskṛtavyākaraṇam, Saṃskṛta- mañjarī, Rajaḥkaṇam.
Add. 1418, Gulian Bazar, Near Jamma Masjid,
Delhi. Spl.Ref. Sāhitya Śāstra.
Prabhakaracharya. Acharya in Vyākaraṇa.
b.21.11. 1931, Alappuzha, Kerala. Principal.

219

Gomathe-shvar Vidyapeeth, Hasan. Ps. 02.
Add. Shri Gomatheshwar Vidyapeeth, Shrawan
Belagola, Hasan – 573135 (KT). Spl.Ref.
Sāhitya & Vyākaraṇa.
Prabhanjanacharya, Vyasanakere. M.A.,
Vedānta Vidvat, Vyākaraṇa a Vidvat, Ph.D.,
D.Litt. b. 14.06.1944. V.C. Sri Ragvendra
Vedānta Mahapathshala and Director Sri Vyas
Madhva Research Foundation, Bangalore. Bks.
100. Spl.Ref. He has done a yeoman service
for Sanskrit by collecting and cataloguing
more than 1000 manuscripts, President
Awardee.
Prabhudayal. Acharya in Sāhitya. b. 16.10.1925,
Amin Road, Rajkot, GJ. Rtd. Asst. Prof. Gp.
Prof. Narayandas Bathija. Ps. 05. Add. 1,
Anupama Society, Amin Road, Rajkot (GJ).
Spl.Ref. Sāhitya.
Pradhan, Bharamar Bara. Sāhityaśāstṛi, Kovid
(Hindi). Pracharak, Hindi-Sanskrit-Pracharini
Sanstha, Rajsunakhala, Orissa. Add. Kaimatia,
Brajamohanpura, Puri – 752018 (Orissa).
Spl.Ref. Sāhitya.
Praharaj, Laxmicharan VidyAlaṅkāra. Acharya
in Vyākaraṇa & Tarka. b.28.09.1869,
Chatrapur, Ganjam, Orissa. Bks. 03. Navanivedanaṣo©aśī, Sukha-bodhinī, Satyopākhyānaṃ. Expired on 11.04.1972. Spl.Ref.
Awarded ‘Kāvyalaṅkāraa’ by the King
Ramakrishna Rangarau Bahadur.
Praharaj, Priyali. B.A. (Hons.). M.A. M.Phil.
Asst. Prof., Sanskrit Department. Ps. 02. Add.
Jadavpur University, Calcutta – 700032 (W.B.).
Spl.Ref. Smṛti.
Praharaja, Sadashiva. M.A. (Skt., Oriya),
Acharya, Ph.D., Tradition in Yajurveda
Madhyandin Shakha b. 24.08.1937 Sambalpur,
Orissa. Former Prof. & Head. PG Deptt of
Skt. G.M. Autonomous Govt. College,
Sambalpur. Bks. 09 Bhaktasarvasva, Śrī Devī
Bhāgavatadarpaṇa, Stutimālā . Ps. 80. Spl.Ref.
Yajurveda Madhyandin Shakha, Śāstra
Chudamani Scholar, Honour from Orissa Skt.
Academy Skt. Univ. Puri, Title of Mahimaho-

