
Honourary Director, Kundkund Bharati Prakrit
Jain Research Institute. Spl.Ref. Prākṛta
Apbharaṃśa and Jainology, Founder of Prakrit
Parishad and Founder HOD, Deptt. of Prakrit
in Maghad Univ., Editor of Prakrit Vidya and
Sectional Editor of Encyclopedia of Jainism,
He has serachout 32 Prakrit and Apbharansh
Manuscripts in which 10 has published.
President Awardee.
Jain, Raka. M.A., Ph.D. Acharya (Jain and Bodh
Darśana). b. 15.01.1960. HOD, Asct. Prof.,
Chatrasal Govt. Mahavidyalaya, Panna. M.P.
Bks. 01. Kāvyakamalāñjaliḥ. Ps. 15.
Jain, Rekha. M.A., Ph.D. b. 01.07.1979, Damoh
M.P. Asst.Prof. (G.L.) Govt. P.G. College Damoh
M.P. Gp. Bhagchandra Jain, ShivaDarśana
Tiwari.
Jain, Rishabh Nanda. M.A., Acharya. Ph.D.
b. 02.03.1960, Senghapa, Chhatarpur, M.P.
Bks. 04. Jaina Siddhānta Bhāvanā Granthāvalī,
Avacūrijudo Darvasañgaraḥ, Ek Ātmakalyāṇa
Prakāśa. Spl.Ref. Editor of Many Manuscripts
of Prakrit & Skt.
Jain, Rukmani. M.A., B.Ed. b. 13.01.1955.
Asst.Prof., Shri Samantabhadra Sanskrit
Mahavidhyalaya, Deryaganj, New Delhi. Add.
4783/23, Ansari Road, Daryaganj, New Delhi.
110002. Spl.Ref. Sāhitya Śāstra.
Jain, S.L. Acharya in Sāhitya, Prākṛta,
Jainadarsana, M.A., Ph.D.. Asct. Prof. Bks.
03. Sa‚skṛtapraveśikā, Prākṛtadīpikā, Tarkasaṅgrāha-īkā (ed.). Add. Deptt. of Skt., Banaras
Hindu Univ., Varanasi (U.P). Spl.Ref. Darśana,
Prākṛta.
Jain, Seema. Acharaya M.A., NET, Ph.D. b
03.05.1983, Jaipur. Asstt. Prof. Govt. Maharaja
Acharaya Skt. College, Jaipur. Ps. 1 Add. 43
Muktanand Nagar, Gopalpura road, Tonk
Road, Jaipur – 302018. Ph. 01412552860
M. 9799886990 drgauravpatni@gmail.com
Spl.Ref. Visited - Thailand, Singapore, Malaysia.
Jain, Shashi Prabha. M.A. in Skt., History,
M.Ed., Acharya in Sāhitya, Prākṛta, Ph.D.
b.22.11.1946, Delhi. Bks.1. Relationship

99

Between Skt. Achievement. Add. Flat No. 5,
Shri Lal Bahadur Shastri Skt. Vidyapeeth,
Katwaria Sarai, New Delhi-110016. Ph.
6561666, 6960872.
Jain, Sudeep. M.A. in Prākṛta & Skt., Ph.D. b.
05.07.1965. Lalitpur, UP. Asct. Prof. L.B.S.
Rashtriya Sanskrit Vidyapeeth, New Delhi.
Bks. 06. Ps. 75. Add. B–32, Chhattarpur Extn.
Behind Nanda Farm. New Delhi – 110030.
Spl.Ref. Honourary Research Director of Prakrit
Vidya Journal. Maharshi Badarayan Vyas
Samman by President of India.
Jain, Uday Chandra. M.A., Ph.D. b. 02.04.1947.
Chattarpur, MP. Rtd. Prof., Co-ordinator
Buddhist Studies and Non-Violence Centre.
Bks. 10. Kundakundaśabdakośa, Hemaprākṛta,
Śaurasenīprākṛtavyākaraṇa. Ps. 150. Add. Peu
Kunj, Arvind Nagar, Near Jain Sthanak,
Udaypur – 01. RJ. Spl.Ref. Jaina Darśana,
Vyākaraṇa, Buddhism, President Awardee.
Jain, Varsha. B.A., M.A.(Hindi & Skt.), Ph.
D.(Con.). b. 04.03.1981. Sagar, M.P.
Manuscripts Surveyor, Dept. of Skt., Dr. H.S.
Gaur Uni. Sagar, M.P. Gp. Prof. R.V. Tripathi,
Prof. Kusum Bhuriya, prof. A. Dash. Ps. 02.
ph. 08269532754. spl.Ref. Manuscriptology
& Editing, Conservation & Preservation.
Jain, Veer Sagar. Acharya, M.A., M.Phil., Ph.D..
b. 16.07.1962. Rajasthan. Bks. 10. Add. C274/4. Arjun Nagar. Safdarjung Enclave. New
Delhi – 110029.
Jain, Vijay Kumar. Acharya M.A., Ph.D. b 0107-1956, Prof. RSKS Lucknow. Gp. Pandit
Kailash Chandra Shastri, Dr. K.C. Jain, Pandit
Jaganmohan Lal Shastri, Bks. 10Pālisaddhātusaṅgaho, Prārambhika Bauddhadarśana, Saṃskṛtasūkti Samuccaya, Atta dīpo
bhava. Ps 75 Add. 3/65 Vikash Khand Gomati
Nager, Lucknow – 226010. Ph. 05222393748,
M 9415789445 Email. Vijayjain.sampadak@
gmail.com, Spl.Ref. Awarded from U.P. Sanskrit
Santhan,
Shrutsamvardhan
Puraskar,
Digamber jain shastri parisad Puraskar, Editor
Shrutsamvardini, Shastri Parisad Bulletin.

