312



b. 05.03.1976. Asstt. Prof. Deptt of Skt. KSKV
Kachch Univ. Bks. 04. Ps. 15. Add. Deptt of
Skt. KSKV Kachch Univ. Bhuj – Kachch 370001.
Gujarat. M. 09898958898. pankaj.thaker@
yahoo.ocm
Thakkar, Suman Ben Ashvin Kumar. Ph.D.
b.12.09.1953. Prof. Sanskrit & Bharti Vidhya
Vibhag, Hemchandracharya Uttar Gujrat
University, Patan. Add. 11, Navdurga Nagar,
Near Sitlamata Mandir, Patan, (GJ). Spl.Ref.
Prakrit Sanskrit.
Thakkar, Vandna Ben S. Ph.D. b.10.08.1958.
Prof. Smt. M. M. Shah Mahila Arts College
Highway Road Kadi. Ps. 03. Add. 7-A
Madhuban Society Nandasan Road Kadi,
Mehsana. Spl.Ref. Alaṅkāra Śāstra.
Thakkar, Veenaben Vasan Ji. Ph.D.
b.24.06.1959. Prof. Shri Jayendrapuri Arts
& Science College, Bharuya. Ps. 03. Add. 22,
Sardar Patel Society Near J. P. College,
Bharuya. Spl.Ref. Alaṅkāra Śāstra.
Thakral, Amla. M.A. M.Phil. B.Ed. b.20.08.1956,
Delhi. Teacher, Delhi Public School Delhi.
Ps. 03. Add. E – 291. Greater Kailash – I.
New Delhi–110048. Spl.Ref. Sanskrit
Samvardhak Samman, Sanskrit Academy,
Delhi.
Thakral, Chandu Lal Vanmali Das. Ph.D.
b.12.06.1932. Prof. K. H. Madhwani Arts &
Commerce College, Aerodrum Road,
Porbander. Ps. 05. Add. Manjul Block No.
18, Shri Nath Park, Kalawadh Road, Rajkot.
Spl.Ref. Dharma Śāstra.
Thakur, Sunita. M.A., M.Phil. b.11.05.1981.
MIG -13, Vivekanand Nagar, Damoh, M.P.
Teacher. Gp. Prof. R. V. Tripathi, Prof.
Bhagchandra Jain. Ps. 01.
Thakur, Ajit Bhai. M.A., Ph.D. b. 14.05.1950,
Aanand. HOD Sanskrit Deptt. Sardar Patel
University, Vallabh Vidha Nagar, GJ. Ps. 03.
Add. A 10 Chetanya Vihar, Vidha nagar Road,
Aanand, Gujrat.
Thakur, Ajit Singh I. M.A., Ph.D. b.14.05.1950.
HOD. Sanskrit Deptt. Sardar Patel University,

Vallabh Vidhya Nagar. Ps. 05. Add. A-10,
Chaitanya Vihar, Vidhya Nagar Road, Aanand.
Spl.Ref. Alaṅkāra Śāstra.
Thakur, Ajitasimha Isvarasimha. M.A., Ph.D.,
b.14.05.1950, Vankaneda, Surat, GJ. Asst.
Prof., Sanskrit Dept., M.T.B. College, Surat.
Bks. Ālokaḥ. Add. Tarasadi Gaon, Kausamba,
Surat (GJ).
Thakur, Ambalal Dhansukh Bhai. M.A. Ph.D.
b. 06.06.1933. Prof., Seth P.T. Arts & Science
College, Godhara, Panchmahal. Ps. 03. Add.
19, Shraddhey Society Godhara, Panchmahal.
Spl.Ref. Purāṇa.
Thakur, Anantalata. M.A., b.23.07.1916,
Kotalipara, Faridpur, Bangaladesh. Asst. Prof.
Asiatic Society, Calcutta. Ps. 05. Add. 59/1,
Ram Manohar Sarani, Malir Bagan, Baidya
Bati, Hugly–712222. Spl.Ref. Nyāya, Vaisheshik
and Bauddha Darśana.
Thakur, Balwant Singh N. Ph.D. b.01.06.1965.
Prof., Shri Arts & Commerce College, Sarbhan,
Amod, Bharuya. Ps. 03. Add. “Prabhu Kripa”
A-20, Jawahar Nagar Society, Near Overbridge
Bharuya. Spl.Ref. Vedānta Śāstra.
Thakur, Chandrika Ben Ramashankar. Ph.D.
b.27.04.1957. Prof., B. Jahauddin Vinyan
College, Junagarh. Ps. 03. Add. S/72-569,
B. Jahauddin College Motibagh Road,
Junagarh. Spl.Ref. Alaṅkāra Śāstra.
Thakur, Deepak Bhai. Ph.D. b.27.06.1959. Prof.,
Shri P. H. G. Municipal Arts & Science College,
Ambika Highway Road, Kalol. Ps. 03. Add.
1. Indraprastha Flats, Vardhaman Nagar, Near
Garden Kalol, Gandhi Nagar. Spl.Ref. Vedānta
Śāstra.
Thakur, Dinesh Chandra Jetha Lal. Ph.D.
b.02.08.1950. Prof., Arts & Commerce College,
Idar, Sambharkanta. Ps. 03. Add. Kadiya dara,
Idar, Sambharkanta(GJ). Spl.Ref. Alaṅkāra
Śāstra.
Thakur, Gangesh. M.Sc. Acharya. L.L.B. Ph.D.
D.Litt. b. 10.10.1952. Madhubani (Bihar).
Prof. Bks. 01. SaṃgrāmaDarpaṇa. Ps. 15. Add.
P. G. Deptt. of Jyotiṣaa, Kameshwar Singh
Sanskrit University, Darbhanga, (Bihar).

