126



16.01.1928, Udupi, KT. Gp. Pt. Narayanacharya, Pt. Hayagrivacharya, Anantakrishnacharya, Add. Katte Acharya Marg,
Kunjivedu, Udupi, KT. Spl.Ref. Nyāya-Darśana.
Kattumunda, Vinod Kumar. M.A., M.Phil.,
B.Ed.. b. 30.05.1978, A.R. Nagar. Add.
Kattumundakkal (H.). P.O.– A.R. Nagar. Dist.
Malappuram, Kerala. 676305.
Kaul, Eshwar. b. 19th Century, Kashmir. Bks.
01. Kāśamīraśabdāmṛtam.
Kaundiny, Ramdas Vishnu. Acharya in Sāhitya,
M.A.. b. 07.04.1917, Pahur, MH. Principal.
Gp Nathushastri Patanakara, Rajeshvar Shastri.
Add. Bhagavata Vidyapitha, Shri Varatantu
Sanskrit Mahavidyalaya, Ahmedabad (GJ).
Spl.Ref. Sāhitya.
Kaur, Kulvant. M.A., B.Ed. b. 03.05.1945.
Teacher (PGT) Sanskrit, Kendriya Vidyalaya,
Gole Market, New Delhi. Add. B-3/3981,
Pashchim Vihar, New Delhi – 110063.
Kaur, Paramajit. M.A., B.Ed. b. 07.08.1955,
Kanpur, (U.P.). Asst. Prof. Ps. 02. Add. Tara
Singh Memorial College for Women, Ludhiana
(Punjab). Spl.Ref. Sāhitya.
Kaushal, Bhagat Ram. Acharya in Vyākaraṇa,
M.A. b. 03.04.1959, Undoda, Lehri, Bilaspur,
H.P. Acharya. Add. Sri S.S. Mahavidyalaya,
Dangar, Chumakhi, Bilaspur (H.P). Spl.Ref.
Vyākaraṇa.
Kaushalendracharya. Acharya in Vyākaraṇa,
Rāmānuja-Rāmānanda-Vedānta. b. 14.01.
1943, Ayodhya, Faizabad, U.P.. Principal. Gp.
Pt. Bholanath Tripathi, Pt. Rambadan Shukla.
Add. Shri Sachcha Adhyatm Sanskrit
Mahavidyalay. Arail Allahabad, U.P. Spl.Ref.
Vyākaraṇa & Vedānta.
Kaushik, Ajay. M.A., Acharaya (Sāhitya) Ph.D.
b. 10-05-1959, Kulsachiv, Gurukul Mahavidyalaya, Haridawar. Bks. 01 Ps. 03. Add.
Gurukul Mahavidyalaya, Haridawar – 249404.
M.09897284490, Email. kaushikgmv@
gmail.com .
Kaushik, Ashutosh. M.A., M.Phil. b. 28.05.1987
Kaithal, Research Scholar. Gp. Dr. Lalit Kumar

Gaur. Ps. 01. Add. 262 Sunder Nagar near
Verwala Road, Hisar – 125001 (HR) M.
09667329272.
Kaushik, Avdhesh Kumar. M.A. in Skt. & Pol.
Sc., Acharya in Jaina Darśana, Ph.D. b.
09.08.1958, Jaipur. Librarian. Bks. 01.
Pāṇ©ūlīpī Pustakālaya Evam Śodha Pravīdhī.
Add. Shahpura House, Uniaron ka Rasta,
Chandpole, Jaipur – 302001. Ph.
09414981677.
Kaushik, Jayanarayan. M.A. b. 04.11.1935.
T.G.T. Govt. Co-Education Teachers Training
Institute, Darya Ganj, New Delhi. Add. C605, Saraswati Vihar, New Delhi – 110034.
Spl. Ref. Sāhitya.
Kaushik, Satya Dev. M.A., Ph.D.. b. 01.07.1950,
Bhaipur Brahmanan Gautam Buddha Nagar,
U.P. Bks. 01. Add. C – 49, Medical Colony,
A.M.U. Aligarh, U.P.. Ph. 0571- 705450.
Kaushik, Vijayshri. M.A. b. 17.07.1953. News
Asct. Prof, All India Redio. Ps. 02. Add. 1415,
Lodhi Road Complex, New Delhi. Spl.Ref.
Sāhitya Śāstra.
Kavanal, Reeja B. M.A., Ph.D. b. 24.05.1961,
Tripunithura. Bks. 01. Śrī Kṛṣṇavijaya of
Śankarakavi : A Critical Study (2003). Ps.
13. Add. Samskrithi, Kalady, Kerala. 683 574.
Ph. 0484 – 2461633.
Kavathekar, Prabhakar Narayan. Acharya in
Sāhitya, M.A., Kāvyatīrtha, Ph.D., Sāhityaratna. b. 29.09.1923, Indore, (M.P.). Gp. Pt.
Govind Lal Shastri, Pt. Gajanan Shastri
Karamarakara, Pt. Dhundhiraja Gopala Sapre.
Bks. 12. Sa‚skṛta me‚ nīti kathā kā udbhava
aura vikāsa, Dhvanikathā (Prabandaḥ),
Bhūloka vilokanam, Rājayogini (Kāvya). Add.
145, Anup Nagar, Indore – 452008 (M.P.).
Spl.Ref. Sāhitya. President Awardee, Poet.
Kaveeshwar, Shripad Dhundiraj. Kāvya Tīrtha
Vidyasagar, Alaṅkāra b 17-11-1927 Kolahapur.
Co-orinator Kavi Kulaguru Kalidas Skt. Univ.
and Organizer Surbharati Somiya Pratishthanam Mumbai. Ps. 700 Spl. Ref. Skt. Scholar
& Dedicated Person for the Propagation &
Persuasion of Skt. President Awardee.

