
Kathā Nītī, Kālidāsasya Raghūvaṃśa. Add.
5, Suruchi Society, Dixit Road, Villeyparloy,
Mumbai, MH.
Kulshreshtha, Sushma. M.A., Acharya, D.Phil.,
D.Litt. FRAS (London). b. 13.03.1945. Khurja,
UP. Director Kalidas Academy of Skt. Music
and Fine Arts Delhi and Member of Faculty
of Arts, D.U. Bks. 75. Ps. 151. Spl.Ref. Sāhitya,
Skt. Shiksha Puraskar, Akhil Bharatiya Maulik,
Skt. Rachna Puraskar, Certificate of Honour
by Darbhanga Univ., President Awardee.
Kumar, Shashi Prabha. M.A., Certificate in
German, Ph.D. b 01.11.1951, Chairperson
Special Centre for Sanskrit Studies, JNU. Bks.13
Facts of Indian Philosophical Thought,
Bhāratīyaṃ Darśanam, Garimā, Kālatattvacintanam, Vaidika Anuśīlana, Vaidika
Vimarśa. Ps. 75 Add.295, Sector-15-A, Noida201301 Ph.120-2511742,2512889. E-Mail.
shashiprabhakumar@yahoo.com Spl.Ref.
Shankara Puraskar 1998, Sanskrit Sikshaka
Puraskara1997, Vedic Vidushi Award 1995
DAAD Short Term Fellowship 1999, ICPR
General Fellowship 1996, 2001. Member
WAVES, AIOC, AIPA, Devavani Parishad etc.
Kumar, Surendra. Ph.D. b. 01.01.1964,
Mathura. Bks. 02. Ṛgveda mañ Vividha
Vidyāyañ. Add. H.No.-1428, Sector-1, Rohtak,
HR. Ph. 09215379708.
Kumaraswami, V.A. Sāhitya Vidya Praveena
M.A., Ph.D. b 02-12-1936, Vijayawada. Ret.
Principal, Kendriya Vidyalaya, New Delhi. Gp.
Shri Ramakoti Shastri, Maharaj Bhominiketan.
Sp. Prof. B. R. Sarma (Ist director of Skt.
Vidyapeeth, Tirupati) Bks 60. Laghuvedāntacintanamu
(Telgu),
Ambikānakṣatramālā, Viṣṇusahasranāmapadyāvalī,
Prasthānatrayapraśnamālā. Add. 3-122/4 Plot
No. 37 Ashok Nager Colony Uppal Hydrabad500092. Ph. 0821-2484321. M. 09449804360.
Spl. Ref. Honoured by Surbharati Samiti
Hydrabad Jagannath Pandit Rajpeeth etc.
Honoured with the title Bhareti Teertha
Hamsaka, Bhakti kavita Mattak kokila, Ubhaya
kavi tallaja etc., Borad cast several Programm

133

on AIR Vijaywada Vishakhapatanam Bhopal
& Hydrabad on Poetry & Literary Talks etc.
Kumari Vibha. M.A. Acharya. b. 12.08.1944.
Teacher, Govt. Girls Senior Secondary School,
Badarpur, New Delhi. Add. R-Z-70 C, Gali
No. 9, Madhya Marg, Tughlakabad Ext, New
Delhi. Spl.Ref. Sāhitya Śāstra.
Kumarkar, Dillip. M.A., M.Phil., Ph.D. b.
21.06.1970, Orissa. Ps. 02. Add. Badagorada,
P.O. – Kesharpur, Vill. – Mandhatapur, Dist.–
Nayagarh, Orissa - 752079.
Kumary, Geeta K.K. M.A., B.Ed., M.Phil., Ph.D.
b. 16.03.1967, Mattom. Asct. Prof., Calicut
University. Bks. 01. Metre in Sanskrit : A study
with Special Reference to Vṛttavārtika. Ps.
05. Add. Calicut University, Malappuram,
Kerala.
Kumudini, Sudhir. M.A., D.Litt. b. 15.09.1947.
Prof., Bharati Vidyalaya. Add. 14, Sakshar
Apartments, A-03, Paschim Vihar, New Delhi.
Kunchunniraja K. M.A., Ph.D. b. 26.02.1920,
Nadathara, Thrissur, Kerala. Prof. Chennai
Univ. Bks. 05. Contribution of Kerala to Sanskrit
Litterature, Indian Theories of Meaning (Eng.),
Bhāsa Gaveṣaṇam (Malayalam) Bhāsa
Chinthakal, Londonil. Spl. Ref. Famous Skt.
Scholar & Writer of Kerala.
Kunduru,
Venkatanarasimhacharyulu.
Sāhitya-Vidyapravin, Shiksashastri. b.
30.06.1937, Virepalli, A.P. Gp.
T.K.
Sudarśanaacharyulu. Sanskrit Exponent. Add.
Prabhuttva Kalashala, Shrikakulam, A.P..
Spl.Ref.Sāhitya.
Kuntal, Harikesh. M.A. b. 31.01.1935. Teacher,
Govt. Higher Secondary School, Delhi. Add.
64, Muhalla Nandaram, Gali No. 1,
Brahmapuri, Delhi. Spl.Ref. Veda & Sāhitya.
Kuppa, Shivasubrahmany Avadhani. Nyāya
śiromaṇi, B.A. b. 01.11.1964, Anantawaram,
Guntur, A.P. Asst. Prof. Gp.
Kuppa
Ramagopala-vadhani, Pt. Kuppa Vairagi
Shastri, Kuppa Laxman Avadhani, Ramchandra
Koteshvar Sharma. Add. Maharshi Ved Vigyana
Vishva Vidyapitham, Maharshi Nagar,
Ghaziabad U.P. Spl.Ref. Kṛṣṇayajurveda, Nyāya.

