
Jha, Krishna Madhav. b. 1899. Bittho Gram.
Sarisab Pahi, Madhubani, Bihar. Bks. 01.
Siddhānta Lakṣaṇa Bodhinī. Expired in 1985.
Jha, Kumaralata. Acharya, Ph.D. Age. 86 yrs.,
Madhubani, Bihar. Rtd. Principal. Gp. Suresh
Dwivedi, Vasudeva Dwivedi. Add. P.O. Sangi,
Via-Dhondhar Diha, Madhubani, Bihar. Spl.Ref.
Veda.
Jha, Lakshmi Nath. M.A., Ph.D. b. 05.01.1948,
Dip, Mithila, Bihar. Asct. Prof. Gp Pt.Tejanath
Jha, Dr. Anant Lal Thakur. Add. Deptt. Of
Sanskrit Literature, Kameshwar Singh
Deabhanga Sanskrit University, Darbhanga.
Bihar. Spl.Ref. Sāhitya Śāstra. Essays and books
edited and published.
Jha, Lakshmishwar. B.A, M.A.. b. 01.07.1952,
Baghwa, Saharsa, Bihar – 852106. Professor,
T.M. Bhagalpur University. Ps. 20. Add. Behind
Basudeopur P.O. Munger, Bihar – 811202.
Ph. (06344) 24701. Spl.Ref. Gold Medalist.
Jha, Lakshmishwar. Acharya in Śhuklayajurveda, M.A., Ph.D. b. 05.06.1948,
Madhubani, Bihar. Asct.Prof., Shri Lalbahadur
Shastri Kendriya Sanskrit Vidhyapeeth, New
Delhi. Gp Shilakant jha, Shivdas Mishra. Bks.
Vaidikavāṅmayasyetihāsaḥ,
Vedāntasiddhāntamuktāvalī kā Samīkṣātmaka
Adhyayana, Kātyāyanaśrautasūtra (Ed. With
Hindi Tr.), Gau©apādakārikā kā Samīkṣātmaka
Adhyayana. Ps. 50. Add. H-7, Dharmapura,
Najafgarh, New Delhi. 110093. Spl.Ref. Veda.
Jha, Laxman, Acharya, Ph.D. b. Age. 80 yrs.,
Madhubani. Gp Shivshankar Jha. Add.
Pariharpur, Via- Madhubani Bihar. Spl.Ref.
Disc. Jyotiṣa Śāstra.
Jha, Laxmikant. Acharya (Sāhitya, Karmakāṇda). b. 01.02.1918, Darbhanga, Bihar. Gp
Mishrilal Jha, Badrinath Jha. Add. Tekrari,
Madhupur, Darbhanga Bihar.
Jha, Lilanand. Acharya(Vyākaraṇa, Purāṇa).
b. 05.02.1937. Asst.Prof., Shri Motinath
Sanskrit Mahavidhyalaya, Ramesh Nagar,
Delhi.-110015. Spl.Ref. Vyākaraṇa, Purāṇa.
Jha, Loknath. Darbhanga, (Bihar). Sp. M.M.

107

Balkrishna Mishra. Bks. 02. Ubhayābhāvādivākarapariṣkāraḥ, Jātibādhakapariṣkāraḥ.
Jha, Madan Mohan. Traditional Education.
b. 02.12.1922, Navani, Madhubani, Bihar.
Rtd. Principal. Govt. Sanskrit College, Patna.
Gp Yadupati Mishra, Ishvarnath Jha. Bks. 01.
Rasagaṅgādhara kī Sa‚skṛta Hindī vyākhyā
and others. Add. Vill & P.O. Navani, Madhubani
(Bihar). Spl.Ref. Vyākaraṇa, Sāhitya.
Jha, Madhav. Acharya, Ph.D.. b. 17.04.1926,
Bihar. Add. Sarisab Pahi, Madhubani (Bihar).
Spl.Ref. Vyākaraṇa.
Jha, Mahakant. Acharya in Vyākaraṇa. b.
21.04.1920. Teacher. Add. Tarakant Vidyalaya,
Belhavar, Madhubani (Bihar). Spl.Ref.
Vyākaraṇa.
Jha, Mahanand Acharya. Ph.D. b. 15.08.1972.
Samastipur. Bihar. Bks. 04. Tarkasaṅgraha
Sarvasvam, comentery on Nyāya Siddhānta
Muktāvalī, Vaidika Darśana Vimarśaḥ. Asst.
Prof. S.L.B.S.R.Skt. Vidyapeetha, N.Delhi. Ps.
08. Add. Flat No.-206, Plot No. 1055/1, Hill
View Apartment, Ward No.-07, Mehrauli,
N.Delhi – 30. Ph. (011) 46060516.
Jha, Mahesh. M.A., Acharya in NavyaNyāya
Ph.D. b. 04.02.1946. Madhubani, Bihar. Gp
Pt. Muralidhar Jha, Bechen Jha, Dr.
Ayodhyaprasad Sinha. Bks. 03. Caṇ©ikāṣ-akam, Saparyāśatakam, Āryā-śatakam. Ps.
20. Add. Kalayatanam, Shastri Nagar, Munger,
Bihar. Pin. 811201. Ph. (06344) 20035. Spl.Ref.
Nyāya-Darśana, Bauddha-Darśana.
Jha, Markandey. Acharya. b.01.04.1924,
Madhubani, Saharsa, Bihar. Principal. Add.
Vill. Madhubani, Via Pratapganj, Saharasa
(Bihar). Spl.Ref. Vyākaraṇa.
Jha, Medha. M.A., Ph.D.. b. 10.02.1944, Alwar,
RJ. Asst. Prof. Ps. 01. Add. L.P. College, C2, Indra Prastha, Delhi – 110054. Spl.Ref.
Darśana.
Jha, Mohan Kumar. M.A., M.Ed. b. 01. 09.
1969. Bihar. Add. C/o R.P. Pathakh. H/o Karan
Singh. H.No. – 200. Katwaria Sarai. New –
Delhi – 16. Ph. 6569499. Spl.Ref. Gold Medelist
in M.Ed.

