
Dwivedi, Swami Kartik. Śuklayajurveda. b.
06.03.1955, Kurvaha, Sidhi Dist. M.P. Asst.
Prof. Gp. Dr. Vinayak Tripathi, Mayaram
Mishra. Add. Abhyananda Govt. Sanskrit
College, Kalyanpur, Shahdol, M.P. Spl.Ref.
Śuklayajurveda.
Dwivedi, Trilokadhar. Acharya in Vyākaraṇa
& Vedānta, M.A.. b. 10.10.1913, Gorakhpur,
U.P.. Rtd. Principal, Jaibharat Sadhu
Mahavidyalaya, Haridwar. Add. Shri Maheshanand Sanskrit Mahavidyalaya, Kankhal,
Haridwar (U.P.). Spl.Ref. Vyākaraṇa, Vedānta,
Kāvya.
Dwivedi, Tulasi Prasad. Acharya, B.Ed.. b.
14.11.1955, Shivarajpur, Satna, M.P. Gp. Dr.
Ramayatana Shukla. Ps. 05. Add. C.K. 13/
30, Sati Chautara, Varanasi, U.P.. Spl.Ref.
Sāhitya.
Dwivedi, Uma Kanta. Shastri, Acharya. b.
01.02.1959, Jaura, Allahabad, (U.P.). Principal.
Gp. Pt. Ramvadan Shukla, Pt. Manikachandra
Mishra. Add. Baldevadasa Hanumat
Madhyamik
Vidyalaya,
Mohamadpur,
Unurakha, Sultanpur (U.P.). Spl.Ref. Veda.
Dwivedi, Umapati. Vyākaraṇa & Nyāya-Śāstra.
b. 1853, Sahuapar, Dist. Gorakhapur, U.P..
Teacher, Vishishta Pathashala, Ayodhya. Gp.
Pt. haridutt Dwivedi. Sp. Pt. Shivkumar Shastri.
Bks. 04. Sanātana Dharmoddhāra. Śabdenduśekhara (Jatā Tīkā), Paribhāṣenduśekhara.
(Jatā Tīkā). Nārāyaṇa Kāvya. Expired in. 1911.
Spl.Ref. Recipient of ‘Vidyamaharnav’ Award.
Dwivedi, Vachaspati M.A. (Skt., Hindi),
Sahityaacharya, M.Ed., Ph.D. b. 05.01.1938.
Patna. Ex-HOD Deptt of Ed. Skt. Univ. Varanasi.
Gp. Pt. Sri Brahamdatt Dwivedi, Prof. Bcchan
Jha, Sp. Prof. Subhash Chandra Tripathi, Prof.
Meera Dubey. Bks. 08 Śṛīmadbhagvat Gītā
(Ed.), Kedārakhaṇda Purāna, Bṛhadāraṇyaka
Vṛttisāra. Ps. 10. Add.Vidya Complex 4th Floor
Flat No. 4 Pipalni Katra Kabir Road, Varanasi221002. M. 09839322321. Spl.Ref. Sāhitya.
Skt. Award by Skt. Academy U.P., Visiting
Prof. in Mauritius 2008-09.
Dwivedi, Vasudev Shastri. Veda, Vyākaraṇa,
Sāhitya. B. 1913. Vill. Bhawani Chhapar, Distt.

75

Devaria, U.P. Bks. 13. Dīpamālikā, Kautsyasya
Gurūdakṣiṇā, Saṃsakṛtagāna-mālā, Bhojarājye
Saṃskṛta Sāmrājyam, Saṃskṛtagauravagānam.
Add. D-38/110 Hauz Katora Varanasi 01.
Spl.Ref. Establish- ed Sarvabhaum Sanskrit
Prachar Sanstha- nam in 15.08.1947. Students
learn Sanskrit in this institute. He completed
many Sanskrit spoken camps in north India
every year & different places, President
Awardee 1995. Vishwa Bharti Puraskar 1998
Dwivedi, Vedprakash. Acharya in Vyākaraṇa,
B.T.C. b. 05.09.1945, Duviana, Bhivarajpur,
Kanpur, U.P. Vice- Principal. Ps. 05. Add.
Duviana, Bhivarajpur, Kanpur U.P. Spl.Ref.
Vyākaraṇa -Śāstra.
Dwivedi, Vidya Nath. Acharya, Shastri. b.
15.10.1912, Surouli, Hamirpur, U.P. Principal.
Ps. 05 Add. 4/36, H.V.T. Colony, Kanpur U.P.
Spl.Ref. Vyākaraṇa -Śāstra.
Dwivedi, Vikram Kumar. Acharya in Vyākaraṇa,
M.A., Ph.D. b. 02.03.1951, Katapali, Orissa.
Asct. Prof. Gp Dr. Ramnath Vedalankar. Dr.
Nigma Sharma. Ps. 05 Add. Deptt. of Sanskrit,
University of Punjab. Chandigarh. spl.Ref.
Vyākaraṇa Śāstra.
Dwivedi, Vishwa Nath. Acharya in Āyurveda.
b. 1910. Vill. Ojhvaliya, Dist. Balia. Asst. Prof.,
Univ. of Lucknow & Aayurved Director
Shikshan Centre Jamnagar. Bks. 07. Tridoṣālokaḥ, Tāilasaṅgraham, Abhinavanetrarogavijñānaṃ, Nā©īvijñānaṃ, Pratyakṣa Auṣadhī
Nirmāṇaṃ. Spl.Ref. A Great Scholor of
Ayurveda. Also Worked in Varanaseya Skt.
Vishwavidyalaya, Varanasi.
Dwivedi, Vrij Mohan. Acharya. b. 30.03.1935,
Ujjain, M.P. Gp. Krishnabhilash Khatake. Add.
58, Near Harsiddhi Mandir, Ujjain M.P.
Spl.Ref.Sāhitya Śāstra, Veda, Mimāṃsā.
Dwivedi, Vrij Vallabh. Darśanācharya, M.A.
b. 30.07.1921, Shahpura, Bhilvada, RJ. Prof.
Gp. Dhundhiraj Shastri, Raghunath Sharma.
Bks. Prācīnanirṇayapatram, Pathikajanapātakacintanasmṛtiḥ. Add. 12, Teachers
Quarters, Sampurnanad Sanskrit University,
Varanasi U.P. Spl.Ref. Darśan Śāstra.

