
Delhi – 110009. Spl.Ref. Sāhitya. Awards. U.P.
Sanskrit Academy Award.
Nagar, Ravindra. Acharya (Veda, Sāhitya),
M.A., Ph.D.. b. 05.12.1941, Mathura, (U.P.).
Asst. Prof., Lal Bahadur Shastri, Kendriya
Vidyapith, New Delhi. Ps. 01. Add. J-40, Rajori
Garden, New Delhi – 110027. Spl.Ref.
Paurohitya.
Nagar, Urmila. M.A., B.Ed., Visharad. b.
01.01.1936. Teacher. Ps. 01. Add. N.P. Senior
Secondary School, Gol Market, New Delhi.
Spl.Ref. Sāhitya.
Nagaraju, D.S. Sāhitya Śiromaṇi, Shiksashastri.
b. 09.04.1961, Lepakshi, AP. T.G.T. Gp.
Chandrashekhar Pandey, Arlikatti, Nagmuni
Reddy. Ps. 01. Add. (A.P.S.W.) Residential
School, Kala Samudram, Anantapur (AP).
Spl.Ref. Sāhitya.
Nagarjun, Vaijnath. b. 1911. Bks.04. Lenina
Śatakam. Bhārata Bhavanam. Haimi Pārvatī.
Chinnāsmṛtī.
Nagasampagi, Anandatirtha. Vidvat. Age. 30
yrs. in 1988, Bagalkot, KT. Bks. Tattvodyota,
Yatipraṇavakalpa, Ātharvaṇ-opaniṣadbhāṣyaṃ,
Add. Mysore Prachyavidya Samshodhanalaya,
Mysore Univ., Mysore (KT). Spl.Ref. Nā-ya,
Vedānta.
Nagasampasi,
A.V.
DvaitaVedānta,
Prācīnanyāya, Vedānta b. 02.12.1958,
Bagalkote, Bijapur, KT. Gp. Vishvesatirtha
Swami; K.T. Pandurangi. Add. Research
Assistant,
Purnaprajna
Vidyapeetha,
Bangalore– 560028 (KT).
Nagasatyawati, V. Sāhityaśiromaṇi. b.
10.07.1958, Prodduturu, Cuddappa, AP. Add.
4/188, D.B. Street, Penukonda, Anantapur
(AP). Spl.Ref. Sāhitya.
Nagraj, Sompur Tippabhatt. Vidvat, Vyākaraṇa.
b. 21.06.1952, Somapura, Cikamagalur, KT.
Add. ‘Aksharam’ 73/2, Rangaravpet,
Samerapuram, Bangalore KT. Spl.Ref. Ṛgveda,
Yajurveda, Vyākaraṇa Śāstra.
Nagrajan, K. S. B.Sc. Sāhitya Alaṅkāra, Kavi
Bhushan, Ph.D. Lekha Adhikari, Bangalore.
Bks. 02. Bhāratavaibhavam.

173

Naiyar, Ratnam G. M.A., Ph.D.. Asst. Prof.
Ps.01. Add. Deptt. of Sanskrit, Lady Shri Ram
College for women, Lajpat Nagar, New Delhi–
110024. Spl.Ref. Vyākaraṇa.
Nalini, N. M. Acharya in NavyaVyākaraṇa. b.
Mannantala, Trissur, Kerala, Research Scholar.
Ps.01. Add. Mandakattinkal House, Vettukad,
Chundal, Trissur (Kerala). Spl.Ref. Vyākaraṇa,
Siksasastra.
Namavala, Pt. Nand Kishore Sharma. Acharya
in Sāhitya. b. 1904. Asst. Prof. & HOD. Hindu
Univ. Kashi. Bks. 06. Prāyaścitasāraḥ,
Harṣacarita, Candrāloka, Ānandākanda
Campū, Nalacampū. Spl.Ref. An expert
Researcher of Brahmi script.
Namavala, Pt. Nand Kumar. Acharya in Sāhitya.
b. 1901. Jaipur. Asst. Prof. Maharaja Skt.
College. Jaipur. Spl.Ref. Recepent of
Sahityabhushan Award.
Nambisan, Narayanan. P. Vidvat (Skt. &
Malayalam), L.T.T.C. b. 15.04.1921, Villayur,
Palakkad, Kerala. Rtd. Asst. Prof. Gp.
Nilakantha Sharma, K.P. Narayanaprasad. Bks.
Laghumañjarī,
Prahlādacaritam.
Add.
Palanchattanur, Palakkad – 678575 (Kerala).
Spl.Ref. Sāhitya, Malayalam.
Nambisan, Nilakanthan. Sāhityaśiromaṇi,
Sāhityalāṅkāra, Vidvān. b. 07.01.1912,
Nelluvaya, Kerala. Gp. P.V. Ramayyar, P.
Nilakantha Sharma. Bks. 03. Pavanasmṛtī,
Ādhunika Bhārate Gāndhi darśanasya
prasaktiḥ, Vijayasopānam. Add. Nelluvaya,
Erumapetti, Trissur (Kerala). Spl.Ref. Sāhitya.
Namboodiri, P. Narayanan. M.A. Ph.D. b.
01.12.1955, Ugrapuram. Prof. Univ. of Calicut.
Gp. Prof. P.C. Vasudevan Elayath, Prof. D.
Damodara Pisaroti, Prof. V. Venkataraja
Sharma, Prof. M. Govindan Nambian. Sp. Dr.
S. Sharikumari, Dr. V.R. Muralidharan, Dr.
N.K. Sundar, Bks. 01. Śāka-āyanīya Prakriyā.
Ps. 30. Add. Chaithram Pudukkudi Road.
Manjeri. P.O. Malappuram–676121.Mob.
09447537098.
Nambutiri, Aryan. Paramparikopadhi. b. 04.10.

