
Shastri, Jagdish Chandra. Vyākaraṇa-NyāyaSāhitya-Śāstra. Pilani, HR. Principal, Teekmani
Sanskrit College, Varansi, U.P. Gp. Pt.
Ramdutta Shastri, Pt. Padma Prasad Bhattrai.
Sp. Dr. Ramrang Sharma, Dr. Goprajuram.
Bks. 03. Dhvani Prasthāna meṃ Ācārya
Mammata kā Avadāna, Vimalāloka-Vyākhyāna,
Saṃskṛtaratnākar (Ed.)
Shastri, Jagdishchandra. Shastri. b. 1925.
Hissar, Haryana. Bks. 01. Śrīparaṣurāmavijayaḥ. Add. 4 Lohia Colony, Begu Road,
Sirsa, Haryana. Spl.Ref. Poet.
Shastri, Janaki Vallabh. Acharya in Vedānta,
Sāhitya, Vyākaraṇa, Sāhityaratna. b.09.01.
1916, Gaya, Bihar. Asst.Prof. Patna University.
Gp. Ramanugraha Sharma. Bks. 150. Kākalī,
Bandījīvana,
Bhāratī-Vasanta-Gītīḥ,
Rādhālāsyam, Bhramaragānam. Expired in
2010. Spl.Ref. Contemporary Sanskrit poet,
great writer of Sanskrit Gazal & Geet.
Shastri, Jivan Lal. b.04.04.1935, Vidvasan,
Sagar. M.P. Principal. Ps. 05. Add. Shri Syadvad
Skt. College, Lalitpur, U.P. Spl.Ref. Vedic
Pandit.
Shastri, Jogesh. Vyākaraṇa & Navya-NyāyaShastri. b.31.01.1930. Buraburi. Rtd. Head
Master. Ps. 05. Add. Bharati Sanskri Vidyalaya,
Rangjuli, Goalpara, Assam.
Shastri, Kaladi H. Subrahmanya. Acharya in
Sāhitya. Advaita Vedānta Siromani.
b.09.09.1902, Kizhambur, TN. Gp. Krishna
Shastri. Ps. 05. Add. Kailash Nath Koil Road,
Kancheepuram (TN). Spl.Ref. Sāhitya.
Shastri, Kaladi Purushottamarya Shankar.
Sāhitya Vidvān, Mīmāṃsā. Vedabhasya-vidvat.
b.24.11.1911, Kaladi, Kerala. Rtd. Teacher.
Gp.. Rama Shastri, Krishnashastri, Narasimha
Ghanapathi. Add. Shankar Muth, Shivganga,
(TN). Spl.Ref. Vedānta Darśana & Veda.
Shastri, Kalanath ‘Devarshi’. Acharya in
Sāhitya, M.A. b.15.07.1936. Jaipur, Rj.
Director, RJ Sanskrit Academy, Jaipur. Bks.
24. Saṃskṛta-Nā-ya-Vallarī, Kathānakavallī,
Sudhī-Janavṛttam, Saṃskṛta Sāhitya kā Itihāsa,

273

Prabandha- Parijātaḥ. Ps. 56. Add. Manju
Nikunja, C/8, Prithviraj Road, C – Scheme,
Jaipur, RJ. Spl.Ref. President’s Award in 1998,
RJ Govt. Award in 1999, Sāhitya-Shiromani
Award, Sāhitya Academy Award, Delhi in 2004,
Delhi Sanskrit Academy Award in 1997.
Researcher of Bangla, Telgu & Gujrati Scripts.
Editor, ‘Bhārtī’ & ‘Svaramaṅgalā’ magazines.
Shastri, Kalikinkar Saptatirtha. Kāvya
Vyākaraṇa Sāṅkyatīrtha. b.22.07.1915, Akana,
Gobra, Medinipur, W.B. Sanskrit Teacher.
Gp. M.M. Kalipada Tarkachary, Purnadas
Saptatirtha, Charukrishna Darśanaacharya.
Ps. 05. Add. Akana, Gobra, Midnapur (W.B.).
Spl.Ref. Sāhitya & Vyākaraṇa.
Shastri, Kamal Kumar ‘Kumud’. Shastri.
b.01.12.1904, Khurai, Sagar, M.P. Bks. 05.
Bhatāmara Mahākāvya, Gommatasāra Pūjā,
Jinasaharanāma Pūjā, Jinendra Iitañjali,
Mahāvīraṣ-aka Stotra Padyanuvāda. Expired
in 1999.
Shastri, Kamala Pati. Acharya. b.04.01.1957,
Josyuda, Nainital, (U.P.). Vice Principal. Gp.
Rajaram Sharma, Bachchuram Semaval,
Jagadishasharan Sharma. Ps. 05. Add. Rishikul
Vidyapeeth, Haridwar (U.P.). Spl.Ref. Sāhitya.
Shastri, Kapil Dev. Acharya in Sāhitya, Ph.D.
b. 10.12.1927, Gorakhpur. U.P. Gp. Pt.
Brahmadatta Jijnasu, Dr. Suryakanta,
Yudhisthira Mimāṃsāka. Bks. Pāṇinigaṇapā-hasyādhyayanam, Vaidika Kṛṣi ek Parisilana.
Add. Acharya Dayanandapeetham, Kurukshetra
University, Kurukshetra (HR). Spl.Ref. Sāhitya.
Shastri, Karnadev Arya. Acharya in Sāhitya,
M.A., B.Ed.. b. 31.10.1950. Teacher (Skt.),
Shrimad
Dayananda
Guru
Sanskrit
Mahavidyalaya, Khed Khurd. Ps. 03. Add. 189A, Street No. 5, Rameshwara Nagar, Azadpur,
Delhi–110033. Spl.Ref. Sāhitya.
Shastri, Kashi Nath. Vyākaraṇa-Darśana-Śāstra.
b.Chhata, Balia, U.P. Lect. Udaseen School,
Varansi, U.P. Gp. Parameshwardutt Mishra,
Pt. Madhvacharya, Pt. Seetaram Shastri
‘Dravid’, Brahmanand Swami, Pt. Nityanand

