
chandra Kantavala. Bks. 01. Rasikavinodam
Svānubhūtiḥ Hastalikhita-granthadvayasya
Prakāśanam. Add. 4, Mangalvarika, R.V. Desai
Marg, Baroda – 390001 (GJ). Spl.Ref. Sāhitya.
Deshaval, Munshiram. Acharya in Sāhitya,
B.Sc.. b.07.06.1956. Teacher. Ps. 03. Add.
H.No. 161, Vill. Puthkhurd, Delhi – 110039.
Spl.Ref. Sāhitya.
Deshmukh, Chintamani Dwarakanath. b.
Sahyachal, Maharashtra. Ex-VC DU, Chairmen
UGC, Member Skt. Aayog, Finance Minister
Govt. of India. Bks. 03. Gāndhisūktimuktāvalī,
Saṃskṛtakāvyamālikā, Meghadūtam (Transl.
from Sanskrit to Marathi).
Deshpandey, Divya. M.A., Ph.D., NET. b.
09.07.1983. Vardha, M.P. Guest Faculty, Dept.
of Skt., H.S. Gaur Univ., Sagar, M.P. Gp. Dr.
Rasah Bihari Dwivedi. Ps. 03. Add. D/o Shri
Dileep Deshpandey, South Civil Lines, Thakare
Colony, Chhindwara, M.P.. spl.Ref. Sāhitya.
Deshpandey, Ganesh Trayambak. D.Litt. b.
1809. Bks. Bhāratīyasāhityaśāstram, Sāṅkhyakārikā (Bhasya) Spandakārikā, Alaṅkārapradīpa, Abhinavagupta-A monograph.
Spl.Ref.Sāhitya Academy Award, Scholar
ofSāhitya and Philosophy.
Deshpandey, Uma Sharacchandra. M.A., Ph.D.,
Dipl. in Linguistics and German. b. 26.08.1944.
HOD Deptt of Sanskrit, Baroda Univ. Bks.
05. The Glimpses of Indological Heritage,
Arcanam, Śrīraṅgapattamañjūṣā. Ps. 60. Add.
Ishavasayam, 5 Mangalwadi Society, RV Desai
Road, Baroda – 01. Spl. Ref. Akhil Bhartiya
Bharti Mishra Puraskar, Jaipur, Skt. Poet.
Deshpandey, Umaben S. Ph.D. b. 26.08.1944.
Prof. Sanskrit Prakrit Deptt. M.S. Univ.Sāhitya
Art Sansthan Varodara. Ps. 05. Add. 503, Siddhi
Building Samrajya Tower Varodara. Spl.Ref.
Vedānta, Kāvya, Purāṇa, Bhāṣā Śāstra.
Deshpandey, Venkatesh S. Vidvan. b.15.05.
1958. Ps. 05. Add. N. 364, 19 Main Road,
Block II, V.S.K. Street, Banglore KT. Spl.Ref.
AlaṅkāraŚāstra.
Desikachariyar, V. Srinivas. Salakshana Vidvat,

59

Smārtaprayoga Vidvat. b. 04.11.1928.
Vaduvur. Bks. 02. Spl.Ref. Vedbhashya Mani,
He has contributed in the field of Vadic Studies
by Training Young Student in Vedic Discipline,
President Awardee.
Desikacharya, Narasimha E.T. b. 1917,
Singaperumalkoil, Chengalput, TN. Vedapandit
(Teacher). Gp. Varadara-manujacharya. Add.
Skt. Vedapathasala, Trivendram South Arcot,
TN – 607401. Spl.Ref. Kṛṣṇayajurveda
Kramanta.
Dev, Munishvar. Acharya in Nirukta, Vyākaraṇa,
M.A., Ph.D.. b. 10.09.1931, Mohwa, (U.P.).
Teacher. Gp Indradev, Brahmadatt. Add. Sadhu
Ashram, Hoshiarpur (Punjab). Spl.Ref. Veda.
Dev, Ramchandra. Acharya, Ph.D. b.
03.05.1944, Mirzapur, (U.P.). Asst. Prof. Gp
Dr. Siddheshvar Bhattacharya. Bks. Maṇ©anamiśrakṛtavidhivivekasya
samīkṣātmakamadhyayanam. Add. Kanhaiyalal Vasantalal
Post - Graduate College, Mirzapur (U.P.).
Spl.Ref. Mimāṃsā.
Deva, Usha. M.A., Ph.D., Dip.-in-Russian.
b.02.02.1943. Asst. Prof. Mata Sundari
Mahilavidyalaya. Gp. Dr. C.B. Gupta. Ps. 05.
Add. B-T-25, Shalimar Bagh, Delhi – 52. Spl.Ref.
Sāhitya.
Devadarsan, K. M.A. b.20.10.1932, Chattannur,
Kollam, Kerala. Rtd. Asst. Prof. Ps. 05. Add.
Gangalaya, Chavarkkode, Post. Parippalli,
Kollam (Kerala). Spl.Ref. Sāhitya.
Devanathacharya, P.S. śiromaṇi (Mimāṃsā,
Sāhitya & Viśiṣ-ādvaita Vedānta). b.
21.05.1922, Vill. Paiyambadi, Taluka
Madhurantakam, Chengalput, TN. Gp. Rangaramanuja Mahaperika, Shrivatsa Sanghachariyar. Bks. Abhinava Rāghava (Drama).
Add. 81 A, Sannadhi Street, Kanchipuram
(T.N.).
Devanathan, K.L. Nyāyaśiromaṇi, Ph.D.. b.
04.10.1960, Madras, TN. Asct. Prof., Shri Lal
Bahadura Shastri Rashtriya Skt. Vidyapeetha,
N.Delhi. Add. Shri Venketeshwar Mandir,
Sector III, R.K. Puram, New Delhi–110022.
Spl.Ref. Nyāya, Mimāṃsā & Vedānta.

