144



Mehta, Vandana ben D. Ph.D. b. 30.08.1945.
Prof. Shri H.K. Arts College, Aashram Road,
Ahemdabad. Ps. 02. Add. E-195 Premchand
Nagar Satelite Road Ahemdabad. Spl.Ref.
Vedānta Śāstra.
Mehta, Vinod Bhai Parmanand. Ph.D. b.
10.04.1932. Prof. H.K. Arts College Ashram
Road Ahemdabad. Ps. 03. Add. D-10,
Ramankala Appartment Near Railway Crossing
Narayan Pura Ahemdabad. Spl.Ref. Sāhitya,
Vedānta Śāstra.
Mehtra, Mahesh Bhai Kanha Bhai. Ph.D.
b.19.08.1971. Prof. Arts & Commerce College
Jerawar Bag Manavadar Distt. juNagarh. Ps.
03. Add. Harsh Nagar Dolatpura JuNagarh.
Spl.Ref. Alaṅkāra Śāstra.
Menka, Sharma. M.A., B.Ed., Ph.D.. b.
09.03.1955. Teacher, Bal Bharati Public School,
Gangaram Hospital Marg, New Delhi. Ps. 01.
Add. 12, Ashok Park Extn., Rohtak Road, New
Delhi – 110026. Spl.Ref. Sāhitya.
Menon, K Ravi Sankara Acharya M.A., M.Ed.,
Vidyavaridhi. b. 05.08.1948. Prof. of Education
Rashtriya Skt. Vidyapeetha Tirupati. Gp. MM
Harshnath Mishra. Bks. 03. Sāhityamīmāṃsā,
Śikṣaṇavidhi. Ps. 34. Add. Rashtriya Skt.
Vidyapeetha Tirupati - 517507. Ph. 08772287812. M. 09885881901. menon.ravisankar
@gmail.com
Menon, K.P.Achutha B.Sc., M.A. (English), LLB,
Ph.D., Dipl. Spanish & French. b. 08.07.1927.
Rtd. IAS & President LBS Rashtriya Skt.
Vidyapeetha. Bks. 40. Spl. Ref. Indira Behrai
Gold Medal Kalidas Puraskar Pandit Ratanam
Puraskar, Vishwa Tulsi Samman, President
WAVS. President Awardee.
Menon, Narayan K. b. 25.05.1926, Vill.
Panangad, Kerala. Add. Skt. Vidvan, Meledat
House, Kalathiparambu Road, Panangad –
682016 (Kerala). Spl.Ref. Vyākaraṇa.
Mevalal. M.A.. b. 30.07.1942. Teacher. Govt.
Senior Higher Secondary School, Padma
Nagar. Ps. 02. Add. 286, Kalyanwas, Khichripur,
Delhi – 110091. Spl.Ref. Sāhitya.

Mikhail. Ph.D. b. 18.10.1952. Gorki. Belarus.
Director of the Center for Advanced Studies
of the Belarusian Collegium. Bks. 03.
Kṣemendra Foundations of true Morality, Orśa,
Vaidic Met code. Minsk. Web Publication.
Add. 11 – 36. Yakubovskogo. Gorki. Belarus.
213410. Ph. 375 – 2233. 25867. mih_mihailor
@gmail.com.
Mimansak, Yudhishthir. Mīmāṃsā, Nyāyavaiśeṣika, Karmakāṇ©a, Kātyāyanaśrautasūtra,
Vyākaraṇa, Veda. b. 22.09.1909, Vill.
Muhammadpur, Distt. Nimad, Indore (M.P.).
Asst. Prof. Sandhya Skt. College, Bhuvaneshwar, Paniniya College, Motijheel, Varanasi.
Gp. Pt. Brahmdutt Jigyasu, Pt. Buddhadev,
M.M. Pt. Chinnaswami Shastri, Pt. Pattabhiram
Shastri, Pt. Dhundhiraj Shastri, Pt. Bhagwatprasad Mishra. Sp. Pt. Subrahmanya Shastri.
Bks. 10. Vaidikasvaramīmāṃsā, Vaidikachando
mīmāṃsā, Kāśakṛtsna Dhātu Vyākhyānam,
Niruktasamuccayaḥ, Saṃskṛta Vyākaraṇaśāstra kā itihāsa. Spl.Ref. Rashtrapati Award
by Govt. of India in 1977.
Minakshisundaram, S. Yujurveda. b.
08.03.1957, Tiruchi, Tamil Nadu. Yajurved
Teacher. Add. S.S. College, Shringeri, KT –
577139. Spl.Ref. Veda.
Minoch, Usha. M.A.. b. 04.04.1950. Language
Teacher, Govt. Girls Senior Secondary School,
Mehrauli, New Delhi. Ps. 01. Add. 668/Y
Mehrauli, New Delhi – 110030. Spl.Ref.
Sāhitya.
Mishra, Adya Prasad. Acharya in Sāhitya,
Vedāntasastri, M.A., D.Litt.. b. 21.03.1921,
Dronipur, Dist. Jaunpur, U.P.. Ex. V.C.,
Allahabad University. Gp. Dr. Prasannakumar
Acharya, Dr. Baduram Saxena, Ksetresachandra Chattopadhyay. Bks. 15. Sāṅkhya
Darśana kī Aitihāsika Paramaparā, Kālidāsa
Sāhityam, Ka-hopaniṣad Vyākhyā, Sāṅkhya
Darśana Paryālocana. Ps. 10. Spl.Ref. President
Award by Honb’le President of India Vishishta
Vidvan by U.P. Skt. Academy.
Mishra, Adya Prasad. Acharya in Vyākaraṇa,
Sāhitya, M.A., Ph.D.. b. 15.07.1937, Basti,

