
Shri Rupkala Sanskrit Vidhyapeeth, Shri
Divyakala Kunj, Ayodhya, Faizabad U.P.
Spl.Ref. Sāhitya Śāstra.
Mishra, Ramshankar. M.A., Ph.D. b.
28.01.1946, Umapur, Rohtas, Bihar. Asst. Prof.
Ps. 04. Add. C-K-64/368, Hirapur, Jalpat Devi
Road, Varanasi (U.P.). Spl.Ref. Vyākaraṇa.
Mishra, Ramsipahi. Acharya in Navya
Vyākaraṇa, Kāvya Tīrtha. b. 30.07.1915, Banda
U.P. Rtd. Asst. Prof. Ps. 03. Add. Puranaa
Bazar, Karbi, Banda U.P. Spl.Ref.
NavyaVyākaraṇa Śāstra.
Mishra, Ramswaroop. Acharya in Jyotiṣa &
Sāhitya. b. 15.10.1936, Bandikui, RJ. Ps. 02.
Add. Sikandra Road, P.O. Bandikui, Dist.
Dosha, RJ. Ph. 01420- 23415.
Mishra, Ramyatana, Acharya (Vyākaraṇa,
Sāhitya) b. 01.01.1943, Tilak Nagar, Allahabad,
U.P. HOD of Vyākaraṇa. Ps. 04. Add. Shri
Hariram Gopal Sanatan Dharma Sanskrit
Mahavidyalaya, Uncha Mandi, Allahabad U.P.
Spl.Ref. Vyākaraṇa & Sāhitya.
Mishra, Ravidatta. M.A. b. 01.07.1931,
Dudhaura, Sultanpur, (U.P.). Asst. Prof. Gp.
Sāhityacharya Ramprakash Shukla. Ps. 04.
Add. Hindu Inter College, Rudauli, Barabanki
(U.P.). Spl.Ref. Sāhitya.
Mishra, Rudrakant. M.A., D.Phil. b. 03.02.1946,
Allahabad, U.P. Asct. Prof. Deptt. Of Sanskrit,
Allahabad University. Bks. 02. Ps. 05. Add.
36, Darbhanga Council, Allahabad- 211002.
U.P. Spl.Ref. Sāhitya.
Mishra, S.C. b. 28.02.1961, Faizabad, U.P..
Add. E – 193. Dakshin Puri, New Delhi –
110062. Ph. 6078883, 6654654. Spl.Ref.
Recipient of Sanskrit Academy Award.
Mishra, S.K. Acharya in Veda, Mīmāṃsā, M.A.,
Ph.D. Asst. Prof. Bks. Vedaśākhāparyālocanam,
Madhuparkaparyālocanam, Kātyāyanīyo
mūlyādhyāyaḥ. (Sa‚skṛta -īkā). Add. Deptt.
of Sanskrit, Faculty of Arts, Banaras Hindu
University, Varanasi, U.P. Spl.Ref. Veda.
Mishra, S.K. M.A. in Sanskrit & Hindi, Acharya
in Navya-Vyākaraṇa. Skt. Teacher Ps. 01. Add.

161

Sanskrit Department, Government Sanskrit
College, Indore, M.P. Spl.Ref. NavyaVyākaraṇa.
Mishra, Sachchidanand. Acharya in Gaṇita
& Phalita Jyotiṣa, Sāhitya, Vidyavaridhi. b.
02.04.1962. Prof. & Head Facutly of SVDV,
BHU. Gp. Pt. Raghuveer Jha, Pt. Mukhlal
Chaudhary, Pt. Khechandra Jha, Pt. Vaidya
Nath Pandey, Pt. Bhagwat Thakur, Pt.
Ratneswar Jha, Pt. Ramchandra Jha. Sp. Pt.
Shivkant Jha, Gangesh Thakur, Dr.
Madanmohan Pathak, Dr. Shivakant Mishra,
Pt. Shivakant Jha. Bks. 15 Keralapraśnasaṅgrah, Jyotiṣasaṃsthānavidyā, Ayanānśavimarśa. Ps. 55. Add. Deptt. of Jyotiṣa Facutly
of SVDV BHU Varanasi – 221005. Ph.
05422311019. M. 09452197406. Spl.Ref.
Jyotiṣa
Mishra, Sachidanand. Acharya, Vidyavaridhi.
b. 01.03.1971. Basti U.P. Asct. Prof. Deptt.
of Philosophy & Religion BHU. Gp. Dr. Vashisht
Tripathi. Bks. 07. Vedāntasāra of Sadānanda
with Bālabodhinī of Āpadeva and Bālavyutpattivardhinī Hindi Commentary, Mānasollāsa
with Mānasollāsavardhinī of Ānanda Kṛṣna
Śāstrī, Nyāyadarśana me Anumāna,
Tattvacintāmaṇi Prabhā, Vyutpattivāda with
a detailed introduction commentary in Hindi.
Ps. 32. Add. Near Siverage Treatment Plant
Bhagwanpur Lanka, Varanasi -221005. Ph.
0542-2368050. M. 09450823808. sachchitmishra@gmail.com, mishrasachchidanand
@yahoo.com. Spl. Ref. Darśana, Panini
Grammar Maharshi Badrayan Vyas Samman.
Mishra, Sadhusharan. Champaran. Bihar.
Principal, Janaki Sanskrit Mahavidhyalaya,
Bihar. Bks. 01. Gāndhicarita.
Mishra, Sampadananda. Ph.D. b. 17.11.1971.
Director Sri Aurbindo Foundation for Indian
Culture. Bks. 08. The wonder that is Skt.,
Chandovallarī, Century of Life, Saṃskṛta.
Vyākaraṇa Pāribhāṣika Śabdāvalī. Ps. 09. Add.
Sri Aurobindo Society 11, Saint Martin Street,
Pondicherry - 605001. Ph. 0413-2332907,
M. 09952888350. Spl. Ref. Vyākaraṇa,
Maharishi Badrayan Vyas Samman.

