14
B


Asst. Prof. Jammu Campus, R.Sk.S.. Gp. A.P.
Sachidananda. Ps. 02. Add. H.S. Meena. A –
317. Triveni Nagar. Gopalpura By Pass, Jaipur
(RJ) Skt. Ph. 07894 – 579332, 9530274431,
Bahugun, Prabhusharan. Acharya in Sāhitya,
M.A. b. 03.08.1952, Savali Chamma, Tehari
Garhwal, (U.P.). Teacher. Gp. Pt. Lalbahadur
Mishra, Buddhivallabh Shastri. Add. Shri
Munishwar Vedang Mahavidyalaya, Rishikesh
(U.P.) Spl. Ref. Sāhitya.
Bahuguna, Chandi Prasad. Acharya in NavyaVyākaraṇa, Hindi Sāhitya Ratna, ShikshaShastri. b. 15.04.1926. Acharya, Sri Punjab
Sindkshetra Mahavidyalaya, Rishikesh. Bks.
04. Śrīcaṇ©īsiddhirahasyam, Śrī Bharatadarśanam, Svatantratāvijayam. Add. 1,
Bahuguna Niketan, 14 Bigha, Rishikesh.
Spl.Ref. Purāṇapravacan. Shastra Chudamani,
India Govt.
Bahulikar, Digambar Dattatrey. B.A., B.T.
b. 11.03.1916. Teacher. Bks. 04. Kallolinī,
Triśaṅkuḥ, Muktakamañjūṣā, Muktakāñjaliḥ.
Add. Jyanprabodhini, Sanskrit Sanskriti
Sanshodhika, 510, Sadashivpeth, Pune – 30.
Expired. Spl. Ref. An eminent Scholar in Skt.
Language and Literature.
Bahura, Gopal Narayan. M.A. (Skt. Sc. &
Hindi). b. 14.05.1911. Purohit ji ka katla,
Jaipur; Chairman. City Palace Pothikhana,
Jaipur. Gp. Bhatt Mathuranath Shastri. Bks.
39. Mahākavi Sūradāsa (ed.), Śrīkṛṣṇa
Caritāmṛta, Bhuvaneśvarī Mahāstotra,
Rasadīrghikā (ed.), Literary Rulers of Amer
& Jaipur (ed.). Exp. on 02.12.2003. Spl. Ref.
The Founder of Rajasthan Prachya Vidya
Pratishthan in 1951. President Awardee.
Bajaj, Kamalesh. M.A., C.P.Ed. b. 01.09.1944.
Teacher, Add. 31, D.D.A. Harinagar, New
Delhi – 110064.
Bajpai, Shiva G. Ph.D. Rai Bareli. U.P. India.
Prof. Bks. 02. A Historical Atlas of India.
Patterns of Commerce and Communication
in cultural History of Mathura. Add. 670.
Wildomar St. Pacific Palisades. CA. U.S.A.

90272. Ph. (310) 454 – 3826. email. sbajpai
@csun.edu.
Bajpai, Sudha. M.A. (History, Psy., English),
Ph.D. b. 09.11.1953, Varanasi. Senior Reader,
Lucknow University. Gp. Prof. Vishwanath
Bhattacharya, Prof. K.N. Chattarjee, Prof. K.K.
Mishra. Sp. Km. Kavita Srivastava (IAS),
Neelam Rawat , Neelema. Bks. 04 Mahābhārata
me Sāṅkhya aur Yoga, Gaṇgā Śatakam,
Mahākavi Māgha, Samskṛta Prākṛta Kāvya
Dhārā ke Anucintana, Ps. 25. Add. C-23 Butler
Palace Colony, Lucknow 226001, Ph. 05222207319, M. 09450941500. Spl. Ref. Sāṅkhya
Yoga Darśana. Vice President in Gramin Mahila
Sansthan.
Bajpayee, Daya Shankar. M.A., Acharya,
(Vyākarṇa, Sāhitya). b. 1918. Unnao, U.P.
Rtd. Principal, Ujjain. Bks. 03. Avantīsinghasthakhaṇdkāvyam, Kalikautukam, Anehasāhvānam. Expired in 1987. Spl. Ref. Ashukavi,
President Awardee, Honour from M.P. Govt.
Bajpeyi, Amit Anand. M.A., M.Com. Ph.D. b.
13.06.1980. Guest Asst.Prof., Maharshi Panini
Skt. Univ., Ujjain, M.P. Ps. 01. Add. 104, E.W.S.
Indira Nagar, Agar Road, Ujjain, M.P.
Bakhsi, Pravin. M.A., B.Ed. b. 13.10.1947.
Teacher (TGT), Khrista Raja School, Ashoka
Place, New Delhi. Add. C-131, Hari Nagar,
Ghantaghar, New Delhi – 110064. Spl. Ref.
Sāhitya.
Bakul Bhushan, Jaggualvar. b. 1909. Bks. 01.
Adbhutaddūtam. Exp. in 1993.
Bala Shastri. Vyākaraṇa - Acharya in Sāhitya,
M.A., Sāhityaratna, Ph.D. b. 16.10.1954,
Mirghat, Varanasi, U.P. Prof. Gp. Dr. Sitarama
Shastri, Dr. Ramaprasad Tripathi, Dr.
Visvanath Bhattacharya, Dr. Srinarayana
Mishra. Bks. 05. Editing & publishing the
complete Mahābhāṣya. Add. Dept. of Skt.,
B.H.U. Varanasi. Spl. Ref. Vyākaraṇa, Sāhitya.
Bala, Anju. M.A., Ph.D. b. 16.09.1971. Delhi.
Skt. Teacher. Bks. 01. Jātakaphala &
Jātakamālā : A Comparative Appraisal (1999).
Ps. 15. Add. 1432. Shora Kothi. Sabzi Mandi.
Ghanta Ghar. Delhi – 110007. Ph. 3945318.

