316



Tiwari, Mahesh. Acharya, M.A. (Skt. & Pali).
b.03.01.1929, Barja, Bhojpur, Bihar. Gp.
Bhikshu Jagadish Kasyap, Prof. Satkadi
Mukhopadhyay. Bks. 01. Nidānakathā. Add.
45, Uttrakhand Samuhik Grihanirman Samiti,
Patparganj, Delhi–110092. Spl.Ref. Sāhitya,
Pali. Received U. P. Sanskrit Parishad Award.
Tiwari, Markandey Nath. Ph.D. Sāṅkya– Yoga.
b.10.07.1964. Varanasi. Asst. Prof., L.B.S.
Rashtriya Sanskrit Vidyapeeth, New Delhi.
Ps. 20. Add. 250/6. Mehrauli, New Delhi–
30.
Tiwari, Munni Achary. Acharya. b.05.07.1931,
Mohwa, (U.P.). Gp. Ratinath Pandey. Ps. 04.
Add. Baharul Olum Sanskrit Vidyalaya,
Bahariyabad, Ghazipur (U.P.). Spl.Ref. Sāhitya.
Tiwari, Nand Vallabh. Yogacharya, Shiksashastri. b.08.06.1960. Add. Shri Durga Mandir
Adhyatmika Yoga Kendra, Tagore Park, Model
Town, Delhi. Spl.Ref. Yoga.
Tiwari, Narmadeshwar. Acharya in Vyākaraṇa.
b.01.05.1943, Mishrbalia, Ghazipur, U.P.
H.O.D. of Vyākaraṇa. Gp. Brajabhushan
Upadhyay, Bhupanarayan Jha, Shaligrama
Mishra. Bks.01. Śābdikanaye Kālasvarūpaparyālocanam. Add. Sadhuvela Sanskrit
Mahavidyalay, C-K-34/24, Lahauri Tola,
Varanasi (U.P.). Spl.Ref. Vyākaraṇa.
Tiwari, Nilabh. M.A., Acharya, M.Ed., M.Phil.,
Ph.D., P.G.D.C.A. b.20.07.1980, Dewas (M.P.).
Asst. Prof., R.Sk.S., Bhopal Campus M.P. Gp.
Prof. Mithila Prasad Tripathi, Acharya
Vanshidhar Shastri Musalgavkar. Bks.01.
Saṃskṛta Prabodhinī. Ps. 10. Add. 101. Kunjan
Nagar. Phase–I. Bagsevaniya, Bhopal. Ph.
09827221055. Spl.Ref. Co–editor Research
Jounaral ‘Madhyama’.
Tiwari, Omkar Nath. M.A., Ph.D. b.20.03.1954,
Suraundha, Bhojpur, Bihar. Asst. Prof. Gp.
Pt. Jagadananda Pandeya. Add. H.O.D., Deptt.
of Sāhitya, Govt. Sanskrit College, Patna –
800004 (Bihar). Spl.Ref. Veda & Sāhitya.
Tiwari, Purana Prasad. b.15.08.1927, Gwalior.
Gp. Anant Ram Shastri, Baleshvar Rajaram

Shastri. Bks. 01. Bṛhattrayī-cikitsāsūtram. Add.
Garhve ki Goth, Mama ka Bazar, Lashkar,
Gwalior (M.P.). Spl.Ref. Sāhitya, & Āyurveda.
Tiwari, R. M. M.A., B.Ed. b.13.07.1935. T.G.T.
(Teacher), Hercourt butler Senior Secondary
School, Mandir Marg, Delhi. Ps. 03. Add. A/
100, School Lane, Patapar Ganj, Delhi–110091.
Spl.Ref. Sāhitya.
Tiwari, Ram Chandra. B.A., M.A., D.Phil., D.Litt.
b.01.06.1935, Allahabad. Ex-Principal, Govt.
Degree College, Bhopal, M.P. Gp. Dr. Baburam
Saxena, Dr. Umesh Mishra, Prof. Kshetresh
Chandra Chattopadhyaya, Dr. Adya Prasad
Mishra, Prof. Laxamikanta Mishra. Bks. 05.
Kālidāsa kī Tithi Saṃśuddhi, Śrīmadbhāgavata
Purāṇa me‚ Prematattva, DevabhāṣāSubodhinī, Advitīya-Aṣ-amūrti. Ps. 10. Add.
45- Patrakar Colony, Bhopal–3, M.P. Spl.Ref.
Prooved - Date of Kalidas was 370–450 A.D.
with 627 archeological evidences, 104
sculptures, 30 paintings and 493 inscriptional
words. Sanskrit grammer and Transtation.
Tiwari, Ram J. J. Acharya in Vyākaraṇa, B.Ed.
b.01.03.1953. Asst. Prof. Gp. Parasanath
Shukla, Vishvanath Pathak, Dayashankar
Tripathi. Ps. 03. Add. Adarsh Bharti
Mahavidyalaya, Kheta Sarai, Jaunpur (U.P.).
Spl.Ref. Vyākaraṇa.
Tiwari, Ram Krishna. Shastri, Acharya, Ph.D.
b.01.12.1943, Niyamatabad, Varanasi, (U.P.).
Teacher. Gp. Avabhavihari, Dr. Krishnachandra
Dwivedi. Ps. 04. Add. Sanskrit Vidwan,
Niyamatabad, Varanasi (U.P.). Spl.Ref. Jyotiṣa.
Tiwari, Ram Nayan. M.A., M.Phil, B.Lib.Sc.
b.15.04.1937. Asct. Prof. Ps. 03. Add. Library
(Brail), University of Delhi, Delhi – 110007.
Spl.Ref. Sāhitya.
Tiwari, Ram Niwas. Acharya, Dharmagam, M.A.
(English, Skt.,) LLB, Ph.D. b. 01.08.1935,
Gazipur. Guest Teacher, Deptt. of Dharmagam,
SVDV, BHU. Bks. 03. Hindu Vidhiviveka,
Bodhicaryāvatāra, English Translation of
Śivsmahimna Stotra. Add. Deptt. of
Dharmagama, Faculty of SVDV, BHU, Varanasi05. M. 09839966538.

