
Swain, Braj Kishor. M.A., Ph.D. b.07.02.1954.
HOD DharmaŚāstra. Bks. 05. Ps. 20. Add. Shri
Jagannath Puri Sanskrit University, Puri,
Orissa. Spl.Ref. Dharma Śāstra.
Swami, Ayurveda Martand Laxmiram. Prof.
& Director, Ayurved Nideshalay. Gp. Shrikrishn
Ram Bhatt. Sp. Nandkishor Vaidya, Chandra
Shekhar Vaidya. Expired in 1939. Spl.Ref.
Sanskrit Liric & Āyurveda.
Swami, Balanand. Acharya in Vyākaraṇa.
b.05.09.1905, Meerut (U.P.). Principal, Dadu
Acharya Sanskrit College, Jaipur. Gp. Swami
Vichardas, Pt. Ramdhari Shastri. Expired in
1992. Spl.Ref. Vyākaraṇa & Ayurveda.
Swami, Bhagwatacharya Panditraj. b. Syalkot
(Now in Pakistan) Bks. 04. Bhāratapārijātam,
Pārijātāpahāraḥ, Pārijātasaurabham. Expired
in 1977. Spl.Ref. Brahamchari.
Swami, Dayaram Shastri. b.1890. Sangroli,
Harnal, HR. Principal, Brahma Sanskrit
College, Karnal, Hariyana. Gp. Pt. Ramadhari
Shastri. Expired in 1987. Spl.Ref. Dhvani
Rupaks – Dūtavākyaṃ, Vidyapariṇaya,
Anargharāghavam, Anangharsh-Caritam,
Tapasvatsrajam Thess were Brodcosted from
Jaipur DoorDarshana, RJ.
Swami, Hariharanand. b. 05.04.1942. Bks.
40. Śrīhanumaccaritravātikā, Daurvāsasyamasya Sarvādau, Śrīrāmahanumadīyam.
Add.Ashram Sankirtananagar,Chandpur,
Balia.U.P.
Swami, Mahant Bajarangadas. Acharya in
Vyākaraṇa, Sāhitya, Āyurveda, M.A. b.
01.06.1952, Ajmer. Principal, Shri Dadu
Mahavidyalaya, Motidungari Jaipur – 4. Gp.
Swami Balnand Ji Maharaj, Tiwari ji Banaras.
Bks. 03. Savaiyā Grantha, Jñān Samudra va
Sakṣī, Laghu Granthāvali. Add. B – 15, Varun
Colony, Behind of Dadu Dayal Marriage
Garden, New Sanganer Road, Mansarovar,
Jaipur–302020. Ph. (0141) 2783534, 2623136,
9414361681. -bajarangdasswami@gmail.com.
Swami, Prabhudatta. Acharya in Sāhitya, Navya
Vyākaraṇa shastri, Sāhityaratna. b.09.05.1914.

307

Kishanpura, Meerut, (U.P.). Rtd. Head of the
Deptt. of Sāhitya. Gp. Pt. Ramnayan Mishra,
Pt. Chotelal Pandey. Bks. 05. Devakīnandanam
(Khaṇda Kāvya), Pūrva Bhāratam (Kāvya),
Mauryacandrodayam (Mahākāvya), Rāmārcākusumāñjaliḥ. Add. 3, Manasarowar, Civil
Lines, Meerut (U.P.). Spl.Ref. Sāhitya,
Vyākaraṇa , Hounoured by Ganganath Jha
Samman, Kalidas Puraskar, Kavi Ratan. Śāstra
Chudamani, Rashtriya Shiksha Samman.
Swami, Ramanuj P.S.S. Sāhitya, Vidhyapravina,
Vidvan. b.16.05.1916, Bobbili, Vijaynagar,
A.P. Sanskrit Teacher. Gp. Appala Jagannath
Shastari, K.V. Rammurti, P. Ramanuj Swami.
Ps. 02. Add. C/o. E.P. Ambar, D.No. 22-3927, kamara Street, Vishakhapatanam- 530001.
Spl.Ref. Sāhitya & Darśana.
Swami, Sitaram Acharya. M.A., Ph.D.
b.14.11.1967. GJ. Principal. Ps. 02. Add.
Jagadguru Shri Ramanandacharyapith,
Kaushalendramath,
Bhattha,
Paldi,
Ahmedabad, GJ.
Swami, Sri Bharatikrishantirth Krishanmaharaj. M.A. (Skt., Darśana, Math, History,
Science, English) b. Madras Presidency
Tamilnadu. Jagatguru Sanakracharya Sri
Goverdhanmatha, Puri. Bks. 03. Stotrabhāratīkaṇ-hahāraḥ. Expired in 1960. Spl.Ref. Vedānta,
Vedic Ganit, Saraswati Title from Madras
Sanskrit Parishad in his earlier age.
Swami, Sudarsanaacharya Suman. Acharya
in Sāhitya, M.A. b.25.10.1946, Delhi. Teacher,
Motilal Sanskrit College, Ramesh Nagar, New
Delhi. Ps. 02. Add. 3599, Sitaram Bazar, Delhi.
Spl.Ref. Sāhitya Śāstra.
Swami, Surya Das. Acharya (Sāhitya, Vedānta,
Sāṅkya), M.A. Principal & Prof. Maharaja
Sanskrit College, Jaipur (Rj.). Sp. Dayanand
Ji, Balakram Ji, Dr. Shrinivas Shastri. Bks.
04. Pā-hyaswasti, Purāṇa Rahasya, Chandaḥ
Samīkṣā, Rasa Siddhānta kī Śastrīya Samīkṣā.
Expired on 04.08.1990. Spl.Ref. Editor of
‘Bhāratī’ Sanskrit Monthly Patrika of Jaipur.
Editing Ved Bhashyas in Gangaishwaranand
of Vrindawan.

