282



U.P. Gp. Chandra Shekhar Shastri, Vaikunthanath Shastri. Bks. Śrīmadbhāgavata-sāptāhikakathā, Śrīmad-bhāgavatasya Gū©hārthadīpiṇī Ṭīkā, Vedastutivyākhyā. Add.D-1/
65, Lalita Ghat, Varanasi U.P. Spl.Ref.
Vyākaraṇa & Purāṇa.
Shastri, Ranganath Balasubrahmanya.
Vedāntashiromani. b.19.08.1918, Radhamangalam, TN. Asst. Prof. in Veda. Add. 123,
Habibulla Road, T. Nagar, Madras – 600017
(T.N.). Spl.Ref. Veda.
Shastri, Ravindra Nath Das. Vidyaratna,
Vidyavachaspati,
JyotirVedāntashastri,
Prachyatattvavisharad,
Sāhityacharya,
Sāhityasri, Sāhityabharati, Kavibhushan,
Bhaskaracharya. b.1937. Rangoon (Burma).
Bks. 04. Sa‚skṛtasopānam, Devabhāṣāpraveśaḥ, Śrīsrībholānandagiri-gauravam,
Atharvavedīya Śrīśrīcaitanyo-panīṣad (ed.).
Add. Principal, Tripura Rajya Sanskrit College,
Agartala–799001 (Tripura). Spl.Ref. Sāhitya,
Jyotiṣa, Vedānta.
Shastri, Ritanand Swami. Sanskrit Vidvān,
Acharya, Veda. b. 1866. Bijnaur. Former nameRishinath. Gp. Aryasamaj Tradition, Dayanand
Sarasvati Parampara. Bks. 05. Spl.Ref. Veda,
Vyakarana, Indian Philosophy. An Eminent
Scholar in Philosophy, Veda, Religion and
Vaidika Karmakāṇ©a, Mandicant.
Shastri, Roop Kishor. M.A., M.Phil., Ph.D.,
D.Litt. b.19.12.1957. Prof., Gurukul Gangdi
Uviv. Bks. 15. Sāmavedīya Brāhmaṇa Dārśanika Adhyayana, Jaiminīyopaniṣada
Brāhamaṇa meṃ Nihita Dārśanika Siddhānta,
Vaidika Vāṅmaya – Nirvacana Kośaḥ.
Dayānanda Nirukti-Vyutpatti-Kośaḥ, Dharma
Darśana Saṃskṛti. Ps. 30. Add. 36 Gandhi
Ashram Colony, Singhdwar, Gurukul Kangadi,
Haridwar–249404, Uttarakhand.
Shastri, Satya Narayan ‘Kaviraj’. Vyākaraṇa,
Sāhitya, Nyāya, Āyurveda. b.1887. Varansi,
U.P. Principal, Aayurved College, Varansi,
U.P. Gp. M.M. Pt. Shivkumar Shastri, M.M.
Gangadhar Shastri, Kaviraj Dharmadas, Pt.
Nrmadacharan Kaviraj. Bks. 04. Saṃjñā-

Samuccaya, Śivakośa, Śivaprakāśa, HṛdayaPadyāñjaliḥ. Expired on 23.09.1969. Spl.Ref.
He was appointed as a personal Doctor of
formar President, Govt. of India Dr. Rajendra
Prasad in 1952 & awarded ‘Padmabhushan’
by President of India in 1955. Vaidya and
Sanskrit Poet.
Shastri, Satya Narayan. Acharya, (Sāhitya &
Āyurveda) b. 23.05.1929. Rajgarh, Rajasthan.
Vaidya, Bhiwani. Bks. 06. Navo©hāvilāsam,
Nītisūktimuktāvalī, Stutikusumāñjaliḥ. Add.
30, Adarsh Nagar, Bhiwani, Haryana. Spl.Ref.
Title of Sāhitya Martand, Bhishakratan, Vishist
Award from Rajasthan Skt. Academy 1995.
Shastri, Satya Narayan. Sāhitya-Shastri,
Kāvyatīrth. b.16.11.1926. Ajamer, Rj. Asst.
Prof., Govt. Sanskrit College, Ajmer. Gp.
Krishanchaitany
Shastri,
Bks.
14.
Candraśekhara-Mahākāvyam, Nāgakanyā Sulocanā,
Nimbārkodayam,
Bhāratakuvalayam, Manovṛttisudhāram. Spl.Ref.
Received ‘Magh-Puruskar’ in 1996. ‘Pt.
Haritajivan Mishra-Nā-ya Puruskar’, ‘Pt.
Ambikadutt Vyas Puruskar’, M.M. Samman.
Famous Poet in Sanakrit, President Awardee–
2008.
Shastri, Satyavrat. Vyākaraṇa, Sāhitya, Darśana.
b.Sep.1930. HoD. Delhi Univ. Gp. Prof.
Charudeva Shastri, Pt. Shukdev Jha, Dr.
Siddheshwar Varma. Bks. 25. ŚrīRāmkīrtimahākāvya, Discovery of Sanskrit
Treasures.
Gurū-Govinda-Singhacarita,
Śarmanyadeśaḥ, Sūtraṃ Vihāti. Ps. 125.
Spl.Ref. Received many Awards like - ‘Sāhitya
Academy Puruskar’ in 1968, Gyanpeeth
puruskar in 2006 for his contribution to
Sanskrit Literature. Poet Critic. Visited
Bangkok, West Germany, Belzium, Canada.
Shastri, Shankar Lal. Acharya in Sāhitya, Ph.D.
b.01.07.1975 Kishorpura, Sikar, Rj. Director,
RJ Sanskrit Research Sansthan, Shahpura,
Jaipur, Rj. Bks. 07. Saṃskṛta- Kavimañjarī,
Saṃskṛta
Kāvyacandrikā,
Saṃskṛta
Gadyacandrikā, Saṃskṛta Sāhitya kā Samikṣā
itīhās, Rājasthāna ke Saṃskṛta Kṛtikāra. Ps.

