116



Kathmandu for 2 Years, Śāstra Chudamani
at Gorakhpur Univ., Founder Member and
Life member of Akhil Bharatiya Skt. Parishad,
Lucknow, President Awardee.
Joshi, Jagadishsarana Sharma. Acharya. b.
22.01.1930, Moradabad, U.P. H.O.D. of
Vyākaraṇa. Gp. Sudarsanaacharya, Premashankar Tripathi. Add. Sri Ramanuj Sri
Vaishanav Skt. Mahavidyalaya, Haridwar
(U.P.). Spl.Ref. Vyākaraṇa.
Joshi, jagdish Bhai Shantilal. Ph.D. b.
15.04.1947. Prof. Arts & Commerce College,
Motipura, Himmat Nagar Distt. Sambharkanta.
Add. 6- Swastik Society Nava Road, Mahaveer
Nagar, Himmat Nagar Distt. Sambharkanta.
Spl.Ref. Alaṅkāra Śāstra.
Joshi, Jagriti Bhalchandra. Ph.D. b.26.11.1963.
Prof. Arts & Commerec College Balasinor.
Add. A-51, Gokulesh Society Balasinor. Spl.Ref.
Vedānta Śāstra.
Joshi, Jaidevi Ben J. Ph.D. b. 19.04.1963. Prof.
J.M. Shah Arts College Jambusar. Add. 11B Rajnigandha Near Super Market, Muktampur
Distt. Bharuya.
Joshi, Jaishri Ben Shantilal. Ph.D. b.29.05.1967.
Prof. Nagarpalika Sanchalit Mahila Arts,
Commerce & Home Science College Gondal,
Distt Rajkot. Add. Joshi Akshardham Society
Street No. 3, Block No. 26, Gondal. Spl.Ref.
Alaṅkāra Śāstra.
Joshi, Jaji Ram Purushottam. Kāvyatīrtha,
Sāhitya, Siksashastri. b. 09.04.1924, Roha,
Raimad, MH. Gp. Shankar Shastri Gadagila,
Shridhar Shastri, Harihar Jha. Bks. 01.
Śrīśanimahātmyam, Prākṛtakāvyānuvādaḥ.
Add. 1768, Ganesh Nagar, Dr. Ambedkar Marg,
Sangli – 416416 (MH). Spl.Ref. Sāhitya.
Joshi, Jyotsana Ben Mohan Lal. Ph.D. b.
04.08.1944. Prof. Shri J. S. Aayurved College
Road Nadiyad. Add. Shri Bhagwat Niketan,
Dakor Road, Nadiyad. Spl.Ref. Alaṅkāra.
Joshi, Kailash Chandra. Acharya in Sāhitya,
M.A.. b. 13.05.1957, Thikuli, Nainital, U.P.
Asst. Prof. Gp. Pt. Padmanarayana Tripathi,

Pt. Ghanasyam Shastri, Mana Sharma. Add.
Skt. Mahavidyalaya, Kashipur, Nainital. Spl.Ref.
Sāhitya.
Joshi, Kashinath Shastri. Nyāyaratna. b.
01.02.1909, Narsovadi, Kolhapur, MH. Gp.
Vishnu Shastri, Hariram Shukla. Add. Shrimad
Adya Shankaracharya Bharati Bhavan Muth,
Satara, (MH). Spl.Ref. Nyāya
Joshi, Kashinath Someshvar. Acharya in Nyāya.
b. 1940. Narsovadi, Kolhapur, MH. Teacher
(Nyāya). Gp. Kashinath Shastri Joshi. Add.
Shri Shankaracharya Muth, Satara (MH).
Spl.Ref. Nyāya.
Joshi, Kedar Narayan. M.A., Acharya in Sāhitya,
Ph.D., Vyākaraṇa Tīrtha. b. 03.04.1948.
Kannaud, Devas, M.P. Prof. & HOD Dept. of
Skt., Vikarm Univ. Ujjain. Gp. Dr. Rewa Prasad
Dwivedi, Dr. Ramnihal Sharma, Dr. Laxman
Narayan Shukla. Sp. Dr. Ramesh Chandra
Sharma. Dr. Ramadhar Malviya. Bks. 04. Śrī
Pādaśastrī Hasūrakara Vyakti avam Abhivyakti,
Saṃskṛta Kāvyaśastra aura nirālā, Bhāratīya
Saṃskṛti, Saṃskṛta Kāvyeṣu Vaidika
Cintanasya Prabhāvaḥ. Ps. 50. Add. Vagartha
B-2/05, Mahananda Nagar, Ujjain M.P. Spl.Ref.
International Educator Award, Best Citizen
of India Award, Vagarth Samman, Samaj Ratna
Samman.
Joshi, Kedardatt. Acharya in Jyotiṣa. b. 1910.
Almoda. Lect. Skt. College. Kashi. Gp. Haridatt
Joshi. Pt. Baldev Pathak. Bks. 17. Grahagaṇitādhyāyaḥ, Vāsanābhāṣyam, Marīcibhāṣyam, Grahalāghavam. Muhūrta-cintāmaṇī.
Spl.Ref. Karmkāṇ©a & Jyotiṣa.
Joshi, Keshav Bhai Jairam Bhai. Ph.D.
b.01.06.1958. Prof. Konkrej Arts & Commerce
College Thara. Add. Vill Jesangpura, Tehsil
Patan. Spl.Ref. Purāṇa.
Joshi, Keshavaram Rao. Acharya in Sāhitya,
M.A., Ph.D.. b. 07.04.1928, Rangari,
Chindwada, M.P. Gp. Ambadasa Shastri
Pandeya, Shankar Shastri, Pt. Harirama Shukla.
Bks. 02. Nīlakaṇ-havijaya (Kāvya), Rahasyamayī (Nataka). Add. 2/2, M.I.G. Colony,
Banjari Nagar, Nagpur (MH). Spl.Ref. Sāhitya.

