
Puram. New Delhi– 110022. Spl.Ref. Sāhitya,
Education.
Atrey, Bheekhan Lal. M.A., Ph.D. Hindu Univ.
Kashi. GP. Phanibhushan Adhikari. Bks. 13.
Vāsiṣ-hadarśanaṃ.
Yogavāsiṣ-hasāraḥ.
Śaṅkarācārya kā Māyāvāda. The Elements
of Indian Logic. Yogavāsiṣ-ha and Modern
Thought.
Attreya, V. Swaminath. Śiromaṇi in Vyākaraṇa,
Linguistics. b. 1919. Tanjaur Tamilnadu. Gp.
M.M. S. Kuppuswami Shastri, M.M. Dandpani
Swami. Bks. 06. Anurūpā, Mahākavisamāgamaḥ, Badrīkedāranāthayātrā Prabandhaḥ.
Add. 1170 Balobalane West Main Street,
Tanjaur 09. Spl. Ref. Vyākaraṇa, Linguistics,
Manuscriptologist. Poet, Skt. Scholar. Title
of Ashu Kavi Tilak, Sāhitya Vallabh.
Avadhani, Kadavadhani Ramaswami. Shastri.
b. 05.05.1950, Sringeri, Chikmagalur,
Karnataka. Rtd. Teacher. GP. V.S. Ramachandra Shastri, Krishna Ghanapathi. Add.
Harihar Vithi, Shringeri, Chikmagalur – 579139
(KT). Spl.Ref. Sāhitya & Veda.
Avadhanulu, Remella. M.Sc. (Nucelar Physics),
M.A. (Skt, Astro Science), Ph.D. (Skt., Jyotish),
PG Dip. in Computer Programming, Software
Engineering, Trad. Study in Yajurveda,
Mīmāṃsā, Vedānta etc. Research in vedic
sciences b. 25.09.1948. Podagatlapalli, A.P.
Chief Executive Shri Veda Bharti. Bks. 04
Vedas & Computers – Computer Science in
Vedas, Science & Technology in Vedas &
Sastras, Computerization of Vedas- Need of
the Hour, Vaidika Ganitamu- Parts 1 to 5
(Telugu/ English). Ps. 80. Add. H. 34,
Madhuranagar, Hyderabad-500038, remella.
avadhanulu@ gmail.com Spl.Ref. Appreciation
from PM of India for Vedic Wisdom in CDROMs
2000, Appreciation from President of India
for designing for first Vedic Data Base in 1995,
Appreciation from Official Language
Committee of Parliament of India for design
of First Telugu and Hindi FORTRAN Compliers
1976, SAMSKRIT MITRA 2003, Madras Telugu
Academy Ugdai puraskar 1997, Prajna Bharati

11

Award 1996, Man of the Year 1999 by ABI,
USA etc. Her Biography included in Who’s
in the World 15 th Edition USA, Dictionary of
International Biography, England, 2000
Outstanding Scientists of the 20 th Century
England, The International Dictionary of
Distinguished Leadership USA.
Avadhnalu, Krishnamurti D.V. b. 10.03.1946,
Kolluru, A.P. Vedic exponent. GP. Vishnubhattala Adinarayan Ghanapathi. Add. Shri
Govind Swami Devasthana, Tirupati (A.P.).
Spl.Ref. Kṛṣṇayajurveda Kramānta.
Avanindra Kumar. Acharya in Vyākaraṇa, M.A.,
Ph.D. b. 13.03.1940. Asct. Prof. Deptt. of Skt.,
Delhi University, Delhi. Add. Ps. 19, Maurya
Enclave, Delhi – 110034. Spl.Ref. Vyākaraṇa.
Avanindra Kumar. Acharya in Vyākaraṇa,
Nirukta-charya, M.A., Ph.D. b. 13.03.1940.
Etah U.P. Prof. & Head Deptt. of Skt. Univ.
of Delhi. Gp. Pt. Brahamdutt Jigyasu, Pt.
Yudishtir Mimansak, Pt. Jyotiswaroop Acharya.
Sp. Prof. Mithilesh Chaturvedi, Dr. Omnath
Bimli. Bks. 05. Pāṇinīdhātvanukramakośa,
Aṣtādhyāyī-padānukramakośa, Vyākaraṇa kā
Itihāsa. Ps. 115. Add. RP 19 Mayur Enclave
Pitampur Delhi–110034. avanindra_kumar@
rediff mail.com Spl.Ref. Vyākaraṇa, President
Awardee 2007, Skt. Sāhitya Seva Samman
2000, Panini-Sayan Samman 1996, New
Mexico, USA,
Avasthi, Brahmadina. Acharya in Sāhitya, &
Āyurveda, M.A. b. 10.07.1930. Vill. Dehali,
Kanpur, U.P. Asstt. Teacher. Add. Govt.
Ramananda Skt. Vidyalaya, Lalghati,
Guphamandir, Bhopal (M.P.). Spl.Ref. Sāhitya
& Āyurveda.
Avasthi, Brahmamitra. Acharya in Sāhitya,
M.A.
(Skt.),
Diploma
in
Pali
&
BauddhaDarśana. b. 16.10.1929, Unnao, U.P.
Asct. Prof. Bks. 20. Bhāratīya Nyāyaśāstra eka Adhyayana, Pātañjali-yogaśāstra eka
Adhyayana. Add. Ganganath Jha Kendriya
Skt. Vidyapitham, Azad Park, Allahabad (U.P.).
Spl.Ref. Sāhitya.

