30



Vyākaraṇatīrtha, Smṛtiratna. b. 10.08.1948,
Kantapukur, Midnapore, (W.B.). Teacher. Gp.
Vibhutibhushan. Add. Ashutosh Chatuspathi,
Midnapore (W.B.). Spl. Ref. Kāvya, Vyākaraṇa
& Veda.
Bhattacharya, Phanindra Chandra. Vidyaratna, Smṛti - Vyākaraṇatīrtha. b. 1326 (B.E.),
Yatingram Bangladesh. Add. Chitra Sundari
Chatuspathi, Ichapur, 24 Paragana South
(W.B.). Spl. Ref. Vyākaraṇa & Smṛti.
Bhattacharya, Priyanath. Acharya. b. 1319
B.E., Badarigram. Gp. M.M. Chandidas
Nyāyatarkatirth, Herambanath Sankhyavedānta Tirtha. Add. P.O. Navadvip Chatir
Math, Goshwamipara, Nadia (W.B.). Spl. Ref.
Sāhitya & Veda.
Bhattacharya, Probananda. Acharya in Sāhitya.
b. 01.06.1946, Hangsakhola, Srihatta, Bangala
Desh. GP. Pratap Smrtiranjan. Add. Logoni
Road, Settlement Road, P.O. Karimganj
(Assam). Spl. Ref. Sāhitya.
Bhattacharya, Pt. Vamacharan. Acharya
(Nyāya, Vaiśeṣika). b. 1880, Kashi. Lect &
HOD, Skt. College, Kashi. Gp. Pt. Gadadhar
Shiromani, Pt. Surrendramohan, Tarkteertha,
Kailash Chandra shiromani. Sp. Rajeshwar
Shastri ‘Dravid’, Pt. Shivdutt Mishra, Pt.
Vamacharan Tarkteerth, Pt. Suryanarayan
Shukla, Khagendranath Pandey, M.M.
Kunjvihari Tarkteerth, M.M. Dr. Satishchandra
Vidyabhushan, M.M. Pt. Ramesh Chandra
Tarkteerth. Bks. 01. Avacchedakatva Niruktiḥ,
Jagdīśī Manoramā Ṭīkā. Exp. 21.03.1931. Spe.
Ref. M.M. Awarded by British Govt. in 1925.
Bhattacharya, Rabindranath. Acharya (Kāvya,
Vyākaraṇa, Veda) M.A., B.Ed., M.Phil. Ph.D.
b. 21.12.1955, Hoogli. Asct. Prof., Bngabasi
Evening College, Kolkata. Bks. 02. Add. A47, Uttarayan Sarani, North Nandpara,
Ariadaha, Kolkata- 700057, W.B. Ph. 03325638825, 0332351-0304, M. 09231668828.
Spl. Ref. Veda.
Bhattacharya, Ramshankar. Acharya in
Vyakarna, M.A., Ph.D. WB. Gp. Pt. Pashupati

Bhattacharya, Pt. Raghunath Sharma, Swami
Hariharanand Aaranya. Bks. 19. Itihāsa purāṇa
ka Anuśīlana. Nidrā yā Suṣupti, Pāṇini
Vyākarana kā Anuśīlana, Viśva kā Manomaya
Mūla, Pātañjalayoga-darśanam.
Bhattacharya, Ravindranath Shastri. M.A.,
Ph.D., B. 01.03.1964. Calcutta. Asst.Prof.
Calcutta University. Bks. 19. NaimiṣāraṇyaMahātīrtham, Life Sketch of NirañjanaSvarūpa-Brahmacārījī, Śabda-Svarūp-Vimarśa.
Add. 143 – A, Rahasbihari Avenue, Calcutta.–
700029. Ph. (033) 4632249.
Bhattacharya, Ravindranath. Acharya (Veda
& Mīmāṃsā), M.A., Ph.D. b. 01.03.1964,
Kolkata. Asct. Prof. Bks. 22. Add. 646 Rabindra
Sarani, Kolkata 700003, M. 09339209553.
Spl. Ref. Veda & Mimāṃsā.
Bhattacharya, Satya Pada. Acharya in Sāhitya,
Nyāya, Advita Vedānta. Sāṅkhya Yoga. Tīrtha
in Vyākaraṇa, Kāvya, Navya Nyāya, Vedānta.
b. 04.07.1944, Vill. Analia, P.O. Nishanpur,
Dist. Balasore (Orissa). Rtd. Asct. Prof. of
Govt. Skt. College, Kolkata. Gp. M.M. Jogenra
Nath Bagchi, M.M. Srimohan Tarka Vedarta
Tirtha. Sp. Dr. Ayan Bhattacharya, Dr.
Satyabrat Pahari, Dr. Debabrata Pahari, Dr.
Ruma Banarji, Dr. Bhabani Ganguli. Bks. 04.
Vedānta Paribhāṣā, Tarkasaṅgraha, RādhāTantram. Ps. 02. Add. AF – 159, Rabindra
Pally, Krishnapur, P.O. Prafulla Kanan,
Kolkata– 700101, Ph. (033) 2571 – 0257.
Spl.Ref. Ex. Adhyakar, Nada kumar Chatuspati,
Orissa. Ex. Member Nikhilokai, Skt.
Mahamandal. Ex. State Co. Orivator W.B.
of R.Sk.S. New Delhi. Ex. Founder Secretary
Purvanchal Samskrit Prachar Parishad, Kolkata.
President Vangiya Skt. Snikhar Samitee. W.B.
Bhattacharya,
Shriramranjan.
Kāvya
Vyākaraṇa Tīrthā. b. 11.04.1933, Bankura
(W.B.). Sachiv Sri Sitaram Vedic Mahavidyalaya, Seh Sachiv Sri Sitaram Omkarnath
Skt. Shiksha Sansad. Bks. 04. Spl. Ref.
Sāhitya,Vyākaraṇa. Editor & Manager Pranava
Parijat, Editor Sanatan Shastram, Editor &
Publisher of Ārya Śāstra, Skt. Bangla Magazine,

