230



Ramprakash, M.A. (Sanskrit & English).
b.08.01.1918, Teacher (Ministry of Education
& Culture, Mauritius). Ps. 05. Add. 191, Aravali
Apartments, Alaknanda, New Delhi-110019.
Spl.Ref. Sāhitya Śāstra.
Ramrao, M. B.A., L.T. b.31.03.1898, Thirukoilur,
South Arcot, T.N. Preacher. Add. Dwaitavilasa,
18, Reddy Rao Tank, North Kumbakonam612001 T.N. Spl.Ref. Award upanyasaratnakara, Śāstra visharad, Pandit Bhushan.
Sāhitya Śāstra, Vedānta Śāstra.
Ramratan Das Ji, Maharaj. Acharya (Vyakaran,
Sāṅkya, Yoga, Sāhitya) b.08.08.1901. Add.
Shri Ram Daya Parishad, Puri- 75201 Orissa.
Spl.Ref. Vyākaraṇa, Sāṅkya Yoga, Sāhitya &
Veda.
Ramtulasi S. Sāhitya Shiromani, Shiksa-shastri.
b.15.06.1953, Katrakayalgunta, Chittur, A.P.
Sanskrit Teacher. Gp. N.C.V. Narasimhacharya.
Ps. 02. Add. S.V. Oriental High School, K.T.
Road, Tirupati – 517501 (A.P.). Spl.Ref.
Sāhitya.
Rana, Dilipa Kumar. Acharya in Advaita
Vedānta, M.A. b. 1963. Bks. 02. Ps. 20. Add.
Shankar Akademi, Shahid Jit Singh Marg,
New Delhi. Spl.Ref. Advaita Vedānta.
Rana, Narendra sinha. Acharya. Siksashastri.
b.1924. Teacher, Gurukula Tatesara, Delhi.
Ps. 02. Add. Shahdar, Daulatpur, Delhi.
Rana, Rakesh Kumar A. Ph.D. b. 28.09.1969.
Prof., Arts & Commerce College, Ider,
Sambharkanta. Ps. 02. Add. 5 Anand Society
Idar Distt. Sambharkanta. Spl.Ref. Alaṅkāra
Śāstra.
Rana, Subalsingh. M.A., Ph.D. b.02.04.1936.
Principal. Ps. 03. Add. B-1/112, Ashok Vihar,
Delhi. Spl.Ref. Sāhitya Śāstra.
Ranakoti, Sundaramani. Acharya in Sāhitya.
b.12.12.1951, Nailapal Kot, (U.P.). Gp.
Radhakrishna, Ramdasa. Asst. Prof. Ps. 02.
Add. Shri Jairama Sanskrit Mahavidyalaya,
Rishikesh (U.P.). Spl.Ref. Sāhitya.
Rangachar, M. E. M.A. (Skt. and Philosophy,
Ph.D. b. 24.06.1937. Rtd. Prof. KJ Somaya

College, Mumbai. Bks. 12. Add. 502, Geeta,
Andal Temple Street, R.V. Road, Garutuman
Park, Basavangudi, Bangalore – 04, KT. Spl.Ref.
Sanskrit and Philosophy, Visting Prof. Kuvempu
Univ. Shimoga, He prepared 5 Audio CD’s
of Viṣṇusasranāma, Śrīsūktam, Puruṣasūktam,
Kṛṣṇanayajurveda and Gītārthasaṅgraha,
President Awardee.
Rangacharya, Adya Shrirang. B.A., M.A. b.
26.09.1904, Agarkhed, Bijapur, KT. First
Director of Kalidas Academy Ujjain. Chairman,
Mysore State Sangeet Academy. Bks. Drama
in Sanskrit Literature, Introduction to Bharata’s
Nā-yaśāstra, Kālidāsa – An Appreciation, The
Indian Theatre, Nā-ya Śāstra – A Translation
with Notes. Ps. 67. Exp.on 17.10.1984. Spl.Ref.
Padma Bhushan Award. He was founder
President Nā-ya Sangh, Mysore.
Rangacharya, Guttala Gururajacharya.
Nayaysudha Visharad, Vedānta Vidvan.
b.21.01.1947, Principal. Ps. 04. Add. 178,
Dwaitvednta Pathshala, Vidya Mandir,
Bangalore–560004 (KT). Spl.Ref. Dvaita
Vedānta & Nyāya.
Rangacharya, S. Jyotiṣa Vidvan, M.A. (Darśana),
Hindi Visharada. b.07.12.1908, Sarguru,
Mysore., KT. Rtd. Asst. Prof., Mysore Sanskrit
Mahavidyalaya. Gp. Karuru Sheshacharya,
Venkatacharya, Bks. 01. Ratnasampu-am, 76
other books in Sanskrit. Add. Devaparthiva
Marg, Chamarajpuram, Mysore, KT. Spl.Ref.
Jyotiṣa, Darśana, Hindi Sāhitya.
Ranganathacharya, Magadi Sesagirirava.
Alaṅkāraasastravidwan,
DvaitaVedāntavidwan. b.20.12.1914, Magadi, Bangalore,
KT. Teacher. Gp. Padmanabhacharya, Ramnathapuram Desikacharya. Add. S.M. 2
Quarters, Mantralaya–518345 (KT). Spl.Ref.
AlaṅkāraaŚāstra, Dvaitavedānta & Veda.
Ranganathacharya, S. T. Traditional Education.
b.03.11.1905, Tirunarayan-puram, Mysore.
Hindi Pandita, Paurohita. Add. Archak
Kalpataru, 2, Netaji Marg, Pappanayakan
Palayam, Coimbatore-641037 (T.N.). Spl.Ref.
Vedic & Paurohityam, Hindi.

