140



College, Mansa Distt. GandhiNagar. Ps. 02.
Add. M. 12/ 138, Shri Sardar Patel Society
Sector 14, GandhiNagar, GJ. Spl.Ref. Purāṇa
Śāstra.
Makwana, Naveen Kumar Daya Bhai. Ph.D.
b.18.03.1971. Prof. Sadguna C.U. Shah Mahila
Arts College Vadhwana City Surendra Nagar.
Ps. 02. Add. Krishna Park, Near Naroda board
80, Krutani Road Surendra Nagar . Spl.Ref.
Vedānta Śāstra.
Makwana, Prabhu Bhai Kachara Bhai. Ph.D.
b.26.05.1967. Prof. Vijay Nagar Arts College
Vijay Nagar Distt. Sambharkanta. Ps. 05. Add.
Vill. Post Jawanpura Tehsil Idar Distt.
Sambharkanta. Spl.Ref. Purāṇa Śāstra.
Makwana, Ramesh kumar Govind Bhai. Ph.D.
b.04.01.1952. Prof. Shri G.K.C.K.Bossmiya
Arts & Commerce College JuNagarh Jetpur.
Ps. 02. Add. Tili patel Chauk Jetpur. Spl.Ref.
Vedānta Śāstra.
Malaiya, Asha. Prof. Govt. Girls College Sagar
M.P. Bks. 01. Saṃskṛta kī Śataka Paramparā
aura Acārya vidyāsāgara.
Malaji, R.G. M.A. b. 01.03.1943, Koda, Dharwar,
KT. Upanideshak (Dy. Director). Ps. 02. Add.
Oriental Research Institute, Mysore – 570005.
(KT). Spl.Ref. Darśana.
Malgi, Vasudevacharya Jayatirthacharya.
Acharya in Vedānta & Dharma-Śāstra, Sāhityavidvān, Sāhityaśiromaṇi, M.A. b. 26.06.1950.
Teacher. Add. KT Vishwavidyalaya, Dharwar
(KT). Spl.Ref. Vedānta, Dharma-Śāstra,
Sāhitya, Kannada & Hindi Sāhitya.
Malhotra, Kasturi Lal. M.A. b. 15.08.1940.
Dist. Sargodha, Pakistan. Ps. 02. Add: E – 7.
Moti Nagar. New Delhi – 110015. Tel. 5101012.
k.l.malhotra@hotmail.com.
Malika, R. M.A., B.Ed.. b. 25.08.1935. VicePrincipal. Ps. 02. Add. B-1/16, Janakpuri, New
Delhi – 110058. Spl.Ref. Sāhitya.
Malika, Usha. M.A., Ph.D.. b. 06.12.1959. Asst.
Prof., Skt. Department. Ps. 02. Add. Mata
Sundari College for Women (Delhi University),
Mata Sundari Lane, New Delhi – 110002.
Spl.Ref. Vyākaraṇa.

Malladi, Pandurangarav. b. 1948, Machillipattanam, Vedaparayanakartta. Gp M.V.
Ramanatha Ghanapathi. Ps. 02. Add. Shri
Kalahastidevasthanam, Shrikalahasti, Chittur
(A.P.). Spl.Ref. Kṛṣṇayajurveda.
Mallavajhula, Venkatsubbaramashastri.
Acharya in Sāhitya. b. 10.05.1902, Arepalli
Agraharam, Guntur, (A.P.). Rtd. Teacher. Gp.
Charla Bhashyakar Shastri, Gauripati Shastri.
Ps. 02. Add. 21, Dayanand Colony, Warangal
(A.P.). Spl.Ref. Sāhitya.
Mallayya, N. Venkateswara. M.A., M.Litt. Ph.D.
b. 30.05.1913. Manjeswara. Rtd. Prof.
Maharaja College. Bks. 05. Ps. 50. Spl.Ref.
UGC Award, His talks on various topics were
Broadcasted through A.I.R., President
Awardee.
Malledevaru, H.P. M.A., Ph.D. b. 18.07.1931,
Honnura, Mysore, KT. Asst. Prof., Oriental
Research Institute, Mysore. Gp. Suryakant
Shastri, Baldev Upadhyay. Ps. 02. Add. Mysore
University, Manas Gangotri, Mysore (KT).
Spl.Ref. Sāhitya & Darśana.
Malviya, Rameshwary. Acharya in Sāhitya.
b.02.08.1938, Lucknow, U.P. Principal. Gp
Shridhar Mishra. Ps. 02. Add. Laxmi Mahila
Vidhyapeeth, 181, Gautam Buddha Marg,
Lucknow, 226001 U.P. Spl.Ref. Sāhitya Śāstra.
Malviya, Ramkuber. Acharya, Āyurveda-ratna,
M.A. b. 1906. Asst.Prof. & H.o.D. Sampoornanand Skt. Univ. Varanasi. Bks. 04.
Mālavīyamahākāvyam, Vikramāṅkadevacaritam, Rāghavanaiṣadhīya, Añjana. Expired
in 1973. Spl.Ref. Āyurveda.
Mamata, B. M.A.. b. 23.02.1958, Mysore, KT.
Research Asst., O.R.A. Gp H.P. Malladevaru,
B.K. Shivaramayya. Ps. 02. Add. Mysore
University, Manasa Gangotri, Mysore (KT).
Spl.Ref. Sāhitya.
Mandal, Alpana. Sastri, B.A., B.Ed. b.
06.09.1962, Mirga-Chhatra, Hooghly, W.B.
Teacher. Gp. Dr. Gopalanatha Bhattacharya,
Dr. Visvanatha, Dr. Pratapa Mukherjee. Ps.
02. Add. Vill. & P.O. Mirga Chhatra, Goghat,
Hooghly Dist. (W.B.). Spl.Ref. Sāhitya.

