Aryika, Jinmati Mata ji. Gp. Aryika Gyanmati
Mataji, Acharya Veersagar ji, Acharya Shivsagar
Maharaj. Bks. 01. Śivāṣ-akastotra.
Aryika, Suparshvamati Mataji. b.1985,
Mainsar, Nagour, Raj. Gp. Acharya Ajitsagar
ji, Acharya Veersagar Maharaj ji. Bks. 05.
Sāgara Dharmāmṛta, Ṣa-prabhṛtam, Merā
Cintāvana, Varvāṅga Caritra, Parama
Ādhyātma Taraṇi.
Aryika, Vishnuddhamati. Sāhitya Ratna, VidyāAlaṅkāra. b.12.04.1929, Rithi Katni, M.P. Head
Master, Gp. Shrut Sagar ji, Ajit Sagar ji, Ratan
Chandra Ji. Expired 22.01.2001. Bks. 05.
Vatthuvijjā, Śramaṇacaryā, Samādhidīpaka,
Stotrasaṅgraha, Śrāvakasopāna. Spl.Ref.
Jainism.
Aryika, Vishuddhmati Mataji. b. Rathi,
Jabalpur, M.P. Principal., Shri Digambar Jain
Mahila Asharam, Sagar, M.P. Gp. Panna Lal
Sāhityacharya, Acharya Shivsagar ji. Bks. 02.
Trilokasāra,
Aṣ-ottaraśatanāmastotram.
Spl.Ref. Skt. & Prakrit.
Asha. Acharya in Veda. b. 06.01.1967. Delhi.
Gp. Laksmisvara Jha, Harihara Trivedi. Add.
B-242, Saraswati Vihar, Delhi – 110034.
Spl.Ref. Veda.
Asha. Ph.D. b. 28.08.1959, Delhi. Prof. M. D.
Univ. Rohtak. Bks. 01. Kālidāsa Kriyāpada
Kośa (1995). Add. 258, Subhash Nagar,
Rohtak. Ph. (01262) 266612.
Ashok Kumar. M.A. Professor. Add. Govt. R.B.L.
Gagarmal Skt. College, Court Road, Amritsar
(Punjab). Spl.Ref. Sāhitya.
Asoka Kumar, K. P. M.A., B.Ed. b. 10.04.1963,
Pannikottur, Kozhikode, Kerala. Add.
Pannikottur, Via Koduvalli, Kozhikode
(Kerala). Spl.Ref. Sāhitya.
Asoka Kumar. Acharya, M.A. in Skt.. b.
17.08.1953. Teacher, Govt. Uchatar
Madhyamika Vidyalaya, Delhi. Add. R -02,
160, D-3, Street No. 7, Mahaveer Enclave,
Palam-Dabari Road, New Delhi. Spl.Ref.
Samskrita Sāhitya.
Asokan, K. K. M.A., M.Sc., M.Ed. b. 01.02.1959,

Kizhampara, Kottayam, Kerala. Professor, Sri
Ramakrishna Skt. Vidyalaya, Arunapuram.
GP. V.N. Namputiri, Svami Svaprabhanandaji.
Add. Kunnel, Amparanirappel, Kottayam
(Kerala). Spl.Ref. Darśana.
Asri, Suraj Bhan. Shastri, M.A. (Sanskrit, Hindi,
Pol.Science), B.Ed. b. 12.12.1955. Principal,
Govt. Sr. Sec. School Khurana. Gp. Sh. Bal
Krishna Nand. Sp. Sh. Raj Bir. Add. 361 Model
Town Jind Road, Kaithal 136027, M.
09466421567 Spl.Ref. Urdu, Punjabi, English,
Sanskrit.
Asthana, Kiran. M.A., B.Ed., Ph.D.. b.
23.09.1944. Teacher (TGT) Sanskrit, Kendriya
Vidyalaya, Gole Market, New Delhi. Add. 291,
Prasad Nagar, New Delhi.
Asuru, Varadaraja. Nyāya-śiromaṇi, Rashtrabhasha Pravina. b. 09.11.1928. President,
Samskrta Bhasa Pracharini Sabha. Add.
President, Skt. Bhasha Pracharini Sabha,
Chittur (A.P.). Spl.Ref. Nyāya.
Asvattha Narayan Avadhani, Subrahmanyavadhani Matturu. Jyotiṣa, Śāṅkara-Vedānta.
b. 20.08.1951, Mattur, Shimoga, Karnataka.
Vedānta, Vyākaraṇa-Shikshaka. Patanjali
Mahapathashala. Gp Advaitanandendra
Saraswati, Subrah-manyaavadhani, Sachchidanand Saraswati, P. Subrahmanyabhatt. Add.
Mattur. Dist. Shimoga (KT). Spl.Ref.
Advaitavedānta, & Jyotiṣa.
Aswal, Roshani. M.A., NET, Ph.D. b. 05.08.1982.
Asstt. Prof. Govt. PG College, Uttarakhand.
Ps. 04. Add. Vill & P.O. Jai Harikhal, Distt.
Pauri Garhwal, Uttarakhand—246139, M.
09837891118.
Athavale, Kashinath Ramchandra. B. Com.,
M.A., (Darśana), B.Ed.. b. 30.08.1934,
Varanasi, (U.P.). Asst. Prof.. GP. Ramchandra
Bhatta Athavale, Baba Guru Patavardhan. Add.
Govt. Venkata Sanskrit Mahavidyalaya, Rewa
(M.P.). Spl.Ref. Ṛgveda, Atharva Veda,
Darśana.
Atmajyoti, M.G. Acharya, Shiksashastri. b.
03.05.1963. Teacher. Add. 509 A-3, R.K.

