
Theory”(Completed). UGC Major Project on
“Vutpattivāda : A Critical Study” (Completed).
Coordinator, Manuscript Resource Center,
Dept. of Sanskrit, Dr.H.S. Gaur V.V., Sagar.
Twenty episode have been prepared entitled
‘Nyāya Darśana Vyākhayānamālā’ in Sanskrit.
He was Awarded by ‘Vagarth–Samman’ 2007
by M.P. Sanskrit Board, Bhopal. Gold made
list, 1983, Pune Univ. He was Awarded by
Jagadguru Shankaracharya of Kanchipuram,1993. Developed a software jointly
with Dr. Pankaj Chaturvedi ‘ GAVEṢIKĀ-CS4’
the complete software solution for Sanskrit
studies on preparing dbase for Sanskrit study
and research. Many National Seminars
organized by Prof. Dash. Expired on
05.06.2009.
Dash, Damodar. Sahityopadhyay. b. 05.08.1900,
Vanaraghunatapur, Dunkapada, Ganjam,
Orissa. Asst. Prof. (Sahitya) Ramdin Skt.
College, Brahmapur, Ganjam, Orissa. Bks. 01.
Aṣ-ādaśa-Purāṇam. Expired. 10.10.1992.
Dash, Divakar. Achary in Vyākaraṇa, & Vedānta.
b. 03.10.1925, Gouradelpura Shasanam,
Kodala, Ganjam, Orissa. Asst. Prof. R.Sk.S.,
Puri Campus, Orissa. Bks. 04. Śuklayajurvedakāṇva Saṃhitā with sāyaṇabhāṣya
(ed.). Vāmadevasaṃhitā (ed.). Śrījagannātha
Rathotsavaḥ (ed.). Vāstusūtropaniṣad (ed.).
Expired on. 20.06.1986.
Dash, Godavarish. Acharya in Skt., Diploma
in Engineering. b. 1910, Podamari, Ganjam,
Orissa. Bks. 01. Līpītattva, 7 Commentaries
in Oriya of Vedas. Expired in. 2010. Spl.Ref.
Contribution to Promote Vedic Rituals.
Dash, Gopal Krishna. Yajurveda Mādhyandina
Saṃhitā, M.A., M.Phil., Ph.D. b. 24.11.1952.
Puri. Prof. Ex-HOD PG Deptt of Skt. Utkal
Univ. Gp. Pt. Ganeshwar Dass, Swami
Janardanand Saraswati, Prof. A.C. Swain, Prof.
K.C. Acharya, Sh. Sadanand Ramanuj Dass,
Dr. Sudeshwar Hota, Prof. Sadashiv Praharaj,
Sh. Harihar Satpati, Sh. Ramchandra Panda,
Sh. Jagarnath Rath, Pt. Kashinath Mishra,
Pt. Bhagavatra Prasad Tripathi, M.M. Pt.

53

Chandrashekhar Dass, Prof. H.P. Dwivedi,
Sh. Radhamohan Mahapatra, Dr. B.M.
Chaturvedi, Sh. Radharaman Dass, Ketaki
Nayak. Sp. Prof. Radhamadhav Dass, Prof.
Surendra Mohan Mishra, Prof. Sukhdev Bhoi,
Dr. Madhusudan Mishra, Dr. Niranjan Pati,
Sh. Tanmey Behra (IPS), Pramod Chandra
Bhera (OAS), Shakuntala Sahu (OFS), Dr.
Jagmohan Acharya, Dr. Bamdev Senapati,
Dr. Nirmal Chandra Panda etc. Bks. 27
Vyākaraṇa Darpaṇa, Saṃskṛta Prabhā,
Saṃskṛta Mandākinī, Nārada in Mythology,
Siddhānta Kaumaudī. Ps. 155. Add. PG Deptt
of Skt., Utkal Univ., Bhuwaneswar - 751004
Odisha. Spl.Ref. Yagurveda Madhayandin
Shakha, Awards Vidwat Samman 2002, Kavi
Shri Harsh Samman 2003, Saraswati Varad
Putra Samman 2004, Feciliation by Odisha
Skt. Academy 2001, Scholar of Excellence
Award 2006, First Prof. Krishan Chandra Arya
Samman 2006, President Odisha Skt. Academy
& Neelachal Tatva Sandhan Parishad, Puri,
Chairman Board of Writers etc., Mauritius,
2009.
Dash, Kadambini. M.A., M.Phil., Ph.D. b.
16.01.1958, Puri, Reader Shailbala Womens
College Katak. Gp. Pt. Dibakar Dass, Prof.
A.C. Swain, Prof. K.C. Acharya, Prof. A.C.
Sarangi, Dr. U.N. Dhal, Prof. P.R. Roy, Shri.
Sadanand Ramanuj Dass, Prof. R.N. Panda,
Shri. B. Kar, Prof. L.K. Satyapathi. Sp. Dr.
Bhagyalipi Mala(Curator odhisa State
Musuem), Dr. Surekha Dass, Dr. Manasvini
Sarangi, Anita Patri, Nandita Mishra, Rojalim
Mohanty (Odisi Dancer), Dr. Manan Sahu,
Rashmikar. Bks. 24 Raghuvaṃśam, Meghadūtam, Cārudattam, Siddhānta Kaumudī. Ps.
40. Add. Shailbala Womens College Katak,
Odhisha. Ph. 0674-2580862, M. 09861064212.
kadambinidash8@gmail.com Spl.Ref. Dr.
Kunjbihari Tripathi Smriti Samman, Linguistic
Samman at National Seminar, Katak, Member
Board of Writers, Master Trainner Orientation
Programme, Patron All Odisha Assoc. of
College teachers in Skt. etc.

