
Karṇaparva, Kṛṣṇajanma, Satīcarita Nā-akaṃ.
Expired on 12.01.1930. Spl.Ref. Contributed
to Sanskrit Literature and Oriya Literature,
Being an Archive Member of Utkal Sammelan.
Vidyabhushanam, Anantacharya. Shastri
Vidyabhushana. b. 1943, Chamoli, Garhwal,
U.P. Ps. 10. Add. Sri Sidha Narsingh Badri
Nath Mandir, Paltan Bazar, Almora (U.P.).
Spl.Ref. Vedānta.
Vidyalankar, Anita. Vidyalankara. b.
15.12.1928. Add. J-56, Saket, New Delhi –
110017. Spl.Ref. Darśana & Veda.
Vidyalankar, Bharat Bhusan. Acharya in Veda,
M.A., Ph.D.. b. 06.01.1943. Barelli, Uttar
Pradesh. Asst. Prof. in Veda. Gp. Dr. Nigama
Sharma. Bks. Ātharvaṇikārājanīti (in Hindi).
Add. Gurukul Kangari Univ., Haridwar. Spl.Ref.
Veda. Psychology.
Vidyalankar, Ganesh Prasad. Vyākaraṇa-tirtha.
b. 1966, Midnapur, W.B. Principal. Ps. 03.
Add. Sarvanga Chatuspathi, Midnapur (W.B).
Spl. Ref. Sāhitya, Vyākaraṇa.
Vidyalankar, Hajari Lal. Shastri, Vidyālaṅkāra,
Acharya in Sāhitya. b. 1915. Principal. Lajjaram
Skt. College Pandu, HR, Akhil Bhartiya Gaud
Brahman Skt. College, Rahatak. Bks. 05.
Śivapratāpavirudāvalī, Saṃskṛta Mahākavidivyopākhyānam, Indirā Vijaya Praśasti
Śatakam, MahārṣI Dayānanda Śatakam,
Śivaśatakam.
Vidyalankar, Jaidev. M.A., Ph.D. b. 17.01.1925,
Jodhpur, RJ. Asst. Prof. Gp. Vagishavar
Vidyalankara. Add. Maharishi Dayananda
University, Rohtak (HR). Spl.Ref. Sāhitya and
Veda.
Vidyalankar, Jaipal. M.A.. b. 13.03.1932. Asst.
Prof., Hansraj College, Delhi. Add. 3, Adhyapak
Niwas, Hansraj College, New Delhi – 110007.
Spl.Ref. Sāhitya and Veda.
Vidyalankar, Mahesh. Vidyalankar, Acharya,
Ph.D. b. 01.07.1949. Asst. Prof., Moti Lal Nehru
College, Moti Bag – II, New Delhi. Ps. 05.
Add. B-1, J-29, East Shalimar Bag, New Delhi–
110052.

349

Vidyalankar, Narayan Shastri Kankar. Acharya
(Vyakaran, Sāhitya, Sāṅkhyayoga), M.A., Ph.D.
b. 13.07.1930. Bks. 08. Racanābhyudayam,
Suvarṇana-kṣatramālikā,
Hārdikodgārapañcāśikā. Add. 60 Sumerukanamarg,
Ramganj, Dhanmandi, Jaipur – 03. Spl.Ref.
President Awardee.
Vidyalankar, Subhash. Vidyālaṅkāra, M.A.,
LLB, Dipl. in Advance Russian. b. 15.01.1929.
Moradabad. Ex-Vice-Chancellor Gurukul
Kangri V.V. Bks. 08. Ha-hayoga trayī,
Mahābhārata Sūktisudhā, Mahābhārata
Navanīta, Yogaśabdakoṣa, Kālidāsa Sūkti
Sudhā. Ps. 20. Add. D-6 Gulmoohar Park, New
Delhi-110049. Ph. 011-26516339, M.
09560209779. Spl. Ref. Visited USA, Brittan,
West Indies, New Zealand, China, Thiland,
Kambodia, Singapore, Philippines.
Vidyalankar, Sumedha. Vidhyālaṅkāra,
Acharya, M.A., Ph.D. b. 21.04.1931, Rangoon.
Asct.Prof., Lal Bahadur Shastri Kendriya
Sanksrit Vidhyapeeth. Bks. Mahābhārata meṃ
Śāntiparva kā Ālocanātmaka Adhyayana. Add.
B-22, Gulmohar Park, New Delhi. Spl.Ref.
Sāhitya-Vyākaraṇa, Dharma-śāstra.
Vidyalankar, Vijay Veer. M.A., Ph.D. b.
13.07.1944, Mumbai. Princ. Usmaniya Univ.,
Dean Oriental Faculty Usmaniya Univ.
Hyderabad. Bks. 12. Caturvedamanyānukrama
Vivaraṇikā, Yajurveda Kāvyāmṛta, Vedāmṛta,
Rasasiddhānta Vivecana, Vipañcikā. Add. Plot
No. 54, H.No. 1-5-1063/5 Balyya Nagar, Old
Alwal Sikandrabad A.P.
Vidyalankar, Vinay. Acharya in Vyākaraṇa,
M.A., NET, JRF, Ph.D. b. 05.05.1972. Asct.
Prof., Govt. PG College Nanital. Bks. 01. Ps.
10. Add. Deptt. of Skt., Govt. PG College,
Ramnagar, Nanital-244715. Ph. 05947271313, M. 09412042430. Spl. Ref. Rashtriya
Vidya Saraswati Award Uttarakhand Gaurav
Samman.
Vidyalankar, Vinay. Acharya in Vyākaraṇa,
Ph.D. b. 05.05.1972, Aligarh, U.P. Asct.Prof.
Govt.P.G.College Ramnagar, Distt. Nainital
U.K. Gp.. Arsh Pathvidhi Punarudharak,

