
Sāhitya. b. 01.09.1914, Kanchipuram. Add.
78-B, Salai Street, Kanchipuram T.N. Spl.Ref.
Nyāya, Sāhitya śāstra.
Venkatachalam, V. M.A., Shiromani, Dip. in
German. b. 07.07.1925. Kovilpatti, Tamilnadu.
V.C., Varanasi, Darbhanga V.V., LBS Skt.
Vidyapeetha. Bks. 05. Bhāṣā, Vividhavidyā
Vicāracatura, Kālidasa reflections, Bhoj and
Indian Learning, Viśva Dṛṣtiḥ. Add. 62,
Madhuban Apptt., Dauji Complex, Sigra,
Varanasi – 10. Spl. Ref. President Awardee,
Padamsri, An Eminent Scholar, Special
Research in Kalidas, Bhoj, Sankaracharya.
Venkataraman, B. V. Acharya (DvaitaVedānta,
Nyāya, Vyākaraṇa), Vidyavaridhi. b.
07.07.1980. Anantpur AP. Asstt. Prof., Deptt.
of Darśana, JRR Skt. Univ., Jaipur. Gp. Sri
K Satya Narayana Shastri, Shri K.E.
Devanathan, Shri D. Prahaladacharya, Sri Hari
Dass Bhatt. Bks. 01. Add. No. 20 Staff Quarter
JRR Skt. Univ., Jaipur-302026. Ph. 01413254576. M. 09928480622. Vyākaraṇaraman
@yahoo.com Spl. Ref. DvaitaVedānta, Nyāya,
Vyākaraṇa.
Venkataramanya, B. M.A., Vyākaraṇa Vidhya
Praveen. b. 22.03.1924, Bandalpalam, Nellore,
A.P. Asst.Prof. Gp.. Gajulpalli Hanumat Shastri.
Add. 4/309, Ashram Vithi, Prottatur, Cuddappa
A.P. Spl.Ref. Vyākaraṇa.
Venkatnathacharya, N. S. M.A. Vidvān. b.
23.03.1925, Vill Nuggehali, Hasan, Distt. KT.
Bks. 36. Kau-ilyārtha Śāstra, Kriyāsāra
(Vīraśaiva Darśana Viṣayaka). Add. No. 5,
Gangotri Lay Out, First Stage Saraswatipuram,
Mysore, KT. Spl.Ref. Kṛṣṇayajurveda, Navya
Nyāya, Vyākaraṇa, Sāhitya śāstra.
Venkatram, V. R. Shiromani, B.Ed. b.
08.02.1952, Mannargudi, Thanjavur, T.N.
Asst.Prof.,
Brahmavidya
Pathshala,
Vyasashram. Gp. Venkatraghvacharya, K.A.
Balsubrahamanya Shastri. Ps. 01. Add. 17,
Adhyapak Nivas, Yerpedu, Chittoor A.P.
Spl.Ref. Sāhitya śāstra.
Venkatraman, S. Sāhitya Shiromani. b.

347

15.11.1933, Vallavanur, South Arcot, TN.
Sanskrit Pandit. Add. French Institute,
Pondicherry. Spl.Ref. Sāhitya, Kṛṣṇayajurveda.
Venugopalacharya. M.A. b. 1904, Purisai, North
Arcot, T.N. Gp.. Purisai Raghavacharya, Purisai
Shrinivasacharya. Add. 6, Anaikatti Street,
Kanchipuram T.N. Spl.Ref. Kṛṣṇayajurveda.
Verma, A. R. Raja. b. 1863, Kerala. Asst. Prof.
of oriental Languages of Maharaja’s College.
Trivendrum. Bks. 12. Meghadūta (Tr.), Kumāra
sa‚bhavam (Bhāṣya), Malayālam Śākuntalam,
Mālavikāgnimitram (Bhāṣya). Cārudattam
(Bhāṣya). Modern Indian Literature on
Anthology. Expired in 1918. Spl.Ref. His
Important works are keralā Pāṇinīyam,
Bhāṣabhūṣaṇam, Bṛhat mañjarī and sāhitya
sāhayam. The last of which introduced English
– style punctuation to Malayalam.
Verma, Anandasimha. M.A., B.Ed. b.
26.03.1940. Bhashadhyapaka (Language
Teacher). Ps. 02. Add. 764, Timarpur, Delhi–
110007.
Verma, Aruna. M.A., Ph.D.. b. 22.02.1933.
Lecturer, Sanskrit Department, Delhi
University. Add. Miranda House, Delhi
University, Patel Chest Marg, Delhi – 110007.
Spl. Ref. Veda.
Verma, Damayanti. M.A., B.Ed., B.Lib.Sc. b.
10.10.1940. Teacher, Govt. Girls Senior
Secondary School No. 1, Janakpuri, New Delhi.
Ps. 02. Add. C 3A/21 A, Janakpuri, New Delhi–
110058.
Verma, Ganeshilal. Acharya in Vyākaraṇa. M.A.
b. 01.03.1950. Language Teacher, Govt. CoEducation. Madhyamika Vidyalaya, E-Block,
Nand Nagari, Delhi. Ps. 02. Add. D-2/14, Nand
Nagari, Delhi – 110093. Spl.Ref. Vyākaraṇa.
Verma, K. N. Acharya in Sāhitya. Teacher &
Physician. Ps. 02. Add. C- 945, Saraswati Vihar,
New Delhi- 110034. Spl.Ref. Sāhitya.
Verma, Laxman Singh. Acharya, Sāhityaratna,
M.A., L.T. b. 15.12.1929. Teacher, Diwanchand
Higher Secondary School, Lodhi Road, New
Delhi. Ps. 03. Add. F-60/C, M.I.G. Flats, G-

