264



Saṃskṛtagītāñjaliḥ. Add. 10. Kelabhag, Savitri
Sadan, Barelli – 03. U.P.
Sharma, Seeta Ram. Acharya (Sāhitya,
Vyākaraṇa),
Shiksha
Shastri,
M.A.
b.04.06.1964, Bandediya, Savai Madhopur
(RJ). Asst. Prof., Rajkiya Shri Dhuleshvar
Acharya Sanskrit Mahavidyalaya, Manoharpur,
Jaipur. Ps. 02. Add. Vaishnav Sadan, ‘Choru
Mod’ Pawer House Road, Chouth ka Barvada,
Tahsil – Chouth ka Barvada, Savai
Madhopuram (RJ).
Sharma, Seshachala. Alaṅkāraa Sastra,
Vyākaraṇa sastra & Prachina Nyāya Vidwan,
Kannad Pandit, Rastabhasha Visharad. b.
13.08.1930. Alalaghatta. Asst. Prof. Bks. 14.
Mūkapañcaśatīkāvyam, Sidhāntakalpa-vallī,
Garbhopaniṣat, Yajurveda-bhāṣyam. Ps. 04.
Add.Vedamatha, 779/855, 8th Cross, IInd Phase,
Giri Nagar, Bangalore – 560085. Spl.Ref. Title
of Kannad Pandit Hindi Visharad, President
Awardee – 2006.
Sharma, Sev Ram. Acharya in Sāhitya, M.A.
b. 11.07.1931. Saharanpur, U.P. HOD Sanskrit.
Gp. Sundar Lal Sharma, Brahmadev Sharma,
Dr. K.L. Sharma, Dr. Nirupan VidhyAlaṅkāra,
Dr. Dharmendra Nath Shastri. Ps. 03. Add.
B.S.M. P.G. College, Roorkee U.P. Spl.Ref.
Sāhitya.
Sharma, Shakti Kumar. M.A., Āyurveda Ratna,
Ph.D.. b. 06.06.1953, Sawai Madhopur. Asct.
Prof., Sāhitya Sansthanam (I.R.S.). Gp. Dr.
Shrikrishna Ojha, Dr. Shivsagar Tripathi, Dr.
Gangadhar Bhatt, Dr. Hariram Acharya. Sp.
Ansuiya Gil, Mahesh Ameta, Pankaj Marmat,
Teena Siyal, Anuradha Bhatnagar, Anil Tiwari,
Mamta Prajapati, Rajnish Sharma. Bks. 15.
Nārāyaṇa Vilāsa (Vol. – I), Bhāratīya Itihāsa
ke Jain Srota, Yuga Yugīna Cittauda, Saṃskṛta
Vyākaraṇa, Kāraka Darśanam. Ps. 05. Add.
4/122-123, Nidam, Rajasthan Avasana Mandal
Colony, Goverdhan Vilas, Udayapura (Raj.)–
313002. Ph. (0294) 2641083, 2421964,
9351687023. Spl. Ref. Maharishi Khadag Nath
Mishra Puruskar, Sanskrit Sevi Samman, 6 th
International Jain Sangoshthi Prashastipatra.

Sharma, Sharda. M.A. Ph.D. b. 07.05.1954.
Allahabad. R.A. Bks. 02. BṛhaspatI Sūktoṃ
kā Adhyayan, Vadic Rutuals & Karma-kāṇ©a.
Ps. 02. Add. J.P. 97, Maurya Enclave,
Pitampura, Delhi–110034.
Sharma, Shashidhar. Acharya (Vyākaraṇa,
Sāhitya, Purāṇa, Sāṅkya Yoga, Vedānta), M.A.
(Sanskrit, Hindi), D.Litt. b. 14.09.1932. Bks.
03. Bhuvaneśīstavaḥ, Vīrataraṅgiṇī, Mallimarandaḥ. Add. Sri Sāhitya Sudha Sadnam.
349 Milk Colony, Dhanas, Chandigarh– 14.
Spl.Ref. M.M. President Awardee.
Sharma, Shivani. M.A., M.Phill., Ph.D.. b.
02.02.1978. Principal, Shri Baba Hariduttgiri
Sanskrit Mahavidyalaya, Dashnami Akhada,
Sarhind, Punjab – 140406. Bks. 01. Kāvya
Mañjarī. Ps. 10. Add. Patralaya, dhadharatha–
Jind Hariyana – 126110. Ph. (01686) 251042.
Spl. Ref. Received “Vishvakavi Sansad” Upadhi.
Sharma, Shri Krishna. M.A., Acharya, M.Phil.,
Ph.D., C.C. French. b 20.11.1954. Deoban,
Kaithal, HR. Prof., Kurukshetra Univ.,
Kurukshetra, HR. Bks. 12. Ācārya Āpiśāli kī
Kṛtiyon kā Samīkṣātmaka Adhyayana, Akṣaratantram, Śāradāmaṇi-līlācaritam, Triveṇī,
Harivaṃśa-padānukramakośaḥ. Ps. 34. Add.
848-B, Professor Colony (west), Near Azad
Nagar, Kurukshetra-136119. HR.
Sharma, Shri Krishna. M.A., M.Phil., Ph.D.,
Acharya in Vyākaraṇa & Nyāya. b.06.05.1952.
Kishorpura (RJ). Prof. University, Jodhpur,
RJ. Bks. 11. Vṛtti- Mīmāṃsā. Ps. 120. Add.
V.C. Sector–2, Univ. Staff Colony, Jodhpur–
342011, RJ.
Sharma, Shri Ram. Sāhityaratna. b. 04.03.1957.
Principal. Gp. Dr. Ramchaitanya Shastri, Dr.
Dhanaraj Sharma. Ps. 03. Add. Shri Brahman
Sanskrit Mahavidyalaya, Ramraya, Jind (HR).
Spl.Ref. Sāhitya.
Sharma, Som Datt. Achrya in Vyākaraṇa &
Sāhitya. b.15.03.1923, Saharanpur, U.P. Rtd.
Asst.Prof. Gp. Purushottam Jha. Ps. 05. Add.
Shri Sanatan Sanskrit College, Saharanpur
U.P. Spl.Ref. Sāhitya.

