160



Tarukathā. Expired. Spl.Ref. President Awardee,
Honourary Vidyavachaspati Upadhi from
KSVV, Darbhanga.
Mishra, Ramdev. Acharya (Vyākaraṇa , Sāhitya),
Shiksashastri. b. 06.06.1931, Gorakhpur,
(U.P.). Principal. Ps. 03. Add. Shri Raghunath
Sanskrit Mahavidyalaya, Sita Road, Chandausi,
Moradabad (U.P.). Spl.Ref. Vyākaraṇa, Sāhitya.
Mishra, Ramesh Prasad. Acharya in Veda. b.
15.07.1945, Varanasi, (U.P.). Asst. Prof. in
Veda. Gp. Vindhyeshvariprasad Tripathi,
Bhagavanprasad Mishra. Add. Shri Mahanand
Giri Sanskrit Mahavidyalaya, Patambari Math,
Godaulia, Varanasi (U.P.). Spl.Ref. Veda.
Mishra, Rameshwar Prasad, Acharya, M.A.,
Ph.D. b. 25.12.1927, Mukhtyarganj, Satna.
M.P. Bks. Rāma Para Likhe Gaye Saṃskṛta
Rūpakoṃ kā Ālocanātmaka Adhyayana. Add.
Sarayu sadan, Mukhtyarganj, Satna M.P.
Spl.Ref. Sāhitya Śāstra.
Mishra, Ramgulam. M.A., Ph.D., Acharya in
Sāhitya. b. 03.06.1950, Vardaha, Mudhubani,
Bihar. Asct. Prof.. Sanskrit Deptt. Gp.
Vrajakishor Jha, Dr. Bechan Jha. Add. Patna
Univ. Patna– 800005 (Bihar). Spl.Ref. Sāhitya
& Jyotiṣa.
Mishra, Ramjeevan. Ph.D., D.Litt. b. 01.01.1966.
Madhubali. Asct. Prof. Deptt of Jyotiṣa SVDV
BHU. Gp. Pt. Brajkishore Jha, Prof.
Ramchandra Jha, Prof. Shivakant Jha. Bks.
11.
Manda-śīghraphal-sādhanasamīkṣā,
Jyotiṣa-svarasandohaḥ, Saralatrikoṇamitiḥ.
Ps. 87. Add. Deptt. of Jyotiṣa SVDV BHU
Varanasi - 221005 UP. M. 09935297127. Spl.
Ref. Triskandha in Jyotiṣa.
Mishra, Ramkailash. Acharya in Sāhitya. b.
01.01.1964, Kandhipur, Jhigure, (U.P.). Ps.
01. Add. Kandhipur, Jhigure, Kunda,
Pratapgarh (U.P.). Spl.Ref. Sāhitya.
Mishra, Ramkalyan. Acharya in Vyākaraṇa.
b. 01.01.1961, Kandhipur, Pratapgarh, (U.P.).
Ps. 01. Add. Kandhipur, Kunda, Pratapgarh
(U.P.). Spl.Ref. Vyākaraṇa.
Mishra, Ramkeshav. M.A., Acharya in

Vyākaraṇa. Sāhitya. Principal, Rashtriya
Sanskrit College, Bikaner. Asct. Prof., Jain
Vishvabharati. Bks. 03. Prau©hanibandhaSaurabham, Vāmana Vijayam, Kalikautukam.
Mishra, Ramkumar. Acharya in Sāhitya, M.A.
(Hindi, Sanskrit). b. 10.04.1926, Pihani, (U.P.).
Gp. Jayachandra Shastri, Haridatta Shastri.
Add. WZ-214/D, Virendra Nagar, Delhi –
110058. Spl.Ref. Sāhitya.
Mishra, Ramnaryan. Acharya (Navya
Vyākaraṇa, Sāhitya), Ph.D. b. 23.12.1940.
Gorakhpur, U.P. Reader, Kendriya Sanskrit
Vidyapeth, Prayag. Bks. 03. Sārasvatamupāyanam,
Bhāratīmaṅgalā-yatanam,
Saṃskṛtavarṣābhiyānam.
Add.
9/90
Gayatripuram, Ramgulam Tola, Devariya U.P.
Spl.Ref. Honour from Delhi Sanskrit Academy,
Raj. Skt. Academy & Sanskrit Sansthan,
Lucknow.
Mishra, Ramnath. Bks. 05. Ātmavikraya,
Samādhāna, Prāyaścita Karmaphala, Cāṇakya
Vijaya, Śrī Rāma Vijaya.
Mishra, Ramprakash. Acharya in Sāhitya.
b.15.01. 1954, Kandhipur, Pratapgarh, U.P.,
Principal, Vinda Prasad Sanskrit Vidhyalaya.
Ps. 02. Add. Kandhipur, Jhingur, Kunda,
Pratapgarh (U.P.) Spl.Ref. Sāhitya Śāstra.
Mishra, Rampyare, M.A. b. 02.11.1952, Teacher,
Govt. Higher Secondary School, Delhi. Ps.
01. Add. E-453, Hardevpuri, Loni Road,
Shahdara, Delhi. Spl.Ref. Sāhitya.
Mishra, Rampyare, M.A., Ph.D. Acharya in
Vyākaraṇa, b. 26.11.1925, Banauli, Mirzapur,
(U.P.), Rtd. Asst. Prof. Gp Kaliprasad Mishra,
Rajnarayan Pandey. Ps. 03. Add. P.D.N.D.
College, Chunar, Mirzapur (U.P.) Spl.Ref.
Vyākaraṇa Śāstra.
Mishra, Ramroop, Acharya, Ph.D. b. 15.03.1940,
Sithauli. Principal. Ps. 10. Add. Shri Mumbadevi
Adarsh Sanskrit Vidyapith, Bharatiya Vidya
Bhavan, Bombay-7 MH. Spl.Ref. Vyākaraṇa
& Darśana Śāstra.
Mishra, Ramshakal. M.A. b. 01.09.1951, Bhassi,
Dandi, Gorakhpur, U.P. HOD. Ps. 03. Add.

