
pur, Adilabad, A.P. Asst. Prof. Gp. Sitarama
Shastri, Anantaram Shastri. Ps. 05. Add.
Government Girls Post Graduate College, Ujjain
(M.P.). Spl.Ref. Vyākaraṇa, Kāvya, Purāṇa.
Tailanga, Ramshastri. Acharya (Sāhitya).
b.1870, Varanasi . Asst. Prof., Varanasi Raj
Sanskrit Mahavidhyalaya, Varanasi. Gp.
Nrisimha Shastri, Pt. Yogeshwar Ojha. Sp.
Pt. Narayan Shastri Khiste. Bks. 06.
Laxmīsahastra, Śadṛtuvilāsa Śivasvāghatī,
Śrīgītiratna, Vijayṅagara Granthamālā. Ps.
07. Expired in 1925. Spl.Ref. Kṛṣṇa-yajurved,
Vyākaraṇa, Mahabhashya, DharmŚāstra,
Mimansa, Vedānta, English Litt. M.M.
Awardee. Sāhitya Sudhakar Awardee.
Tailar, Jitendra Kumar Ishwar Bhai. Ph.D.
b.03.01.1967. Prof. Shri M.C. Rathva Arts
College, Pavi Jetpur. Varodara Ps. 03. Add.
B-13 Soni Colony Pavi Jaitpur, Varodara.
Talavara, T. M.A. (Skt & Hindi). b.28.08.1935,
Teacher (PGT), Govt. Girls Senior Secondary
School No. 1, Kalkaji, New Delhi. Ps. 03. Add.1/
129, Sector – I, Sadik Nagar, New Delhi.
Talluraya,
Ananta.
Sāhityaśiromaṇi.
b.19.06.1936. Subrahmanya, Sulya Taluk, KT.
Manager. Gp. M. Raja Gopalacarya, K.
Haridasopadhyaya. Ps. 03 Add. Subrahmanya
Devasthan, Subrahmanya–574238, (KT).
Spl.Ref. Sāhitya.
Talur Vaddar, Madhavachan. M.A., b.
25.05.1977, Dronachellom, Kurnool (A.P.).
Jr. Linguist, Sanskrit Academy, Osmania Univ.,
Hyderabad. Gp. Maludi Vidya Sanhacher, Shri
Satyatava Tirtha. Sp. Vedavyasa, Vagocsha,
Purushottam, Nakul. Bks.05. Dharama Kośa,
Īśā- vasyopaniṣad-Bhaṣya, KathopaniṣadBhaṣya, Nirmayaratna, Mahābhārata Tātparya
Nirṇaya. Add. Sanskrit Academy, Osmania
Univ. Taraka, Hyd. (A.P.). madhavachar.
tv9@gmai.com.
Tandel, Kantilal R. Ph.D. b.22.12.1968. Prof.,
Shri M.P. Shah Arts & Science College,
Surendra Nagar. Ps. 03. Add. Rajiv Society,
Near Nari Kendra, Alkapuri, Surendra Nagar.
Spl.Ref. Vedānta Śāstra.

309

Tandon, Gopinath. HOD, Sanskrit, Ranvir
Rananjaya P.G. college, Amethi, U.P. Bks.
01. Gajendramokṣam (KhandKāvya).
Taneja , Subhash, VedAlaṅkāra. M.A., Ph.D.,
VedAlaṅkāra. b.13.04.1942, Jaipur. Prof. &
HOD, Univ. of Rajasthan, Jaipur. Bks. 70.
Svapnasundarī,
Dakṣiṇāvartavilāsam,
Rājasthānavilāsaḥ, Manīśakāvyam, Saṃskṛtanibandha-Pārijāta. Ps. 150. Spl.Ref. Organized
55 Sanskrit Sambhashan Camps for Sanskrit
spoken & 22 national and state level seminars.
Awarded ‘Ambikadatt Vyas’ Puruskar by
Rajasthan Sanskrit Academy, Jaipur.
Taneja, Kausala. M.A. b. 25.12.1948, Hindi
Translator. Ps. 03. Add.2/399, Subhash
Nagar,New Delhi–110057. Spl.Ref. Sāhitya.
Taneja, Pushplata. M.A. (Sanskrit), M.Lib.
Science, Cert. in German. b.19.04.1947. Asstt.
Director, Central Hindi Directorate, Ministry
of H.R.D., New Delhi. Ps. 03. Add. A-603,
Curzon Road Hostel, Kasturba Gandhi Marg,
New Delhi–110001.
Taneja, Usha. M.A., B.Ed. b.28.08.1951.
Teacher, Govt. Girls Senior Secondary School,
Khyala. Ps. 03. Add. D–237, West Patel Nagar,
New Delhi–110008. Spl.Ref. Sāhitya.
Taneja, Vimla. M.A., B.Ed. Teacher, Govt. Higher
Secondary School, Adarsh Nagar, Delhi. Ps.
03. Add. 812, Dr. Mukherji Nagar, Delhi.
Spl.Ref. Sāhitya.
Tankamoni, P. K. M.A. (Skt - Nyāya). Asst.
Prof., Sanskrit Department, Kerala University.
Add. Kerala University, Karyavattam,
Tiruvanantapuram–695581 (Kerala). Spl.Ref.
Veda, Darśana, Dharma Śāstra.
Tankamoni, Pisharatta. B.A.(Skt.), B.Ed.
b.02.06.1950, Perumpilli, Ernakulam, Kerala.
Teacher. Gp. T.K. Ramachandra Ayyar. Ps.
03. Add. Govt. Hr .Sec. School, Kottayi,
Palakkad (Kerala). Spl.Ref. Sāhitya.
Tanna, Alka Chunnilal. Ph.D. b.25.11.1947.
Ps. 03. Add. S.3-58 Ekta Appartment, Ambrai
wadi, Ahemdabad. Spl.Ref. Vyākaraṇa.

