40



Chandrashekhar. Vidvān in Sāhitya &
Tarkaśāstra. b. Jyotipur, Chitradurga, KT. Rtd.
Teacher, Add. Jyotipur, Jagalur, Chitradurga,
KT. Spl.Ref. Sāhitya & Veda.
Chandrashekharan, K. M.A. (Sāhitya ). b.
24.04.1918, Edanadu, Kollam, Kerala. Rtd.
Principal. Gp. V.R. Kesavan. Add. Arinada,
P.O.- Karmkod, Dist. -Kollam, Kerala. Spl.Ref.
Sāhitya.
Chandrashekharan, M. Sāhitya śiromaṇi,
Shiksashastri. b. 26.10.1950, Pennam, TN.
Gp. M.S. Subrahmanya Sharma, Dr. Shridhara
Vashishtha. Add. No. 20. Tamilrasu Street,
Kondalampatti, Salem, Tamilnadu – 636010.
Spl.Ref. Sāhitya, Veda.
Chandrashekharayya, Ramanathan. M.A.,
Rashtrabhashavisharad. b. 04.01.1935,
Mysore, KT. Principal, A.P.S. College of
Science, Bangalore. Gp. N. Shivaram Shastri,
P.S. Gopalan, G. Sitaramayya. Add. No. 1861,
32nd, A-Cross, Vanshankari II Stage, Bangalore,
KT – 560070. Spl.Ref. AdvaitaVedānta,
Alaṅkāra.
Chandrika, B. M.A., M.Phil., Ph.D. b.
15.11.1960. Kollam, Kerala. Bks. 02.
Vedāntasāra (Malayālam Translation),
Ātmabodhā Prakāśikā, (Commentary Critical
Edition). Ps. 12. Add. Shivadeepthi, Via –
Kulathungamali, Okkal, Kerala – 683550. Ph.
0484 – 2463380. Spl.Ref. AdvaitaVedānta.
Chandrudu, Pullel Sriram. Vedānta Śiromaṇi,
M.A. (Skt., English, Hindi), Ph.D. b. 1927.
Parivritakonapsima. A.P.. Rtd. Prof. & HOD,
Usmania V.V. and Director, Skt. Academy.
Bks. 04. Susaṅghabhāratam, Pratipadārthatātpryādirūpayā Sākam Śrī Madrāmāyaṇam
(10 Vol.) Add. Nandanam, 7-1-32/4 P2, Leela
Nagar, Begumpeth, Hyderabad – 16. Spl. Ref.
President Awardee, Visah Bharti Puraskar,
Vyākaraṇa, Vedānta Alaṅkāra Śāstra.
Channapa, Yersime. Vidvān, Shiksashastri. b.
03.09.1929, Harvigram, KT. Rtd. Skt. Teacher.
Gp. Shrinivasacharya, Setumadhavacharya.
Add. No. 597, 2nd Cross, 7 Main, Vijayanagar

Extn., Bangalore, Karnataka. Spl. Ref.
śaivāgama.
Chatarji, Pritikana (Chattopadhyaya). M.A..
b. 18.03.1953. Teacher (Language), Union
Academy Senior Secondary School, Raja Bazar,
New Delhi. Add. 4-62, Padam singh Road,
Karol Bagh, New Delhi – 110005. Spl.Ref.
Sāhitya.
Chatterjee, Goutam. M.A., Ph.D. b. 18.08.1963,
N-11/38 B, Ranipur Mahmurganj, Varanasi.
President, Abhinavapupta Academy Varanasi,
Asct. Prof. Deptt. of Journalism & Mass
Communication, Banaras Hindu Univ. Gp. Pt.
Ishvar Chandra Vidhyasagar, Pt. Suniti Kumar
Chaturjya, Jiddu Krishnamurti, Acharya Hajari
Prasad Dwivedi, Thakur Jaidev Singh & Pt.
Vraj Vallabh Dwivedi. Bks. 04. Taṅtraloka
by Ācārya Abhinavgupta, Jñānagaṅgā by P.T.
Gopīnath Kavirāja, Saṅgīta Ratnākara by
śāraṅgadeva, Saṅgāta Vimarśa. Spl.Ref.
Disvovered the time and place of Bharatmuni,
Derived thirty six acting methods from Natya
Shastra of modern global relevance. Developed
drama semiotics i.e. Bhavlipi, Singn of
emotions for dance, drama and music on the
very basis of Nā-ya Śāstra. Identified Pathbheda
from all authentic texts of Nā-yaśāstra to
prepare the correct text, Prodounded Kāśī
śaiva Darśana, Translated Prapañca Sāra
Tantra by Shasnkaracharya and Guhya Samāja
Tantra (A Buddhist text) from Skt. In to English
for the first time, Made films on the very
basis of Kashi Shaivism.
Chatterjee, Indira. M.A., M.Phil., Ph.D. b.
26.09.1963. Hawrah. Asct. Prof. Ravindra
Bharti Univ. Bks. 01. Add. Deptt. of Skt.
Ravindra Bharti Univ. Kolkata 700050. M.
9433171923. chatterjeeindira@yahoo.in
Chatterjee, Kshitish Chandra. M.A., D.Litt.
b. 26.10.1890, Shibpur, Howrah, West Bengal.
Prof., Univ. Of Calcutta. Bks. Technical terms
and Technique of Sanskrit Grammar Part-I,
Greek Proverbs for Indian Students(ed),
Upasargas, Sankrit commentaries of the
ushasukta, devisukta, bhadriya sukta. Expired

