254



Sharma, Laxmi Chandra. M.A., Ph.D.
b.07.12.1947, Khurja, Bulandshahar, U.P. Asst.
Prof. Gp. Parmanand, Kubair Dutt,
Brahmanand Shukla. Ps. 03. Add. 1262-A,
Sangtarashan Muhalla, Paharganj, New Delhi.
Spl.Ref. Sāhitya, Sāṅkya & Yoga.
Sharma, Laxmi Kant. āyurvedaśiromaṇi,
Vaidyavisharad. b.23.06.1918, Thanjavur, T.N.
Gp. Ramchandracharya, Narayan Shastri. Add.
D-76, III Singara Colony, Kumbakonam612001 T.N. Spl.Ref. āyurveda.
Sharma, Laxmi Kant. M.A., Ph.D. b.12.06.1940,
Raipur, (C.G.) Prof. Ps. 05. Add. Shri Durga
mahavidhalaya, Raipur, (C.G.) Spl.Ref. Sāhitya.
Sharma, Laxmi Narayan. Acharya. b.
05.07.1941. Add. Shri Dharma Sangh
Mahividhyalaya, Delhi. Spl.Ref. Veda.
Sharma, Laxmi Narsingh. Vyākaraṇa,
Vidhyapravin,
Sāhitya
Vidhyapravin.
b.01.04.1921, Guntur, A.P. Asst.Prof. Ps. 02.
Add. Sopan Paints, Begumpet, Hyderabad500016. Spl.Ref. Vyākaraṇa & Sāhitya.
Sharma, Lekh Ram. Darśanaacharya.
b.19.02.1950, Ghala, Solan, H.P. Asst. Prof.
Gp. Keshav Sharma, Pitambardutt Sharma.
Ps. 02. Add. Govt. Sanskrit College, Solan173212. H.P. Spl.Ref. Darśana.
Sharma, Madan Mohan. M.A., LLB, Shastri
Prabhakar. b. 24.09.1924. Jaipur. Rtd. Asct.
Prof. RJ, Univ. Guest Faculty Teacher Maharani
College, Jaipur. Bks. 08. Ps. 50. Add. 1/54,
S.F.S. Agrawal Farm, Mansarover, Jaipur –
20. RJ. Spl.Ref. Śāstra Chudamani, R.Sk.S.,
President Awardee.
Sharma, Madan. Kāvyateerth, Sāhityaratna,
Shastri. b.1926. Sikar (RJ). Asst. Prof., Shri
L.B.S.R.S.V., Delhi. Bks. 36. Uttaranaiṣadhamahākāvyam, Sudāmnaś-caritam, Dūtamādhavam, Śrīrāmabhakti-kallolinī, Sūktiśatakam, Expired on 12.07.1970. Spl.Ref. Famous
Singar of Sanskrit Songs & Poems.
Sharma, Mahaveer Prasad. LT. Acharya, M.A.
(Skt. Hindi), b. 21.09.1945. Jinda Haryana.
Teacher, Govt. School Haryana. Bks. 09.

Hariyānāgauravam,
Saṃskṛtagītāñjaliḥ,
Vairāvīracaritam, Ātmnepadam, Vijayapatram
(Transl. of Japharanāmā). Add. 317, Sector
7, Arban State, Karnal, Haryana. Spl.Ref.
Maharishi Ved Vyas Samman Skt. Poet.
Sharma, Mahendra Kumar. M.A. (Sanskrit,
Hindi, English). b.11.12.1927. Teacher, Jain
Sanskrit Girls Senior Secondary School, Kucha
Seth, Delhi. Ps. 03. Add. 129, Arya Nagar,
Ghaziabad (U.P.). Spl.Ref. Sāhitya.
Sharma, Mahesh Dutt. M.A., Acharya in
Vyākaraṇa, Sāhitya, Ph.D. Asct. Prof. N.M.S.N.
Dass Snatkottar Mahavidyalaya, Badaun (U.P.).
Bks.01 The Kāśikāvṛtti and The Vaiyākaraṇasiddhāntakaumudī : A Comparative Study.
Ps. 20. Spl.Ref. Vyākaraṇa & Sāhitya.
Sharma, Mahesh Prakash. Acharya in
Vyākaraṇa. b.05.10.1960. Trained Teacher.
Ps. 03. Add. Shri Mahavir Vishvavidyapitham,
Paschim Vihar, New Delhi.
Sharma, Mahesh. Acharya, Ph.D.. b. 13.10.1983,
Jaipur. Asst. Prof., Prachya Vidyapeeth,
Shahpura Bagh, Jaipur. Gp. Prof. Jaikant
Sharma, Kalanath Shastri. Bks. 06. Pañcagaṅgā,
Kūbā Carita, Stuti, Maṇimālā, Rāmānanda
Saurabha. Ps. 03. Add. 36 – B, Saraswati Nagar,
Sushilpura, Sodala, Jaipur. Ph. 2221354,
9214316999. Spl. Ref. Darśana Puraskar,
Sanskrit Puraskar.
Sharma, Mahidhar Dauthiyal.
M.A.
b.08.02.1942, Kujani, Garhwal. Principal. Ps.
03. Add. Paviraniwas, Shastri Market, Rajpura
Ward, Baran (RJ). Spl.Ref. Sāhitya.
Sharma, Mani Prasad. Acharya in Vyākaraṇa
& Sāhitya, M.A. b.04.12.1948. Mani, Rupan,
Nepal. Gp. Ghananand ji, Mahanand ji,
Kalikaprasad Shukla. Ps. 03. Add. Akhand
Vedānta Sanskrit Mahavidyalaya, Rishikesh.
Spl.Ref. Vyākaraṇa & Sāhitya.
Sharma, Mani. M.A., M.Phil, Ph.D.
b.26.11.1971, Mojikuchi, Sonitpur, Assam.
Asst.Prof. & HOD, Nalbari College, Nalbari
Assam. Bks. 01. Nivandhe Nicaya.
Sharma, Manju Lata. M.A. b.28.04.1949.

