

Pandurangi, N. K. Vidvān (Nyāya & Dvaita
Vedānta), M.A. (Sāhitya), Ph.D. b. 04.07.1973.
Asct. Prof., Jagadguru Ramanandacharya Raj.
Skt. Univ. Gp. Manikya Shastri, Martanda
Dixit. Bks. 08. Tātparyacandrikā, Nyāyasudhā,
Tarkanavanītam, Śaktivāda. Ps. 20. Add. Staff
Quarter No. 12, JR. Raj Skt. Univ., Jaipur302026. Ph. 0141-3293861. M. 09928332834.
veerankp@gmail.com Spl. Ref. Darśana.
Pandya,
Bhagwat
Prasad
Pannalal.
śuddhādvaitaviṣārada. Sāṅkyayoga-Vedāntaśāstri. M.A. b. 14.01.1945, Baroda, GJ. Ps.
05. Add. L-10/115, Shivashakti, Vijay Nagar,
Harnibade, Baroda (GJ). Spl.Ref. Sāhitya.
Vedānta & Sāṅkyayoga.
Pandya, Bhagwati Prasad. Acharya in
Vyākaraṇa, Tīrtha (Kāvya, Purāṇa), M.A., Ph.D.
b.09.11.1926, Sanvarkantha, GJ. Gp. Simapati
Sarmopadhyaya. Ps. 05. Add. 1/A, Gopal Kunj
Society, Rambagh, Mani Nagar, Ahmedabad
(GJ). Spl.Ref. Vyākaraṇa.
Pandya, Ganpati Shankar Karuna Shankar.
Ph.D. b. 10.12.1937. Prof. N.S. Arts College
Distt. Aanand. Ps. 05. Add. 11-jalaram Park,
Indira Gandhi Road, Aanand. Spl.Ref. Purāṇa.
Pandya, Har narayan Bhai Uma Shankar.
Ph.D. b. 06.06.1935. Prof. Music Arts College,
Kalol Distt. Gandhi Nagar. Ps. 04. Add. 15
Aamra Kunj Society. Near College Kalol,
Gandhi Nagar. Spl.Ref. Alaṅkāra Śāstra.
Pandya, Hetal ben Mahesh Bhai. Ph.D. b.
18.05.1970. HOD, Bhasha Sāhitya Bhawan,
Gujarat University, Navrangpura, Ahemdabad.
Ps. 03. Add. 205, Panchtirtha Tower Jodhpur
Road, Ahemdabad. Spl.Ref. Vyākaraṇa Śāstra.
Pandya, Jagriti Ben K. Ph.D. b.16.06.1965.
Prof. Sanskrit Deptt. Ps. 05. Add. Bahabuddin
Vinyan College Road, Junagarh. Spl.Ref.
Vedānta Śāstra.
Pandya, Jagriti Sundar Lal. Ph.D. b. 08.04.1953.
Prof. Hari Vallabh Das Kali Das Arts College,
Ashram Road, Ahemdabad. Ps. 05. Add. 1Yogita Appartment, Vasant Kunj, New Sharda
Mandir Road, Paldi, Ahemdabad. Spl.Ref.
Alaṅkāra Śāstra.

203

Pandya, Jatin Premesh. Ph.D. b. 03.11.1938.
Prof. Shri M.R.D. Arts & Shri E.E.L.K.
Commerce College, Chikhli, Navsari. Ps. 05.
Add. 10/709, Awadia Chakhla, Khambasi Road,
Surat. Spl.Ref. Dharma Śāstra.
Pandya, Kishore Chandra Ishwaralal. Acharya
in Sāhitya, B.Ed. b. 03.03.1952, Jam Nagar,
GJ. Principal, Veda Bhavana Vidyalaya. Gp.
Narayan Shastri, Dr. Manoharlal Dwivedi.
Ps. 01. Add. Dwaraka (GJ). Spl.Ref. Sāhitya.
Pandya, Mukesh Kumar Rajnikant. Ph.D. b.
06.01.1961. Prof. Arts Science & Commerce
College, Pilwaye Beejapur, Mehsana. Ps. 05.
Add. 1, Bhoomi Banglow Shyam Sadan, Mukti
Garden, Mani Nagar, Ahemdabad. Spl.Ref.
Alaṅkāra Śāstra.
Pandya, Pravinchandra Dayashankar. Shastri,
B.Ed. b. 19.12.1962, Jam Nagar, GJ. Teacher.
Gp. Shrikrishan Kashinath Godse. Ps. 01. Add.
Shri Bavadeshwar Sanskrit Mahavidyalaya,
Bavada, Porbandar, (GJ). Spl.Ref. Sāhitya.
Pandya, Rajendra Bhai Jayshankar Bhai.
Śuklayajurveda, Karmakanda b. 13.11.1963.
Jamnagar. Hindu Priest and Sanskrit Prof.,
Bhagwat Vidyapeeth, Ahmedabad. Gp. Sri
Krishan Kashinath Godse. Bks. 01. Ps. 100.
Add. Sri Vartantu Sanskrit Mahavidyalaya,
Bhagwat Vidyapeeth Sola, Ahmedabad380061. Ph. 074-2765831. M. 09427061677.
pandya_rajendrashastri@yahoo.co.in Spl. Ref.
Śuklayajurveda. Visited Canada, USA Shikago
etc.
Pandya, Sanjay kumar Navneet Rai. Ph.D.
b.28.05.1970. Prof. Sharda Gram Arts &
Commerce College Mangrola Distt. Junagarh.
Ps. 04. Add. 25/A, Varahi Society Ghoga,
Jakatnaka, Bhav Nagar. Spl.Ref. Vedānta
Śāstra.
Pandya, Shantikumar Manilal. Ph.D. b.
05.09.1941. Prof. Saint Jaivior College,
Navrangpura, Ahemdabad. Ps. 05. Add. 18,
Abhigam Society Narayan Nagar Road, Paldi,
Ahemdabad. Spl.Ref. Alaṅkāra Śāstra.
Pandya, Shrikant. Acharya, Vyākaraṇa, Vedānta,

