
Darbhanga, Bihar. Bks. 02. Ajantaliṅgatrayasya
Tattvabodhinī Laghuśabdenduśekharayoḥ
Tulanātmakamadh-yayanam. Ps. 02. Add.
R.Sk.S. Jaipur Campus, Triveni Nagar, Jaipur.
Mishra, Shyam Dev. Acharya Siddhant & Falit
Jyotiṣa, Ph.D. b. 01.03.1979. Bikaner. Asstt.
Prof. RSKS Lucknow. Gp. Prof. Radhakant
Thakur, Dr. Sripad Bhatt. Ps. 45. Add. 2/239
Viramkhand 2 Gomti Nagar Lucknow - 226010.
Ph. 0522-2394750.
Mishra, Shyamapad. Tīrtha in Nyāya & Tarka
Śāstra. b. 24.11.1945, Egra, Midnapur, W.B.
Asst. Prof., Univ. of Calcutta. Bks. 02.
Nyāyakusumāñjali (ed.), Padārthadharmasaṅgraha. Ps. 07. Add. AF. 176, Ravindrapalli,
P.O. Prafullakanan, W.B. - 700101. Ph. 0335713326.
Mishra, Sudha. M.A., Ph.D. b. 25.02.1958.
Patna. Reader Deptt of Skt. Patna Univ. Bks.
01. Add. PG Deptt of Skt. Patna Univ. Patna.
M. 09973584567.
Mishra, Sudhakar. Ach. b. 11.11.1964. Prof.
Sampoornanand Skt. Univ. Varanasi. Gp. Shri
Devswaroop Mishra, Parasnath Dwivedi. Sp.
Shri Krishna Pandey, Dr. Madhulika Debe.
Bks. 01. Ps. 12. Add. Vill. Bulapur Patralaya,
Gangapur, Janpad Valiya, U.P. Spl.Ref.
Crodimath Puruskar, Nepal Yatra.
Mishra, Sudhakar. Acharya, B.Ed, NET, Ph.D.
b. 08.06.1982. Sultanpur U.P. Lect. in
Vyākaraṇa Sri Sitaram Vedic Adarsh Skt.
Mahavidyalaya. Gp. Prof. Ram Yatan Shukla,
Prof. Rammanohar Mishra, Prof. Abhiraj
Rajendra Mishra, Prof. Shivji Upadhayaya.
Bks. 01 Samāsasamīkṣaṇam. Ps. 09. Add.
Sitaram Vedic Adarsh Skt. Mahavidyalaya 7/
2A PWD Road Kolkatta - 700035. Ph.
03325777250. M. 09903562853. sudhakarmishra.vyākaraṇa@gmail.com . Spl. Ref.
Vyakrana, Bangladesh, Nepal.
Mishra, Sudhir Kumar. Ph.D. b. 07.04.1978.
Computational Linguistic AAI Group, C-DAC.
Bks. 01. Saṅgaṇaka Janita Saṃskṛta Vyāvahārika Dhāturūpāvalī. Ps. 14. Add. AAI Group,

163

C-DAC NSGIT Park Aundh Pune. sudhirkumarmishra@gmail.com
Mishra, Sulachana. M.A., M.Phil., Ph.D. B.Ed.
b. 21.02.0171, Madhubani, Bihar. Teacher,
Gp. Prof. R. Sharma. Bks. 01. Utpaladeva kī
Siddhitrayī. Ps. 07. Add. B-1082(old no. B295), New Ashok Nagar, Mayur Vihar Ext.I, New Delhi – 110 096. Spl.Ref. Sanskrit Critics.
e: drsulachana.mishra@gmail.com
Mishra, Surendrapratap Narayan. M.A., Ph.D.,
Acharya in Sāhitya. b. 17.05.1956, Nagria
Jalalabad, Faizabad, U.P. HOD Sahitya. Bks.
Vāsudevakṛta-Yudhiṣ-hira-Vijaya-mahākāvyasya Samīkṣātmakā-dhyayanam. Add. Shri
Hanumat Sanskrit P.G. College, Hanuman
Garhi Nirvani Akhara, Ayodhya, Faizabad,
U.P. Spl.Ref. Sāhitya Śāstra.
Mishra, Suresh Chandra. Acharya in Sāhitya,
M.A., Ph.D. b. 25.05.1955, Sarurpurkalan,
Meerut, U.P. Asst. Prof. Gp. Dr. Harshnath
Mishra. Bks. Phalitajyotiṣa Bhāvamañjarī,
āyurnirṇaya, Hastasañjīvanam, Jātakatattvam.
Add. 47/R, C.P.W.D. Flats, Saket, New Delhi.
Spl.Ref. Sāhitya & Jyotiṣa.
Mishra, Surya Prasad. Acharya in Sāhitya,
Sāhityaratna, Ph.D. b. 25.12.1940, Khajurhata,
U.P. Gp. Ramvilas Shukla, Ramkuber Malviya.
Bks. Paramānanda Saurabham. Add. H.No.29,
Bahara, Saudagar, West Hardoi U.P. Spl.Ref.
Sāhitya.
Mishra, Taranath Mohale. b. 1922, Kashi,
(U.P.). Gp. Martand Shastri. Rtd. Teacher.
Add. C.K. 8/95, Garhwali Tola, Chowk,
Varanasi (U.P.). Spl.Ref. śuklayajurveda
Mādhyandinaśākhā. Recipient of U.P.
Samskrita Akademi Award.
Mishra, Thakkan. Acharya in Vyākaraṇa,
Sāhityaratna, Ph.D. b. 01.11.1929, Vairdih,
Darbhanga, Bihar. Gp. Pt. Jnaniram Shastri.
Ps. 04. Add. Gurumukh Bhavan, Shravana
Nath Nagar, Haridwar, Uttarakhand. Spl.Ref.
Vyākaraṇa.
Mishra, Trilochan Sharma. Acharya in Sāhitya,
Purāṇa, Sāṅkyayoga. b. 03.08.1935, Brahmpur,

