338



Upadhyay, Prabodh Chandra Mani Shankar.
Ph.D. b. 22.11.1939. Prof. Navjeewan Arts
& Commerce College Jhalod Road, Dahod.
Ps. 02. Add. 3, Panini Neelam Society Near
Darpan Talkies Dahod. Spl.Ref. Vyākaraṇa
Śāstra.
Upadhyay, Prayag Raj. Acharya in Sāhitya,
Shiksashastri. b. 21.12.1953, Bhumavari,
Pithauragarh, (U.P.) Teacher. Gp. Pt. Ramadev
Mishra, Pt. Rameshchandra Sharma, Dr.
Vrajvasilal, Ps. 01. Add. Shri Raghunath
Brahmacharyashram
Adrash
Sanskrit
Mahavidyalaya, Chandausi – 202412 (U.P.).
Spl.Ref. Sāhitya.
Upadhyay, Puran Chandra. M.A., Ph.D. b.
25.10.1967. Bhadrak, Orissa. Asct. Prof. &
HOD, Deptt. of Sanskrit, Govt. P.G. College
Bhawani Mandi, RJ. Gp. Prof. R.V. Tripathi,
Prof. A. Dash. Bks. 05. Cakrapāṇi Vijayam
Mahākāvyam (Ed.), Śrī Kṛṣṇalīlāmṛtacaritam.
Ps. 35. Add. Govt. P.G. College Bhawani Mandi,
Jhalawara, RJ. Spl.Ref. Sāhitya, Kāvyasāstra.
Organized many Skt. Spoken Course, Rajasthan
State Co-ordinator of Non-Formal Skt.
Education, Co-ordinated National Seminars,
Poet and Critics.
Upadhyay, Radha Mohan. Acharya in
Vyākaraṇa, M.A. in Hindi, Shiksha Shastri.
b. 15.01.1936. Baliya, U.P. Teacher Ambika
Hindu Ucch Vidyalaya, Hawra. Bks. 01.
Bhāratavijayam. Add. 82 Ramkrishanpur Marg,
Shivpur, Hawrah - 02. W.B. Spl.Ref. Rashtra
Nirmata Award 1993, Hindi Sevi Saheshrabdi
Samman 2000.
Upadhyay, Rajdev. Vyākaraṇa shastri, Acharya
in Vedānta. b. 15.03.1938, Kari, Varanasi,
(U.P.) Asst. Prof.. Gp Arjun Pathak,
Shukdevacharya. Ps. 02. Add. Shri Sankirtan
Brahmacharyasharam Sanskrit Mahavidyalaya,
Jhusi, Allahabad (U.P.). Spl. Ref. Vyākaraṇa,
Vedānta.
Upadhyay, Rajendra Kumar. Acharya in
Sāhitya, Ph.D. b. 16.05.1950. Principal, Shri
Tikmani Skt. P.G. College, Shakarkand Gali,
Varanasi. Gp. Mahadev Upaddhyay, Vijendra

Nath Mishra. Ps.05. Add. Aadarsh Nagar, Nayi
Basti, Varanasi U.P.
Upadhyay, Rajesh. M.A., B.Ed., Ph.D. b.
15.08.1960, Chanduri, Moradabad, (U.P.) Asst.
Prof. Gp. R.K. Acharya, S.N. Mishra. Ps. 02.
Add. S.R.K.P.G. College, Firozabad, Agra. Dist.
(U.P.). Spl.Ref. Sāhitya.
Upadhyay, Rama Kant. M.A., Ph.D. b.
05.08.1945, Ambala, Haryana. Asst. Prof.,
Gp. Suryakant, Dr. Shrinivas. Ps. 02. Add.
267, Laxmi Bai Nagar, New Delhi – 110023.
Spl.Ref. Veda.
Upadhyay, Rama Kant. Shastri. b. 1915.
Sultanpur, U.P. Bks. 01. Śrīdayānandacarita
Mahākāvyam. Expired on 08.07.1970. Spl.
Ref. Śāstrathapa-u, Vyākaraṇa Śāstra.
Upadhyay, Ramapati. Sāhityacharya. b.
10.10.1946, Faizabad, (U.P.). Gp Baijanath
Dwivedi, Talukadara Pandey. Ps. 01. Add.
Horilpur, Bewana, Faizabad (U.P.). Spl.Ref.
Sāhitya.
Upadhyay, Ramji. D.Phil., M.A. in Sāhitya.
Baliya, U.P. Rtd. Prof., Skt. Dept., Dr. H.S.
Gour Sagar Univ. Sagar, M.P. Gp. M.M. Pt.
Laxman Shastri Tailang, Dr. Baduram Saxena.
Sp. Prof. Radha Vallabha Tripathi, Dr.
Ramgopal Mishra, Prof. Kusum Bhuriya. Bks.
55. Bhāratasya Saṃskrītīko nidhiḥ, Nātyaśāstrī
yānusandhānam. Dwā Suparṇa, Satyaharīścandrodayam, Madhyakālīn Saṃskrit Nātak.
Ps. 150. Expired on 17.01.2011. Spl.Ref.
Founder member of “Sagarika” Sanskrit
Magazine. Influenced by Gandhiyan Thought,
Well Known Poet & Critic of Sanskrit. Wrote
in Sanskrit, Hindi & English. Expired in 2011.
Upadhyay, Ramraj. Vidyavaridhi. b.24.02.1968,
Chandkaimoor, Bihar. Asct. Prof., LBS
Rashtriya
Skt.
Vidyapeeth.
Bks.04.
Śāntividhānam, Pūjāvidhānam, Saṃskāravidhānam, Manobhilaṣita Vratānuvarṇanam.
Ps. 28. Add. 882/6, Q.4, Galaxy Appt.
Meharauly, New Delhi-30. Ph.011-46060547,
M.09891975175 Email. ramrajupadhyay
@yahoo.com. Spl.Ref. Veda, Pauhoritya.

