
satagopura, G.S.T. Marg, Madhurantakam–
603306
(TN).
Spl.Ref.
Vedānta,
Kṛṣṇayajurveda.
Narasimhacharya, S. V. M.A., Ph.D.. b.
23.04.1923, Swarganathapur, Tanjavur, TN.
Gp. V.R.S. Tatacharya. Add. 2, Deshikar Vithi,
Dashavatara Nagar, Srirangam, Tiruchi –
620007 (TN). Spl.Ref. Vedānta.
Narasimhacharya, Shrinivasvaradacharya
Melapakkam. śiromaṇi. b. 16.12.1916,
Melpakkam, TN. Bks. 01. Vyākaraṇaprakriyākośaḥ. Add. 4, Car Street, Madhurantakam–
06, Chengalpattu (TN). Spl.Ref. Veda, Vedānta
& Dharma-Śāstra.
Narasimhamurti, N.G. Jyotiṣa Vidvaduttama
in Rashtra Bhasha Visharad. b. 13.10.1950,
Chikkamagalur, KT. Principal. Gp. K.
Manjunath Sharma, Bharatitirth Sannidhanam.
Ps. 02. Add. Shri Shadvidya Sanjivani Skt.
Mahapathasala, Sringeri Math, Sringeri–39
(KT). Spl.Ref. Jyotiṣa, Sāhitya.
Narasimhamurtyacarya, H.S. b. 22.08.1922,
Pawgad, Tumkur, KT. Gp. Rayachuru
Krishnachary, Dasasahu. Ps. 02. Add. 83,
Parimal Shakambari Nagar, Kanakapur,
Bangalore (KT). Spl.Ref. Sāhitya, Vedānta.
Narasimhan, P.K. Vyākaraṇaśiromaṇi. M.A.
b. 06.01.1944, Padur, Madhuran-takam, TN.
Gp. P.N. Raghavacharya, M.S. Narasimhacharya, S. Gopalacharya. Ps. 01. Add. 36,
Santan Bajanana, Koil Street, Villuppuram–
605602 (TN). Spl.Ref. Vyākaraṇa.
Narattumana,
Narayan
Namputiri.
Katannirikal (M.A.). b. 12.11.1932, Etappal,
Trichur, Kerala. Gp. Kuttuli Narayan Namputiri,
Narattu Vasudevan Somyaji. Add. Pullimana,
Perikkot, Palakad (Kerala) Spl.Ref. Ṛgveda,
Vyākaraṇa.
Narayan, Acharya A. Vedāntaśiromaṇi,
Vyākaraṇa, Kannada Vidvan. b. 14.04.1914,
Adamar, South Kannad, Karnatak. Rtd.
Teacher. Ps. 02. Add. 44, 19 th Cross, Block–
16, Jayanagar, Bangalore (KT). Spl.Ref.
Sāhitya, Vyākaraṇa.

177

Narayan, Jay Prakash. Siksha Shastri, M.A.,
M.Phil., Ph.D. b.07.05.1965. Sr.Asst. Prof.,
RSKS New Delhi. Gp. Dr.Ganga Nath Jha,
Dr. Srutidhar Jha, Prof. Deepti Tripathi. Bks.03
Māgha me Vakrokti, Nā-yaśāstra me Kāvyalakṣaṇa,
Śisupālavadham kī Śastrīya
Mīmāṃsā.
Ps.24. Add. RSKS, 56-57
Institutional Area, D-Block Janakpuri New
Delhi-58. M.09717658497. Mail. n.jayprakash
@yahoo.com. Spl.Ref.Sāhitya, Poet (Hindi,
English).
Narayan, K. S. Śiromaṇi. b. 05.05.1953,
Rajapuram, Rajpalayam, TN. Gp. V.D.
Samapatkumar Varadachari, V.T. Laxminarasimhacharya. Ps. 02. Add. 235, Chinnakodi
Street, Salem (TN). Spl.Ref. Sāhitya.
Narayan, Venkatsatyanarayancharyalu. b.
20.09.1952, Prakashan, AP. Archaka (Priest).
Gp. N. Srinivasacharyulu, N.A. Kesavacharyulu.
Add. Shri Kalyan Venkateshwar Swami
Devasthan, Srinivasamangapuram, 114, G.S.
Muth Street, Tirupati–517501 (AP). Spl.Ref.
Vaikhānasāgama.
Narayan. Vidwat, M.A., Ph.D. b.03.07.1967.
Asst.Prof.,Dept. of DvaitaVedānta, Rashtriya
Skt. Vidyapeeth, Turipati. Ps. 02 Add. Dept.
of Dvaita Vedānta, R.S Vidyapeeth, Turipati517064. Ph.0877-2229954, M.09490077161
Spl.Ref. philosophy.
Narayanacharya, U.B. Vidvat, Purāṇa
vachaspati. Age. 75 yrs., Bannanje, Udupi,
KT. Purāṇa, Asthanvidvan.
GP.
P.
Narayanacharya, G. Ramachar, B. Shrinivas
Bhatt, A. Narayan, Tantri, B. Ananatkrishnopadhyay. Add. Shri Ashta Mutt, Udupi
(KT). Spl.Ref. Vedic Pandit.
Narayanamadhyastha, N. Sāhityaśiromaṇi,
Vidvat. b. 10.01.1930, Kunjas, Bel, Kasargode,
Kerala. Rtd. Skt. Teacher, Sagar Praudhasala,
Sagar, Shimoga. Gp. Narayan Bhatt, C.H.
Subahmanya Bhatt, K. Shama Bhatt, U. Vishnu
Bhatt, K. Krishna Bhatt. Ps. 02. Add. 27/1
(2), Vinoba Nagar, Sagar (KT) – 577401.
Spl.Ref. Sāhitya.

