

237

Reva, Krishnamurty Vijayendra. b.08.07.1954,
Kumbakonam, TN. Vedic Exponent. Gp. B.
Ramchandra Acharya. Add. Shri Kodand Rama
Swami Devasthanam, Tirupati (A.P.). Spl.Ref.
Ṛgveda (Kramanta).
Revathy S. M.A., M.Phil., Ph.D. b. 05.06.1959,
Chennai. Asct. Asst. Prof., University of Madras.
Bks. 02. Three Little Known Advaitins,
Nāmamālā of Acyuta kṛṣṇānandatīrtha
Eng.Tran. Ps. 30. Add. 1. Appu – II, Lane –
7, Gangavihar, Mylapore, Chennai – 4.
Richhariya, Brijesh. M.A., b.25.01.1975. Guest
Lect. Dr. H. S. Gour Univ. Sagar, M.P. Ps.
02. Add. 214, Gulab Colony Sagar M.P.
ricchariyabrijesh@gmail.com.
Rijal, Kamalnayan. Acharya. b.28.07.1958,
Pangana, Parvatanchal, Dhavalgiri, Nepal.
Gp. Shesaraj Sharma Regmi, Thakur Prasad
Gaud, Kali Prasad Mishra, Bks. 01.
Raghūvaṃśaparīkramā, Add. K 22/77,
Brahmaghat, Varanasi (U.P.) Spl.Ref. Vedānta.
Rohatagi, Nirmala. M.A., B.Ed. b.07.07.1952.
Teacher (PGT) Sanskrit, Govt. Boys Senior
Secondary School, Gali Barfvali, Delhi. Ps.
02. Add. 2807, Gali Matavali, Chandni Chowk,
Delhi.
Rohil, Raj Sinha. M.A. b.15.04.1958. Teacher.
Govt. Senior Secondary Girls School, Rajouri
Garden, New Delhi. Ps. 02. Add. WZ-12,

Keshopur, Tilak Nagar, New Delhi–110018.
Spl.Ref. Sāhitya.
Rohit, Ramji Bhai R. Ph.D. b.01.06.1969. Prof.,
Kankrej Arts & Commerce College, Bhaktinagar, Thara, Kankrej, Janaskanta, (GJ). Ps.
02. Add. Rojhiv, Kharodh, Veerpur, Kheda,
(GJ). Spl.Ref. Vedānta.
Rohtam, Bhaktiputra. Acharya in Agama &
Vedānta, JRF, NET, Vidyavaridhi. b.
01.01.1958. Ayodhya. Asstt. Prof., Dharmagam
Vibhag, Faculty of SVDV, BHU. Gp. Swami
Ramanand Saraswati, M.M. Gopal Shastri
Darśana Kesari, M.M. Rameshwar Jha, Prof.
Sudhanshu Shekhar Shastri, Prof. Dev Swaroop
Mishra, Dr. Paramahans Mishra. Sp. Dr. Braj
Kishore Mahapatra, Swami Jagdishwaranand
etc. Bks. 01. Nigamāgamayostattvavimarśa.
Ps. 07. Add. Dharmagama Vibhag, Faculty
of SVDV, BHU. Varanasi-221005. M.
09450575765. bhaktiput-rabhu@gmail.com.
Spl.Ref. Agama, Darśana.
Roy, Jyotirmay. M.A. Bengali, Ph.D. b.
30.11.1965. Medinipur. Lecturer. Kalichak
Vikram Kishore Adarsh Skt. Mahavidyalaya.
Ph. 03220-231081. M. 09153515681.
Rukmani, T.S. D.Litt. Ph.D. b. 29.06.1930, Kerla.
Bks:01. Yogasūtrabhāṣya–Vivaraṇa (Vol. III, 2001). Add:Concordia University. 1455
De Maisonneuve West. Montreal. Quebec H3G
IM8. Canada.

S
Sachidananda, A. P. M.A., M.Ed., Ph.D. b.
30.03.1955. KT. Prof. & Head, R.Sk.S., Sringeri.
Bks., 03. Ādhunika Bhāratīya Śikṣāyāḥ Vikāso
Navaśikṣānītiśca, Śikṣāyāḥ Sāmājika Dhārāḥ,
Śikṣāyāḥ Dārśanika Pṛṣ-habhūmiḥ Ps. 02. Add.
Gurukripa Vilasa. Menase, Sringeri,
Chikmagalur, KT.
Sadashivam, M. M.A., M.Litt., Ph.D. b.
15.06.1934. Erode. Formerly Director,
Saraswati Mahal. Bks. 40. Names & Epithets
of Lord Vināyaka. Ps. 120. Add. M. Sadashivam
Meera Nilayam–7, Valliammai, II Street,
Erode– 638004.

Sadhu, Adarsh Jivan Das. B.E., M.A., Ph.D.
b.07.11.1969, Ahemdabad. Saint of BAPS
Swaminarayan Sanstha. Gp. Swaminarayan
Bhagwan, Ganatitanand Swami. Bks. 01.
Bhagavān Svāmīnārāyaṇa Jīvana Evaṃ Kāvya.
Add. BAPS Swaminarayan Mandir, Swaminarayan Chouwk, Dadar, Mumbai.
Sadhu, Akhar Jivan Das. Acharya in Sāhitya.
b.30.06.1955, Rohisala, Botad, Bhavnagar.
Saint of BAPS Swaminarayan Sanstha. Editor,
Swaminarayan Prakas, Swaminarayan Mandir,
Shahibag Ahemdabad. Gp. Swaminarayan
Bhagwan, Ganatitanand Swami. Bks. 04.

