128



Khandare, Jaywant W. M.A. Ph.D.(Pali) b
01.05.1974, Akola (MH). S.R.F. RSKS,
Lucknow Campus. Gp. Prof. Balchandra
Khandekar Ps.10 Add. Swagat Nagar Plot no.42 Nagpur-13, MH M.09421807483,
08081414977 e-Mail. jaywantkhandare@
rocketmail.com. Spl. Ref. Nepal.
Khandekara, Balachandra. Acharya. M.A.,
Ph.D. b. 27.12.1942, Nagpur. H.O.D. P.W.S.
College, Nagpur. Gp. Dr. Bhagachandra Jain.
Add. P.W.S. College, Nagpur, MH.
Spl.Ref.Sāhitya, Pālī, Prākṛta.
Khandelwal, N.M. b. 02.10.1943, Ajmer. Ps.
01. Add. 13/592. Agra Gate, Ajmer, Rajasthan305001. Ph. 0145- 787235.
Khandelwal, Ram Ratan. Siksha Shastri M.A.,
Ph.D. b 17-05-1981 Asstt. Prof. U.K. Skt. Univ.
Haridawar. Bks 01 Śevadhiḥ. Ps 04 Add.
Sāhitya Dept. U.K. Skt. Univ. Haridawar. M.
08909161878 Email.drramkhandelwal@
gmail.com .
Khandelwal, Ravindra Vinodchandra. M.A.
in Vedānta-Śāstra, Prākṛta & Pālī, b.
12.08.1975, Ahmedabad. Bks. 04. Sāma Veda
Eka Parīcaya. Ps. 10. Add. 32, Bhadreshwar
Soceity, O/S, Delhi Gate, B/H. H.B.K. High
School, Shahibaug Road, Ahmedabad, GJ.
Ph. – 5628051.
Khanduri, Bholadatt. M.A. b. 13.06.1930,
Khandada, Chamoli, UK. Asst. Lecturer. Gp.
Balakarama Agnihotri, Dukhaharana Jha. Add.
Sri Badarish Kirti Sanskrit Vidyapith, Chamoli
UK. Spl.Ref. Sāhitya.
Khanduri, Patiram Sharma. Acharya in Sāhitya,
Sāhityaratna, B.Ed.. b. 18.05.1956. Teacher.
Ps. 02. Add. Shri Motinath Sanskrit
Mahavidyalaya, Ramesh Nagar, New Delhi
– 110015. Spl.Ref. Sāhitya.
Khandwala, Ravindra V. Ph.D. Prof. H.K. Arts
College R.C. Road Navrangpura Ahemdabad.
Ps. 02. Add. 32, Bhadreshwar Society, H. Link
Kapdiya School, Delhi Gate, Ahemdabad.
Khanna, Arunabala. M.A., Ph.D. b.07.07.1941.
Lecturer, Venkatesvar Mahavidyalaya, Dhaula

Kuan, New Delhi. Ps. 02. Add. B 4/9, Vasant
Vihar, New Delhi – 110057. Spl.Ref. Sāhitya.
Khanna, Jang Bahadura. M.A., Dip. In Library
Sciences. b. 07.08.1933. H.O.D. of Reference
Department, Library, Delhi University. Add.
Laxmi Bai Street, 46, Darya Ganj, New Delhi–
110002. Spl.Ref. Sāhitya.
Khanna, Maheshvari. M.A. b. 01.05.1939. VicePrincipal, Ratnadevi Arya Girls Senior
Secondary School, Krishna Nagar, Delhi. Add.
131, Sheikh Sarai, Phase–1, S.P.S. Flats, PocketB, New Delhi. Spl.Ref. Sāhitya.
Khanna, Sushma. M.A., M.Phil, Ph.D. b.
24.11.1956. Add. 11-B, Pocket-A, Phase III,
Ashok Vihar, Delhi. Spl.Ref. Sāhitya Śāstra.
Kharwandikar, Deviprasad Khanderao. M.A.
(Skt., Ardhamagadhi, Ancient Indian Culture),
Ph.D., Sangeetvisharad, SangeetAlankara. b.
01.10.1935. Ahmednagar, MH. Rtd. Prof.
Ahmednagar, Degree College and Chief Editor
Gungarav Quarterly Journal. Bks. 15.
Sūktiratnākara, Suvacanasandoha. Add.
Gitayanam Near Narhari Nagri, Gulmohar
Path, Ahmadnagar – 03. MH. Spl.Ref. Skt.
Literature and Music, His several books are
the part of curriculam and he broadcast and
telecasts his self composed poems from A.I.R.
and D.D. At present he is working as guide
for the number of students camps working
under All India Gandharava Degree Collage
Mandal, Mumbai & President Awardee.
Khatwani, Manish Vinod Rai. Ph.D. b.
17.01.1968. Prof. Sanskrit Deptt. Shri D.K.V.
Arts & Science College JamNagar. Add. Block
No. D/7/5 Govt. Colony, Khedeshwar Walsura
Road, JamNagar. Spl.Ref. Purāṇa.
Khemachandra. M.A., B.Ed., Ph.D. b.
07.01.1939. Language Teacher, Govt. Boys
Senior School No. 2, Shakti Nagar, New Delhi.
Add. D.S. – 252/3, Bholanath Nagar,
Shahadara, New Delhi – 110032. Spl.Ref. Veda
& Sāhitya.
Khetai, Jaya Ben R. Ph.D. b. 31.07.1931. Prof.
S.S. U.College For woman, Pritam Nagar, I

