200



Pandey, Uday Shankar. M.A., Ph.D., D.Litt.
b. 28.02.1961, Deoria (U.P.). Bks. 02. Ps. 03.
Add. Head Dept. of Sanskrit, Shree
Chhatradhari, Sanskrit Degree College, P.O.
Hathwa, Dist. Gopalganj (Bihar).
Pandey, Uddhav Prasad. Acharya in Veda. b.
01.03.1955, Haridwar, (U.P.). Principal. Add.
Jagadaguru Shri Shankaracharya Sanskrit
Vidyapeetha, Haridwar – 249401 (U.P.).
Spl.Ref. Veda.
Pandey, Uma Rao. Acharya in Jyotiṣa. b.
04.09.1938, Desahi Varavan, Deoria, (U.P.).
Assitant Head of the Deptt. Ps. 05.
Add.Shridharma Jnanopadesa Sanskrit
Mahavidyalaya, Mahamana Nagar, Allahabad
(U.P.). Spl.Ref. Siddhānta Jyotiṣa.
Pandey, Uma. M.A. b. 27.12.1952, Lucknow.
Bks. 02. Add. Samanvaya Kuteeram, E – 1052,
Rajaji Puram, Lucknow – 226017. Ph. (0522)
416897.
Pandey, Umesh Chandra. Granthalaya-vijnana
Shastri (B.Lib.Sc.). Acharya in Vedānta (Gold
Medalist), Ph.D. b. 01.01.1942, Dhani, Maharaj
Ganj, Gorakhpur, U.P. Librarian. Gp. Pt.
Badarinath Shukla, Satyanarayana Shastri.
Bks. Vaiṣṇavadarśaneṣu jīvaviṣayako vicāraḥ,
Jīva-parimāṇavicāraḥ, Jñeyajñānayoḥ svarūpavimarśaḥ,
Śuddhādvaitamatasvarūpam,
Āstikadarśaneṣu jīvasvarūpam, Tulasī kā
dārśanika dṛṣ-ikona. Add. Shri Lal Bahadur
Shastri Rashtriya Sanskrit Vidyapeetha,
Katawaria Sarai, New Delhi.
Pandey, Umesh Kumar. Acharya (Siddhant
& Falita Jyotiṣa), NET, Vidyavaridhi. b.
14.07.1978 Deoria,U.P. Asstt. Prof., RSKS Garli
Campus. Gp. Prof. Ramchandra Pandey, Prof.
Ramnarayan Mishra, Prof. Sarva Narayan Jha.
Sp. Vipin Pandey(JRF), Anil Kumar Podwal(
JRF). Ps. 03. Add. Rashtriya Sanskrit Sansthan,
Garli Campus, Garli, HP. M. 09450114522.
Spl. Ref. Jyotiṣa.
Pandey, Umrao Prasad. Acharya in Jyotiṣa
(Siddhānta) b. 04.09.1938, Deoria, (U.P.).
H.O.D. of Jyotiṣa. Gp. Pt. Avadha Bihari

Tripathi, Mithalal Ojha, Kamalakanta Shukla,
Shrichandra Pandeya. Ps. 06. Add. Shri
Dharma-jnanopadesh Sanskrit Mahavidyalay,
Malviya Nagar, Allahabad (U.P.). Spl.Ref.
Siddhānta Jyotiṣa.
Pandey, Upendra Deo. Acharya (Sāṅkya-Yoga,
Sāhitya), M.A., NET, Ph.D. b. 02.06.1978,
Varanasi. Project Fellow, Deptt. of Sanskrit,
MG Kashi Vidyapeetha, Varanasi. Gp. Dr. B.N.
Pandey, Dr. G.R. Pandey. Ps. 22. Add. K 67/
78 I Ishwargangi, Varanasi 221002 U.P. M.
09839247775 Spl. Ref. Sāhitya.
Pandey, Upendra. Acharya, M.A., Ph.D., Dipl.
in Yoga. b. 09.04.1962. Aurangabad, Bihar.
Asstt. Prof. BHU Varanasi. Bks. 04. Ps. 35.
Spl.Ref. Sāhitya Vyākaraṇa, Skt. Radio Talks
and Kāvyapatha from A.I.R. and Maharshi
Badarayan Vyas Samman by President of India.
Pandey, Ushakant Shantikumar. Shastri,
B.Com., B.Ed. b. 25.07.1954, Junagarh,
Gujarat. Asstt. Teacher. Gp. Haridas Shastri,
Shankarlal Shastri. Ps. 03. Add. Shri
Bhavadeshvar Sanskrit Mahavidyalaya,
Bavada, Porbandar, (GJ). Spl.Ref. Sāhitya.
Pandey, Vachaspati. Acharya (Sāhitya,
Vyākaraṇa), Kāvyatīrtha, M.A., Ph.D. b.
15.09.1924, Agra, U.P. Ps. 05. Add. 19, Huntle
House, Panchkuia, Agra- 282010 U.P. Spl.Ref.
Sāhitya, Vyākaraṇa Śāstra.
Pandey, Vasudev. Acharya, M.A., Ph.D. b.
25.09.1932, Raipur, C.G. Gp. Bhupendra pati
Tripathi, Shivshekhar Mishra. Ps. 06. Add.
Officers Hostel, Ramana, Pithoragarh C.G.
Spl.Ref. Vyākaraṇa, Sāhitya Śāstra.
Pandey, Vasudev. Tīrtha, Vyākaraṇa-Shastri.
b. 1928, Deoria, U.P. Rtd. Asst. Prof. Gp.
Vinayak Shastri Tilla. Ps. 05. Add. Hukum
Chandra Colony, Indore U.P. Spl.Ref. Jyotiṣa,
Sāhitya & Vyākaraṇa Śāstra.
Pandey, Vayu Nandan. Acharya (Sāhitya,
Vyākaraṇa), Vidyavaridhi. b. 15.10.1927.
Gorakhpur. Bks. 05. Ps. 50. Rtd. Principal &
Śāstra Chudamani Scholar. Spl.Ref Sāhitya
Vyākaraṇa, President Awardee.

