62



Dimri, J.P. Acharya in Vyākaraṇa, Ph.D. (Russian
Philology). b. 01.01.1946. Rtd. Prof. EFL Univ.
Hyderabad. Bks. 05. Ps. 60. Add. 403 Shalen
Res. Vijayapuri Tarnaka, Hyderabad -500017.
Ph. 040-27006409, M. 09912273836. jpdimri
@rediffmail.com
Dimri, JagdDinanatha Sharma. Acharya in
Darśana, M.A., Ph.D. b. 12.11.1953, Jola,
Bilaspur, Himachal Pradesh. Principal. Ps. 05.
Add. Shri S.S. Mahavidyalaya, Dangar,
Ghumakhi, Bilaspur, (H.P.). Spl.Ref. Darśana.
Dindoriya, Ved Prakash. Ph.D. b. 18.12.1978.
(RJ.). Lect., V.V.B.I.S. & L.S. (P.U.) Hoshiarpur.
Bks. 01. Nāmakaraṇa Saṃskāra (2009). Ps.
15. Add. E – 7, Panjab Univ. Quarters, Una
Road, Gautam Nagar, Hoshiarpur. Ph. (01882)
221001. Divyasanskrit9@gmail.com.
Dipa Devi. M.A., B.Ed., Vyākaraṇa Tīrtha. b.
01.09.1954. East Pakisthan (Bangladesh)
Secretary, Skt. Mahavidyalaya. Add. Balika
Ashram Skt. Mahavidyalaya. Dakshineswar,
Adyapeeth. Calcutta. P.S. Belgharia. Ph.
0332564 – 5218.
Diwan, Jageshvaradhar C. M.A.. b. 17.11.1947,
Raipur, Chhattisgarh. Asst. Prof. Skt. Dept.
Ps. 05. Add. Govt. P.G. College, Arts and
Commerce, Bilaspur, (Chhattisgarh). Spl.Ref.
Sāhitya.
Dixit, Balaji. Acharya in Sāhitya, Siksashastri.
b. Kaithi, Hamirpur, U.P. Teacher. Gp.
Ramabhajana Pandeya, Srikanta Pandeya,
Bhupendrapati Tripathi. Ps. 03. Add. Sri Janaki
Skt. Mahavidyalaya, Old Lanka, Chitrakuta,
Satna, M.P. Spl.Ref. Sāhitya.
Dixit, Bhuvaneshvari. M.A., Shiksashastri. b.
27.08.1963. Teacher. Bal Bhawan Public
School, Laxmi Nagar, New Delhi. Ps. 03. Add.
Sector 2, 1055, Ramakrishna Puram, New
Delhi – 110022. Spl.Ref. Sāhitya.
Dixit, D. Narasimha. M.A., Ph.D. b. 10.05.1962.
Guntur, A.P. Asct. Prof. Hindu College, Guntur.
Bks. 05. Ālaya Saṃskṛtī (Temple Culture 1999). Ps. 08. Add. 2 - 14 - 152/A, I st Lane,
Syamala Nagar, Guntur, A.P. - 522006. Ph.
(0863) 243986.

Dixit, Duraiswami Ratna. T. Vyākaraṇa &
AdvaitaVedānta,
Sāhityaśiromaṇi.
b.
17.05.1931, Chidambaram. Gp. K.M.
Narasimha Shastri, K.S. Shivarama Srishnashastri. Add. 98-A, South Car Street,
Chidambaram, TN. Spl.Ref. Vyākaraṇa.
Dixit, Hari Narayan. M.A., Ph.D., D.Litt. b.
13.01.1936, Padkula, Jaloon, U.P.. Prof.,
Kumaun Univ., Uttarakhand. Bks. 50. Gopāla
Bandhuḥ, Bhīṣmacaritaṃ, Bhāratmātā Brūte,
Menakāviśvāmitrama, Upadeśaśatī. Spl.Ref.
He is known for his Rashtriyakavya lekhan.
Recipient of President Award,Sāhitya Academy
Puraskar, Vanabhatta Puraskar, Pt. Gorishankar Dwivedi Puraskar, Vidhyaratnakar
Saraswat Samman, Vachaspati Puraskar etc.
Dixit, Hari Prasad. Acharya in Navya Vyākaraṇa,
Ph.D. b. 20.12.1964, Alibada, Bareli, Jamgarh,
Raisen, M.P. Asst. Prof. Govt. Ramanand Skt.
College, Lalghati, Bhopal, M.P. Gp. Dr.
Ramyatna Shukla, Dr. Purushottam Tripathi,
Dr. Rammanohar Mishra, Sp. Dr. Pragya
Mishra, Purushottam Tiwari, Shivachandra
Valka. Ps. 20. Add. G. 13/7. South T.T. Nagar.
Bhopal. Ph. (0755) 556729.
Dixit, Harishchandra. M.A., Ph.D. b. 1933.
Bks. 01. Kāvyamuktāvalī.
Dixit, Ishvarshastri Gundashastri. Vyakaranopadhyaya, Vyākaraṇaratna. b. 28.12.1910,
Vill. Tadakod, Dharwad. Gp. Venkatesha shastri
Abhyankara, Digambara shastri Havale,
Atmarama Shastri Jere. Ps. 05. Add. 1041/
13, Pethabhag, Sangli, MH. Spl.Ref. Vyākaraṇa
Śāstra.
Dixit, Jajneshvara. Vidvān in AdvaitaVedānta
& Sāhitya, Hindiratan, Kannadapandita. b.
28.08.1925, Hangalla, Dharwad, KT. Rtd.
Teacher, Harihara Pathashala. Add. Fort Vina
Street, Harihar – 571601 (KT). Spl.Ref.
Advaitavedānta, Sāhitya.
Dixit, Krishnamurti S. Sāmaveda Adhyayana.
Age. Above 78 yrs., Umayalpuram, T.N.
Upadhyaya. Add. No. 51, Panchyappa Street,
Kumbakonam, T.N. – 612001. Spl.Ref. Sāhitya,
Sāmaveda.

