190



Badrisingh Chouhan, Purnanand Sharma. Ps.
02. Add. Govt. Inter College, Kanda, Almora.
U.P. Spl.Ref. Sāhitya Śāstra.
Pandey, Harishankar. M.A., Ph.D., D.Litt. b.
20.02.1963, Narayanpur, Bihar. Prof. & HOD
Prakrit Avam Jain Agam Deptt. Sampoornanand Skt. Univ. Varanasi, U.P. Gp. Prof. Ray
Ashwini Kumar, Dr. Laxmi Narayan Chobey.
Sp. Dr. Satyanarayan Sharma, Dr. Pramod
Kumar. Bks. 22. Pāiyakahāo, Setubandha,
Prākṛta Kathāeṃ, Bhaktāmbara Saurabha. Ps.
210. Spl.Ref. He is a major scholar of Jain
Agam and wildly written and worked on Jain
Sāhitya. Gold Medelist, Rashtriya Shodh
Puruskar 9 th U.G.C. 2002-05, Achareya
Mahapragya Sāhitya Puruskar-2006.
Pandey, Harivansh. Acharya in Sāhitya. b. 31.13.
1948, Champaran, Bihar. Asst. Prof. Ps. 02.
Add. Rajagopal Sanskrit College, Ayodhya,
Faizabad U.P. Spl.Ref. Sāhitya Śāstra.
Pandey, Hetal Maheshbhai. M.A., Ph.D. b.
18.05.1970. Asst.Prof. HOD School of
Languages Gujrat Uni. Ahemdabad. Bks. 03,
Personality, Nityotsav, Vivdhyam. Ps. 13. Add.
205, Panchtirth Appartment Jodhpur Char
Rasta Satelite, Ahemdabad. Ph. 09426699899.
Spl.Ref. He Awarded by Pratibha Samman
2008. Various Work in Tribal Child Woman.
Pandey, Hiralal. Acharya. b. 08.02.1945,
Mirzapur, U.P. Head of Sāhitya. Bks.
Kumbhasamudbhavam (Nā-aka). Add. 8, Baksi
Khurd, Daraganj, Allahabad U.P. Spl.Ref.
Sāhitya Śāstra, Jyotiṣa Śāstra.
Pandey, Indu Shekhar. Acharya in Jyotisa.
b. 05.05.1935, Varanasi, U.P. Asst. Prof., S.S.V.,
Varanasi. Gp. Pt. Rama Vyasa Pandeya, Pt.
Avadha Bihari Tripathi, Pt. Sivasankara
Pandeya. Ps. 05. Add. 2/22, Bhadaini, Varanasi
(U.P) Spl.Ref. Jyotiṣa.
Pandey, Isha Dutta Shastri. Achayra in Sāhitya,
Kāvyatīrtha, Sāhitya Ratan. b. 1915. Ajamgarh
(U.P.). Bks. 01. Pratāp Vijay. Expired in 1944.
Spl. Ref. Poet in Skt.& Hindi.
Pandey, Jagadish Chandra. Acharya in Sāhitya,

Shiksashastri. b. 01.06.1950, Almora, U.P.
Teacher. Gp. Asharama Upadhyaya, Satyavrat
Sharma, Dr. Madan Mishra. Ps. 02. Add. Shri
Sanatan Satsang Sanskrit Mahavidyalaya,
Kashipur, Nainital (U.K). Spl.Ref. Sāhitya.
Pandey, Jagannarayan. Acharya (Sāhitya.
Vyākaraṇa), M.A., Ph.D. b. 01.01.1944, Baliya
(U.P) Rtd. Prof. R. Sk.S. Jaipur Campus. Gp.
Acharya Pattabhiram Shastri. Bks. 18.
Maheśvarīcaritam, Rājendra-śatkam, Indīrāśatkam, Bhaktīsinghcaritam, Sāhityanavnītam.
Ps. 30. Add. 1 – B. Shanti Nagar, B – Block,
Gurjar ki Thadi, P.O. Shyam Nagar, Jaipur
(Raj.) – 302019. Ph. 290491. Spl.Ref. 70 poems
& speechs were board cast from DoorDarsana
Centre of Jaipur, Delhi & Jammu. He is famous
Handy Storywriter and great popular poet
Sanskrit & Bhojpuri. written summary &
Critical comm. of Abhijñānśākuntalam,
Raghuvaṃśam, Kirātārjunīyam, Pratimānā-kam, Svapna-vāsvadattam. Vṛttaratnākar
etc.
Pandey, Jagaprasad. Acharya. b. 16.11.1955,
Jalalpur, M.P. Teacher. Ps. 01. Add. Shri Raj
Gopal Sanskrit College, Ayodhya, Faizabad
(U.P) Spl.Ref. Sāhitya.
Pandey, Jai Narayan. M.A., Ph.D. b. 06.01.1939.
Mokameh. Prof. Deptt. of Skt., R.U., Ranchi.
Bks. 01. Ṛgbhāṣya Saṃgrah-1 . Ps. 12. Add.
B – 26, Harmu Housing Colony. Harmu,
Ranchi– 12. Ph. (0651) 243553.
Pandey, Janardan Prasad. Acharya in Sāhitya
& Sāṅkhayoga, Ph.D. b. 01.02.1950, U.P.
Teacher. Gp. Pt. Ganapati Shastri, Yadunath
Pandey, Onkaranath Shukla. Bks. 01.
Bhṛṅgadūtaśatakam (Kāvya). Add. B.N. Mehata
Sanskrit Mahavidyalaya, Pratapgarh (U.P.).
Spl.Ref. Sāhitya, Sāṅkya Yoga.
Pandey, Janardan Prasad. M.A. (Skt. & Hindi),
D.Phil. b. 27.11.1962. Jaunpur (U.P.). Asct.
Prof. R.Sk.S. Ganganath Jha Campus,
Allahabad. Bks. 07 Niḥṣyandinī, Nīrājanam,
Udgārapañcāśikā, Bhāvacchandaḥśatī. Ps. 21.
Add. 7L/7A, Shivpuri, Govindpur, Allahabad,
U.P. – 211004. Ph. (0532) 2543031, 2460957,

