334



Radher Road, Surat. Ps. 05. Add. 903, Satyam
Appartment Tarwadi, Surat. Spl.Ref. Vedānta.
Trivedi, Surachna. M.A.(Skt., Hindi), B.Ed.,
Ph.D. b.30.06.1969, Lakhimpur, Kheri.
Asct.Prof. Kakhimpur Kheri B.A.K.P.G. College,
Lakhimpur Kheri. Bks. 01. Surabhāratī Saparyā
Kusumañjalī (ed.). Ps. 50. Spl.Ref. Skt.Poetry,
Story Writing.
Trivedi, Upamanyu. Acharya in Veda. Teacher.
Add. Shri Saraswati Sanskrit College. P.O.
Khanna–141401, Ludhiana. (Punjab). Spl.Ref.
Veda.
Trivedi, Vishnu Prasad C. Ph.D. b.18.09.1973.
Prof., G. M. D. C. Arts & Commerce College,
Nakhtrana, Kaccha. Ps. 03. Add. Junawas
Control Nakhtrana, Kaccha. Spl.Ref. Vyākaraṇa.
Tulasi, Narasimhacharya. DvaitaVedānta
Shiromani, Siksashashtri, Vidyavaridhi.
b.18.06.1921, Adhawani, A.P. Rtd. Teacher.
Gp. Shrirangam Ramachary, B. Shrinivasacharya. Add.18/731, Bharati Nagar, Tirupati
(A.P.) Spl.Ref. Veda & Vedānta
Tulasi, Savitri. M.A. b.10.10.1957, Adhvani,
Kurnool, A.P. Project Assistant. Gp. B.
Raghunandacharya, Shrikrishna Sharma.
Add.18/731, Bhavani Nagar, Tirupati (A.P.).
Spl.Ref. Veda & Vedānta.
Tuli, Prem. M.A., B.Ed. b.27.04.1938. Teacher,
Govt. Senior Secondary School No. I. Roop
Nagar, New Delhi. Ps. 03. Add. A-138,

Saraswati Vihar, Pitampura, New Delhi–
110034. Spl.Ref. Sāhitya.
Tumkuru, Joyisa Shrinivasa Krishnamurti.
M.A., Ph.D. b.29.07.1923, Tumkur, KT. Edu.
Director, Vidyavardhaka Sangha, Rajaji Nagar,
Bangalore. Gp. Prof. C.R. Narasimha Shastri,
Prof. M. Laxminarasimhayya, Prof. N. Shivaram
Shastri, Prof. V.T. Tirunarayana Ayyangara,
Prof. S. Ramachandra Rava. Add. 74, East
Park Road, Malleshvaram, Bangalore – 560003
(KT). Spl.Ref. Veda and Sāhitya.
Tungara, Narayan V. Kāvyatirtha. b. Talegere,
Pune, MH. Bks. 03. Pālī-bhāṣāpraveśaḥ,
Gāndhīstotram, Indirā-gāndhyamarastotram.
Add. 408, Narayan Peth, Munjaba Lane. Pune–
411030 (MH). Spl.Ref. Poetic and Pali
literature.
Tyagi, Hari Singh. Acharya in Sāhitya.
b.15.10.1924, Sisouna, Bijnor, U.P. Prof. Gp.
Ramdatt Shastri, Ramkishore Shastri. Ps. 05.
Add. Gurukul College, Jwalapur, Haridwar
Uttrakhand. Spl.Ref. Sāhitya Śāstra.
Tyagi, Nisha Bala. Ph.D. b.19.01.1957, Delhi.
Asct. Prof. Bks. 01. The Gandhian Way. Add.
5/3. University Road, Delhi University, Delhi–
110007.
Tyagi, Ram Nivas. Acharya in Sāhitya, M.A.,
B.Ed. b.15.10.1941, PGT, Govt. Higher
Secondary Co-educational School, Fatehpur,
Delhi, Ps. 03. Add. 1043/2, Ward-8, Mehrauli,
New Delhi-110030. Spl.Ref. Sāhitya Śāstra.

U
Udayan, H. Shukla. Acharya in Sāhitya &
Vyākaraṇa. b. 18.11.1944, Lakhatar (GJ).
Ex.Principal Baroda Sanskrit Maha-vidyalaya,
M. S. Univ. of Baroda. Vadodara. Bks. 03.
Puṣ-imārgīya Vaiṣṇava Pañcāṅga, Vāstu
Saurabham. Add. Kaustubh B – 15, Vaibhav
Society, Harani Rd. Vadodara – 390022 (GJ).
Udgat, Ganeshwar. Kāvyatīrtha. b. 1901.
Dharakot, Ganjam, Orissa. Asst. Prof., Bks.
03. Ajavilāpaṃ, Vaidarbhī, Chātrabandhuḥ.
Expired on 17.06.1986.

Udupa, Vinayak. Vedāntavidvattama. b.
31.10.1926, Nagra, Shimoga, Karnataka.
Principal. Add. Shri Sadvidhya Sanjivani
Sanskrit Vidhyapeeth, Shringeri Math, Sringeri
(KT). Spl.Ref. Veda, Vedānta Śāstra.
Ukanda Variyara, K. V. Vyākaraṇa Bhushana.
b. 03.07.1910, Kattukulam, Kerala. Gp. M.B.
Shankar, Narayana Shastri, Pandit Rajan
Tarkikatilaka. Add. Tekkupurathu Variyam,
Anapuya, Kodungallur, Kerala. Spl.Ref. Veda,
Vyākaraṇa.

