
Uma Devi. M.A., B.Ed. b. 16.09.1946. Teacher,
Govt. Girls Senior Secondary School, Delhi.
Ps. 05. Add. H.No. 1805, Chirakhana, Delhi.
Spl.Ref. Sāhitya.
Umesh kumar. Acharya in Vyākaraṇa, M.A.
Teacher. Ps. 02. Add. Shri Saraswati Sanskrit
College, P.O. Khanna, Dist.Ludhiana, Punjab–
141401. Spl.Ref. Vyākaraṇa.
Umrajwala, Pushpa Ben N. Ph.D. b. 27.09.1946.
Prof. Shri Jayendrapuri Arts & Science College
Bharuya. Ps. 01. Add. 23, Puneet Society Near
New Civil Hospital, Bharuya. Spl.Ref. Alaṅkāra
Śāstra.
Unadkar, Geeta Ben Amrit Lal. Ph.D. b.
04.01.1968. Prof. Veeram Bhai Ram Bhai
Godania College. Ps. 02. Add. Neelkantha 1,
Arvind Nagar Society, Shivaji Nagar,
Porbander. Spl.Ref. Vedānta Śāstra.
Uniyal, Deviprasada Acharya. Acharya in
Sāhitya, M.A. b. 08.08.1954, Bhatawara, Tehri
Garhwal. Sāhitya Teacher. Ps. 02. Add. Shri
Bholanand Sanskrit Vidyalaya, Haridwar.
Spl.Ref. Sāhitya.
Uniyal, Ghanasyam. Acharya in Vyākaraṇa.
Ph.D.. b. 06.04.1942, Thapali, Garhwal. Gp.
Trilokadhar Dwivedi, Dr. Baladeva Sinha. Asct.
Prof., Ps. 05. Add. Punjab Univ., Sadhu Ashram,
Hoshiarpur (Punjab). Spl.Ref. Vyākaraṇa.
Uniyal, Indra Dutt. M.A., Sāhityaratna. b.
Mupalganva, Tihari Gadhval. Asst.Prof., Punjab
Univ. Bks. 04. Saṃskṛtam, Jīvyāścirampriya
Javāhara Lokabhūtyai, Vasantam Prati,
Śabdārthapuṣpa Racita Saguṇā Sumālā.
Spl.Ref. President Awardee.
Uniyal, Rajaram. Acharya in Sāhitya &
Vyākaraṇa. b. 18.04.1938, Kothi, Tehri
Garhwal. Asst. Prof. Gp. Brahmanand Shukla,
Kuberadatta Shastri. Ps. 01. Add. Shri
Bhagavandas Sanskrit Mahavidyalaya, Avadhut
Mandalashram, Gurukul Kangri, Saharanpur
(U.P.). Spl.Ref. Sāhitya, Vyākaraṇa.
Unni, Damodaran V. N. Acharya in Sāhitya.
b. 20.05.1955, Kannur, Kerala. Gp. S.
Venkatakrishana, Shrinivasa Tatacharya. Ps.

335

02. Add. C.S.N. Skt. Mahavidyalaya,
Kanchipuram – 3, TN. Spl.Ref. Sāhitya.
Unni, Krishnan N. D. Sāhityaśiromaṇi.
b.25.10.1908, Chhilikkavattam, Edapally,
Kerala. Asst. Prof. Gp. Panditaraja K. Achyuta
Potuval, Mantitta Shastri Sharma, K. Ram
Variyar. Bks. 02. Trimadhuram, HarināmaKīrtanam. Add. Kendriya Sanskrit Vidyapeetha,
Purāṇaattukara. Trissur (Kerala). Spl.Ref.
Sāhitya.
Unni, Namboodripad Ottur. Ṛgveda, Kattvalur.
b. 1904. Kerala. Bks. 01. Rādhā-kṛṣnarasāyanam. Spl. Ref. Ṛgveda-Pada Krama, Jatā,
Rathapatha.
Unni, N. P. M.A. ( Skt., Malayalam) Ph.D.,
Dip. In German. b.26.01.1936, Ex. V.C., Sri
Sankaracharya Sanskrit Univ. Bks.48
Kālidāsasarvasvam, Arthaśāstra of Kautilya,
Tantra Literature of Kerala, Saṃskārasmṛti,
The Wedding of Arjuna & Subhadrā. Ps.150.
Add. T. C. 27/1348, Sreelasyam, Rishimangalam, Vanchiyoor, Thiruvanantapuram
-695035, Kerla. Ph .0471-2474442,
M.09495124984. Spl. Ref. Sanskrit scholar,
President Awardee(2001), Sethu Parvati Bai
Award(1991), Rajaprabhapuraskaram(2006).
Italy (1992,1994), Neatherland as a Prof.
(1995),
Germany(1995),
USA(2006).
Chairman, Sri Rangalaxmi Adarsh Sanskrit
Mahavidyalaya, Vrindavan & President, Ullor
Memorial
library
and
Research
Institute.Trivendram.
Unnithiri, N. V. P. M.A., Ph.D.. b. 15.12.1945,
Cheruthalam, Cannanore, Kerala. H.O.D. Dept.
of Sanskrit, Calicut University. Bks. 03.
Gaveṣaṇa Prabandhangal (Malayalam),
Padapradīpikā of Vatsanārāyaṇa (ed.),
Catalogue of manuscripts (English). Add.
Calicut University, Kozhikode, Kerala – 673635.
Spl. Ref. Sāhitya, Vyākaraṇa.
Unnittan,
Prasanna.
Acharya
in
NavyaVyākaraṇa , M.A. b. 26.06.1951, Kollam,
Kerala. Asst. Prof. Ps. 02. Add. Guruvayur
Kendriya Sanskrit Vidyapith, Purnaattukara,
Trissur (Kerala). Spl.Ref. Vyākaraṇa.

