72



Dwivedi, Radhakrishn. b. 21.12.1953,
Sultanpur, (U.P.). Principal. Gp Kamalesvara
Dwivedi, Purushottam Tripathi. Add. Bharatiya
Sanskrit Vidyalaya, Katra Bazar, Gonda (U.P.).
Spl.Ref. Vyākaraṇa.
Dwivedi, Radhe Shyam Dhar. Acharya, M.A.,
Ph.D. b. 22.07.1944, Sajaon Deoria, U.P.. Asst.
Prof. Sampurnanand Skt. V. V., Varanasi, U.P.
Gp Jagannath Upadhyaya, C.R.V. Murti. Bks.
07. Mānava Nītī Vivecanam. Ps. 03. Add.
Krishna Bhawanam. Varuna Parisar, Jadida
Bajar, Back of Taj Hotel, Varanasi. Ph. 204974.
Dwivedi, Rahas Bihari. Acharya, M.A.,Sāhitya
Ratna, Vidyavachaspati, M.Litt. b. 02.01.1947.
Allahabad. Rtd. Prof. Rani Durgavati V.V. Bks.
04. Arvācīna Saṃskṛta Mahākāvyānuśīlanaṃ,
Svāsti-Sandeśa, Sāhityavimarśaḥ, Saṃskṛta
Mahākāvyo ka Ālocanātmaka Adhyayana,
Svarita - Sandeśaḥ, Saṃskṛta Vāṅmaye
Vijñānam. Ps. 50. Add. C -9. Saraswativihar,
Pachapedi, Jabalpur. M.P. - 482001. Ph. (0761)
605081. Spl.Ref. Sāhitya Śāstra. Poet, President
Awadee 2011, Govt.of India.
Dwivedi, Rajendra Prasad. M.A., Ph.D.. b.
01.08.1956, Hardua, Allahabad, (U.P.). Asst.
Prof., Murar, Sanskrit Mahavidyalaya, Chowk,
Patna. Add. Kagaj Bhawan, Chowk, Patna City
(Bihar). Spl.Ref. Darśana.
Dwivedi, Rajendra Prasad. Acharya in Sahitya,
M.A.. b. 15.07.1952, Jaunpur, (U.P.). Asst.
Prof.. Add. D-20, Cottage Nancy Colony,
Shrikrishna Nagar, Boriwali, Bombay (MH).
Spl.Ref. Sāhitya.
Dwivedi, Ram Chandra. Acharya, M.A., Ph.D.
b. 1951. Mainpuri, U.P. Prof., Univ. of RJ.
Gp. Prof. Mukund Shastri Khiste. Batuknath
Shastri Khiste. Gaurinath Shastri. Prof. Co.
A. Subrahamanayam Aiyyar. Bks. 07.
Tantrāloka (ed.), Trikadarśanam, Jātakamālā,
Īśvara Prātyabijña Vimarśinī, Amara Bhāratī
Saṃvāda. Expired in 1993. Spl.Ref. Recipient
of “Rashtrapati award” in 1987–88. Also
honored by “Harit Rishi” award of Maharana
Mewar Foundation.

Dwivedi, Ram Chandra. Acharya in Sāhitya,
M.A., Ph.D., Diploma in French. b. 15.06.1935,
Farukhabad, (U.P.). Head, Deptt. of Sanskrit.
Gp Asst. Prof. Subrahmanya Ayyar, Asst. Prof.
Batukanath Shastri. Bks. 01. Alaṅkārasarvasvasañjīvanī. Add. University of RJ., Jaipur
(RJ.). Spl.Ref. Sāhitya, Darśana.
Dwivedi, Ram Gopal. Acharya in Vyākaraṇa,
M.A.. b. 01.04.1944, Pahra, Chhatarpur,
(M.P.). Asst. Prof.. Add. Shri Vamdev Sanskrit
Mahavidyalaya, Banda (U.P.). Spl.Ref.
Vyākaraṇa.
Dwivedi, Ram Madhav. Acharya in Sāhitya,
M.A., Ph.D., B.Ed.. b. 04.11.1939, Dulhara,
Rewa, (M.P.). Gp Rajaramacharya, A.N.
Ramanujacharya. Add. B-31, Ramkrishna Puri,
Murad, Gwalior (M.P.). Spl.Ref. Sāhitya.
Dwivedi, Ram Narayan. Acharya, Ph.D. b.
08.09.1944, Satohari, Sidhi, (M.P.). Asst. Prof.
Gp Dr. Jagannath Pathak. Add. Abhayanand
Shasakiya Sanskrit Mahavidyalaya, Kalyanpur,
Shahdol (M.P.). Spl.Ref. Sāhitya.
Dwivedi, Ram Nath. Acharya in Āyurveda.
Baliya, U.P.. Asst. Prof., Aayurved Sansthan,
Varanasi. Gp. Pt. Satya Narayan Shastri. Bks.
06. Rogiroga Vimarśaḥ, Sauśṛutī, Agadatantra,
Bhiṣakkarma-Siddhi, Prasūtivijñāna.
Dwivedi, Ram Salahi. Acharya (Vyākaraṇa),
M.A., Vidyavaridhi. b. 06.09.1968. Asstt. Prof.
Deptt of Vyākaraṇa, LBS Rashtriya Skt.
Vidyapeetha. Bks. 05. Ps. 50 Add. 205, Gupta
Aptt., Mehta Chowk, Ward No. 07 Mehrauli30 M. 09873306806.
Dwivedi , Ramanuj.Sāhitya Shastri. b.
25.11.1958, Deora, Tenshah, Alamabad, U.P.
Asst. Prof., Sanskrit Vidhyalaya. Gp Ramvind
Prasad. Add. Deora, Tenshah, Alamabad,
Allahabad. Dist. U.P.
Dwivedi, Ramashray. Sāhitya-Acharya. b.05.05.
1950, Tisoura, Azamgarh, U.P. Principal. Add.
Shri Vaishnava Harihardas Sanskrit Vidhyalaya,
Sherpurkuti, Azamgarh U.P. Spl.Ref.Sāhitya
Śāstra.

