142



Markandeya, Avadhani Ghanapathi, K.N.
Ṛgvedakramānta, Jyotiṣa, (Traditional
Degree). b. 18.11.1933, Mattur, Shimoga,
KT. Pauranika Purohit. Gp. Laxmi Keshva
Avadhani, N. Chidambar Joyisha, Shrikant
Ghanapathi. Add. Mattur, Dist. Shimoga (KT).
Spl.Ref. Ṛgveda & Yajurveda, JyotiṣaŚāstra.
Markandeya. Acharya, (Vyākaraṇa, Sāhitya,
Śuklayajurveda), Veda Teacher, Central Higher
E. School, Samastipur. Add. Narayanapur
(Manikpur), Silon, Muzaffarpur – 843119
(Bihar). Spl.Ref. Vyākaraṇa , Sāhitya,
Yajurveda.
Markuru, Krishnacharya. Dvaitavedāntaśiromaṇi, Skt. Sāhitya Bhushan. b. 06.06.1915,
Ramkunj, Puttur Taluk, KT. Rtd. Teacher.
Add. Krishna Kripa Sulya, South KT– 574239
(KT). Spl.Ref. Skt. Sāhitya, Veda &
DvaitaVedānta.
Mata, S.R. M.A., Ph.D. b. 05.06.1944, Chittur,
(A.P.). Head Librarian, S.B.U. Oriental
Research Institute. Gp. E.R. Shrikrishna
Sharma. Bks. 01. Kauṣītaki Upaniṣad : Ekam
adhyayanam. Add. S.V.U. Oriental Research
Institute, Tirupati – 517502 (A.P.). Spl.Ref.
Sāhitya.
Matha, Jagannath. Acharya in Navya
Vyākaraṇa, Shiksashastri. b. 01.06.1945. Ps.
01. Add. 32, Anand Van, MH Co-Operative
Housing Society, Block A-6, Paschim Vihar,
New Delhi. Spl Ref. Navya Vyākaraṇa.
Mathada, Shivakumar Swami. M.A., Ph.D.
b. 10.02.1938, Asgode, Chitradurg, KT. Ps.
01. Add. Asgode, Chitradurg (KT). Spl.Ref.
Sāhitya.
Mathur, Abha. M.A.. b. 16.11.1951. Skt.
Teacher, Navyug Vidyalaya, Sarojini Nagar,
New Delhi. Ps. 01. Add. F-26, Desu Colony,
Shakti Nagar, Delhi. Spl.Ref. Sāhitya.
Mayavati. M.A., Ph.D. b. 29.06.1954, Rajapur,
Delhi. Asst. Prof., Kirorimal College. Ps. 01.
Add. 94/5, C.P.W.D. Flats, Saket, New Delhi–
110017. Spl.Ref. Sāhitya.
Meena, Kumari M.A., Acharya, Ph.D. b.

15.03.1961. Asct. Prof. Dronasthli Arsh Kanye
Gurukul Dheradun. Ps. 08. Add. Dronasthli
Arsh Kanye Gurukul 35/A Kishanpur
Dheradun–248009 UK. M. 07830236898.
Meena, Vishnu Prasad. M.A., Ph.D. b.
05.11.1980, Guna, M.P. Project Fellow,
Rashtriya Skt. Sansthan, Bhopal Campus. Gp.
Prof. R.V. Tripathi, Prof. A. Dash, Prof. Kusum
Bhuriya, Dr. Ramakant Pandey, Dr.
Dharmendra Kumar Singhdeo. Ps. 01. Add.
Bandari, Kumbhraj, Guna, M.P. Spl.Ref.
Sāhitya.
Meghashyam, Vedalankara. VedaAlaṅkāra,
M.A.. b. 01.12.1950, Paurohitya (Priest). Add.
Arya Samaj Mandir, Lajpat Nagar, New Delhi–
110024. Spl.Ref. Veda.
Mehara, Baldev. B.A., M.A., Ph.D., L.L.B., b.
15.08.1952, Hariyana. Asst. Prof., Mahendra
Gadha, Rohtak. Bks. 07. Śrauta Sacrifices in
the Atharvaveda, Vaīdika Saṅkalan, Vaīdika
Saṅgraha Evam Vyākhyā, ātharvaṇa Kravya
Sūkta, Gṛhakarma Evam Saṃskāra, Śrauta
Sūtra Vyākhyā.
Mehata, Kamalesh. M.A. b. 17.01.1945. Teacher
(TGT), Kendriya Vidyalaya, Andrews Ganj,
New Delhi. Ps. 01. Add. C/o Shri N. Mehta,
E-44, Saket New Delhi.
Meher, Harekrishna. M.A., Ph.D., Diploma in
German. b. 05.05.1956, Sinapali (Orissa).
Asct. Prof. & Head. Dept. of Skt.. Bks. 14.
Philosophical reflection in the Naiṣadhacarita,
Naiṣadhamahākāvye
Dharmaśāstrīya
Pratiphalanam, Sāhityadarpaṇa Alaṅkāra,
Mātṛgītikāñjaliḥ, Śrīkṛṣṇa Janma. Ps. 10. Add.
Government College, Bhawanipatna – 766001.
Ph. (06670) 31591. Spl.Ref. Good Poet,
translated many Kāvyas from Oriya Literature.
Mehta, Anjana ben Harsh Kumar. Ph.D. b.
01.10.1958. Prof., Vivekanand Arts College
Raipur Darwaja Ahemdabad. Ps. 05. Add. 6
Avi Flats Someshwer Satelite Road
Ahemdabad. Spl.Ref. Vyākaraṇa Śāstra.
Mehta, Arun kumar Purushottum Das. Ph.D.
b. 09.10.1938. Prof., S.S. Mehta Arts College

