44



Vidyapeetha, Dr. Chaturvedi has contributed
a lot in bringing the practicability of JyotiṣaŚāstra. President Awardee.
Chaturvedi, Tribhuvananath. M.A., Ph.D. b.
14.06.1948, Gopipuram, U.P. Head, Vyākaraṇa
Dept., Adarsh Shrivasudeva Sanskrit
Pathashala, Gutvan, Jaunpur. Add. Vill.
Gopipur, Kanjagaon, Jaunpur (U.P.). Spl.Ref.
Vyākaraṇa.
Chaturvedi, Umakant. Acharya. M.A., Ph.D.
b. 03.11.1960. Banauli, Kaimur, Bhabhua,
Bihar. Asst. Prof., R.Sk.S. Jaipur, Rajasthan.
Bks. 03. Kāvyadoṣavimarśaḥ, Ayodhyātīrtha
Praśaṅsā, Stutikusumāñjali. Add. 35 – B, Usha
Vihar, Triveni Nagar, Jaipur, RJ. Ph.
09414888050.
Chaturvedi, Vasudev Krishna. Acharya (NavyaVyākaraṇa, Dharma-Śāstra, Vallabha-Vedānta,
Purāṇa, Jyotiṣa, Sāṅkhya-Yoga, Sāhitya.) M.A.,
Skt. Hindi, Sāhitya Ratan, Ph.D., D.Litt.,
Kavyatirtha, Vidya Vachaspati. HOD Oriental
Institute of Philosophy. Bks. 05. Śrī
Dvārikādhīśamahākāvyam, Srī Vrajstavamālikā, Nandotsavaḥ, Bhāratarāṣtragītiḥ,
Śrīmatī Indirāgāndhīkāvyam. Add. 966,
Gathsharamtila, Mathura, U.P. Spl.Ref.
Awarded from UP Skt. Academy.
Chaturvedi, Vishram Prasad. Vyākaraṇa, Ph.D.
b. 10.06.1950, Lohadwar, Rewa M.P. Asst.Prof.
Gp Ramvedna Shukla. Add. Shri Abhayanand
Govt. Sanskrit Mahavidhyalaya, Kalyanpur,
Shehdol, M.P. Spl.Ref. Vyākaraṇa Śāstra.
Chaturvedi, Vivekanand. Acharya. b.
07.02.1960, Sundar Bahuara, Rohtas, Bihar.
Princ. Add. Sundar Bahuara, Naraia, Rohtas
Bihar. Spl.Ref. Sāhitya Śāstra.
Chaubey, Brij Bihari. M.A., Ph.D. b. 01.07.1940.
Ballia, UP. Prof. & Director, MSD Univ.
Vishweswaranand Vishbandhu Skt. & Bharat
Bharati Anusheelan Sansthan, Hosiyarpur.
Gp. Baladeva Upadhyaya, Siddhesvara Bhattacarya. Bks. 29. Ps. 125. Add. Vishveshvaranand
Vishwabandhu Sanskrit & Indological Research
Institute, Hoshiarpur. Spl.Ref. Veda, President
Awardee.

Chaudhari, Kantilata Purushottam. M.A.,
B.Ed.. b. 03.08.1953, Barolia, Valsad, Gujarat.
Asst. Teacher, S.M.S. School, Dharapur. Add.
P.O. Barolia, Baranapur, Valsad (Gujarat).
Spl.Ref. Sāhitya.
Chaudhari, Keval Narayan. Jyotiṣa. b.
10.08.1958, Darbhanga, Bihar. Principal, J.N.V.
Sanskrit Vidyalaya. Ps. 03. Add. Vill. & P.O.
Lagam Ram, Bhadrapur, Dist. Darbhanga
(Bihar). Spl.Ref. Jyotiṣa.
Chaudhary, Angraj. M.A. (English, Pali) D.Lit.
b. 01.01.1935. Editor (Ex.), Vipassana Research
Institute Dhamma Giri, Igatpuri, Nashik MH.
Bks. 05 Comprative Articles : East and West,
Essays on Budhism and Pali Literature, Aspects
of Bauddha Dhamma. Books Transliterated
for the first time into Devanagari script and
critically edited- Suttanipāta-A--hakathā
(Vols.I-II), Thera-gāthā-A--hakathā (Vols.III), Therīgāthā-A--ha- kathā(Tr) Ps. 30. Add.
Vipassana Research Institute Dhamma Giri
Igatpur Nashik Maharashtra. Spl.Ref. Various
Topics of Buddhism and Pali Literature. Visted
Univ. of Leeds, England.
Chaudhary, Arkanatha. Acharya in Vyākaraṇa,
M.A., Ph.D. b. 15.08.1956, Vill. Patra,
Rudrapur, Madhubani, Bihar. Prof., R.Skt.S.
Jaipur Campus. Gp. Pt. Umesh Chaudhari,
Dr. Harsanatha Misra. Dr. Maninath Jha. Bks.
20. Laghu Siddhānta Kaumudī, Vaiyākaraṇa
Siddhānta Kaumudī, Madhya Siddhāntakaumudī, Nighaṇtu Śabdakośah, Tarkbhāṣā,
Meghadūtam.(All Ed.) Ps. 33. Add. R.Sk.S.,
Deemed Univ., Jaipur Campus, Jaipur – 15.
Ph. (0141) 2755657. Mob. 09413561390.
Chaudhary, Arun Chandra Govind Bhai. Ph.D.
b.25.02.1952. Prof. Babu Bhai B. Aviyada Arts
& Commerce College Mandvi Distt. Surat.
Add. Near Gayatri Kripa Ambaji Road Mandvi
Distt. Surat. Spl.Ref. Purāṇa Śāstra.
Chaudhary, Ashish Kumar. M.A.(Skt. Hindi),
M.Phil. (Skt.), Dipl. in Linguistic, German,
Punjabi, B.Ed., NET. b. 15.02.1985. Res.
Fellow. Bks. 01, Mithila Art. Ps. 10. Add. D34A Kiran Garden, Uttam Nagar - 110059.

