164



Orissa. Asct. Prof. Gp. Narayana Mahapatra,
Pt. Kashinatha Mishra. Ps. 05. Add. Shri
Sadashiv Kendriya Sanskrit Vidyapeetha, Puri,
Orissa – 752001. Spl.Ref. Sāhitya, Purāṇa,
Sāṅkya Yoga.
Mishra, Uma Shanker. M.A., Ph.D.. b.
17.10.1957, Varanasi. Ps. 02. Add. 64, Jawahar
Nagar, Extention Bhelupur, Varanasi – 221010.
Ph. 313332.
Mishra, Umanand. P.G. in Jyotiṣa b. 04.05.1949,
Raiyam, Madhubani, Bihar. Teacher. Gp.
Hareram Mishra, Ramaji Ojha. Ps. 03. Add.
Govt. Sanskrit College, Patna, Bihar – 800004.
Spl.Ref. Jyotiṣa.
Mishra, Umashankar. Acharya in Sāhitya. b.
01.05.1945, Belharkala, Basti, U.P. H.O.D.,
Shri Rupkala Sanskrit Vidyapitha, Ayodhya
Ps. 04. Add. Shri Rupkala Sanskrit Vidyapitha,
Shri Divyakala Kunj, Ayodhya, Faizabad, U.P.
Spl.Ref. Sāhitya.
Mishra, Upendra Kumar. Acharya in Vyākaraṇa,
Sāhitya. b. 10.08.1958. Raibareli, U.P. Teacher.
Ps. 02. Add. Shivprasad Sanskrit Adarsh
Mahavidyalaya, Gandhi Nagar, Lucknow.
Spl.Ref. Vyākaraṇa & Sāhitya.
Mishra, Vaidyanath. b. 30.06.1911, Madhubani,
Bihar. Teacher, Saharnpur U.P. Bks. 05.
Ratinātha Kī Cacī, Bālārcanam, Bābā Bateśara
Nātha, Nai Paudha, Dukha Mocana. Exp.on
05.11.1998. Spl.Ref. Sāhitya Academy Award,
Bharat Bharti Award by U.P.Govt.
Mishra, Vamdev. Acharya, M.A., Ph.D. Asct.
Prof. Add. Deptt. of Sanskrit, Kashi
Vidhyapeeth, Varanasi. U.P. Spl.Ref. Veda.
Mishra, Vamsidhar. Acharya, Yājñikaśiromaṇi.
b. 05.05.1905, Korara, Kurukshetra, Haryana.
Rtd. Head. Gp. Vidhyadhar Sharma. Ps. 05.
Add. D-15/25, Manas Mandir, Varanasi. Spl.Ref.
Darśana.
Mishra, Vedmitra. Acharya in Sāhitya,
Sāhityaratna, M.A. b. 05.04.1944, Allahabad,
U.P. HOD. Deptt. of Sāhitya. Gp. Jairam
Pandey, Ramkuber Malviya. Ps. 04. Add. 6/
5, Alopi Bagh, Allahabad U.P. Spl.Ref. Sāhitya.

Mishra, Vidhata. M.A. in Skt, Pālī, Prākṛta,
Hindi, Maithili, Ph.D., D.Litt. b. 06.05.1934,
Darbhanga. Bks. 01. A Critical Study of Sanskrit
Phonetics. Ps. 154. Add. Near Gas Godown,
Laxmi Sagar, Darbhanga, Bihar – 846009,
Ph. (06272) 35146. Spl.Ref. Recipient of Award
of Honour from the president of India, F.R.A.S.
(London), Mahamahopadhyaya Honour.
Mishra, Vidhinarayan. Acharya in Sāhitya.
b. 15.11.1951, Rewa, M.P. Asst. Prof. Gp.
Bholanath Tripathi, Shashishekhar Jha, Dr.
Kedarnath Mishra. Ps. 02. Add. Shri Sachcha
Adhyatma Sanskrit Mahividhyalaya, Arail,
Baba Nagar, Allahabad. Spl.Ref. Sāhitya.
Mishra, Vidhyadhar. Acharya, Ph.D. b.
25.12.1952, Jaidevpatti, Darbhanga, Bihar.
Asst. Prof. Gp. Upendra Jha, Rameshwar
Mishra. Bks. 02. Munitrayam Namaskṛtya,
Mulāyama Patthara. Ps. 02. Add. M.A.
Rameshwarlata Sanskrit Mahavidhyalaya,
Darbhanga, Bihar. Spl.Ref. Sāhitya Śāstra.
Mishra, Vidya Prasad. Acharya. b. 10.07.1958.
Amethi U.P. Jr. Research Officer IGNCA, New
Delhi. Bks. 02. Add. Arya Samaj South Extn.
First New Delhi - 110049. Ph. 011-24636268,
M. 09811281378.
Mishra, Vidyanath. Acharya. b. 20.09.1929,
Tarouni, Bihar. Gp. Yadupati Mishra,
Ishvarnath Jha. Ps. 02. Add. Tarouni,
Vishvanathpur, Nehra Via Darbhanga, Bihar.
Spl.Ref. Vyākaraṇa, Sāhitya, NyāyaŚāstra.
Mishra, Vidyaniwas. M.A. b.1925, Gorakhpur,
U.P. V.C. Sampoornanand Sanskrit Univ.,
Varanasi. Gp. Pt. Kshetreshchandra Chattopadhyay. Bks. 59. Aṅgada kī niyati, Agniratha,
Tuma Candana Hama Pānī, Kadama kī phūlī
©āla, Sāhitya kī Cetanā. Spl.Ref. Recipient
of ‘Padmashri’ Award by Govt. of India and
‘Moorlidevi’ puraskar by Bhartiya Gyanpeeth.
Expired.
Mishra, Vindhyavasini Prasad. M.A., Ph.D.
b. 15.10.1935, Hariharpur, Varanasi U.P.
Asst.Prof. Gp. Raja Narayan Shukla, Shrikant
Pandey, Brahmadev Pandey. Ps. 02. Add.
Hariharpur, Varanasi, U.P. Spl.Ref. Sāhitya.

