
Sagar, Acārya Tūlsī ke Sāhitya se (22,000
Suktīyon kā Sankalan). Add. Jain Vishva
Bharati Institute. Ladun. Nagore (RJ.).
Prajna, Samani Mangal. M.A. Ph.D. b.
05.04.1962. Momasar (RJ). VC. Jain
Vishvabharati Univ. Ladnun. Bks. 03. Arhatī
Dṛṣ-i, Vratya Darśan, Jain Āgamo me Darśana.
Ps. 10. Add. Jain Vishvabharati University,
Ladnun (RJ) – 341306. Ph. (01581) 222116.
Pramila Devi. Sāhityashāstrī, B.A., B.Ed.
Teacher, Ps. 02. Add. Nimpara Girls High
School, Nimpara, Puri (Orissa). Spl.Ref.
Sāhitya.
Prasad, Ishwar. M.A., Ph.D., Diploma (German).
b.15.01.1974, Alangar. Asst. Prof. Ps. 01. Add.
Alangar House, Vittal Mudnoor, 574243,
Bantwala (T.Q.), KT. Ph. (08255) 54239.
Prasad, Ramesh. M.A., JRF, M.Phil., Ph.D. b.
17.11.1966. Patna, Bihar. Asstt. Prof. SSVV.
Bks. 02. Ps. 11. Spl.Ref. Pali, Baudha Darśana,
He is actively involved in traditional teaching
of Sastras, guiding scholars and editing and
publishing manuscripts. Beside it, he is teaching
Pali by using different methods of statistics
and Vipassana meditation, Maharshi Badrayan
Samman by President of India.
Prasannapada, Sudarshanacharya. Bks. 02.
Nyāyasūktavṛtti, Advaitacandrikā. Spl.Ref.
Nyāya, Pūrva Mīmāṃsā and Vedānta.
Pratap, K. M.A., Ph.D. b.11.12.1951. Asst. Prof.,
Sanskrit Department. Ps. 03. Add. Shri
Venkateshwar Sanskrit Vishwavidyalaya,
Tirupati (A.P.). Spl.Ref. Sāhitya.
Pratibha, R. Acharya in Vedānta, śikṣāśāstri.
b.24.05.1964, Nilambur, Trissur, Kerala. Asst.
Prof. Ps. 05. Add. Guruvayur Kendriya Sanskrit
Vidyapitha, Purāṇattukra, Trissur (Kerala).
Spl.Ref. AdvaitaVedānta, śikṣāśāstra.
Pratihast, Anil Acharya, M.A., śikṣā-Shastri,
M.Phil., Ph.D. b. 25.01.1981. Kota. Asstt. Prof.,
RSKS, Lucknow Campus. Ps 09. Add. 3/58
Patrakarpuram, Gomti Nagar Lucknow. Ph.
0744-2426085. M. 09829246925. anilpratihast
@gmail.com Spl. Ref. Jyotiṣa.

221

Pravin, G.R. B.Sc., M.Sc. b.12.06.1966, Bantwal,
South Kannada, KT. Asst. Teacher, Prashanti
Nilayam Vidyalaya. Gp. Prof. Shrikrishnamurti,
Laxminarasimha-murti, Add. Shri Satyasai
Institute of Higher Learning, Prashantinilayam,
Anantpur – 515134, (A.P.). Spl.Ref. Veda.
Prem, Nath. D.Litt., Vyākaraṇa, Sāhitya, Nyāya,
Vedānta, Sāṅkya & Mīmāṃsā. b.1865,
Bhattpalli(W.B.). Asst. Prof., Kolkata Univ.,
Kolkata. Bks. 21. Kokīladūtam, Rasarasodayam,
Vijayaprakāśam, Vyāptīpaṃcaka, Māthūrī
Rahasya Vivrittī. Expired on 22.05.1941.
Spl.Ref. Tarkbhushan Padavi. M.M. awarded
by English, Govt. in 1911. D.Litt. manad Upadhi
by Hindu Vishvavidyalaya. Kashi in 1942.
Premlala, Gautam. Acharya in Sāhitya, M.A.,
M.Phil., Ph.D. b.07.10.1954, Samaloh, Solan,
H.P. Principal. Gp. Devidatta, Sukhadev
Sharma, Dr. Baladev Sinha. Ps. 02. Add.
Rajakiya Sanskrit College, Nahan (H.P.).
Spl.Ref. Sāhitya.
Premlala. M.A., B.T. b. 08.04.1939. Teacher,
Govt. Boys Senior Secondary School No. 1,
Moti Nagar, New Delhi. Ps. 02. Add. C-142
B, Moti Nagar, New Delhi. Spl.Ref. Sāhitya.
Premlata, Madan. M.A.. Teacher, Govt. Girls
Senior Secondary School No. 3, Uttam Nagar,
New Delhi. Ps. 02. Add. C-2/172, Janakpuri,
New Delhi – 110058. Spl.Ref. Sāhitya.
Priyavrata. M.A. b.13.04.1939, Binijhol, Karnal,
HR. Asst. Prof. Gp. Dr. Satyavrata, Dr. Jayapal
VidyAlaṅkāraa. Ps. 02. Add. D.A.V. College,
Punjab University, Amritsar (Punjab). Spl.Ref.
Sāhitya.
Promila. M.A., OT. b. 30.06.1976, Jind. Skt.
Teacher Govt. Girls Sr. Sec. School, Sivan.
Ps. 02. Add. Promila Rattan Vill & P.O. Siwan,
Kaithal. M. 09416097298.
Prthvinath, Pushpa. M.A. b.16.10.1917,
Srinagar (J & K). Rtd. Professor & Head, Deptt.
of Sanskrit, G.G.M. College, Jammu. Bks. 01.
Acha Ku-ira (Kashmir tr. Of Rabindranath
Tagore’s Cokhera Bālī). Add. D-47, Pamposh
Enclave, New Delhi – 110048. Spl.Ref. Sāhitya.

