258



Vidyalaya No. 1, Najafgarh. Ps. 02. Add. 1620
B, Nawad Bazar, Najafgarh, New Delhi–
110043. Spl.Ref. Sāhitya.
Sharma, Pushpa. M.A. (Sanskrit & Hindi), B.Ed.
b.10.09.1931. Teacher (PGT), Shri L.N. Trust
GJi Senior Secondary School, 9, Raj Niwas
Marg, New Delhi. Ps. 02. Add. C/o Shri
Santoshraj B-1, 1894, Timarpur, Delhi.
Sharma, Pushpendra Kumar. M.A., Ph.D.,
Shastri. Age. 50 yrs. in 1988, Deoband,
Saharanpur, (U.P.). Asst. Prof. Delhi University.
Bks. 01. Devīpurāṇa (ed.), Ps. 10. Add. Delhi
University Avasa, B-29, Asct. Prof.’s Line,
Maurice Nagar, New Delhi-07. Spl.Ref. Purāṇa,
Sāhitya, SaktaDarśana.
Sharma, Pyare Mohan. Acharya in Sāhitya.
b.1929. Jaipur. Director, RJ Sanskrit Academy,
Jaipur. Bks. 07. Abhinavakāvyasaṅgrahaḥ,
Abhinavakathā-saṅgrahaḥ, Chandaścayanikā.
Spl.Ref. Editor of Svaramaṅgalā & Bhārtī
Sanskrit monthly Magzine of Jaipur. He has
awarded by Vidwatsamman by H.R.D. Delhi.
Sharma, R. C. Koteshwara. Nyāya Vidya
Praveen, Bhasha Praveen, Sāhitya Vidya
Praveen. b. 17.11.1923. Prakasham, AP. Rtd.
Principal. Bks. 02. Gadādharīyasaṃśayapakṣatākrodapatram. Spl.Ref. Nyāya Vedānta,
President Awardee.
Sharma, Rabindra Nath Dev. Vyākaraṇa Shastri
& Kāvya Shastri, M.A. in Sanskrit, Ph.D.. b.
01.05.1955, Nalbari, Assam. Head in Sanskrit,
D.K.D. College, Dergaon, Golaghat, Assam.
Bks. 05. Śraddhātattva Vimarśaḥ, Meghadūtam, Atharvaveda (Vol. – I), Kusamāñjali,
Praśastimīlikā Ps. 05. Add. D.K.D. College,
Dergaon, Golaghat, Assam. Ph. (0376)
2380299, M.9854720121.
Sharma, Radha Govind. M.A., Acharya, Ph.D.
b.10.04.1930. Jaipur. Asst. Prof., Deedwana,
Jodhpur Univ., Tonk (RJ). Gp. Pt. Nawalkishore
Kankar, Prof. Praveen Chandra Jain, Swami
Surjandas, Bhatt Mathura Nath Shastri. Expired
in 1978.
Sharma, Radha Krishna V., Acharya, B.O.L.,

Ph.D. b.23.03.1932, Narsimhapur, A.P. Bks.
01. Śrīmadbhāgavatasya -īkā ‘Sudhīsudhā.
Add. Ecole, Francais de Scheme Orient, 27,
Dumas Street, Pondicherry – 605001. Spl.Ref.
Sāhitya.
Sharma, Radheshyam Vaidik. b. 01.02.1955,
Deogarh, Sidhi, (M.P.). Teacher. Gp.
Kedaranatha Dwivedi, Dr. Gopalachandra
Mishra. Add. Govt. Higher Secondary School,
Deogarh, Semaria, Sidhi (M.P.). Spl.Ref. Veda
(Ṛgveda, śukla-yajurveda).
Sharma, Raghu Nandan. b.1921. Somayi,
Aligarh (U.P.). Gp. Kaluram Gani. Sp. Shri
Tulsi Gani, Shri Nathmal Bagaur, Shri Nathmal
Muni, Shri Chandanmuni, Shri Doongarmal,
Shri Sohanlal, Shri Champalal. Bks. 03. Śrī
Tulasīmahākāvyam, Sādhuśatakam, Praka-itakāśmīram.
Sharma, Raghu Nath. Acharya. b.1899. Chhata,
Balia (U.P.) Gp.: Pt. Achyut Tripathi, Shri
Shankar Bhattacharya, Pt. Harinath Sharma.
SP: Pt. Ramprasad Tripathi, Dr. Devswaroop
Mishra, Jagannath Upadhyay, Pt. Vrijvallbh
Dwivedi. Bks. 05. Citrani-bandhāvalī,
Mahābhāṣya (Ṭippaṇī), Caitsukhī (Ed.), Pārvatī
Pariṇaya Kāvyātmakavārtika-pratyākhyāna.
Expired in 1989. Spl.Ref. Honoured by
‘Padmashri’ & ‘Vishvabharti’ award.
Sharma, Raghu Nath. M.A., Ph.D. b.23.09.1938,
Kohat (in Pakistan). Gp. Svami Karapatri,
Shyamlal Sharma. Add. 263, Kohat Enclave,
Pitampura, Delhi – 110034. Spl.Ref. VaiṣṇavaDarśana & Veda.
Sharma, Raj Kumar. M.A. b.19.07.1957.
Nanouli, Saharanpur, (U.P.). Asst. Prof. Gp.
Purushottam Jha Sharma. Ps. 05. Add. Shri
Devikund Sanskrit Mahavidyalaya, Deoband,
Saharanpur (U.P.). Spl.Ref. Sāhitya.
Sharma, Rajanikant Dev. SmritiVyākaraṇa tīrtha. b.12.09.1915, Dingdingi, Borbham,
Assam. Gp. Shadanan Nyāyatarkatirtha,
Laxmipati Tarkashastri. Ps. 05. Add. Bagaribari,
Dhubri (Assam). Spl.Ref. Vyākaraṇa, Smṛti,
Ratnamala-Vyākaraṇa.

