110



Jha, Ramsharan Sharma. Acharya in Vyakarna,
Tīrtha in Vedānta, Kāvya. b.30.12.1918. Rtd.
Principal. Gp. Padam Prasad Bhattarai
Parvatiya., Ramesh Jha. Add. Rahimpur,
Khagarhia Bihar. Spl.Ref. Navya Vyākaraṇa.
Jha, Rati Nath. b. 1922. Basti. Asst. Prof.
Varanasi, U.P. Basti. Bks. 05. Mahāvīrābhyudaya, Gāndhiśatakam, Mālavīyapraśastiḥ, Aravindaśatakam, Mālavīya
Praśastīḥ. Mahāvīrā-bhudayamahākāvyam,
Vānīvilasitam.
Jha, Ratna Mohan. M.A., Acharya, Ph.D. b.
25.12.1974. Asst. Prof. R.Sk.S, New Delhi.
Ps. 07. Add. . Rashtriya Sanskrit Sansthan,
56-57, Inst. Area, D Block Janakpuri, New
Delhi–58. Spl.Ref. Coordinator, NFSC, Award
received Skt. Sevavatansah.
Jha, Rekha. M.A., M.Phil., B.Ed., Ph.D. b. 01.
01.1972. Delhi. Add. C – 20. II Floor. B.K.
Dutta Colony. Lodhi Road. New Delhi –
110003. Ph. 4625436.
Jha, Rudradhar. Acharya (Vyākaraṇa, Nyāya,
Vedānta) b. 1923. Add. Andhara Tharhi,
Madhubani, Bihar. Spl.Ref. Vyākaraṇa, Nyāya
& Vedānta Śāstra.
Jha, Sarva Narayana. Acharya in Gaṇita &
Phalita Jyotiṣa, Ph.D., D. Litt. b. 05.06.1962.
Saharsa (Bihar). Prof. R.Sk.S. Lucknow
Campus. Bks.05. Meghamālā, Vaiṣṇavī, Uśatī,
Gomatī (Ed.). Ps. 06. Add. 5/614, Viramkhand,
Gomtinagar, Lucknow.
Jha, Satish Chandra. Ph.D., D.Litt. b.
10.05.1947. Chanpura, Madhubani, Bihar.
Prof. & H.o.D. Skt. B.R.A. Bihar Univ. Bks.02.
Surathacarita Mahākāvya : Eka Pariśīlana,
Kātyāyanavārtikānām
Bhāṣāśāstrīyamadhyayanam. Ps. 100. Add. Prof. & H.O.D.
Skt.. B.R.A. Bihar Univ., Muzaffarpur – 842001.
Ph.(0621) 242922.
Jha, Seetaram. Acharya in Jyotiṣa, Jyotiṣatīrtha.
b. 1890. Vill. Chougama, Dist. Darbhanga,
Bihar. Teacher, Sanyasi Pathasala, Kashi. Bks.
67. Ahibalacakra, Avaka©ahācakram, Tājika
Nīlakaṇ-hī Vyākhyā, Bṛhajjātaka Ṭīkā,

Muhūrttamārtaṇ©a Ṭīkā, Mānasāgarī Ṭīkā,
Bṛhat Pārāśara Horāśastra Ṭīkā. Expired on
15.06.1975., Kashi. Spl.Ref. ‘Jyotiṣa samrat’
& ‘Jyotiṣaratnakar’ titles awarded by sanyasi
Skt. College, Kashi. He was well known as
‘Sun’ of Mithila. An extraordinary scholar in
JyotiṣaŚāstra.
Jha, Shambhu Kumar. Yajurveda, Ṛgveda,
Acharaya (DharmaŚāstra, Sāhitya), M.A., Ph.D.
b 25-05-1970, Madhubani, Asstt. Prof. Jagat
Guru Ramanandacharaya Raj. Skt. Univ. Gp
Prof. Vidyeshwar Jha. Bks 03, Vaidikadevavādasya Samīkṣātmakam-adhyayanam,
Kātyāyanaśrautasūtram, Vaidika Sāhityetihāsaḥ. Ps 30. Add. Dept. of Ved, JRR Skt.
Univ. Jaipur – 302022. M 09166227681,
09799192184 Spl.Ref. Ṛgveda, Yajurved.
Jha, Shashi Nath. Acharya in Vyākaraṇa,
Sāhitya, M.A. in Skt., Ph.D., D.Lit. b.
15.02.1954., Madhubani, Bihar. Prof.
K.S.Darbhanga Univ., Bihar. Gp. Pt.Kulanand
Mishra, Pt.Tejnath Jha, Pt.Shyamasundar Jha,
Pt. Khagendra Jha., Pt. Kameshwar Jha. Sp.
Dr.Shankar ji Jha, Dr. Panchadeva Jha, Dr.
Sadananda Jha, Dr. Kamal Thakur. Bks. 70.
śuddhikaumudī,
Samāsaśakti
Dīpikā,
Upasṛṣ-adhātvarthasaṅgrahaḥ, Bālaśikṣāsopānam, Rāgataraṅgiṇī. Ps. 40. Add. Behind
Dyaurhi, Shubhankar Pur, Darbhanga, Bihar.
Ph.(06272) 254727. Spl.Ref. A great Gramarian
& Smārtta pundit. Manuscript & script
specialist and an excellent writer as well as
editor.
Jha, Shashinath. Bihar. Bks. Lakṣaṇāvalī
Vyākhyā, Tritalāvacchedaktāvādaḥ. Khaṇdasāraḥ. Expired in 1963.
Jha, Shiv Kant. Acharya in Phalita & Gaṇita,
Ph.D., D.Lit. b. 02.01.1956. Bardaha,
Madhubani, Bihar. Prof. & head Jyotiṣa,
S.K.Singh Skt. Vishvavidhyalaya, Darbhanga,
Bihar.
Bks.
04.
Brahmaguptoktaṃ
Vedhayantram, Brāhmasphu-asiddhāntasya
Samīkṣātmaka-madhyayanam,
Adbhuta
Sāgaraḥ, Yogayātrā. Ps. 14. Add Dept. of
Jyotiṣa, KSD Skt Univ. Darbhanga, Bihar. M

