348



Area, Hari Nagar, New Delhi- 110064. Spl.Ref.
Sāhitya.
Verma, Madan Lal. M.A., Ph.D., Sāhitya Ratna
Prabhakar Visharad. b. 16.05.1931, Talamba,
Multan (in Pakistan). Rtd. HOD Kurukshetra
V.V. Gp. Vinaymohan Sharma. Bks. 02.
Sadānīrā, Kapiśā Ps. Several Articles. Add.
133-L/A, Basera, Model Town, Rohtak –
124001 (HR). Spl. Ref. Sāhitya, Hans Samman,
Maharishi Balmiki Puraskar, Poetry in Hindi
and Skt.
Verma, Mahaveer Singh. Shastri. Acharya in
Sāhitya. Āyurvedaratna. Sāhitya-ratna. b.
15.10.1935. Kot. Dadari. Goutam Budda
Nagar. Add. I. B – 1/8. Shastri Ji. Dyalpur.
Patralaya – Gokulpur. Delhi – 110094. II.
134 – Karawal Nagar. Shastri Gali. Delhi –
94. Ph. 2854603. Spl.Ref. Āyurveda.
Verma, Nargis. M.A., Ph.D. b. 05.02.1945,
Peshawar. Asct. Prof. Bks. 01. The Etymologies
in the Śatapatha Brāhmaṇa. Ps. 25. Add. B.N.–
44. Poorvi Shalimar Bagh. Delhi – 110052.
Ph. 7493373. 7494733.
Verma, Om Prakash. M.A. (Sanskrit & Hindi).
b. 07.06.1937. Director (Post & Telegraph
Department), Patel Chowk, New Delhi. Ps.
02. Add. C-3 A/21, A, Janakpuri, New Delhi–
110058. Spl.Ref. Sāhitya.
Verma, Prem Chandrika. Bharati Bhushan.
Sāhitya Ratna. b. 15.10.1937. Tigaon. (HR).
Ps. 02. Add. 28. Krawal Nagar. P.O. Gokulpuri.
Delhi– 94. Ph. 2842094.
Verma, Raj Ray. b. 1866. Prof. Trivendram
Mahavidyalaya. Bks. 01. Gauravānī Vijaya.
Expired in 1918.
Verma, Raja Laxmi. M.A., D.Phil. b. 18.10.1947,
Allahabad, (U.P.). Asct. Prof., Deptt. of
Sanskrit, Allahabad University. Bks. Research
papers and Radio plays. Add. Saket, 4, Prayag
Street, Allahabad (U.P.). Spl.Ref. Darśana.
Verma, Satya Dev. M.A. (Skt., Hindi), MOL.
b. 12.12.1918. Yamuna Nagar, Haryana. Prof.,
Mukundlal Rashtriya Mahavidyalaya, Yamuna
Nagar. Bks. 04. Sāṃskṛtam Kurānam,

Keshavacaritam, Saṃskṛtakāvyacandrikā.
Expired on 05.01.2000. Spl.Ref. Honour from
Delhi and Maharashtra Govt.
Verma Satyavarat. M.A., Ph.D., D.Litt. b.
13.10.1939. Kharvana, HR. Rtd. Principal PG
College. Bks. 26 Navo©hā Vilāsam, Nāgara
Sarvasvam, Abhinava Kathā Mañjrī, Glimpses
of Jaina Skt. Mahākāvyas, Lagusiddhānta
Kaumaudī Prakriyā Bhāga. Ps. 200. Add 7/
34 Chawla Chowk, Near Namdev Floor Milk,
Sri Ganganagar, Rajasthan. Ph. 0154-2473343.
Spl Ref. Urdu, Honoured Prof. Title from Vedic
Shodh Sansthan, Hosiarpur. Vigyan Puraskar
Rajasthan Skt. Academy Bhatt Mathuranath
Shastri Award Rajasthan Skt. Academy,
President Awardee.
Verma, V. K. M.A., Ph.D. Prof. Bks.
Ṛgvedaprātiśākhyasya--īkā, Ṛgveda-prātiśākhya: Eka Parivartan, Śuklayajurvedaprātiśākhya--īkā. Add. Deptt. of Sanskrit,
Faculty of Arts., Banaras, Hindi University,
Varanasi. U.P. Spl.Ref. Veda.
Verma, Vidya Sagar. M.A. b. 25.12.1944. Dajal.
Ambassador I.F.S. (Rtd.). Bks. 02. Yoga
Darśana Kāvya Vyākhyā, Lessons in Practising
Yoga. Ps. 01. Add. D-63. I.F.S. Apartments.
Mayur Vihar–I, Delhi– 91. Ph. 011) 22791640.
09871724733. Spl.Ref. Yoga & Ancient Indian
Philosophy & Culture.
Vetal, Anand Anantaram. M.A., M.Phil.,
Shikshashastri. b. 1999. (v.s.). Teacher, Sri
Sanatana Sarasvati Bala Mandir, Delhi. Add.
U-U/179 C, Pitampura, Delhi-110034.
Vidani, Pushpa. M.A. (Sanskrit & Hindi), B.Ed..
Age. 44 years. PGT, Shri Sanatan Dharma
Girls Senior Secondary School, East Patel
Nagar, New Delhi. Ps. 03. Add. 11/A Pocket
G.G., Vikaspuri, New Delhi – 110008.
Vidushi Hemlata. M.A., M.Phil. b.10.03.1958.
Asst. Prof. Ps. 05. Add. Govt. Post-Graduate
College, Bundi Rajasthan. Spl.Ref. Sāhitya
śāstra.
Vidyabhushan, Sadashiv. Ashtavadhani. b.
07.02.1965. Brahmapur, Ganjam. Bks. 03.

