194



01.12.1981. Asstt. Prof. RSKS., Lucknow
Campus. Bks. 01. Golaparibhāṣā. Ps. 05. Add.
RSKS Lucknow Campus, Vishal Khand-4, Gomti
Nagar, Lucknow. M. 09450529755. pandey
nigam@gmail.com Spl. Ref. Jyotiṣa.
Pandey, Om Prakash. M.A., Ph.D., D.Litt. b.
15.09.1949. Barabanki, U.P. Rtd. Prof & HOD,
Lucknow Univ. Bks. 11. Vedanāvallakī,
Dīpaśikhā Sañcāriṇī, Vaidikakhilasūkta eka
adhyayana, Vaidika Sāhitya evam saṃskṛti
kā svarūpa, Sāmavedīya brāhmaṇo kā
anuśīlana. Spl.Ref. Honour from U.P. Skt.
Sansthan, U.P. Hindi Sansthan etc. Visiting
Prof. in Paris.
Pandey,
Om
Prakash.
Acharya
in
NavyaVyākaraṇa. Shikska Shastri. b.
01.01.1957, Jogapur, Pratapgarh, U.P. Gp.
Pt. Giridhara Sharma, Pt. Satyadeva Tripathi,
Pt. Sadhurama Tripathi, Pt. Deviprasada
Tripathi. Ps. 05. Add. Jogapur, Bhawani-pur,
Pratapgarh (U.P.). Spl.Ref. Vyākaraṇa.
Pandey, Om Prakash. Acharya in Purāṇetihāsa,
M.A., M.Ed.. b. 01.05.1960, Ghazipur, U.P.
Gp. Dr. Lalbihari Pandey, Dr. Virendrakumar.
Ps. 03. Add. K-7/19, Gaya Ghat, Varanasi.
Spl.Ref. Purāṇetihāsa.
Pandey, Paras Nath. Acharya. b. 19.07.1938,
Vikrampur, Ghazipur, (U.P.). Asstt. Teacher.
Ps. 01. Add. D 1/38, Lahauri Tola, Varanasi
(U.P.). Spl.Ref. Sāhitya.
Pandey, Prabhakar Prasad. Acharya in Sāhitya.
b. 01.05.1958, Rewa, (M.P.). Teacher. Gp.
Pt. Anjaniprasada Pandey, Pt. Ramadhar
Dwivedi, Hanumatprasad Tripathi, Pt. Subodha
Jha. Ps. 03. Add. Govt. Venkat Sanskrit
Mahavidyalaya, Rewa, (M.P.). Spl.Ref. Sāhitya.
Pandey, Prabhu Nath. Acharya in Sāhitya. b.
31.12.1958, Hata, Deoria, (U.P). Principal.
Gp. Dr. Parasanath Dwivedi. Ps. 01. Add. Vill.
Mujahana, Rahim Hata. Deoria Dist. (U.P.).
Spl.Ref. Sāhitya.
Pandey, Prachee Kumar. M.A., Ph.D. b.
20.07.1977, Chitracoot. Ps. 03. Add. Titihara,
Chitrakoot, (M.P.) Ph. 09450614916.

Pandey, Pradeep Kumar. Acharya. (Vyākaraṇa
& Sāhitya). Ph.D. b. 20.07.1977, Chitrakoot.
Asst. Prof. R.Sk.S., Bhopal Campus. Gp. Prof.
Ram Manohar Mishra, Pt. Purushottam
Tripathi, Prof. Vashishtha Tripathi, Dr. Ram
Nevaj Pandey. Sp. Manas Sharan Tiwari, Bharat
Bhushan Tripathi, Shiv Sampat Dwivedi. Ps.
10. Add. L – 142, ABDL Paradise (Sant Asharam
Nagar – III), Laharpur, Bhopal – 426043. Ph.
09406542991. Spl.Ref. Editing Reseach Jounal
‘Śāstra-Meemamsa’ from 2011.
Pandey, Prakash. M.A., Acharya. b. 30.12.1955,
Vindhyachal, Mirzapur, (U.P.). Principal,
R.Sk.S. Ganganatha Jha Campus, Allahabad
(U.P.). Bks. 09. Ps. 38. Add. E-670, D.D.A.
Flats, Poket – 03, Bindapur, Dwarika, New
Delhi – 1100591. Spl.Ref. Eminent scholar
of Sharada lipi, Shaivasim & Aethestics.
Pandey, Prakash. M.A., Ph.D., D.Litt. b.
15.07.1941. Yavatmala, Maharashtra.
Principal, Manohar Kamdi Mahavidyalaya,
Nagpur. Bks. 04. Literary Aspects of
Bhavabhūti, Cultural Aspects of the age of
Bhavabhūti, The World of Bhavabhūti. Add.
Ahilaya, Somalwada, Vardha Road, Nagpur.
Spl. Ref. Poetry in Skt. and English.
Pandey, Pratap Narayan. Acharya, M.A. b.
09.08.1940, Faizabad (U.P). Principal. Gp.
Ramprakash Shukla, Pt. Ravidatta Mishra,
Pt. Bhavanisahay Pandey. Ps. 02. Add. Shri
Krishnanand Ramvari Hindi Sanskrit
Mahavidyalaya, Rudauli, Barabanki (U.P.)
Spl.Ref. Sāhitya.
Pandey, Radheshyam. Acharya in Jyotiṣa
(phalita & Siddhānta), Sāhitya. b. 11.12.1954,
Faizabad, (U.P.). HOD, Jyotiṣa. Ps. 02. Add.
Shri Rajgopal Sanskrit Mahavidyalaya,
Ayodhya, Faizabad (U.P.). Spl.Ref. Jyotiṣa
& Sāhitya.
Pandey, Radheshyam. Acharya. b. 01.01.1948,
Rohtas, Bihar. Asstt. Teacher. Gp Ramkuber,
Dvijendranath Mishra. Ps. 01. Add. Bapu Higher
Secondary School, Varanasi (U.P.). Spl.Ref.
DharmaŚāstra.

