
Mishra, Rajeshwar. M.A., M.Phil., Ph.D. b.
30.04.1959, Barahakalan, Allahabad. Prof.,
Kurukshetra University, Kurukshetra. Bks. 05.
Sāyaṇakṛta
Atharvaveda
Bhāṣyāgata
Nirvārcana, Arthaveda meṃ Paramatattva
Mīmāṃsā. Ps. 20. Add. Kurukshetra University.
Kurukshetra. Haryana. – 136119 Ph. 01744291158.
Mishra, Ram Avadh. Acharya (Sāhitya,
Vyākaraṇa), b. 24.08.1922, Rtd. Principal.
Gp. Kamlaprasad Mishra. Bks. 04.
Śivāsambandha, Gāndhicaritam, Saṅgaropākhyānam Ps. 05. Add. Avadh Dhaam Nath
Nagar, Deoria, U.P. Spl.Ref. Sāhitya, Vyākaraṇa
Śāstra, Rashtriya Shiksha Award.
Mishra, Ram Kishore. Acharya (Vyākaraṇa,
Sāhitya), M.A., Ph.D. b. 25.02.1939. Etah.
U.P. HOD, Mahamana Malviya Mahavidyalaya,
Meerut. Bks. 21. Vidyotamā Kālidāsīyam,
Bālacaritam, Devistavacaritam, Ekāṅkamālā,
Chāndasgranthparamparā, Chandaskalāvatī.
Add. Mahamana Maliviya Degree College,
Khekra Bagpat – 01. Spl. Ref. Honour from
U.P. Skt. Sansthan, Delhi Skt. Academy.
Mishra, Ram Manohar. M.A., Ph.D. b.
08.07.1948. Prof., Sampoornanand Skt. Univ.
Varanasi. Gp. Shri Purushottam Tripathi. Sp.
Prof. Ayodhya Dasji, Prof. Ashok Tripathi.
Bks. Vaiyākaraṇabhūṣaṇasāra Paramalaghumañjūṣāyāḥ Sidhāntānāṃ Samīkṣā,
Bhuktivāda Samīkṣā. Ps. 10. Add. Vill. Majhvar,
Post Chandauli, Janpad Chandauli.
Mishra, Ram Narayan. NavyaVyākaraṇa, Ph.D.
b. 23.12.1940, Naraharpur, Gorakhpur, (U.P.),
Asct. Prof. Ps. 05. Add. Shri Ranvir Kendriya
Sanskrit Vidhyapeeth, 304-A, Shastri Nagar,
Jammu Tawi (J & K)
Mishra, Ram Prasad. Acharya in Sāhitya, M.A.
b. 08.02.1951, Malbhirha, U.P. Asst. Prof.
Gp. Padmanarayan Tripathi, Sankardutta
Bharadvaj. Ps. 05. Add. Shri Baijnath Sanskrit
Mahavidyalaya, Bartan Bazar, Muradabad U.P.
Spl.Ref. Sāhitya Śāstra.
Mishra, Ram Sagar. M.A., M.Ed., Ph.D. b.

159

15.03.1943, Sultanpur, U.P.. Asct. Prof.,
R.Sk.S., Lucknow Campus. Bks. 02. Śiṣyahita
Nyāsa & Śiṣya Hitavṛittī. Add. 5/598,
Vikaskhand, Gomati Nagar, Lucknow –
226010. Ph. 396660.
Mishra, Ramakant. Acharya in Vyākaraṇa,
Sāhitya, M.A., Ph.D. b. 12.12.1955, Marhan,
Gorakhpur, (U.P.). Head, Deptt. of Sāhitya.
Ps. 10. Add. D-7/39, viharipuri, Vishvanath
Gali, Varanasi (U.P.). Spl.Ref. Sāhitya.
Mishra, Ramakant. Acharya in Vyākaraṇa, Ph.D.
b. 05.08.1955, Pothikhurd, Satna, (M.P.). Asst.
Prof. Gp. Ramavadana Shukla, Madhukar
Phatak. Ps. 05. Add. Shri Ramadeshika Sanskrit
Mahavidyalaya, Daraganj, Allahabad (U.P.).
Spl.Ref. Vyākaraṇa.
Mishra, Ramapati. Acharya in Sāhitya, Ph.D.
b. 11.07.1949, Jhunsi, Allahabad, (U.P.). Gp.
Rajadhar Dwivedi, Amaranath Pandey,
Vishvanath Bhattacharya. Bks. 01. Gaṅgāvataraṇam (Mahākāvyam). Add. Samyog,
Gandhi Ganj, Karbi, Banda (U.P.). Spl.Ref.
Sāhitya.
Mishra, Ramashankar. Acharya in Vyākaraṇa
& Vedānta, Sāhitya Ratna, Sāhitya Alaṅkāra,
M.A., Ph.D. b. 03.03.1948. Ajhara, Pratapgarh
(U.P.) Prof. & HOD Sāhitya Skt., Muniswar
Dutt PG Mahavidyalaya Pratapgarh. Gp.
Shivpratap Mishra, Muralidhar Mishra. Bks.
07.
Māruticaritam
(Khaṇ©a-kāvyam),
Karapātrapūjāñjali, Āvantikam, Vivekacamūḥ.
Add. Munishvar Datt Colony, Paltan Bazar,
Pratapgarh (U.P.) Spl.Ref. Vyākaraṇa , Sāhitya
& Vedānta, Madhup. He writes poem with
the name of Madhup.
Mishra, Ramavtar. Sahityopadhyay, Vyākaraṇa,
āyurveda, Jyotiṣa. b. 1899, Banipur, Bihar.
Bks. 02. Śrī Devīcaritam, Rukmaṇī Maṅgalam.
Expired in. 1984. Spl.Ref. āyurveda, Recipient
of Kalidas Purskar by U.P. Sanskrit Academy.
Mishra, Ramchandra Vidyavachaspati.
Acharya, Vyākaraṇa, Vedānta, Sāhitya. b.
19.09.1911. Sitamadhi Bihar. Prof. KSVV,
Darbhanga. Bks. 02. Vaidehīcaritam,

