114



Mishra, Ravinatha Jha. Add. Virsayar, ViaPandauli, Madhubani, Bihar. Spl.Ref. Sāhitya,
Sāṅkya, Yoga.
Jhala, Laxman Singh Ajmal Singh. Ph.D. b.
23.04.1963. Prof. K.C. Seth Arts College,
Veerpur, Distt. Kheda. Add. Vill Kevadiya
(Vardhara) Post Limarvadha Tehsil Veerpur,
Distt. Kheda. Spl.Ref. Vedānta.
Jhala, Suhas Dharmendrasingh. Ph.D.
b.24.02.1955. Princ. B.D. Arts College Manik
Chauk Ahemdabad. Add. 603, B Manisha
Appartment Near Rajpath Club, Ahemdabad.
Spl.Ref. Vedānta Śāstra.
Jhamba, Jagadishachandra. M.A.. Age. 51 yrs.
Teacher (PGT). Add. C-3/428, Janakpuri, New
Delhi – 110058. Spl.Ref. Sāhitya.
Jhoshi, Mahakant Bhai J. Ph.D. b. 25.05.1969.
Prof. Pramukhswami Science & H.D. Patel
Arts College, Near Railway Station Kadi. Add.
13 Mangal Murti Society, Near Dr. House.
Kadi, Distt. Mehsana. Spl.Ref. Vyākaraṇa
Śāstra.
Jhujarved, Vitthalacharya Sheshacharyasunu.
Vidvān. b. 08.04.1931, Bagalkot, Bijapur, KT.
Inspector of Sanskrit Pathashalas, Govt. of
KT. Gp Keshvacharya. Bks. Satyabodhavijayaḥ.
Add. 2833, Gokul Road, V.V. Mohalla, Mysore
KT. Spl.Ref. Sāhitya Śāstra.
Jigyasu, Brahmdatt. Studied in Vyākaraṇa.
Pūrvamīmāṃsā. b. 1892. Distt. Jalandhar.
Acharya. Sadhu Aashram. Pulkali River.
Aligarh. Virjanandashram. Amritsar. Gandasinghwala. Gp. Swami Poornanand Saraswati.
Devnarayan Tiwari. M.M. Pt. Chinnaswami
Shastri. Bks. 01. Aṣ-ādhyāyībhāṣya. Expired
on 21.12.1964. Spl.Ref. Established Panini
College on Motijheel, Kashi. Awarded by Govt.
of India for his contribution in Skt.
Jivandhar, Nyaytirth. b. Shahgarh, Sagar M.P.
Principal, Seth Hukumchand Jain Skt. College
Indore M.P. Bks. 01. Jainatattvavivekaḥ.
Expired in. 1974.
Jogal, H.R. Ph.D. b.05.02.1970. Prof. Smt. C.P.
Chaukse Arts & Commere College Rajendra

Bhawan Road Vairawal. Add.Vill Khamidana,
Tehsil Kesod Distt. Junagarh. Spl.Ref. Alaṅkāra
Śāstra.
Joshi, (Tarktirth), Laxman Shastri. Nyāya,
Vedānta. b. 27.01.1901, Pimpalner (Dhule)
MH. Gp. K. Rajeshwar Shashtri Dravid,
Vamacharan Bhattacharya. Bks. 11. Śuddhīsarvasvam, Ānandamīmāṃsā, Jyotinibandha,
Vaidika Saṃskṛti kā Vikāsa. Spl.Ref. Titled
as ‘Tarkatirtha (1922) by Calcutta Skt. College,
Rashtriya Skt. Pandit (1973) and Padmabhushan (1976) by President of India. Chief
editor of ‘Dharmakosha’ 1930-32. He was
freedom-fighter.
Joshi, Anand Vallabh. M.A., b. 30.11.1942.
Vadalu, Pithauragarh, U.P, Principal Sri
Sarasvati Skt. Vidyalaya, Jogath Uttar Kashi.
Gp. Dukhaharana Acharya, Narmadesvara
Prasada Shukla, Batukanatha Sastri. Add. Sri
Sarasvati Skt. Vidyalaya, Jogath, Uttar Kashi
(U.P.) Spl.Ref. Sāhitya.
Joshi, Aniruddha. M.A., Ph.D. b. 15.06.1943,
Kapurthala, Punjab. Teacher. Gp. D.N. Shukla.
Punjab Univ., Chandigarh (Punjab). Spl.Ref.
Sāhitya.
Joshi, Anuradha. M.A., B.T.. b. 08.10.1935.
Vice-Principal, Govt. Senior Secondary School,
New Delhi – Add. A-02/182, Janakpuri, New
Delhi – 110058.
Joshi, Aravinda Harsadaraya. M.A., Ph.D..
b. 05.01.1934. Vyara, Surat. Lecturer, M.T.B.
Arts College, Surat. Gp. J.T. Parikh, Dr. A.D.
Sastri. Add. 102, Kalpana Society, Part – 02,
Rander Road, Surat – 395009 (GJ). Spl.Ref.
Vedānta, Sāhitya.
Joshi, Archana. M.A., M.Phil. Professor, Skt.
Dept. Ps. 02. Add. Govt. Skt. College, Indore
(M.P.)
Joshi, Arun Bhai Shantilal. Ph.D. b. 25.03.1936.
Prof., Shamaldas College, Bhav Nagar Univ.
Add. Shantikunj Pushpa Society Heel Drive
BhavNagar. Spl.Ref. Alaṅkāra Śāstra.
Joshi, Arvind Bhai Harshadrai. Ph.D. b.
05.01.1934. Prof. M.T.B. Arts College Campus

