280



Sanskrit College, Jodhpur. Bks. 01. Vīramatī.
Spl.Ref. Shashtrachudamani at R.S.K.S., Jaipur,
RJ. Taught Sanskrit Grammer to jain saints.
‘Vishishtavidwat-Samman’ by RJ Sanskrit
Akademy in 1977. Awarded by Governer of
RJ on Sanskrit Day.
Shastri, Purna Chandra. Acharya (Jyotiṣa).
b. 21.10.1912, Katra, Jammu. Teacher of
Astrology. Gp. Rshikesh Upadhyay. Add. Jyotir
Bhawan, House No. 9, Kali Janni, Jammu
(J&K). Spl.Ref. Jyotiṣa & Veda.
Shastri, Pyarelal. Acharya in Sāhitya,
Kāvyatīrtha. b. 28.01.1910, Alwar, RJ. Gp.
Pt. Ramachandra Bhatta. Add. Near S.T.C.
School, Alwar (RJ). Spl.Ref. Sāhitya & Veda.
Shastri, Radhakrishna. Acharya in Sāhitya
& DharmaŚāstra. b.07.02.1941, Parana, Tonk,
RJ. Gp. Krishnachandra Shastri. Head, Deptt.
of Sāhitya. Ps. 05. Add. Maharaja Sanskrit
College, Jaipur (RJ). Spl.Ref. Sāhitya.
Shastri, Radhakrishna. āyurvedaśiromaṇi. b.
30.09.1923, Thanjavur, TN. Gp. V.S.
Venkatasubrahmany
Shastri,
K.G.
Natesashastri. Bks. 03. Śaṅkaravijayamakarandaḥ,
Śaṅkarābhyudayakāvyam,
Ānandakandaḥ (Āyurveda-saśātram). Add.
Thanjavur (T.N.). Spl.Ref. Veda & āyurveda.
Shastri, Rajanna K. TarkŚāstra VedāntaŚāstra,
MOL, M.A., Vidyapraveen, Ph.D. b. 02.06.1933.
Dharampuri, Karim Nagar, A.P. Rtd., PG
Mahavidyalaya Sikandarabad. Gp. Sri. Taribal
Krishna Shastri, Sri Gollapalli Sambshiv Shastri,
Shri P.V. Raj Shastri. Bks. 04. Sumanoñjalī,
Vasumati Sudhākaram, Skt. Pathpradarśinī.
Spl. Ref. Poet in Skt. and Telugu.
Shastri, Rajeshvar. Navya Nyāyavidvān. Age.
33 yrs. in 1988. Teacher. Add. Shri Jagadguru
Shankaracharya Pathashala, Dharwad–580001
(KT.). Spl.Ref. Veda & NavyaNyāya.
Shastri, Rajeshwar ‘Drawid’. Navyanyāya. Sp.
Pt. Hariram Shukla, Pt. Ramchandra Khanang.
Bks. 03. Vaidikasiddhāntarakṣiṇī (Comm.).
Expired in 1979. Spl.Ref. Established
Vallabhram Shaligram Sangved School at
Ramghat Muballa, Varansi, U.P.

Shastri, Rajkishor Sundarji Modha. Acharya
in Sāhitya, Āyurvedavisharad. b. 16.01.1933,
Kavalaka. Gp. Jagadishaprasad Pandey,
Bhagavatprasad Mishra. Add. Secretary, Vishw
Sanskrit Pratishthan, Junagarh (GJ). Spl.Ref.
Sāhitya & Āyurveda.
Shastri, Rakesh. Acharya (Sāhitya & Purāṇa).
b.20.03.1955, Daurala, Meerut, U.P. HOD
Sankrit Deptt. Shri Govind Guru Govt. College,
Banswara (RJ). Gp. Dr. D.N. Shastri. Bks.
40. Kālidāsa kī Kāvya Cetanā, Kālidāsa kā
Upamā Yojanā, Nāgānandam, Add. 1-J-38
Housing Board Colony, Banswara (RJ). Spl.Ref.
Sanskrit Sāhitya Puruskar, U.P. Sanskrit
Sansthan (2000 – 2005), Maharana Mewar
(Raj.) Harit Rishi Puruskar – 1998.
Shastri, Rakesh. M.A., Ph.D. Acharya in Sāhitya,
D.Litt. b. 20.03.1955. Reader & HOD Skt.
Deptt. Shri Govind Guru Rajkiya P.G. College
Baswada, Rajasthan. Bks. 17. Ṛgveda ke Nipata,
Ṛk sūkta chandrikā, Sugama Saṃskrita
Vyākaraṇa, Madhu Kaṇikā, Saṃskrita nibandh
Chandrīkā. Ps. 30. Add. 1, J.38-H.B. Colony,
Baswada Raj. Ph. 09460308623. Spl.Ref. Veda,
Purāṇaa, Sāhitya, Vyākaraṇa , Darśanaa. Editor
of Gurukul Patrika. U.P.Skt.Sansthan Lucknow
Award- 2000, 2005.
Shastri, Ram Chandra G. R. Vyākaraṇaśiromaṇi,
Nyāyaśiromaṇi. b. 20.06.1914. Gudalur,
Tanjavur, TN. Principal. Gp. Panditaraj
Subrahmanya Shastri. Add. Shri Ram Mandir,
Raddiyar Tank East, Kumbakonam–612001
(T.N.). Spl.Ref. Veda & Vyākaraṇa.
Shastri, Ram Chandra S. M.A. b. 23.03.1929,
Mysore, KT. Rtd. Principal, Government
College, Bangalore. Gp. Shivaram Shastri,
P.C. Bhatta, M.A. Krishnaswami. Add. No.
5, Surasarasvati Sabha, Shankaramutt,
Shankarpur, Bangalore–560004 (KT.). Spl.Ref.
Veda, Advaita Vedānta & AlaṅkāraŚāstra.
Shastri, Ram Chandra. Acharya, M.A., Ph.D.
b.08.05.1944, Sambanambhu. Rtd. Prof. Shri
Ranavir Kendriya Sanskrit Vidyapitha, Kot
Bhalwal, Jammu. Bks. 02. Ps. 10. Add. 153,

