
15. Spl.Ref. Broadcast Kavypath, Speechs in
‘Akshara’, ‘Saurbh’, ‘Manthan’ Sanskrit
Programs from DoorDarśana, Jaipur. Many
articles Published in ‘sauvarṇi’, ‘Dainika
Bhāskara’ & ‘Dainika Navajyoti’ Magzines.
Awarded ‘Pt. Harivansrai Puruskar’ in 2001.
Shastri, Shri Vatsa. M.A., M.Phil., Ph.D. b.
04.07.1959. Orissa. Asct. Prof, Motilal Nehru
College, Moti Bag, New Delhi. Bks. 01.
Saṃskṛta Vyākaraṇa ko Helarāja kā Yogadāna.
Ps. 05. Add. 17/4, Shakti Nagar, Delhi–110007.
Shastri, Siddhasen. Madhyama, Shastri, M.A.
in Vyākaraṇa , M.Phil. b. 18.11.1963 Shajapur
(M.P.). Ps. 05. Add. Govt. Sanskrit College,
Ujjain (M.P.) – 456001. Ph. 9977852318,
07342585451, 9617636340. Spl. Ref. Yoga
& Paurohitya.
Shastri, Simili Venkatarama Radhakrishna.
Ayurveda-Siromani. b. 23.09.1923. Tanjavoor,
TN. President Skt. Education Society in
Chennai. Bks. 29. Spl.Ref. Adwait Vedānta,
Yoga, Uttam Skt. Vidwan, Braham Vidya
Ratnam, Tantra Śāstra Nipuna, Fellowship
by India Govt., President Awardee.
Shastri, Sitarama Krishnamurthi. Rigveda.
b. 04.07.1926. Tiruvarur, TN. Presently he
is teaching Śāstra Texts to the disciples in
the field of Veda. Gp. S. Narsimha Shastri,
V. Subramanyam Shastri, Sri Balkrihan
Panikker. Spl.Ref. Veda, Jyotiṣa, Nyāya or
Mīmāṃsā, President Awardee.
Shastri, Srinivas. Acharya in āyurveda. b.1914.
Lambi, Jaipur (RJ). Vaidya, Principal, Nohar
Ayurved College, Bikaner, Kolkata. Bks. 04.
Candramahīpatiḥ, Sūryaprabhā, Kṛṣṇatārā,
Svayam vā Bhāratavaibhavam.
Shastri, Srisantram Kavitarkik. b. Moga,
Punjab. Rtd. Lecturer, MDAS Higer Sr. School,
Moga. Bks. 03. Vedamantrātmakam Kāvyam,
Yajurvedamantrātmakam Kāvyam, Nirdhananiketanam. Add. 394, Lane 6, New Town,
Moga, Faridkot, Punjab.
Shastri, Subrahamanyam. b.1879, Kavishari.
Gp.. Venkat Shastri. Bks. 01. Brahmasūtraratnāvalī. Expired in 1937.

283

Shastri, Subrahmanya A. L. Vidvaduttama,
AlaṅkāraVidvanmadhyama, Kannada Pandita.
b.10.08.1919, Manchery, KT. Rtd. Sanskrit
Teacher. Gp. K.P. Narayan Shastri, N.S.
Tirunarayanacharya, V.S.Ramchandra Shastri.
Add. Kaduru, Chikkamaglur KT. Spl.Ref. Veda
& Advaita Vedānta.
Shastri, Subrahmanya K.S. b. 28.11.1933,
Tirunelveli, T.N. Veda Teacher. Add. 10, M.B.S.
Agrahara, Kulittalai T.N. Spl.Ref. Veda.
Shastri, Subrahmanya Potukuli. M.A., M.Litt.
D.Litt. b.22.01.1920, Tenali, A.P. Gp. Neelkanth
Shastri, P.V. Das Shastri, C.Kunjan Raja. Ps.
03. Add. 59, Vidhya Vihar, Pratap Nagar,
Nagpur MH. Spl.Ref. Alaṅkāra Śāstra.
Shastri, Subrahmanya V.H. Shiromani.
b.15.04.1912, Tripunithura, Kerala. Rtd.
Principal, Madras Sanskrit College. Bks.
Vālmīkikān©a Rāman (Tamil), Sanskrit
Literature. Add. 27, Chidambaraswami Road,
IIIrd Street, Mylapore, Madras. Spl.Ref. Sāhitya
& Vedānta.
Shastri, Sudhanshu Shekhar. Nyāya,
Vedāntacharya, Ph.D. b.03.10.1944. Rtd. Prof.
Kashi Hindu Univ. Varanasi. Gp. Shri Shiv
Shankar Bharti. Bks. 03. Darśana Sarvasvam
(Tika), Khaṇ©anaKhaṇ©a- Khādyan (Part–
I,II). Ps. 25. Add. Bharati-bhawanam, C.K.
34/39 Lahori Tola, Varanasi, U.P. Spl.Ref.
Awarded by Sanskrit Parishad.
Shastri,
Sudhanshu
Shekhar.
Ph.D.
b.03.10.1944. Jaipur, RJ. Prof. Bks. 02.
Darśanasarvasvam, Khaṇdan-khaṇda-khādyam
(Ed.). Ps. 10. Add. Vaidik Darśana Vibhag,
S.V.D.V. Sankay, K.H.V.V. Varanasi, & Bharati
Bhavanam, C.K. 34/38, Lahoritola, Varanasi
– 9, U.P.
Shastri, Sunanda Ben Y. Ph.D. b.13.11.1953.
Prof. Sanskrit Deptt. Bhasha Sāhitya Bhawan,
Gujrat University, Ahemdabad. Ps. 03. Add.
B-2 Jash Appartment Nehru Park Ahemdabad.
Spl.Ref. Dharma Śāstra.
Shastri, Surendra Dev. Shiromani, Acharya,
M.A., Ph.D. b.01.01.1918, Mainpuri, U.P. Asct.

