12



Avasthi, Gopinatha. Acharya in Sāhitya. b.
15.03.1935, Shuklapur. Teacher. Add. Shri
Tiwari Vedic Adarsh Skt. Mahavidyalaya, Old
Kanpur, Kanpur(U.P.). Spl.Ref. Sāhitya.
Avasthi, Nandakishore. Acharya in Vyākaraṇa,
B.Ed. b. 01.06.1959. Purohit (Priest). Add.
House No. 1137, Near Shiva Mandir,
Mukherjee Nagar, Delhi. Spl.Ref. Vyākaraṇa.
Avatare, Shankardev. M.A. (Skt.& Hindi),
Acharya, Ph.d., D.Litt. b.15.04.1921,
Bulandsahar, U.P. Rtd. Principal, Motilal Nehru
Eveing College, Delhi. Bks. 04 Jīvanamuktakaṃ
Nārīgītaṃ, Sītārāmīyam. Add.H-54, Jyoti Nagar
(West), Loni Road, New Delhi-94. Spl.Ref.
Honor by President., Mysore Hindi Parisat,
Delhi Skt. Academy.
Avinashi, Tararani. Sāhityaratna, Prabhakar,
J.B.T.. Age. 52 yrs. Asst. Teacher. Add. G625, Sarojini Nagar, New Delhi – 110023.
Avula, Nagamallayya. M.A. B.Ed. b. 26.06.1958,
Sangatipalli, Cudappa, A.P. Lecturer. Add.
Sri Rajareddi Degree Kalashala, Pulivendula,
Cudappa – 516390 (A.P.). Spl.Ref. Sāhitya.
Awasthi,
Baburam,
M.A.,
Acharya.
b.28.02.1929, Lakhimpurkheri. Asst.Prof. Bks.
09. Yuga Darśanam, Lokagītāñjali, Kathā
Dvādaśī, Nā-ya Navanītam, Nā-ya Nīrayanam.
Add. Urmila Sadan, Bajpai Colony, Lakhimpur,
Kheri. Expired on 02.06.2010. Spl.Ref. Kavi
Evam Sāhityakar.
Awasthi, Bachchoolal. Acharya in Vyākaraṇa,
Darśana, Sāhitya, M.A., Ph.D, D.Litt. b.
08.08.1918. Sipahia, Kodar, Pharuha ghat,
Bahraich Disst. (U.P.). Acharya. Sagar Univ.
(M.P.). GP. Pt. Rajaram Batt. Bhagirath Mishra,
Vedānta Mishra, Pt. Ghutar Jha. Mahaveer
Jha. SP. Dr.Ananda Mangal Bajpai, Dr Santosh
Pandya, Dr. Vandana Tripathi, Dr. D K
Singhdeo Bks. 20. Bhāratīya Darśana Śāstra
kā Bṛhatkośa. Kāvya me Rahasyavāda. Dhvani
Siddhānta & Tulaniya Sāhitya Cintana.
Bhāratīya Kāvya Samīkṣā Me Dhvanisiddhānta,
Kāvya-Tattva-Bhodhinī. Pratāninī. Ps. 100.
Spl.Ref. Rasasidh Kavi, Ozasvi Vakta,

Samvedansheel Lekhak & Parinishta
Samikshak. Honored by Sāhitya Akademi
puraskar for his beautiful poetry collection
Pratanini As well as Honored by presidential
award in the year of 1993.
Awasthi, Krishn Datt. Acharya, Ph.D., D.Litt.
b. 30.12.1927, Banda, (U.P.). GP. Dr. Gopinath
Kaviraj, Baladev Upadhyay. Teacher (Senior).
Add. 2/55, Civil Lines, Banda (U.P.). Spl.Ref.
Vedānta.
Awasthi, Krishnkant. Acharya, M.A., Ph.D.,
D.Litt. b. 30. 12.1927, Banda, (U.P.). Bks.
01. Bhāratīya Vāṅmaya meṃ Sītā kā Svarūpa.
Add. 2/55, Civil Lines, Banda (U.P.). Spl.Ref.
Sāhitya.
Awasthi, Narendra. M.A., Ph.D. b. 22.09.1955,
Jodhpur. Prof., Deptt. of Skt. JN Vyas Univ.
Jodhpur. Gp. Prof. Dayanand Bhargava. Sp.
Smt. Rani Dadhich. Bks. 06 Śrīmadbhagavadgītāvijñānabhāṣyam, Atrikhyātiḥ, Nūpurdhvani : Veda Upaniṣad, Gītā Kā Dārśanika
Vivecana. Ps. More than 70. Add. 21/54
Chopasni Housing Board, Jodhpur 342008,
Raj. Ph. 02912702455, M. 09351510782,
awasthi_dr.narendra @rediffmail.com Spl.Ref.
Indian Philosiphy. Gujrati, French. West
Germany, France, Switzerland, Neitherland,
Belzium.
Awasthi, Premshankar. Acharya in Sāhitya.
b. 05.06.1955, Dharmpur, Kanpur, (U.P.).
GP. Surendradatta Awasthi, (Sāhitya). Add.
Govt. Sanskrit Mahavidyalaya, Gwalior (M.P.).
Spl.Ref. Sāhitya.
Ayyangar, Kallenalattur Varadaraj. Vidvān.
b. 30.09.1921, Kalle, Karnataka. GP. Kasturi
Shrinivasacharya, Laksmikant Ayyangar. Bks.
Ed. Sudharmā, Nārāyaṇīyam etc. Add. Shrikant
Power Press, No. 561, Chhawari Road,
Ramachandra Agrahar, Mysore (KT). Spl.Ref.
Viśiṣ-ādvaita Vedānta, Award. Sanskrit Seva
Dhurina. Vani Bhushanam, Vidyanidhi.
Ayyangar, Krishnamurti Raghavan. b.
09.01.1958, Shesamulai, Thanjavur, Tamil
Nadu. Vedaparayanakartta (Veda Exponent).

