
Dixit, Laxmikant. M.A., Ph.D. b. 03.07.1920,
Kamalpur, Sitapur, U.P. Rtd. Prof. Add. 326,
Mamford Ganj, Allahabad U.P. Spl.Ref.Sāhitya
Śāstra.
Dixit, Mahadev G.P. b. Chidambaram, T.N.
Ved Teacher. Gp Shrinivas Ghanapathigal,
Shrikrishna Sharma, Parameshvar Dixit. Add.
Shri Vidyanidhi Ved Pathshala, 85, South Char
Street, Chidambaram (T.N.). Spl.Ref.
Kṛṣṇayajurveda.
Dixit, Martand Chidambar. Navyanyāya Vidvān,
Pūrva-Mimāṃsā Vidvān. b. 01.06.1916.
Belgaun, KT. Lecturer, Dharwad Skt. College,
Mysore, Skt. College, Deccan College. Bks.
03. Paryāyaśabdaratna, Guruva-canasudhā,
Mādhavakaruṇāvilāsa. Spl.Ref. Nyāya,
Mimāṃsā, Vedānta, KT State Award, Kanchi
Samman. President Awardee.
Dixit, Martand. Vidwan. Age. 70 years in 1988.
Add. Chidambar Nivas, Vidya Nagar, Hubli
(KT). Spl.Ref. Nyāya, Mimāṃsā.
Dixit,
Mathura
Prasad.
b.
1878.
Bhagwantnagar, Distt. Hardoi, U.P. Bks. 10.
Abhidhānarājendra (ed.), Atrinirvacana,
Vīrapṛthivīrājanā-aka, Bhāratavijaya, Śaṅkaravijaya. Expired on. 25.09.1966. Spl.Ref.
Recipient of MahaMahopadhya award by Govt.
of India.
Dixit, Narahari.Sāhitya śiromaṇi, Sāhityaratna.
b. 04.10.1923, Gokarana, KT. Yajurved Purohit
(Priest). Gp. Devaru Bhatti Shastri, Sivaram
Shastri. Add. Gokarana, KT– 581326. Spl.Ref.
Sāhitya, Yajurveda.
Dixit, Paksitirth Subrahmanya (Somayaji).
b. 13.01.1921, Tirukkalukundram, T.N. Add.
166-4 Cross, Purushottam Nagar, Chrompet,
Madras – 600044. Spl.Ref. Vyākaraṇa, Veda.
Dixit, Pawan Kumar. M.A., Ph.D. Asstt. Prof.
R.Sk.S. Lucknow Campus Gp. Prof. B.P. Mishra,
Prof. N.J. Rastogi. Bks. 01. Manasijasūtram.
Ps. 11. Add. R.Sk.S., Lucknow Campus Vishal
Khand – 4, Gomti Nagar Lucknow. M.
09415521230.
Dixit, Piyush Kant. M.A., Ph.D. b. 05.02.1964.

63

Varanasi. Prof., S.L.B.S. R.Skt. vidyapeeth,
New Delhi. Bks. 01. Vyāptisaptaka Sāraḥ. Ps.
01. Add. Shri Lalbahadur Shastri Rashtriya
Skt. Vidhyapeetha, Qutub Institutional area,
New - Delhi - 110016. Ph. 011-26513036.
Dixit, Pradeep Kumar. M.A., Ph.D. b.
01.05.1965. Farrukhabad, U.P.. Asst. Prof.
Bks. 01. Saṃskṛta Gadya Saṅklana (1999).
Add. 10/10, Vijay Nagar Colony, Kanpur, U.P..
Ph. (0512) 230003.
Dixit, Prem Shankar. M.A., B.Ed. b. 01.07.1947.
Asst. Prof., Shri Ramanuj Skt. College,
Maishrapokhra, Varanasi. Gp. Sh Prasad. Sp.
Mohan Chandra Joshi, Ramkumar Mishra,
Vipin Chnadra Joshi. Add. M.L. 13, Ashok
Vihar, II, Pahadiya, Varanasi U.P.
Dixit, Pushpa. M.A., Ph.D. b. 12.06.1943,
Jabalpur, (M.P.). Rtd. Prof. Govt. Mahavidhyalaya, Bilaspur, Gp. Pt. Vishvanath
Tripathi, Dr. Hiralal Jain. Bks.10. Agniśikhā,
Aṣ-ādhyāyī sahaja bodha, sahaja bodha
Vyākaraṇa. Add. Telipara, Bilaspur (M.P.).
Mob. 09425542292. Spl.Ref. Navya Vyākaraṇa,
episodes have been prepared on Sanskrit
Language learning. President Awadee, Govt.
of India.
Dixit, Ramchandra Venkataraman. Chudamani. b. 18.09.1957. Asst. Prof. Ps. 05. Add.
Shrimad Jagadguru Shankaracharya Sanskrit
Pathashala, Dharwad (KT). Spl.Ref. Nyāya,
Vedānta.
Dixit, Ramlinga. M.A., M.Litt. b.1939. Arcaka.
Gp Dr. C.S. Venkatesvaram. Bks.01 A Study
of Chidambaram. Add. Nataraja Temple,
Chidambaram (T.N.). Spl.Ref.Sāhitya Śāstra.
Dixit, S. Tatwamasi. Yajurveda, B.A. Gurukul
Education. b. 28.12.1972. Varanasi. Director,
Ojas Holistic Healthcare Pvt. Ltd. Ojas
Foundation and Kayakalpa. Spl.Ref. He has
intensively worked in the field of Energy
Science. He went to Europe and Phillippiness
to educate himself in Psychotherapy and
different forms of healing. As a result, he
has integerated modern scientific methods

