
Cunetha, Narayandutt. Sāhitya, Siksashastri.
b. 29.12.1925, Pithauragarh, Uttarakhand.
Asst. Prof. Gp. Dr. Devendradutt, Dr. Gopal

49

Mishra. Add. Shri Kurmanchal Anglo Sanskrit
Maha-vidyalaya, Champawat, Pithauragarh,
Uttarakhand. Spl.Ref. Sāhitya, Shikhaśāstra.

D
Dabral, Ashok Kumar. M.A. (Skt. &
Hindi),Sāhitya Ratna, Ph.D. b. 14.04.1943.
Gadhwal. Rtd. Prof. Bks. 07 Devatātmāhimālayaḥ, Dhukṣate Hā Dharitrī, Dāyādyam,
Dudhukṣā, Atha Iti. Ps. 05. Add. A-3/29 FF
Sector 11 Rohini New Delhi 110085. Spl.Ref.
Skt. Scholar & Poet.
Dabral, Sadanand. b. 1877, Timli (Pandi)
Uttarakhand. Gp. Damodar Dabral. Bks. 04.
Narnārāyaṇīyam Mahākāvyam, Kīrtīvilāsam,
Divya Caritam, Rāsvilāsa. Spl.Ref. Tantra, Title
of Siddhakavi. Expired in 1950.
Dabral, Sushila. M.A. (Skt., Hindi). b.
15.08.1947. Gadhwal. Bks. 04 (Trans., Ed.
Published) Devatātmāhimālayaḥ, Dhukṣate
Hā dharitrī, Dāyādayam, Dudhukṣā. Spl.Ref.
Scholar & Poet.
Dadhich, Harishastri. Acharya in Veda, Sāhitya,
Tantra. b. 18.04.1893, Jaipur. Lecturer,
Maharaja Skt. College, Jaipur. Gp. Shri
Laxmiramji Swami, Shri Chandra dutta Ojha,
Pt. Biharilal Ji Shastri. Sp. Vijay kumar,
Rajkumar. Bks. 12. Udara-Praśasti, Vāṇīlaharī,
Lalitāsahasra-kāvyam, Siddhīstavaḥ, Śrī
Mādhava-kāvyam. Expired in 1970. Spl.Ref..
Chief Editor of ‘Bharati’ Skt. Patrika of Jaipur,
Awarded ‘Ashukavi’ ‘Kavibhushan’ by Jaipur
Skt. Samiti, Jaipur. Also resipient of ‘Ayurvedabhushan’ by Ayurved Anushilan Samiti, Jaipur,
‘Aamnaya Dhurandhara’ by Prayag &
‘Sahityamahamahopadhyaya’ by agra.
Dadhich, Nangalya Gopinath. Sāhitya, Nyāya,
Mīmāṃsā. b. Nangalya, Jaipur. Lecturer, Skt.
College, Jaipur, RJ. Gp. Pt. Jeevnath Ojha.
Bks. 29. Ānandanandanakāvyam, Mādhavasvātantryam, Tarkakārikā, Santoṣapañcāśikā,
Kṛṣṇāryāsaptaśatī. Spl.Ref. Famous Skt. Poet.
Dadhich, Nityanand Shastri. b.1889, Marvad,
Jodhpur Raj. Famous Poet of 20 th Century.

Bks. Rāmakathā Kalpalatā (Mahākāvya),
Śrīdadhīcicarita, Śrīrāmacaritābdhiratnam,
Śrīhanumaddūtam, Laghucchando’laṅkāradarpaṇaḥ (Devīstavaḥ) Expired in 1961. Spl.Ref.
Vyākaraṇa, Kāvya, Śāstra, Alaṅkāra, Chand,
Citrakavya Hindi. He is the well known poet
and Aashukavi of 20 th Century in Skt. and
Hindi.
Dadhich, Ram Kumar. b. 07.09.1959, Narodada
(Sikar) RJ. Principal, Acharya Sanskrit College,
Ajmer. Bks. 05. Ādhunikasaṃskṛtasāhityetihāsaḥ, Prācīnabhāratasya Sāhityikasaṃskṛtikaścetihāsaḥ, Alaṃkāraśāstretihāsaḥ, Kāvyālaṃkārasutra kī Vyākhyā. Ph. 09351643205.
Expired in 1920.
Dadhich, Rani. M.A.(Skt. & Edu.), Acharya
in Dharma Śāstra. Shikshacharya, Ph.D. b.
24.05.1980, Jodhpur, RJ. Instructor. R.Sk.S.
New Delhi. Gp. Prof. Shrikrishna Sharma,
Prof. Narendra Awasthi, Prof. Paras Nath
Dwivedi. Bks. 01. Bhāratīya darśano kī
Śāstrārthapaddhati. Ps. 30. Add. 2018, Shakti
Sadan, Purani Basti, Mistri Khana Road,
Gangauri Bazar, Jaipur – 302001.(RJ). Ph.
09414145879. Spl.Ref. Editing of many Text
books of Self study material for Open
University, Kota. Dramatis and Annunsore
of All India Radio.
Dadhimath, Pt. Kanhaiyalal. Acharya in Nyāya.
b. 1883, Jaipur. Asst. Prof. Skt. College, Jaipur.
Expired. 07.05.1964. Spl.Ref. Recipient of
Vidyasagar’, ‘Sarvabhaum’, ‘Nyayratna’ Awards.
Language.
Dadhimatha, Pt. Shivadatta. Vyākaraṇa. b.
1851, Jaipur. Prof. Oriental College, Lahore.
Gp. Badri Lal Dadhicha, Pt. Rambhaj Saraswat,
Shivram Saraswat. Bks. 05. Vyākhyāsudhā
Siddhānta Kaumudī, Kāśikā, Nirukta,
Mahābhāṣya (all Books ed.). Expired. 1986.
Spl.Ref. Recipient of M.M. Award.

