240



Kāvyamañjarī. Ps. 10. Add. Rabindrasadan
Girls College, Karimganj, Assam – 788710.
Ph. (03843) 263065, 262323, 09435596001.
sahageeta41@ gmail.com.
Saha, Kingsook. M.A.. b. 23.09.1967, Agartala,
Tripura. Asst. Prof., Kaliachak Bikram Kishore
Adarsh Sanskrit Mahavidyalaya. Add. 11/61,
Jheel Road, New Land, Kolkata-700031. Ph.
(033) 24723450, (03220) 276036, 94334
50127, 9434742503.
Sahgal, Krishna. M.A., B.Ed.. b. 05.03.1942.
Teacher (TGT). Govt. Senior Secondary School,
Rajauri Garden, New Delhi. Ps. 02. Add. 96A, Janata Colony, Rajouri Garden, New Delhi–
110027.
Sahoo, Ramdev, b. 1958. Nagarfort, Tonk, Asst.
Prof., Dadu Acharya Sanskrit College, Jaipur.
Bks. 10. Rāmadevacaritam, Cittau©hacū©āmaṇi, Śiva-laharī, Abhinava-jayapuram,
Abhinandana-dvāraptātīh.
Sahu, Girdhari Lal. M.A., Ph.D. b.01.01.1950,
Deoria. Asct. Prof. & H.O.D., Kalikadham,
P.G. College, Sevapuri, Varanasi. Ps. 05. Add.
S – 17/95 A, Smt. Chanmati Gupta Nivas,
Laxmighat, Nadesar, Varanasi.
Sahu, Somanath. Achary., M.Ed., Ph.D.
b.12.06.1974. Kushang, Odisha. Asst. Prof.,
R.Sk.S., Sringeri. Bks. 01. ŚikṣāyaḥDārśanikadharāḥ. Ps. 14. Add. Kushang,
Chandanghati, Balagir, Orissa.
Saini, Krishna. Acharya, Ph.D. b. 20.10.1956,
Hoshiarpur, Punjab. Asct. Prof., Punjab Univ.
Gp. Dr. Sivaprasada Bharadvaja, Dr. Braja
Bihari Chaubey, Dr. Virendra Sarma. Ps. 15.
Add. Dharamvir Saini, Saini’s Ashiana, Gautam
Nagar, Jodha Mal Road Hoshiarpur, (Punjab).
Saini, Ranajit Singha. M.A., Ph.D. b.20.09.1938.
Teacher, Motilal Nehru Vidyalaya. Ps. 03. Add.
285, Sector–14, Gurgaon (HR). Spl.Ref.
Sāhitya.
Saini, Sunita. Ph.D. b.18.01.1973. Hissar. Asst.
Prof., M.D. Univ., Rohatak. Bks.01. Agnipurāṇa
Me Vividha Vidhāyen. Add. H.No.- 1454,
Sector-2, Rohtak, (HR).

Saini, Usha Kiran. Purāṇaetihasacharya.
b.15.11.1953. Ps. 03. Add. P&T, Type Second
Quarter No. 12, Deva Nagar, New Delhi –
110005. Spl.Ref. Purāṇetihāsa.
Sajeev, Kumar S. M.A. b.14.07.1975. Ernakulam,
Kerala. Ps. 02. Add. Kalamandiram, Chottanikkara, Ernakulam, Kerala, Pin–682 312.
Saktayana, Kirti Vallabh. Acharya, Siksha
Shastri, Vidyavaridhi. b. 02.06.1954.
Pithoragarh, U.P. Asct. Prof., Pithoragarh.
Bks. 04. Kīdṛk Saṃyogaḥ, Rāṣ-ram hi sarvopari.
Add. Champavat, Pithoragarh. 23. Spl.Ref.
Writer in Hindi and Sanskrit Literature.
Samaka,
Subrahmanya.
M.A., B.Ed.
b.21.07.1961, Balegadde. Vedpathi. Add.
Kasakanda, Salkod, Honavar, Kannada581334, (KT). Spl.Ref. Sāmaveda.
Samantaray, Bhagaban. Acharya, Ph.D.
b.15.03.1972, Kabisurya Nagar, Ganjam Orissa.
Asst.Prof., Bks. 02. Māṇ©ūkyopaniṇad(Tr.),
Vividha-Kusuma-vallī. Add. R.Sk.S., Rajiv
Gandhi Campus, Sringeri, KT. Spl.Ref. Veda
& Vedānta.
Samdilya, Bagmita. M.A., Ph.D. b.01.02.1980,
Jagimoad, Marigaoh, Assam. Asst.Prof., Cotton
College, Guwahati. Gp. Sujata Puakayastha.
Ps. 02. Add. Deptt. Of Skt. Cotton College,
Guwahati -1.
Sammvedula, Prashant Rao. M.A. b.07.04.1972.
Guest Asst.Prof. Maharshi Panini Skt. Univ.,
Ujjain, M.P. Ps. 01. Add. B-10/2, Mahananda
Nagar, Ujjain M.P.
Sampath, Raghu Narasimha. M.A., Ph.D., P
& PA Dipl., DOOP Dipl., Tradition in Vedānta
Veda, Upaniṣad. b. 30.04.1924. Madras. Rtd.
Prof & HOD Madras Univ. Bks. 04. Ps. 70.
Spl.Ref. Honourary MM and Sanskrit Prachar
Chaturaha, President Awardee.
Samtani, N.H. M.A., Ph.D. b.10.06.1924. Bks.
05. Arthaviniścaya-Sūtra & Commentary. Add.
Hon. Director, Centre for Mahayana, Buddhist
Studis, Nagarjuna University, Guntur (A.P.)
Pin - 522510.

