Acharya, Krishna. Acharya M.A. in Veda &
Grammar, Ph.D., b. 12.12.1959. Asct. Prof.
M.D. Univ. Rohtak. Bks. 01. Paśuyajñamīmāmsā. Ps: 25. Add. H.No. 33/ Type IV.
University Campus, Rohtak-124001. Haryana.
Spl.Ref. Veda & Vyākaraṇa.
Acharya, Kshitinath. Kāvya-Vyākaraṇa Tirtha,
M.A., Ph.D. b. 03.11.1952, Rasan, Midnapur,
W.B. Asct. Prof. Scottish Church College,
Calcutta – 70006. Add. Ananda Ashram. AF–
186 Rabindrapalli, P.O. Prafulla kanan,
Calcutta, Pin. 700101. Ph. (033) 5713300.
Acharya, Motilal. Acharya. b. 16.08.1929,
Sihora, Sagar, (M.P.). Asst. Prof. Gp Mahendra
Kumar, Diwakar Joshi. Add. Shri Ganesh
Digambar Jain Sanskrit Vidyalaya, Sagar
(M.P.). Spl.Ref. Sāhitya.
Acharya, Pandhari Nath G. Ratna (Nyāya,
Vedānta, Sāhitya). b. 10.07.1922, Bijapur,
KT. Bks. 04. Rāghavendrakāvya-pañcakam,
Satya-dhyānaśatakam, Kṛṣṇa-laharī. Add.
Vishveshwar Nagar, Hubli, (KT). Spl.Ref.
Nyāya, Vedānta, Sāhitya.
Acharya, Prabhudas. Acharya in Vyākaraṇa.
b. 08.08.1942, Palatudas Akhara, Ayodhya,
Faizabad, (U.P.). Principal. Bks. Edited
Journals. Add. Shri Hanumat Sanskrit Mahavidyalaya, Hanumangarhi, Ayodhya, Faizabad
(U.P.). Spl.Ref. Vyākaraṇa, Nyāya.
Acharya, Prasant Kumar. Acharya in Advaita
Vedanta. b. 23.12.1952, Cuttack, Orissa. GP.
Pt. Shrinivas Shastri, Pt. Ramanuj Tatacharya,
Pt. Siddheshvar Dixit, Dr. N. Jha, Prof. Dr.
G.K. Bhatta. Add. C/o Andhra Bank, 84, Bapuji
Nagar, Bhubaneshwar – 751009 (Orissa).
Spl.Ref. Advaitavedānta.
Acharya, Ramjiban. M.A. (Skt. & Bengali),
Ph.D., Kāvyatīrtha, Purāṇaratna, Sāhityavinoda. b.24.06.1937, Kalindi, Midnapure,
W.B. Guest Lecturer in Skt. Rabindra Bharati
Univ. Calcutta. Bks. 06. Saṃskṛta Sāhitye
Rūpāloka (65 crit.), Kālidāsakṛtiṣu nārī caritra
Vimarśaḥ, Padavalir Path (84–Discourse on
Vaishnavism). Add. K.B. Block, Flat No. 804,

Salt Lake City, Calcutta–700091,W.B. Spl.Ref.
Conferred title “Bhakti – Siddhanta Vachaspati”
by the Institute of Vaishnavism & Vedic culture
1989, UGC Research Awards.
Acharya, Ram Nath Suman. Acharya, M.A.,
Honourary Vidyavachaspati. b. 20.07.1926.
Gaziabad, U.P. Committee Adhyaksh Bharat
Skt. Parishad. Spl.Ref. Sāhitya, Vyākaraṇa.
He has written many texts books which are
prescribed in the various universities of India,
Ashukavi, President Awardee.
Acharya, Shaligram. Acharya (Darśana,
Vyākaraṇa). b. 09.04.1918. Una, HP. Rtd.
Principal, Govt. Skt. College, Solan. Bks. 04.
Nyāyadarśana, Vaiśeṣikadarśana. Ps. 40.
Spl.Ref. Indian Philosophy, Head, Darsanaik
Anusandhan Kendra, President Awardee.
Acharya, Sitanath. M.A., Ph.D., b. 01.12.1939,
Rasan, Midnapur, W.B. Prof., University of
Calcutta, Calcutta – 700073. Bks. 10 Kā Tvam
Śubhe, Śiśuyuvadurdaiva-vilasitam. Ps. 70.
Add. AF-177. Rabindra Palli. P.O. Prafulla
Kanan, Kolkata - 700101. W.B. Ph. (033)
5710074. Spl.Ref. Editor of Jahnavi Patrika.
President Awardee – 2008.
Acharya, Srikant. b. Dehradun, Uttaranchal.
Lecturer, Govt. Skt. College, Solan, H.P. Bks.
02. Sīmātikramaṇam, Pratāpavijayam. Add.
Prateet Nagar, Raiwala, Dehradun, U.K.
Acharya, Sriram Sharma Ariyar. Nyāya
Alaṅkāra, Veda Alaṅkāra. Rashtra Bhasha
Vishradh, M.A., Shiksha Shastri. b. 28.08.1943.
Melukota, KT. Pranshupal, Govt. Skt.
Mahavidyalaya. Bks. 07. Asmaccampū, Kavi
Kāvya Mālā, Sāhitya Mātṛkā, Saṃskṛta Śikṣaṇa
Kalpavalli, Prākṛta Śataka Kāvya Dvayam. Add.
Govt. Skt. College, Melukote. 31. KT. Spl.Ref.
Poetry in Skt. Prakrit, Kannad, Tamil, Hindi.
Acharya, Sudyumna. M.A., Ph.D. b. 09.01.1946.
Satna, MP. Director Ved Vani Vitan Oriental
Publication and Research Institute, Satna.
Bks. 10 Gaṇitaśāstra ke vikāsa kī bhāratīya
paramparā. Ps. 150. Add. Ved Vani Vitan,
Oriental Publication & Research Institute, Birla

