356



Yogi, Mitranath. Nyāyācārya. b. 01.01.1941,
Lumbini, Nepal. Principal. Gp. Vishvanath
Shastri, Baliram Shukla, Dhiranand Mishra.
Add. Shri Motinath Sanskrit Mahavidyalay,
Ramesh Nagar, Delhi – 110015. Spl. Ref. Nyāya.
Yogi, Ramswaroop Shastri Amara. Kāvyatīrtha,
Acharya (Sāhitya, āyurveda, Purāṇetihāsa).
b. 15.10.1918, Talbehat, Lalitpur, Jhansi, U.P.
Teacher. Gp. D.Vijendranath Shastri, Murlidhar
Upaddhyay, Alakniranjan Pandey. Add. BalMandal Sanskrit Vidhyalaya, Shri Yogashram,

Talbehat, Jhansi, U.P. Spl.Ref. Sāhitya Śāstra,
Āyurveda, Purāṇa.
Yogika, Mul Shankar Maniklal. b. 31.01.1886.
Kheda, Gujarat. Principal, Sanskrit College.
Badodara. Bks. 03. Pratāpa Vijaya, Saṃyogitāsvayamvara, Chatrapatisāmrājyam. Expired
on 13.11.1965.
Yogimathathil, Cellahaka Sankara Kurup.
b. 03.08.1909, Kasargode, Kerala. Principal,
Mahakavi
Kunjan
Smarak
Sanskrit
Mahavidyalaya, Add. Ponmelam, Kasargode
(Kerala). Spl.Ref. Āyurveda.

•••

