
Jain, Gokul Chndra. Acharya in Sāhitya, Jain
Darśana, Ph.D. b. 05.11.1934, Pidrua, Sagar
M.P. Asst. Prof. Sampoornanand Skt. Univ.
Varanasi. Bks. 05. Yaśastilaka kā sāṃskṛtika
Adhyayana, Karmaprakṛti, Satyaśāsan Parīkṣā,
Parisaṃvāda. Spl.Ref. Gommetesh Vidhyapeeth
Prashasti Award, President Award – 2008.
Jain, Gulab Chandra. M.A., Jain DarśanaAcharya. Gp. Pt. Acharya Ganesh Prasad Varni.
Bks. Viśva Locānakośa, Saṃskṛta Vyākaraṇa.
Jain, Harindra Bhushan. Jainasiddhāntashastri, Acharya in Sāhitya, Ph.D. b.
25.01.1922, Sagar, M.P. Hon.Director, Anekant
Shodh Vidhyapeeth, Bahubali, Ujjain. Add.
15, M.I.G. Nagar, Ujjain, M.P. Spl.Ref. Jaina
Darśana Śāstra, Sāhitya Śāstra.
Jain, Jai Sagar. b. 09.11.1911. Bks. 04. Tāraṇa
Śabdakośa, Paṇ©ita Pūjā, Mālārohaṇa,
Kamalabattīsī. Spl.Ref. Freedom Fighter,
Vanibhushan, Vyakhyan Vachaspati, Samaj
Ratna Upadhi.
Jain, Jinendra: M.A., Ph.D. B. 14.06.1962.
Sinhudi, Katni, M.P. Asst. Prof. Jain
Vishvabharti Univ. Ladnu, RJ. Bks. 13. Jaina
Kāvyoṃ Kā dārśanika Mulyāṅkana, Pahuda
Jaina Vidyā Evaṃ Bauddha Adhyayana Ke
Āyāma, Prathamataḥ Akkhāṇayamaṇikosaṃ
(Prakṛta), Siri-kummāputtacariyaṃ-Anuvāda,
Prākṛta Sāhitya Evam Jaina Darśana Samīkṣā.
Ps. 55.
Jain, Jugamandar Dash. M.A., (Skt.), M.Ed..
b. 04.04.1932. Teacher (PGT), Govt. CoEducation Senior Secondary School, Kitchnar
Road, New Delhi. Add. C-215, Minto Road
Complex, New Delhi – 110002.
Jain, Kalpana. M.A. (Skt./Prakrit). b. 22.08.
1968. Banaras. Asst. Prof. S.L.B.S.
R.S.Vidyapeeth, N.Delhi. Bks. 01. Prākṛta
Ārāmasobhākahā. Ps. 15. Ph. (011) 26642128,
09911511168.
Jain, Kamlesh Kumar. Ach. Ph.D. b. Kulau,
Damoh M.P. Prof. B.H.U. Varanasi U.P. Bks.
02. Yogasāra, Jaina Nyāya (Part -2). Spl.Ref.
Ach. Gold Medelist.

97

Jain, Kamlesh Kumar. M.A.(Skt.), Acharya(Jain
Darśana,Prākṛita) Ph.d.b21.06.1960 Reader,
deptt.of Jain Philosophy,Rashiriya Sanskrit
Sansthan, Jaipur. Bks.02 Jaina uddharaṇa
kośa vol. 1&2. Ps42. Add.deptt.of Jain
Philosophy, Rashiriya Sanskrit Sansthan,Jaipur
302018 Ph.01412501051 M. 09887605319.
Spl.Ref. Pt. Gopaldas Baraiya Memorial Award
2010.
Jain, Kastur Chandra ‘Suman’. M.A., Ph.D.
b. 12.04.1936, Bansa, Tarkheda Damoh, M.P.
Research Asst. Jain Vidhya Sansthan
Shrimahavirji, Raj. Bks. 05. Jaina Purāṇa Kośa,
Ahāra Kṣetra ke Abilekha. Kundakunda Kośa,
Bhārtīya Digambara Jaina Abilekha, Pranāṇa
Parikṣā Bhāśā Vacanikā. Spl.Ref. Jain Purāṇa
Koshakas Award, Shrut Samvardhan Award.
Jain, Komal Chandra. M.A., Ph.D. b.
20.08.1935, Bina, Sagar M.P. Asst.Prof., B.H.U.
Varanasi U.P. Bks. 05. Pālī Praveśikā, Prakṛta
Praveśikā, Pālī Sāhitya kā Itihāsa, Bauddha
Avam Jaina Agamoṃ meṃ nārī jīvana.
Jain, Krishna. M.A., Ph.D. b. 01.07.1959. Prof.
Govt. M.L.B. Arts & Commerce Autonomaus
College Gwalior M.P. Bks. 04. Abhaya kī
sādhanā, Kṣṇabhaṅgura Jivana, Daśadharma.
Spl.Ref. Pratibhashali Mahila Vidwan Award
Editor of Richa Magazine.
Jain, Lalchandra. Sāhityaratna. M.A. (Hindi),
M.Ed. b. 10.04.1941. Teacher, Govt. Secondary
Girls School. Azadpur, Delhi. Add. X-3711,
Gali No. 7, Shanti Mohalla, Gandhi Nagar,
Delhi, 110031.
Jain, Manorama. M.A., B.T.. b. 05.05.1928.
Teacher, Govt. Girl’s Higher Secondary School,
New Delhi. Add. 410, Tagore Road Hostel,
Tagore Road, New Delhi. Spl.Ref. Sāhitya.
Jain, Munni Pushpa. M.A., Acharya in
JainDarśana, Ph.D. b. 22.06.1951, Damoh
M.P. Bks. 05. Hindī Gadya ke Vikāsa meṃ
Jain Manīsī pt.Sadāsukhadāśa kā yogadāna,
Munīrāja Battīsi, Ratnayogasāra, Pañcendrīyasaṃvāda.
Jain, Munni. M.A., Acharya, Ph.D. b. 22.06.1957.

