330



Śabdālaṅkāra Sāhitya kā Samīkṣātmaka
Sarvekṣaṇa, Patradūtam, Di©©imaḥ Vande
Iṇ©iyām (Vinodacampūḥ), Citrālaṅkāracandrikā, Mahāvīracaritāmṛtam, Abhinavakrī©āntaraṅgiṇī, Rājendracandrodayacampūḥ,
Indirākīrtikaumudī. Ps. 37. Add. 57/8, Grasim
Staff Colony, Nagda, Distt. Ujjain (M.P.)
Spl.Ref. Editor of many special number and
felicitation volumes, Sanskrit and hindi journals
like Mālava-mayūraḥ, Vidyā, Khilate-Phūla,
Śikṣā-jyotiḥ, Jñana-raśmi, Śodha-prabhā etc.
Expired.
Tripathi, Sadanand. Acharya in Sāhitya, M.A.,
B.Ed., Ph.D. b. 30.12.1964. Ujjain. Lecturer,
Sri M.M. Ruiya Govt. Skt. Mahavidyalaya,
Ujjain. Gp. Acharya Vayunandan Pandey, Shivji
Upadha-yaya, Yadunandan Dixit. Sp.
Kailashpati Tripathi, Rudardev Tripathi, Dr
Bacchulal Awasthi. Bks. 05. Avantimāhātmya,
Ujjayini Māhātmya. Ps. 50. Add. Sanatana
Dharma Dham, 164 Rajiv Nagar Ujjain, M.P.
456001. Ph. 0734-2585451. M. 09406860124.
Spl. Ref. Sāhitya, Manuscript Editing, Sri
Krishan Sewa Samman- 2008.
Tripathi, Sanandan Kumar. Acharya, Ph.D.
b.02.05.1968. Manohar Basant, Saran (Bihar).
Asst. Prof., R.Sk.S., Bhopal Campus. Gp. Pt.
Shri Gananand Thakur, Lt. M. M. Kapildev
Sharma, Prof. Vachaspati Sharma Tripathi,
Dr. Udaykant Jha, Prof. Mithilaprasad Tripathi.
Sp. Dr. Gangadhar Sharma, Dr. Sanjay Sharma,
Vishvajeet Tripathi, Dhananjay Mishra. Bks.
03. Mṛacchakatikasya Dharmaśāstrīya Samīkṣā,
Kāvyānumativivekaḥ, Triveṇi-kāvya Mīmāṃsā.
Ps. 10. Add. B-7. Anand Nilayam, Yashoda
Garden, Bag Mugalia, Bhopal–462016, (M.P.)
Tripathi, Sarla. M.A., Ph.D. b.11.06.1944.
Gobra, Allahabad, (U.P.) Prof., Govt. Girls
College, Rewa (M.P.). Bks.01. Mahākavi
Someśvara Deva. Add. Bungalow No. 4, G.D.C.
Campus, Rewa–486001, (M.P.)
Tripathi, Shaligram. M.A., M.Ed., Ph.D.
b.10.07.1945. M.P. Prof. Bks. 10. Educational
psychology. Ps. 01. Add. B-9/259, Sect. 5,
Rohini, Delhi–85.

Tripathi, Sharma, Brajabandhi. Kāvyatīrtha,
Kāvyaratna, Āyurvedopadhyaya. b. 22.11.1995,
Belaguntha, Ganjam, Orissa. Principal, Sanskrit
School, Ganjam, Orissa. Bks.03. DravyaguṇaKalpadrumaḥ, Abhinava-cintāmaṇiḥ, Cikitsārṇavaḥ. Expired on 01.11.1970.
Tripathi, Shatrughna. Acharya in Jyotiṣa, Ph.D.
b.27.03.1975, Gopalganj (Bihar). Asst.Prof.,
B.H.U., Varanasi (U.P.). Bks.03. Jyotirnibandhadārśaḥ, Siddhānta-Śīromaṇi (Aspaṣtādhikaraṇa). Ps. 07. Add. 26, Koshlesh Nagar,
Sundarpur, Varanasi (U.P.). email – drstripathibhu@gmail.com
Tripathi, Sheetanshu. M.A., Ph.D. b.03.09.1972.
Sagar, M.P. Bks. 06. Catuṣ-ayī, Praśikṣaṇa
Saṃdarśikā, Setu pa-hyakrama. Ps. 06. Add.
72, Dayanand ward, Sagar, M.P. Spl.Ref. Prant
Mantri, Sanskrit Bharti, Mahakaushal Prant.
Member, Sadharan & Karya Parishad, Maharshi
Panjali Sanskrit Sansthan, M.P. Govt.
Tripathi, Shesh Narayan. M.A., D.Phil. b.
08.05.1961. Basti, U.P. Asstt. Prof., Janpad
Shiksha Prashikshan Sansthan, Paudi. Bks.
07. Vāṇīpathīyam, Puśpadhanvā, Sadānīrā.
Ps. 25. Add. Janpad Shiksha Prashikshan
Sansthan, Chadigram, Paudi. Spl.Ref. Sanskrit
Poetics.
Tripathi, Shiv Sagar. M.A. (Skt. & Hindi),
Sāhityacharya, Sāhityaratna, Ph.D. Diploma
in German Language. b.02.07.1934, Sandeela,
Hardoi, (U.P.) Prof. & HOD, Univ. of Rajasthan,
Jaipur. Gp. Pt. Shivgovind Tripathi, Sp. Dr.
Vekunth nath Sharma, Dr. Sunita Kumari
Sharma, Dr. Seema Sharma. Bks.20.
Gāndhīgauravam, Prāṇāhutiḥ, Nirvacanakośaḥ, Rāmāyaṇa-Mahābhāratayoḥ Śābdikam
Vivecanam, Gītāvijñāna-bhāṣyam. Ps. 275.
Add. Matrasharanam A-65, Janta Colony,
Jaipur – 04. Spl.Ref. Ambikadutt Vyas Puruskar
by Rajasthan Sanskrit academy in 2000.
Awarded by Varanasi Sanskrit univ. in 1965,
by Govt. of U.P. in 1975 & by Govt. of RJ. In
1977.
Tripathi, Shivgovind. b. Hardoi, U.P. Rtd.
Lecturer, B.N. Inter College. Bks. 01.

