344



Vasant Lal. Shastri, M.A., M.Phil, Asst. Prof.
Ps. 02. Add. Govt. Sanskrit College, Nabha147201 Punjab. Spl.Ref. Sāhitya śāstra.
Vasant M. Acharya, B.Ed., Ph.D. b. 01.04.1959,
Nenmanda, kozhikode, Kerala. Research
Associate, Rashtriya Sanskrit Akademy. Gp.
Chandra Shekhar, Radha Krishna. Bks.
Advaitavedānte Bhāmatīprasthāna-vivaraṇaprasthānayoḥ Tulanātmakadhyayanam. Add.
Mekkaipad, Parannur, Narikkunu, Kozhikode
Kerala. Spl.Ref. Advaita śāstra.
Vasantakumari, V. M.A. M.Phil. Ph.D. b.
18.05.1966. (Kerala). Asct. Prof. Shri
Shankaracharya Univ. of Kerala. Ps. 16. Add.
Vasudha. Puthenkavu Road. Kalady P.O.
Ernakulam Dist. Kerala State. Pin. 683574.
Ph. 0484 – 2463169.
Vashishth, Chittaranjan. M.A., Ph.D. b.
11.12.1920. Rtd. Prof. Bks. 03. Spl.Ref.
Honourary Vachaspati by Tirupati Skt.
Vidyapeetha, Gyan Ratna Title, He has taught
in Bangaladesh for 13 Years and Ravindra
Bharati Univ., Founder of the Centre of
Indology Indian and Western Philosophy in
his native Place. President Awardee.
Vashishth, Rajendra Prasad. M.A., M.Phil.
Acharya in Vyākaraṇa, b. 23.03.1960, Lothvi,
Lauhari, H.P. Asst. Prof. Ps. 02. Add. Shri
Saraswati Sanskrit Degree College, Dangar,
Bilaspur (H.P.). Spl.Ref. Vyākaraṇa.
Vashishth, Ravindra. M.A., Ph.D. b. 07.12.1952.
Asst. Prof., Sivaji College, Ring Road, New
Delhi. Add. B-B-77, Shalimar Bagh, Delhi.
Spl.Ref. Sāhitya.
Vashishth, Satyadev. b.24.08.1912. Jalandhar,
Punjab. HOD, Āyurveda Deptt., Gurukul,
Jhajjhar. Bks. 02. Satyāgrahanītikāvyam,
Viṣṇukāvyam. Expired in 1998. Spl. Ref. Poet,
Vaidya. Veda, Vyākaraṇa śāstra.
Vashishth, Shridhar. Acharya, M.A., M.Ed.,
Vidyavaridhi. b. 18.02.1936. Kohat (Now in
Pakistan) Rtd. Prof. LBS Skt. Vidyapeetha.
Gp. M.M. Parmeswaranand Pt. Parmanand,
Dr. Hemraj Vaha, Dr. Deviraj Chanana. Sp.

Prof. R. Devanathan, Prof. A.P. Sachidanand,
Dr. Sudarshan Jha. Bks 03 Saṃkṛta
Śikṣaṇavidhi. Ps. 25. Add. 429 Sec. 7 Gurgaon122001. Haryana. Ph. 0124-2306823, M.
09350106546. Spl. Ref. President Awardee.
Vyas Samman, Sāhitya Seva Samman, Nepal.
Vashishth, Vidhya Sagar. Acharya in Jyotiṣa,
M.Phil b.20.09.1960, Galasi, Damla, Bilaspur,
Himachal Pradesh. Principal. Add. Shri S.
Sanskrit Mahavidhyalaya, Dangar, Dhumari,
Bilaspur (H.P.) Spl.Ref. Jyotiṣa śāstra.
Vashisth, Bihari Lal Shastri. Shastri, Jyotiṣa
Acharya, Sāhityaratna, Vidyavaridhi. b.
16.01.1935, Lecturer. Bks. 03. Śrīvaiṣṇavavijayapañcāṅga, Jyautiṣaratnamālā, Vaidikasiddhāntajyautiṣa. Add. 23, Sriraghunathpuri,
Jammu (J & K). Spl.Ref. Jyotiṣa, Sāhitya.
Vasudeva Yaji, Kota. Vidvān (Dharmaśāstra,
Mīmāṃsā, Navya Nyāya, Jyotishalankar). b.
11.03.1928, Saligram, Udupi, KT. Bks. 01.
Kṣayamāsa-mīmā‚sādayaḥ. Add. Manisha,
1469/1, 7 Cross, Krishnamurtipuram, Mysore
(KT). Spl.Ref. Ṛgveda, Dharmaśastra, Nyāya.
Vasudeva, T. V. M.A. Ph.D. b. 29.09.1959.
Chennai. Research Assistant. Ps. 01. Add. Plot
No. – 39. Door No. – 6. II Lay Out. L.H. Nagar.
6 th Cross St. Adambakkam. Chennai. – 600
088. Ph. (2454829).
Vasudevan, A Vasudevachri Annathur.
Mīmāṃsāśiromaṇi, Shiksha Shastri, M.A.,
M.Ed., Ph.D. b. 08.03.1942. Chengalpatti
(T.N.). Skt. Pandit. Gp. Naidruva, Madapoosi
(Disciples of Sri Ahobila Muth). Bks. 05. Śrī
Mukundamālā, Rāmāyaṇa Pañcaratnam,
Candrāloka Mayūkha, Vṛttaratnākara. Ps. 05.
Add. L/43-B Bharathidasan Colony KK Nagar,
Chennai 600078. Ph. 040-24047546. M.
09490710253. malolanv@yahoo.com Spl. Ref.
National Award for Teacher M/o HRD 1988,
Skt. Pracara Chaturah Award 1989, Mīmāṃsā,
Founder Sect. of Skt. Pandit Association
Chennai.
Vasudevan, M. K. Vyākaraṇaśiromaṇi, Acharya
in Sāhitya, B.Ed. b. 14.12.1954, Nachiyar Kovil,

