B
Bareilly, MJP University. Bks. 01 Tvāṃ Kathaṃ
Vismarāmi, Mālinīśatakam, Bālyakathāsaptakam. Add 31., Sun City, Pilibhit Road,
P.O. Air Force Station Bareilly - Pin. 243122.
Ph. (0581) 535083.
Bharadwaj, Shiv Prasad. Acharya in Sāhitya,
M.A., M.O.L., Ph.D., D.Litt., Sāhityaratna. b.
15.10.1924, V. Dang, Patti Gagwarsun, Dist.
Pauri Garhwal. Asst. Prof., V.V.R.I. Hoshiarpur
& VIS & IS, Punjab University. Hoshiarpur,
Punjab. Bks. 45, Bhārata-saṃdeśa, Hūṇāvarājayam, Jīvanasaladhi, Radhikaprikṣikā.
Ps. 50, Add. Bharadwaj Niketan, Haripur
Kanwli, Gen M.S.R.D. Dehradun, Uttarakhand.
Spl.Ref. Sāhitya Śāstra, President Awardee,
Vishist Puraskar U.P. Sanskrit Academy,
Founder Chairmen Panchnadiya Sanskrit
Parishad, Editor of Vishvasanskritam Quarterly
Magazine.
Bharati, Devadatta. Acharya in Sāhitya, M.A.
b. 04.09.1932. Teacher, Baijanatha Uchchamadhyamika Vidyalaya, Ishvar Nagar. Add.
R.Z. 70-C, Street No. 9, Madhya Marg,
Tugalakabad, New Delhi. Spl. Ref. Sāhitya.
Bharatiya, Pramod. M.A. (Skt. & Eng.), M.Phil.,
Ph.D. b. 20.09.1965. Nayagaon, Khagaria,
Bihar. Asst. Prof., M.P.G. College. Mussoorie.
Bks. 03. Fourteen Novels of Skt., Sahapā-hinī,
Oriental Flavour. Add. Deptt. Of Skt., M.P.G.
College, Mussoorie. Uttarakhand – 248179.
Ph. (0135) 633237.
Bhardwaj, Bal Krishna. b. 1921. Kurukshetra,
Haryana. Bks. 02. Śāradāmaṇilīlācaritam,
Rāmakṛṣṇa-paramahaṃsadivyacaritam.
Bhardwaj, Ganesh Datt. M.A., Ph.D. b.
10.04.1949. Dist. Mandi (H.P.). Asct. Prof.
V.V.B.I.S. Punjab University, Sadhu Ashram,
Hoshiarpur, Punjab. Ps. 11. Add. V.V.B.I.S.
Punjab University. Sadhu Asharm. Hoshiarpur
(Punjab). Pin. 146021. Ph. (01882) 224817.
Bhardwaj, Kailash. Acharya (Vyākaraṇ, Sāhitya)
b. 05.11.1971, Kaithal, Principal, Kaithal Skt.
Mahavidyalaya. Gp. Dr. Krishna Acharya. Sp.
Subhash Chand. Add. Friends Colony H.No.

21

114/19 Kaithal, Haryana 136027. M.
09416682153
Bhardwaj,
Kamal
Kishore.
Acharya
(Śuklayajurveda, Sāmaveda), Vidyavaridhi.
b. 04.09.1963. Jaipur, Prof. & HOD, Govt.
Maharaja Acharya Skt. Mahavidyalaya. Gp.
Pt. S.N. Vedacharya. Sp.200. Ps. 04. Add. 4/
759, Jawahar Nagar, Jaipur - 302004. Ph.
0141-2656363,
0141-2706608,
M.
09314932588. Spl. Ref. Harit Rashi Samman,
Acharya Bhaskar Samman etc. Sāmaveda
Rāṇāyanīya Śākhā.
Bhardwaj, Kamla. M.Phil., Ph.D. b. 03.03.1955.
Delhi. Asct. Prof. Vyākaraṇa. Bks. 01.
Mahābhāṣya ke ślokavārtika. Ps. 19. Add. A–
50. Gulmohar Park. II nd Floor. New Delhi –
110049. Ph. 6867051.
Bhardwaj, Krishna Dutt. Acharya, M.A., Ph.D.
b. 15.08.1908. Bullandsahar, U.P. Princpal,
Modern School Delhi. Bks. 01. Padyapuṣpāñjaliḥ. Spl. Ref. Padamshri Award, Delhi
Skt. Academy. Shreshta Skt. Vidvān from
President of India.
Bhardwaj, Kusum Lata. M.A., Ph.D. b.
01.02.1945. Asst. Prof. Kamla Nahru College,
Siri Fort Marg, New Delhi.
Bhargav, Purushottamlal. M.A. (Skt./Hindi),
Ph.D. b. 1909. Jaipur. Prof & HOD, Univ. of
Rajasthan. Spl. Ref.
‘Āryāṇāmādinivāsasthānam’ the research Paper presented
in international Prācyavidyāpratiṣ-hān in
America.
Bhargava, Dayanand. M.A. Ph.D. b. 22.02.1937.
Jodhpur, RJ. Gp. Gangarama Shastri, Dr. Indra
Chandra Shastri, Pt. Krishnadutt Shastri.
Chairman. Pt. Madhusudan Ojha Veda Vijnan
Peeth. J.R. RJ Skt. University, Jaipur. Bks.
21. Ṛcā - Rahasyam, Vaidika Vijñāna (ed.),
Vedadharmavyākhyānam (ed.), Holistic
Approach of the Vedas, Integral World – View
of the Vedas. Ps. 17. Add. J-1/7, Jeevan
Suraksha Flats, Vidyadhar Nagar, Sector-02.
Jaipur-23. Ph. (0141) 2232856. Spl.Ref.
President Awardee.

