
Naikin, Khajuha, Rewa (M.P.). Spl.Ref.
Vyākaraṇa.
Tripathi, Mani Ram. Sāhityacharya, M.A., Ph.D.
b.12.01.1953, Pratapgarh, (U.P.). Assistant
Principal. Gp. Trilokadhar Dwivedi, Devnarayan Tripathi. Ps. 03. Add. Shri Shambhugiri
Ashram, Sannyas Marg, Kankhal, Haridwar.
Tripathi, Mathura Prasad. Acharya (Vyākaraṇa
, Sāhitya, Ayurveda). b.01.01.1911, Sinhapur,
Banda. Principal. Add. Rishikumar Sanskrit
Mahavidyalaya. Pilikothi, Chitrakut, Satna
(M.P.). Spl.Ref. Vyākaraṇa, Sāhitya &
Ayurveda.
Tripathi, Mayaprasad. M.A. b. 01.04.1927.
Rtd. from Udayapratap Mahavidyala, PCS U.P.
Govt. Bks. 11. Akṣaratṛṣā, Anyā Saraṇiḥ,
Sindūrarāgavikiraṇam, Mitra Śabdasibire. Add.
M-25 Vikas Pradhikaran Colony, Shivpur,
Varanasi. Spl.Ref. Founder Reporter of
Gandhivam. Emeritus fellowship Govt. of India
1987, President Awardee. His Poem
Broadcasted and Telecasted from AIR & D.D.
Tripathi, Mithila Prasad. M.A., Āyurveda Ratna,
Music, Ph.D. (Hindi, Skt.), D.Litt. Prof.
(Sanskrit) Devi Ahiliya V.V., Ex-Director
Kalidas Academy. V.C., Panini Skt. Univ.,
Ujjain. Bks. 29. Bhābamālā, Matpriyam
Bhāratam,
Bhārgavīyam,
Svatantratā,
Satanāmi Gauravam. Ps. 150. Add. 57 A
Vaishali Nagar Indore 09. Spl.Ref. Sāhitya
& Ayurveda. An eminent Skt. Scholar and
Poet Broadcast and Telecast of Poems from
A.I.R. and DoorDarshana.
Tripathi, Mridula. M.A., D.Phil. b. 04.07.1950,
Mathura, (U.P.). Asct. Prof.. Deptt. of Sanskrit,
Allahabad University. Bks. 01. Mahābhārat
ke mukhya kathānaka me‚ rasa citraṇa
(Hindi). Add. 25, Park Road, Allahabad (U.P.).
Spl.Ref. Sāhitya.
Tripathi, Nagesh Pati. Acharya, M.A., Ph.D.
b. 15.07.1973. Lecturer, Magadh V.V.,
Bodhgaya.
Bks.
01.
Sāhityaśastrīyo
Navonmeṣaḥ. Ps. 05. Add. B-1/148 A.T.-5 Assi,
Varanasi U.P.Spl.Ref. Sāhitya.

325

Tripathi, Narmadeshwar. Acharya in Navya
Vyākaraṇa. b.01.05.1943. HOD, Sadhuvella
Skt. College, Shakarkand Gali, Varanasi, U.P.
Gp. Shaligram Mishra. Ps. 03. Add.
Mishravaliya, Satamrganj Bazar, Bhadora,
Ghazipur, U.P.
Tripathi, Narottam Prasad. Acharya,
Kāvyatīrtha. b.31.01.1932, Jabalpur, M.P.
Principal. Gp. Madhuvanprasad Tripathi,
Ramavadan Shukla. Ps. 05. Add. Shri Narayan
Sanskrit Mahavidyalaya, Katni, Jabalpur (M.P.)
Tripathi, Nilimp. M.A., Ph.D. b. 28.10.1973.
Ambikapur. Asst. Prof. Bks.02. Madhyapradeśanām Saṃskṛta Sāhityam. Ps. 15. Add.
F–44/6. South T. T. Nagar. Bhopal– 462003.
Tripathi, Nrisingh. Acharya in Vyākaraṇa, Nyāya
& Sāhitya. Principal, Shrichandra College,
Varanasi & Marwadi College, Varanasi. Gp.
Pt. Devnarayan Tripathi. Bks. MuktāvalīPrakāśa, Vākyapadīya-Brahmakāṇ©a-tīkā.
Tripathi, Padma Charan. Acharya in Jyotiṣa,
Shastri
in
Sāhitya.
b.05.03.1925,
Bhagirathipur, Ganjam, Orissa. Principal,
Ramadhin Sanskrit College, Brahmapur,
Ganjam, Orissa. Bks.02. ŚrutabodhaḥManusmṛtiḥ (Tr.), Gṛhapraveśapaddhatiḥ. Ps.
10. Expired on 03.06.2007. Spl.Ref. Sāhitya
& Jyotiṣa.
Tripathi, Paramanand. Acharya. b.01.09.1961,
Allahabad, (U.P.). Teacher. Ps. 03. Add. Shri
Ram Sanskrit Vidyalaya, Bahure Charak,
Prayag, (U.P.). Spl.Ref. Sāhitya.
Tripathi, Patiram. Acharya in Prachina–navyaVyākaraṇa, Ph.D. b.15.10.1937, Gorakhpur,
(U.P.). Prof. Sampurnanand Sanskrit
University, Varanasi. Gp. Kaliprasad Mishra,
Ramayasas Tripathi, Sukadev Chaturvedi,
Rajanarayan
Tripathi.
Bks.
01.
Sārasvatvyākaraṇa-vimarśaḥ. Add. 50 Assi,
House No. B-1/16, Varanasi (U.P.). Spl.Ref.
Vyākaraṇa.
Tripathi, Purna Chandra. Acharya in Vyākaraṇa
& Sāhitya. b.15.04.1924, Mukundpur, Puri,
Orissa. Rtd. Asst. Prof. Gp. Pt. Chintamani

