284



Prof., Deptt. of Sanskrit, S.M.M. Town College,
Balia U.P. Bks. Viśākhadattaracita Mudrārākṣasa kī Ālocanātmaka Bhūmikā, Nā-yakalā
kī Dṛṣ-ī se Kālidasa aur Bhavabhūti ke Nā-akoṃ
kā Tulanātmaka Adhyayana, Kāvyamīmāṃsā(Ed.). Add. Jagatnagar, Bhongaon,
Mainpuri U.P. Spl.Ref. Alaṅkāra Śāstra.
Shastri, Surya Narayan. Vidvān, Acharya.
b.27.03.1914, Mungada, East Godawari, A.P.
Chairman. Ps. 05. Add. Bharatiya Vidhya
Niketan, Mungada A.P. Spl.Ref. Vyākaraṇa,
Alaṅkāra, Kāvya & Vedānta Śāstra.
Shastri, Surya Narayan. Acharya in Vyākaraṇa.
b.1883. Mahendragarh, HR. Prof. & HoD.,
Maharaja Sanskrit College, Jaipur. Rj. Gp.
Pt. Madhusudan Ojha. Pt. Laxminath Shastri
Drawid. Sp. Jaipur King Mansingh, Pt.
Shyamsundar Sharma. Hiralal Shastri,
Rajkumar Sharma. Bks. 24. Mānavavaṃśamahākāvyam, Udyogalaharī, Śambhusamārādhanam, Śrī-Annapūrṇasmaraṇam, Madanamahattvam. Expired in 1951. Spl.Ref. He was
editor of ‘Lokavāṇī’ & Rāṣtradūta’ daily
newspaper of RJ and also edited in ‘Saṃskṛta
Ratnākara’. Awarded ‘Sāhityabhushan’ by
bharat dharm mandal.
Shastri, Surya Prakash. Shastri, Purva
Mīmāṃsā, Vidhyapravin. b.20.08.1920,
Seetampetta, Rajmahendry, A.P. Bks.
Vājapeyamīmāṃsā, Vedārtha Saṅgraha. Add.
17/12/3, Seetampetta, Rajmahendry A.P.
Spl.Ref. Darśana Śāstra.
Shastri, Swami Dwarika Das. Acharya in
Vyākaraṇa, Bauddha-Darśanaa, Pali, Ayurvedavisharad. b.01.12.1924, Rajapura, Bhivani,
HR. Śāstrachudamani. Gp. Pt. Ramchandra
Sharma, Vidhya-bhushan, Pt. Raghunath
Sharma. Add. 2, Adhyapak Niwas, Jagatganj,
Varanasi-2, U.P. Spl.Ref. Vyākaraṇa,
BauddhaDarśana, Pālī & āyurveda.
Shastri, Swami Shyamsundar Das. Acharya.
b.20.02.1925, Meerut, U.P. Rtd. Principal.
Gp. Murlidhar Mishra, Trilokdhar Dwivedi.
Ps. 05. Add. Shri Garib Dasi Sevashram,
Haridwar. Spl.Ref. Sāhitya.

Shastri, Swaminath M. K. Vyākaraṇa Shiromani.
b.28.11.1927. Add. 3, East Agraharam,
Kodumaudi, Periyar T.N. Spl.Ref. Vyākaraṇa
& Veda.
Shastri, T. Ganpati. b.1860, Tharuvai,
Thirunelveli, TN. Rtd. Principal, Skt. College
Thiruvananthapuram. Kerala. Gp. Neelkantha
Shastri. Bks. 87. Iśanaśivagurudeva Paddhati
of Iśanaśivagurudeva (Vol.–II), Arthaśastra
of Kautilya (Vol.–III), Viṣṇu Saṃhitā (ed.),
The Yājñavalkya Smṛti, Āryamañjūśrī
Mūlakalpa (Vol.–III). Expired in 1926. Spl.Ref.
Sāhitya, Vyākaraṇa, Vedānta, Tantra, Mantra,
Dharma, Shilpa & Mimāṃsā. Honorary
Member of Royal Asiatic Society, London.
Received Ph.D. Award from Tubingen Univ.,
Germany & Maha Mahopadhyay Samman.
Shastri, Ugrasen. Acharya in Sāhitya.
b.28.01.1912. Sanskrit Teacher, Commercial
Uchattar Madhyamik School, Darya Ganj. New
Delhi. Ps. 03. Add. Sanskrit Prachrak Mandal,
5172, Basan Road, New Delhi – 110002.
Spl.Ref. Sāhitya.
Shastri, Utukuru Subrahmanya Chandra
Shekhar. b.30.09.1954, Palamaneru, Chittur,
A.P. Gp. R. Krishnasvami Ayyanngara. Add.
Shri Padmavati Devasthanam, Thiruchanuru–
517503 (A.P.). Spl.Ref. Kṛṣṇayajurveda.
Shastri, Vagish. Achayra, Vidyavaridhi, Vidya
Vachaspati. b. 24.07.1934. Director, Research
Institute, Varanasi, U.P. Bks. 03. Narmasaptaśatī.
Śiṣ-ahāsya-vyaṅgyokti-virājitā,
Ātaṅkavāda-Śatakam. Add. B3/131 A Shivala
Varanasi – 01. Spl. Ref. Kalidas Samamn,
Bhanbhatt Puraskar (U.P. Skt. Academy), Ved
Vedānta Puraskar, Raj. skt. academy.
Mahamahopadhyaya.
Shastri, Vagishwar. Acharya. b.20.07.1928,
Ghoradi, Udhampur, J&K. Rtd. Teacher. Gp.
Shivram Shastri. Ps. 03. Add. Mohalla New
Plot, H.No. 13, Near Shri Radhakrishna Mandir,
Jammu Tawi. J&K. Spl.Ref. Sāhitya.
Shastri, Vaikund Nath. M.A., Ph.D. Acharya
in Sāhitya, M.Ed. b.25.05.1940. Karouli, Sawai
Madhopur, RJ. Rtd. Gp. Shri Navalkishore

