216



M.A., Ph.D. b. 20.10.1953. Asst. Prof. Ps. 05.
Add. Sarva Darśana Department, Shri
Jagannath Sanskrit Mahavidyalaya, Puri
(Orissa). Spl.Ref. Sarva Darśana.
Pati, Venimadhav. M.A., Ph.D. b.06.06.1919.
Ps. 05. Add. Chandraprabha Lane, Berhampur,
Ganjam, Orissa. Spl.Ref. Sāhitya Śāstra.
Patidar, Natha Bhai Ranchod Bhai. Ph.D.
b.01.03.1946. Prof. Shri Lunawada Arts Science
& Commerce College, Sant Rampur Road,
Lunawada. Ps. 04. Add. Near Shivaji Kuva,
Dungabheet Lunawada, Panchmahal. Spl.Ref.
Vedānta Śāstra.
Patil Surendra P. M.A., Ph.D. b. 10.06.1939.
Sangli, Maharashtra. Prof. in Kannada,
Jainology , Karnataka Univ., Dharwad. Gp.
Mirzi Anna Rao. Dr. RS Mugali. Sp. Dr.
Parsvanath Kempannavar, Dr. T.R. Jodatti.
Bks. 60. Bhagavān Mahāvīra aur unkī
Ācāraparamparā, Jainadarśana. Chāmun©arāya Purāṇa : Adhyayana. Nayasenasampu-a
(Dharmāmṛtam). Ps. 75. Add. Vaishali, Samarth
Chowk South Shivaji Nagar, Sangali- 416416.
Ph. 0233-2321170. M. 09423829403. Spl. Ref.
Prakrit Jainology, Nemichandra Acharya
Prashasti, Chavundaraya Prashasti, Dr. A.N.
Upadhayaya Sāhitya Sanshodan Prashasti.
Editor, Sanmati Magzine, Chief Editor Pragati
Jin Vijay, Dakshin Bharat Jain Sabha etc.
Patil, Amrit Bhai J. M.A., B.Ed. Lect. Ps. 03.
Add. Sri Vanaraja Arts & Commerce College,
Dharmapur, Valsad (GJ). Spl.Ref.. Vedānta.
Patil, Devadutta Govinda. M.A., NET, Ph.D.
b. 08.07.1969. Goa. Acharya. Nrisimha
Saraswati Pathshala, Alandi, Pune. Spl.Ref.
Advaita Vedānta, Nyāya Śāstra, He is the
Convener of Subrahmanya Vakyartha Sabha
in Pune. He has been honoured by different
organizations, Maharshi Badrayan Samman
by President of India.
Patil, Gajanan Moreshvar. M.A., L.L.B., Ph.D.
b.25.03.1916, Bombay, MH. Rtd. Asst. Prof.
Gp. Ganapati Shastri. Ps. 05. Add. Dadar,
Bombey (MH). Spl.Ref. Sāhitya.

Patil, Nathubhai Lalu bhai. M.A., M.Ed. Asst.
Prof. Ps. 04. Add. Shri Vanaraja Arts and
Commerce College, Dharmapur, Valsad–
396050 (GJ). Spl.Ref. Alaṅkāra Śāstra.
Patnayak, Pyaree Mohan. Acharya in SarvaDarśana & AdvaitaVedānta. Ph.D. b.
17.04.1955, Polasara, Ganjam, Orissa. Prof.,
Dept. of Darśana, S.J.V.V., Puri. Bks. 05.
Sānkhyakārikā with graphic comm. A Graphic
Representation of Vedāntasāra & Mīmāṃsā
Paribhāṣā. Ps. 20. Add. Sharat Niwas, Suar
Sahi, Puri (Orissa). Spl.Ref. Sarva Darśana
& dvaitaVedānta.
Patoliya, Mansukh Bhai P. Ph.D. b. 25.01.1966.
Prof., Smt. M. M. Shah Mahila Arts College,
Kadi. Mehsana, GJ. Ps. 02. Add. Manorama
6, A Sardar Patel Society, Vibhag 2, Kalol,
GandhiNagar. Spl.Ref. Alaṅkāra Śāstra.
Patoria, Kusum. M.A., Acharya in Sāhitya,
Sāhitya-Paraṅgata, Ph.D., D.Lit. b. 22.02.1950.
Reader, Dept. of Skt., Nagpur Uni. Bks.11,
Kathā Paurāṇikī dṛṣ-i Ādhunikī, Krāntigāthā,
Bhāratīya Kāvyaśāstra: Kāvyābhāsa va
Kāvyabimba(First Comparative Study of Poetic
Image, A Western Concept of Aeasthetics&
Indian Poetics) Ps.200. Add. Azad Chowk,
Sadar Nagpur,(M.S.),440001. Ph. 07122520327. Spl Ref. SāhityaŚāstra, Philosophy,
Jainology. Sashasrabdi Hindisevi Purskar etc.
prakrit, Apabhransha.
Pattamal, R. M.A., M.Phil., Ph.D. b.08.07.1955,
Nagapattinam, Tanjore, T.N. Asst. Prof. Gp.
Dr. N.V. Ranganathan, Dr. Kunjan Raja. Ps.
03. Add. Ethiraj College For Women, C.N.C.
Road, Madras (T.N.). Spl.Ref. Sāhitya.
Pattangi, Narasimhacharya. Vidvan, M.A.,
B.Ed. b. 13.06.1945, Sitaram Pet, Chittur,
(A.P.) Teacher. Gp. N.C.V. Narasimhacharya.
Ps.01. Add. Basic Sanskritonnat Pathshala,
Shri Vyasashran, Yerpedu, Chittur – 517619,
(A.P.). Spl.Ref. Sāhitya.
Patwa, Leena. M.A., Ph.D. b. 02.06.1979, Damoh
M.P. Geust Lect.,Govt. P.G. College, Damoh
M.P. Gp. Bhag Chandra Jain, Shiva Darśana
Tiwari. Ps. 03.

