
Dr. Kashinath Mishra, Ps 15. Add. C8/T2
Saidpur, Prof. Colony, Rajendra Nagar, Patna–
800016. Ph 06122664495 M. 9931490815
Mail. jhakgirish@gmail.com Spl.Ref. Poet.
Jha, Govinda. Acharaya Vyākarṇa Sāhitya. b
10-10-1923, Madhubani. Ex Dy. Director State
Language Dept. Govt. of Bihar. Gp. Guru
Deenvandhu Jha. Bks 49. Kalyāṇīkośa (Maithili
English Dictiornary), Maithilībhāṣā kā Vikāsa,
Vidyāpati kī Ātmakathā. Add. 104 Sati
Chitrakut Appt. Ganga Path, Patel Nager,
Patna– 800023. M 09471866907 Email.
Ptgovind.jha@gmail.com, Spl.Ref. Sāhitya
Academy Award, Grierson Award, Kamil Bulka
Award Govt. of Bihar. Sāhitya Academy has
produced a documentary on his life.
Jha, Hansdhar. Acharya in Ganita & Phalita
Jyotiṣa, DharmaŚāstra, Purāṇa, Ph.D. b.
05.10.1963. Madhubani, Bihar. Asct. Prof.
R.Sk.S. Bhopal Campus. Gp. Lt. Pt. Shri
Yaduveer Jha, Lt. Pt. Shri Ramavtar Mishra,
Prof. Ramchandra Jha, Prof. Shivakant Jha,
Prof. Radhakant Thakur. Sp. Dr. Vidyanath
Mishra, Dr. Ramkumar Koul, Dr. Suman
Kumar, Dr. Avdhesh Kumar Shrotriya. Bks.
05. Bhāratīya Jyotiṣa Pa-hyakramḥ, Golaparibhāṣā, Jyotiṣasaurabham. Ps. 21. Add.
C-4, Yashoda Garden, Parika griha nirman
Samiti. Bag mugaliya, Bhopal, M.P. Pin.462016. Ph.– 09827564839. Spl.Ref. An expert
in Triskandha Jyotiṣa, Dharma-Śāstra &
Purāṇa.
Jha, Harendra Kishor. M.A., Ph.D. b.
01.05.1956. Harpurkala. Bks. 01. Jñānasaṃhitā. Add. Principal B.S. Ram Skt. College.
Pacharhi, Darbhanga, Bihar.
Jha, Hari Shankar. M.A., Ph.D. b.05.01.
1939,Kaithwar, Darbhanga, Bihar. Prof. P.G.
Sanskrit Deptt. Gp. Pt. Shivaji Jha, Dr.
Jayamant Mishra, Dr. Bechana Jha. Add.
Bhagalpur Univ., Bhagalpur, Bihar. Spl.Ref.
Sāhitya.
Jha, Harikant Pakshi. Acharya, M.A., Dipl in
Education. b. Madhubani, Bihar. Rtd. Lecturer

105

Sāhitya, Janak Nandini Skt. Mahavidyalaya.
Bks. 01. Jambūkaśmīrasuṣamāratnam.
Jha, Harinandan. Traditional Astronomy. b.
1929, Madhubani, Bihar. Teacher. Gp.
Raghunandan Jha. Add. Kameshwar Singh
Darbhanga Skt. Univ., Darbhanga, Bihar.
Spl.Ref. Jyotiṣa Śāstra, Astronomy.
Jha, Indrakanta. M.A.. b. 01.02.1960. Vardaha,
Madhubani, Bihar. Asst. Prof. (Sāhitya). Gp.
Shashinatha Jha. Add. Shyamacharan
Vidyapitha, Baunsi, Bhagalpur, Bihar. Spl.Ref.
Sāhitya.
Jha, Jagadish. Acharya in Vyākaraṇa. b.
23.04.1912, Bihar, Asstt. Teacher. Add. P.O.
& Vill. Nikasi, Darbhanga Dist. (Bihar). Spl.Ref.
Vyākaraṇa.
Jha, Jagannath. M.A., Ph.D. b. 10.01.1949.
Madhubani (Bihar). Teach. A.P.S. High School.
Ps. 04. Add. Skt. Teacher. A.P.S. High School.
Nawkothi – Begusarai.
Jha, Jaikrishna. Acharya in Sāhitya & Purāṇaa.
b. 01.07.1958, Muzaffarpur, Bihar. Asst. Prof.
Ps 01. Add. Mumbadevi Adarsh Skt. Pathasala.
Bhartiya Vidya Bhawan, Bombay – 400007.
Spl.Ref. Sāhitya.
Jha, Jaishankar. M.A.. b. 10.03.1956,
Darbhanga, Bihar. Asst. Prof. Gp. Prof.
Srutidhar Jha, Dr. Satisachandra Jha. Add.
Vice–President, Lok-Bhasha Prachar Samiti,
Darbhanga, Bihar. Spl.Ref. Sāhitya.
Jha, Jatanand. Acharya. b. 15.08.1922, Lohana,
Bihar. Asst. Prof. Add. Lohana, Sarisabapahi,
Madhubani (Bihar). Spl.Ref. Sāhitya.
Jha, Jivananda. Acharya in Vyākaraṇa &
Sāhitya. b. 28.03.1924, Devadiha, Nepal. Asst.
Prof., Gp. Pt. Ganeshadutt Jha, Pt. Ramratna
Shukla. Add. A.C. Syama Mahavidyalaya,
Kachauri Gali, Varanasi (U.P). Spl.Ref.
Vyākaraṇa.
Jha, Kala Nath. M.A., Ph.D. b. 30.04.1934,
Madhubani, Bihar. Asst. Prof., Deptt. of
Sanskrit, Bhagalpur Univ. Gp. Pt. Ramanarayan
Sharma, Pt. Chandrakant Pandey. Bks. Articles
& Books Published. Add. 3, D.N.B. College

