
Sāhitya meṃ Kṣa, tra, jña, Sāhityaśāstra ke
naye Praśna, Saṃskṛta Kaviyoṃ kā Racanā
Sansāra. Spl.Ref. Well Known Thinker &
Philosopher.
Tripathi, Jaya Shankar Lal. Acharya, M.A.,
Ph.D., D.Litt. b. 25.07.1941, Kannoj. Prof.
& Ex-Head Deptt of Skt., Faculty of Arts, BHU.
Gp. Murlidhar Mishra, Bal Krishna Pancholi,
Dr. Hari Dutt Shastri, Prof. Siddheswar
Bhattacharya, Prof. Dinesh Prasad Pandey.
Bks. 24. Pramalaghu Mañjūsā, Kāśikā
(Nyāsapadamañjarī Bhāva Bodhinī Hindi
Commentary in Vol 10). Kādambarī,
Kuvalayānanda (Rasikarañjinī with Hindi),
Vyākaraṇa Mahābhāṣya. Ps. 10. Add. N-13/
209. J-5 Brij Enclave, Sundarpur, Varanasi05. Ph. 0542-2317122. M. 09935519720. Spl.
Ref. Panini Puraskar 2001. Visista Puraskar
1985, 1998.
Tripathi, Jitendra Kumar. M.A., L.L.B.
b.04.08.1934, Kanpur (U.P.). Additional
Secretary, Akhil Bharatiya Sanskrit Parishad,
Hazratganj Lucknow (U.P.). Bks.07.
Saṃskṛtam Jīwati Kutra Pustakeṣū, Saṃskṛta
Nideśālaya kī Sthāpanā-Jvalanta Samasyā,
Rasavantī, Ghātīyantram, Mandira-Nirmāṇārtḥ
Bhūmi-Vivādaḥ. Ps. 02. Add. C – 24, Ka. J.
Road, Mahanagar Extension, Lucknow226006. (U.P.)
Tripathi, Kailash Chandra. Acharya in Sāhitya.
b.27.05.1952, Bhataura, Banda (U.P.) Asstt.
Teacher. Gp. Pt. Rameshvar Dayalu. Ps. 03.
Add. Rishi Kumar Sanskrit Mahavidyalaya,
Pilikothi, Chitrakut, Satna (M.P.). Spl.Ref.
Sāhitya.
Tripathi, Kailash Nath. Acharya, Ph.D.
b.01.01.1940. Assistant Teacher. Gp. Vasudeva
Mishra, Kailasabihari Pandeya. Ps. 03.
Add.Varahani, Varanasi (U.P.). Spl.Ref. Sāhitya.
Tripathi, Kailash Pati. Acharya, M.A., Ph.D.
b. 02.06.1933, Bhojpur, Bihar. Asst. Prof. Bks.
NalaCampū (ed.). Add. Deptt. of Sāhitya,
Sampurnanand Sanskrit University, Varanasi
(U.P.). Spl.Ref. The Scholar of Sāhitya,

323

Vyākaraṇa , Vedānta & Linguistics. President
Awardee.
Tripathi, Kalika Prasad Rama-Shankar.
Acharya in Vyākaraṇa & Sāhitya. b.15.07.1938,
Ram Nagar, Pratapgarh, (U.P.). Principal. Gp.
Vachaspati Guruprasad Shukla, Venkateshvar
Dixit, Pt. Subrahmanya Shastri. Ps. 05. Add.
Mumba Devi Adarsh Sanskrit Mahavidyalaya,
Bhartiya Vidya Bhavan, Bombay (MH). Spl.Ref.
Vyākaraṇa, Sāhitya.
Tripathi, Kalika Prasad. Acharya (Vyākaraṇa
& Sāhitya) M.A. b.11.09.1907, Ratnagarh,
Rewa, (M.P.). Ex-Principal. Gp. Radharaman
Dwivedi, Radhikaprasad Mishra, Kamalakant
Mishra. Ps. 05. Add. Tagra Road. Pushparaj
Nagar (Lakhauri Bagh), Rewa (M.P.). Spl.Ref.
Vyākaraṇa & Sāhitya.
Tripathi, Kamal Kant. Acharya in Sāhitya &
Vyākaraṇa. b.01.08.1947, Majhiyari, M.P. Asstt.
Teacher, Janaki Sanskrit Vidyalaya. Gp.
Rambhajan Pandey. Ps. 03. Add. Old Lanka.
Chitrakut, Satna. (M.P.). Spl.Ref. Sāhitya &
Vyākaraṇa.
Tripathi, Kamalesh Dutt. M.A., Acharya
(Vyākaraṇa,
DharmaŚāstra),
D.Phil.
b.4.08.1938 Allahabad. Rtd.Prof., Faculty of
S.V.D.V., BHU. Bks.04, Amaruśatakam, A
Chapter on Vedic Religion and Philosophy
in History of Indian Philosophy, Saṃskṛta
Threatre Ps 50, Add. 439 Mahamana Malaviya
Nagar, Bharti Bhawan, Allahabad -03 Ph. 05423241862 Spl. Ref. Aesthetics, Nā-yasastra,
Dharamsastra, Agama. Mamber of Several
Academic Bodies including Bharat Bhawan,
Kalidas Akademi, National school of drama
etc. Sanskrit Poet and Writer Hindi Essayist.
Founder Secretary of Kalidas Akadami, Director
of many Skt. Plays Honour from
Sampoornananda Skt. University, RSKS New
Delhi ect. Holland, Japan, Austria, Polland,
France etc. President Awrdee.
Tripathi, Kamlakant. Acharya in Sāhitya &
Mimansa. b.14.11.1962. Gp. Pt. Vayunandan
Pandey, Pattabhiram Shastri. Bks. 07. Ps. 25.
Add. Chapai, Ramgarh, Sonbhadra.

