
Patel, Dilkhush Bhai Ujam Lal. Ph.D. b.
05.07.1969. Prof., Smt. C.R. Gardi Arts College,
Moonpur, Panchmahal. Ps. 04. Add. S-4 Akshat
Flat Near Nagar Palika Office, Lunawada,
Panchmahal, (GJ). Spl.Ref. Alaṅkāra Śāstra.
Patel, Gautam. M.A., Ph.D. b. 04.08.1936.
Ahmedabad. Rtd. HOD Deptt of Skt. St. Saviour
College. Ahmedabad. Chairmen nagar Skt.
Seva Samiti & Gujarat Rajaya Sanskrit
Academy. Bks. 90. Ādiśaṅkarācāryaḥ, History
of Vedic Literature and Culture, Meghadūtam
(English & Gujarati Translation), Ṛksūktamañjūṣā. Add. “Valam” L – 111, Swatantrya
Senani Nagar, Nava Wadaj, Ahmedabad–
380013. Ph. (079) 7479610. Spl. Ref. Sāhitya,
Veda Darśana, Poet. Visited Philodelfia, New
York, Schekago, Oxford, Paris, Diana, Rome,
Nerobe etc. President Awardee.
Patel, Hemraj Bhai Rama Bhai. Ph.D. b.
01.09.1955. Prof., Konkrej Arts & Commerce
College, Thara, Konkrej, Janaskanta. Ps. 03.
Add. 10, Thara, Siddhshila Society, Konkrej.
Spl.Ref. Alaṅkāra Śāstra.
Patel, Indira Ben Parag Bhai. Ph.D.
b.01.06.1965. Prof., Rofel Arts & Commerce
College, Namdha Road, Vapi, Pardi, Valsad.
Ps. 05. Add. 202, Siddhashila 2, Near Aashish
Hospital Geeta Sadan Road, Valsad. Spl.Ref.
Vedānta Śāstra.
Patel, Ishwar Bhai Uka Bhai. Ph.D. b.
01.06.1967. Prof. Muncipal Arts, Arban &
Science College, Mehsana. Ps. 05. Add. 1Sun City Row House, Near Sadanand Society,
Mehsana (Nagalpur). Spl.Ref. Vedānta Śāstra.
Patel, J. S. Ph.D. b. 17.10.1941. Prof., M.N.
College, Vish Nagar, Mehsana. Ps. 03. Add.
Kaneripara Vasai, Beejapur, Mehsana, GJ.
Spl.Ref. Alaṅkāra Śāstra.
Patel, Jagriti Ben M. Ph.D. b.23.10.1971. Prof.,
Mahila Arts College, Bijapur, Mehsana. Ps.
03. Add. Nagarpuravas, Sipor, Badnagar,
Mehsana. Spl.Ref. Alaṅkāra Śāstra.
Patel, Jairam Bhai V. Ph.D. b.01.06.1968. Prof.,
Uma Arts & Mahila College, Gandhi Nagar.

209

Ps. 05. Add. Block No. 25/1, Sector 13, Gandhi
Nagar. Spl.Ref. Vedānta Śāstra.
Patel, Jasu Ben Nagin Bhai. Ph.D. b. 01.06.1964.
Prof., Shri M.R.D. Arts & Shri E.E.L.K.
Commerce College, Chikhli, Navsari. Ps. 05.
Add. Chikhli Adarsh Niwasi, Near Vasanda
Road, Khundh, Chikhli, Navsari. GJ. Spl.Ref.
Vedānta Śāstra.
Patel, Jitendra Kumar Ambu Bhai. Ph.D.
b.27.12.1971. Prof., Arts & Commerce College,
Sankheda, Varodara. Ps. 03. Add. Jaladeep
25, Jankalyan Society 2, Rajkherwa Road,
Alipura, Varodara. Spl.Ref. Alaṅkāra.
Patel, Jitendra Kumar Veer Chand Bhai. Ph.D.
b.01.04.1968. Prof., Chanasma Nagrik Sahkari
& Arts & B.A. Patel Commerce College,
Chanasma, Patan, GJ. Ps. 04. Add. Maa Kripa,
Kamboi, Chanasma, Patan, (GJ). Spl.Ref.
Alaṅkāra Śāstra.
Patel, Kala Ben Dahya Bhai. Ph.D. b.
01.06.1966. Prof., Shri P. H. G. Municipal
Arts & Science College, Kalol, Gandhi Nagar.
Ps. 03. Add. O-10, Suvarna Appartment, Near
Nirnay Nagar, Ahemdabad. Spl.Ref. Vedānta
Śāstra.
Patel, kalidas shoba Bhai. Ph.D b. 01.04.1966.
Prof., K.C. Seth Arts College, Birpur. Ps. 03.
Add. Batu Pagina muwaba, Konthaba,
Lunawada, Pancamahal, (GJ). Spl.Ref. Purāṇa
Śāstra.
Patel, Kanta Ben Parag Ji. B.A. b. 10.01.1956,
Valsad, GJ. Asstt. Teacher, Ps. 02. Add. Adarsh
Secondary School, Vapi. Phardi, Valsad (GJ).
Spl.Ref. Sāhitya.
Patel, Kantilal Dhula Bhai. Ph.D. b.26.10.1964.
Prof., D. D. Thakar Arts & K. J. Patel Commerce
College, Laxmi Pura Road, Khedbrahmha,
Shambharkanta. Ps. 03. Add. 2 Sainath Society,
Wasna Road, Shambhar, (GJ). Spl.Ref.
Alaṅkāra Śāstra.
Patel, Lalit. M.A., B.Ed., NET, M.Phil., Ph.D.
b. 01.02.1974. Asstt. Prof., Sri Somnath Skt.
Univ., Junagarh. Bks. 10. Kāvyālaṃkāra. Ps.
12. Add. Sri Somnath Skt. Univ. Veraval,

