
Ram Shastri. Bks. 03. Dravi©atreyadarśanam,
Caturmatasāma-rasyam. Ābhoga-ippaṇī.
Expired in 1968.
Shastri, Prabhakar. M.A.(Hindi & Sanskrit),
Acharya in DharmŚāstra, Sāhitya, Ph.D., D.Lit.
b.13.04.1939. Jaipur. Director, J.R.R.S.U.,
Jaipur, RJ. Gp. Pt. Jaichandra Jha, Pt.
Vriddhichandra Shastri, Pt. Gangadhar
Dwivedi. Sp. Prof. Vinod Shastri, Dr. Vinod
Bihari Mishra, Dr. Sarvesh Kumar Sharma,
Dr. Govindram Gharora. Bks. 20. Ps. 100.
Add. 25-A, Shastri Sadan, Khunteto ka Rasta,
Kishanpole Bazar, Jaipur – 302001. Rj. Spl.Ref.
President awardee-2002. Editor ‘Viśvambharā’
magazine.
Shastri, Prabhat. Acharya in Sāhitya, D.Litt.
b. 27.05.1916. Allahabad. Bks. 17. Sanatsujātiyadarśanam, Rāmagītagovindam, Bhagvadajjukam, Pratāpavijayam, Tāpasvatsrājam. Add.
523. Daraganj, Allahabad – 06. Spl. Ref.
Freelancer in Skt. writing, President Awardee,
Founder of Navgeet Prampara in Skt.
Literature, President Vishvishrut Hindi Sāhitya
Samellan Prayag.
Shastri, Prabhu Datt. b.1949. Tatarpur, Alwar,
RJ. Bks. 11. Gaṇapatisambhavam, Śrīmadbhagavadgītāvyaṅgyamandākinī, Gītāyāḥ
Viśvarūpadarśanayogādhyāyaḥ, Saṃskṛta
Vākya saundaryāmṛtam. Spl.Ref. Poet & ‘M.M.’
Awardee.
Shastri, Prahlad. Vedatīrtha, Kāvyatīrtha,
Puratatvaratna. b.07.01.1918, Ujjain, (M.P.).
Rtd. Principal. Gp. Pt. Gopichandra Shastri.
Add. Balawant Sanskrit Vidyalaya, Joshi
Bhawan, Ramghat, Ujjain (M.P.). Spl.Ref. Veda,
Kāvya.
Shastri, Prakash Chandra. Acharya in
Vyākaraṇa & Sāṅkyayoga. b.01.04.1946.
Sanskrit Teacher, Rajakiya Senior Secondary
Bala Vidyalaya No. 1, Lodhi Road, New Delhi.
Ps. 03. Add. 2804, Arya Samaj Mandir Street,
Arya Samaj, Bazar Sitaram, Delhi–110006.
Spl.Ref. Vyākaraṇa, Sāṅkyayoga.
Shastri, Prakash Narayan. Acharya in

279

Vyākaraṇa, M.A. b.15.07.1930, Baraur, Kanpur,
(U.P.). Acharya. Ps. 05. Add. Principal. Shri
Vyas Kshem Sanskrit Mahavidyalaya, Kanpur
(U.P.). Spl.Ref. Vyākaraṇa.
Shastri, Prashasyamitra. Shastri, Acharya, M.A.,
Ph.D.. b. July 1948, Sivan (Bihar). Asct. Prof.,
Firoz Gandhi College, Raibarely (U.P.). Gp.
Swami Satyanand Saraswati, Pt. Brahmadutt
Ji Jigyasu, Pt. Yudhishthir ji. Bks. 06.
Abhinavasaṃskṛtagītamālā, Acārya Mahīdhara
evam Swāmī Dayānanda kā Yajurvedabhāṣya,
Hāsavilāsaḥ, Vyaṅgyavilāsaḥ, Komalakaṇtakāvaliḥ. Ps. 02. Add. B – 29, Anand Nagar,
Jail Road, Raibarely (U.P.) Pin. – 229001.
Shastri, Prem Chandra. Acharya, B.Ed. b.
15.08.1968. Purohita (Priest). Add. Arya Samaj
Mandi, Basti Harfulsingh, Delhi– 110006.
Spl.Ref. Sāhitya & Veda.
Shastri, Prem Krishna. Acharya in Sāhitya,
Vedānta. b.05.06.1936, Sebas, Kanpur. (U.P.).
HoD, of Darśana. Gp. Pt. Syamasundar Shastri,
Pt. Vaikunthanath Shastri, Ayodhyaprasad
Shastri. Ps. 05. Add. Baladev Sahaya Sanakrit
Mahavidyalaya. 124, Cantt., Kanpur (U.P.).
Spl.Ref. Sāhitya & Vedānta.
Shastri, Premanand. Acharya in Vyākaraṇa
& Sāhitya, M.A. b.01.07.1946, Saini,
Pithauragarh, (U.P.). Asst. Prof. Gp.
Candiprasad Bahugun Mahananda Sharma,
Trilokadhara Dwivedi. Ps. 05. Add. Almora
Inter College, Almora (U.P.). Spl.Ref.
Vyākaraṇa & Sāhitya.
Shastri, Prempal. Acharya in Vyākaraṇa. M.A.
b.10.08.1949. Purohita (Priest). Add. Arya
Samaj Mandir, Shakti Nagar, Delhi – 110007.
Spl.Ref. Vyākaraṇa & Veda.
Shastri, Priyatam Chandra. Acharya, Ph.D.
b.02.04.1941. Jammu, J&K. Rtd. Principal,
Ranbir Kendriya Sanskrit Vidhyapeeth. Bks.
02. Vikramāṅkadeva-caritasya Sāhityikam
Sarvekṣaṇam, Priyam-Candrikā. Add. 257 –
Gangial, Jammu, J&K.
Shastri, Pt. Suryanarayan ‘Kankar’. Acharya.
b.1919. Dudhva, Jhunjhuna. Principal, Rajkiya

