286



Shastri, Vishnu Bandhu. M.A., Ph.D.
b.14.12.1935, Sirhind, Patiala, Punjab.
Asst.Prof., D.A.V. College, Abohar. Gp.
Vishvanath Shastri, Ramnath Gargi, Mohandev
Panta. Ps. 03. Add. B-5/403, College Road,
Abohar, Punjab. Spl.Ref. Sāhitya.
Shastri, Vishva Narayan. Kāvyatīrth, M.A.,
D.Litt. b. 1932, Assam. Principal, N.L. College,
Vice-Chairmen, Assam Rajyojana Aayog.
Bks.03. Avināśī (Novel), Mīmāṃsā Philosophy
Kumārilabhatta, Kālikāpurāṇa, Nyāyavaiśeṣika
Philosophy. Add. Ritayanam, Chandmari Red
Cross Road, Guwahati – 03. Spl. Ref. Honour
from Sāhitya Academy Delhi, Bhartiya Bhasha
Parishad, U.P. Hindi Sansthan, President
Awardee.
Shastri, Vishvambhar Nath. M.A. Ph.D. b.
01.04.1953, Badlighat, Dhundhikatra,
Mirzapur U.P. Asst.Prof. Ps. 03. Add. C/o.
Bajrangi Giri, Premdhana Marg, Badlighat,
Mirzapur U.P. Spl.Ref. Nyāya & Sāhitya.
Shastri,
Vishvanath
Gopal
Krishna.
Vidhyapraveen, M.A., Ph.D. b.16.06.1949.
Godawari, A.P. Principal, SGVPKJ College,
Rajmahendri. Ps. 03. Add. House No. 20-1657, Tummalava A.P. Spl.Ref. Nyāya.
Shastri, Vishvanath Gokul Das. Ph.D.
b.08.03.1942. Prof. Shri Vikram Bhai Batwani
Arts & J.V. Gokul Trust Commerce College,
Radhanpur, Patan. Ps. 03. Add. 14, Chamunda
Society, Kachcha Highway, Radhanpur, Patan,
Gujrat. Spl.Ref. Vedānta, Vyākaraṇa & Purāṇa.
Shastri, Vishwa Murti. M.A., Ph.D.
b.10.10.1946, Ramnagar, Kasuri, Udhampur,
J&K. Prof. & Principal, R.Sk.S., Shri Ranvir
Campus, Jammu. Gp. Madan Mishra, Kakaram
Shastri. Bks. Saṃskṛtasāhityaśāstrasya
Guṇavivecanam. Add. 3/127, Indiravihar, Old
Janipur, Jammu, J&K. Spl.Ref. Sāhitya Śāstra.
Actor & Director of Sanskrit Plays. President
Awardee.
Shastri, Vishweshwar. Vedānta Shiromani. b.
22.10.1922, Penukonda, Anantapur, A.P. Rtd.
Asst. Prof. Ps. 03. Add. Panchangam Vithi,
Penukonda, Anantpur A.P. Spl.Ref. Vedānta.

Shastri, Vriddhi Chandra. Acharya in Vyākaraṇa
& Jyotiṣa. b.1904. Prof., Maharaja Sanskrit
College, Jaipur. Mantri, RJ Sanskrit Sāhitya
Sammelana. Gp. Giridhar Sharma Chaturvedi.
Sp. Pt. Pravinchandra Jain, Dr. Mandan Mishra,
Dr. Ramnarayan Chaturvedi, Devarshi
Kalanath Shastri. Expired on 28.01.1964.
Spl.Ref. Founded a Stechew at the birth Place
of ‘Mahakavi Magh’. Edited ‘Bhāratī’ magazine.
Awarded ‘Sāhityarnava’ & ‘Sāhityalaṅkāra’.
Shastri, Yashodev. Acharya (Darśana, Sāhitya),
Hindi Prabhakar. b. 10.05.1913. Principal,
Sri Saraswati Skt. Mahavidyala, Khanna,
Punjab. Bks. 01. Bhāratasaṃskṛtigauravam.
Ps. 05. Add. 150. Ward No. 16. Purāṇaa Bazar,
Khanna, Ludhiana – 01. Punjab. Spl. Ref.
President Awardee, Siromani Sāhityakar
Samman, Govt. of Punjab.
Shastrigal, Vidya Nath. Traditional Degree.
b.1912, Payyanur, Cannanore, Kerala.
Parayankarta. Add. 51, Pachayaippa Street,
Kumbakonam, T.N. Spl.Ref. Veda.
Shastrigal, C. Srinivasa. Veda Vidvān,
Srautsmart Vidvān, Ved Bhashya Vidwan,
Tradition in Karmakand and PurvaMimāṃsā.
b. 17.10.1927. Tanjoor. Principal, Kanchi
Kamkoti Peetham Pathshala, Kanchipur.
Spl.Ref. Mīmāṃsā, Veda, Gṛhyasūtra, He has
imparted Krishnayajurveda Samhita to more
than 500 students many of who have setteled
in various parts of India as Vedic Teachers,
President Awardee.
Shastrigal, Minakshi Sundar S. Veda
(Graduate), Vedānta Shiromani. b.21.10.1958,
Kangayam, TN. Gp. S. Rajagopal Ganpatigal,
R. Krishnamurti Shastrigal. Add. Sanskrit
Vidwan, Kangayam (TN). Spl.Ref. Kṛṣṇayajurveda & Advaita Vedānta.
Shastrigal, Ram Nath. b.03.04.1915,
Thiruvarur, TN. Gp. Shankarnarayan
Ghanapathigal, Ranganath Ghanapathigal.
Bks. 03. Raghuva‚śam(ed.), Kumārasambhavam(ed.), Sa‚skṛta-pa-hanam. Add.
3, Javulikara Street, Thiruvarur, Thanjavur
(T.N.).

