
Mukhopadhyay, Dipankar. Mahacharya,
Sāhitya, Vyākaraṇa Vidya Shastri, M.A.,
M.Phil., B.Ed., Ph.D. b. 08.09.1963. Kolkata.
Asst. Prof. Deptt. of Skt. Calcutta Univ. Add.
AB-272 Salt Lake City Sector -1 Kolkatta 700064. Ph. 033-23580227. Spl. Ref. Kāvya
& Vyākaraṇa , Transalted many poems of
Bengauli into Skt. Language.
Mukhopadhyay, Gopendumohan. M.A. in Skt.&
Eng., Ph.D., D.Litt.. b. 18.10.1947, Sarang,
Bardwan, W.B. Asst. Prof. Gp. Dr.
Govindagopal Mukhopadhyay, Dr. Ramprasad
Bhattacharya. Ps. 02. Add. Kamarpukut
College, Hooghly – 712612. Spl.Ref. Sāhitya,
Purāṇa, Jyotiṣa.
Mukhopadhyay, Govind Gopal. M.A., Sāṅkya
Tīrtha, Ph.D. b. 23.05.1918. Nadia, WB. Rtd.
HOD & Prof. Vardaman Univ. Bks. 10 Studies
in the Upaniṣad, Traibhāṣika Śabdakośa,
Mahān Prājñapuruṣa. Spl.Ref. Skt. Strotrapath
from AIR visiting Prof. in Skt. Rabindra Bharati
Univ. Member Santro Skt. Board, RSKS, New
Delhi, President Awardee.
Mukhopadhyay, Gurushankar. M.A., Tīrtha
in Kāvya & Vyākaraṇa. b. 25.09.1930. Vice–
Principal, Ps. 01. Add. Ravindra Bharati
Vishvavidyalaya, 56-A, Barrackpur, Trunk
Road, Calcutta, W.B.. Spl.Ref. Sāhitya.
Mukhopadhyay, Kalipad. Tīrtha in Vyākaraṇa,
Kāvya, Smṛti. b. 1923. Mauladanga, W.B.
Principal. Gp. Ramadas Kāvyatirtha. Ps. 02.
Add. Gattakpara, Varanasi, U.P. Spl.Ref.
Vyākaraṇa.
Mukhopadhyay, Kaliprasann. M.A., Tīrtha in
Kāvya & Vyākaraṇa. b. 11.02.1941. Teacher,
Senior Secondary School, Shamnath Marg,
Delhi. Ps. 01. Add. G-34, Lakshminagar, Delhi.
Spl.Ref. Vyākaraṇa.
Mukhopadhyay, Ramshankar. M.A., Ph.D..
b. 11.04.1944, Gopalbati, Hooghly, (W.B.).
Asst. Prof. Gp. Gaurinath Shastri, Govindagopal
Mukhopadhyaya. Ps. 02. Add. S.R.S. Mahavidyapith, Kamarpukur, Hooghly – 712612
(W.B.). Spl.Ref. Sāhitya.

169

Mukhtar, Jugal Kishore. b. Saravasa,
Saharanpur Bihar. Bks. 30. Yuga Bharatī
(Kāvya Saṅgraham), Merī Bhāvanā (Kāvya),
Yugavīra Nibandhāvalī (Part _ I,II), Jaina
Sāhitya aura itihāsa Para viśada Prakāśa
(Nibandha Saṅgraham), Jainādarśa (Jaina
Guna Darpaṇa). Spl.Ref. He was the Editor
of Jain Gajata, Anekanta Magazine. He was
a Journelist & Honoured by Yugaveer.
Mulchand, Vatsal. Shastri. b. Bilai, Damoh M.P.
Bks. 25.Vicāra Puṣpodyāna, Ādarśa Jaina
Kumāra, Sadācāra Koṣa, Samādhi śataka,
Aitihāsika Mahāpuruṣa. Spl.Ref. Freedom
Fighter. Edited & Published ‘Adarsh Jain’ &
‘Veer Patra’ Paper.
Mulganwakar, Pandit Sadashiva Sitaram.
b. 18.11.1886. Lashkar, Gwalior. Principal
of Skt. College, Gwalior Bks. 07. Dharmaśāstrīyavyavasthā Saṅgrahaḥ,
Vedāntavijñānamataḥ, Dhanavantaristotrama, śrīnārāyaṇastavaḥ,
śrījīvajī
Maṅgalam,
śindevalascampū.
Mulukunte, Narayanbhatt Laxminara-simha
bhatt. Vyākaraṇa vidvat, Alaṅkāra-vidvat. b.
10.11.1921, Mulakunte, Magadi, KT. Rtd.
Teacher. Gp. Shrinivasachary, Chakavel
Keshavshastri. Ps. 01. Add. Siddhaganga, Khyat
Santara, Tumkur, KT – 572104. Spl.Ref.
Alaṅkāra, Vyākaraṇa.
Muni, Jambu Vijay. B. 1923. Mandal, Gujrat.
Bhikshu of Jain Shvetambar (Tapa - Gaccha)
Sampraday. Bks. 38. Viyaha Pannati Suttama,
Sthaṅga Sūtra, Anuyogadvāra Sūtra, Nandī
Suttam, Dasakāliya Suttam.
Muni, Pranamya Sagar. (Br. Sarvesh Ji): B.Sc.,
Muni Diksha-1998. b. 13.09.1975. Bhoganva,
Mainpuri, U.P. Gp. Acharya Shri Vidya Sagar
Ji. Bks. 26. śryasa Patha (Kāvyasaṅgraha),
Stuti Pā-ha (Kāvya-saṅgraha), Samādhi TantraĀrhata Bhāṣya (Sānuvāda), Caitanya
Candrodaya – candrika Ṭīkā (Sānuvāda),
Titthayara Bhāvaṇā (Prākṛta). Add. Acharya
Shri Vidya Sagar Ji ka sangh. Spl.Ref. Many
texts are translated from Sanskrit to Hindi,
All works are published by Dharmodaya
Sāhitya Prakashan, Khurai road, Sagar, M.P.

