
Tatacharya, Deshik Tirumallai. b.1894.
Tiruvarangam, TN. Gp. Pt. Shri Nivasacharya,
Pt. Kuppuswami Shastri. Bks. 01. Sugamāvṛtti
on Vaiśeṣika Sūtras. Expired in 1974. Spl.Ref.
His great contribution to Sanskrit is ‘Darśana
Kosh’. Sugamāvṛtti has been published by
Research Journal of Ganganath Jha Kendriya
Vidyapeeth, Allahabad.
Tatacharya, Devnath. b.1896, A.P., Gp. Shri
Narasingh Tatacharya (father). Bks. 05.
Vedānta Vaijayantī, Nyāya Kusumāñjalī
Vyākhyā, Akṣarārtha Commentory of
Tattvamuktākalāpa, Sūtrānuguṇyasiddhivimarśa, Viśiṣtādvaitasiddhi. Expired in 1988.
Spl.Ref. Nyāya & Vedānta.
Tatacharya, Krishna K. Vidvan. b.18.03.1903,
Talakadu, Mandya, KT. Gp. Pt. Hemmige
Shrinivas Ayyangar, Raghav Bhattacharya.
Bks. Mahāvīra Vaibhavam (Campukāvya). Add.
7/2 Jaya Nagar, Bangalore–17(KT). Spl.Ref.
Vedānta.
Tatacharya, Laxmi M.A. Navya Nyay Vidhan,
Alaṅkāra Vidvat. b.26.02.1938, Mysore, KT.
Joint Secretary. Gp. M.A. Alvara, Tirumala
Ayyangara. K.K. Venkatacharya. Ps. 02. Add.
Sanskrit Research Academy, Malkote-571431
KT. Spl.Ref. Darśana, Alaṅkāraa Śāstra.
Tatacharya, N.S. Ramanuja. Mīmāṃsā, Nyāya,
Vedānta, Vyākaraṇa , Ph.D. b.15.04.1928.
Bks.10. Pañcalakṣa-Gādādharī-vyākhyā, Dīpikā
Prakāśikā-vyākhyā Bālapriyā, Caturdaśalakṣaṇi-vyākhyā Vivaraṇam, Pakṣatāgādādharī Vyākhyā. Avayavagādādhārī
Vyākhyā. Ps. 60. Add. G-003. I Block, Jains
Prakrti Appartments, K.R. Road, Jayanagha
Block VII, Banglore–560082. Spl.Ref.
Rashtrapati Award – Certificate of Honour
in 1986, Sankar Puruskar – U.P. Sanskrit
Academy in 1988 and other fifteen awards.
Tatacharya, Narasimha V. Nyāyaśiromaṇi,
Vidvān (Mīmāṃsā, Vedānta). b.15.07.1926,
Kanchipuram,
TN.
Prof.,
Shri
Chandrashekharendra Saraswati NyāyaŚāstra
Mahavidyalay, Kanchi-puram, TN. Gp. A.
Devanatha Tatacharya. Add.73, Sannadhi

311

Street, Kanchipuram – 631503 (TN). Spl.Ref.
NavyaNyāya, Mīmāṃsā, Vedānta & Veda.
Tatu, Prema Ben Shrikant. Ph.D. b.31.03.1937.
Prof. Smt. Sadgun C.U. Arts College for Girls,
Lal Darwaja, Ahemdabad. Ps. 03. Add. Goyal
Tower F-1, Near Jahanwi Restorent, Ambawadi
Ahemdabad. Spl.Ref. Veda.
Taviyad, Khema Bhai V. Ph.D. b.01.06.1966.
Prof. Nalini Arvind Arts College, Vallabh Vidhya
Nagar, Aanand. Ps. 03. Add. Prathampur,
Jatwad, Santram-pur, Panchmahal. Spl.Ref.
Vedānta.
Teerth, Bharti Krishna. b.1884. Jagatguru
Shankaracharya. Puri (Orissa). Bks.02. VaidikaGaṇita, Śrīsanātana Vaidika Dharma
Mahāmahimbhum Mīmāṃsā. Expired in 1960.
Spl.Ref. Sanskrit, Hindi, English & Mathametics.
Teerth, Nigam Badha. b.1936. Luhari, Jatugram.
Lecturer, Chandigarh (Punjab). Bks. 02.
Hariyānā Vaibhavam. Śrī Śaṅkarācāryacaritam.
Teerth, Vedanand (Dayanad). Veda & Darśana.
Acharya, Dayanand Updeshak School, Lahore,
Pakistan. b.Ujjain (M.P.). Bks.100. Swādhyāya
Sumana, Swādhyāya Saṃdoha, Satyārthaprakāśa Tīkā. Expired in 1956.
Tejomitra, Acharya. Vedacharya, Vyākaraṇa
Nirukt, M.A., Vidyavaridhi, D.Phil. b.15.10.
1939. Rtd. Prof. D.A.V. College, Deharadun
(U.P.). Bks. 06. Ekāvalī, Śraddhānandabalidānam, Kathāyanam Add.Vatayanam
217/1 DL Marg Dehradun 01. Spl.Ref. Veda,
Nirukta, Sāhitya.
Tejprakash Acharya, M.A. b. 08.01.1981.
Mohanlalganj. Research Scholar, Lucknow
Univ. Gp. Prof. Binda Prasad Mishra Ps. 06.
M. 09453370421.
Tera, Buddharakkita (Acharya). Traditional
Degree. b.12.03.1922, Imphal, Manipur.
Founder President, Mahabodhi Society,
Bangalore. Gp. Nanatiloka, Vitthalarupola
Piyatissa. Add.14, Kalidas Marg, First Main
Road, Gandhi Nagar, Bangalore–560009 (KT).
Spl.Ref. Bauddha Darśana.
Thaker Pankaj Krishnakant M.A., B.Ed., SLET.

