
Sadā Sundaram, Yajñna Aura Yājñavalkya,
Citrakūta Śataka. Add. C 2/1. O Vishesh Khand2. Gomati Nagar. Lucknow–226010(U.P.).
Spl.Ref. Edited, Producer & Asst. Director –
All India Radio, Lucknow (U.P.), Mahamantri,
Sanskrit Shodh Parishad, Allahabad University
(1962 – 64). Nirala Puruskar, Sanskrit
Academy Award–1989, Govinddas Puruskar–
1991, Awarded by Hindi Sansthan (U.P.) –
1993 & Sanskrit Sanstha (U.P.) – 1992, U.P.
Ratna Award – 1996.
Tripathi, Avadh Bihari. Acharya in Vyākaraṇa.
b.1914, Sipahi, Arah, Bihar. Gp. Ramayasa
Tripathi, Chandicharana Tarkatirtha, Siva
Nandana Pandeya. Ps. 05. Add. Sipahi, Arah,
(Bihar). Spl.Ref. Vyākaraṇa.
Tripathi, Balaram. Sāhitya-Acharya, M.A., Ph.D.
b.16.04.1923, Jabalpur, M.P. Ex. Principal,
Sri Lokanatha Sanskrit Mahavidyalaya,
Jabalpur. Gp. Dr. Krishnakanta Caturvedi.
Ps. 03. Add. 280/2, Kotwali Ward, Hanumantal,
Jabalpur (M.P.)
Tripathi, Banarasi. Navya Vyākaraṇa Acharya,
M.A., Ph.D. b. 30.04.1952. Kusi Nagar. Prof.
Deptt of Skt., D.D.U. Gorakhpur Univ. Bks.
02.
Ṛgvedīya
Subanta
Pado
kā
Vyutpatticintana. Ps. 12. Add. Deptt. of
Sanskrit, D.D.U., Gorakhpur Univ. Gorakhpur273009 U.P. Ph. 0551-2503181. Email
banarasitripathi@gmail.com
Spl.Ref.
Vyākaraṇa.
Tripathi, Bhagavat Prasad Sharma. Shastri
in Vyākaraṇa & Alaṅkāra, Acharya in Sāhitya.
b.21.09.1923, Cuttuck, Orissa. Gp. Ganeshwara
Ratha, Narayana Mahapatra, Kaliprasada
Misra,
Ambikaprasada
Upadhyaya,
Niriksanapati Misra. Bks. Rasaniṣpattitattvāloka. Add. Markandeshwar Sahi, San
Sangha Lane, Puri (Orissa).
Tripathi, Bhagirath Prasad. Nyay - VyākaraṇaSāhitya - Purāṇa - Vedānta - Yoga - Veda –
Darśana – Āyurveda – Jyotiṣa - DharmŚāstraSangeet. b.1934. Vilaiya, Sagar (M.P.).
Director, Research Centre, Varanasi. Gp.
Seetaram Shastri Sharma, Pt. Shukdev Jha,

319

Pt. Raghunath Sharma, Dhundhiraj Shastri,
Ugranand Jha, Kshetreshchandra Chattopadhyay. Bks.02. Dhātvarthvijñānam, Pāṇinīya
Dhātupā-ha Samīkṣā, Nārya-Saptaśatī,
Ātaṅkavāda-Śatakam. Add. Editor, Saraswati
Sushama. Sampoornanad Sanskrit Univ.,
Varanasi.
Tripathi, Bharat Bhushan. Acharya,
Vidyavaridhi b. 01.01.1972. Paryag. Asstt.
Prof., RSKS Lucknow Campus. Gp. Pt.
Ramprasad Tripathi. Bks. 03. Vyākaraṇa
Matonmajjana
Tīkā,
Kārakacakram,
Vādaratnam. Ps. 03. Add. Vikas Khand, 2/
101 Gomti Nagar, Lucknow. M. 07499392926.
Spl.Ref. Vyākaraṇa.
Tripathi, Bharat prasad. M.A. b. 17.08.1937,
Saharvar, Bilaspur, C.G. Gp. Saraswatiprasada
Chaturvedi, Deviprasada Tripathi. Ps. 02. Add.
Chatideeh, Bilaspur (CG). Spl.Ref. Sāhitya.
Tripathi, Bhaskaracharya. M.A. D.Phil.
b.23.09.1942. Allahabad. Prof., Govt. Sanskrit
College, Bhopal. Founder Deptt. of Prachay
Skt. Rewa V.V., Chairmen M.P. Skt. Academy.
Bks. 08. Mṛtkū-am, Bālarāmāyaṇam(ed.),
Nilimpakāvyam, Sāket-saurabham (MahaKāvya), Nirjhariṇī, Lakṣmīlāñchanam, Ajāśatī,
Gadyadvādaśī. Ps. 50. Add. F – 44/6. South
T.T. Nagar. Bhopal – 02. Spl .Ref. Ex.Secretory
of Sanskrit Academy, M. P. Famous Poet of
20 th century. Awarded by Sāhitya Academy
Samman, Bhoj Samman, Panditraj Samman,
Charudev Samman. Expired on 03.12.2008.
Tripathi, Bhuvan Chandra. Acharya, Ph.D.
b.01.01.1943, Shiloti, Nainintal. Principal.
Gp. Madan Narayana Tripathi, Vijayaprakasha
Sharma. Ps. 03. Add. Sri Mahadeva Giri Sanskrit
Mahavidyalaya, Haldvani, Nainital (U.P.).
Spl.Ref. Sāhitya.
Tripathi, Brij Bihari. Acharya in Vyākaraṇa ,
Darśanaa, Nyāya., Ph.D. b.05.01.1956.
Principal, Shri Dakshina Murti Skt. College
Mishrpokhara, Varanasi, U.P. Gp. Prof.
Parasnath Dwivedi, Pt. Gayadeen Mishra,
Ramsanmukh Dwivedi. Sp. Dr. Laxmikant

