
09450253332.
Spl.Ref.
Well
known
contemporary Skt. Writter. Recieved Kalidas
Puraskar, Pt. Pratap Narayan Mishra Puraskar,
Pt. Raj Jagannath Puraskar, Vyasdhawaj
Puraskar & Maharshi Badarayana Vyas
Samman, President, Govt. of India.
Pandey, Janardan. M.A., Acharya in Sāhitya.
b. 21.01.1920, Almorha. Sr.R.A., Tibbati Siksha
Sansthan. Bks. 46. Gorasasamhitā (Vol.I-II),
Bhaktī Vivekaḥ, Sidhānta Paddhatt,
Uśārāgodaya
Nā-ikā.
Add.
K22/39,
Panchganga, Varanasi. Spl.Ref. Sāhitya,
President Awardee – 2008.
Pandey, Kamal Kant. Acharya in Navya
Vyākaraṇa. b. 28.12.1918, Mirzapur. (U.P)
Rtd. Teacher. Gp. Shukadevacharya, Ramyash
Tripathi. Ps. 01. Add. Vill. Baburachande.
Mirzapur (U.P.). Spl.Ref. Vyākaraṇa.
Pandey, Kamal Prasad. Acharya in Navya
Vyākaraṇa, M.A., Ph.D. b. 28.05.1946, Sidhi,
M.P. Asst. Prof. Sanskrit Deptt., C.M.D. College,
Bilaspur. Gp. Bhupendrapati Tripathi,
Kalikaprasad Shukla, Dr. Prabhudayal
Agnihotri. Ps. 10. Add. Near Shiva Mandir.
Vidya Nagar, Bilaspur. (M.P.). Spl.Ref.
Vyākaraṇa.
Pandey, Kamal Shankar. Acharya in Vedānta,
M.A. b. 12.07.1946, Varanasi, (U.P) H.O.D.
of Sanskrit. Gp. Dr. Adyaprasada Mishra. Ps.
05. Add. G.D. Binani Post Graduate College,
Mirzapur (U.P.). Spl.Ref. Vedānta.
Pandey, Kamala Prasad. Acharya in Navya
Vyākaraṇa. M.A., Ph.D. b. 28.05.1946,
Ratanpurva, Sidhi, (M.P). Asst. Prof., Skt.
Deptt., C.M.D. College, Bilaspur. Gp.
Bhupendrapati Tripathi, Kalikaprasad Shukla,
Dr. Prabhudayal Agnihotri. Ps. 05. Add. Near
Shiva Mandir. Vidya Nagar, Bilaspur. Spl.Ref.
Vyākaraṇa.
Pandey, Kamla. M.A., Ph.D. Acharya in Sāhitya.
b. Nanital. Asstt. Prof., Vasant Kanya
Mahavidyalaya, Varanasi. Bks. 04. Rakṣata
Gaṅgām, Gaṅgādaṇ©kam. Add. B-16/38 B1 Pandey Haweli, Til Bhandeswar Colony,

191

Varanasi – 10. Spl. Ref. Founder Director,
Sanskrit Matri Mandalam.
Pandey, Kanhaiyalal. Vyākaraṇa, Sāhitya,
Acharya in Vedānta. b. 15.08.1928, Babura,
Mirzapur, (U.P.) Gp. Raghunath Sharma,
Muralidhar Mishra. Ps. 05. Add. Vill. Babura,
Mirzapur (U.P.). Spl.Ref. Vyākaraṇa.
Pandey, Kantichandra. Rtd. Professor. Lucknow
Univ. Bks. 01. Śaivadarśana Bindu, Abhinava
Gupta : An Historical Philosophycal study
of K.C. Pandey by G.C. Pandey. Spl.Ref. He
was the first scholar with his independent
reasearch on Kashmir Shaiv Darśana.
‘Abhinavguta Institute’ is estabalished by
Pandey ji at Lucknow. He wrote many articles,
research papers and books on Kāśmīra Śhaiva
Darśana.
Pandey, Kapildev. M.A., Ph.D., NavyaVyākaraṇasahstri. b. 01.09.1936, Ratsar, Ballia,
(U.P.). Gp. Sabhapati Sharma Upadhyay, Dr.
Siddheshvar Bhattacharya, Dr. Shrinarayan
Mishra. Bks. 03. Mīmā‚sānyāya-prakāśādhyayanam, Sṛṇgāratilakam, Chando,laṅkāramanjarī. Add. C-27/3, Jagat Ganj, Varanasi
(U.P.). Spl.Ref. Vyākaraṇa & Sāhitya, Darśana,
Bhasavigyan, Skt. Poet.
Pandey, Kapildev. Navya Vyākaraṇa Shastri,
Ayurvedacharya. b.01.07.1909, Azamgarh,
(U.P.). Teacher. Add. Village & P.O. Jigarsandi,
Azamgarh Dist. (U.P.). Spl.Ref. Navya
Vyākaraṇa & Ayurveda..
Pandey, Kashi Prasad. Acharya. b. 01.01.1960,
Allahabad. Principal. Ps. 05. Add. Shri Ram
Sanskrit Vidyalaya, Lahure Parwa Charak,
Allahabad (U.P.). Spl.Ref. Sāhitya.
Pandey, Kashinath Chandramauli. Principal,
Shardul Acharya Sanskrit Vidyapeeth, Bikaner.
Bks. 31. Śrīmānjavāharayaśo-vijayākhyā.
Pandey, Kaushal Prasad. Acharya in Vyākaraṇa,
M.A., Ayurveda-Ratna, Ph.D.. b. 30.11.1939,
Bhitanta, M.P. Asct. Prof., Government
Ayurveda Mahavidyalaya, Rewa. Gp. Dr.
Chandrikaprasad Dwivedi, Pt. Ram Vedana
Shukla, Sadashiv Joshi. Bks. 01. Brāhmaṇa

