84



Gopalkrishna. M.A. Asst. Prof. Skt. Dept. Add.
Government Sanskrit College, Nabha – 147201
(Punjab). Spl.Ref. Sāhitya.
Gopinath, ‘Kaviraj.’ M.A. b. 07.09.1887, Vill.
Dhamrai, Distt. Dhaka Bangladesh. Principal
Govt. Skt. College, Varanasi. Bks. 05. Bhāratīya
Saṃskṛiti aura Sādhanā, Tāntrika Vāṇmaya
meṃ Sāktadṛiṣtī, Tāntrika Sādhanā aur
Siddhānta, Śri Kṛiṣṇa Prasaṇga, Patrāvali.
Expired on 12.06.1976. Spl.Ref. Awards
Mahamahopadhyay, Padma Vibhushan By
Govt. of India. Sāhitya Vachaspati by U.P.
Govt. Deshikottam by Vishva Bharti, Sāhitya
Academy Award.
Gor, Mukesh Chandra Chota Lal. Ph.D.
b.28.07.1966. Prof. S.S.P. Jain Arts &
Commerce College Grahgandha, Surendra
Nagar. Add. C-38, 60 Quarter, Near Distt.
Panchayat Bhawan Surendra Nagar. Spl.Ref.
Alaṇkāra Śāstra.
Goranal, Ramchandracharya Raghava-charya.
Pandit,
Purnaprajnaprasada-patra.
b.
03.08.1914, Tadavaluga, KT. Rtd. Principal.
Gp. Annacharya. Add. Merry Road, Bijapur
(KT). Spl.Ref. Sāhitya, MadhvaDarśana.
Gore, Kashinath Gopal. B.A., LLB (Goldmedalist), Hindi Sāhitya Ratna, Sangeet
Visharad, Telugu Kovid, b. 03.06.1936. Rtd.
Joint Secretary U.P. Govt. Gp. Vedmurti, Gopal
Bhatt Gore (Rigveda), MM Pt. Bahushastri
Bjhe (Skt. Literature), Pt. Madan Gopal Sharma
(Jyotiṣa, Ayurveda) Bks. 07. Kaligītā,
Vyavahārasūkti, Yoga & Svāsthya. Ps. 100.
Spl.Ref. Ṛgveda, Jyotiṣa, Āyurveda, Poet
(Marati, Hindi, Skt. English), Chairman
Maharashtra Samaj, Vice Chairman U.P.
Secretariat Hindi Parishad & Matra Sewa
Sansthan, Lucknow, Direction & Acting in
Marathi Dramas (Radio Talk from A.I.R.,
Lucknow.
Gornal, Ramacharya, b. 03.08.1914, Tadealga,
Bijapur, KT. Teacher, Sanskrit Pathshala,
Bijapur. Add. Rajavendra Chowk, Main Road,
Bijapur- 586101 KT. Spl.Ref. Darśana
Śāstra.

Gosai, Natwargar Amritgar. Ph.D. b. 02.03.
1947. Prof. S.S.Mehta Arts & M.M. Patel
Commerce College Motipura Himmat Nagar.
Add. B-4, Shastri Nagar, Mahaveer Nagar,
Himmat Nagar. Spl.Ref. Purāṇa Śāstra.
Goswami, Asarani. M.A., Ph.D.. Sub. Sāhitya,
Dharmaśāstra, Sanskrit. Sr. Lecturer; Gargi
College, New Delhi. Bks. Kṛṣṇa-Kathā & Allied
Matters, The Kṛṣṇa Legend: a new Perspective.
Add. 12/7644, Dharmapur Lodge, Clock Tower
Sabji Mandi, Delhi – 110007.
Goswami, Asha. M.A., Ph.D. Convenor
International Consortium of Epics & Purāṇika
Lower Studies Delhi. Bks. 05 The Kṛṣṇa Legend
a new perspective, In the foot steps of Kṛṣṇa:
Research in Kṛṣṇa Lord, Uses in Indology in
search of Blue Green Crest. Ps. 48. Spl.Ref.
Skt. Samman Award, Delhi Skt. Academy,
Honor of Citation of Excellence in Writing
Ministry of HRD etc., Dr. Asha Goswami is
a well publicized name in Kṛṣṇa Lore studies.
Devoted to serving Indology, she is associated
with a number of Educational and Cultural
organizations in India and abroad.
Goswami, Ashok Kumar. M.A., Ph.D. b. 01.05.
1938. Jorhad. Rtd. Prof. & HOD Deptt of Skt
Gauhati Univ. Bks. 17. Ps. 89. Add. A6/116
Shanti Gram Housing Complex Tripura Road
Khanapara, Gauhati - 781022, Assam. Ph.
2227771. Spl.Ref. Visiting Prof. Tejpur Univ.,
Deptt of Traditional Cultural & Art form 199899, Founder Co-ordinator Gauhati Study
Centre of IGNOU 1987-94, Director In-charge
Academic Staff College GU Campus 1998 (JanApril), Honoured by MHRD Minister Dr. M.M.
Joshi 2000, President Awardee, Sāhitya Bata
Award by Assam Govt. 2008, Awarded literary
pension by Assam Govt. 2009.
Goswami, Balbhadra Prasad. Acharya, M.A.,
Ph.D., Sāhitya Ratna. b. 07.10.1925. Hardoi.
Upar Parishad Pariyojana Nideshak. Bks. 12.
Nehrūyaśaḥ, Indirājīvanam, Jyotiṣmatī. Add.
14, Ashok Nagar, Barelli. Spl. Ref. Kalidas
Puraskar, Honour from U.P. Skt. Sansthan,
Haryana Govt.

