48



Prathamikonnata Pathashala, Kapila Tirtham,
Tirupati, A.P. Spl.Ref. Sāhitya.
Chittora, Krishna. M.A., Ph.D. b. 26.08.1957,
Indore, M.P. Asst. Prof. Gp. Dr. Prabhakar
Kotukar, Dr. H.V. Trivedi. Add. Govt. College,
Shahpura (RJ). Spl.Ref. Sāhitya.
Chogaduba, Dhubavan. Acharya in Darśana,
Vidyavaridhi. b. 08.07.1939, Tibet. Asst. Prof.
Gp. Ramashankar Tripathi, Add. 51/1, Kiran
Colony, A.E.C. Prashikshan Mahavidyalaya,
Panchmani , M.P. Spl.Ref. Darśana.
Chokse, Kamleshkumar. Acharya in Vyākaraṇa,
M.A., Ph.D.. b. 06.06.1961. Visnakar, Dist.
Mehesana, Gujrat. Prof., Gujrat Univ.
Ahmedabad – 380009. Bks. 08. Paṇiṇiya
Vyākaraṇa me kāraka mīmāṃsā. Ps. 01. Add.
24-B, Veernagar Society, Bhimaji Pura,
Navavadai Road, Ahmedabad – 380013.
Spl.Ref. Vyākaraṇa & Purāṇa Śāstra.
Cholakavil, Periyagovinda Variyar. Sāhitya.
b. 10.01.1921, Chembara, Palakkad, Kerala.
Rtd. Teacher. Gp. K.P. Naravana Pisarodi.
Bks. 01. Vālmīkīyarāmāyaṇasya Malayālamabhāṣārūpāntaraṇam. Add. Devi Niwas,
Thirikandu, Ponnani, Kerala. Spl.Ref. Recipient
of Shri Narayana Dharma Paripalan Sangam
Award.
Chopda, Krishna. M.A., B.Ed.. b. 23.09.1939.
Teacher (PGT). Govt. Senior Secondary School,
Dhasa. Add. 12 B, LIG D.D.A. Flats, Rajouri
Garden, New Delhi.
Chopda, Phul. M.A., M.Ed.. b. 05.06.1943.
Teacher (TGT), Modern School, Barakhamba
Road, New Delhi. Add. BB 11, F. DDA Flats,
Munirika, New Delhi – 110067. Spl.Ref.
Sāhitya.
Chopda, V.D. M.A.. b. 01.09.1932. Teacher,
Senior Secondary School, Lajpat Nagar, New
Delhi. Add. E-79, Lajpat Nagar, Phase – I,
New Delhi – 110024. Spl.Ref. Sāhitya.
Chotliya, Rajendra Kumar Arjun Bhai. Ph.D.
b.30.05.1958. Prof. Sanskrit Bhawan,
Sourashtra University Rajkot. Add. 29, A-1,
Sourashtra University Karmachari Housing

Society Street no.1 Rajkot. Spl.Ref. Vedānta
Śāstra.
Choubey, Kashi Nath. M.A., Vidyavachaspati.
b. 25.07.1944. Teacher, Govt. Boys Senior
Secondary School No. 2, Tilak Nagar, New
Delhi. Add. N-16, Vijay Vihar, Uttam Nagar,
Delhi – 110059.
Choubey, Lalit Kumar. Ph.D., Acharya in
Sāṅkhyayoga & Darśana. b. 20.06.1962. Asst.
Prof., Sampoornanand Skt. Uni., Varanasi.
Gp. Sudhanshu Shekhar. Add. C.K. 34/39,
Lahori Tola, Varanasi-1. Spl.Ref. Sāṅkhyayoga
Śāstra.
Choubey,
Rakesh
Chandra.
Acharya
(Vyākaraṇa, Shikṣā). b. 02.06.1963, Loharatala, Jaunpur, (U.P.). Asst. Prof. Spl.Ref.
Vyākaraṇa, ShiksaŚāstra.
Choubey, Suresh Chandra. M.A., Ph.D. b.
21.07.1958. Roopchandrapur, Varanasi. Asst.
Prof., M.G. Kashi Vidyapeeth, Varanasi. Ps.
05. Gp. Prof. Jai Shankar Tripathi, Prof. Shri
Narayan Mishra, Prof. Vishvanath Bhattachrya,
Prof. Ramayan Prasad Dwivedi. Sp. Dr.
Yogendra Shastri, Rajneesh Pandey, Pratibha
Kumari, Aparna Tripathi. Add. 1, M. Gandhi
Kashi
Vidhyapeeth,
Varanasi.
Ph.
09415817881.
Choudhary, Satya Dev. M.A. (Skt, Hindi), Ph.D.
b. 21.05.1921. Rtd. Asct. Prof. DU. Emritus
Prof. D.U. Bks. 30. Bhāratīyakāvyaśāstra, Kāvya
Ke Paridṛśya, Saṅkṣiptamahābhārata, Ṛgvedīya
Saṃvādasūkta. Add. F-11/12, Model Town
Delhi – 09. Spl.Ref. Director, Ramkrishna Jai
Dayal Dalmia Sri Vani Nyasa, Delhi, Visiting
Prof. Indology Institute Tubingan Univ.
Germany, , Awarded by Punjab Govt., UP
Govt., Delhi Skt. Academy, Hindi Academy
etc. President Awardee.
Ciraputker, Narayan. Acharya, Tīrtha in Tarka,
Kāvya, Purāṇa & Veda, M.A.. b. 25.03.1925,
Vill. Devagude Nadagavata, Maharashtra. Hon.
Asstt. Secretary. Add. Deccan College, Pune,
Maharashtra. Spl.Ref. Navya Nyāya-KāvyaPurāṇa, Veda.

