352



Shamgarh, M.P. Coordinator, Skt. SCERT,
Bhopal. Gp. Prof. Balkrishna Sharma, Prof.
M.M. Pathak, Prof. Somnath Nene. Bks. 10.
Skt. Text books of School education (ed.).
Ps. 05. Add. 12, Alaknanda Nagar, Ujjain,
(M.P.) Spl.Ref. Sāhitya, Trainer for High school
skt. Teachers.
Vyas, Bhanushankar Vasudev. Acharya in
Jyotiṣa. b. 10.01.1951, Varodara, GJ. Asst.
Prof. Gp. Laxmikant Jha, Paresh Shukla. Ps.
05. Add. 679, Vishal Nagar, Tarsali, Vadodara
Gujarat. Spl.Ref. Jyotiṣa-śāstra.
Vyas, Bharat Kumar Bhikha Lal. Ph.D.
b.31.05.1966. Prof. Arts & Commerce College
Ambroli Distt. Surat. Ps. 04. Add. 69, Kailash
Row House New Koshad Road, Ambroli Distt.
Surat. Spl.Ref. Vedāntaśāstra.
Vyas, Bhola Shankar. M.A. Skt., Hindi, LLB,
Ph.D., D.Litt. b. 1924. Bundi Rajasthan. Prof.
& Head Rtd. Kashi Hindu Univ. Kashi. Gp.
Shri Gavardhan Vyas (Father). Bks. 20. ŚaktiJayamahākāvyam, ‘Nemidūtam’ & ‘Kālidasaḥ
Tasya Kṛtittvam Ca’. Ps. 150. Add. 26
Sankatmochan Colony Lanka Varanasi 05.
Spl.Ref. Poet & critics.
Vyas, Brahma Shankar P. M.A., Ph.D. b.
04.02.1935, Moradabad. Asct. Prof. Ps. 10.
Add. -10, Giriraj, 6, Mabhaldarvari, Malad,
Bombay– 400064 (MH). Spl.Ref. Sāhitya.
Vyas, Gopi Krishna. Kāvyatīrtha. b. 08.08.1915.
Pokhran. Distt. Jaisalmer. Teacher. Govt.
School. Jodhpur. Bks. 05. Sāmbasambhavākhyam, Jayamallakāvya-kīrtilatā, Indirānakṣatraśatakam, Vainyacaritam, Amaranāthadarśanam. Expired on 31.10.1994. Jodhpur.
Spl.Ref. Written – Sāmbsambhavam awarded
by ‘Magh’ award of Rajasthan Sanskrit
academy, Jaipur.
Vyas, Hitendra Govardhan Das. Acharya, B.Ed.
b. 05.06.1963, Ishwariya, Rajkot, GJ. Teacher.
Gp. Ramdas Kondinya, Bharatdev Rajgora.
Add. Bhagwat Vidya Pitham, Varatantu Sanskrit
College, 54, Sola, Ahemdabad, GJ. Spl.Ref.
Sāhityaśāstra.

Vyas, Kirtida Banshilal. Ph.D. b.22.09.1970.
Prof. Navjiwan Arts & Commerce College
Dahod. Ps. 05. Add. Vajra Khadaytawad, Water
Gate Dahod. Spl.Ref Vedāntaśāstra.
Vyas, Kishor Chandra Jayamanishankar. M.A.
Shikshashastri. b. 06.02.1933, Surat, Gujarat.
Asst. Teacher, Seth R.J.J. High School, Valsad,
GJ. Gp. Satavelkaraji, Dr. Shastri., Ps. 10.
Add. Mohitisa Chaul. Opp. Light House,
Umargam, Valsad (GJ). Spl.Ref. Upaniṣhad.
Alaṅkāra-śāstra.
Vyas, Kunvaralal Jain. Acharya, M.A., Ph.D..
Teacher, J.J. College. Ps. 05. Add. B-26, Dharma
Colony, Nangloi, Delhi – 110041. Spl.Ref.
Sāhitya.
Vyas, Madhusudan M. Ph.D. b. 10.05.1965.
Prof. Arts College, Shambaji Distt.
Sambharkanta. Ps. 05. Add. A- 203 Vrindavan
Appartment, Navjiwan Chouk, Modsa Distt.
Sambharkanta. Spl.Ref. Vedāntaśāstra.
Vyas, Mahesh Kumar. B.A.M.S., M.D. in
Āyurveda, M.A. in Skt. & Philosophy, Ph.D.
in Āyurveda. b. 19.12.1968, Shamgarh, M.P.
Reader, Gujrat Āyurvedic Univ., Jamnagar,
GJ. Gp. Prof. Balkrishna Sharma, Prof. M.M.
Pathak, Prof. R. B. Sahgora, Dr. Shyamlal
Sharma. Ps. 12. Add. 201, Shivam Plaza, 10,
Patel Colony, Jam Nagar, (GJ). Spl.Ref.
Āyurveda(Basic principle) & Sanskrit.
Vyas, Meena Ben Shanti Lal. Ph.D. b.
29.10.1964. Prof. Choudhary Mahila Arts
College, Sector No. 7, Near S. T. Depo,
GandhiNagar. Ps. 05. Add. 31-D Hari Nagar
Row House, Wawol GandhiNagar. Spl.Ref.
Purāṇa.
Vyas, Meeta Ben J. Ph.D. b. 31.01.1966. Prof.
Shri M.P. Shah Arts, Science College Surendra
Nagar. Ps. 04. Add. Anupam Kutir, Juni
Manakwadi, BhavNagar. Spl.Ref. Vedānta
śāstra.
Vyas, Nilesh. M.A., Acharya Jyotiṣa. b.
03.07.1980. Guest Prof., Maharshi Panini Skt.
& Vaidik Univ. Ujjain M.P. Gp. Dr. Balkrishna
Sharma. Ps. 01. Add. 61/11, Azad Nagar, Ujjain
M.P.

