350



Guruvar Dandi Swami Virajanandasi. Ps. 05.
Add. Govt. P.G. College Rammayar Distt.
Nainital, U.K.
Vidyamartanda, Vibhumitra Shastri. Acharya,
Sāhityaratna. Acharya, Gurukul, Gorakhpur,
U.P. Bks. Saṃskṛta Anuvāda Prabodha (Hindi).
Add. D.A.V. High School, Danapur Cantt. Patna
(Bihar). Spl.Ref. Vyākaraṇa - Sāhitya śāstra.
Vidyapati, Gurram. M.A., M.Phil.. b. 08.07.1955,
Nelluru, A.P. Asst. Prof.. V.R. College, Nelluru.
Gp. Nalluru Krishnacharya, E.R. Shrikrishna
Sharma. Ps. 05. Add. 16/2019, Vedvari
Agraharam, Nellore – 524003 (A.P). Spl.Ref.
Dharmaśāstra.
Vidyarthi, Ganesh Shankar. Acharya in Sāhitya.
Shikshacharya. Ph.D. b. 01.06.1969. Basti
(U.P.). Bks. 01. Saṃskṛtādhyāpanasya
Mahattvam. Add. I. Vill. Bagheli. Siddharth
Nagar. (U.P.). – 272206. II. 5/782.
Viramkhand. Gomati Nagar. Lucknow –
226010.
Vidyavaridhi, Vijaypal. Acharya, Vidyavaridhi,
Tradition in Jyotiṣa Āyurveda, Ṣad Darśana.
b. 25.01.1929. Ghaziabad. Acharya. Bks. 13.
Spl.Ref. Editor Veda Vani, Honour by Maharshi
Valmiki Puraskar, Haryana Skt. Academy,
President Awardee.
Vijayaraghavan, V. S. Nyāya, Sāhitya & Vedānta.
Shiromani & Acharya (M.A.). b. 12.05.1963.
Vadvvur (Tanjore). Ps. 03. Add. No. – 16.
Adhyapak Nivas. Pratapganj. Vadodara –
390002. Ph. (0265) (R) 789216. (O) 795511.
Spl.Ref. Veda and Vedānta.
Vijaylaxmi, Radha Krishnan. Acharya in NavyaVyākaraṇa. b. 04.11.1956, Tozhiyur, Kerala.
Research, Guruvayur Kendriya Sanskrit
Vidhyapeeth, Puranattukara. Ps. 10. Add. West
Vellanikara, Madakathara, Trissur Kerala.
Spl.Ref. Vyākaraṇa.
Vijaylaxmi. M.A., NET, JRF, Ph.D. b. 01.11.1968.
Ps. 30. Add. 25 Bara Pariwar, Gurukul Kangri
V.V. Haridwar-249404. M. 09456888140.
brahma63@gmail.com
Vijayraghavan, E. B. Vidvān. b. 20.09.1953,

Tillainilayam, T.N. Veda Teacher. Gp.
Subrahmanya Ghanpatigal. Add. Kamakshi
Asharam, Salem- 636007 T.N. Spl.Ref. Sāhitya
śāstra & Veda
Vijaysarathi, Sribhashyam. b.10.03.1936.
Karim Nagar. A.P. Rtd. Prof., SVSA
Mahavidyalaya, Varangal. Bks. 14. Mandākinī,
Bhāratabhāratī, Dambhayugam, Parivādinī,
Saṅgītamādhava. Add. Sripur Colony, Sai
Enclave, Karim Nagar – 01. Spl. Ref. Sāhitya
Academy Award, New Delhi and A.P.
Vijayshri. M.A., Ph.D. b. 23.12.1944, Delhi.
Asst.Prof., Janki Devi College, Delhi. Add.
9/17, Patel Nagar (s) New Delhi- 110008.
Spl.Ref. Sāhitya śāstra.
Vijayvargiy, Vimla. M.A. Asst. Prof. Ps. 05.
Add. Deptt. of Sanskrit, Govt. Arts & Commerce
College, Indore, M.P. Spl.Ref. Sāhitya śāstra.
Vijyan, K. M.A., Ph.D. b. 02.12.1947, Alappuzha,
Kerala. Acharya. Gp. K. Balaram Phanikkar,
Prof. Nilkant Shastri. Bks. Rasārṇava
Sudhākara: A Critical Study. Add. 26/2031,
Alira, Tutors Lane, Tiruvananthapuram695001 Kerala.
Vikramdev.
Acharya
in
Sāhitya,
Vidhyavachaspati, M.A., M.O.L. b. 03.12.1933,
Vice-Principal, D.T.E.A. Higher Secondary
School. Mandir Marg, New Delhi. Ps. 05. Add.
C- 3/280, Janakpuri, New Delhi- 110058.
Spl.Ref. Sāhitya śāstra.
Vimala, V. P. M.A. M.Ed. M.Phil. Ph.D. b.
14.07.1961. (Kerala). Asst. Prof. Govt. Victoria
College. Palakkad. Kerala. Add. Viswakalyan.
N.K. Palayam. C.N. Puram. (P.O.) Palakkad.
5 – Kerala. Ph. 9446150119. Spl.Ref. First
Rank in B.A. & M.A., UGC – JRF.
Vimla. M.A. SangeetVisharad. b. 26.07.1947,
Bhilai, C.G. Gp. Prof. R.S. Harukar, Dr. R.N.
Sharma. Add. C/o. Shri R.S. Date, 40, Sector
1, Palko T.S., Korba C.G. Spl.Ref. Sāhitya śāstra.
Vinod. M.A., B.Ed. b. 08.10.1948. Teacher, Govt.
Higher Secondary Girls School Uttam Nagar,
New Delhi. Add. E-C-153, Tagore Garden,
New Delhi. Spl.Ref. Sāhitya.

