
Parmar, Hansa Ben Anup Singh. M.Phil, Ph.D.
b. 01.06.1960. Prof. Smt.J.P. Saraf Arts College,
Tithal Road, Valsad. Ps. 05. Add. Akshay Richa,
Near Bhagwati Apartment, Tithal Road, Valsad.
Spl.Ref. Vedānta Śāstra.
Parmar, Jaya Chotu Singh. Ph.D. b.28.08.1966.
Prof. Rofel Arts & Commerce College, Vapi.
Ps. 04. Add. Bhutsar, Valsad. Spl.Ref. Vedānta
Śāstra.
Parmar, Karan Singh Jagu Bhai. Ph.D. b.
01.03.1967. Prof. S.B. Gardi & P.K. Patel
Commerce College, Near Fuwara Navsari. Ps.
03. Add. Bhutsar, Valsad. Spl.Ref. Vedānta
Śāstra.
Parmar, Vinod Rai Narsingh Bhai. Ph.D.
b.31.05.1965. Prof. Shri A.V.D.S. Arts &
Commerce College, Jamjedhpur. Ps. 05. Add.
Near Sahkari Sangh Godam, Plot No. 4, Jam
Nagar. Spl.Ref. Purāṇa Śāstra.
Parsai, K.B. M.A. b.1922, RJ. Rtd. Director,
Cabinet Secretariat. Bks. 01. Star Guide to
Love and Marriage. Add. G-19, SFS, DDA Flats,
Saket, New Delhi–110017. Spl.Ref. Jyotiṣa.
Parsule, Gajanan Vinayak. M.A., Ph.D. b.
01.11.1921, Satara, Maharashtra. Prof., Deptt.
of Skt., Puna University. Bks. 01. Vaināyakam.
Expired. Spl. Ref. President Awardee, Srimant
Nanasahab Peshwa Puraskar, Mahakavi Kalidas
Samman etc. German.
Parthasarathi, D. Age. 51 yrs. in 1988,
Pevangipuram, T.N. Gp. Palavari Ganapati
Varadacharya, etc. Add. Shri Veera Raghava
Swami Devasthanam, Tiruvallur (T.N.). Spl.Ref.
Kṛṣṇayajurveda.
Parthasarathi, V.N. śiromaṇi (Nyāya,
Viśiṣ-advaita). b.05.01.1945, Vedkupattu, T.N.
Arcaka (Priest). Gp. Vellivalam Narayanacharya, A.S. Krishnamacharya. Add. 15,
Panagal Street, Thiruvallur, Chengalpet (T.N.).
Spl.Ref. Nyāya, Viśiṣ-ādvaita & Veda.
Parvatharaju, B.S. M.A., Ph.D. b. 24.05.1955,
Vijayapura, KT. Prof. & Head, Marimallappa’s
College, Mysore. Bks. 01. Ārya Kṣemīsvara.
Add. 28/A, III Main, A/B Block, Ramakrishna

207

Nagar, Mysore – 570023, KT. Spl.Ref. Received
Sanskrit Vidyaratna, Kanchi Kamakoti Peetam
Award, Sarvajñapeeta Award, Akhila Bharata
Jyotirvijnapeetam Award.
Parvati, Kumari. Acharya in Vyākaraṇa, M.A.,
B.Ed.. Age. 34 yrs. in 1988, Nursarai, Bihar.
Teacher. Ps. 04. Add. Balika Ucchatar
Madhyamika Vidyalaya, Bihar – Shareef,
Nalanda (Bihar). Spl.Ref. Vyākaraṇa.
Parvatiya, Shri Nityanand Pant. Acharya,
Knowledge of DharmŚāstra, Karmakanda,
Veda, Mīmāṃsā, Vedānta. b. Koormachal,
Kashi, Asst. Prof., Central Hindu College, Kashi.
Gp. Pt. Namdev Pant, M.M. Pt. Gangadhar
Shastri. Sp. Pt. Seetaram Shastri Shende, M.M.
Pt. Madhavshastri Bhandari, Pt. Gopal Shastri
Nene, Pt. Anant Shastri Fadke, Gopaldatt
Pandey. Bks. 12. Jaimini Sutravrīttī, Mīmāṃsā
Parībhāṣā,
Kātyāyana
Śrautasūtra,
Sanskārdīpak, Antyākarmdīpak. Expired in
1931. Spl.Ref.. M.M. Award in 1921.
Patel, Arvind Bhai U. Ph.D. Prof. Arts, Science
& Commerce College, Khambhat, Aanand.
Ps. 03. Add. B-16, Maheshwari Society, Metpur
Road, Khambhat, Aanand.
Patel, Ajay Chaganlal. Ph.D. b.26.07.1970.
Prof. Rofel Arts & Commerce College, Namdha
Road, Vapi. Ps. 02. Add. Vill Post Kacholi Tehsil
Gandev Distt. Navsari. Spl.Ref. Alaṅkāra Śāstra.
Patel, Alya Ben Jayanti Lal. M.A. Ph.D. b.
01.06.1968. Prof. Shri J.M. Patel Art. &
Commerce Mahila College, Girls Hostel Road,
Onjha. Ps. 03. Add. 14-A, Punit Park Society,
Sahi bagh, Ahemdabad. Spl.Ref. Alaṅkāra
Śāstra.
Patel, Amrit Lal J. Ph.D. b. 01.06.1962. Prof.,
Shri Vanraj Arts & Commerce College, Lal
Dungri, Dharampur, Valsad, GJ. Ps. 03. Add.
Mukam
Motidhol
Dungri,
Khatana,
Dharampur, Valsad. Spl.Ref. Vedānta Śāstra.
Patel, Anila Ben Shankar Bhai. Ph.D. b.
03.12.1968. Prof., Shir J.N. Patel Arts. &
Commerce Girls College, Sardar Chouk Unjha.
Ps. 04. Add. D-24 Sona township Complex,
VishNagar, GJ. Spl.Ref. Alaṅkāra Śāstra.

