
Ranganathan, S. Shiromani. b.01.01.1930,
Madhurantakam, TN. Asst. Prof. Gp. U. V.
P. N. Raghavacharya, M. S. Narasimha-charya,
A.S. Krishnamacharya, V.D. Sampatakumara
Varadacharya. Add. 37, G.S.D. Road,
Chengalpet (T.N.). Spl.Ref. Vyākaraṇa, Vedānta
& Veda.
Ranganayakamma. Alaṅkāraavidvān, Hindivisharada, Kannada Pandita. b.09.04.1940,
Hedatal, Nanjangudu, KT. Teacher in Sanskrit,
Shrirangapattana Mahavidyalaya, Mysore. Ps.
02. Add. 1373/1, Siddharth Hotel Road,
Krishnamurti Puram, Mysore–570004 (KT).
Spl.Ref. Viśiṣ-ādvaita, Vyākaraṇa.
Rangarajacharya, V.D. śiromaṇi (Nyāya,
Vedānta). b.03.03.1935, Shrirangam, TN. Gp.
Villivalam Narayanacharya, T. Rameshvaram
Ayyangara. Ps. 02. Add. Plot No. 40, Street
No. 26, Trilinga Nagar, Nanganallur, Madras
(T.N.). Spl.Ref. Nyāya Vedānta.
Rangarajan, P. R. Vyākaraṇa Shiromani,
Shiksashastri. b.18.11.1944. Asst. Prof. Ps.
02. Add. Shri Venkateshwar Oriental College,
Tirupati–517501 (A.P.) Spl.Ref. Vyākaraṇa,
Viśiṣ-ādvaita-Vedānta, Shikshashastri.
Rangnath, S. M.A., Ph.D., Rashtra Hindi
Visharad, Dipl. in German and Indology. b.
10.01.1959. Kolar, A.P. Bks. 09. Post
Independence Sanskrit Drama, Contribution
of Women to post Indepences Sanskrit
Literature, Dr. Abhirāja Rājendra Miśra and
his poetry, Arvācinakavimālā, Pursuits in Indian
Philosophy. Ps. 50. Add. West Park Road
Malleshwaram, Bangalore – 55. Spl.Ref. An
Eminent writer in Sanskrit Literature criticisms.
Rangpriya, Vardedasikacharya H. S.
DharmaŚāstra Vidvan, M.A. b.01.04.1927,
Hedatale, Najanagudu, KT. Rtd. Asct. Prof.
Gp. N. Venkat Narsinghcharya, Dr. Ramji
Upaddhyay. Prof. Khuswant Battacharya. Bks.
Gajendramokṣa (Gīti Kāvya). Add. No. 625,
Fourth Cross, Hanumant Nagar, Bangalore560019, KT.
Rani, Sadasivamurty. M.A. (Sank. Eng. Philo.),

231

Ph.D., Vedant Vidhya Praveena, PG Dip. In
German., CIC. b. 30.11.1958, Yenugula Mahal,
East Godavari, (A.P.). Asct. Prof. Rashtriya
Sanskrit Vidhyapeetha, Tirupati. Gp. Shri
Bodhanand Bharati Mahaswaminah, Shri
Paripurna Prakashnand Bharti Mahaswaminah,
Shri Rani Shrinivas Shastri, Brahmashri Appalla
Someshvar Sharma. Bks. 20. Vedic Prosody
its Nature Origin and Development
Dhvanyāloka Kārikārtha Darśinī, Dhvanyāloka
Paribhāśikā Padakośa Vivikta Puśpakarandaḥ
(An Anthology of Free Verse Poetry in
Sanskrit). A Manual of Gemology,
ṚtuSandeśaḥ. Ps. 50. Spl.Ref. Areas of
Specialization are Alaṅkāra Śāstra, Western
Aesthetics, Vedic Prosody, Sanskrit Science,
Ancient Indian Morology, Tantras, Personality
Development Skills and Ancient Indian
Management Techniques. Add. “Sumeru” Door
No. 2 – 204, Plot. No. 17, TTD Phase II Plots,
MR Palli, Tirupati – 517502.
Rao, Bhimasena D. Śiromaṇi. b. 26.12.1901,
Mullagal, KT. Gp. Pranatarthi Havan. Add.
No. 847/6-A Cross, Bangalore–560019 (KT).
Spl.Ref. Vedānta.
Rao, C. Upender. Buddhism, M.A. (Pali &
Sanskrit), M.Phil., B.Ed., Ph.D. (Pali &
Buddhism). b.15.10.1964. Mahbub Nagar.
(A.P.). Bks. 04. Pālī Sāhityam loui
Dīghnikāyoulo Tātvika Dharaulu (Telugu)
1997, Pālī Bhāśā Sāhityānca. Ps. 14. Add.,
Dept. of Skt., J. N. U., New Delhi.
choudury@yahoo.com.
Rao, C. Upender. M.A., M.Phil, Ph.D.(Gold
Medalist) b. 15.10.1964. Asct.Prof. Special
Centre for Skt. Studies J.N.U. New Delhi.
Bks. 09 Pāli Sāhityam Loni Dighanikāyam
tātvika Dhoranala, Vañmaya Vallañ, Bhārtikavi
Nītiśatwkam (Tr.), A Story of Five arts in
Skt. Literature, Revelance of Buddhas Teaching
in present Society. Add. Special Centre for
Skt. Studies JNU New Delhi 110067. Ph. 01126704130, 09818969756. Email upendra@
mail.jnu.ac.in.

