58



Desai, Amrit Lal Velji Bhai. Ph.D. b.15.02.1974.
Prof. Arts College Rajendra Nagar Teh. Bhiloda,
Distt. Sambharkanta. Ps. 03. Add. Vill Post
Kapoda Teh. Idar Distt. Sambharkanta. Spl.Ref.
Vyākaraṇa Śāstra.
Desai, Chandrika Purushottum Das. Ph.D.
b.12.03.1944. Rtd Teacher, Shri Kadwi Bai
Virani Girls Higher Secondary School Rajkot.
Ps. 05. Add. Puleen 7, Bhakti Nagar Society
Rajkot. Spl.Ref. Vedānta Śāstra.
Desai, Dipika Ben Dhiru Bhai. Ph.D. b.
14.02.1942. Prof. Smt. J.P. Saraf Arts College
Tithal Road, Valsad. Ps. 05. Add. C-12, Manish
Apartment, Tithal Road, Valsad. Spl.Ref.
Vedānta Śāstra.
Desai, H.G. Ph.D. b. 26.08.1927. Prof. C.B.
Patel Arts College College Road Nadiyad. Ps.
05. Add. 5- Ravindra Park, Near Tirupati hotel,
Surat. Spl.Ref. Vedānta Śāstra.
Desai, Isvar Singh Jiva Singh. M.A. b.
01.06.1954, Valsad, GJ. Asst. Teacher. Ps.
03. Add. Hanuman Taliya, Dharmapur, Valsad
(GJ). Spl.Ref. Darśana.
Desai, Kusumaben Rameshchandra. M.A.,
Acharya in Samaskrit. b. 30.07.1938, Bilimora,
Valsad, GJ. Principal. Gp. Dr. B.H. Kapatiya.
Ps. 05. Add. Saint N.C.M. Kanya Vidyalaya,
Mahatama Gandhi Road, Bilimora, Valsad
(GJ). Spl.Ref. Sāhitya.
Desai, Kusumaben Rameshchandra. M.A.,
Sanaskritacharya. b. 30.07.1938, Bilimora,
Valsad, GJ. Principal. Gp. Dr. B.H. Kapatiya.
Ps. 05. Add. Shaint N.C.M. Kanya Vidyalay,
Mahatama Gandhi Road, Bilimora, Valsad
(GJ). Spl.Ref. Sāhitya.
Desai, Naina Ben M. Ph.D. Prof. Sahjanand
Arts College Ambawadi Ahemdabad. Ps. 05.
Add. 5, Sourabh Society MemaNagar Road,
Navrangpura Distt. Ahemdabad.
Desai, Neeleshwari Ben Chandrakant. Ph.D.
b. 25.06.1936. Prof. Bhawans Seth R.A. College
of Arts & Commerce Ahemdabad. Ps. 05. Add.
A-8, New Arpan Flats, Near Paldi Bus Stand
Ahemdabad. Spl.Ref. Vedānta Śāstra.

Desai, Puneeta Ben N. Ph.D. b. 12.04.1939.
Prof. Smt. J.P.Shraf Arts College Tithal Road
Valsad. Ps. 05. Add. 8 AanandNagar Society
Mullawadi Valsad. Spl.Ref. Vedānta Śāstra.
Desai, Ramsingh DayaBhai. M.A. b. 01.06.1948,
Valsad, Gujrat. Teacher. Ps. 03. Add. D.C.O.
High School Killa-Pardi, Valsad (GJ)
Spl.Ref.Sāhitya Śāstra.
Desai, Ranjan Ben Hari Bhai. Ph.D. b.
01.01.1962. Prof. V.S. Patel College of Arts
& Science, Bilimola. Ps. 05. Add. Shri Deep
32, JalNagar Society Mahadev Nagar. Spl.Ref.
Vedānta Śāstra.
Desai, Ranjanabena H.. M.A., B.Ed. Asst. Prof.
Ps. 05. Add. Shri Vanaraj Arts & Commerce
College, Dharampur, Valsad – 396050 (GJ).
Spl.Ref. Vedānta.
Desai, Vinayak Govind. M.A., Kāvyatīrtha,
Rashtrabhasha Praveen. b. 02.04.1934. Bks.
15. Anvayārthagītā(ed.), Śrīdevīpatha (ed.),
Siddhāsiddhāntapaddhati(ed.),
Yogarahasya(tr.), Bodharahasya(tr.). Add. 49,
Saneguraji Vasahat, Vashi Road, Kolhapur
(Mah.) – 416012. Ph. (0231) 2322652. Spl.Ref.
He has also edited ‘Neetatatvavivechini’,
‘Shreemadbhagvat’, ‘Shreemadbhyatmaramayana’. He was titled ‘Aadarsh Shikshak’
(Distt. Parishad, Kolhapur), Sanskrit Pandit
(Mah. Govt.), Vedāntavidvan (Shreeshiv
Shankarananda Aashram).
Desaval, Bhagawatiprasad. Acharya in
Vyākaraṇa, M.A. b. 15.07.1951, Silsu, Pauri
Garhwal. U.P. Professor. Gp. Swami Balananda.
Ps. 05. Add. Sri Siddheshvar Mandir, Gali
No. 1, Raja Park, Jaipur (RJ.). Spl.Ref.
Vyākaraṇa.
Deshapande, Ananta Gopala. M.A. b.
15.08.1930. Bombay, MH. Bks 02. Godālaharī
(Kāvyam), Ādiśaṅkarācārya – Nā-akam. Add.
D 6/9, P&T Colony, Mulund West, Bombay–
80 (MH). Spl.Ref. Sāhitya.
Deshapande, Uma Saratchandra. M.A., Ph.D.,
Dip. In German. b. 26.08.1944, Baroda. GJ.
Teacher. Gp. Dr. Arunodaya Jani, Suresha-

