296



Vihar, Uttam Nagar, New Delhi. Spl.Ref.
Sāhitya. Awards. Delhi Sanskrit Academy
Award.
Shukla, Rampal A. M.A. B.Ed. Ph.D.
b.01.06.1963. Prof., Varodara Sanskrit College,
M.S. University, Varodara. Ps. 03. Add. B41, Ravi park Society, Vasna Road, Varodara.
Spl.Ref. Vyākaraṇa & Sāhitya.
Shukla, Ramshashi. Acharya in Navya
Vyākaraṇa. b.14.04.1961, Karra, Parsouli.
Teacher. Gp. Dr. Chandrika Prasad Dwivedi,
Ramhari Prasad. Ps. 02. Add. Govt. Sanskrit
Mahavidhalaya, Gwalior M.P. Spl.Ref.
Vyākaraṇa Śāstra.
Shukla, Ramvadan. Navya Nyāya. b.1911.
Gorakhpur (U.P.). Rtd. Principal, Ramdeshik
Sanskrit Mahavidyalaya, Prayag. Bks. 01.
Candrikā-Tilaka (Comm. on Vedārtha Dīpikā).
Expired in 1993. Spl.Ref. Honoured by
Bhagavatsayuzya.
Shukla, Ramyatna. Acharya (Vyākaraṇa,
Vedānta, Sāṅkya), Ph.D. b. 15.01.1932.
Bhadohi, UP. Rtd. Prof. & HOD Deptt. of
Vyākaraṇa a, SSVV Bks. 10. Ps. 50. Spl.Ref.
Vedānta, Nyāya, Sāṅkya, Vyākaraṇa , President
Kashi Vidvat Parishad, Visiting Prof. at
Dakshinamurthi Skt. Mahavidyalaya, Varanasi,
Saraswati Vradputra Samman. President
Awardee.
Shukla, Ravi Shankar. Ph.D. b.07.05.1971.
Ambedkar Nagar, Delhi. Asst.Prof., S.L.B.
S.R.S., New Delhi. Bks. 01. Madhusū-danyāṃ
Tattvādhānam. Add. B-127, Katwaria Sarai,
New Delhi–16.
Shukla, Rekha. M.A., Ph.D.. b. 10.07.1956.
Asct. Prof., JPG. P.G. College. Bks. 07. Ps.
42. Add. 388, Rajendra Nagar (Behind T.B.
Hospital), Hanuman Chauraha, Lucknow –
226004.M.09415914309. Spl.Ref. International
American Biographical society ‘Women of the
year 2000’ National Award Vagvidamvar by
Prayag Hindi Sāhitya Sammelan, U.P. State
Sanskrit Academy award on Bhamini Vilasa.
Shukla, Sadanand. Acharya, Ph.D. b.05.11.

1957. HOD, Sampoornanand Skt. Univ.
Varanasi. Gp. Prof. Avadh Bihari Tripathi,
Prof. Krishna Chandra Dwivedi. Bks. 05.
Gaṇaka-Taraṇgiṇī, Vṛhad Saṃhitā (ed.),
Loghu-Jātaka, Jñānarājakṛta Siddhānta
Sundaram (ed.), Ukarā. Ps. 04. Add. Sidhuva,
Padrona, Kushinagar (U.P.).
Shukla, Shali Gram. Acharya in Sāhitya, Ph.D.
b.01.07.1955. HOD, Shri Tikmani Skt. P.G.
College, Sakarkand Gali, Varanasi. Gp. Dr.
Rammanohar Mishra. Sp. Shiv Prakash Pandey,
Prem Shankar. Ps. 03. Add. 51, Sindhuriya
Colony, Shivdaspur Post Manduadih, Varanasi
U.P.
Shukla, Sudhakar. b.1913. Etava, M.P. Principal,
Uttar Madhyamik Vidhyalaya. Bks. 03.
Swāmicaritacintāmaṇī, Gāndhī-saugandhikam,
Bhāratīyasvayaṃvaram. Expired in 1989. Spl.
Ref. Sāhitya, Vyākaraṇa.
Shukla, Surya Narayan. b.1895, Faizabad, U.P.
Lecturer, Sanskrit College, Varanasi. Gp. Pt.
Rameshwardutta Shukla (his father), Pt.
Vamacharan Bhuttacharya. Bks. 04.
Mādhavamukhabhaṅga, Mādhava-bhrāntinirāsaḥ, Khaṇ©anaratnamālikā, Nirvikalpavāda. Expired in 1944.
Shukla, Tribhuvan Nath. M.A., Ph.D.
b.13.07.1953, Karchana, Allahabad U.P. HOD
& Languistics , Rani Durgawati Univ. Jabalpur,
M.P., Presently working as Director, Sāhitya
Academy Govt. of M.P. Bhopal. Bks. 27.
Siddhahema Sabdāmuśasnam, Kālīdāsa
ParyāyaKośa (II Vol.), Raṅga Śaptaka,
Vidyāpati, Anūbandha. Ps. 50. Add. Sāhitya
Academy, Banganga, Bhopal. Spl.Ref. Well
know Prof of Hindi, Who has wildly
Contributted to Skt.Lit. too. Received Vishva
Tulsi Samman by Florida Univ. Miyami, U.S.A.
Has been Director of Bhartiya Hindi Parishad,
Allahabad U.P. Rashtriya Aahla Anusandhan
Kendra, Jabalpur M.P. & Ramcharitmanas
International Kendra, Chittrakut, M.P.
Shukla, Trigunananda. M.A., Kāvyatīrtha. b.
31.10.1916. Saran, Bihar. Acharya, Hazipur.

