146



Mishra, Azad. Shastri, Acharya (Vyākaraṇa
Shastri). M.A., Ph.D.. b. 25.10.1949, Parsia
Mishra, Deoria. Principal, R.Sk.S. Bhopal
Campus. Bks. 21. Saṃskṛta Śikṣikā, Īśāvāsyopaniṣadbhāṣya Pradīpaḥ, Saṃskṛta ke
Pratyāyon kā Bhāṣāśāstrīya Paryālocana,
Pañjabī Saṃskṛta Śabdakośa, Vaiyākaraṇa
Siddhānta Ratnākaraḥ P. I & II (Ed.). Ps. 23.
Add. C – 1, Yashoda Garden, Bagmugalia,
Bhopal – 462043. Ph. (0755) 2804353, Mob.
9425682270. Spl.Ref. Vyākaraṇa & Liguistic.
Editing many Skt. Magazines like Parishilanam,
Rashtree, Patanjaliprabha and Śāstra
Meemansa. Complited a Lexicography
(Panjabi-Sanskrit Dictionary). Received Gold
Medal for Navyavaykaran degree, All India
best poetry Award from Akashavaani, Spl.
Award form U.P. Skt. Sansthan, Lucknow.
Mishra, Babbana. Acharya. b. 15.09.1948,
Jaunpur, (U.P) Ps. 01. Add. 1314, Mishra
Market, Ranjhi Basti, Jabalpur (M.P.). Spl.Ref.
Sāhitya.
Mishra, Babulal. Acharya in Vyākaraṇa, Ph.D.
b. 01.04.1955, Rampur, Banda, (U.P.). Joint
H.o.D. of Vyākaraṇa. Gp. Dr. Shrikant Pandey.
Bks. 01. Vaiyākaraṇa Laghūsiddhānta-mañjūṣā
Vaiyākaraṇa-dvaitavedāntamatayoḥ samīkṣātmakamadhyayanam. Add. Shri Mahanirvan
ved Vidyalay, Daraganj, Prayag (U.P.). Spl.Ref.
Vyākaraṇa.
Mishra, Badri Prasad. Vyākaraṇācarya,
Shiksashastri. b. 02.01.1950. Teacher, Govt.
Boys Sr. Secondary School, Uttam Nagar. Ps.
01. Add. WZ-438, Jain Park, Uttam Nagar,
New Delhi – 110059. Spl.Ref. VyākaraṇaŚāstra.
Mishra, Balbodh. Acharya in Vyākaraṇa,
Sāhitya, Darśana, Nyāya. b. 1877, Muzaffarpur,
Bihar. Asst. Prof., Govt. Skt. College, Varanasi.
Gp. Pt. Singheshwar Jha, Pt. Gangadhar
Shastri, M.M. Pt. Shivkumar Shastri, Pt.
Jeevnath Mishra. Sp. Pt. Ramchandra Ojha,
Pt. Bhoopnarayan Jha, Pt. Dhundhiraj Shastri,
Muralidhar Jha, Pt. Ramchandra Jha, Pt.
Krishneshwar Jha. Expired in 1948. Varanasi.
Spl.Ref. Poet.

Mishra, Balkrishan. Vyākaraṇa, Nyāya,
Mīmāṃsā, Vedānta. b. 1888, Darbhanga. Asst.
Prof. & Principal. Skt. College, Varanasi. Gp.
Pt. Loknath Jha, M.M. Pt. Chitradhar Mishra,
Pt. Shashinath Jha, Pt. Bachcha Jha. Sp. Pt.
Badarinath Shukla, Shri Kedarnath Ojha, Dr.
Veermani Prasad Upadhyay, Pt. Ishwarnath
Jha, Goptrinath Mishra, Pt. Umanand Jha,
Bks. 05. Lakṣmīśvarīcaritam, Tātparyāvivṛttiḥ
Prakāśa Ṭīkā, Vidyāpati Padāvalī, Rādhānayanadviśatī Saṃskṛta Tīkā. Expired in 1946.
Varanasi. Spl.Ref.. M.M. awarded by British
Government.
Mishra, Banamali. Acharya (Vyākaraṇa ,
Sāhitya). b. 23.04.1918, Chhatrapur, Ganjam,
Orissa. Bks. 02. Transletion of Paśpaśāhnika,
Jñānaratnāvalī. Expired on 09.11.1989.
Mishra, Beena. M.A., B.Lib., Ph.D.. b.
07.07.1956, Fatehpur, U.P. Curator R.Sk.S.
Allahabad (U.P.). Bks. 04. Pāṇīniyā Varṇa
Śikṣāsaṃhitā, Mūrkhaśatakam, Puṣpavā-ikā
Vidhiḥ, Maṅgala Maṇimālā (Vol.–I). Ps. 25.
Add. B-23. Ashoka Nagar. Ext. Scheme Patrakar
Colony. Allahabad. U.P. Ph. 2460957.
Mishra, Bhagawan Prasad. Acharya in Sāhitya.
b. 30.10.1952, Fatehpur, Faizabad, (U.P.).
Gp. Tridandi Deva. Ps. 01. Add. Shri Tridandi
Dev Skt. Mahavidyalay, Ayodhya, Faizabad
(U.P.). Spl.Ref. Sāhitya.
Mishra, Bhagwat Prasad. Acharya in Veda,
Mīmāṃsā, Dharm-Śāstra. b. 18.09.1906,
Jaipur. Asst. Prof., Govt. Skt. College, Jaipur,
H.o.D. Varanasey Skt. Univ., Varanasi. Gp.
Pt. Damodar Lal Goswami. Sp. Gopalchandra
Mishra, Yudhishthir Mimansak, Vasudev
Dwivedi, Nandkishore Vinayak Tripathi. Bks.
02. Amṛtollāsa, Agniṣ-oma Paddhatiḥ. Ps. 04.
Spl.Ref.. Decleared as srautsmartmartand
Viruda by Varanasipanditasabha. Mahamahopadhyaya by Bhartiparishad. He has started
agnihotra department facility syllabus for ved
exams and veda teacher in sampoornanand
Skt. univ. Varanasi.
Mishra, Bhajkrishna. Vyākaraṇa tīrtha, Vedānta
Upadhyay, Acharya in Sāṅkyayoga. b.

