A
Abhimanyu. Acharya (Sāhitya & Darśana), M.A.
in Skt. b. 09.12.1939. Vill. Bhainswal Kalan,
Sonipat, Dist. Haryana. Reader. GP.
Ramachandra Pandeya, Satyavrata Sastri,
Baladeva Simha. Add. Dept. of Skt.. Punjab
University, Patiala (Punjab). Spl.Ref. Sāhitya
& Darśana.
Abhyankar, Kamal shankar. M.A., Ph.D. b.
15.12.1938. Maharashtra. HOD Skt. Deptt.
NDT Mahila Vidyapeeth, Mumbai. Bks. 06.
Saṃskṛtaracanā, Saṃskṛtanibandhādarśaḥ,
Rājaśekhararācī Kāvyamīmāṃsā, Hāsyatuṣārāḥ. Add. C-9, Ganesh Bhavan, Senapati
Bapatmarg, Mahim, Mumbai – 16. Spl. Ref.
Poetry in Skt., Marathi. Join to A.I.R. &
Dooradarshana.
Acharya, Balvir. Acharya in Veda & M.A. in
Skt., D.Litt.. b.23.05.1952, Fazalpur (U.P.).
Prof., M. D. Univ. Rohatk. Bks: 05. Śikṣā
Vedānta Paramparā aur Siddhānta, Brāhmaṇa
Granthon ke Rājanītika Siddhānta, Ṛgvedīya
Brāhmaṇo kā Sāmskṛtika Adhyayana. Ps: 20.
Add. H.No. - 33 / Type - IV. University Campus,
Rohtak 124001, Haryana. email: balviracharya
@ gmail.com.
Acharya, Buddhi Vallabh. Acharya in
Vyākaraṇa, Vidyavachaspati. b.15.06.1936,
Vill. Aamdipatti, Garhwal. Principal. Jagat
Dev Singh Skt. College, Haridwar. Gp.
Paramesvarananda Shastri, Ramanandaji
Shastri, Omprakash Bhatt, Kanta Prasad
Badhola, Madhavanand Shastri. Bks. 03. Jāgo
Vira Jāgo, Rasa Kalaśī, Uddhava-śatakam.
Add.Vill. Haripur Kala, Raiwala, Dehradun.
Spl.Ref. Vyākaraṇa.
Acharya, Chainsukh Das. Acharya. Nyāya
Theertha. b. 1900. Jaipur. Principal. Digambar
Jain Skt College. Jaipur. Bks. 05. Jainadarśanasāraḥ, Pāvanapravāhaḥ, Bhāvanāvivekaḥ,
Ṣodaśakāraṇabhāvanā. Arhatapravacana.
Spl.Ref. Jain Darśana.
Acharya, Chandi Prasad. Acharya in Vyākaraṇa,
Sāhitya & Darśana. b. 1871. Principal.

Maharaja Skt. College, Jaipur. GP. Pt. Murari
Mishra. Pt. Devanarayana Tripathi. Bks. 08.
Raghuvaṃśa Explanation, Rāvaṇavadham
Explanation, Sāṅkhya Pravacana Explanation,
Śaktiśaṅkhanāda Explanation. Tarkabhāṣā
Explanation. Spl.Ref. Many Research Papers
are Published in Skt. Ratnakar, Bharti,
Svaramangla etc.
Acharya, Dharmaveer. Acharya. b. 15.01.1951.
Rohtak, Haryana. Teacher. Govt. Sr. Secondary
School Sonipat. Bks. 01. Rajarṣidevīlīlācaritam.
Acharya, Hariram. M.A., Ph.D. (Sanskrit),
Sāhitya Ratna (Hindi). b. 21.06.1936
Jaisalmer, Rajasthan. Retd. Professor, Deptt.
of Skt. Rajasthan V.V., Director Jain Research
Centre and President Rajasthan Skt. Academy.
Bks.05 pūrvaśākuntalam, Khule Kiraṇapāla,
Mahākavihāla Aura Gāthāsatasai, Saṅgītadāmodara. Ps 50. Add. Parnakuti, 42-A,
Gangawal Park, Jaipur. Spl.Ref. Kāvya Śāstra,
Nā-ya Śāstra and Prākṛta Literature. Writer
of Poetry Songs Drama, Literary Criticism
in the field of Hindi Braj Bhasha Skt. Prakrit
and Urdu Chief Editor Svaramangla Journal.
Meerakavya Puraskar, Meru Puraskar.
Rediotalks & Kavyapath from A.I.R. & D.D.JAIPUR .
Acharya, Jagadish kumar. Acharya in Jyotiṣa,
Shiksashastri. b. 31.01.1925, Dilip Pur,
Pratapgarh, U.P. Rtd. Principal. GP. Pt.
Pauharisarana Pandey, Avadhabihari Tripathi.
Bks. 01. Indirā Caritam. Add. Dilip Pur,
Pratapgarh (U.P.). Spl.Ref. Jyotiṣa.
Acharya, Jyotimitra. Acharya in Darśana,
Sāhitya, Purāṇetihāsa, Ph.D. b. 01.05.1939,
Rudauli, Barabanki, U.P. Add. B-13/166 A,
Kedarghat, Varanasi (U.P.) Spl.Ref. Darśana.
Acharya, Karna Chandra. Acharya in Sāhitya
M.A., Ph.D., Diploma. b. 02.09.1934. Prof.
Dept. of Skt.. . Ps. 05. Add. Utkal University,
Vani Vihar, Bhuvaneswar – 751004 (Orissa).
Spl.Ref. Veda & Sāhitya.
