

Karyakar, Sastrapuram R.K. Swaminathan.
M.A., Acharya, M.Litt, Ph.D. b. 10.03.1927.
Palghatt, Kerala. Sub-Advisor Shiksha
Mantralaya, Govt. of India. Bks. 03. Śrībadrīśasuprabhātam, Ṣodaśākṣarīstotraśatakam,
Guhyeśvarī stotram. Expired. Spl.Ref. He has
started Śāstra Chudamani Pariyojana,
Manuscripology, President Awardee 1998.
Kashiram. M.A., Ph.D.. b. 05.02.1942, Delhi.
Asst. Prof., Hansraj Mahavidyalaya, New Delhi.
Gp. Dr. Satyavrat Shastri, Dr. R.V. Joshi.
Add. C-78, Shakti Nagar Extension, Delhi –
110052. Spl.Ref. Vyākaraṇa.
Kashyap, R.L. Ph.D. b. 28.03.1938, Mysore.
Bks. 50. Ṛgveda-Saṃhitā (Tr.), Text & Notes
(11 Volumes). Ps. 200. Add. 63, 13 th Main,
4 th Block, Jayanagar, Bangalore - 560 011.
Kashyap, Shashi. M.A. (Sanskrit Hindi), Ph.D.
Juniour Dip. Gokhal Music Certificate in
German French Computer Training Program
in Ms Office, Multimadia, Internet. b 10-061954 Dean Faculty of Arts Reader & HOD
Dept. of Skt. SNDT Women Univ. Bks 03.
Śabdapramāṇa in Nyāya Philosophy, Concept
of Justice According to Dharmaśāstra, Concept
of Untouchability in Dharmaśāstra. Ps. 20
Add. Dept. of P.G. S. R. SNDT Women’s Univ.
1, Nathibai Thackersey Road Mumbai. Ph.
02222052970 M. 09869272238. Spl. Ref. JRF
Vijay Shri Award 2005, Chairperson Managing
Committee Bharitya Vidyabhawan Mumbadevi
Adarsh Skt. Mahavidyalaya. Chairperson of
BOS Research & Recognition Committee,
Member of Univ. Senate etc. In SNDT Women’s
Univ. Member of UGC Scheme Committee,
Script Writer of lesson for the student of
Correspondence Studies Punjab Univ.
Chandigarh, Play Director.
Kashyap, Shashi. M.A., Ph.D. b. 10.06.1954,
Saharanpur, U.P. Bks. 01. Dharma Śāstraṃ
me Nyāya Vyāvasthā kā Svarūpa. Ps. 12. Add.
B – 13, Jalada, Prabhadevi Tata Press Lane,
Mumbai - 400025. Ph.- 4321196.
Kasture, Yadneshvar Madhav. Vedāntaratna,
Vedāntatārtha. b. 31.12.1908, Kalamanuri,

125

Parbhani, Maharashtra. Rtd. Asst. Prof.,
Sanskrit Mahavidyalaya, Nanded. Add.
Chaturvedeswar Dham, Savargaom, Pimpli
Dhamgram, Partur, Jalna, Maharashtra.
Spl.Ref. Vedānta.
Kasyap, Devaraja. M.A., Acharya, Prabhakara.
Principal. Ps. 02. Add. Government Sanskrit
Mahavidyalaya, Nabha (Punjab). Spl.Ref.
Sāhitya.
Katare, Nityagopal. Shastri. Sanskrit Bhushan,
Sangeet Visharad. b. 26.03.1955. Narsinghpur,
U.P. Teacher, Govt Sr. Secondary School,
Hosangabad. M.P. Bks. 01. Pañcagavyam. Add.
EWS 60, Housing Board Colony, Hosangabad,
M.P. Spl.Ref. Director, Shiv Sankalp Sāhitya
Parishad. Co-ordinator, Prakhar Sāhitya
Sangeet Sanstha.
Katayayan, Sunil. Acharaya Vidyavaridhi, b
23-01-1977, Meruth. Asstt. Prof. Ved Dept.
Faculty of SVDV BHU. Gp. Shri Lakshmi
Narayan Vedpathi, Shri Laxmishwer Jha. Ps
10. Add. Ved Dept. Faculty of SVDV, BHU,
Varanasi. Ph. 0542-6701948 M. 09956275819.
Spl. Ref. Veda.
Kathad, Raja Bhai Naga Bhai. Ph.D.
b.15.07.1973. Deputy Registrar. Shri Somnath
Sanskriti University, Somnath. Add. Vill Viro,
Post College Via Shil, Teh. Mangron Distt.
JuNagarh. Spl.Ref. Kāvya Śāstra.
Kathuriya, Usa. M.A.. b. 14.07.1942. Teacher,
P.G. Senior Secondary School No. 01, New
Delhi – 06, Add. 5766, Jogivara, Nai Sarak,
New Delhi – 110006. Spl. Ref. Sāhitya.
Katiyal, Madhavprasad. Acharya in Sāhitya,
Sikshasastri. b. 01.03.1942. Teacher, D.T.E.A.
Hr. Secondary School, Laxmibai Nagar. Add.
A-2/B-33 A, Paschim Vihar, New Delhi –
110063. Spl.Ref. Sāhitya.
Katte, Gopal Krishnacharya. Nyāyaśiromaṇi
Vidvan, Pravina. b. 22.06.1922, Udupi, KT.
Gp. Narayanacharya, Katte Shrinivasacharya.
Add. Katte Acharya Marg, Kunjivedu, Udupi–
576101. Spl.Ref. Nyāya Darśana.
Katte, Vadirajacharya. Nyāya Śiromaṇi. b.

