60



Devasharma, Muktadhar. Vyākaraṇa. b.
14.01.1914, Bijni, Assam. Add. Bijni Nagar,
Ward – 703, P.O. Bijni, Kokarajhar (Assam).
Spl.Ref. Vyākaraṇa.
Devashrayi, Umaben Indu Prasad. Ph.D. b.
15.03.1940. Prof. Bhawans Arts & Commerce
College Khanpur Ahemdabad. Ps. 05. Add.
Shivark 7, National Park Society Near
Politechnic, Ahemdabad. Spl.Ref. Vedānta
Śāstra.
Devasiya, Plakel Chako. M.A. (Skt. &
Malyalam.) b. 28.03.1906. Kadamlor,
Kottayam, Kerala. Principal, Marevanis
Mahaviyalaya, Trivendram. Bks. 04. Khristubhāgavatam, Kathāsaritsāgara (Translate).
Spl. Ref. KendriyaSāhitya Academy Award,
President Awardee.
Devee, Sabita. M.A., Ph.D. b. 01.01.1960,
Bamurkuchi, P.O. Patacharkuchi, Distt.
Barpeta, Assam. Asct.Prof. Pandu College
Guwahati, Assam. Gp. Mrs. Maitreyee Bora,
Dr. Ashok Kumar Goswani. Ps. 05. Add.
Hemlota Heritage-B, F.C. Road, Uzarbazar,
Guwahati 1, Assam.
Devi Prasad. Vyākaraṇa, Prācīna Nyāya,
Sāṅkhyayoga, Mimāṃsā, Vedānta, Dharm
Śāstra, SahityaŚāstra. b. 1883, Kashi. Astt.
Prof., Sanskrit College Kashi & Hindu Univ.,
Kashi. Bks. 03. Śāradāpaccīsī, Kavittasūdhānidhi. Expired in 1931. Spl.Ref. Recipient
of Kavichakravarti upadhi by Vidwatsabha
of Kashi & Maha- Mahopadhyaya Award. He
was also a great Skt. poet.
Devi, Suman Lata. M.A., B.Ed., NET, Ph.D. b.
13.01.1965, Sr. Lect. RML PG College,
Varanasi. Ps. 01. Add. RML PG College,
Rajatalab, Varanasi.
Devirajan, T. M.A. (Sāhitya, Vedānta), M.Phil.,
Ph.D.. b. Karyavattam, Kerala. Vice – Princ.
& Asct. Prof., Skt. Dept. Add. Univ. of Kerala,
Karyavattam, Tiruvanantapuram, Kerala –
695581. Spl.Ref. Skt.nā-ak, Nā-yakalā, KāvyaŚāstra.
Devnayakacharya. Vyākaraṇa. Darśana Nyāya.

Teacher, Sangved School, Kashi. Spl.Ref. He
was Editor & publisher of ‘Brahman
Mahasammelan’ news paper & also a good
speaker.
Dey, Sitanath. M.A., Ph.D., D.Lit. b. 01.03.1946.
Silchar (Assam). Prof. & H.O.D. Tripura Univ..
Bks. 01. Indian Life in the Śukla Yajurveda
(1985). Ps. 02. Add. Vedashri, Ramnagar –
5, P.O. Ram Nagar, Agarthala. Tripura 799002. Ph. (0381) 203524. email. sitanathdey
@rediffmail.com
Dhala, U.N. M.A., B.Ed., Ph.D. Prof. Ps. 10.
Add. Dept. of Skt., Utkal Univ., Vani Vihar,
Bhubaneshwar – 751004 (Orissa). Spl.Ref.
MahaKāvya, Purāṇa, Sāhitya.
Dhankar, Vaman Balaji. b. 01.09.1927, Nagpur,
MH. Asst. Prof. Gp Ambadas Sharma, Narayan
baba. Add. Bhonsla Vedashastra mahavidhyalaya, Jhanda Chowk, Nagpur MH.
spl.Ref. Sāhitya Śāstra.
Dhar, Shamita Nag. M.A., Ph.D. b. 31.03.1960.
Asct. Prof. HOD Skt. Deptt. Cachar College
Silchar. Ps. 05. Add. Chungbunglaw Lane,
Malugram, Silchar - 788002. Ph. 03842246953.
M. 09435371601.
Dharmadhikari, Trivikram Narayan. M.A.,
Ph.D. b. 02.05.1931. Ex. Secretary, Director,
Tresurer Vaidika Samsodhan Mandal, Pune
(MH). (Erandol-Jalgaon) (MH.). Bks. 08.
Taittarīya Saṃhitā, Descriptive Catalogues
of Skt. Manuscripts. Yajñāyudhāni, Apali
Vaidika Saṃskṛti, Shrī Rudrādhyāya. (Mara-hī
trans.). Ps. 75. Add. 63, Adiparna United,
Western Society, Karve Nagar, Pune MH 411052. Spl.Ref. Recipient of State Govt. of
MH Award (1993). Veda Ratna Award (1997),
Rashtrapati Award (1999), Rigveda Puruskar
(1999), Acharya Panini Award (2000) etc.
Dharmapal, Gouri. M.A. b. 25.08.1931.
Kolkatta. Rtd. Asstt. Prof. & HOD, Govt. Mahila
Braborn College. Bks. 10. Add. Ritam, Ī, Farm
Road, Kolkatta – 19. WB. Spl.Ref. Vedic
Literature, She is making unabated efforts
for the propagation of Sanskrit, President
Awardee.

