
Kankar, Shri Govind Narayana Vaiyapika. Sp.
Hariprasad Vaidha, Satyanarayana Sharma,
Prof. Chandraśekhar Tiwari. Bks. 08. Āstika
Mahākāvyam, Kathā Kalpataruḥ, Aitihāsika
Nātakam, Kathā Kaustubham, Hammīrotsarga
Nātakam. Add. Kamala Nikunj, 67, Rajbagh,
Sawai Madhopur RJ. Spl.Ref. Poet, story writer
& Play-writer. Awarded by H’ble. Governor.
Shastri, Vamshi Dhar. M.A., Acharya
(DharmŚāstra, Veda), Ph.D. b. 13.05.1931,
Gwalior, M.P. Asct. Prof., Govt. Sanskrit
Mahavidhyalaya, Indore. Gp. Gangadhar
Shastri, Sitaram Shastri. Add. Ved Mandir,
17, Tilak Marg, Indore. M.P. Spl.Ref.
DharamŚāstra & Veda.
Shastri, Vasudev. Acharya in Vyākaraṇa, Shastri.
b.1915, Rorada, Samastipur, Bihar. Rtd. Prof.
Gp. Abhedanand Saraswati, Ganesh Dutt
Tripathi, Ramavtar Sharma, Vishvnath Shastri.
Add. Gurukul College, Baidyanath Dham Bihar.
Spl.Ref. Veda, Karmakanda, Vyākraṇa &
Darśana.
Shastri, Ved Kumar. Shiromani, M.A. b.
01.06.1954. Teacher, Govt. Higher Secondary
Girls School, Mayur Vihar, Delhi. Ps. 04. Add.
J-115, Rajouri Garden, New Delhi. Spl.Ref.
Sāhitya.
Shastri, Ved Prakash. Acharya in Sāhitya, M.A.
b.06.06.1945, Sarkara, Muradabad, U.P. Jt.
Principal. Gp. Parmanand Shastri. Ps. 05. Add.
Near Narsingh Dham, Bhagavan Nivas,
Shravan Nath Nagar, Haridwar U.P. Spl.Ref.
Sāhitya Śāstra.
Shastri, Vedpal. Acharya in Vyākaraṇa, M.A.,
B.Ed. b.15.06.1928. Rtd. Principal, Ramjas
Senior Secondary School, Daryaganj, Delhi.
Ps. 04. Add. 10, Teachers Quarters, Anand
Parvat, New Delhi. Spl.Ref. Vyākaraṇa.
Shastri, Veer Hanuman. Acharya (Sāhitya,
Siddhanta Jyotiṣa), M.A. Ratna. b.13.04.1911,
Lathi, Ganjam, Orissa. Asst. Prof., Jyotiṣa.
Ganjam, Orissa. Bks. 03. Śastrīya-sandarbhasaurabhaṃ, Gadādharavidyā-bhūṣaṇaṃ,
Bhūbhramavādaḥ. Expired on 19.07.1994.

285

Shastri, Venkat Ram V.N. Vedānta-Śiromaṇi.
b.1909, Vellore T.N. Gp. K.S. Krishna Shastri.
Add. 2, Valmiki Street, Shrinivas Nagar,
Madras. Spl.Ref. Veda & Vedānta.
Shastri, Venkat Subrahmanya V.S. Shiromani.
b.21.10.1911, Kanchipuram, T.N. Rtd.
Principal, Venkataraman Ayurved College.
Gp. M.M. Dandapani Swami Diksitar, A.
Shivramkrishna Shastri. Bks.05. Add. Shri
Sankaracharya Swami Math, Kanchi Kamakoti
pith, 1, Salai Street, Kanchipuram. T.N. Spl.Ref.
Vyākaraṇa, Ayurveda, AdvaitaVedānta &
Sāhitya.
Shastri, Vidhu Shekhar. Sāhitya. Darśana,
Nyāya, Vedānta, D.Litt. b.1878. HarishChandrapur, Maldah. Asst.Prof., Shantiniketan,
Kolkata. Gp. M.M. Kailash Chandra Shiromani,
M.M. Subrahmanya Shastri, Bks. 13.
Candraprabhā, Hariścandracaritra, Nyāyapraveśa. Spl.Ref. ‘M.M.’ Awarded by Govt.
of India in 1936.
Shastri, Vidyadhar. Shastri, M.A. b.08.08.1901.
Churu, RJ. HoD., Barahsaini College, Aligarh.
Gp. Pt. Shridatt Shastri, Sachetaram Shastri.
Sp. Dr. Krishnkumari Mehta, Dr. Brahmanand
Sharma, Dr. Ved Prakash Sharma. Bks. 19.
Śivapuṣpāñjalī, Haranāmāmṛtam, Viśvamānavījayakāvya, Nītiratnam, Sadgṛhajīvanam,
Spl.Ref. Established Hindi Vishvbharti Institute
at Bikaner. Awarded by President, Govt. of
India. ‘Vidyaratna’ by Bharat-dharm
Mahamandal. ‘Vidyavachaspati’ by all India
Sanskrit Pracharak Mandal. ‘kavi samrat &
manishi’ By RJ Sāhitya academy, Udaipur.
Shastri, Vijay Mitra. Acharya in Vyākaraṇa,
Ph.D. b.03.04.1918, Ghosi, U.P. Rtd. Asst.
Prof. Gp. Swami Tyaganand Saraswati. Add.
C-27/211-4/1, Vivekanand Nagar, Varanasi
U.P. Spl.Ref. Vyākaraṇa, Jyotiṣa, Darśana,
Sāhitya, Mīmāṃsā & Veda.
Shastri, Vijaypal. Acharya in Dharmśāstra, M.A.,
Ph.D. b.26.03.1926. Vice- Principal. Ps. 03.
Add. D.A.V. Naitik Shiksha Sansthan, Arya
Samaj, Mandir Marg, New Delhi-110001.
Spl.Ref. Sāhitya & Dharma-śāstra.

