
USA, BORI, Pune, KSRI Chennai and Asiatic
Society. President Awardee.
Kankar, Narayan Shastri. Acharya in
Vyākaraṇa, SāṅkyayogaDarśanaa, Sāhitya,
M.A., Sāhitya Ratna, Prabhakar, D.Litt., Ph.D.,
b. 30.07.1930, Jaipur, Astt. Prof., Maharaja
Sanskrit College, Jaipur. Secretary, Govt.
Ayurved College, Jaipur & Sanskrit Vag
Vivardhini Parishad, Jaipur. Gp. Nawal Kishore
Kankar. Bks. 29. Abhīnava Saṃskṛta Kathā,
Racanābhyudayama Mahākāvyam, Abhīnava
Saṃskṛta Subhāṣita Saptaśatī, Saṃskṛta Kathā
kautūkam, Vināyakanāmābhinandanama. Add.
Sumeru Karam Marg, Ramganj, Jaipur. Spl.Ref.
Recipient of President award & Vaiyakaran
Kesari award by Bhartiya vidya propaganda
committee U.P. in 1969, Recipient of Rajasthan
Govt. & Madras Sanskrit Academy awards.
Kankar, Nawalkishor. Acharya in Sāhitya,
Sāhityaratna, Sāhitya-Ratnakar & Prabhakar.
b. 1910, Jaipur. HOD., Sanskrit College,
Rajgarh, Alwar. Gp. Jamnalal kankar, Pt.
Madhusudan Ojha. Bks. 27. Yātrāvilāsam,
Rāś-ravedāḥ, Śāstrasarvasvam, Prabandhāmṛtam, Dharmkarmasarvasvam. Ps. 06. Expired
in June 1996. Spl.Ref. An Extra-ordinary
Scholor of Sanskrit literature. Recipient of
‘Kavibhushan’, ‘Kavi Shiromani’, Kavichakravarti,
Vidyavachaspati,
Gadyasamrat,
Mahamahopadhyay Titiles & also awarded
by Haritrishi puruskar, Magh smriti,
Pattabhiramvedmimansa, Guru Gangeshwaranand Smriti Puruskar.
Kansara, Narayan Manilal. M.A., Ph.D. b.
25.12.1932, Vishnagar, Distt. Mehsana GJ.
Director, Aarsha Akshardham, Gandhinagar.
Gp. Parabrahma Shri Swaminarayan Bhagwan,
Aksharbrahma Shri Gunatinandan. Bks. 47.
Vaidika Vimānavidyā, Śabdabrahmollāsa of
Udayana Prabhasūri, Pāṇinīya Laghucandrikā,
Pañcagranthī vyākaraṇa of Buddhi Sāgarasūrī.
Add. 17/176, Vidhyanagar Flats, Nr. Himmatlal
Park, Ambawadi Area, Ahemdabad. Spl.Ref.
Gold Medal by Pustimargiya Samsad,
Vishnagar.

123

Kanta, Devi. Acharya in Sāhitya, M.A.. b.
24.12.1961, Mohanghati, Mandi, H.P.
Principal. Ps. 02. Add. S.S. Mahavidyalaya,
Dangar, Tehsil-Ghumaravi, Bilaspur, H.P.
Spl.Ref. Sāhitya.
Kantawala, Sureshachandra G. M.A. Ph.D.
Certificate Course in German French and
advance course in linguistics b. 14.07.1930.
Badodara. Former HOD Dept. of Skt. Pali &
Prakrit, Dean Faculty of Arts & Director
Oriental Institute M.S. Univ. Badodara Bks.
6. Eassy in Skt Literature, Studies in Purāṇas,
Legends in Purāṇas Ps. 170 Add. Shri Ram,
Kantareshwar Mahadevs Paul, Bajwada
Badodara – 390001 Ph. 02652784256 M.
09825604603 Email. bhavana.kantawala
@gmail.com. Spl.Ref. French German.
Common wealth Scholarship Holder in 1962
& 1963 Honoured by PM Indra Gandhi in
1983, President Awardee, UK, Italy.
Kantilal, Rajgor Ashwinbhai. Śukla Yajurveda
Mādhyndinīśākhā, B.Ed., M.A. Ph.D. b.
05.01.1968, Patan, Guj. Gp. P.P. Ramdasji,
Shri. Shantilal Ji Bks. 04 Trikālasandhyā,
Mantramañjūṣā. Ps. 02. Add. Shri Vartantu
Skt. Mahavidyalaya, Sola, Bhagwat Vidyapeeth, Ahemdabad- 380061. Ph.079-29299486. E-Mail. shastri_akrajgor@yahoo.com
Spl.Ref. śukla Yajurveda Mādyndinīśākhā. New
York, Virginia, Chicago, California, Canada,
Switzerland, Germany, U.K.
Kapoor, Satish Kumar. Acharya (Vyākaraṇa,
Sāhitya), M.A., NET, Shiksha Shastri, Ph.D.
b. 02.07.1971. Ambala. Asstt. Prof. & HOD,
Deptt of Skt. Sāhitya, RSKS Jammu. Bks. 07
Bhuvanabhāskarastavaḥ,Candrālokaḥ ( With
commentary), Vīrabhūmikāvyam (With
Commentry). Ps. 20. Add. . Rashtriya Sanskrit
Sansthan, Sri Ranbir Campus, Kot Bhawal,
Jammu. Spl.Ref. Sanskrit Literature and
Criticism Poet, Music, Lyrics, Award received
Yuva Pratibha Samman, Skt. Academy RJ,
Shresht Shikshak Samman etc., Drama
Direction and Music Composition.
Kapur, Premlata. M.A., B.Ed.. b. 02.03.1934.

