
Expired in 1973. Spl.Ref. He was a first
Chairman of ‘Kavi Bharati’ of Varanasi.
Pathak, Ratikant Sharma. Acharya in
Vyākaraṇa, M.A. b.03.04.1929, Madhubani,
Bihar. Acharya & Head of Sanskrit Deptt. Ps.
05. Add. Sangat Singh College, Bihar
University, Muzaffarpur (Bihar). Spl.Ref.
Vyākaraṇa.
Pathak, Roop Narayan. Acharya. b.14.06.1929.
Ps. 03. Add. A-405, Shastri Nagar, Ashok Vihar,
Delhi. 110052. Spl.Ref. Karmakanda.
Pathak, Shuddhanand. M.A., Acharya, Ph.D.
b.04.07.1951. MH. Prof., L.B.S. R.S.
Vidyapeetha, New Delhi. Bks. 02. Śiva Sūtra
Śūdhānandī Tīkā, Padārtha-tattva-Nirnaya.
Ps. 02. Add. 42, F. Bersarai (First Floor), Near
Old J.N.U. Campus, New Delhi – 16. Ph.
6851306 – 46060530.
Pathak, Suniti Kumar. b. 01.05.1924.
Midinapur, WB. Rtd. Prof., Vishwa Bharati
and Asiatic Society. Bks. 08. Ps. 192. Add.
Akash Deep, Abanpalli, Santiniketan – 35.
WB. Spl.Ref. Sri Pathak has contributed to
the development of Skt. Studies by undertaking
painstaking task of restoring lost original Skt.
texts based on the Tibetan and Chinese
translations. Thus he restored more than six
texts such as, ‘Cāṇakya Rājanīti Saṅgraha’.
‘Nītiśāstra of Masūrākṣa’ etc. He innovated
Sanskrit – Tibetan bi-lingual editing methods
and published ‘Ārya-Bhadrācārī-PraṇidhānaRāja’ and other works based on those
principles. He also contributed in Tibetan
tantra studies and Indian Tantric Visual Art
outside India, President Awardee.
Pathak, Surendra. Acharya (Navya Vyākaraṇa),
Ph.D. b. 30.03.1956. Prof., RSKS, Lucknow
Campus. Gp. Ramnarayanacharya, Sh.
Ramprasad Tripathi. Sp. Dr. Bharat Nandan
Chaubey, Dr. Anupama Prusty, Dr. Kali Prasad
etc. Bks. 05. Saudheyam, Mohinī, Ṣadliṅgeṣu
Sureṣana, Pañca sandhyanteṣu Sursammati,
Vyākaraṇa of Laghuśabdenduśekhara. Ps. 11.
Add. D-1/228, Vinit Khand, Gomti Nagar,

215

Lucknow-226010. Ph. 0522-2393748. M.
09450466200. Spl. Ref. Vyākaraṇa, Oriya.
Pathak, Tribhuvananatha. Acharya in
Vyākaraṇa, M.A., Diploma in Library Science.
b.04.07.1928, Pathkhauli. Gp. Chandra
Shekhar Mishra, Pt. Brahmadatta Dwivedi.
Ps. 05. Add. Sanskrit Vihar, Pathkhauli,
Nandapur, Saran (Bihar). Spl.Ref. Vyākaraṇa.
Pathak, Vaneshwar. M.A. (Skt. & Hindi),
Acharaya (Sāhitya, Vyākaraṇa), D.Litt. b.
18.09.1922. Bihar. Prof. & HOD, St. Xavier
College, Ranchi. Śāstra Chudamani Scholar.
Bks. 09. Kālidāsīyam, Yīśucaritam, Plavaṅgadūtam. Add. Sanskrit Sadanam, Street No.
2. Kishoreganj, Ranchi – 01. Spl. Ref. Rajkiya
Sāhitya Puraskar. U.P. Govt. President
Awardee.
Pathak, Vasudev Vishnu Prasad. Ph.D. b.
15.03.1940. Prof., B.D. Arts College, Manik
Chauk, Ahemdabad. Ps. 05. Add. Vagarth 354,
Saraswati Nagar, Near Himmatlal Park,
Ambawadi, Ahemdabad. Spl.Ref. Vedānta
Śāstra.
Pathak, Vidhyadhar. Acharya (NavyaVyākaraṇa,
DharmaŚāstra), b.03.01.1941, Azamgarh, U.P.
HOD. Gp. Chandi Prasad Pathak, Murlidhar
Mishra. Ps. 05. Add. V-1/150, L-60, Varanasi
U.P. Spl.Ref. Vyākaraṇa Śāstra.
Pathak, Vijay Shankar. Acharya. b.26.12.1943,
Pachoukhar, Gaya, Bihar. Vice-Principal. Ps.
03. Add. Kallumal Sanskrit Mahavidhyalaya,
Chawal Mandi, Kanpur U.P. Spl.Ref. Sāhitya
Śāstra.
Pathani, Veenapani. M.A., Ph.D. b.15.08.1932,
Holdwani. Asst. Prof., Jankidevi College, Delhi.
Gp. K.S. Ayyar, K.C. Pandey, A.C. Banerji.
Bks. 04. Madhūramilan, Aprājītā. Ps. 05. Add.
D-120, Vivek Vihar, New Delhi. Spl.Ref. Sanskrit
Sāhitya Seva Samman -1996.
Pati, Narayan. M.A., Ph.D. b. 21.10.1970, Puri.
R.A., Academy of Skt. Research, Melkote. Ps.
01. Add. 2, Kapileswar Pur, Puri, Orissa. Ph.
(R) 49963 (O) 58741.
Pati, Nilakantha. Acharya in Sarvadarśana.

