168



Add. 10A/19, Shakti Nagar, Delhi – 110007.
Spl.Ref. Sāhitya.
Muguli, Govind Bhatt. M.A. b. 06.01.1944.
Add. D. No. 71-3, Y. Ten Houses, Kalamma
Street, Bellary, KT – 538101. Spl.Ref.
Kṛṣṇayajurveda.
Mukherjee, Biswanath. M.A., Ph.D. b.
02.11.1947, Burdwan. Prof. Skt. Deptt Univ
of Burdwan. Bks. 02. Add. Deptt of Skt.
Burdwan Univ. Burdwan - 713104 WB.
Mukherjee, Debranjan. M.A., Ph.D. b.
14.04.1926. Burdwan, WB. Rtd. Prof. Burdwan
Univ. Bks. 03. Ps. 50. Spl.Ref. Vedānta Sāṅkya
Yoga, He has honoured by Several Award.
President Awardee.
Mukherjee, Debsujan. M.A. b. 16.07.1986.
Raiganj. Parttime Lect. Kaliyaganj College.
Ps. 01. Add. Vill & P.O. Rasakhowa. P.S.
Karandighi Distt. Uttar Dinapur - 733212.
Mukherjee, Kalpika. M.A. Ph.D. b. 19.02.1939.
Bangladesh. Prof. Bks. 01. Prācīna Saṃskṛta
nā-ya Saṅgīta. Ps. 01. Add. Sree Palli, P.O.
Santiniketan, West Bengal - 731235, Ph.
03463- 56375.
Mukherjee, Ramaranjan. M.A., D.Phil., D.Litt..
b. 01.01.1928, Suri, Birbhum, (W.B.). Ex.
Vice-Chancellor, Univ. of Burdwan (197071, 1973-84), Rabindra Bharati Univ. (19841987), Emeritus Fellow, U.G.C. Bks. 10.
Literary Critisism in Ancient India, Imagery
in Poetry, Sanskrit Poetries and Western
Literary theory. Add. 125, Santoshpur Avenue,
Calcutta- 700075 (W.B.). Spl.Ref. Sāhitya,
Alaṅkāra-Śāstra. Awards. Certificate of Honour
by President of India. Expired.
Mukherjee, Shukla. M.A., M.Lib., Ph.D.
b.18.02.1953. Kolkata. Project Officer, R.Sk.S,
New Delhi. Bks. 03. Rāgāñjali-Nītiśatānśaḥ,
Jayadeva-Daśāvatārastotra, Kālidāsa Sāhitya
me Saṅgīta. Ps. 27. Add. Rashtriya Sanskrit
Sansthan, 56-57, Inst. Area, D Block Janakpuri,
New Delhi – 58. Spl.Ref. Editor of Sanskrit
Varta, Kavi Bhaskari – 2009, Proceeding of
several national / international seminars,

Several Projects are completed in her Guidance.
Coordinator of Yuvamahotsva, Kaumudimahotsva & All India Natyotsava.
Mukherjee, Sudeshna Bhattacharya. M.A. b.
21.01.1970, Dhubri, Assam. Ps. 02. Add. Asst.
Prof. Dept. of Sanskrit, Cotton College,
Guwahati – 01, Assam. Ph. 621097.
Mukherjee, Tapati. M.A., M.Phil., Ph.D. b.
15.09.1952, Calcutta. Asct. Prof., Silpur
Dirolundha College. Bks. 03. Bāṅglāya
Meghadūta Anuvāda, Saṃskṛta Anuvāda
Nā-aka, Paraloka Rahasya (1997). Add. 65,
Hindusthan park, Calcutta. – 700029. Ph. 0334644415.
Mukhopaddhyay, Hemant Kumar. Vyākaraṇa
Tīrtha. b. 21.10.1927, Ray Ramchandrapur,
Burdwan, W.B. Principal. Gp. Ladilisaran
Shastri. Ps. 02. Add. Nigamanand Saraswat
Math Rishi Vidhyalaya, Halisahar, 24 Parganas,
W.B. Spl.Ref. Vyākaraṇa Śāstra.
Mukhopadhaya, Satkari. Traditional and
Modern (Cul. Univ. Cul. Government Sanskrit
College). b. 04.01.1934. Gp. M.M. Seetaramshastri, Pt. Harinandan Jha, Pt. Panchanan
Shastri, N.S. Anantakrishna Shastri, Pt.
Ahibhushan Bhattacharya, Pt. Anant Tarkatirtha, Devprasad Chakravarti, Pt. Jagannatha
Upadhyaya. Bks. 06. Anumānagadādhārī(Ed.),
Tarkasaṅgraheḥ (with nine Commentaries),
Dhammapada (Hindi Ṭīkā), Kurma Purāṇa
(English Tr.), A critical Inventory of Ramayan
studies in word, Jātakamālā. Spl.Ref. Baudha.
Mukhopadhyay, Bhaktisudha. Prof. Sanskrit
Mahila Mahavidhyalaya. BHU. Varanasi. Bks.
01. Mūko Badhiraśca. Add. Sanskrit Mahila
Mahavidhyalaya. B.H.U., Varanasi, U.P.
Mukhopadhyay, Devavrat. M.A., Kāvyatīrtha.
b. 16.04.1951, Calcutta, W.B. Teacher. Ps.
01. Add. Ravindra Deshbandhu Vidyalaya,
Howrah, W.B. Spl.Ref. Vyākaraṇa.
Mukhopadhyay, Dipankar. M.A., B.Ed., M.Phil.
b. 08.09.1963, Calcutta, W.B., Asst. Prof.,
Surendra Nath College, Calcutta. Ps. 02. Add.
AB – 272, Salat Lake City, Sector – 1, Calcutta,
W.B. – 700064. Ph. 3580227.

