64



with Vedic Science in healing therapy. He is
also versed in modern energy practices like
kinesiology, pranic healing and Reiki. Maharshi
Badrayan Samman by President of India.
Dixit, Samba Damodar Upadhyaya. Vidvān
in Vyākaraṇa, Veda, M.A. (Skt.). b. 14.02.1934,
Gokarn, Karwar, KT. Ex-VC, Maharishi Vedic
VV. Bks. 14. Gṛhāgnisāgara, Vicāra-Vāhinī,
Chando darśanaṃ. Ps. 01. Add. Agni Sharanam,
Gokarna, Near Gokarna Police Station. Ph.
08386-256242. E-mail. Agnisharnam@
yahoo.com. Spl.Ref. Member Rashtriya Ved
Vidya Pratisthan, Maharshi Sundeepani Veda
Vidya Pratisthan KT, Prashasthi Pradan Samiti.
Title of Vedvarisdhi, Vedratna, Skt. Pandit,
President Awardee etc.
Dixit, Shri Nivas. Vidvān in Traditional
Vyākaraṇa & śivādvaita. Gp. Appaya Dixit.
Bks. 05. Vijñapti Śatakaṃ, Kalivaibhava
Śatakaṃ, Āsthānubhāva-śatakaṃ, Jagad-gurudhāmasevākaśatakaṃ. Kālikāṣ-akoddhāraḥ.
Dixit, Somketu. śiromaṇi. b. 1928,
Chidambaram, T.N. Gp. Pt.Subrahmanya
Shastri, R.S. Shastri, Shriniasacharya. Bks.
Citambara-māhātmyam, Na-arājasahasranāma Bhāṣyam, Rītiśāstram. Add. 72, South
Car Street, Chidambaram, T.N. Spl.Ref.
Vyākaraṇa Śāstra, Nyāya Śāstra.
Dixit, Turuvekare Subrahmanya Vishveshvar.
Vidvān in Śuklayajurveda, Vedānta. Alaṅkāra
etc. b. 07.07.1924, Turuvekare, KT. Rtd. Asst.
Prof. Gp. Venkata-ramavadhani, M.S.
Patanakar, V.S. Rama-chandra. Bks. 03.
Stotraviṣayakā Catvaraḥ, Lobhasāmrājyam
(One act Plays), Gopasvāpa (Kāvya). Add.
No. 66, Sushama, Hospital Road, Block – IV,
Jayalakshmipuram, Mysore, KT– 12. Spl.Ref.
Śuklayajurveda, Vedānta Bhāṣya. AlaṅkāraŚāstra.
Dixitar, Kuppusvami M.R. Pandit. b.
27.10.1927, T.N. Teacher. Gp. Subrahmanya
Shastri, Venugopal. Add. No. 92, II Agraharam,
Brahmavidya Sabha, Salem – 636001 (T.N.).
Spl.Ref. Veda & Darśana.

Dixitar, Parmeshvar G. Age. 42 yrs. in 198.
Gp. Subrahmanya Ghanapathi, Shrinivas
Ghanapathi. Add. 185, South Car Street,
Chidamabaram (T.N.). Spl.Ref. Kṛṣṇayajurveda, Ṛgveda.
Dixitar, Rajgopal C. Traditional Education.
b. 09.02.1910, Kalpathi, Palakkad, Kerala.
Priest. Add. 3/339, C.N. Puram, Palakkad –
678006 (Kerala). Spl.Ref. Veda.
Dixitar, Sundararam K. Bramhsri Pakshitirth.
Kṛṣṇayajurveda, Mīmāṃsā-śiromaṇi. b.
14.03.1915. Teacher, Sringeri Jagatgurusanatana, Dharmavidya-samiti and
Najaradpet, Vedapathshala, Madras. Bks. 01.
Jagadgurustavanam. Add. G/A Ramaniyam,
Shiv Apptt., Plot. No. 9, Valmiki Nagar,
Tiruvanmuyur, Madras – 41. Spl. Ref. Veda,
Mimāṃsā, President Awardee 1993.
Dogara, Nina. M.A., B.Ed., Ph.D. b. 24.09.1949,
Delhi. Asst. Prof., S.L.B.S.R.Skt. Vidyapeeth,
New Delhi. Bks. 02. Caṇ©eśvara kā Gṛhastha
ratnākara – ek Adhyayana. Add. 266 MIG,
DDA Flats, Prasad Nagar, New Delhi. Spl.Ref.
Dharma-Śāstra. Sāhitya. Darśana, Vyākaraṇa.
Dongare, Vireshwar Krishna. Vidvān. b.
15.02.1914, Mak, South KT. Gp. Ramchandra
Shastri. T. Subba Shastri, Venkat Shastri. Add.
D-2, Kalpanamati, Oundh, Pune MH. Spl.Ref.
Mimāṃsā.
Doshi, Jagriti Rajnikant. Ph.D. b.22.05.1965.
Prof. Shri M.P. Shah Arts & Science College
Surendra Nagar. Add. 12, Jaipushp Alkapuri
Chauk, Near Junanari Kendra, Surendra Nagar.
Spl.Ref. Vedānta Śāstra.
Dravid, Chinnaswami. Vidvān in Vyākaraṇa,
Sāhitya, Mimāṃsā. b. 1889. TN. Asst. Prof.,
B.H.U. Varanasi, U.P.. Gp. Pt. Venkata Raman
Shastri. M.M. Kuppu Shastri. M.M. Venkat
Subba Shastri. Bks. 05. Mīmāṃsākaustubhaṃ.
Bṛhatī, Tantrasiddhāntāvaliḥ, Vaidika
Yajñamīmāṃsā, Yajñatattvaprakāśaḥ. Expired
in. 1956. Spl.Ref. Awarded ‘Mahamahopadhyaya’.
Dravid, Laxman Shastri. Ṛgveda, Sāhitya,

