
Brahmnal, Varanasi (U.P.) & Vanasthali
Vidyapeeth, Tonk (RJ). Spl.Ref. DarmaŚāstra.
Pandey, Dhananjay Kumar. Acharya( Advaita
Vedānta). b. 01.07.1971. Ballia, U.P. Reader,
Vedic Darśana Faculty of SVDV, BHU, Varanasi.
Gp. Padamshri Raghunath Sharma, Pt
Ramprasad Tripathi, Prof. Parasnath Dwivedi,
Sri Pashupati Baba Maharaj. Bks. 02. Advitīyo
Dvitīyaḥ, Brahma mīmāṃsā. Ps. 11. Add. Deptt.
of Vedic Darśana,Faculty of SVDV, BHU,
Varanasi-05. M. 09451891501. dhananjay
pandeybhu@gmail.com Spl. Ref. Advaita
Vedānta.
Pandey,
Dhruvapati
Acharya.
M.A.,
Sāhityaratna. b.01.02.1947, Baliya U.P. Rtd.
Asst. Prof. Bks. 01. Lokatantram. Add.
Udaipura, Sawara Bandh, Baliya, U.P.
Pandey, Ganga Sahay. Acharya in āyurveda.
Asst. Prof., Aayurved College, Kashi. Gp. Pt.
Satyanarayan Shastri. Bks. 01. Kāycaikitsā.
Spl.Ref. Āyurveda.
Pandey, Gauri Shankar. Śuklayajurveda-charya.
b. 01.01.1935, Kashipur, Varanasi, U.P. Gp.
Bhagavataprasada Mishra, Dr. Bindhyeshvariprasad Tripathi, Dr. Gopalaprasad Mishra.
Principal. Add. Shri Krishna Sanskrit
Mahavidyalaya, Samarkand Gali, Varanasi
(U.P.). Spl.Ref. śuklayajurveda. Received U.P.
Skt. Akademi Award.
Pandey, Gaya Prasad. Acharya. b. 02.01.1945,
Pratapgarh, U.P. Asstt. Teacher. Ps. 01. Add.
G.T. Sanskrit Mahavidyalaya, August Kranti
Maidan, Bombay (MH). Spl.Ref. Sāhitya.
Pandey, Gaya Ram. M.A., Ph.D. Asst. Prof.
Ps. 02. Add. Dept. of Sanskrit, Kashi Vidyapith,
Varanasi (U.P) Spl.Ref. Darśana.
Pandey, Gayaram. M.A., Ph.D. b. 08.07.1949,
Ambedkar Nagar (U.P.). Prof. & Head, M.G.
Kashi Vidyapith, Varanasi. Gp. Prof. Adya
Prasad Mishra, Prof. S.C. Shrivastava, Prof.
S.C. Pandey, Prof. Rajendra Mishra. Bks. 01.
Śankara’s Interpretation of the Upaniṣada.
Ps. 17. Add. C-309, Lalpur Avasiya Yojha,
Phase-I, Baralalpur, Varanasi (U.P.). Ph. (0542)
2220360. 09236573384.

189

Pandey, Govind Chandra. M.A., D.Phil. b.
30.07.1923. Allahabad. Rtd. Prof. & VC. RJ
Univ. Director Prayag Museum Bks. 12.
Sanundarya Darśana Vimarśa, Bhaktī Darśana
Vimarśa, Ekam Sad Viprā Bahudhā Vadanti,
Aśtācalīyam. Ps. 150. Add.11 Balhampur
House, Allahabad 211002. Spl.Ref. Out
Starding work and Indian Philosophy
Astachaliyam is Translation work from English
into Sanskrit of Poets like Shakespear Words
worth, Milton, Kitles, Tehiyason, President
Awardee
Pandey, Hari Datt. Acharya in Sāhitya.
b.15.05.1926, Chami Almora, U.P. Rtd. Asst.
Prof. Gp. Dinanath Sharma, Batuknath Kiste.
Ps. 05. Add. Chami, Kwerali, Bageshwar,
Almora, U.P. Spl.Ref. Sāhitya Śāstra.
Pandey, Hari Prasad. M.A., Ph.D. b. 01.10.1957,
Sultanpur (U.P.). Principal & Head. Deptt.
Of Traditional Sanskrit Studies Faculty of
Arts, M.S. Univ. of Baroda. Bks. 05. Nayī Kavītā
kī Bhāṣā, Kāvyaśāstrīya Sandarbha meṃ,
Vyākarana, A comparative Stylystic Study of
Tillyard and Kuntak, Kāvyaśastra ke Badalte
Āyām. Ps. 15. Add. I, B-196, Subodh Nagar,
Mardalpur, Baroda.
Pandey, Hari Shanker. M.A., Ph.D. b.
20.02.1963, Narayanpur (Bihar). Asct. Prof.
Bks. 12. Śrīmadabhagavat Gītā kī Stutiyon
kā Samīkṣātmaka Adhyayan, śrīsūkta Evam
Jaināgam. Ps.130. Add. Jain Visvabharati
Institute, Ladnun, RJ. Ph. (01581) 22595.
Pandey, Harihar Prasad. Acharya. b.
15.04.1924, Siwan, Bihar. Rtd. Asst. Prof.
Gp. Martand Shastri, Ramji Shastri. Ps. 05.
Add. Tikamani Sanskrit College, B-I/140/A,
Varanasi, U.P. Spl.Ref. Sāhitya Śāstra.
Pandey, Harihar. Acharya in Jyotiṣa. b. 1914,
Ajamgarh, U.P. Gp. Hrikesh Upaddhyay,
Neelkanth
Joshi.
Bks.
Umodvāhamahākāvyam. Add. B-27/31/B, Minagakothi,
Durgakund, Varanasi, U.P.
Pandey, Harish Chandra. Acharya. b.
28.09.1953, Almora, U.P. Teacher. Gp.

