
nand. Bks. 05. Kalpakalikā, Nyāya Kusumāñjali
Ṭīkā. Rameśvarakīrti Kaumudī. Expired on.
23.03.1949. Spl.Ref. Recipient of M.M. award
by Govt. of India in 1922. Also hounored
‘Vidyaratnakar’ & ‘Vidyanidhi’ award by Bharat
Dharm Mahamandal, Kashi in 1914 and
‘Tarkālankar’ Padavi by Bihar Vidwatparishad
in 1914.
Dwivedi, Harinath. Gp. Balshastri Ranade. Bks.
02. Liṅga-Dhāraṇā Candrīkā Vyākhyā,
Aśaucanirṇaya Trinśatślokī (1914).
Dwivedi, Haripal. Sāhityaratna, Ph.D. b.
01.08.1940, Badahari, Deoria, U.P. Princ. Add.
Shri Devavani Pracharak Janta College, Pipla
Dhola Kadam, Deoria U.P. Spl.Ref.Sāhitya
Śāstra.
Dwivedi, Iccharam. Acharya in Purāṇetihāsa,
Ph.D. b. 15.11.1961, Etawa U.P.. Asst. Prof.,
S. L. B. S. R. Skt. Vidyapeeth, N.Delhi. Gp.
Shri Lalbihari Dwivedi (Father), Pt. Gopal
Dubey, Acharya Keshav Dev Tiwari, Shri
Ramdhyal Dwivedi, Shri Parabhu Dutt Sharma.
Bks. 30. Gīta Mandākinī, Dūta Prativacanam,
Mitradūtam. Ps. 55. Spl.Ref. Poetry in Hindi,
Skt., Urdu,
Dwivedi, Indradeva. Acharya in Sāhitya, Ph.D.,
Vidyavachaspati, b. 03.01.1940. Asct. Prof.
Bks. 02. Sūktimandākinī, Sudāmācarita. Add.
Kendriya Skt. Vidyapeetha. Aliganj, Lucknow
(U.P.). Spl.Ref. Sāhitya.
Dwivedi, Jai Prakash Narayan. M.A., Ph.D.
b. 01.04.1954. Pipraiya Hat, Padarauna,
Deoria, U.P. Prof./ Director Bks. 01.
Bṛhaddevatā (Anuvāda - I,II). (1983). Ps. 01.
Gp. Dr. Vidyanivas Mishra, Dr. Vishambharanatha Tripathi, A.C. Benarji. Add. Director,
Shri Dwarakadhish Skt. Academi & Indological
Research Institute, Dwarka, Dist. Jam Nagar,
GJ - 361335. Ph. (02892) 34525.
Dwivedi, Jaiprakash Narayan. Ph.D. b.
01.04.1954. Prof. Shri Dwarikadheesh Sanskrit
Academy & Indological Research Institute
Dwarika. Add. Director Niwas, Sanskrit
Academy & Research Centere, Dwarka. Spl.Ref.
Vedānta, Alaṅkāra.

69

Dwivedi, Jaishankar Prabhakar. SāhityaAcharya. b. 25.06.1929, Tilakpur, Talawada,
RJ.. Gp. Shukdev Jha, Pt. Kantilal Yajnik,
Karunashankar Dwivedi. Add. Talawada,
Banswara (RJ.). Spl.Ref. Sāhitya, Vyākaraṇa.
Dwivedi, Janaki Sharan. Acharya in Vyākaraṇa.
b. 25.08.1950, Kamata, M.P. Vyākaraṇa
Teacher.
Gp.
Rambhajan
Pandeya,
Rameshvaradayalu Tripathi. Add. Shri Hari
Ram Skt. Vidyalaya, 24 Unchamandi, Prayag,
U.P. Spl.Ref. Vyākaraṇa.
Dwivedi, Janki Prasad. M.A., Ph.D.
b.08.05.1941. Prof. Kendriya Uchcha Tibbati
Sansthan Sarnath, Varanasi. Add. Vill. Kamla
Patralaya Akaru, Jampad Kanpur U.P.
Dwivedi, Kailash Nath. Acharya in Sāhitya,
M.A., Ph.D., D.Litt. b. 11.01.1942, Vaina,
Kanpur, U.P.. HOD, Janta Mahavidyalaya
Etava. Principal. Sri Mathura Prasad
Mahavidyalaya, Jaloun. Bks. 05. Kālidāsa kī
Kṛtiyo me bhaugolika Sthāno kā Pratyabhijñāna, Ṛgveda me Saptasindhu pradeśa.
Add. Janata Mahavidyalaya, Ajitmal, Etawah,
U.P.. Spl.Ref. Recipient of U.P Skt. Academy
Award & Kashi Prasad Jayaswal Award.
Dwivedi, Kapil Dev. Acharya in Vyākaraṇa,
M.A. (Skt. & Hindi), D.Phil., Ph.D. b.
16.12.1919, 06.12.1918 Gazipur, Director
Vishwa Bharti Research Inst. Bhadohi, ExV.C. Gurukul Mahavidyalaya Gp. Pt. Chhedi
Prasad & Dr. Hari Datt Shastri. Bks. 74 Vedo
me Vijñāna, Samskṛita kavi Hṛdayam,
Ātmavijñānam, Vedo me Āyurveda. Arthavijñāna aura Vyākarana Darśana (Hindi),
Sa‚skṛta Vyākaraṇa (Hindi), Sa‚skṛta sāhitya
kā samīkṣāvijñana evam bhāṣāśāstra (Hindi),
Śānti stotram evam Mahāprayāṇam (Kāvya).
Ps. 113. Add. Shantiniketan Gyanpur, Bhadohi221304 U.P. Ph. 05414250250, M.
09415170201 drbdvivedi@hotmail.com Spl.
Ref. Veda, Indian Religion, Vyākaraṇa, Kāvya.
Marathi, Bangali, Pālī, Prākṛta, Urdu, German,
French, Russian, Cheinees. Padmshri Award
1991, Guru Ganeshwaranand Veda Ratna
2005, Rashtrapati Samman 2010, Italy, France,

