
Vedānta, Sāṅkya, Nyāya. b. 1874.Varansi, U.P.
Teacher. Ranveer Sanskrit Pathshala. Varansi.
Asst.Prof. Calcutta Uni. Gp. Gurunath Bhatt,
Pt. Krishan Shastri, Pt. Subrahmanyam Shastri,
Sp. Pt. Bhaoo Shastri Bajhe. Add. V.P.
Trisinillur, Teh. Kumbh-konam, TN. Expired
in 1930. Spl.Ref. Has Awarded ‘M.M.’ in 1926.
Established ‘Varnashram Dharm’, Swarajya
Sangh, Shivkumar Bhawan, Sangved School.
Organized Brahman Mahasammelan in 1925
& akhilbhartiya Brahman maha-sammelan
from 5-7 Nov. 1928. at mishra-pokhara. Khasi
in these Mahasammelans Participted
Shankracharyas of Fourth Peethas Ramanuj.
Chairman of Vallabh Sampradaya of All India
Panditas.
Dravid, R. Mani. Vedānta, Mīmāṃsāśiromaṇi,
Ph.D. b. 17.03.1965. Lect. in Mimāṃsā Madras
Skt. College, Chennai. Bks. 3. Spl.Ref. Vedāntaa
Mimāṃsā, Awarded from Advait Sabha,
Kumbhkonam, Sringeri Shardha Peeth. He
has the quality of teaching Higher Texts on
Advaita Vedāntaa by employing the technique
of Navya Nyāya and the Principal of Mimāṃsā.
Drawid, Ramji Shastri. Vedānta, Kṛṣṇa
Yajurveda. Acharya in Veda, Sāhitya. b. 1917.
Varanasi, (U.P.). Asst. Prof., Goyanka Skt.
College. Varanasi, U.P. Gp. Laxman Shastri
Drawid. Expired in. 1977.
Druv, Rashmi Kant Shankar Bhai. Ph.D.
b.01.06.1966. Prof. Smt. Sadguna Girls College
Lal Darwaza, Ahemdabad. Add. F-2 Shantinath
Appartment Vejalpur, Near Bus Stand,
Ahemdabad. Spl.Ref. Vyākaraṇa Śāstra.
Dubey, Jagadish Prasada. M.A., Sikshasastri.
Age. 38 years, Parasath, Velava, U.P. Teacher.
Add. Parasath, Velava, Dist. Jaunpur, U.P.
Spl.Ref. Sāhitya.
Dubey, Jagannarayana. Acharya. M.A., Ph.D.
b. 01.11.1936, Bilaspur, Chhattisgarh. H.O.D.
of Sāhitya. Gp. Pt. Rajaram Tripathi, Pt.
Deviprasad, Pt. Hiralal Shukla. Add. C.M.
Dubey Post Graduate Mahavidyalaya, Bilaspur,
Chhatishgarh. Spl.Ref. Sāhitya.

65

Dubey, Jyoti. M.A., Ph.D. b. 31.03.1964. Guest
Asst.Prof., Maharshi Panini Univ. Ujjain. Ps.
05. Add. C/o. Vijay Upaddhyay, 12 Haisidhhi
Darwaza, Ramghat Marg Ujjain. Spl.Ref.
Honoured by Akhil Bhartiya Maa Chamunda
Jyotish Sodh Sansthan.
Dubey, Kailash. M.A., Ph.D.. Asst. Prof.. Add.
Deptt. of Sanskrit Kashi Vidyapith, Varanasi
(U.P.). Spl.Ref. Sāhitya.
Dubey, Kameshvar. Acharya in Jyotiṣa. b.
25.11.1957, Bhojpur, Bihar. Teacher
(Jyautisa), Muraraka Sanskrit Mahavidyalaya.
Gp. Yuktinatha Jha, Vaidyanath Pandey,
Vrajakishor Jha. Add. Murarka Sanskrit
Mahavidyalaya. Chouk, Patna city (Bihar).
Spl.Ref. Jyotiṣa.
Dubey, Mahendra. M.A.. b. 24.10.1924. Asct.
Prof., University of Delhi. Ps. 05. Add. 7/2,
Vishwavidyalay Marg, Delhi – 110007. Spl.Ref.
Sāhitya.
Dubey, Parmatma. Acharya, B.Lib. Yogtantra.
b. 17.07.1956. Asct. Prof. S.S.Univ. Varanasi.
Gp. Prof. Devswaroop Mishra. Sp. Dr. Saroj
Tripathi, Dr. Omprakash Pandey. Add. Vill.
Post Bhishampur, Janpad Varanasi. Spl.Ref.
Nepal Yatra, Skt. Vinyadhikari, Ex.Coordinator,
Rashtriya Seva Yojana, Chairman Sāṅkhya
Yogtantra Deptt.
Dubey, Rajendra. M.A., Shastri, Acharya, Ph.D..
b. 05.01.1954, Simri, Bhojpur, Bihar. Asst.
Teacher. Gp Dr. Hariharanath Upadhyaya,
Dr. Shrikant Pandey. Add. Khairapatti, Simri,
Bhojpur (Bihar). Spl.Ref. Āyurveda.
Dubey, Ram Bahadur. Acharya, Shiksha Shastri,
M.A. Ph.D. b. 01.01.1960. Sultanpur U.P. Asst.
Prof. Rashtriya Sanskrit Sansthan Lucknow
Campus. Gp. Dr. Chakradhar, Swami
Swaropanand Ji. Bks. 02. Ps. 10. Add. Rashtriya
Sanskrit Sansthan A4 Vishal Khand Gomti
Nagar Lucknow – 226010.
Dubey, Satyaprakash. Acharya, M.A.,
Vidyavaridhi. b. 20.06.1960. Jaunpur, U.P.
Prof. Deptt of Skt. Univ. of Jodhpur. Gp. Pt.
Ramprasad Tripathi, Pt. Ramyatan Shukla.

