192



Grantheṣu Savarṇa-vivāhaḥ. Add. 24 B, Civil
Lines, Rewa (M.P.). Spl.Ref. Vyākaraṇa &
Āyurveda.
Pandey, Kaushalendra. Acharya, M.A., Ph.D.
b. 17.08.1959. Varanasi. Prof., Faculty of SVDV,
Deptt of Sāhitya, BHU. Bks. 01. Kiyat Kāvyam.
Ps. 50. Spl.Ref. U.P. Sanskrit Sāhitya Puraskar
1986. Broadcast of Nā-ya and Talks from A.I.R.
Pandey, Kavish Ramkailash. M.A., b.
14.10.1939. Allahabad, U.P. b. 05. Bhārataśatakam, Mahākaviśatakam, Kulapaticaritam,
Tulasīdāsacaritam, Śrīhanumada-ṣtakam. Ps.
50. Expired on 08.06.1997. Spl.Ref. Honouray
D.Litt. Ashukavi, Visiting Prof. Holland, Russia,
Talks from AIR.
Pandey, Kishorchandra Iswarlal. Sāhityacharya, Shiksashastri. b. 03.03.1952, Jam
Nagar, GJ. Principal, Veda Bhavan Vidyalaya.
Gp. Narayan Shastri, Dr. Manoharalal Dwivedi.
Ps. 02. Add. Ved Bhawan Vidyalaya, Dwaraka
(GJ). Spl.Ref.. Sāhitya.
Pandey, Krishna Kumar. Acharya in
NavyaVyākaraṇa. b. 25.03.1957, Gorakhpur,
(U.P.). Manuscript Incharge. Gp. Dr.
Kalikaprasada Shukla, Dr. Krishnakumar
Mishra. Ps. 01. Add. Shri Tridandi Ved Sanskrit
Research Sansthan, Koshlesh Sadan, Katra,
Ayodhya,
Faizabad
(U.P.).
Spl.Ref.
NavyaVyākaraṇa & Manuscript.
Pandey, Krishna Narayan. M.A., Ph.D., L.L.B.
b. 15.01.1950. Unnao, U.P., Dy. Director. Bks.
20. Svayamvaram (Play), Lokajīvane
Saṃskṛtam, Saṃskṛtāmṛtam, Mānavatā
Vijayam, Mārco Polo Dṛ-am Bhāratam. Ps.
01. Add. 30, Akashvani Bhavan, New Delhi110001. Ph. 3719855, 3385488.
Pandey, Krishnamurti. Acharya. b. 26.03.1956,
Pratapapur, Varanasi. Teacher. Gp. Prof.
Virendra Kumar Varma, Dr. Gopalchandra
Mishra, Dr. Vindhyeshvariprasad Tripathi.
Ps. 01. Add. Adarsh Uchattar Madhyamika
Vidyalaya, Ishwargangi, Varanasi (U.P.).
Spl.Ref. Sāhitya.
Pandey, Kusumlata. Acharya in Sāhitya, M.A.,

Shiksashastri. b. Lohta, Varanasi, (U.P.). Shri
Usha Shastri Kendriya Sanskrit Ps. 01. Add.
Vidyapitha, Aliganj, Lucknow (U.P.). Spl.Ref..
Sāhitya, ShiksaŚāstra.
Pandey, Lal Bihari. Acharya (Purāṇetihāsa &
Sāhitya), Ph.D. b. 01.01.1933, Sitapatti,
Gajipur, U.P. Prof., Sampurnanand Sanskrit
Univ., Varanasi. Gp Jagdish Chandra Shastri,
Shukdev Jha, Mukund Shastri, Baladev Shastri.
Ps. 03. Add. K-7/19, Gayaghat, Varanasi U.P.
Spl.Ref. Purāṇa & Sāhitya.
Pandey, Lalit Prasad. Acharya (Sāhitya &
Vyākaraṇa) b.15.10.1921, Pratapgarh, U.P.
Rtd. Asst. Prof. Gp. Ghutara jha, Jagannath
Shastri. Ps. 01. Add. Motor Sales Ltd. Charbagh,
Lucknow U.P. Spl.Ref. Sāhitya.
Pandey, Lalit Prasad. Acharya in Sāhitya, M.A.,
D.Phil. b. 03.08.1941, Bharatpur, Garhwal.
Principal. Omkaranand Sanskrit Mahavidhalaya, Devprayag. Bks. Kedārakhaṇ©asya
Siddhapī-hānām Sarvekṣaṇātmakam Adhyayanam. Add. 86/6, Virabhadra Marg, Rishikesh
U.P. Spl.Ref. Sāhitya Śāstra.
Pandey, Lalit Prasad. Acharya in Sāhitya.
b.16.02.1952, Almora, U.P. Gp. Bahadur Singh,
Badri Singh Chouhan, Durga Dutt Pathak.
Ps. 03. Add. Shri Narayan Sanskrit Mahavidhyalaya, Kamerhidevi, Almora U.P. Spl.Ref.
Sāhitya Śāstra.
Pandey, Lallan. Acharya in Sāhitya, M.A., Ph.D.
b. 22.01.1943, Azamgarh, U.P. Asct. Prof.
Gp. Dwarikanath Shukla, Vishvanath Shastri.
Ps. 04. Add. Shri Digambar Jain Acharya
Sanskrit Mahavidhalaya, Jaipur RJ. Spl.Ref.
Sāhitya Śāstra.
Pandey, Laxmi Niwas. M.A., M.Ed., Ph.D. b.
15.07.1961. Kathiraon, Varanasi. Bks. 02. Ps.
10. Add. Asct. Prof. in Education, R.Sk. S.
Lucknow Campus.
Pandey, M.D. M.A., Ph.D. b. 12.08.1928, Almora.
Bks. 03. Ps. 03. Add. 1292, Sector -15,
Panchkula–134113 (HR). Ph. (0172) 572167.
Pandey, Madhusudan. M.A. (Skt. Hindi.), Ph.D.
Acharya (Vyākaraṇa, āyurveda), āyurveda

