
Thakur, Girish Bhai J. Ph.D. b.23.02.1944.
Prof. G. D. Modi Arts College Palanpur. Ps.
03. Add. 13, Vajra Bhoomi dairy Road,
Palanpur. Spl.Ref. Sāṅkya & Yoga.
Thakur, Hasmukh Rai Magan Lal. Ph.D.
b.03.01.1961. Prof. M. M. Gandhi Arts &
Commerce College Kalol. Ps. 03. Add. 25,
Swami Narayan Society, Station Road, Kalol,
Panchmahal(GJ). Spl.Ref. Vyākaraṇa.
Thakur, Janki Nath. Sāhityacharya. b.
26.10.1921, Mithila. Teacher. Gp. Upendra
Jha. Ps. 03. Add. Chanpura, Dhanukhi
Chanpura, Madhubani (Bihar). Spl.Ref.
Sāhitya.
Thakur, Kripa Kant. Acharya (Vyākaraṇa ,
Sāhitya) Vidyavaridhi. b. 11.11.1924.
Madhubani, Bihar. Rtd. Prof., J.N. Skt. P.G.
College, Darbhanga. Bks. 02. Āñjaneyacaritamahākāvyam, Dūtoddhavam. Add.
Lohana East, Madhubani, Bihar – 07. Spl.Ref.
Śāstra Chudamani.
Thakur, Lalita Ben Daya Bhai. B.A.
b.10.08.1955, Kochwata, Valsad, GJ. Teacher,
S.M. School Dharapur. Ps. 02. Add. Hanuman
Talia, Dharampur, Valsad, GJ. Spl.Ref. Darśana.
Thakur, Mahendra Nath. Sāhityacharya.
b.21.06.1947, Rakhavari, Madhubani, Bihar.
Asst. Prof. Gp. Vasudev Sharma Vedpathi,
Vidyanand Ji Jijnasu, Ganesh Jha,
Prabhudattaswami. Ps. 03. Add. Bilveshvara
Sanskrit Mahavidyalaya, Sadar Bazar, Meerut
(U.P.). Spl.Ref. Sāhitya.
Thakur, Manasingh Divaliban. M.A.
b.22.10.1950, Valsad, GJ. Teacher. Ps. 03.
Add. S.M.S. High School, Dharampur, Valsad
(GJ). Spl.Ref. Darśanaa.
Thakur, Om Prakash. Acharya in Sāhitya,
M.A.(Skt.). b. 20.09.1934 Alipur, Mujaffarpur,
Pakistan. Head Master, Rajkiya Vidyalaya,
Delhi. Bks 03. Indradhanuḥ (Gītikāvya),
Nītikathāmakarandaḥ, Gītimañjarī. Add. D757 Saraswati Vihar Delhi 110034. Spl. Ref.
Poet.
Thakur, Padma Ben Shri Natwar Singh. Ph.D.

313

b.15.05.1965. Prof. M.R.D. Arts & Commerce
College, Chikhli, Navsari. Ps. 03. Add. C/o
Ashok Singh Ramsingh Parmar Quarter No.
261-B Valsad, Navsari. Spl.Ref. Vedānta.
Thakur, Parbhat Singh. M.A. Ph.D.
b.02.03.1956. Mandi (H.P.) Asct. Prof., Punjab
Univ. Bks. 02. Ps. 30. Add. University Quarter
No.-06, Gautam Nagar, Una Road, Hoshiarpur
(Punjab)–146021.
Thakur, Prabhat Singh. M.A., B.Ed., Ph.D.
b.02.03.1956, Bedhalu, H.P. Research
Associate. Gp. Dr. Ramagopal, Dr. Ramamurti,
Dr. Devidatta Sharma. Ps. 04. Add.V. V.
Research Institute, Sadhu Ashram, Hoshiarpur
(Punjab). Spl.Ref. Sāhitya.
Thakur, Ramji. Acharya in Sāhitya, M.A., Ph.D.
b. 13.05.1935. Fulgama, Nepal. HOD,
Lalitnaryana Mithila V.V. Bks. 06. Rādhāviraham, Bāṇeśvarī, Govinda-caritāmṛtam.
Add. Dharampur, Lohana Road, Dharbhanga.
Thakur, Shurveer Singh Ishwar Singh. Ph.D.
b.10.09.1965. Prof., Arts & Commerce College,
Olpad, Surat. Ps. 03. Add. B-7, First Row House,
Kalidas Road, Near Saraswati School, Surat.
Spl.Ref. Alaṅkāra Śāstra.
Thakur, Sulabha Nishikant. b.Raghavendra
Nagar, Sholapur, MH. Gp. Hirabhai Badodkar.
Bks. Saṅgītam Saundarya-śāstram ca,
Sāmavedasya Svaraniścitiḥ. Add. Surasangata,
Raghav Nagar, Sholapur, MH. Spl.Ref. Sāhitya
& Sangeet.
Thakur, Sunita. Shastri, M.A., M.O.L.
b.23.03.1923. Teacher. Ps. 03. Add. 29, Patel
Nagar (S) Market, New Delhi. Spl.Ref. Sāhitya
Śāstra.
Thakur, Vidhya Nath. Acharya (Vyākaraṇa,
Vedānta, Tantra). b. Govindpur, U.P. Rtd.
Asst. Prof. Gp. Damodar Thakur, Shiv Shankar
Jha. Add. Govindpur, Via Pratapganj, Sahara
U.P. Spl.Ref. Vyākaraṇa, Vedānta & Tantra.
Thakur, Vimal. M.A. Ph.D., b. 06.05.1960,
Narayanpur. Teacher. Bks. 01. SaṃskṛtaDarpaṇa. Add. East Champaran (Bihar).
Karpoori Thakur. Govt. H.S. School,
Kabirchauk, Darbhanga, Bihar.

