306



Krishna Shastry. Bks. 04. Contribution of
Kelallur Nilakantha Somayaji to Astronomy,
Saptaśatīsārasrvasva, Śrutyārthamuktāvalī,
Saṃskṛta in Technological Age. Ps. 26. Add.
Reader, Department of Sanskrit, University
of Calicut, Kerala.
Sunita. B.A., M.A.. b. 04.12.1980, Kurukshetra.
Teacher. Gp. Dr. Bhim Singh, K.U.K.. Add.
Jat S.S. School, Kaithal – 136027. Ph.
9467420096.
Suraj kumar. b.08.08.1946. Teacher, Atmaram
Sanatan Dharma Senior Secondary School,
Ajmeri Gate, New Delhi. Ps. 02. Add. House
No. 3846, Lohavali Gali, Chawri Bazar, Delhi.
Spl.Ref. Sāhitya.
Surendra Kumar. Acharya in Sāhitya, Grammar,
Philosophy, M.A. Skt. Hindi, Ph.D. b.
12.01.1951. Rohtak. Rtd. Principal Govt. PG
College Gurgaon. Gp. Gurukul Jhajjar Bks.
05. Manusmṛti, Hindī kāvyo me Vaidika
Ākhyāna, MaharṣI Dayānanda Varnita Śikṣā
Paddhati. Ps. 135. Add. 429. Sector 7 Gurgaon
122001. M. 09818072108. Spl. Ref. Veda.
Surendra Kumar. M.A., M.Ed. b.06.07.1945
Teacher, Govt. Higher Secondary School, Kotla
Mubarakpur, New Delhi. Ps. 02. Add. B-1/
41, Lajpat Nagar, New Delhi. Spl.Ref. Sāhitya.
Suresh Kumar. Acharya in Jyotiṣa, M.A. b.
17.07.1963. Kaithal. Skt. Teacher Govt. Middle
School Bks. 01. Śrī Vaśhiṣ-ha Pañcāṅga Add.
461 Model Town Kaithal -136027. M.
09896852650.
Suri, Ramchandra Shastri. Vidvaduttama
(Nyāya, Vedānta). b.16.05.1915, Karki, KT.
Rtd. Asst. Prof. Gp. Shambhu Bhatta, Virupaksa
Shastri. Add. Subrahmanya Prachya
Vidyapeeth, Honnawar, Kavalakki, Bhaskari
(KT.). Spl.Ref. Nyāya, Veda & Vedānta.
Surya Prakash, K. V. M.A., M.Phil. b.30.03.1976,
Machilipatnam. Research Assistant. Ps. 02.
Add. B-8, G.K. Emerald, Hanumanpet, West
Malkajhini, Hyderabad.
Suryanarayan, H. S. Jyotiṣa Vidvān. b.
26.12.1958. Chikamaglur, KT. Astrology

Teacher. Gp. Shriniwas Adiga. Ps. 02. Add.
Kigga (R.S.Pura), Shringeri, Chikamaglur KT.
Spl.Ref. Jyotiṣa Śāstra.
Suryanarayana, K.N. M.A. (Skt., Kannada),
Alaṅkāraa and AdvaitaVedānta Vidwat, B.Lib.
Sc., B.Ed.. b. 23.03.1956, Chikamagalor,
Karnataka. Teacher. Bks. 01. Rāṣ-ranāyaka
Ambedakara. Add. Kendriya Vidyalaya, 18 th
Cross, Malleswaram, Bangalore –560055. Ph.
23341454.
Sushma Rani. Shastri, M.A., B.Ed.. b.
06.11.1980, Karnal. Teacher, Govt. Middle
School, Lakhmari, Kurukshetra. Gp. Smt.
Parmod Sharma, Shri Krishna Dham
Kurukshetra. Add. Vill. & P.O.-Babain, Near
Old Post Office, Dist. Kurukshetra. Hariyana.
Ph. (01744) 280777, 8059381993.
Suthar, Dalpat Bhai Ramnath. Ph.D. b.
09.08.1933. Prof. Shri M.R. Arts & Science
College, Rajpipla, Narmada. Ps. 05. Add.
‘Shruti’ Parikh Khadki Rajpipana, Narmada.
Spl.Ref. Alaṅkāra Śāstra.
Suthar, Ganesh Lal. M.A., Ph.D. b. 03.02.1947,
Marwar Lohawat. Director, J.N. Vyas Univ.
Bks. 14. Bhāsarvagya ke Nyāyasāra kā
Samālocanātmaka Adhyayana, Anvīkṣikīvimarśaḥ, Trayī, Aparavādaḥ of Paṇdita Ojhā,
Vyomavādaḥ of Paṇdita Ojhā. Ps. 45. Add.
Kesar Kunj’ Plot No. – 08, Mahesh Nagar,
Chainpura, Jodhpur–342304, RJ.
Suthar, Manu Bhai V. Ph.D. b.01.05.1959.
Prof., S.T. Arts & Commerce College, Sant
Rampur, Panchmahal. Ps. 03. Add. A/9, Rajshri
Appartment Ambika Nagar, Near Bus Stop
Kalol. Spl.Ref. Purāṇa.
Swadesh, Mohan. VidhyAlaṅkāra, M.A., B.Ed.
b.15.10.1944. Teacher, Maharshi Chunni Lal
Saraswati Balmandir, New Delhi. Ps. 02. Add.
B-1/49, Janakpuri, New Delhi.
Swain, Anam Charan. M.A., Ph.D. b.
03.01.1925. Jajpur, Orissa. Ex-Director,
Research Deptt. Sri Jagannath Skt. Univ. Bks.
08. Spl.Ref. Indian Religion and Philosophy,
President Awardee.

