
Shastri, Damodar. Acharya, M.A., Ph.D. b.
15.11.1942. Chirawa, RJ. Prof., Jain Vishva
Bharati, Ladnun, RJ. Bks. 10. BhāratīyaDarśana-Paramparāyam Jaina Darśanābhimatam, Deva-Tattvam. Ps. 60. Add. H.No.614, Jhankar Gali, Chirag, New Delhi–110017.
Spl. Ref. M.M. Awardee.
Shastri, Devaki Nandan. Acharya (Vyākaraṇa/
Darśana). B.1909. Jaipur, RJ. Asst.Prof. &
Principal, Sanskrit College, Bharatpur, RJ.
& Maharaja Sanskrit College, Jaipur. Bks. 02.
Rāṣ-rabhaktapañcakam, Pañcadeva-stutiḥ.
Expired in 1999. Spl.Ref. Poet, Writer, Fridom
Fighter.
Shastri, Devarshi Kalanath. Acharya in Sāhitya,
M.A. in Eng. b. 15.07.1936. Jaipur, Rajasthan.
Chair person, Jagadguru Ramanandacharya
Rajasthan Sanskrit University. Gp. M.M.
Giridhar
Sharma
Chaturvedi,
Bhatt
Mathuranath Shastri, Pt. Pattabhiram Shastri.
Bks. 42. Saṃskṛta Sāhitya kā Itihāsa, Saṃskṛta
Kavitā Vallarī, Ākhyānavallarī, Saṃskṛta
Nā-yavallarī, Saṃskṛta ke Gaurav Śikhar. Ps.
100. Add. Manju Nikunja, C/8 Prithvi Raj
Road, C – Scheme, Jaipur, Rajasthan. Pin. –
302001. Ph. (0141) 2376008. kalanathshastry@gmail.com. Spl.Ref. SāhityaŚāstra, President
Awardee 1998, Sāhitya Academy 2004.Chief
Editor Bharti Patrika.
Shastri, Dhansukh V. Ph.D. b.02.11.1936. Prof.,
M.V. Mahila College Rajkot. Ps. 05. Add. 102
Sagar Appartment 10 Manhar Plot Rajkot.
Spl.Ref. Vedānta & Bhasha Vigyan.
Shastri, Dharamveer Kumar. Hindi Prabhakar,
Sāhitya Ratna, Sāhitya Acharya, M.A. (Hindi,
Skt.), B.Ed., Vidyanidhi. b. Bijnor, U.P. Lect.,
Salwan Higher School. Bks. 04. Maharṣimālyārpaṇam, Subhāṣacaritam, Vividhā. Add. B1/
51, Paschim Vihar, New Delhi – 63. Spl.Ref.
Vedic Vidwat Purskar 1995, Sanskrit Sāhitya
Sewa Samman 1998-99.
Shastri, Dharma Chandra. Acharya in Jyotiṣaa.
b.13.12.1951, Sagar, M.P. Bks. 01. Acārya
Śrī Dharmasāgarajī Maharāj kā Abinandana

271

Gran-ha. Spl.Ref. Founder of Manav Shakti
Pratishthan.
Shastri, Durga Dutt. Shastri. b. 28.08.1917.
Naleti Kangra, H.P. Bks. 07. Prājñyamanoramā,
Tarjanī, Madhu-varṣaṇam, Viyogavallarī,
Bṛhatsaptpadī. Add. Naleti Distt. Dehra
Gopipur, Kangra 177104 H.P. Spl.Ref.
Prājñyamanoramā is commentary on
Nyāyasiddhānt-muktāvalī. Pub. In Lahore,
1902, President Awardee 1990, National Unity
Award or Banabhatta Puraskar, Poet & Writer.
Shastri, Dwarika Prasad. Shastri, M.A.,
Dharmaratna. b.15.05.1930. Budanpur,
Raibarelly, U.P. Bks. 12. SiddheśvarīVaibhavam. Spl.Ref. ‘Maulik-Sunskrit- RachanaPuruskar’.
Shastri, Dwarka Prasad. b. 15.05.1930.
Raibarelli, U.P. Bks. 01. Rāmam Vende
Jagatprabhum. Add. 475/1 Vrindavan,
Shahtola, Raibarelli – 01. U.P. Spl.Ref. After
Diksha He his known has Brahamchari Durgesh
Swaroop Vanprashti.
Shastri, Dwijendra Nath. b.1892. U.P. Bks.
01. Svarājyavijayamahākāvya. Expired in 1963.
Shastri, G. Anjaneya. M.A. (Nyāya Vidya
Praveena, Darśana). POL,Vidyavaridhi. b.
15.08.1955. Asst. Prof., Banaras Hindu
University, Varanasi. Gp. M.M. Manikya
Shastri, Shri N.P. Pattabhirama Shastri, Shri
S. Subramanya Shastry & D. Prabhakara
Sharma. Sp. Bks. 05. Vyutpattivāda
Rāmarudrīyam, Pañcalakṣaṇī Śatako-i,
Mādhurīgadā- dharyormatabhedavimarśaḥ,
Samāsakusumāvalī, Tarkāmṛtam with own
Māṇikyaprabhā commentary. Ps. 40. Add.
H.No. B5/295, Hanuman Ghat, Varanasi –
221002. Spl.Ref. Darśana, Veda,Arsh Vidya
Bhushan, Sastra Vidwan Mani.
Shastri, G. Anjaneya. M.A. in Darśana, Nyāya
Vidya Praveena, Ph.D. POL. b. 15.08.1955.
Prof. B.H.U. Varanasi. Bks. 05. Vyutpattivāda
Rāmarudrīyam, Pañcalakṣanī Satakoti,
Māthurīgada Dharyor-matabheda-vimarśaḥ,
Samāsakusumāvalī, Tarkāmṛtam with own

