
Sagar, KT. Director, Bhartiya Vidhya Bhavan.
Bks. 26. Indian Mathematics & Astronomy
Some Land Marks, Astrology Believe it or
not?, Indian Astronomy – A Primer, Tradition,
Science & Society, Eclipses in Indian
Astronomy. Ps. 38. Add. 2388, Jnana Deep.
Raja ji Nagar, Second Stage, A–Block,
Bangalore–560010.
balchandra1944@
gmail.com
Rao, Surya Narayan M.K. M.A. b.11.04.1933,
Tumkur, KT. Principal. Gp. Laxminarsinghayya,
G. Sitaramaiya. Add. National College,
Bangalore, KT. Spl.Ref. Alaṅkāra Śāstra &
veda.
Rashivadekar, Appa Shastri. b. 02.11.1873.
Kolhapur (MH). Bks. 25. Śambhoḥ
Kumārāvāpti, Udvāhmahotsavam, Pañjarbaddhaśukaḥ, Tilakasya Kārāgrahnivāsḥ,
Śrīkāṇthapadbhūṣanam. Expired in 1993.
Spl.Ref. He was also Awarded by ‘Vachaspatee’
Bangiya Sanskrit Parishad.
Rastogi, Bisanaswarup. M.A., Ph.D. b.
20.01.1950. Research Scholar. Ps. 02. Add.
73, Moti Bazar, Chandni Chowk, Delhi –
110006. Spl.Ref. Sāhitya.
Rastogi, Kshem. M.A., B.Ed. (Sanskrit). Age.
42 yers. Asst. Prof., Vishambharnath Rastogi
Girls Senior Secondary School, Bhagirath Place,
New Delhi. Ps. 02. Add. 8/12, W.E.A. Karol
Bagh, New Delhi–110005. Spl.Ref. Sāhitya.
Rastogi, Leena. M.A. (Skt. Pali, Marathi), Ph.D.
b. 29.07.1939. Patan, GJ. Lecutrer, Nutan
Adarsh Mahavidyalaya. Bks. 02. Spandan. Ps.
25. Add. Veelasa Kothri Layout, Umered,
Nagpur – 03. Spl.Ref. Sanskrit Poetry.
Rastogi, Meera. M.A., Ph.D. Post Doctoral
Research. b. 03.07.1954, Lucknow. Asstt. Prof.,
Skt & Prakrit Bhasha Vibhaga, Lucknow Univ.
Gp. Prof. K.C. Pandey, Prof. Navajivan Rastogi.
Bks. 01. Tāntrika Sivādvayavāda me Icchā
Svātantrya thatā Niyamanavāda. Ps. 19. Add.
K- 472, Aashiyana Colony, Lucknow- 226012.
Ph. 0522-2422822. M. 09839606378.
mirastogi@yahoo.co.in Spl.Ref. Kashmira
Shaiva Darśana.

233

Rastogi, Mithilesh Kumari. M.A. b.12.09.1959.
Govt. Service. Ps. 02. Add. C-5, G-2, Dilshad
Garden, Delhi–110032. Spl.Ref. Sāhitya.
Rastogi, Navjivan. M.A., Ph.D. b. 21.02.1939.
Lucknow. Prof & Rtd. HOD, Deptt of Skt &
Prakrit Languages, Lucknow Univ. Gp. Prof.
K.C. Pandey. Bks. 06. Kāśmīra Śivādvayavāda
kī Mūla Avadhāraṇāyeṅ, Kashmira kī Śaiva
Saṃskṛti me Kula aur Krama Mata,
Introduction to Trantrālok : A Study in
Structure. Ps. 100. Add. Anand-mangal, B202/203, Sterling Apptt.- 9, Univ. Road,
Lucknow-226007. Ph. 0522-2782508. M.
09415105898. nr2508@airtelmail.in Spl.Ref.
Kashmir Saiva Darśana, Marathi, Gujrati. USA
(As Director, Kashmir Shaiva Translation
Series-1989), Harward Univ. (As Visiting
Scholars in Skt. & Indian Studies-1989),
Hongkong(As an expert in the Research
Project-1993), Visiting Fellow / Professor BHU
(1989 KKR Univ. 2002) Kalidas Academy Ujjain
2002 etc.
Rastogi, Pratibha Rani. M.A. (Skt. & Hindi),
B.Ed., Ph.D. b.20.05.1953, Meerut. Ps. 02.
Add. E–67. Anand Niketan New Delhi–21.
Rastogi, U. M.A., Ph.D. Asst. Prof. Add. Deptt.
of Sanskrit, Miranda House, Patel Chest Marg,
Delhi–110007. Spl.Ref. Veda, DharmaŚāstra.
Rastogi, Umesh Prasad. M.A., Ph.D., D.Litt.
b. 14.09.1940. Lucknow. Prof. & Rtd. Head
Skt. & Prakrit Languages Deptt., Lucknow
Univ. Bks.05 Bhāravikāvya Me Arthāntaranyāsa, Saṃskṛtakāvyatattvamīmāṃsā,
Saṃskṛta-kāvya me Maulikatā Evam
Anuharaṇa, Vaidika Vāṅgmaya me Vaidagdhya
Thatā Kāvyātmakatā. Ps.10. Add. C-1031/32
Sector B, Mahanagar, Lucknow-226006. Ph.
0522-2329861. M. 09305309288. Spl.Ref.
Alaṅkāra Śāstra, State Award on the Book
Bhāravikāvya Me Arthāntaranyāsa, Banerjee
Research Prize.
Rastogi, Urmila. M.A., Ph.D. b.01.05.1945,
Chayasa, Gurgaon, Haryana. Gp. Dr.
Krishnalata Nandan, Satyabhushan yogi. Add.

