92



Asst.Prof., Bitha Choukasi Suryapur Sanskrit
College. Gp. Narbada Shankar, Mansukhram
Shastri. Ps. 01. Add. 9/1197, Balaji Road,
Near Girls School, Surat Gujrat. Spl.Ref. Sāhitya
Śāstra.
Harit, Harishchandra. M.A. b. 29.06.1977,
Churu. Add: Harit Bhawan, Ward No. – 04,
Churu (Raj.). Ph. (01562) 55507.
Harkaniya, Vajeer Bhai D. Ph.D. b. 02.06.1957.
Prof. Shri Vanraj Arts & Commerce College
Lal Dungri Dharampur Valsad. Add. Vill Post
Ojharpada, Tehsil Dharampur Distt. Valsad.
Spl.ref. Vedānta Śāstra.
Harsh Kumar. M.A., Ph.D. b. 04.12.1936, Delhi.
Asct. Prof. Bks. 01. Kirī-abhāṣya on Viṣṇusahasranāmastotra with Padyapuṣpāñjali. Ps.
01. Add. Flat No. 1C, Utqarsh, 2 Raj Narain
Road, Civil Lines, Delhi – 110054. Ph. 2940195.
Harshvardhan, V. S. Acharya in Sāhitya, M.A.
Editor, All India Radio, Kozhikode. Add.Uadaya
Niwas, Karparamba, Kozhikode Kerala. Spl.ref.
Sāhitya Śāstra, Darśana Śāstra.
Hasoorkar, Srinath. M.A., Ph.D. b. 26.02.1924.
Lecturer & Principal, Govt. College M.P. Bks.
05. Ajātaśatru, Pratijñāpūrti, Sindhu Kanyā
and Chenammā (novels). Spl.Ref. An eminent
Skt. Scholar, Writer, U.P. Skt. Academy award
for Pratijñāpūrti, Sahitya Academy Award
on Sindhu Kanyā, M.P. Skt. Academy Award.
Hasurkar, Sripad Shastri. b. 10-06-1882 Hasur,
Kolhapur. Rtd Principal Holkar Skt. College
& Regious Teacher of Maharaj Yashwant Rao,
Indore. Bks. 15. Saṃskṛta Bharata Nartanamālā
Rāṇāpratāpa Vallabhācārya, Śivājī, Samartha
Rāmadāsa, Pṛthvīrāja, Guru Nānaka, Mahāvira,
Buddha, The great women of Rajasthan and
Maharashtra. Spl. Ref. Mokṣamandirasya
Dvādaśadarśanasopānāvaliḥ is Sri Hasur-kar’s
treatise on Indian Philosophy. He has written
copiously on Philosoophy in Hindi also.
Hayagrivacharya, Kapu. Acharya in Nyāya,
Vedānta & Dharmaśāstra. b. 01.07.1926, Kapu,
Udupi, KT. Rtd. Teacher. Gp. S. Hayagrivacharya, V. Anantakrishnachrya. Add.

H.No. 16-116, Batvariya Lane, Udupi, KT –
576101. Spl. Ref. Nyāya, Vedānta, Dharmaśāstra.
Hebbar, Ganpati Shastri. Studied Ṛgveda,
Nyāya, Vedānta, Rājnītiśāstra. b. 1901,
Mangloor (KT). Gp. M.M. Laxman Shastri,
Pt. Bheekam Bhatt Patvardhan, Pt. Rajeshwar
Shastri. Bks. 02. Gaṇeśamīmāṃsā, Bhāratīya
Lipi aura Maulika Ek Rūpa. Expired in 1986.
Spl. Ref. Veda, Honoured by ‘Vidyabhushan’
and ‘Sarvtantra’.
Hebbar, Shankar M. M.A., B.Ed., NET. b.
13.12.1983, KT. Asst. Prof., Rajiv Gandhi
Campus, Shringeri. Ps. 01. Add: Shankar M.
Hebbar. (PO) Iduvani, Sagar, Shivamogga,
KT. Spl. Ref. Acharya Gold Medalist.
Hemlata. M.A., Ph.D. b. 15.02.1943, Bhagalpur.
Prof. & Head, Bhagalpur Univ. Bks. 02. Ṛgveda
ke Agni Sūkton kī upamāon kā adhyayana,
Śiva Svarodaya. Ps. 02. Add: Bramhalaya,
Shivaji Path, Chhoti Khanjerpur, Bhagalpur.
Pin. 812001. Ph. (0641) 425100.
Hemnath, V. Vyākaraṇa Śiromaṇi, M.A. b.
25.10.1940, Tiruvaiyar, Thanjavur, T.N. Asst.
Prof. Gp. Tirumalachari, Swaminath Shastri.
Ps. 01. Add. Oriental School, K.T. Road,
Tirupati A.P. Spl.Ref. Vyākaraṇa Śāstra.
Hempasandra, Venkatnarayan. Alaṃkāraśāstravidvān, Vyākaraṇavidvān, M.A. b.
Sonenhalli, Kolar, KT. Research Asst. Gp.
G.Vishnumurti Bhatt, S. Ramaswami Ayyangara, T. Sitaram Shastri, S.M.S. Varadacharya.
Bks. 07. Add. Oriental Research Institute,
Mysore KT. Spl.Ref. Sāhitya, Vyākaraṇa Śāstra,
Alaṅkāra Śāstra.
Hemraj. M.A. b. 15.11.1940. Teacher, Govt.
Higher Secondary Girls School, Hari Nagar,
New Delhi. Add.A-69, Om Vihar, Uttam Nagar,
New Delhi. Spl.Ref. Sāhitya Śāstra.
Hemrashmi. M.A. b. 13.06.1940. Research,
Central Hindi Directrorate, R.K. Puram, New
Delhi. Add. H-8, Bhaum Nagari, Safdarjung
Extn., New Delhi. Spl.Ref. Sāhitya Śāstra.
Hindamayum, Gaurikrishn. b. 1831., Laikei,

