332



Tripathi, Vikram Jeet. Acharya. b.01.04.1948,
Bhaliapur, U.P. Asst. Prof. Ps. 05. Add. Shri
Hanuman Sanskrit Mahavidhyapeeth, Sikrara,
Bhaliapur, Jaunpur, U.P. Spl.Ref. Sāhitya.
Tripathi, Vinayak Vaidika. Acharya in Śulkayajurveda, Ph.D. b.15.07.1935, Subikhar,
Deoria, U.P. HOD of Veda & Principal. Gp.
Bhagwat Prasad Mishra, Dr. Vindheshwari
Prasad Tripathi. Bks. Agnicayanayāgavimarśaḥ.
Add. Govt. Sanskrit Mahavidhyalaya, Rewa
M.P. Spl.Ref. Veda.
Tripathi, Virendra Kumar. M.A. b.02.07.1953.
Asst. Prof. Gp. Phanismani Tripathi, Ramkishor
Shukla. Ps. 05. Add. Shri Ramachandra Sanskrit
Pathshala, Nayapara, Raipur, (C.G.) Spl.Ref.
Navya Vyākaraṇa.
Tripathy, Chandra Shekhar. M.A., M.Phil.,
Ph.D. b. 04.09.1974. Dumroan (Bihar). Bks.01.
Kavikaustubha. Add. C/o Dr. Raman Kr.
Sharma, B II – 30, Sec – 18, Rohini, Delhi –
85.
Tripathy, Padmanav. M.A. b.12.03.1962,
Lalitagiri (Cuttack). Bks. 05. Abhinnasundaraḥ, Prajñāprakāśaḥ. Ps. 02. Add. Pragyaprakasa, Mangalog, Cuttack, Orissa.
Triveda, Pt. Deenanath, “Madhupa”. Acharya
(Vyākaraṇa, Sāhitya, Darśana, Nyāya). Asst.
Prof., Maharaja Sanskrit College, Jaipur. Gp.
Pt. Yamunadhar Shastri, Pt. Chandrashekhar
Dwivedi, Pt. Govindnarayan, Bks. 01. Nārīmati
Vaibhāvam (story). Spl.Ref. Awards –
‘SāhityaAlaṅkāra’ by Ayodhya Sanskrit office.
‘Gold Medal’ in Sanskrit essay competition
in Rajasthan Sanskrit Sammelan. Editor of
‘Bhārtī’ monthly magazine.
Trivedi Neelam. M.A., Ph.D. b. 01.01.1957,
Kanpur. Asct. Prof., Dayanand Girls PG College,
Kanpur. Bks. 03. Aucityasiddhānta aur
Mahākavi Bhavabhūti kī Nātyakalā,
Hitopadeśa, Matā Bhūmiḥ Putroham Pṛthivyāḥ.
Ps. 39. Add. 4D/3 West Campus, HBTI Kanpur208002. M. 09839208995. Email neelamtrivedi
@rediffmail.com Spl. Ref. Sāhitya. Newzeland,
USA, Canada.

Trivedi, Alka Ramchandra. M.A. Ph.D.
b.23.01.1961. Prof. Vivekanand Art. College,
Raipur Darwaja, Ahamdabad. Ps. 05. Add.
10/2, Bhima Nagar Ahemdabad. Spl.Ref.
Vedānta.
Trivedi, Babu Prasad Somnath. Ph.D. b.
01.03.1944. Prof. Smt. L & C Mehta Arts
College. Elisbridge, Ahemdabad. Ps. 05. Add.
9- Maruti Nandan vila Block 2, Sardar Patel,
Ring Road, Ahemdabad. Spl.Ref. Alaṅkāra.
Trivedi, Bhuvan Chandra. Acharya in Sāhitya.
b.12.10.1951. Almora. U.P. Asst. Prof. Gp.
Ganeshadatt, Ghanshyam Joshi. Ps. 05. Add.
Sir Mahadeva Giri Sanskrit Mahavidyalaya,
Haldvani, Nainital.
Trivedi, Chaitanya Bhai Shiv Prasad. Ph.D.
b.15.11.1945. Prof. Shri Swami Narayan Arts
College, Gita mandir Road, Ahemdabad. Ps.
05. Add. 27 Hillora Residency, Vastrapur,
Ahemdabad. Spl.Ref. Sāṅkya Yoga.
Trivedi, Chakra Pani. M.A., Acharya. b.
09.02.1942 Rohtas, Bihar. Ex-:Lecturer & Guest
Faculty, Deptt. of Dharmagam, BHU, Varanasi.
GN Mahavidyalaya, Rohtas. Gp Pt Mahadev
Pandey, Dr. Shivdutt Sharma. Bks. Pāśupatasūtram, Tattvasaṅgraha. Add. B-1/148 A-9
B-80 Assi, Varanasi -05. M. 09452562745.
Spl. Ref. Sāhitya.
Trivedi, Ganesh Datt. Sāhityacharya.
b.23.12.1935, Shekhawati, Sikar, RJ. Asst.
Prof. Gp. Ghanasyama Shastri. Ps. 05. Add.
Rishikul Vidyapeetha, Sikar (RJ). Spl.Ref.
Sāhitya.
Trivedi, Ghanshyam M. LLB, DLP, Acharya
(Sāhitya & Purāṇa), Vidyavaak Bhushan. Bks.
02. Nūtanabhaktirasāyanam, Nūtanagītāñjaliḥ.
Trivedi, Girija Shankar. Sāhitya Shastri, M.A.,
D.Phil. b.11.05.1939. Ps. 05. Add. 2,
Dhamawala Bazar, Old Kotwali, Dehradun.
Spl.Ref. Sāhitya.
Trivedi, Gopilal. M.A., B.Ed., Kāvyatīrth, Acharya
in Vyākaraṇa. b. 07.07.1934. Sagar. Rtd.
Principal. Govt. Girls High School, Guna, M.P.
Spl.Ref. Veda.

