
Sharma, Ganesh Dutt. M.A., Ph.D., Shastri,
Sāhityacharya. b. 08.01.1942. Visiting Prof.
Hindu University of America, Orlando (2002),
Principal Lajpat Rai Post Graduate College,
Sahibabad (Ghaziabad), Director R.C.C.V.P.G.
College, Ghaziabad, Honorary Directore
Institute of Indology L.R.C. Sahibabad. Bks.10.
Ṛgveda me Dārśanika Tattva, Nibandha
Pārijātam, Vivekānandacaritam, Vaidika
cintana Kī Dhāraṇāyen, Vaidika Ṛiṣiyon Kā
Dārśanika cintana, Add. 10/98, Sector – III,
Rajendra Nagar, Sahibabad, Ghaziabad, Pin–
201005, Ph. (0120) 2631153, 2634946,
4380560. Spl. Ref. Attended many National
& International Conferences, Contributed and
strengthened the Literature and Research,
Worked in Various Academic Bodies,
Organized many Conferences and Seminars,
He Achieved and honoured many Awards in
his life.He awarded 11times by various
institutions; few given- Sanskrit Academic
award 1980,Lucknow. Sāhitya Manishi
Puraskar 2003 Ghaziabad Lok Parishad,
Sanskrit Seva Samman 2005, International
Vidyaratnakar Sarasvt Samman 2007 Gurukul
Kangri. France,Gremany, America, Holland,
New Jersy, Boston, Nepal, Maryland. President
Awardee.
Sharma, Ganesh Ram. Vidyabhushan,
Jyotiṣopadhyaya, Sāhityaratna. b.1908.
Dungarpur. Lecturer, Shri Rajendra Inter
College, Jhalawar. Bks. 10. Saṃskṛta Kathā
Kuñjam, Jīvato’pi Pretabhojanam, Mū©hacikitsā, Māmakīno Jīvana Saṅgharṣaḥ, Śrī
Mohanābhyudayam.
Sharma, Ganeshdutt. Vidyabhaskar, Acharya,
M.A., Ph.D. b. Bulandsheher, U.P. Rtd.
Principal, Lajpat Rai PG College, Sahibabad,
U.P. Bks. 02. Darśanānandacaritāmṛtam,
Vivekānandacaritāmṛtam. Ps. 80. Spl.Ref.
Sāhitya. Poet France, Germnay, Holland,
America, Nepal.
Sharma, Ghanshyama. Shastri, B.Ed., M.A.,
Acharya, Ph.D.. b. 17.07.1956, Jaipur. Asst.
Prof., Rajakiya Maharaja Acharya Sanskrit

249

College, Gandhi Nagar, Jaipur (Raj.). Gp. Shri
Chandradhar Ji Bhardwaja, Shri Anand Ji
Purohit. Add. 296, Jaisinghpura, Khor – Jaipur,
Ward No. 76. Ph. (0141) 2639158, 2706604,
9829892983. Spl.Ref. Veda.
Sharma, Giridhar Chaturvedi. b. Shastri (Veda,
Purāṇa, Vyākaraṇa, Sāhitya, Darśana) 1881.
Jaipur, HOD, B.H.U., Varanasi. Bks. 35.
Gosvāmī Tulasīdāsa-śatakam, KāvyakāraṇaŚatakam,
Kāvyaprayojana
Śatakam,
Vidyopārjan-śatakam, Sphūrti Saptaśatī. Ps.
100. Expired on 10-06-1966. Spl.Ref. ‘Sanskrit
Sāhitya Sammelan’ is established by him.
Received M.M. Award by British Govt. &
‘Vidyavachaspati’ Samman.
Sharma, Giridhar Navaratna. b.1881.
Harlapatan (RJ). Bks. 05. Amarasūkti- Sudhā,
Jāpāna-Vijaya, Navaratna-Nīti, RājasthānaVandana, Śram-Catūrviṃśatī, Expired on
30.06.1961. Spl.Ref. Expert of Languages –
Hindi, English, Marathi, Sanskrit & Persian.
Sharma, Girija Prasad. b.1932. Gp. Pt.
Govindram Dattacharya. Shri Gangadhar
Dwivedi. Pt. Jagdish Sharma, Shri
Krishnachandra Shastri. Bks. 03. Jyotstavaḥ,
Raṣtrastavaḥ, Bālagītāni.
Sharma, Govind Ram. M.A., B.Ed. b.21.05.1956.
Jammu. Master (Edu. Dept.). Ps. 06. Add.
House No. – 33, Sector No. – 3, Pandoka,
Paloura, Jammu.
Sharma, Gulab Chandra ‘Patlendu’. Acharya
(Sāhitya, Vyākaraṇa). b.1921. Shohpura. Asst.
Prof., Maharaja Sanskrit College, Jaipur. Bks.
01. Karṇacaritāmṛtam.
Sharma, Gurumayum Krishna Chandra.
Acharya (Navya, Vyākarṇam). b. 01.03.1946.
Asst. Prof., Manipur Sanskrit Mahavidhyalaya,
Imphal. Bks. Mukta Parenga, Phala-Saṃhitā,
Yajurvedīya Saṃskṛta Karma Paddhati,
Svapnavāsavadattam(ed.) Ps. 02. Add.
Kangjabi Lampak Machin, Imphal.
Sharma, Hari Datt. M.A. b.01.12.1918,
Alampur, Ghaziabad, U.P. Rtd. Principal. Gp.
Pt. Chhotelal Pandey. Ps. 03. Add. Shri

