
Sharma, Som Dev. M.A., Acharya in Sāhitya,
B.Ed. b.15.10.1929. T.G.T., Nutana Marathi
Senior Secondary School, Pahar Ganj, New
Delhi. Ps. 03. Add. 324 A/25, Tri Nagar, Delhi.
Sharma, Som Prakash. M.A., Shastri.
b.15.01.1929, Manglur, Saharanpur, U.P.
Gp.Sundar Lal Shastri. Ps. 02. Add. House
No. 114, Patharonvali Gali, Roorkee, U.K.
Spl.Ref. Sāhitya Śāstra.
Sharma, Somnath Das. Acharya in Sāhitya,
DharamŚāstra, Purāṇa, āgama. b.01.09.1922,
Karada, Cuttack, Orrissa. Gp. Pt. Gangadhar
Tripathi, Pt. Somnath Mahapatra, Navkishore
Shastri, Haldhar Satpathi, Udaynath Das,
Jagannath Shastri. Add. Awakash Lane,
Gundicha Mandir, Puri Orissa. Spl.Ref. Sāhitya
DharamŚāstra, Purāṇa & Veda.
Sharma, Sri Nivasa. M.A., Ph.D. b. 15.09.1930.
Chidambaram. Asct. Prof. Annamalai Univ.
Bks. 06. Uṛttamaṇīmālā, Kalīvi©ambanam,
Saṃskṛta Nātaka Ilākkīyā Vārālarū, Jagadgurū
Śrīcanara Sekharendra Sārasyatī Vijayakāvyam, Stotra works of Śriśaṅkarabhagavadpada. Ps. 155. Add. 337, Muthiah
Nagar, Annamalai Nagar, Chidambaram, South
Arcor, TN.
Sharma, Sthanu Dutt. Shastri, M.A., M.O.L.
b.1903, Kurukshetra, HR. Gp. Pt. Sitaram
Shastri, Dr. Laxman Swaroop. Add. Chotala
Mohalla, Kurukshetra HR. Spl.Ref. Veda,
Vyākaraṇa & Sāhitya.
Sharma, Sudarshan Kumar. M.A., Ph.D. b.
20.12.1935. Rtd. Principal, MR Govt.
Mahavidyalaya, Punjab. Bks. 02. Śrīgurunānakacaritam, Vikrāntacandraśekharam. Ps.
50. Add. HIG Block, 61-B-3, Sector VI, Parvanu,
Punjab – 20.
Sharma, Sudesh Kumar. Acharya (Falita &
Siddhānta Jyotiṣa), M.Ed., Vidyarasidhi.
b.15.06.1960. Birpur, Jammu. Prof., R.Sk.S.,
Jaipur Campus, RJ. Gp. Dr. Bihari Lal Shastri,
Prof. Ramchandra Pandey, Prof. Shukdev
Chaturvedi. Sp. Dr. Satish Kapur, Dhananjaya
Mishra. Bks. 06. Prau©haśikṣā, Śaikṣika-

265

pravidhiśāstram, Yantraprabodhinī. Ps. 20.
Add. 38, Pushpanjali Colony, Mahesh Nagar
Vistar, Jaipur–302015 (RJ).
Sharma, Sunder V. Sāhitya Siromani, BOL.
b. 02.11.1923. Chituroopatan, A.P. Research
Asstt., Sanskrit Academy Hyderabad. Bks. 08.
Devīśatakam, Śambhuśatakam, Vāgdevīśatakam, Chāyāpatiśatakam. Add. 52 shivpuri,
Kapra, Hyderabad – 62. Spl.Ref. Sāhitya
Academy Award, Sāhitya Ratan.
Sharma, Sunita. M.A., Ph.D.. b. 05.10.1964,
Jaipur, Asst. Prof., Maharani’s College,
Rajasthan, Univ. Jaipur. Bks. 02. Smṛtiyon
ke sāvana. Add. S – 49 – 50, Janta Colony,
Jaipur – 302004. Ph. 2613687, 9828567766.
AIR, Jaipur. Honor from Sāhitya Acadmy,
Udaipur.
Sharma, Surendra kumar Shastri. b.
21.12.1944, Hira Nagar, J&K. Rtd. Asst. Prof.,
Shri Ranveer Kendriya Sanskrit Vidhyapeeth,
Jammu. Bks. Śrī Rāmadeva Cirañjīva
Bha--ācārya-viracitāyāḥ Vidvanmodataraṅgiṇyāḥ Samālocanāt-makam Samīkṣātmakam
Adhyayanam. Add. 5, Panchatantra Marg,
jammu J&K. Spl.Ref. Sāhitya.
Sharma, Surendra Kumar. Acharya. b.
25.12.1947, Dausa (Raj.). Principal (Rt.). Gp.
Pt. Dayanand Ji Shastri. Ps. 05. Add. Shri
Nilyanam, A – 277, Mahesh Nagar, Jaipur,
(Raj.). Pin. – 302015. Ph. (0141) 2501613,
9887852472. Spl. Ref. Mauritius as a member
of Sanskrit evam Sanskriti Sadbhava Mandal.
Sharma, Surendra Kumar. M.A., M.Phil.
b.17.12.1959. Teacher, Govt. Higher
Secondary Girls School, Delhi. Ps. 02. Add.
77-A, Kamla Nagar, Delhi. Spl.Ref. Sāhitya.
Sharma, Surendra Kumar. Acharya in Sāhitya,
M.A., Ph.D. b.11.07.1956, Madarpur,
Muradabad, U.P. Asst. Prof. Gp. Asharam
Upaddhyay,
Padmanarayan
Tripathi,
Harinarayan Dixit. Ps. 03. Add. Sanskrit
College, Kashipur U.P. Spl.Ref. Sāhitya.
Sharma, Suresh Chandra. Acharya in Prachīna
Vyākaraṇa, M.A. (Skt., Hindi). Vidhya Bhaskar

