152



Bansagaon, Deoria, U.P. Gp Pt. Batukanath
Shastri, Pt. Mukund Shastri, Pt. Raghunath
Sharma. Add. Vill. & P.O. Dubahi, Deoria,
U.P. Spl.Ref. Sāhitya.
Mishra, Kali Prasad. Acharya in Vyākaraṇa
& Nyāyadarśana. b. 1889, Vill. Tikriya,
Gorakhpur. H.O.D., Sanskrit College, Varanasi.
Gp. Pt. Damodar Shastri, Pt. Rambhavan
Upadhyay. Sp. Pt. Nirikhshanpati Mishra, Dr.
Venkatachalmoorti, Pt. Karunapati Tripathi,
Pt. Ramchandra Malviya. Expired on.
06.08.1997. Spl.Ref. Traditional Pandit.
Mishra, Kalikant. Acharya in Jyotiṣa (Gaṇita
& Phalita) & Sāhitya, M.A., Ph.D. b.
02.01.1944, Tumaul, Darbhanga. Principal.
Ps. 02. Add. Tumaul, Putai, Darbhanga.
Mishra, Kalikant. Acharya. b. 01.07.1923,
Vistupur, Assam. Gp Devendranath, Laxmipati.
Ps. 02. Add. Vill. Bamparbaliya, Parvati Nagar,
P.O. Tejpur, Sonitpur, Assam – 784001. Spl.Ref.
Sāhitya.
Mishra, Kalluprasad. Acharya in Vyākaraṇa.
b. 01.05.1948, Kithai, Banda, U.P.. Asst.
Teacher, Shri Janaki Sanskrit Vidyalaya. Gp
Pt. Rambhajan Pandey. Ps. 01. Add. Old Lanka,
Chitrakut, Dist.Satna, M.P. Spl.Ref. Vyākaraṇa.
Mishra, Kalpana. M.A., B.Ed. H.O.D. Skt. Ps.
02. Add. Keonjhar College, Old Town,
Keonjhar, Orissa – 758002. Spl.Ref. Sāhitya.
Mishra, Kamal Kant. Acharya in Jyotiṣa
(Siddhānta, Gaṇita & Phalita). b. 05.09.1916,
Jaidev Patti, Darbhanga, Bihar. Gp. Dayanath
Jha, Chandrakant Jha, Durgadatta Jha. Ps.
02. Add. Vill. & P.O. Jaidev Patti. Darbhanga,
Bihar. Spl.Ref. Jyotiṣa.
Mishra, Kamal Kant. M.A., Acharya in Sāhitya,
Vyākaraṇa & BauddhaDarśana, Ph.D., D.Litt.
b. 11.01.1947, Madhubani, Bihar. Ex.Director
of Rashtriya Sanskrit Sansthan, New Delhi.
Gp. Dr. Bachan Jha, Dr. Vidhata Mishra, Pt.
Kulnand Mishra. Bks. 20. Arthavijñāna ko
Sa‚skṛta vyākaraṇa aur kāvyaśāstra kā
yogadāna. Add. 169, S.F.S., Nehru Apartments,
Kalkaji, New Delhi – 110019. Spl.Ref. Sāhitya,
Vyākaraṇa, BauddhaDarśana.

Mishra, Kamal Kishore. Ph.D. b. 01.01.1970,
Gumla. Ps. 02. Add. 112. Jubilee Hall.
University of Delhi. Email – kamalkmishra@
yahoo.com.in.
Mishra, Kamalarani. Kāvyatīrtha, Ph.D. b.
08.08.1924, Ps. 01. Add. Chittranjan Park,
New Delhi – 110019. Spl.Ref. Sāhitya.
Mishra, Kameshvaranath. Acharya in Sāhitya.
b. 04.07.1938, Nathayipurba, Gonda, U.P.
Gp. Pt. Rudra Prasad Awasthi, Prof.
Kantichandra Pandey, Prof. Ramachandra
Diwedi, Dr. Vanamala BhavAlaṅkāra. Bks. 04.
Rāmakṛṣṇa-vilomakāvya Sūryakavi Kṛtam
Sarasvatī Kaṇ-hābharaṇam (ed. with Sanskrit
Comm.), Bhojakṛta tattvaprakāśikā, Appaya
Dikṣita ātmārpaṇastuti (ed.). Add. Prof. and
H.O.D., Kendriya Tibbati Uchchadhyayan
Sansthan, Saranath, Varanasi, U.P. Spl.Ref.
Sāhitya.
Mishra, Kameshwar Nath. M.A., Ph.D. b.
04.07.1938. Prof. Kendriya Uccha Tibbati
Sansthan. Ps. 02. Add. Vill. Nathai, Purva,
Post Devriya Via Balrampur Janpad Gonda,
U.P.
Mishra, Kamla Kant. Acharya (VyākaraṇaVedānta). b. 1892, Vill. Kotva, Allahabad.
Principal, Jo. M. Goyanka Sanskrit College,
Varanasi. Sp. Ramchandra Shastri Khanang.
Ramnivas Garg. Shivdutt Pandey. Yamuna
Prasad Shukla. Mahanand Dwivedi. Kalika
Tripathi. Dr. Ludvig Alrdorf (Germany).
Expired on. 10.10.1974. Spl.Ref. Recipient
of Mahamahadhyapak award by Bharatdharm
mahamandal, Varanasi, Vidwatshiromani
award by Girvanvagvardhini sabha, Varanasi
& Mahamahopadhyay award by Bhartiyaparishad, Prayag.
Mishra, Kanti Chandra. Shastri in
NavyaVyākaraṇa, M.A., Ph.D. b. 10.12.1920,
Chhathiya, Bareli, U.P. Rtd. Asct. Prof. Gp.
Sumiran Mishra, Ganesh Datta. Ps. 20. Add.
B-22/275, L-3, Khojawa Market, Varanasi,
U.P. Spl.Ref. Vyākaraṇa.
Mishra, Kapil Deo. M.A., D.Phil., D.Litt.. b.
06.07.1963. Prof. & Director MG Chitrakut

