78



Bhatta Dīpikā), Vyākaraṇa, Nyāya, Dipl. in
Computer, Astrology, B.Com., M.A. b.
20.08.1963. Tanjor. Prof. Correspondent. Bks.
10. Sandehanivāriṇī, Dharmaśastram. Ps. 5.
Add. New Number 488, Old Number 175 TT
Krishnam Acharya Road Alwar Pet Chennai600018. T.N. Ph. 044-24361210, M.
09381061946. ganpatigal @gmail.com Spl.Ref.
Kṛṣṇayajurveda, Vedānta, Advaita Vedānta,
Vyākaraṇa, Mīmāṃsā, Nyāya. Vedavidyaalankar, Vidyaratnam, Skt. Ratnam.
Gandhi, Bhav Prakash. Shastri, M.A., B.Ed.,
NET, Ph.D. b. 06.01.1982. Asstt. Prof. Sri
Somnath Skt. Univ. Junagarh. Bks. 02 Vedika
Sāhitya Paricāyikā, Subhaṣitapiyūṣam. Ps. 10.
Add. Sri Somnath Skt. Univ. Veraval Junagarh262265. Guj. Ph. 02876244532. M. 09924850091. bhagprakashgandhi@gmail.com
Gandhi, Chandrakanta. M.A. b. 20.07.1939,
Teacher, Ps. 02. Govt. Girls Senior Secondary
School, Chittaranjan Park, New Delhi – 110019.
Spl.Ref. Sāhitya. B.T.
Gandhi, Geeta Ben Kanti Lal. Ph.D. b.
28.02.1949. Prof. Smt. C.C. Mahila Arts &
Seth C.N. Commerce College, Station Road,
Vish Nagar. Add. 17, Sāhitya park, Dharoi
Colony Road, Vish Nagar. Spl.Ref. Vedānta
Śāstra.
Gandhi, Nilotpala Amul. Ph.D. b.20.06.1959.
Surat, Gujrat Prof. Bhasha Sāhitya Bhawan,
Gujarat Univ. Navrangpura, Ahemdabad. Bks.
01. Active Passive & Impersonal Constructions
in Classical Sanskrit. Add. 30, Shivani
Appartment Rangwala Tower, Alisbridge
Ahemdabad. Ph. 6402710. Spl.Ref. Vyākaraṇa,
Bhasha Śāstra.
Ganesh Ghanpati, K. Age. 55 yrs in 1988.
Kunrakudi, T.N. Veda Sanskrit Teacher. Add.
Sanskrit Vidvan & Ghanapathigal, Pillaiyarpatti – 623207 (T.N). Spl.Ref. Kṛṣṇayajurveda
(Ghanapathanta).
Gangadhara, M. Vyākaraṇaśiromaṇi, M.A.
(Sanskrit). b. 01.06.1957. Sanskrit Pandita
(Teacher). Add. Shri Vivekanand Sanskrit High
School, Kurnool (A.P.). Spl.Ref. Vyākaraṇa.

Gangopadhyay, Anantalal. M.A. Ph.D. D.Litt.
b. 14.05.1937. Bks. 02. Panditarāja Jagannātha
on Aesthetic Problems, Appaya Dīkṣita to
Indian Poetics. Ps. 01. Add. Gurukripa. Tetultala
Lane. Kamarpara Road. P.O. Chinsura. Dist.–
Hooghly. Pin. 712101. Ph. 6807198.
Gangopadhyay, Shivaram. Vyākaraṇa Tīrtha,
Nyāya Vaiśeṣika-Achaya, Ph.D. b. 01.04.1953.
Bankura. W.B. Asstt. Prof. Deptt. of Vedic
Darśana Faculty of SVDV BHU, Varanasi. Gp.
Prof. Vashisht Tripathi. Bks. 01. Ps. 10. Add.
Deptt. of Vedic Studies, Faculty of SVDV BHU,
Varanasi. drsgangopadhyaya@rediffmail.com
Spl.Ref. Nyāya Vaiśeṣika.
Gangude, UttamBhai k. Ph.D. b. 01.10.1966.
Prof. Gujrat Arts & Commerce College
Alicbridge Ahemdabad. Add. 35, Akshardham
Banglow 1, Near Govt. Water Boring Bopal
Ahemdabad. Spl.Ref. Vedānta Śāstra.
Ganguli, Gangopadhyaya. M.A. b. 01.01.1934.
Vice–Principal, Nagar Palika Girls Senior
Secondary School, Gol Market, New Delhi –
Add. H-19, Kailash Colony, New Delhi –
110048.
Ganguli, Hemanta Kumar. M.A., Kāvyatīrtha,
Sāṅkyatīrtha. b. 01.02.1914. Barisal. Asct.
Prof., Jadavpur Univ. Bks. 06. Philosophy of
Logical Construction, God: Reason and
Religion, Cārvākdarśana, Samāja Sāhitya O
Darśana, Vaidikadharma O Mīmāṃsā Darśana.
Spl.Ref. President Awardee.
Ganguli, Sarbani. M.A., Ph.D. b. 19.10.1951.
Guwahati. Prof. Jadavpur Univ. Bks. 04. Add.
Deptt. of Skt. Jadavpur Univ. Ph. 24125578.
M. 09831504240. sargan19@gmail.com .
Ganpati, Salaksan Subrahmanya. Vidhyapravin, Ph.D. b. 05.01.1914, Chitram,
Gudivada, A.P. Teacher. Gp. Venkateshwer
Avdhani, Rammurti Avdhani. Add. 22/5/28,
Tenali A.P. Spl.Ref. Advaita Śāstra.
Garasia, Saraswati Ben Durlabh Bhai. Ph.D.
b. 01.06.1961. Prof. Smt. J.P. Saraf Arts College
Tithal Road Valsad. Bks.01. Ps. 02. Add. 25B Panchdev Society, Near Politecnic Boys
Hostel, Valsad. Spl.Ref. Vedānta Śāstra.

