244



Sanskrit Mahavidyalaya, Kankhal, Haridwar.
Spl.Ref. Sāhitya.
Semval, J. P. M.A., Ph.D. b.01.01.1944. Henu,
Rudra Prayag. Asct.Prof. Bks. 10. VasantaVilāsa, Megha- Vilāsa, Indu-Vilāsa, HimagirīVilāsa, Bhānūdaya-Vilāsa. Add. V.V.B.I.S. I.S. P.U., Hoshiarpur (P.B.).
Semval, Markandey Prasad. Acharya in Sāhitya,
M.A., B.Ed. b.05.12.1951, Jakhani, Garhwal.
Asst. Prof. Gp. Kamataprasad Palival. Ps. 02.
Add. Udasin Sanskrit Mahavidyalaya, Kankhal,
P.O. Gurukul Kangri, Haridwar (U.P.). Spl.Ref.
Sāhitya.
Semval, Parasuram. Acharya in Vyākaraṇa.
b.20.10.1962, Bainosi, Tihari, Garhwal.
Teacher. Gp. Harshapati Sharma, Pt.
Devanarayan Tripathi. Ps. 02. Add. Shri Nirmal
Sanskrit Mahavidyalay, Kanchal, Haridwar.
Spl.Ref. Vyākaraṇa.
Semwal, Jagdish Prasad. Acharya in Vyākaraṇa,
M.A., Ph.D. b. 01.01.1944. Chamoli, U.P. Asct.
Prof., Visvabandu Bharat Bharti Shodh
Sanshtan, Hosiyaarpur. Bks. 11. Vasantavilāsa,
Jayapattanaśrī,
Śailaputrī
Śatakam,
Vedāntakārikā. Add. E-7 Univ. Quarter, Gautam
Nagar, Jharna Road, Hosiyaarpur – 01.
Semwal, Shrikrishna. M.A., Acharya in
Vyākaraṇa, Sāhitya Ratna, Shiksha Shastri,
Kavi Ratna, Vidyavachaspati. b. 05.01.1944.
Chamoli, U.P. Director, Delhi Skt. Academy.
Gp. Shri Nathiram. Bks. 10. Piyūṣam,
Bhīmaśatakam,
Sarvamaṅgalāśatakam,
Vāgvaibhavam, Mahāprayāṇam. Add. B-88
Shalimar Garden Phase II, Saibabad, U.P.
Spl.Ref. Awarded Kaviratna Upadhi. Skt.
Scholar, Poet, as an officer and member. He
contributed his service Rashtriya Sanskrit
Sansthan, Delhi Shiksha Nideshayalaya etc.
Editor of Skt. Manjari, President Awardee.
Sen, Ganesh Nath. b.1877. Varanasi. Bks. 05.
Sidhāntanidānaṃ, Pratyakṣaśārīraṃ, Śarīravicched, Saṃgyāpañcakavimarśa, Śārīraviniśacayaḥ. Expired in 1945.
Sen, Yogindra Nath. b.1871. Gp. Kaviraj

Gangadhar Raj. Bks. 01. Carakopaskāra
Vyākyā. Expired in 1918. Spl.Ref. Ayurveda.
Senai, Ranjala Vaikuntha. Ayurvedacharya,
Ayurvedashiromani, Sucivedhavisharada,
Rashtrabhashavisharada, Hindipracharaka.
b.15.05.1919. Add. Mahalakshmi Bhaishajashram, Karkala–574104 (KT.). Spl.Ref.
āyurveda.
Senapati, Sukanta Kumar. Acharya in
AdvaitaVedānta & SarvaDarśana, M.A., Ph.D..
b. 20.07.1965. Asct. Prof..Gp. M.M.
N.S.R.Tatacharya, Vempati Kutunba Shastri,
M.L.Narasimha Murty, K.E.Govindan. Sp.
K.Hariprasad, B.S.Mallikarjuna. Nandighosh
Mahapatra, Dayananda Panigrahi. Bks. 07.
Advaitasiddhiprakaśaḥ,
Śāṅkarabhāṣye
Lokanyāyāḥ, Darśanāmśavaḥ, SāṅkhyakārikāSacitravyākhyā, Dārśanikanibandhāḥ, Ps. 10.
Add. Rashtriya Sanskrit Sansthan, Shri
Sadashiva Campus, Puri, Orissa – 7520001.
Ph. (0674) 3254980, 09937427094. e.mailsukantsnpt@gmail.com
Sengupta, Lalita. M.A., Ph.D.. b. 19.10.1954,
Kolkata, (W.B.). Prof., Bks. 04. Ps.12. Add.
Manali Apartment, 3rd Floor, 3 A Vivekananda
Road, Kolkata- 700075(W.B.). Ph. 24144852,
9903552238.
Sensharma, Debabrata. M.A., Ph.D. b.
19.04.1929, Burdwan, WB. Prof. of Indology
Ramkrishna Mission Institute of Culture,
Kolkatta. Bks. 09. Ps. 40. Spl.Ref. Indology,
Kashmir Shaiv Darśana, Germany, France,
Polland, Rumania, USSR, UK etc., President
Awardee.
Sethi, Prakash. M.A., B.Ed. b.03.10.1952.
Teacher, Govt. Boys Senior Secondary School
No.1, Roop Nagar, New Delhi. Ps. 02. Add.
17 A, Kamla Nagar, New Delhi -110007.
Spl.Ref. Sāhitya.
Sethi, Priya. M.A. b.10.10.1956. Teacher, Govt.
Boys Senior Secondary School No. 2, Roop
Nagar, New Delhi. Ps. 02. Add. 24-A, Kamla
Nagar, Delhi–110007. Spl.Ref. Sāhitya.
Seturaman, V. L. B.Sc., M.A., Ph.D.

