
Jha, Baccha (Dharmadutta). b. 1860. Nivani,
Madhubani, Mithila, Bihar. Bks. 02.
Gū©hārthatattvālokaḥ (A commentery on
Siddhānta lakṣaṇa of Jagadīśa) Sulocanāmādhavacampū. Expired in 1918. An eminent
& unbeaten scholar of Nyāya.
Jha, Badari Nath. b. 12.01.1893. Bks. 05.
Rādhāpariṇaya, Pramodalaḥarī, Rajasthāna
crasthānam, Anyokti Sāhasrī, Jalāśayaśatakam.
Expired in 1973.
Jha, Baidya Nath. Acharya in Navya Vyākaraṇa
& Nyāya. b. 20.01.1954. Bihar. Prof. in Nyāya,
R.Sk.S. Jammu. Bks. 07. Commentaries on
Karṇabhāram, Urubhaṅgam, Pratijñāyaugandharāyaṇam, Meghadūtam, Vyutpattivādaḥ. Ps. 05. Add. R.Sk.S. Jammu Campus,
Jammu. Spl.Ref. Great Naiyayika at present.
Jha, Baladeva. Acharya in Sāhitya, M.A. b.
28.04.1932. Vill. Birasayar, Madhubani, Bihar.
Teacher. Add. Govt. Skt. Mahavidyalaya,
Laladhari, Bhopal (M.P). Spl.Ref. Sāhitya.
Jha, Baleswar. Vedashastri, Acharya in Sāhitya.
b.10. 10.1925, Morava, Chandauli. Dharbhanga, Bihar. Vedacharya. Gp. Nagesvara
Jha, Jagadisha Thakura, Suresha Dwivedi.
Add. Morwari Hatel, Morwa, Dist. Samastipur,
Bihar. Spl.Ref. Veda, Sāhitya.
Jha, Batohi. Acharya in Sāhitya, Shiksha Shastri,
Ph.D. b. 26.03.1951. Darbhanga, Bihar. Prof.
in Sāhitya, Rashtriya Sanskrit Sansthan
Lucknow Campus. Bks. 05. Pañcamī Sāhitya
Vidyā, Bhāgavatsahasranāma, Saptaśatīsahasram, Gītānantarasam I-II. Ps. 10. Add.
R.Sk.S. Lucknow Campus, Vishal Khand –
4, Gomati Nagar, Lucknow. Ph. 0522-393748.
Jha, Bhairav. Acharya in Vyākaraṇa. b.
10.05.1948. Teacher. Add. Sri Motinatha Skt.
Maha-vidyalaya. Ramesh Nagar. Delhi–
110015. Spl.Ref. Vyākaraṇa.
Jha, Bhavendra. Acharya in Vyākaraṇa, Ph.D..
b. 03.01.1949, Lakhnor, Madhubani, Bihar.
Prof., L.B.S. Rashtriya Skt. Vidyapeeth. Bks.
01. Āśādharabha--aviracitasya Kovidānandasya
Siddhāntalaghu-mañjūṣāyāḥ samīkṣātmakam-

103

adhyayanam. Add. H. No. 98, Skt. Nagar, Plot
No. 3, Sector-14, Rohini, Delhi – 110085.
Spl.Ref. Vyākaraṇa.
Jha, Bhola. Acharya in Vyākaraṇa. b.
07.08.1955, Purasolia, Madhubani, Bihar.
Principal. Gp. Vedanandaji Jha. Bks. 02. Ps.
10. Add. Sri Bhagvandass Skt. Mahavidyalaya,
Gurukul Kangri, Haridwar, Uttarakhand.
Spl.Ref. Vyākaraṇa.
Jha, Bhuvaneswar. M.A. b. 20.01.1946, Amethi,
Mithila, Bihar. Principal. Gp. Kamalakanta
Jha. Add. Jagadamba Skt. College, Batho,
Darbhanga, Bihar. Spl.Ref. Jyotiṣa, Sāhitya.
Jha, Brjakanta. Acharya in Vyākaraṇa. b. 12.10.
1939. Skt. Teacher, Govt. Boys Sr. Secondary
School, Model Town, Add. C-7/148 A,
Lawrence Road, New Delhi. Spl.Ref. Vyākaraṇa.
Jha, Bucchi (Purusohttama). Acharya in
Vyākaraṇa, āyurveda, Karmakāṇ©a. b.
01.02.1928, Rudrapur, Madhubani, Bihar. Rtd.
Principal. Gp. Muralidhara Jha, Krishnesvara
Jha. Add. Prakash Bhawan, Ramana,
Muzaffarpur, Bihar. Spl.Ref. Vyākaraṇa,
āyurveda, Karmakāṇ©a.
Jha, Chandra Bhushan. M.A., M.Phil., Ph.D.
b. 08.07.1969. Darbhanga, Bihar. Bks. 04.
Dillīsthāḥ Viṃśaśatābdīyāḥ Racanākārāḥ. Ps.
25. Add. Dept. of Skt., St. Stephed’s College,
Univ. of Delhi, Delhi – 110007. Ph. (011)
7932895. Spl.Ref. Poet & Scholar. Maharshi
Badarayana Samman, Govt. of India.
Jha, Damodar. Acharya in Sāhitya,
Jyotiṣa(Phalita & Gaṇita), M.A., Vidyavaridhi.
Asst. Prof. b. 11.11.1940, Kovarimadan, Bihar.
Gp. Ramchandra Jha, Shivashankar Jha, Babu
Mishra. Add. Sadhu Ashram, Hoshiarpur –
146021 (Punjab). Spl.Ref. Sāhitya.
Jha, Damodar. Acharya. M.A., Ph.D. b.
02.01.1945. Koari Madan. Sutamashi, Bihar.
Bks.11. Ps. 72. Add. Street No. – 7. Gautam
Nagar. Hoshiarpur (P.B.). Pin. – 146001. Ph.
(01882) 226600.
Jha, Danidatta Jagannatha. Acharya in
Vyākaraṇa. Kāvyatīrtha. b. 15.06.1933,

