
Ph.D., Tradition in DharamŚāstra, Siddhanta
Jyotiṣa and Advaita Vedāntaa. b. 06.02.1969.
Tanjoor. Asct. Prof. IIT, Mumbai. Bks. 06.
Add. Cell for Indian Science and Technology
in Sanskrit, Deptt of HSS, IIT Bombay, Powai,
Mumbai – 76. MH. Spl.Ref. He has done a
lot of work for popularization of Sanskrit
among the students of Science and Engineering
by way of offering courses on Indian Sciences
based on Sanskrit Texts, Maharshi Badrayan
Samman by President of India.
Ramasuryanarayana, Kompella. M.A. (Telugu
and Sanskrit), Ph.D. b. 15.10.1947. East
Godawari AP. Prof. Rashtriya Sanskrit
Vidyapeetha, Tirupathi. Bks. 10. Ps. 40. Add.
204, Boon’s Residency, Kanaka Bhushanam
Layout, Tirupati AP. Spl.Ref. AlaṅkāraŚāstra,
NyāyaŚāstra, Broadcasted and Telecasted
several Talks from A.I.R. and D.D. President
Awardee.
Rambhatt, M. S. Traditional Degrees.
b.28.11.1918, Sringeri, Chikmagalur, KT.
Teacher. Gp. M. Sobhabhatt. Add. Mallikarjun
Swamy Mandir Street, Sringeri-577139 (KT).
Spl.Ref. Veda.
Ramchandra, S. Vidvan, Rastrbhasha-visharad.
b.20.03.1919, Tiruchirapalli, TN. Sanskrit
Teacher. Add. 94, Nangavaram Store,
Teppakulum, Tiruchi–620002 (T.N.). Spl.Ref.
Sāhitya.
Ramchandracharya, D. B.O.L., M.A., Vidvan.
Age. 42 years in 1987. NyāyaVedānta Vidvān.
Add. Purnaprajna-vidyapitham, Bangalore
(KT). Spl.Ref. Nyāya, Vedānta.
Ramdevputra, Madhavdas Amardas. Ph.D.
b.08.11.1950. Prof., Shri Prataprai Arts &
Science Varsad Road, Amreli. Ps. 02. Add.
Jai Raghuveer Khatarwadi, Near Peenakin
oil Mill Amreli. Spl.Ref. Alaṅkāra Śāstra.
Ramesh Kumar Shastri, M.A. (Skt. Hindi),
Sāhitya Ratan b. 07.03.1944. Bhagal Haryana.
Lect., Kaithal Skt. Mahavidyalaya. Add. 470/
03 Subhash Nagar Kaithal - 136027.
Ramesh, Chandra. M.A., Ph.D. b.12.01.1957,

229

Patiala. Asst. Prof. Ps. 02. Add. 3336, Court
Road, Bhatinda (Punjab). Spl.Ref. Sāhitya.
Ramesh, Y. S. Acharya in Sāhitya, M.Ed. b.22.10.
1960, Tirupathi, A.P. Acst. Prof., R.Sk.S., Jaipur
Campus. Gp. Dr. Shankar Bhatta,
Haimavatisha, Aralikatti. Bks. 02. Ps. 10. Add.
B-89, Ganesh Marg, Bapu Nagar, Jaipur (RJ).
Spl.Ref. Sāhitya.
Rameshwar, Prasad. Acharya. b.15.10.1939,
Rankhandi Saharanpur, U.P. Principal. Gp.
Mahadev Sharma, Haridutt Sharma. Ps. 02.
Add. Shri Devikund Sanskrit Mahavidhyalaya,
Saharanpur. U.P. Spl.Ref. Sāhitya.
Rami, Mamta B. Ph.D. b.09.07.1969. Prof.,
Smt. P. R. Patel Arts College, Palasar, Mehsana.
Ps. 02. Add. Sardar Market Bazaar, Chanasma,
Patan (GJ). Spl.Ref. Alaṅkāra Śāstra.
Ramkrishnacharya, P.K. Jyotiṣaśiromaṇi.
b.03.06.1913, Palimaru, Udupi, KT. Rtd. Asst.
Prof. Gp. Adde Subrahmanyacharya, K.
Narasimho-pdhyay. Add. Vaishnava Nilaya,
Kunjibettu, Udupi–576101 (KT). Spl.Ref.
Jyotiṣa & Veda.
Ramkrishnatantri, K. M.A. b.07.04.1907,
Kalantur, KT. Vedant Teacher (Rtd.). Gp.
Padmanabhachari, Ramkrishnachari. Add.
H.No. 5-2/20, Mission Hospital Road, Belur,
Udupi (KT). Spl.Ref. Veda & Vedānta.
Ramlingaya, Venkataraman. b.12.07.1937,
Chinnababu Samudram, T.N. Vedparayankarta. (Vedic Exponent), Shri Venkateshwar
Swami Devasthanam, Tirumala. Gp. N.S.
Krishnamurti Ganpati. Add. 12-A Hospital
Road, Tirupati. 517501 A.P. Spl.Ref. Ṛgveda.
Rammurti, Vasudev. M.A., Ph.D. b. 16.06.1940,
Pubobal, Una, H.P. Asst. Prof. Gp. Jagdish
Chandra Sharma, Rajendra Kumar, P.D.
Shastri. Ps. 02. Add. Govt. College, Dharmasala,
H.P. Spl.Ref. Sāhitya.
Rampal, Upaddhyay, Vyakranacharya, Vidhyabhaskar, M.A., Siddhantasastri, Paurahityapravara. b.05.06.1964. Ps. 02. Add. Arya Samaj,
Shaktinagar, Delhi. Spl.Ref. Vyākaraṇa &
Sāhitya.

