
Principal, Sanskrit College, Jaipur. Bks. 06.
Daśakumāracaritam,
Cāṇakya-Sūtra,
Pratimānā-akam(All
Ed.),
SaṃskṛtaKathāsudhā, Alaṅkāraśāstra Kā Itīhāsa. Spl.Ref.
Āyurveda.
Shastri, Manjakudi Venkatarama K. Age. 59
years in 1988. Gp. T. Sitaram Ganpathi, V.
Vaidyanath Shastri, Subramany Shastri. Bks.
Saṅkṣepadharmaśāstram.
Add.
75,
Advaitamandiram, Bhaktpuri Agraharam,
Kumbakonam (TN). Spl.Ref. Kṛṣṇa-yajurveda,
Advaitavedānta, Vedabhasya.
Shastri, Manoranjan. b.07.03.1911, Veruya,
Darrang, Assam. Rtd. Prof. of Sāhitya, Govt.
Sanskrit College, Guwahati. Bks. 06.
Buddhacarita of Aśvaghoṣa (ed. with Assamese
tr.), Sāhityadarpaṇa (ed. with Assamese tr),
Asamera Baiṣṇava darśanera rūparekhā
(Assamese), Ketakīkāvyam, Utaṅkabhaikṣam,
Pātakāmraṇyaḥ. Add. Sanskrit College Road,
Nalbari, Kamarup (Assam). Spl.Ref. Vyākaraṇa,
DharmaŚāstra, Vedānta, Mīmāṃsā, Sāhitya.
Awards. National Award for Teachers 1967,
President’s Certificate of Honour-1975.
Shastri, Mool Chandra. Nyāya, Vyākaraṇa,
Sāhitya, Darśana, b.1903. Asst.Prof., Shri
Mahaveerji Adarsh Woman College. Gp. Pt.
Ambadas Shastri. Bks. 03. Vacanadūtam,
Vardhamānacampūkāvyam, Śrī-Lauṃkā-śāhacaritam. Expired in 1986.
Shastri, Mool Raj. Shastri. b. 16.07.1918.
Jammu. Associated with Jammu Branch of
Vishwa Skt. Parishthan. Bks. 04. Ps. 50. Spl.Ref.
He worked as Śāstra Chudamani under RSKS,
President Awardee.
Shastri, Moti Ram. Acharya, Tradition in
Darśana and Sāhitya. b. 10.10.1924. Rtd.
Principal, Sri Durga Siddha Peetha Skt.
Mahavidyalaya. Gp. Pt. Loknath Shastri, Pt.
Vedyanath Chaturvedi. Bks. 01. Payaḥpānam.
Add. Ramanagar, P.O. Lamheta Ghat, Jabalpur
MP. Spl.Ref. Sāhitya, Vyākaraṇa a, Darśana,
Honoured by MP Skt. Academy, MP Skt.
Sāhitya Sammelan, President Awardee.

277

Shastri, Motilal. Vyākaraṇa, Vaidikavigyan.
b.1908. Asst.Prof., Maharaja Sanskrit College,
Jaipur, Rj. Gp. Shri Chandrashekhar
Prashnawa, Chandradutt Ojha, Pt. Giridhar
Sharma Chaturvedi, Madhusudan Ojha. Bks.
06. Gītā Vijñāna Bhāṣya Bhūmikā,
Śrāddhavijñāna Gran-thānūgata, Upniśada
Vijñāna Bhāṣya Bhūmīkā, Śatapatha Brāhmaṇa
- Hindī Vijñāna Bhāṣya. Expired on 20.09.1960.
Spl.Ref. Established Manavashram for
Publishing Books & Study.
Shastri, Mulchandra. Acharya in Sāhitya, M.A.,
LL.B., Ph.D.. b. 02.04.1930. Rtd. Asst. Prof.
Ps. 05. Add. Lalbahadur Shastri Kendriya
Sanskrit Vidyapith, Katwariasarai, New Delhi–
110016. Spl.Ref. Sāhitya.
Shastri, Mullaivasal Krishnamurti Swaminath.
Shiromani. b.28.11.1927, Mullaivasal,
Thanjavur, TN. Gp. K.S. Krishnamurti Shastri.
Ps. 05. Add. 3, East Agrharam, Kodumudi,
Periyar–638151 (TN). Spl.Ref. Vyākaraṇa.
Shastri, Muttukrishna R. Shiromani.
b.15.04.1909, Shachanuru, Thanjavur, TN.
Bks. 01. Anubhūtiprakāśa-vyākhyā-śrutisa‚yojinī. Add. 66-A, North Street.
Thiruvanailoil, Trichy (TN). Spl.Ref. Vedānta.
Shastri, N. S. Anant Krishna. Pūrva Mīmāṃsā
and Uttara Mīmāṃsā. b.1886. Murani
(Palakka). Lecturer, Gita Vidyalaya, Mumbai.
Bks. 11. Vedāntarakṣāmaṇiḥ, Advaitatatvaśuddhiḥ, Śatabhūṣaṇī, Advaitatatvasudhā,
Vedānta-paribhāṣa Prakāśikā. Spl.Ref.
Viśiṣ-ādvaita.
Shastri, Nardev. M.A., Ph.D., Sāhitya Ratna.
b. 02.01.1944. Muzaffarpur, Bihar. Rtd.
Principal and Honourary Chief Editor Sanskrit
Pracharakam Monthly Magazine. Ps. 475. Add.
18/550, Vijay Park, Maujpur, Delhi–53. Spl.Ref.
Vyākaraṇa a, Linguistics, Darśana, Veda, He
was honoured with 6 Academic Awards
including by HH the governor of HP and
President Award by Govt of India.
Shastri, Nityanand. b.1889. Jodhpur, RJ.
Asst.Prof. Mahaveer College, Mumbai. Editor,

