
Road No. 4, JamNagar. Spl.Ref. Alaṅkāra
Śāstra.
Purohit, Janardan Ambalal. Acharya in Jyotiṣa
(Siddhanta) & Sāhitya, śikṣā-śastrī.
b.05.03.1951, Sadhi, GJ. Asstt. Teacher. Gp.
Ksemendar Joshi, Dinanath Jha. Ps. 03. Add.
Shri Vartantu Sanskrit Mahavidyalaya,
Bhagawat Vidyapeetha, Sola, Ahmedabad
(GJ). Spl.Ref. Jyotiṣa & Sāhitya.
Purohit, Kanhaiyalal Jetha Lal. Acharya.
b.03.08.1948, Tentalab, Baroda, GJ. Gp. Pt.
Jagannarayan Pathak, Shriram Vireshvar
Bhatta. Ps. 03. Add. N-09, Tarabagh Colony,
Near Bridge Campus, Baroda (GJ). Spl.Ref.
DharmaŚāstra.
Purohit,
Kedar
Datta.
Acharya
in
Navyavyakarana. b. 05.03.1962. Teacher. Ps.
02. Add. Shri Samant Bhadra Sanskrit
Mahavidyalaya, Darya Gunj, Delhi – 110002.
Spl.Ref. Navya Vyākaraṇa.
Purohit, Laxmi Narayan. Sāhityacharya, Ph.D.,
D.Litt. b.1908, Kankroli, Udaipur (RJ).
Principal, Adarsh Vidya Mandir, Udaipur. Gp.
Pt. Shri Markenday Mishra, Pt. Purushottam
Sharma Chaturvedi, Tripaldas Maharaj. Bks.
10. Śrī Govindagūnārnavaḥ, Bhāvavaibhavam,
Muktakamanīmālā, Gadyatarangīnī, Pañcamṛtkāvyam.
Purohit, Praful M. b.19.06.1972. Dabha, S.K.,
GJ. Teacher. Ps. 02. Add. Baroda Skt.

223

Mahavidyalay, M. S. Univ. Vikram Banglow,
Pratapganj. Vadodara. GJ. Ph. (0265) 795511.
Purohit, Rajanikant Vrindavan Das. Acharya
in Purāṇa, Sāhitya & Nyayshastri. b.07.02.
1955, Kodinar, Amreli, GJ. Vice-Principal.
Gp. Danidatta Jha, Dayashankar Shastri,
Bhaishankar Purohita. Ps. 02. Add. Bhagavat
Vidyapith, Krishnadham (Sola), Ahmedabad
(GJ). Spl.Ref. Purāṇa, Sāhitya & Nyāya.
Purohit, Ramesh Chandra. Kāvyatīrtha, M.A.,
Ph.D. b. 30.04.1934, Ujjain, (M.P.). Ps. 20.
Add. Vikram Kirti Mandir, Vikram University,
Ujjain (M.P.). Spl.Ref. Sāhitya.
Purohit, Vishnu Bhai D. Ph.D. b.01.06.1974.
Prof., Govt. Vinyan College Sector 15, Gandhi
Nagar. Ps. 02. Add. Block No. 347/2, D Type,
Sector 13, GandhiNagar. Spl.Ref. Nā-ya Śāstra.
Pushpavati. Acharya, Ph.D. b. 15.10.1925,
Patiala, Punjab. Principal, Matri Mandir Shiksa
Sansthan, Varanasi. Bks. 03. The Methods
of the Interpretations of the Vedas, Vaidika,
Tāntrika ca sāhitye śabdārtha sambandha.
Add. Matri Mandir Kanya Gurukul, D 45/129,
Nai Basti, Rampura, Varanasi (U.P.). Spl.Ref.
Prachina Vyākaraṇa, Darśana & Veda.
Pushpendra, Kumar. M.A., Ph.D. b. 14.07.1936.
Saharanpur. Prof. & Head. Bks. 35. Add. A
2/146 Sector 5 Rohini New Delhi – 110085.
Spl.Ref. President Awardee.

R
Radha Rani. M.A., B.Ed. Age.40 years. Teacher,
Govt. Higher Secondary School, Malkaganj,
Delhi. Ps. 02. Add. 8636, Marhgarh, Roshnara
Road, Delhi. Spl.Ref. Sāhitya.
Radha S. Acharya (Sāhitya, Purāṇa), M.A., Ph.D.
b.15.06.1948, Guruvayur, Trissur, Kerala. Asst.
Prof. Bks. 01. Vartamānaśatābdyāḥ Uttarārdhkeraleṣu Kāvyaprasāraḥ. Add. R.Sk.S.,
Guruvayur Campus, Purāṇaattukara, Trissur
(Kerala). Spl.Ref. Sāhitya.
Radhakrishnan, C. S. M.A., Ph.D. b.13.05.1954,
Chittur, Palghat. Asst. Prof., of Sanskrit,

Pondichery University. Bks. 02. Sathavairi –
Vaibhava Prabhākara, Kālidāsa New
Perspectives. Add. 59/2, Ramraj I Main Road,
R.A. Puram, Chennai – 600028. csrsanskrit@
gmail.com.
Radhakrishnan, Dr. Sarvepalli. Primary
Education was at Primary board high sehool
at Tiruttani, and graduation and master degree
in Philosophy From the madras christion
college. b.05.09.1888, Thiruttani, Madras
Presidency, British India. (Now Chennai). Vice
President of India (1952-62) Second President

