102



Shivanarayana Jha, Pt. Hari Narayana Jha.
Add. Vill. Bitto, Sarisub Pahi, Dist. Madhubani,
Bihar. Spl.Ref. Vyākaraṇa.
Jha, Adyacharan. Acharaya (Sāhitya
Vyākaraṇa), SāhityaAlaṅkāra. b.01.11.1921.
Mangroni Madhubani Bihar. Prati Kulpati
KSSV, Bihar. Bks. 25. Manoramāśabdaratna
prakāśikā, Saṃskṛta Racanā Saṅgraha,
Bhāratīya-vāṅmayeṣu Rāmakathāvarṇanam,
Hariś-candra Upā-khyānam. Ps 150 Add 61
Jyotipuram, Mourya Path, Beli Road Patna800014. Spl.Ref. Member of Advisory
Committee A.I.R. Patna, Darbhanga Central
Board of Sanskrit Shiksha (1993-2000),
Selection Committee for the President Award
(1993-1996) etc. Radio Boradcast of Poems,
News Critics, Radio Natak, Shastriya Varta
from Patna, Rachi, Bhagalpur, Darbhanga
Radio Station. President Award 1989, Sanskrit
Ratna Samman, Awarded from U.P. Sanskrit
Academy for the Book Manoramā-śabdaratna
prakāśikā, Tulsi Samman, M.P. (Tulsi
Academy) Samman Patra from Prisendent
Gyani Jail Singh (Prayag Hindi Sāhitya
Sammlen) 1991 etc. In Sanskrit Commission
organized by India Govt in the Chairpersonship
of Dr. Sumiti Kumar Chaterjee, he has taken
a part to prepare the plan for Sanskrit Shiksha
in 08-01-1957. Poet, Sanskrit & Hindi Scholar
etc.
Jha, Alikalala. Acharya in Vyākaraṇa. b.
01.01.1916, Fulakahi, Bihar. Prof. Gp, Pt.
Rajesvara Jha, Kalanatha Jha. Add. Vill.
Fulakahi, Post Raiyam, Dist. Darbhanga, Bihar.
Spl.Ref. Vyākaraṇa.
Jha, Amaranatha. M.A. in Skt. Acharya in
Yajurveda. b. 01.06.1961 Arpatti. Saharsa,
Bihar. Gp, Prabhata Kumara Sanyala. Pt.
Sivaprasada Mishra. Lecturer in Veda Dept.,
K.S.D. univ.. Add. Kameshwar Singh
Darbhanga Skt. Univ. Darbhanga, Bihar.
Spl.Ref. Veda.
Jha, Anand. b. 22.09.1914, Singhwara,
Darbhanga, Bihar. Honry. Prof. Dept. of
Philosophy, Kameshvar Singh Skt. Univ. Bks.3.

Rasanirjhariṇī, Sītā Svayamvaraṃ, Padārtha
Śāstra. Add. Mithila Sanksrit Research Institute,
Kabaraght, Dist. Darbhanga, Bihar. Spl.Ref.
Sāhitya, Darśanaa.
Jha, Anand. Acharya in Vyākaraṇa, Vedānta
Vāgīśa. Rtd. Prof., Prachaya Skt. Deptt.,
Lucknow Univ. Bks. 01. Ānandamadhumandākinī. Spl.Ref. Title of SakalDarsanaKanan-Sanchar-Panchanan,
President
Awardee.
Jha, Ananda. M.A., Acharya in Nyāya. b.
03.03.1953, Navani, Madhubani, Bihar.
Lecturer. Darśana Dept. Gp. Pt. Yadupati
Mishra, Pt. Umesa Misra, Dr. Ramasevaka
Jha. Add. Kameshwar Singh Darbhanga Skt.
Univ., Dist. Darbhanga, Bihar. Spl.Ref. Navya
Nyāya.
Jha, Anil kumar. M.A., Ph.D., D.Lit. b.
26.01.1964. Darbhanga, Bihar. Bks. 04.
Pratibhā Nā-aka kī Nā-yaśāstrīya Samīkṣā,
Saṃskṛtodgāraḥ. Add. Chunabhatty, Near 8
No., Naka, Laxmisagar, Dist. Darbhanga, Bihar.
Ph. 23586, 23586.
Jha, Arjun. Acharya in Vyākaraṇa, Tīrtha in
Sāhitya, Nyāya. b. 15.11.1913, Chainpur,
Saharsa, Bihar. Gp. Pt. Sadananda Jha. Add.
Chainpur, Via Baragaon, Dist. Saharsa, Bihar.
Spl.Ref. Vyākaraṇa, Sāhitya, Nyāya.
Jha, Aruneshwar. Acharya in Sāhitya, M.A.,
M.Phil. b 01-02-1964 Rampur, Bihar. Director
& Principal J.K. P.G. Skt. Vidyapeetham,
Kaithal. Gp Prof. Kashi Nath Mishra, Prof.
Udaykant Jha, Dr. Ravishankar Nager, Prof.
Brijmohan Chaturvedi, Prof. Bachaspati
Upadhyay Sp Criosto for Cremmer (ABC
Baeuro Chief), Dr. Ajay Kumar Mishra, Dr.
Omnath Bimli, Dr. Ajay Kumar Jha, Dr.
Pharmod Bhartiya. Add. 627/19/1 Huda,
Kaithal–136027, Harayana. Spl.Ref. Foreign
isit Nepal, Bhutan.
Jha, Avadhakanta. M.A., Vedānta Tīrtha. b.
14.09.1955. Vaghant, Darbhanga, Bihar. Veda
Teacher, Govt. Skt. College, Patna. Gp. Pt.
Suryanarayana Jha, Dr. Upendra Jha. Add.
Vill. Vaghant, Via Manigachi, Dist. Darbhanga,
Bihar. Spl.Ref. Veda.

