
Yadav, Ram Sumer. M.A., Ph.D. b. 13.12.1958,
Barohan Chhiwlah, Fatehpur (U.P.). Asst. Prof.
in Sanskrit Deptt. Govt. P.G. College
Uttarakashi. Bks. 01. Indira Saurabham (2001).
Ps. 10. Add. Govt. P.G. College Uttarakashi.
Uttaranchal. Ph. (01374) 23794.
Yadav, Ram Sumer. Acharya in Sahitya, M.A.,
LT, Ph.D. b. 13.12.1958. Fatehpur. Asct. Prof.,
Skt. Deptt., Lucknow Univ. Gp. Dr. Rajkishore
Pandey. Sp. Pt. Ramkrishan Shastri. Bks. 04.
Indirāsaurabham, Śūrpaṇakhā, Kabīravacanāmṛtam Ps. 70. Add. 502/133
Mankameswar Nagar, Daliganj, Lucknow. M.
09411185985. 07376081321. Spl. Ref. Skt.
Sahitya Puraskar U.P. Skt. Sansthan 2005.
Sahitya Mahopadhyaya 2008.
Yadav, Ramachal. M.A. b. 21.07.1983.
Siddharth Nagar. Research Scholar Gp. Dr.
Bhagwat Sharan Shukla. Ps. 04. Add. Vill &
P.O. Kherabazar Siddharth Nagar 272205 U.P.
M. 09918712743 ramachalbhu@rediffmail.
com
Yadav, Ramlal. M.A., M.Ed., L.L.B. b.
08.07.1940, Makdawa Alwar, RJ. Asct Prof.
Gp. B.V.Rao, R.C. Gouda. Add. Deptt. Of
Shikshasastra, Shri Lal Bahadur Shastri
Kendriya Sanskrit Vidyapith, Katwaria Sarai,
New Delhi. Spl.Ref. Gaṇita, Śikṣāśāstra.
Yadav, Rampyare, M.A. b. 15.7.1948, Dhinaya
Mau, Jaunpur, (U.P.) Asst. Prof. Gp. Vagisa
Shastri, Batuknath Shastri. Add. Sri Yadavesh
Intermediate College, Noupedawa, Jaunpur
(U.P.) Spl.Ref. Sāhityaśāstra.
Yadav, Seema. M.A, D.Phil. b. 02.04.1981,
Singhpur, Varanasi (U.P.). Astt. Prof., M.
Gandhi Kashi Vidyapeeth, Varanasi. Gp. Prof.
Hardutt Sharma, Prof. Shankar Dayal Dwivedi,
Prof. Nasreen, Prof. R.L. Verma, Prof. Mridula
Tripathi. Ps. 03. Add. M. Gandhi Kashi
Vidyapeeth, Varanasi (U.P.).
Yadav, Trivikram. b. 1881. Porbandar (GJ).
Gp. Vaidya Trivikram (Āyurveda). Pt. Gauri
Shankar Shastri, Hakim Ram Narayan (Yunani
Treatment). Bks. 05. Madhukośa Vyākhayā,

355

Āyurvedīya Vyādhivijñānaṃ, Rasāmṛtaṃ,
Siddhayogasaṃgrahḥ, Dravyaguṇvijñanaṃ.
Expired in 1956. Spl.Ref. Specialist in Āyurveda.
Yadunandan. Acharya in Vyākaraṇa, Sāhitya.
b. 01.06.1917, Sangi, Madhubani, (Bihar).
Principal.
Gp.
Triloknatha
Mishra,
Harinarayana Jha, Balakrishna. Ps. 01. Add.
Sangi, Via Ghogaradiha, Madhubani (Bihar).
Spl.Ref. Vyākaraṇa, Sāhitya.
Yaji, Kota Vasudev. Vidvān (Dharmaśāstra,
Mīmāṃsā, Navyanyāya, Jyotiṣālaṅkāra). b.
11.03.1928, Saligram, Udupi, KT. Bks. 01.
Kṣayamāsamīmā‚sādayaḥ. Add. Manisha,
1469/1, 7 Cross, Krishnamurtipuram, Mysore
(KT). Spl.Ref. Ṛgveda, Dharmaśāstra,
Mīmāṃsā, Nyāya, Jyotiṣa.
Yaksha, Pandit Dina Nath. b. 15.06.1921.
Srinagar J&K. Rtd. Research Asct., Centre
for Central Asian Studies, Kashmir Univ. &
Shastra Chudamani. Spl.Ref. Kāśmīra Śaiva
Darśana, Manuscriptologist. He has been
activily engaged in the development of study
of Skt. Language in Kashmir, President
Awardee.
Yashpal, Sudhanshu. M.A., Vidyavachaspati,
Vidyabhaskara. Age. 32 yrs. Editor,
Āryasandeśa (Weekly), Add. Arya Samaj,
Diwan Hall, Chandni Chowk, Delhi – 110006.
Spl. Ref. Sāhitya.
Yatri, Jay Narayan Shastri, Prabhakar,
Sahityachayra. b. 1930. Jind, Haryana. Bks.
03.
Sumanobhilāṣam,
Sāvitristotram,
Kaṃsavadham (Mahākāvya).Add. 3G School
cum Canal Area, Nelokheri – 17, Karnal,
Haryana. Spl. Ref. Poet, Writer in Hindi and
English.
Yogi, Kamal Chandra. Acharya in Nyāya,
Vyākaraṇā,M.A. ling., Ph.D. b. 10.07.1958,
Sawai Madhopur, RJ. Asct. Prof. R.Sk.S., Rajiv
Gandhi Campus, Srigeri. Gp. Khadganatha
Mishra, Vriddhichandra Shastri. Bks. 02. Loka
śokānuhāriṇī. Add. 23. Kailashpuri, Jagatpura.
Jaipur – 302017. Ph. (0141) 759598. Spl.Ref.
Vyākaraṇa.

