32



b. 16.01.1960. Prof. Jain Vishwa Bharti Univ.
Ladnu. Bks. 04. Ps. 35. Add. A-1 Profs. Quarters,
Jain Vishwa Bharti Univ., Ladnu - 341306.
Rajasthan.
Ph.
01581-222594,
M.
09460124537 jagatrb@gmail.com
Bhattacharyya, Tapan Sankar. KāvyaVyākaraṇa - Tarka Tīrtha, Acharya in
Navya-Vyākaraṇa M.A., Ph.D. b.17.01.1959,
Midnapur. Asso. Prof. Deptt. of Skt., Jadavpur
Univ. Gp. Pt. Avadh Bihari Tripathi, Pt.
Ashutosha Nyāyacharya, Pt. Mirnal Kanti
Bandyopadhyay, Sp. Dr. Chandan Bhattacharya, Sh. Vishwaranjan Panda. Bks. 07
Vaidika Vyākaraṇa, Laghu Siddhānta
Kaumaudī,
Lakārārthaviṣaye
Śābdika
Naiyāyikamatasamīkṣā, Siddhānta Kaumudī:
Strīpratyaya Prakaraṇa Ps. 05. Add. P-27A
PM Sarani Calcutta - 700078, Ph. 03324162274, 24146115, M. 09432113352.
tapansankarbhattacharyya@yahoo.co.in Spl.
Ref. Vyākaraṇa. Guest Lect. in Deptt. of Skt.
Univ. of Burdwan & Visiting fellow Deptt.
of Philosophy Univ. of Burdwan
Bhattarai, Dilliraj. Acharya in Sāhitya Vedānta.
b. 10.04.1940, Dharapani, Chishanku, Nepal.
Asst. Prof. Gp. Pt. Keshavaprasad Vastola,
Pt. Shesharaj Sharma. Add. Nepali Skt.
Mahavidyalaya, Mangala Gauri, Varanasi
(U.P). Spl. Ref. Sāhitya.
Bhattarai, Giridhari. Acharya in Nyāya, Ph.D..
b. 15.04.1928, Tanahu, Badhipur, Nepal. Asst.
Prof.. Gp. Ramaprasada Tripathi, ParthaPrasada Bhattarai, Badarinath Shukla. Add.
K-18/72, Brahmghat, Varanasi (U.P). Spl. Ref.
Nyāya.
Bhattarai, Narayan Prasad. Shikshashastri,
Vidyavaridhi. b. 25.09.1976. Asstt. Prof., Veda
Deptt., PSKSD College, Rishikesh. Bks. 01
Śuklayajuḥ-Prātiśākhyavṛtttiḥ. Ps. 09. Add.
Punjab Sind Kshetra Sadumaha Vidyalaya,
P.O. Rishikesh 249201. Ph. 0135-2432766
M. 9720153344, narayanrksh@gmil.com ,
np_shastri@yahoo.co.in
Bhattarai, Padma Prasad. Vedānta, DharmŚāstra, Nyāya-Śāstra. b. 1896. Vill. Shalusamali,

Dist. Ramechhap (Nepal). Principal. Sanyasi
Pathashala, Kashi. Gp. Pt. Deenanath Bhattarai,
M.M. Laxman Shastri Dravid. Pt. Nityanand
Parvteeya, M.M. Vriddh Vamacharan. Sp.
Shankaranand, Sarasvati (Kashi Sumerupeethadheshwar),
Chetanand
Swami,
Shivchaitnya Bharti, Yogindranand Swami,
Kedarnath Ojha, Bks. 04. Vātsyāyanabhāṣyaṃ,
Vīramitrodaya, Nyāyakusumāñajalīḥ. Exp.
1973. Spl. Ref. ‘Nyāyaratna’ upadhi awarded
by pandit mandali of Kashi. “Padma Smriti
Grantha” Published (1984) from Varanasi.
Bhattaraj, Periyatiruvadi A. V. Āgamapañcarātra. b. September, 1926. Alavartirunagari, Tirunelveli, T.N. Principal. Gp.
Tiruvenkata-bhattara. Add. Agam-pathashala,
65-A, Sannadhi Street, Kanchipuram (T.N.).
Spl. Ref. Āgama.
Bhatti, Dev Datt. Shastri, Hons. in Skt. M.A.,
b. 03.06.1939, Patiala, Director Vedic Research
House, Agarnagar Maler Kotla. Bks. 16 Vaidika
Bhaiṣajya, Cikitsā ke Ādi Srota : Veda, Śampā
(Navavidhā me Skt. Kavitā) Ps. 300 Add. Vedic
Research House, Agarnagar Maler Kotla
148023, Punjab. Ph. 01675-252701, M.
09592215222. Spl. Ref. Cert. of Presidential
Honour 2003, ABI USA, IBC Cambridge UK,
Foreign Visit- Hooland, USA, UK, Nepal,
Pioneer of experimentalist Style in Skt. Poetry
in 1969.
Bhattpad, Mangalattu Parameshvaran.
Katannirikal. b. 03.07.1922, Guruvayur,
Brahmakulam, Kerala. Gp. P.C. Vasudevan,
Erkat Brahmadattan Namputiripad. Add.
Mangalattumana, Brahmakulam, Trissur
(Kerala). Spl. Ref. Ṛgvedasaṃhitā (Sapadakram). Veda Teacher.
Bhavadeva, Bhagawati. Purāṇa, Tīrtha
(Vyākaraṇa, Vedānta), Vedāntavāgīśa. b.
27.01.1902, Kaithalkuchi, Nalbari, Assam.
Bks. 04. Satī Jayamatī, Ślokamālā, Nūtanāṅganā-akam, Līlā (Assamese). Add. Kaithalkuchi,
Nalbari (Assam). Spl. Ref. Sāhitya, Vyākaraṇa,
Vedānta.

