
Shri Anirvan. B.A., from Dhaka, and M.A. from
Culcutta.
b.08.06.1896
Mymensigh,
Bangladesh. Bks. 05. Veda Mīmāṃsa, My Life
with a Brahmin Family, Hindū Philosophy,
Vedānta Jijnvāsā, Yogasamanvay Prasanga.
Expired on 31.05.1978. Spl.Ref. Scholar, Writer,
Bengali, Marxism, nuclear and gardening,
Famous as a Saint.
Shri Bakul Bhushan Jaggu. b.1902. Mysore.
Asst.Prof., Bks. 15. Śṛṅgāralīlāmṛtam, Adbhutāṃśukaḥ, Pratijñākautilya. Pratijñāśantanava,
Prasannakaśyapa.
Shri Jeev Nyāya Tirtha. Bengal, Gp.. Panchanan
Tarkaratna (Father). Bks. 35. Pāṇdava Vikrama
(Mahākāvya), Sārasvat Śatakam (Citrakāvyam), Ṛtucakra Cakramaṇam (Gītikāvya),
Mahākavi Kālīdāsam, Vivekānandcaritam
(Plays). Spl.Ref. Great poet of MahaKāvya,
KhandaKāvya & NitiKāvya.
Shridevi, E.P. M.A., Ph.D. b. 01.08.1957.
Perumannoor. Asst.Prof., R.Sk.S., Sringeri.
Bks. 07. Mahiṣamaṅgalā-Bhāṇaḥ , Ku-īya--a
Nā-yakalā. Add. E-2, Humangad Pushpakam,
Perumannoor, Chalissery, Palghat, Kerala679536.
Shridhar, Mutukulam. Sāhitya Visharad, M.A.
b. 23.01.1926. Alipi, Kerala, Reseach Officer,
Sri Sankaracharya Skt. V.V. Bks. 09.
Navabhāratam, Dharmasthalīyam, Nāyakābharaṇam, Aśrupūjā. Add. Sri Mandiram
Utthel Kottakkakam, Chennithala Alipi, Kerala.
Spl. Ref. Title of Pandit Ratanam, Kaviraj,
Mahakavi, Bhasha, Panini.
Shrinivasa Rao, Yallam Raju. M.A.,
b.15.06.1927, Markapur, Prakasham, A.P. Rtd.
Principal. Ps. 03. Add. 4/264, Gandhi Road,
Prodduturu–516360 (A.P.). Spl.Ref. Sāhitya.
Shrinivasan, Raj Gopalan. Mīmāṃsā-shiromani,
Sāhitya-shiromani. b.13.08.1931, Mannaragudi, Thanjavur, TN. Asst. Prof. Add. Shri
Malayalswami Sanskrit Kalashala, 4/329,
Ashram Vithi, Proddutur–516361(A.P.) Spl.Ref.
Veda, Mīmāṃsā & Sāhitya.
Shrinivasan, Rammurty Shastry. b. 08.04.1966,

289

Kumbakonam, T.N. Veda-parayanakartta
(Vedic exponent) Gp. Vijay Raghav
Ghanpatigal. Add. Shri Venkateswar Swami
Devasthanam, Tirumala-517504 A.P. Spl.Ref.
Śuklayajurveda.
Shriramamurty, Pochamcharla. M.A., Ph.D.
b. 01.05.1934. Tammavaram (A.P.). Bks. 06.
Ps. 60. Add. 4-112, Vidyut Nagar, Dayalbagh,
Agra-282005, U.P.
Shrivaishnav, Harisharanacharya. Acharya
in Sāhitya. b.12.08.1937, Ayodhya, Faizabad,
U.P. Asst. Prof. Gp. Avdheshsharan Acharya,
Rudraprasad Avasthi. Ps. 05. Add. Shri
Mohandas Gurukul Sanskrit College, Gopal
Ghat, Sitapur U.P. Spl.Ref. Sāhitya.
Shrivaisnav, Rambhadra Das. Acharya (Navya
Vyākaraṇa, Vedānta) b.08.06.1941, Rupaidiha,
U.P. HOD Nyāya. Ps. 05. Add. Sri Sanatan
Dharmik Adhyatma Sanskrit Mahavidyalaya,
Arail, Allahabad U.P. Spl.Ref. Navya Nyāya,
Vyākaraṇa, Vedānta.
Shriwastav, Bhavana. M.A., M.Phil., Ph.D.,
D.Litt. b.15.08.1960. Bhopal, M.P. HoD., Govt.
MLB Girls College, Bhopal M.P. Bks. 17. Bastara
kī Halbī Bhāṣā meṃ Prayukta Saṃskṛta
Śabdoṃ kā Jātīya Artha Vijñāna,
Arthagauravam meṃ Bhāṣā Vijñāna, Kālidāsa
ke Rūpakoṃ meṃ Āṅgika Abhinaya ke
Svarūpa, Śreyasī. Ps. 15. Add. Satya Pushp,
55- Amaltas Phase – II, Chuna Bhatti, Kolar
Road, Bhopal, M.P. Spl.Ref. State Level ‘NSS’
Award in 2001. ‘Svayamsiddha’ Award in 2008.
‘Best Teacher’ Award in 2008.
Shriwastav, Kaushal Kumar. M.A., D.Phil..
b. 22.02.1957, Faizabad, (U.P.). Asct. Prof.
Ps. 04. Add. 23/47/24, Labour Chouraha,
Kidwai Nagar, Allapur, Allahabad (U.P.).
Spl.Ref. Darśana.
Shriwastav, Suresh Chandra. Shastri, M.A.,
D.Phil. b.02.11.1932, Allahabad, U.P.
Asst.Prof., Allahabad University. Bks. Ācārya
Vijñānabhikṣu aur Bhāratīya Darśana meṃ
Unakā Sthāna, Yogasūtrakāvyasiddhiḥ. Add.
37/2, Baghambari Road, Daraganj, Allahabad
U.P. Spl.Ref. Sāhitya, Vyākaraṇa & Darśana.

