28



Citravidhānam. Ps. 02. Add. P.O. Vill. Maizgram
Distt. Karimganj, Assam 788712. M.
03843275404, 09435376205.
Bhattacharya, Abhedananda. Acharya in
Vedānta, M.A. Darśana, Ph.D., D.Litt.. b.
10.04.1937. Kamakhya Nagar, Kamrup Dist.
Assam, Principal. GP. Pt. Raghunatha Sastri.
Pt. Kamala Kanta, Pt. Trilokadhara Dvivedi,
Dr. Visvanatha Bhattacarya. Bks. Ṣāṅkara
Vedānta Me Mithyātvanirūpaṇa, Nyāyapramāṇaparikramā, Vedāntasūtra, Pratipādyavimarśa. Add. Principal, Bhagwan Das
Skt. Mahavidyalaya, Gurukul Kangri, Haridwar
(U.P.) Spl. Ref. Vedānta, Darśana.
Bhattacharya, Adityanath. M.A., Ph.D. b.
01.08.1947, Nadia. Prof., Burdwan Univ. Bks.
14, An Analytical Exposition On Kenopaniṣad,
Mūlamādhyamikamataprakāśaḥ, Brahmavicāryatvasamīkṣā. Ps.55. Add. Univ. Teacher
quarter, U5A/5 Tarabag,Rajbati, Burdwan713104, W.B. Ph. 0342-2657962, M.
09434671863. Spl. Ref.Sāṅkhya, Mīmāṃsā,
Bauddha & Vedānta System of Indian
Philosophy, Upanisadik Literature & Grammer
of Pāṇini. Man of the year 2004 (ABI,USA),
Honorary Member of ABI’s Research Board
of Advisors 2004 USA, Life time Achievement
Award Vidyalankar 2008, Involved as a
member & Genl. Sect. Chairperson in various
committees.
Bhattacharya, Ahibhushan. Skt & Eng. Spl.
Ref. Translated in to English kūrma, Vāmana
& Vārāha Purāṇa, Published by Kashirajanyas.
Recipient of English Vidvān award.
Bhattacharya, Amaraprasada. Tirtha (Vedānta,
Kāvya). Vedāntaśāstrī. M.A. Ph.D. b. 1925.
Sr. Lecturer & Head, Deptt. of Skt., Dinabandhu
Andrews College. Calcutta. Bks. ŚrinimbārkaDvaitā-dvaitadarśana (Bengali), Samīkṣāpañcaka (Bengali), Upaniṣatpradīpam,
Stotrapuṣpāñjalih. Add. South Govindpur. Via
Malancha Mahinagar, South 24Parganas
(W.B.). Spl. Ref. Vedānta. Dvaitādvaita.
Bhattacharya, Bhawaniprasad. Kāvyatīrtha,
Vedatīrtha. b. 31.12.1940, Krishnagarh. Nadia,

W.B. Acharya (Prof.). Jadavpur Univ. Gp.
Pattabhirama Shastri, Hemanta Kumar
Ganguli, Asutosh Shastri. Add. 169, Santoshpur
Avenue, Calcutta – 700075 (WB). Spl. Ref.
Sāhitya. Veda. President Awardee – 2008.
Bhattacharya, Dakshinacharan. b. 01.01.1909.
Kadipur. Gp. Dayalakrishna Tarkatirth,
Nishikant Tarkatirtha. Add. Mukumamjawan,
Dibrugarh (Assam). Spl. Ref. Tarka, Vyākaraṇa,
Sāṅkya, Vedānta & Āyurveda.
Bhattacharya, Durganatha. Kāvyatīrtha,
Purāṇatīrtha. b. 30.09.1913, Ikada Vill.,
Burdwan, W.B. Gp. M.M. Haranachandra
Bhattacharya, Nyāyatirtha Taranatha,
Dvarakanatha Nyāyashastri. Add. Vidya Ratna
Mutt, 70 – B, Shobha Bazar Street, Calcutta–
700004 (W. B.). Spl. Ref. Kāvya, Purāṇa &
Nyāya.
Bhattacharya, Dwijendra Chandra. Kāvyatīrtha, Kāvyanidhi. Age. 79 yrs. Dirghaladi,
Tripura. Gp. Chandra Mohana Kāvyavinoda,
Suryakanta Shastri. Add. 7/3 A, Kalicharan
Ghosh Road, Calcutta – 700050 (W.B.). Spl.
Ref. Kāvyaśāstra.
Bhattacharya, Gaurichandra. Acharya in Kāvya
& Purāṇa, Darśana Tīrtha. b. 16.07.1915,
Derada, Bankura, W.B. Gp. Harihar Kripalu
Vaidya, Samakantha Tarkatirtha. Acharya.
Add. Shri Guru Chatuspathi, Gantala Road,
Nabadwip – 741302 (W.B.). Spl. Ref. Sāhitya,
Purāṇa & Vedānta.
Bhattacharya, Girijaprasad. b. 01.04.1918,
Makuda, Birbhum, W.B. Teacher and Editor.
Gp. Ramatarana KāvyaVyākaraṇa Smṛitītirtha.
Add. Makuda Katyani Chatuspathi, Village
Makuda, Bhalkuti, Birbhum (WB). Spl. Ref.
Vedānta & Awarded by Bengal Skt. Seva Samiti.
Bhattacharya, Gyanendrakishor. b. 01.03.1931,
Naihati. Teacher. Gp. Narendra Kishore
Siddhartha. Add. Purnanand Palli, Naihati,
24, Pargana Dist. (WB). Spl. Ref. Kāvya,
Vyākaraṇa, Purāṇa.
Bhattacharya, Haranchandra. Vyākaraṇa. b.
15.12.1889. Vill. Balubhara, Distt. Rajshahi

