272



Maṇikya Prabhā commentary. Ps. 40. Add.
H.No. B5/295, Hanuman Ghat, Varanasi –
221002. Spl.Ref. Awarded by Pushpagiri
Peetham as ‘Arshavidyabhushan’ and by T.T.D.
as ‘Satravidvanmani’
Shastri, G.R. Ramachandra. Kṛṣṇa-yajurveda,
Mīmāṃsā, NyayVyākaraṇa tarka, Vyākaraṇa
a Siromani. b. 20.06.1914. Gudluur, TN. Asthan
Vidwan Sri Aadisankarancharya Samarak
Viman Mandap. Bks. 10. Saṃskṛta Sāhitya
kā Itihāsa, Rāgadevatādhyānamañjarī. Add.
43/A Kalyamram Veethi, Kumbhghonam,
Tanjour - 01. TN. Spl.Ref. Veda, Vedānta,
Vyākaraṇa a, Traditional Teaching, President
Awardee.
Shastri, Ganga Datt. Acharya (Skt., Hindi),
Ph.D. b. 29.09.1920. Jammu-Tawi. Ex-Director
Skt. College Kullu Bks. 16. Ps. 130. Spl.Ref.
Veda and Vedic Literature. About 200 Radio
Talks from A.I.R. President Awardee.
Shastri, Ganga Dutt. Vyākaraṇa-JyotiṣaDarśana-Śāstra, Mahabhashya. b.1866. Belon,
Bulandshahar. Acharya. Gurukul College,
Jabalapur, M.P. Gp. Pt. Udaiprakash, Pt.
Kashinath
Shastri,
Pt.
Harnamdutt
Bhashyacharya. Bks. 01. Tattvaprakāśikā.
Expired in 1933. Spl.Ref. Established Gurukul
Gujranwala.
Shastri, Gaurchandra ‘Ashok’. Acharya in
Vyākaraṇa, Ph.D., Diploma - Russian
Linguistics & Distance Education. B.
08.01.1954. Varanasi, U.P. Asst. Prpf. R.S.K.S.
Sringeri. Bks. 12. Ps. 12. Add. Rajiv Gandhi
Kendriya Sanskrit Vidyapeetha, Sringeri, KT.
Shastri, Govindrai Acharya. Mahroni, Jhansi
U.P. Asst.Prof. Syadvad College, Varanasi U.P.
Bks. 05. Jaina Dharma kī Sanātanatā, Gṛhiṇī
Charyā, Bundelakhaṇda Gaurava, Ācāra Sūtra,
Kurala Kāvya. Spl.Ref. M.M. Rashtrapati Award,
honored by ‘Vidhyabhooshan’.
Shastri, Gyan Prakash. b.09.03.1951, Aligarh.
Prof,. G.K.V.Haridwar. Bks. 23. Vaidika
Nirvacana Koṣaḥ, Dayānanda Sandarbh Koṣaḥ,
Ācārya Durga kī Niruktavṛtti, Paṇini
Pratyayārth Koṣaḥ. Spl.Ref. Veda & Vyākaraṇa.

Shastri, Har Swaroop. M.A., B.Ed. b.
15.11.1943. Teacher. D.A.V. Higher Secondary
School, Patel Nagar, New Delhi. Ps. 03. Add.
Near Shiv Mandir, Community Centre, Ranjit
Nagar, New Delhi. Spl.Ref. Sāhitya.
Shastri, Hari Das. Acharya in Śāṅkara Vedānta.
b.01.07.1944, Alandi, Pune, MH. Asst. Prof.
Gp. Ramvilas Shukla, Acharya Mansharam.
Ps. 05. Add. Bavadeshwar Sanskrit School,
Bavada, Porbandar Gujrat. Spl.Ref. Advaita
Vedānta.
Shastri, Hari Gopal. M.A., Ph.D. b. 05.01.1949,
Meerut, U.P. Principal. Gp. Dr. Haridatt Shastri,
Manasram Shastri. Bks. 05. Ps. 20. Add.
Gurukul College, Jwalapur, Haridwar, U.P.
Spl.Ref. Vyākaraṇa. Established Yogic Science
& Pharmacy Departments in Gurukul Campus.
Shastri, Hari Sambasiva. Vyākaraṇa a Siromani,
Bhasha Praveen, M.A., Traditional System
in Tark Vyākaraṇa , Mimāṃsā, Advait Vedānta.
b. 13.06.1918. Eepur, Tenalitaluka, Guntur.
AP. Asthan Vidwan, Push Giri Mahasansthan,
Kadappa, AP. Ps. 100. Spl.Ref. Vedic Sāhitya,
Title of Vidya Ratna, Sarva Tantra Savatantra,
Sāhitya Ratna. He has to his credit a
publication. ‘Bharati Nirukti ( in 2 Vols ) in
Telugu. Besides, he has also translated
‘Adishankaracharya’s Prakarana Granthas,
Advaita Makaranda and Bhagwadgita
Shankaratabhashya, President Awardee.
Shastri, Harisingh. M.A., (Skt. Hindi,
Philosophy), Ph.D. Sāhitya Ratna (Acharya,
NavyaVyākaraṇa, PrachinVyākaraṇa.) b.
14.05.1951. Gurgaon, Haryana. MLN
Mahavidyalaya Haryana. Bks. 04. Nimbārkāvasthānam Kvyam. Ps. 40. Add. Sanskrit
Vibhag, MLN Mahavidyalaya Yamuna Nagar,
Haryana.
Shastri, Heramba Nath Chatterjee. M.A. (Skt,
Pali, Bengali), PRS, Ph.D., D.Phil., D.Sc.
b.01.03.1925. Barisal. Prof. Govt. Skt. College,
Kolkata. Bks. 20. Ps. 70. Spl.Ref. Pali and Skt.
Visiting Prof. in Oxford Univ., Lect. in Budapest
Univ., Germany, Japan, America, Thailand,
Srilanka, President Awardee.

