20
B


Bhanauta, Dipali. M.A., Ph.D. b. 31.10.1948,
New Delhi. Asst. Prof. Janakidevi Mahavidyalaya. Add. Block N-1, Delhi – 110017.
Bhandare, V. V. M.A., Ph.D., L.L.B. Professor.
Add. Dept. of Skt., Univ. of Bombay, Ranade
Bhawan, Vidya Nagari, Santa Cruz (E),
Bombay-400098 (MH). Spl. Ref. Vyākaraṇa,
Vedānta.
Bhandari, Govind Singh. M.A., L.L.B. b.
04.06.1955, Neelimanchal House, Tehsil Road,
Bageshwar. Advocate, Distt. Court Bageshwar.
Bks. 02. Mātṛbhūmi, Uttarāñcala Saṃdeśa.
Spl. Ref. Head of Arya Pratinidhi Sabha,
Uttarakhand.
Bhandari, Janardan Vasudev. Kāvya-Tīrtha,
Vedānta-Tīrtha, Śikṣāśātrī. b. 14.08.1923,
Kunakeshwar. Rtd. Teacher. Gp. Digambara
Shastri, Achyuta Shastri, Kevalanand Sarasvati.
Add. Dahaju, Thane – 401601 (MH). Spl. Ref.
Kāvya, Vedānta.
Bhandari, Manjula. M.A., Ph.D.. Asst. Prof.,
Deptt. of Sanskrit. Add. Lady Shriram College
for Women, Lajpat Nagar, New Delhi – 24.
Spl. Ref. Vyākaraṇa, Dharmaśāstra.
Bhandari, Rajendra Singh. Acharya, M.A. (Skt.,
Hindi). b. 07.12.1956. Skt. Lect. Add. Sri
Badrinath Bodbadang PG College, Josimath246443. M. 09411109657, 9012048596.
Bhandarkar, Tryambak Atmaram. M.A.,
Acharya, Gurukul Parampara, Varanasi. b.
1897. Candupur, Torangram. Pracharya,
Vasant College Varanasi. Bks. 02. Ātmacaritam,
Śrīvivekānanda Caritaṃ. Spl. Ref. Some Parts
of Śrīvivekānanda Caritaṃ is add in Syallabus
of PG Classes in DU.
Bhansali, Asa. M.A., B.Ed., M.Ed. b. 02.02.1954,
Jodhpur, RJ. Prof. Add. Shah Govardhanalal
Kabara Teachers College, Jodhpur (RJ). Spl.
Ref. Bhāratiya Darśana.
Bhanumati, V. Sāhitya-śhiromaṇi, Śikṣāśāstrī.
b. 1958. Teacher. Ps. 03. Add. Srividya Mandir
Higher Secondary School, Salem – 636003
(T.N). Spl. Ref. Sāhitya.

Bhanumurthy, J. Vidyapraveena. M.A., M.Ed.,
Ph.D. b. 15.03.1957. Tenali. Asct. Prof., RSkS.,
Bhopal Campus. Bks. 05. Skt. Śikṣaṇe
Mātṛbhāṣā-Prabhāvaḥ, Adhigamasya Manovaijñānikādhāraḥ, Kṣemendrakaveḥ Cārucaryā,
Śivasūtrāṇi (ed.), Jagannāthasya Citramīmāṃsā-Khaṇ©anaṃ.
Citrabandharāmāyaṇa. Ps. 08. Add. B-18, Unique Campus,
Bagh Sevania. Bhopal. Ph. 0755 – 2421877.
Mob. 09630169691.
Bhanwar, Lal. Nyāya-Tīrtha. b. 1858. Gp. Shri
Chainsukhdas. Bks. 1. Śamyamaprakāśya. Spl.
Ref. Editing in ‘Veervani’ Patrika till 46 years.
Chairman was Rajasthan Jain Sāhitya Parishad.
Bharadvaj, Kamala. M.A., Ph.D., M.Phil. b.
03.03.1955, Delhi. Teacher, Mahavira
Visvavidyalaya. Gp. Dr. Vachaspati Upadhyaya,
Dr. Satyavrata Shastri, Dr. Avanindrakumara.
Add. A-50, Gulmohar Park, New Delhi –
110049. Spl. Ref. Vyākaraṇa.
Bharadvaj, Pratibha. M.A., B.Ed. b. 15.09.1946.
Teacher, Kendriya Vidyalaya, Andrews Ganj,
New Delhi – 110049. Add. 94/4, Secotor –
1, Pushpa Vihar, New Delhi – 110017. Spl.
Ref. Sāhitya.
Bharadwaj, Ganeshadatta. M.A., Ph.D. b.
10.04.1949, Motili, H.P. Asst. Prof. Gp. Dr.
Ramakanta Sharma. Add. Skt. Research
Institute, Sadhu Ashram, Punjab University,
Hoshiarpur (Punjab). Spl. Ref. Sāhitya.
Bharadwaj, Kamal. M.A., M.Phil., Ph.D. b.
03.03.1955, Delhi. Teacher, Mahavira
Vishwavidyalaya. Gp.
Dr. Vachaspati
Upadhyay, Dr. Satyavrat Shastri, Dr. Avanindra
Kumar. Add. A-50, Gulmohar Park, New Delhi
– 110049. Spl. Ref. Vyākaraṇa.
Bharadwaj, Maheshchandra. Acharya,
Shiksashastri. b. 03.05.1959, Kajimabad,
(U.P.). Teacher. Gp. Lalaram Sudhakar,
Bankelal Dwivedi. Add. Shri Ratnamoti Sanskrit
Mahavidyalaya, Gokul Mathura (U.P.). Spl.
Ref. Sāhitya.
Bharadwaj, Rajesh. M.A., Ph.D. b. 05.10.1956.
Hapur (U.P.). Asct. Prof., Barelli College,

