68



Halvara. Sarairasi, Faizabad (U.P.). Spl.Ref.
Navya-Vyākaraṇa. Sāhitya.
Dwivedi, Chhakkilal. Shastri in Vaidya, Acharya
in Sāhitya & Āyurveda. b. 02.03.1925, U.P.
Gp. Banavarilal Dixit, Pt. Baleshvara Pandey.
Add. 27, Dwarikadhish Pitrichayam, Gwalior
(M.P.) Spl.Ref. Sāhitya, Āyurveda.
Dwivedi, Chhatradhari. Acharya in Jyotiṣa.
b. 07.07.1938, Bariaghat, U.P. H.O.D. of
Jyotiṣa, Shri Sanatan Bhairav Shankar Brahm
Mahavidyalaya, Bariaghat, Mirzapur. Gp.
Sarajuprasad, Shiv Shankar Sharma Tripathi.
Add. Shri Sanatan Bhairav Shankar Brahm
Mahavidyalaya, Bariaghat, Mirzapur (U.P.).
Spl.Ref. Jyotiṣa.
Dwivedi, Dashrath. M.A., Ph.D. b. 14.12.1940.
Vill. & Post. – Pachval, Distt. Jaunpur, U.P..
Prof. Gorakhpur Univ., U.P. Bks. 14.
Vakroktījīvitam, Abhīnavarasa Siddhānta,
Kādambarī (trans.). Ps. 35. Add. 14. Hirapuri,
D.D.U. Gorakhpur Univ., Gorakhpur, U.P. Ph.
200437.
Dwivedi, Devi Prasad. Acharya, Shikshacharya,
Ph.D. b. 02.07.1966 Jaunpur U.P. Reader
Rashtriya Sanskrit Sansthan, Lucknow Campus.
Gp. Dr. Mandan Mishra, Prof. S.D. Vasistha.
Bks. 03 Prācya Śikṣā Darśanam, Prācīna
Bhāratīya Śikṣā, Hindī Śikṣaṇa. Ps. 10. Add.
2/811 Vinaya Khand Gomti Nagar Lucknow
- 226010 U.P. M. 09455037183.
Dwivedi, Devi Prasad. Acharya. b. 10.01.1955,
Hardigulalpur, Mirzapur, U.P. Asst. Prof.
(Vyākaraṇa ). Gp. Sarayuprasad Upadhyay,
Pt. Kamalkant Pandey. Add. Shri Sanatan
Bhairava Shankar Bhrahm Sanyukta
Mahavidyalaya, Bariyaghat, Mirzapur, U. P..
Spl.Ref. Vyākaraṇa.
Dwivedi, Durga Prasad. Vidvān in Jyotiṣa,
Sāhitya, Darśana & Vyākaraṇa. b. 1863,
Ayodhya, U.P. Lect., HOD. & Princ. Skt.
College, Jaipur. Gp. Bapudev Shastri,
Gangadhar Shastri, Rambhaj Saraswat, Saryu
Prasad Dwivedi. Bks. 19. Daśakaṇ-havadham,
Durgāpuṣpāñjali, Devarāj Carita, Cāturvarṇya

Śikṣā, Prasanna Caṇdīpati Aṣ-aka. Expired
in. 1937. Spl.Ref.. Recipient of Mahamahopadhyaya award.
Dwivedi, Dwarka Prasad. Acharya, Ph.D.,
Vedāntaśiromaṇi, Vyākaraṇa Vachaspati. b.
18.02.1939, Ghorat, Khurai, Sagar, M.P. H.O.D.
of Vyākaraṇa. Shri Nandlal bajoriya Skt.
Mahavidyalaya, Varanasi. Gp. Pt. Balakrishna
Dixit, Ramaprasad Tripathi, Mahesvaranand
Saraswati. Add. B-2/148, Bhadaini, Varanasi
(U.P). Spl.Ref. Vedānta,Darśana.
Dwivedi, Gangadhar. Acharya in Vyākaraṇa
& Sāhitya. b. 1921. Ayodhya. Princ., Govt.
Skt. College, Alwar. Gp. Pt. Veereshwar Shastri
Dravid, Shri Ghootar Jha, Shri Girish Chandra
Avasthi. Bks. 08. Durgāpuṣpānjaliḥ,
Daśakāṇ-ha Vadhachampūkāvyam, Āgamarahasyam, Bhāratālokah. Spl.Ref. Recipient
of Rashtrapati Award. A Great Scholar of
Mahabhashya, Shabden-dushekhara, Manjusha
praudha Vyākaraṇa. Editor of Saṃskṛta
Ratnākara Magzine. Participated in Skt.
Programms broadcasted from doordarshan
jaipur.
Dwivedi, Hajari Prasad. D.Litt., M.A. (Hindi).
b. 1907, Baliya, (U.P.). Prof. & V.C. Panjab
Univ., Punjab. Bks. 13. Bāṇabha-- kī
Ātmakathā, Meghadūta eka Purānī Kahānī,
Kālidāsa ki Lālitya Yojanā, Prācīna Bhārata
meṃ Kalā Vilāsa. Aśoka ke Phūla. Expired
in 1978. Spl.Ref. Recipient of ‘Padmbhushan
Award’ by Govt. of India.
Dwivedi, Hari Prapanna. M.A., Ph.D. b.
06.02.1931, Chakari, Distt. Siwan, Bihar. HOD.
of Sanskrit, Bihar University, Muzaffarpur,
Bihar. Gp. Sitla Prasad Shukla. Bks. Studies
in Paṇini. Add. Muzaffarpur Bihar. Spl.Ref.
Vyākaraṇa Śāstra, Darśana Śāstra.
Dwivedi, Harihar Kripalu. Specilization in
Vyākaraṇa, Nyāya, Mimāṃsā, Vedānta.
Teacher, Seth Murarka Skt. School. Varanasi,
(U.P.). Gp. Pt. Ramyagya, Pt. Umapati. Sp.
Pt. Kamalakant Mishra, Pt. Ramanuj Ojha,
Pt. Raghunandan Tripathi, Pt. brahmadatt
Dwivedi, Swami Krishanbodhasram, Shankara-

