120
Joshi, Shastri, Veneemadhava. M.A., Ph.D.
b. 20.05.1949. Dharwar. Bks. 07. Ps. 35. Add.
Bhamati Sadhakeri. Bendre Marga. Dharwad.
KT–580008. Ph. (0836) 446788.
Joshi, Subhadra. Acharya in Sāhitya, M.A.
(Edu.), B.Ed., Ph.D. b. 18.08.1958 Junjhnu.
Bks.01 Add. 28, Rajsthali, Shahpura Bag, Amer
Road, Jaipur.
Joshi, Taradatta. Acharya in Sāhitya. b.
20.02.1935, Agaspari, Almora, U.P. Asstt. Prof.
Gp. Ramalal Vedapathi, Vidyadatta Bahuguna.
Add. Gurumandalashram Skt. Mahavidyalaya,
Haridwar. Spl.Ref. Sāhitya.
Joshi, Trilochan. Acharya in Sāhitya, M.A..
b. 30.09.1959, Haldwani, U.P. Asst. Prof. Gp.
Dr. Bhuvanachandra Tripathi, Bhuvanachandra
Joshi, Acharya Narayanadatta Joshi. Add. Shri
Kurmachal Anglo Skt. Mahavidyalaya,
Champawat, Pithauragarh (U.P.). Spl.Ref.
Sāhitya.

Joshi, Uma. M.A., Ph.D. Asst. Prof. Add. Deptt.
of Sanskrit, Faculty of Arts, Banaras Hindu
University, Varanasi (U.P.). Spl.Ref. Darśana.
Joshi, Umashankar. b. 02.01.1944, Harda,
Hoshangabad Dist., M.P. Principal. Gp.
Ramavatar Shastri, Shambhunath Tripathi,
Dr. Laxmananarayana Shukla. Add. Shri A.
Dvija Sanskrit Vidyalaya, Kailash Marg, Malhar
Ganj. Indore (M.P.).

Joshi, Varsha Bhagwanji. Ph.D. b.18.03.1968.
Prof. Dr. V.R. Gorhaniya College Khijdi Plot
Porbander. Add. Plot No. 13, Narsan Tekri
Society Kheriya, Near Tirupati Transport,
Porbandar. Spl.Ref. Alaṅkāra Śāstra.
Joshi, Vasvanand. Acharya in Yoga, B.Ed. b.
03.03.1960. Teacher, Yoga & Sanskrit. Add.
D-136, Shakarpur, Delhi- 110092. Spl.Ref.
Yoga Śāstra.
Joshi, Vikram Krishnalal. Ph.D. b. 07.07.1964.
Prof. Arts Commerce College Mansa Distt.
Gandhinagar. Add. 7, Shanti Banglow Near
Prerna High School Janta Nagar Chandkheda,
Ahemdabad. Spl.Ref. Alaṅkāra Śāstra.
Joyisa, Vasudev K.N. M.A., Vedānta Vidvān,
B.Ed. b. 02.05.1952, Chikmagalur, KT. Sanskrit
Pandit. Gp Ramchandra Somya ji. Add. Kigga
(Post), Sringeri, Chikmagalur- 577139 KT.
Spl.Ref. Vedānta Śāstra.
Jugarana, Manohar Lal. M.A, Ph.D., D.Litt.
b. 30.10.1955. Paudi-Gadhwal. Rtd. Prof.,
HN Bahuguna V.V., Gadhwal. Bks. 08.
Uttarākhaṇda Gauravam in 8 Vol. Ps. 40.
Jyotisai, Shivram. b. 07.08.1911, Barela. Bks.
03. Gāndhī-Caritamahākāvyam, Neharū
Vaṃśamahākāvyam, Hariyāṇā Vaibhavam.
Jyotsyar, Narayanan K.K. Traditional
Education. b. 06.11.1922, Palakkad, Kerala.
Astrologer. Add. Koduttipalli, Palakkad
(Kerala). Spl.Ref. Jyotiṣa.



K
K. K. Abdul Majeed. M.A., Sanskrit Advaita
Vedānta. b. 05.02.1975, Kozhi Kode, Kerala.
Astt. Prof. Univ. of Calicut. Gp. Dr. V.N.
Dhamodar Unni., Prof. Dharmaraj Adatt. Ps.
02. Add. Abdul Majeed K.K., Koyiloth Kuni,
Ulliveri, Koyilandy, Kozhikode, Kerala –
673620. Ph. 09745300125.
Kachhwah, Hetram. Acharaya, Ph.D. b 12-081957 Katani (M.P.) Reader Dept. of Prachin
Rajyasastra, S.S.S. Vishwavidyalaya. Ps. 08.
Add. Prof. Colony Sampoornanad Skt.
Vishwavidyalaya. M. 9473969683.

Kagadiyala, Brahmanand. M.A. b. 02.11.1938,
Teacher, Govt. Higher Secondary Girls School,
Kidwai Nagar. Ps. 02. Add. D-G-845, Sarojini
Nagar, New Delhi – 110023. Spl. Ref. Sāhitya.
Kagrana, Rajesh Ranchor Bhai. Ph.D.
b.27.11.1970. Prof. Shri M.C. Rathva Arts
College Sanskrit Deptt. Pavi, Jetpur Varodara.
Ps. 03. Add. Near Post office Handiya Bazar,
Vill Post Jetpur Distt. Varodara. Spl.Ref.
Alaṅkāra Śāstra.

