
Sharma, Jagdish Chandracharya. M.A., L.L.B.
b.12.07.1911. Valvad, Saurashtra (Gj.) Asst.
Prof. Bks. 15. Govindagītāñjaliḥ, Makarandikā,
Saṅgītalaharī, Mandākinī-mādhurī, Virahiṇī,
Vāsudevacaritam. Ps. 20. Spl.Ref. Received
‘Magh Puraskar - 1983’, RJ Sanskrit Academy.
Sharma, Jagdish Raj. M.A., M.Ed., Ph.D.
b.17.04.1952. Chowk, Choura (Jammu). Asst.
Prof. Bks. 01. Upaniṣad Kālīna Śikṣā. Ps. 01.
Add. R.Sk.S., Shri Ranbir Campus, Kot Bhalwal,
Jammu.
Sharma, Jagdish. Acharya (Sāhitya, Nyāya,
Vyākaraṇa) b. 1910. Principal, Vanasthali
Vidyapeetha, RJ. Gp. Pt. Biharilal Sharma,
M. M. Pt. Shivdutt Dadhimath, Pt. Vireshwar
Shastri, Sp. Heera Lal Shastri. Bks. 04.
Śivapratyabhijñā, Bihārī Smārikā, Vīreśvara
Pratyabhījñā, Ānandanandanam. Expired on
09.01.1997. Spl.Ref. Rashtrapati awarded in
1983. Chief Editor of ‘Bharti’ Monthly Sanskrit
Magzine, Jaipur.
Sharma, Jagdish. M.A., Ph.D. b. 31.08.1951.
Dy. Director, Kalidas Skt. Academy, Ujjain.
Gp. Pt. Devi Prasad Tripathi, Dr. Hiralal Shukla.
Bks. 08. Ṣodaśī, Kālidāsa Ne Kaha tha,
Kumārasambhava, Svaṛṇahaṃsa, Kālidāsa
Sandaṛbha-kośa. Ps. 06. Expired on 10.08.2011.
Spl.Ref. Coordinated Akhil Bhartiya Kalidas
Samaroh from 30 years.
Sharma, Jaigopal. Acharya in Vyākaraṇa, M.A.
(Skt. Hindi) b. 15.10.1920. Rtd. Principal,
Govt. Inter College, Rurki, U.P. Bks. 03.
Abhimanyucaritam, Mahātmāgāndhicaritam,
Bhāvavīcayaḥ. Add. 524. Ramnagar, Rurki,
U.P. Spl.Ref. Sikshak Puraskar, U.P. Govt. U.P.
Sanskrit Sāhitya Puraskar. U.P. Skt. Sansthan,
1997.
Sharma, Jawahar Lal. Acharya, B.Ed., Ph.D.
b 27.04.1962. Chiuni. Principal, Adarsh
Sanskrit College, Jangla. Bks. 01. SvaraśāstraJyotiḥ. Add. Chiuni, Lower Koti, Rohru, Shimla,
H.P.
Sharma, Kailash Chandra. Acharya (Gaṇita
& Phalita Jyotiṣa), Ph.D., M.A., B.Sc.. b.

251

06.08.1972, Jaipur (Raj.). Asst. Prof., J.R.
Raj. Sanskrit University, Jaipur. Gp. Prof.
Rampal Sharma, Prof. Vijay Kumar Sharma.
Bks. 07. Utkīrṇalekhasaṅgraha, Golaparibhāṣā,
Pañcāṅgavijñānam, Vaijayantīpañcāṅgagaṇitam, Cārvākdarśanam. Ps. 09. Add. C –
28, Devnagar, Tonk Road, Jaipur – 18 (Raj.).
Pin. 302018. Ph. (0141) 2707034, 9829
204498. Spl. Ref. Rajasthan Gaurava,
Jagannath Sharma Samman.
Sharma, Kailash Narayan. Acharya in Sāhitya,
M.A., Shiksha Shastri, Ph.D. b.22.08.1953.
Gp. Shivdutt Sharma, Rewa Prasad Dwivedi,
Babulal Mishra. Ps. 03. Add. 11, Magar Mukha,
Ujjain M.P. Spl.Ref. Karma Kānda.
Sharma, Kalyan Datt. Acharya. (Jyotiṣa). b.
09.11.1920. Jaipur. Lecturer Maharaja Skt.
College, Jaipur. Gp. Pt. Kedarnath Sharma.
Bks. 06. Spl.Ref. Jyotiṣa, Śāstra Chudamani
L.B.S. Rashtriya Skt. Vidyapetha, New Delhi,
Visiting Prof. S.S.V.V., President Awardee.
Sharma, Kamal Nayan. Acharya (Mīmāṃsā,
Dharmasastra) b.15.09.1946, Patna, Bihar.
Reader. GP. Kamesvara Simha, Dr. Gajanana
Shastri Musalagamvakara; Dr. Narayana Misra.
Ps. 10. Add. R.Sk.S., Jaipur Campus,Triveni
Nagar, Jaipur. (RJ). Spl.Ref. Mīmāṃsā.
Sharma, Kanhaiya Lal. Sāhityacharya, M.A.,
Vidyavaridhi. b.15.10.1925, Bhamode.
Principal. GP. Dharmaraja Ramanarayana
Caturvedi. Ps. 05. Add. Prachya Vidyapeetha.
Shahpura Bagh. Amer Road, Jaipur (RJ).
Spl.Ref. Sāhitya.
Sharma, Kedar Nath ‘Gautama’. Acharya
b.28.10.1952. Lecturer. GP. Vaidyanatha Jha,
Ramanuja Ojha, Ramayatna Sukla. Ps. 05.
Add. Kendriya Sanskrit Vidyapitha, Belihundi
(Bihar). Spl.Ref. Vyākaraṇa.
Sharma, Kesav Prapanna. Acharya, M.A., Ph.D.
b.03.10.1947, Panduki, Aurangabad, Bihar.
Reader in Vyākaraṇa. Bks.. Paribhasavrtti aur
Paribhasendusekhar
ka
tulanatmaka
adhyayana, Mandukyakarika ki Hindi vyakhya,
Nagesoktiprakasa ka samiksatmaka adhyayana.

