148



Mishra, Damodar. Acharya in Vyākaraṇa. b.
01.10.1915. Add. Veerharekrishnapur, Puri–
752001 (Orissa). Spl.Ref. Veda & Vyākaraṇa.
Mishra, Daya Shankar. Acharya in Sāhitya,
M.A.. b. 01.10.1939, Ismailganj, (U.P.).
Principal. Gp. Mukund Shastri, Dvijendranath
Mishra. Ps. 02. Add. Saudamini Skt.
Mahavidyalaya, 149, Vivekanand Marg, Prayag
(U.P.). Spl.Ref. Sāhitya.
Mishra, Devendra Prasad. Acharya in Veda,
M.A., Ph.D. b. 25.12.1976, Delhi. Astt. Prof.,
L.B.S. N. Delhi. Bks. 02. Śrīmadbhāgavata
Mahāpurāṇa men Varṇita Vaīdika Devatāon
kā Svarūpa, Vedavimarśa. Ps. 25. Add. 266
P2G Ward No. 02. Gharwal Colony. Mehroly.
N. Delhi – 30. Ph. 9968055859.
Mishra, Devi Charan. Acharya in Sāhitya,
Purāṇetihasa, Sāṅkyayoga. b. 01.01.1944,
Auradanpur, Hardoi, (U.P.). H.o.D. of
Purāṇaetihasa. Gp. Pt. Ramavilasa Shukla,
Dr. Yashavant Sinha. Add. Shri Shiva Shankar
Adarsh Mahavidyalaya, Hardoi (U.P.). Spl.Ref.
Sāhitya, Purāṇetihasa, Sāṅkyayoga.
Mishra, Devi Prasad. Vyākaraṇa Shastri,
Acharya in Āyurveda. b. 15.10.1922,
Lakhanpur. Gp. Ramdhar Mishra, Rudraprasad
Avasthi. Add. Banadri Mutt, Vibhishan Kund,
Ayodhya, Faizabad (U.P.). Spl.Ref. Vyākaraṇa,
āyurveda. Svatantratasenanai.
Mishra, Devikant. Acharya. b. 04.07.1935,
Madhubani, Bihar. Asct. Prof. Bks. 01.
Dīkṣitakārikā kaumudī. Add. Shri Lal Bahadur
Shastri Kendriya Skt. Vidyapeetha, Katwaria
Sarai, New Delhi. Spl.Ref. Vyākaraṇa , Nyāya,
Sāhitya.
Mishra, Devswaroop. Acharya, Ph.D. b.
15.05.1935. Prof. Sampoornanand Skt. Univ.
Varanasi. Gp. Raghunath Sharma, Ramprasad
Tripathi, Devsharan Mishra. Sp. Sudhakar
Mishra, Kamlesh Jha. Bks.01. Ps. 16. Exp.on
18.08.1998. Spl.Ref. U.P. Skt. Academy
Vishishta Puruskar Vishva Bharti Puruskar.
Mishra, Digambar. M.A., Ph.D. b. 08.07.1954,
Sarara, Mithila, Bihar. Asst. Prof. Ps. 02. Add.

Shri Jagadamba Skt. College, Vatho (Bihar).
Spl.Ref. Sāhitya.
Mishra, Dinabandhu. Acharya in Sāhitya. b.
Ningayi (M.P.). Asst. Prof. Ps. 02. Add. Govt.
Skt. Mahavidyalay, Bhitri. Sidhi (M.P.). Spl.Ref.
Sāhitya.
Mishra, Durga Prasad. Sāhitya-Acharya, M.A.,
Ph.D. b. 07.05.1955, Banda, (U.P.). Asst. Prof.,
Meerut College, Meerut. Gp. Prof. Laxmikant
Dixit, Prof. Surendrachandra Pandeya. Bks.
01. Śṛṅgerī śataka kāvya samīkṣā. Add.
Chandrika, Shivaji Marg, Meerut (U.P.).
Spl.Ref. Sāhitya.
Mishra, Dwaraka Prasad. Acharya in
śuklayajurveda. b. 01.01.1954, Khaira, Rewa,
(M.P.). Asst. Prof. Gp. Dr. Vinayak Tripathi,
Veniram Gauda. Add. Shri Manamal Bhimaraj
Ruiya Skt. Mahavidyalaya, Ujjain (M.P.).
Spl.Ref. Śuklayajurveda.
Mishra, Dwijendra Nath ‘Nirgun’. Acharya
in Sāhitya, M.A. b. 1915, Kunvar, Badaun,
(U.P.). Rtd. Asct. Prof. Sampurnanand Skt.
University, Varanasi. Bks. 01. Kathāsaritā.
Add. D-5/13, Tripurabhairavi, Mirghat,
Varanasi – 221001 (U.P.). Spl.Ref. Sāhitya.
Awards. Sāhitya-ratnakara (Akhil Bhartiya
Pandit Parishad, Varanasi), Premchand Award
(Govt. of (U.P.).
Mishra, Dwijendra Nath. Acharya (NavyaVyākaraṇa , Athrvaveda), M.A., Vidyavaridhi.
b.11.11.1961 Gorakhpur. Lecturer, Govt.
Maharaj Skt. College, Jaipur. Gp.Sri.
Shyamvarna Dwiwedi, Dr. Ramprasad Tripathi,
Dr. Manohar Lal Dwiwedi. Bks.01. Ps.10.
Add.498-B, Rajani Vihar, Heerapur, Ajmer
Road. Jaipur - 302024. Ph.01412173061, M.
9460762050. Spl. Ref. NavyaVyākaraṇa,
Athrvaveda.
Mishra, Gajanan. Acharya in Sahiya. b.
11.03.1940, Jhunjhunu, RJ. Principal. Gp.
Anantadev Tripathi. Ps. 02. Add. Shri Birla
Acharya Skt. Mahavidyalaya, Pilani, Jhunjhunu
(Rj.). Spl.Ref. Sāhitya.
Mishra, Ganesh Datt. Acharya in Sāhitya &

