226



Raja, T.A.N. Somverma. Rtd. Principal, St.
Thomas Kalalaya. Lecturer, Vatvatur Seminari
Bks. 01. Śrīyīśusaurabham. Spl.Ref. Kathakali
Dance, Poet in Hindi, Skt. Malyalayam.
Rajagopalachariar, Annadur. Nyāyaśiromaṇi,
Tradition in Veda, DharamŚāstra, Nyāya. b.
08.05.1923. Annadur. Add. Pushpagam, 17,
Sannidhi Street, Madhuranthakam – 06 TN.
Spl.Ref. Kṛṣṇayajurveda, Pañcarātrāgama,
DharamŚāstra and NyāyaŚāstra, Traditional
Teaching, President Awardee.
Rajagopalan,
Purisai.
Acharya
in
Kṛṣṇayajurveda. b.May, 1936, Purisai, TN.
Gp. Kalathur Vijaya – Raghavacariyara, H.H.
Andavan Svamigal. Add. Shri Devaraj
Swamimuth (Devasthan), Kanchipuram –
631503 (T.N.). Spl.Ref. Kṛṣṇayajurveda.
Rajaguru, Krishna Chandra. Acharya in
Vedānta, Purāṇa & Shastri in āgama & Nyāya.
b.10.11.1914. Add. Tiadi Shahi, Puri – 752001.
(Orissa). Spl.Ref. Vedānta, Purāṇa, āgama,
Nyāya.
Rajaguru, Satya Narayan. Sanskrit Bhasha
Pravin. b.19.08.1903, Paralakhemundi,
Curator, Orissa. Bks. 20. Rādhābhiṣekanā-akaṃ, Gajapatinā-akaṃ. Ps. 20. Expired
on 11.06.1997. Spl.Ref. Engaged in Indological
Research and Promotion of Sanskrit.
Rajan, E. M. Acharya. b.10.05.1959, Trissur,
Kerala. Asst. Prof. Ps. 03. Add. R.Sk.S.,
Guruvayur Campus, Purnnattukara, Trissur
(Kerala). Spl.Ref. NavyaNyāya, Sāhitya.
Rajan, S. Sundar. D.Sc. b.16.09.1944, Mysore.
Ps. 06. Add. 137, (MIG) KHB Colony,
Koramangala, Bangalore –560095.
Rajanina, N. D. Acharya. b.22.10.1931, Alal,
Sangrur, Punjab. Asst. Prof. Gp. Pt. Jayadev
Mishra, Pt. Gaurishankar. Ps. 03. Add.
Government Ranbir College, Sangrur (Punjab).
Spl.Ref. Sāhitya.
Rajendran, C. M.A., Ph.D. b.12.11.1952,
Pattambi. Prof., Calicut University. Bks. 23.
A Study of Mahimābhatta’s Vyaktīviveka, The
Traditional Saṃskṛta Theatre of Kerala, A

Trans-cultural Approach to Saṃskṛta Poetics,
Contemporary Approach to Indian Philosophy
(Ed.), Pathavum Porulum. Ps. 53. Add. 28/
1097, Rajadhani, T.P. Kumaran, Nair Road,
Chevayun,
Calicut
–17,
Kerala.
crajenin@yahoo.com.
Rajesh Ranjan. M.A., NET, JRF, M.Phil., Ph.D.
b. 20.09.1968. Lecturer, Buddhist Studies,
Punjabi University, Patiala. Bks. 02. Ps. 16.
Spl.Ref. Life Member AIOC, Indian History
Congress, Indian Association of Buddhist
Studies, Maharshi Badrayan Samman by
President of India.
Rajesh, Kumar. Acharya. b. 31.12.1985. Hissar
Haryana. Lecturer Gurukul Kurukshetra. Gp.
Acharya Ramswaroop, Azad Singh, Mansingh.
Add. Gurukul Kurukshetra Near IIIrd Gate
Kurukshetra Univ. Kurukshetra 136119. M.
09466861530.
Rajeshvari, S. Sāhitya, Śiromaṇi, Shiksha-shastri.
b. 02.02.1959, Viralimalai, Pudukottai, TN.
Gp. K. Radha, K.N. Aralikatti. Ps. 03. Add.
South Car Street, Viralimalai, Pudukkottai–
631316 (T.N.). Spl.Ref. Sāhitya, SikshaŚāstra.
Rajgopal, V. Sāhityashiromani. b.03.02.1954,
Proddutur, Cuddappa, A.P. Asst. Prof. Add.
Deptt. of Sanskrit, Shri Mittamalleshwar Swami
Oriental High School, Pulivendla–516390
(A.P.). Spl.Ref. Sāhitya.
Rajgopalacharya, K. B.A., M.A., Ph.D.
b.23.06.1931, Melukote, Mandya, KT. Asct.
Prof., P.G. Department, Manasgangotri,
Mysore. Gp. Asst. Prof. Laxminarasimhayya,
V.T.T. Ayyangara, Dr. H.L. Hariyappa. Add.
684, 11-A, Main 5 Block, Jayanagar, Bangalore
(KT). Spl.Ref. Sāhitya, Viś-ādvaitaVedānta.
Rajgopalan, D. Sāhitya Shiromani, M.A., B.Ed.
b.27.04.1930. Teacher (PGT), D.T.E.A. Senior
Secondary School, Moti Bagh, New Delhi.
Ps. 03. Add. D.V./109/A, Hari Nagar, New
Delhi – 110064.
Rajguru, Bharat Kumar Devaram. Acharya
in Sāhitya. b.22.09.1966, Jam Nagar, GJ. Asst.
Teacher. Gp. R.V. Kaundinyaji, Navalbhai

