98



Damoh (M.P.). Director, Jain Foundation.
Gp. Pt. Kailash Chandra Jain, Pt. Phoolchand
Siddhant Shastri. Bks. 05. Hindī Gadya ke
Vikāsa me Jaina Manīṣī Sadāsukhadāsa Jī Kā
yogadāna, Mūlācāra, Pañcendriya Saṃvāda,
Samyaktva Paccīsī, Ratnayoga Sāra. Ps. 15.
Add. A 93/7 A. Chattarpur Ext. N. Delhi –
110074. Ph. (0542) 2315451. 09450179254.
Jain, Nanhebhai. M.A. b. 01.04.1950, Junagarh,
M.P. Asst. Prof. Shri Alaṅkāra Digambar Jain
Vidyalay, Mandi Bamaura, Sagar. Gp.
Dayanand ji, Pannalal ji. Add. Varni Bhawan,
Bhoraji, Laxmipura, Sagar (M.P). Spl.Ref.
Sāhitya, Jain Darśana.
Jain, Nemichandra. Acharya. b. Baleh, Sagar,
M.P.. Pricipal, Govt. H.S. School, Khuri, Sagar,
M.P.. Bks. Kaṣāya Jaya Bhāvanā (Anūdita
Kāvya).
Jain, Padmachandra. Shastri. b. 10.09.1947,
Shahpur, Sagar, (M.P.). Principal. Add. Shri
Shanti Niketan Jain Sanskrit Vidyalaya, Katni,
Jabalpur (M.P.) Spl.Ref. Sāhitya, Jaina Darśana.
Jain, Pannalal. Shastri, Acharya in Sāhitya,
Ph.D. b. 05.03.1911, Pargua, Sagar M.P.
Principal. Shri Ganesh Digambar Jain Skt.
College, Sagar M.P. Gp. Ganesh Prasad Varni,
Dayachandra Siddhant Shastri, Kailash
Chandra, Hajari Lal Nyaytirtha, Koknath
Shastri, Kapileshwar Jha. Sp. Prof.
Bhagchandra Jain, Prof. Bhagchandra Bhaskar,
Dr. Harindra Bhushan Jain. Bks. 05. Vinayāñjali
(Kāvya Sañgraḥ), Muktāhārḥ, Samyakatva
Cintāmaṇi, Sujñāna Chandrikā, Dharma
Kusamo’dhyayanam. Spl.Ref. Award by the
President of India.
Jain, Patrika. M.A., Ph.D b 24-06-1977, Etah
(U.P.) SRF, RSKS Lucknow. Gp Prof. K.K.
Mishra, Prof. A.K. Kalia. Ps. 09. Add. B1/23
Sec. G, Janaki Puram, Lucknow. Ph.
05222732703 M. 09621967355.
Jain, Phool Chand. M.A., Ph.D. b. 12.07.1948.
Dalpatpur. Sagar. (M.P.) Asct. Prof. Bks. 05.
Mūlācāra kā Samīkṣātmaka Adhyayana, Jain
Dharma meṃ Bramana Saṃgha, Mūlācāra

Bhāṣā Vacanikā, Śaurasenī Prākṛta Sāhitya
kā Itihāsa. Ps. 50. Add. Head, Deptt of
Jainology. S. Skt. Univ. Varanasi. Ph. (0542)
315451. Spl.Ref. Five Awards in Diffirent Books
& Reasearch works.
Jain, Prakash Chandra. Acharya in Sāhitya,
Acharya in Jaina Darśana, M.A., B.Ed. b.
08.01.1937, Jalalabad, Muzafarnagar, (U.P.)
Gp. Bholanath Pandey, Amrit Bhadra Sanskrit
Mahavidyalaya, Daryaganj, New Delhi –
110002. Spl.Ref. Sāhitya, Jaina Darśana,
ShiksaŚāstra.
Jain, Praveen Chandra. M.A., Skt./Hindi. b.
1909. Jaipur. Lect. Maharaja Skt. College.
Principal. Dungar College. Bikaner.
Jain, Prem Suman. Acharya in Sāhitya, M.A.
(Pali, Prakrit , Jain Philosophy & AIH) Ph.D.
b 01-08-1942, Jabalpur., Director National
Inst. of Prakrit Studies & Research, Shravanabelagola. Gp Prof. N.H. Santani, Pandit Kailash
Chandra Shastri. Sp. Dr. Jinendra Jain, Dr.
K.K. Jain, Dr. Dharmendra Jain, Dr. Rajnish
Shukla., Bks 52 Jainadharma kī Sānskṛtika
Virāsata, Tīrthaṅkara Mahāvīra & his Religion
of Compassion, Prākṛta aura Jainadharma
Samīkṣā. Ps. 160, Add Director NIPSAR, Shri
Dhabal Teertham, Sharvanabelagola - 573135,
Karnataka. Ph. 02942490227 M. 09480302666
Email premsuman@yahoo.com Spl.Ref.
President Award 2006, Mahakavi Gyansagar
Award 2005, Mahakavi Svayambhu Award
2003, USA, Germany, London.
Jain, Prince Kumar. Acharaya. b 02-10-1983
Tikamgarh (M.P.) JRF RSKS Lucknow. Add.
RSKS Lucknow Campus – 226010. Ph.
05222393748 M 07376812157 Email
jainprince84@gmail.com
Jain, Pusparaj. M.A., Acharya in Sāhitya. b.
29.09.1949. Asst. Prof., Sanskrit Dept. P.G.,
D.A.V. College, New Delhi. Add. B-17, Prashant
Vihar, New Delhi – 110042. Spl.Ref. Vyākaraṇa,
Gandhi Adhyayana.
Jain, Raja Ram. M.A. (Hindi, Prākṛta, Pālī),
Śāstracharya, Ph.D. b. 01.02.1929. Sagar, MP.

