346



College, Ghosi, Mau U.P. Spl.Ref. Vaidika
Shahitya, Sanskrit Sāhitya, Prachin Vyakaran
śāstra, Darśana śāstra. Written a number of
papers including Ṛgvedasya Pañcama
Maṇ©alasya Bhāṣāvaijñānika Adhyayanam.
Vedantacharya, Mohanlal. b. Gurudaspur, Distt.
Punjab. Bks. 02. Khaṇ©anagarta Pradarśinī.
Mahamohavidravaṇam. Spl.Ref. Khaṇ©anagart
Pradarśinī is comentory of Khaṇ©anakhaṇ©akhādya.
Vedantaacharya, S. Satyanarayan. M.A. M.Phil.
Ph.D. b. 22.04.1955. Kanaidighi. Medinipur.
Asct. Prof. & Head. Bajkul Milani
Mahavidyalaya. Bks. 02. Bhagavadgītā as
Bhaktiśāstratatva Criticism, Vācaspatermaṇ©ana-pṛṣ-ha-vimarśanam. Realisation of
The Truth. Add. Bajkul Milani Mahavidyalaya.
P.O. – Kismat Bajkul. Dist.– Medinipur. Pin.
721655. (W.B.). Ph. (03220) 74291.
Vedantam, Satya Srinivasa Ayyangar. M.A.
Ph.D. M.A. b. 25.06.1955. Narasaraopet. Asct.
Prof. Bks. 01. Saṃskṛta Vaṅgamaye Candraḥ.
Add. 1 – 3 – 21/A. Burnpet – Narasaraopet–
522601. Guntor (Dt). A.P. India. Ph. (08647)
23935. Spl.Ref. Kāvya-śāstra Veda.
Vedantai, Ramkrishnacharya. Puran VedāntaAcharya. Acharya in Sāhitya. Ph.D. b.
09.04.1944. Tulsi Nagar. Jila-Sagar. Bks. 01.
Ps. 01. Add. Shrimad Bhagavat Ashram.
Teacher Colony. Begamganj. Jila-Raisen.
(M.P.)
Vedavati, Vaidika. M.A., Ph.D. b. 09.04.1947,
Delhi. Asst.Prof., Arobindo College. Bks.
Śvetāśvetara Upaniṣad kā Adhyayan. Add. A19, Press Enclave, Saket New Delhi. Spl.Ref.
Sāhitya śāstra.
Vedia, Dashrathlal. M.A., Ph.D. b. 05.02.1938.
Rtd.Prof. & śāstra Cū©āmaṇī. Bks. 52.
Limbajapurāṇa, Gautama Dharmasūtra with
Maskari bhāṣya, Saṃvidhāna Brāhmaṇa,
Viśvagunādarśacampū, Rambhāmañjarīnā-ikā.
Ps. 100. Add. 4A, Nigam Society, Near
Ghodasar Canal Smruti Mandir, Vatwa 382445. Ph. 079-25891739. d.g.vedia@

gmail.com Spl.Ref. Dharma śāstra, Purāṇa,
Alaṅkāra Shastri.
Veer, Raghwan A. Nyāya Shiromani,
Shikshashastri. b. 25.06.1963, Kumbakonam,
Thanjavur, T.N. Research Scholar, Sanskrit
Research Academy, Melkote. Gp. Govinda
Ayyangara, Ranganarayan Jiyar. Ps. 03. Add.
8/21, Sannadhi Street, Tirunageswaram,
Kumba-konam T.N. Spl.Ref. Nyāya, Darśana.
Veeraj, Uday Veer. M.A., Vedālaṅkāra. b.
07.11.1921. Bulandshahar, U.P. Hindi
Adhikari. Bks. 01. Anīśopaniṣad. Spl. Ref. Skt.
Scholar, Nepal, Bhutan, Bangladesh.
Veerraghavacharya, T. Uttumur. Bks. 02.
Vaiśeṣika Rasāyanam (Vaiśeṣika Sūtrās Vṛttī),
Paramārtha-Bhūṣaṇam, Nayadyumaṇi(Ed.).
Spl.Ref. He was famous scholar of Nyāya,
Mīmāṃsā and awarded by President Certificate
of Honour.
Veezhinathan, Narayanaswami. M.A., Ph.D.,
Siromani, D.Litt. b. 24.06.1937. Tiruvarura.
TN. Prof. Skt. Deptt., Madras Univ. Bks. 08.
Ps. 52. Spl.Ref. Advaita Vedānta, Nyāya śāstra,
Jawaharlal Nehru Research Fellowship,
President Awardee.
Velankar, S. V. M.A., LLB. b. 22.06.1915
Maharashtra. Director, Central Ministry of
Communication. Bks. 150. Add. Indiraniwas,
AG Street Mumbai - 04. Spl. Ref. Skt, Hindi,
English, Gujarati, Pali, Aardhmagdhi, German,
French, Inventor of Pincode System, Director
& Actor Skt. Rang, Rashehwar Award Sursingar
Parishad, Mumbai, Bharat Bhasha Bhushan
Award from Bhartiya Bhasha Sāhitya
Sammelan, Mumbai.
Velankar, Shri Ram. Ratnagiri. Bks. 03. Rānī
Durgāvatī (Nā-aka), Svātantrya Lakṣmī,
Chatrapatī Śivājī. Spl.Ref. He has written seven
Dramas.
Velankar, Shri V. M.A. b. 1915. Ratnagiri in
MH. Bks. 12. Jīvanasāgara, Jayamaṅgala,
Javāhara Cintanam, Saṃsārayātrā. Javāhara
Jīvanam.
Venkat, Krishna. Nyāya Shastri, Acharya in

