136



with UNESCO & Member of Court of the J.N.U.,
Honorary Doctorate awarded from the Nalanda
University. Asia, Europe, USA and Russia for
inter-cultural relations.
Lokhande, K. B. NyāyaShastri, Darśanasastri,
M.A., Ph.D. b. Solapur, Maharashtra. Prof.
HOD Sanskrit Deptt. Bks. Editor: Vidyā-

dhvanipatrikā. Add. 29, Ratnatrya Vidyanagar,
Solapur- 413003 Maharashtra. Spl.Ref. Nyāya
Śāstra, Darśana Śāstra.
Lusi, P. A. Shastri. b. 02.11.1955, Kunam Muchi,
Kerala. Asst. Prof. Ps. 03. Add. S.B.S.V., Villian
Chattanur, Palakkad (Kerala). Spl.Ref. Sāhitya
Śāstra.

M
Maan Singh. M.A., Acharya, Dipl. in German,
Ph.D. b. 05.01.1937. Haridwar. Director,
Maharishi
Dayanand
Study
Centre,
Kurukshetra Univ. Bks. 05. Ps. 45. Spl.Ref.
34 Radio Talks, President Awardee.
Machi, Dinesh Bhai P. Ph.D. b.16.01.1964.
Prof. Arts & Commerce College Balasinor Distt.
Kheda. Ps. 02. Add. B-81, Gokulesh Society
Balasinor Distt. Kheda. Spl.Ref. Vedānta Śāstra.
Machi, Dinesh Kumar Rama Bhai. Ph.D.
b.10.09.1971. Prof. Govt. Vinayan & Commerce
College Khergam Distt. Nawsari. Ps.02. Add.
Gram Khrawada Post Munpur Teh. Kadana
Distt. Panchmahal. Spl.Ref. Vedānta Śāstra.
Madan, Nirmal. M.A. (Skt. & Maths), M.Com.
b. 10.01.1946. Teacher (PGT), Govt. Girls
Senior Secondary School No. 1, Kalkaji, New
Delhi. Ps.01. Add. C – 64, Kalkaji, New Delhi–
110019.
Madan, Rama Devi. M.A., B.Ed. b. 13.06.1950.
Teacher, Govt. Senior Secondary Girls’ School,
Adarsh Nagar, Sonipat. Ps.01. Add. H-N-1/
230, Gopal Nagar, Sonepat (HR). Spl.Ref.
Sāhitya.
Madhav, Harshadev. M.A. in Vedic Literature
& Alaṅkāra, B.Ed., Ph.D. b. 20.10.1954. Vartej,
Bhavnagar, Gujrat. Prof. A.H.K. Arts College,
Ahmedabad. Bks. 77. Rathyāsu Jambū
Varṇānāṃ Śirāṇām, Alakanandā, Śabdānāṃ
Nirmakṣikeṣu Dhvaṃsāvaśeṣeṣu, Mṛgayā,
Āsicca me manasi. Ps. 65. Add. A-12, Hiramoti
Tenaments opp. Satyamev Hospital,
Chandkheda, Ahmedabad– 382424, Ph. (079)

26585429. Spl.Ref. An unbeaten poet by quality
& quantity in Gujrati, Skt. & Hindi languages
in present period; who received Sāhitya
Akademi award for his excellent and apriciable
works, Beautiful use of Hikoo, cizoo, bowl
geet in Skt. Literature.
Madhav, Pauranik. Vidvat in Navya Nyāya &
Dvaita Vedānta b. 15.03.1943, Udupi, Katpadi,
KT. Asst.Prof. Gp. K. Hayagrivacharya,
Venkataramanacharya. Ps.02. Add. S.M.S.P.
Skt. College, Udupi – 576101 (KT). Spl.Ref.
Navya Nyāya & Dvaita Vedānta.
Madhavan, R. (Aduri Asur Madhavcharya).
Vyākaraṇaśiromaṇi. b. 06.09.1953, Adur
Agraharam, South Arcot, TN. Teacher,
Madhurantakam Skt. Mahavidyalaya. Bks. 01.
Śrīmadrahasya-trayasāraḥ. Add. 179, North
Chitra Street, Shrirangam, Siruchi (TN).
Spl.Ref. Vyākaraṇa.
Madhu, Rai. M.A., Acharya in Sāhitya. b.
01.07.1966, Gajipur, (U.P.). Ps.02. Add. B/
194, B-3, Virodopur, Mahmudganj, Varanasi
(U.P.). Spl.Ref. Sāhitya.
Madhumalati. M.A., B.Ed.. b. 15.06.1948.
Teacher, Ramjas School, Pusa Road, New
Delhi. Ps.01. Add. G-3, Green Park Extn., New
Delhi – 110016. Spl.Ref. Sāhitya.
Madhuri. M.A., M.Phil.. b. 07.09.1959. Research
Scholar. Ps.01. Add. C-22 Rajouri Garden,
New Delhi – 110027 or I-23A, Garhwali
Mohalla, Lakshmi Nagar, Delhi – 110092.
Spl.Ref. Sāhitya.
Madhusudan, K.K. M.A. b. 17.03.1961, Pala,

