
Teacher, Ramjas Higher Secondary School.
Sitaram Bazar, Delhi. Ps. 03. Add. 47, Baldev
Park, Krishnanagar Delhi-110051. Spl.Ref.
Sāhitya.
Sharma, Ram Swaroop. Acharya in
NavyaVyākaraṇa. b.24.03.1934. Parsan,
Gwalior, M.P. Gp. Narhari Shastri Dhatte,
Anantram Shastri. Ps. 03. Add. Krishnapuri,
Murar, Gwalior M.P. Spl.Ref. Vyākaraṇa.
Sharma, Ram Swaroop. b.16.01.1919, Alwar,
Rajsthan. President, Shri Sitaramji Govindram
Trust Mandir, Alwar, Rajsthan. Gp. Sitaram
Shastri. Ps. 02. Add. Mishra Sadan, Alwar
Rajsthan. Spl.Ref. Vyākaraṇa & Sāhitya.
Sharma, Ram. M.A., M.O.L. Ph.D. b.15.10.1930.
Dy. Director. Ps. 05. Add. 103-A, Kamla Nagar,
Sabzi Mandi, Delhi- 110007. Spl.Ref. Sāhitya
Śāstra.
Sharma, Ram. Acharya in Sāhitya, Ph.D.
b.20.05.1936, Agra, U.P. Gp. Shri Ramkrishna
Ganesh Harsh. Ps. 05. Add. 18/162 (Bavli),
Fatehabad Road, Tajganj, Agra U.P. Spl.Ref.
Sāhitya Śāstra.
Sharma, Rama Kant. M.A., Ph.D. b.13.07.1936,
Hoshiarpur, Punjab. Asct. Prof. Ps. 05. Add.
E-104, Sector 14, University Campus,
Chandigarh (Punjab). Spl.Ref. Advaita.
Sharma, Rama Nath. B.A., M.A. (Hindi,
Literature & General Linguistics), Ph.D.. Prof.
& Chairman. Department of Hawaiian and
Indo – Pacific Languages & Literatures,
University of Hawaii at Manoa. Bks. 28. Indian
Tradition of Linguistics and Pāṇini and
Linguistics, The World Outside on the World
Inside, Vaidika Vāṅgmaya kā Svarūpa,
Spho-avāda, Standardization of Sanskrit
Grammar. Add. Prof. of Sanskrit, Department
of Indo – Pacific Languages and Literatures
2540 Maile Way, Spalding Hall 255, University
of Hawaii at Manoa, Honolulu, Hawaii – 96822
(USA). Ph. (808) 956-3559, 395-2400, 3957730. e.mail- rama@hawaii.edu.
Sharma, Raman Kumar. M.A., M.Phil., Ph.D.
b.07.10.1959. Asct. Prof., Dayal Singh College,

261

Lodhi Road, New Delhi. Ps. 05. Add. C-275A, Gali No. 12, Bhajanpura, Delhi-110053.
Spl.Ref. Sāhitya.
Sharma, Ramanugrah. M.A. b.26.09.1938.
Gaya (Bihar). Śāstrachudamani Scholer in
Govt. Sanskrit College, Ranchi. Ps. 02. Add.
New Madhukam Road No. – 2, Ranchi.
Jharkhand.
Sharma, Ramashray. M.A., Ph.D. b.15.11.1928.
Prof., Zakir Hussain College, Ajmeri Gate,
Delhi. Ps. 03. Add. 24, Vaishali, Pitampura,
Delhi, 110034. Spl.Ref. Sāhitya.
Sharma, Ramavatar Pandey. b. 06.03.1877.
Saran. Prof., Patna College. Principal, Oriental
College. Bks. 50. Vāṅmayārṇava, Paramārtha
Darśana, Śrī Satyadeva Kathā. Expired on 03.
04.1929. Spl.Ref. He is a good Scholar of Latin,
German, French, Bangla, English & Hindi.
Sharma, Ramavtar. M.A., Ph.D. b.17.05.1927,
Musi, Gaya, Bihar. Chairman, Bihar Sankskrit
Education Board. Gp. Pt.Ramesh Jha, Pt.
Jatashankar Jha. Add. Prof.’s Colony, Shahganj,
Patna-6 Bihar. Spl.Ref. Nyay, Sāṅkya, Yoga
& Sāhitya.
Sharma, Ramchandra Gaur. Acharya in
Sāhitya. b.1900. Jaipur. Asst. Prof. Maharaja
Sanskrit College. Jaipur, RJ. Gp. Shri Bihari
Lal Sharma. Sp. Devarshi Kalanath Shastri,
Dr. Narayan shastri Kankar, Ramnarayan
Chaturvedi. Bks. 22. Śrī Haribhaktacaritam,
Śrīśukrade-vacarītam, Śrīnimbārkadevacarītam,
Śrībihārī-śatakam,
Śrī
Kalyāṇakaruṇaśtakam. Expired on 04.03.1980.
Sharma, Ramesh Chandra Das. Shastri,
Acharya in Veda, Ph.D. b. Bugura, Ganjam,
Orissa. Rtd. Prof. Gp. Gopalachandra Mishra,
Kishor Mishra. Add. Shri Lalbahadur Shastri
Kendriya Sanskrit Vidyapith, Katwaria Sarai,
New Delhi– 110016. Spl.Ref. Veda.
Sharma, Ramesh Chandra. Acharya in
Vyākaraṇa, M.A., Sāhityabhushan. b.01.07.
1940, Rajghat, Bulandshahar, (U.P.). Asstt.
Suptd. (Sanskrit Pathashalas), Nainital. Gp.
Vijayaprakash, Bankelal, Ramajita. Ps. 05.

