18
B


he visited china as a leader of a cultural mission
under the auspices of the Indo-China
Friendship Association. 3. His last teaching
assignment was in 1957 when he was invited
by the University of Delhi to organize the
first Department of Buddhist Studies in India.
4. Professor Bapat has widely traveled in
America and Europe and also in the Buddhist
Countries of Asia viz. Nepal, Sri Lanka,
Thailand, Combodia, Laos, Vietnam China
and Japan and has been able to get the first
hand knowledge of earlier and later phases
of Buddhism. 5. For his contribution he was
honored by being elected to the Gereral
President ship of the 27 th session of the All
India Oriental conference at Kurukshetra
University in 1974.
Bare, Prajanya. M.A., B.Ed. b.02.01.1983.
Research Scholar, Guwahati Univ. Add.
Research Scholar, Deptt. of Skt. Gauhati Univ.
Barijah, Punya. M.A., Ph.D. b.06.08.1940,
Gazpuriya Road, Jorhat Assam. HOD, Girls
College Jorhat. Bks. 03. Jogī Kona, Pañcakanyā,
Sāhitya Sādanī.
Barikeri, V.H. M.A., Ph.D. Rtd. Professor. Add.
Deptt. of Skt., Gulbarga University, Gulbarga–
585106 (A.P). Spl. Ref. Veda, Linguistics.
Barthakuria, Apurba Chandra. Shastri in Veda
Sāhitya,M.A., Ph.D. b. 01.11.1937 Kumarpara,
Rtd. Prof. Guwahati Univ. & President Assam
Skt. Mahasabha. Bks. 08. Ps. 30. Spl. Ref. 25
Lect. in Skt. through A.I.R. He has been Activily
engaged in propagation of Skt. In Assam &
Tripura, President Awardee.
Barua, Dipak Kumar. M.A. (Pali), PG Dipl.
in Librarian Ship, Ph.D. b. 14.01.1938,
Chitagang. Rtd. Prof. Kolkata Univ. Bks. 10.
Ps. 250. Spl. Ref. Selected as National Lect.
in Pali & Buddhism by UGC, First Director
Nava Nalanda Mahavir MHRD. As a visiting
Prof. Japan, Sri Lanka, President Awardee.
Basavaraju, C.N. Alaṅkāra-Vidvaduttamā. b.
03.02.1951, Chinnahalli, Tumkur, KT.
Research Associate. Add. H.No. 113/2, Kundara

Mutt Road, Court Mohalla, Mysore – 570241
(KT). Spl. Ref. Sāhitya.
Basu, Nirmalakanti. B.A. M.A., Ph.D. Principal,
Skt. Dept. Add. Jadavapur Univ., Calcutta
(W.B.). Spl. Ref. Alaṅkāra.
Basu, Ratna. M.A., Kāvya & Vyākaraṇa-Tirtha,
Dipl. & Teachers Training Dipl. German, Great
German Lng. Dipl. from Germany. b.
07.09.1951, W.B. Bks. 05 Dūtavākya of Bhāsa,
Śāriputraprakaraṇa of Aśvaghoṣa, Raghuvaṃśa
of Kālidāsa , Mālvikāgnimitra of Kālidāsa,
Padmaprabhṛtikā of Śūdraka. Add. 183,
Jodhpur Park Backside Bldg. 1st Floor Kolkata700068 W.B. Ph. 033-24148840, M.
0943301019. Spl. Ref. Asstt. Executive Edr.
in The Series Samskrit Sāhitya Sambhara,
Sanskrit, Bengali, English, German, French,
Tibtan, Pali, Prakrit & Script known Newari
Grantha Brahmi, Malyalayam, Gaudi,
Medieveal Bengali, Nandi Nagri, Sharda, Oriya.
Basu, Shiuli. M.A., Ph.D. b. 22.09.1976,
Birbhum. Asstt. Prof., Jadavpur Univ. Ps. 05.
Add. 20A, Ramratan Bose Lane, Shyam Bazar,
Kolkata - 04. Ph. 033-25555940, M.
09434348485, ghose.shiuli@rediffmail.com
Basu, Soma (Sikdar) M.A., Ph.D. b. 01.05.1961,
Chinsurah, Reader, School of Vedic Studies,
Rabindra Bharati Univ. Bks. 01 SupriyāSārthavāha-Jātaka of Bhadrakalpāvadāna. Ps.
22. Add. 123, Sharad Chatarjee Road, Flat
No. D/2 Sangam Complex, Lake Town
Calicutta - 700089, Ph. 03324007214, M.
09051118213 somabasu01@gmail.com.
Batabyal Sumita M.A., Ph.D. b. 12.01.1961,
Burdwan. Seclt. Gd. Lect. Deptt. of Skt,
Burdwan Univ. Add. Deptt. of Skt. Burdawan
University. M. 09434524178.
Batra, Naresh. Acharya (Vyākaraṇa, Sāhitya),
M.A., Ph.D. b. 28.12.1956. Panipat, Haryana.
Principal, Adarsh Skt. Mahavidyala, Ambala
Cantt. Bks. 01. Dāmpatyam. Ps. 40. Spl.Ref.
Vyākaraṇa, Sāhitya, Poet.
Bava, Jaidevan. M.A., Ph.D. b. 29.11.1936,
Cheruvaranam, Alappuzha, Kerala. H.O.D.

