
A.P. Add. House No. 23-27-24, Satynarayanpur,
Vijayawada, Krishna Dist. (A.P.). Spl.Ref.
Sāhitya, Vyākaraṇa , Vedānta & Veda.
Shastri, Kuppa Shrinivas. Nyāya Vidhyapravin.
b. 10.05.1960, Ananta-waram, Guntur, A.P.
Gp. Kuppa Ramgopala Avadhani, Ramchandra
Koteshvar Sharma. Add. Maharshi Ved. Vigyan
Viswavidya-peetham, Maharshi Nagar,
Gaziabad (U.P.). Spl.Ref. Kṛṣṇayajurveda,
Nyāya & Vedānta.
Shastri, L.N. Acharya in Nyāya, Darśana,
Yajurveda, DharmaŚāstra, Ph.D.. b.
10.09.1968, Dhoulpur. HOD. Rajasthan
Sanskrit College, Jaipur. Gp. Dr. S.N.
Tatacharya, Dr. Kamal Nayana Sharma, Pt.
Govind Narayana, Prof. C.L. Mishra, Pt.
Shankar Prasad Shukla, Dr. K.S. Menan. Sp.
Dr. Rajkumar Sharma, Dr. Mata Prasad
Sharma. Bks. 05. Prajñāsatyavatī, Kāragilayuddhe Huta Rājasthānam, Bagalāmukhī
Tattva Vimarśa, Nyāya Siddhānta Ratnamālā.
Ps. 20. Add. B – 23, Bhura Patel Nagar, Post–
Hirapur, Ajmer Road, Jaipur– 302024. Ph.
09414228995. Spl.Ref. President, Rajsthan
Vaidika Tantrika Sodha Sansthan, Sanskar
Bharati Manav Kalyan Sansthan, Jaipur.
Shastri, Lakshmi Narayan M. Vidvān. b.
07.01.1914, Sivaganga, Bangalore, KT. Rtd.
Teacher, Tirupati Vidyakendra. Gp.
Mahamahopaddhyay Vidhyanath Shastri, P.K.
Shankar Shastri, Tippa Shastri. Bks. Several
Granthas in Sanskrit & Kannada Lauguage.
Add. Harikatha Bhajan Samaj Marg.
Basavangudi, Bangalore-560004. Spl.Ref. Pūrva
Mīmāṃsā & Uttara Mīmāṃsā.
Shastri, Lalan Krishna. Acharya, Kāvyatirtha.
b.1920, Mathura, U.P. HOD DharmŚāstra.
Bks. Anekapurāṇokta-vratodyāpana Paddhatiḥ.
Add. IA/666, Nagargali, Mathura- 281001
U.P. Spl.Ref. DharmaŚāstra.
Shastri, Lalji Bhai Modha. Shankar
Vedāntacharya, ShikshaShastri. b. 14.06.1928,
Porbandar, Junagarh, GJ. Rtd. Principal,
Rajakiya Sanskrit Pathshala, Jamnagar. Gp.
Kamalkant Mishra, Venkat Raghvacharya. Add.

275

Near Vibhaji High School. Nilkanth Mahadev,
Jamnagar GJ. Spl.Ref. Advaita-Vedānta.
National Teacher Award-1988.
Shastri, Laxmi Chandra. M.A., Ph.D., Veda
Vachaspati. b.13.04.1945. Director, Vedic
Research Institute, Kanwash, Kotdwar, U.K.
Bks. 25. Ingudī, Rīti Vṛatti Pravṛtti, Kālidasa,
Saṃskṛta Poetry, Bhartṛhari Śatakam (ed.).
Kālidasa, Saṃskṛta Poetry, Bhartṛhari
Śatakam(ed.).
Shastri. Laxmi Dutt, Acharya in Jyotiṣa,
Jyotiṣatīrtha. b.1908, Indore, M.P. Rtd. Prof.,
Indore Sanskrit Mahavidhalaya. Gp.
Ramsuchita Tripathi, Muralidhar Thakur. Ps.
05. Add. 50, Ahilyapur, Indore, M.P. Spl.Ref.
Jyotiṣa Śāstra.
Shastri, Madhawacharya. Shastri. Bks. 05.
Kabīracaritam, Ravidāsacaritam, Mīrācaritam,
Ṭudesmṛtiḥ. Spl.Ref. TarkŚāstra, Title of
Śāstrartha Maharathi, Sāhitya.
Shastri, Madhukar. Acharya (Sāhitya/
Mīmāṃsā). Ph.D. b.1921. Rampuro Dabadi,
Jaipur, RJ. Research Fellow, RJ Prachyashodh
Pratishthan, Jodhpur. Gp. Pt. Patta-bhiram
Shashtri, Pt. Dinanath Trivedi. Bks. 09. Pathika
Kāvyam, Svapna, Milana, Dhārātmaja,
Mahāvīra-Saurabham, Tulasīdās-Gauravam.
Spl.Ref. ‘Magh-Puruskar’ by RJ Sanskrit
Academy.
Shastri, Madhura Krishnamurti. Sanskrit
Sāhitya, Vyākaraṇa , KhagolaŚāstra, Jyotiṣa
Śāstra, VastuŚāstra, Dharma-Śāstra. b.
28.02.1928, Mukammala, West Godawari Dist.
(A.P.). Spl. Ref. He received the titles of Jyotiṣa
Vijnana Bhaskar from Nannaya Bhattarka
Peetham, Tanuku in 1981, ‘Kanaka-bhishekam’
from sh. P. Venkata Subbaiah, the then
Governor of Bihar in 1985, Rajiv Vijnana
Puraskaram from SBSRCharitable Trust,
Asthamur, ‘Vastukala Nidhi’ from Bharatiya
Vijnana Samithi, Jaggayyapet and ‘Ugadi
Puraskar’ from Madras Telugu Academy in
1988, ‘Daivajna Siromani’ from Lions club,
Vishakhapatanam in 1999, and ‘Vachaspati’
from R.S. Vidyapeetham, Tirupati (Deemed

