106



Campus, Bhagalpur (Bihar). Spl.Ref.
Vyākaraṇa, KāvyaŚāstra.
Jha, Kalika Datt. M.A., Ph.D. b. 09.09.1950,
Saurath, Madhubani, Bihar. Asst. Prof., Skt.
Dept., L.N. Mithila Univ., Darbhanga. Gp. Dr.
Kashinatha Mishra, Dr. Vachana Jha. Ps. 01.
Add. L.N. Mithila Univ., Dist. Darbhanga ,
Bihar. Spl.Ref. Vyākaraṇa, Darśana.
Jha, Kalinath. Śuklayajurveda, Shiksa-shastri.
b. 01.01.1949, Shahpur, Madhubani, Bihar.
Vice-Principal. Gp. Pt. Shivdas Mishra. Add.
Shri Motinath Sanskrit Mahavidyalaya. Ramesh
Nagar, New Delhi – 110015. Spl.Ref. ShuklaYajurveda.
Jha, Kamdev. B.A., Ph.D. b. 06.09.1963.
Bhithamore, Dist. Sitamahi. (Bihar). Add. 6
– D. Dayalbagh. Ambala Cantt. HR. Ph. 660075.
Jha, Kameshwar. M.A. in Sanskrit. b.
04.06.1939, Bardaha, Mithila, Bihar. Principal.
Add. Govt. Secondary School, Khutaina,
Madhubani (Bihar). Spl.Ref. Sāhitya.
Jha, Kamlesh. Acharya (Śāṅkara Vedānta,
Śaivāgama, Navyanyāya, Jain Darśana) Ph.D.
b. 04.06.1960 Samastipur,Bihar. Prof. & HOD,
Deptt. of Dharmaagama, BHU, Varanasi. Gp.
M. M. Pt. Rameshwar Jha Bks.07 Saṃvitsvātantryam, Śaivatattvavimarśa, Āgamasaṃvid,
Pūrṇatā Pratyabhijñā. Ps 10. Add. Deptt. of
Dharmaagam, Faculty of SVDV, BHU, Varanasi221010. Ph. 0542-2315148 M.09336073463
Spl.Ref. Śaivāgama, Vedānta. Visited Scottland.
Jha, Kashi Nath. M.A., Ph.D. b. 31.12.1960.
Deep, Bihar. Ps. 04. Lect. Add. Kalyani Mithila
Skt. College, Vill. & P.O. Deep, Distt.
Madhubani, Bihar. – 847403. Ph. 06273 -22672 ,22626.
Jha, Kashi Natha. Acharya. b. 15.04.1929,
Madhubani, Bihar. Gp. Pt. Trilokanatha Mishra,
Mahavira Mishra. Add. Vill. Vitto, Post.
Sarisabpahi, Madhubani, Bihar. Spl.Ref.
Sāhitya.
Jha, Khagesh. Acharaya (Vyākaraṇa, Sāhitya),
Ph.D. b. 02-01-1942, Madhubani. Rtd. Principal

RPS College, Vaishali. Gp Pt. Ramesh Jha,
Pt. Ramand Jha, Pt. Ramdev Jha, Pt. Udaykant
Jha, Pt. Mahesh Jha. Sp Pt. Atmanand Sharma,
Pt. Pramanand Jha, Pt. Rajendra Jha, Pt.
Bhaglu Jha. Bks 4 Dharmasya Mūlam Arthaḥ,
Surabhāratī, Prabandhāvalī. Add. B3/7 RD.
Gardi Medical College Campus Ujjain – 456006
(M.P.), M 08084949348 Email jhakamal@
rediffmail.com Spl.Ref. Jyotiṣa & DharmaŚāstra.
Jha, Khoj Narayan. M.A., Acharya in Sāhitya.
b. 02.04.1942, Sadar, Mithila, Bihar. Principal.
Gp. Pt. Shukdev Jha, Pt. Yogendra Jha. Add.
Govt. Sanskrit College, Bhagalpur (Bihar).
Spl.Ref. Sāhitya.
Jha, Kirtyananda. M.A., Ph.D.. b. 15.04.1934,
Jariso, Darbhanga, Bihar. Asst. Prof. Gp. Pt.
Achyutananda Jha, Pt. Harirama Shukla. Bks.
01. Gū©hārthatattvālokaḥ. Add. Dept. of
Darśanaa, K. S.Darbhanga Skt. Univ.,
Darbhanga, Bihar. Spl.Ref. Vyākaraṇa, Navya
Nyāya.
Jha, Kishor Nath. Acharya in Vyākaraṇa,
Sāhitya, M.A. in Skt. (Nyāyavaiśeṣika group),
Ph.D., D.Lit. b. 10.06.1940. Rtd. Reader,
R.Sk.S. Ganganath Jha Campus, Allahabad.
Gp. Madhusudan Mishra, Dinabandhu Jha,
Chandramadhava Jha. Bks. 52. Uttara
Rāmacaritam (Skt.&Hindī commentery.),
Nyāyaśāstrī Īśvaravāda, Nyāyadṛṣ-yā Ātmavādānucintanam, Nyāyasūtrāṇāṃ Pā-havimarśaḥ, Nyāyaśāstrānuśīlanam. Ps. 125. Add.
Vill. Bittho. P.O.-Sarisub-Pahi. Dist.
Madhubani, Bihar. Spl.Ref. An extraordinary
scholar in different schools. President Awardee
in 2003. An ever green Editor of manuscripts
in G.N.Jha campus. President Awardee.
Jha, Krisha Madhav. b. 1898. Bihar. Bks. 01.
Tatvaprakāśikā Ṭīkā (Comentory on
Paramalaghu Mañjūṣā). Expired in 1986.
Jha, Krishna Kumar. Acharya in Sāhitya,
Shiksashastri. b. 11.01.1964, Madhubani,
Bihar. Asst. Prof. Ps. 01. Add. Mumba Devi
Adarsh Sanskrit Vidyapeetha, Bhartiya Vidya
Bhawan, K.M. Munshi Marg, Bombey – 400007
(MH). Spl.Ref. Sāhitya.

