
Acharya. b.15.10.1917, Patijiva, Basti, U.P.
Rtd. Teacher. Gp. Buddhisagara Sarma;
Sitarama Pathaka; Kamalakanta Misra. Add.
90A/5, Baghambari Bagh, Allahabad (U.P.).
Spl.Ref. Vyākaraṇa, Veda & Vedānta.
Shukla, Kuber Nath. Acharya in Vyākaraṇa,
M.A. b.01.01.1911, Deoria, Gorakhpur, (U.P.).
Rtd. Principal. Government Skt. College,
Varanasi. Bks. 04. Vālmīkī Vacanāmṛta,
Yogavāśiṣ-ha ke Rāma, Yogavāśiṣ-ha ke
Ākhyānaka, Mahābhārata Sarvasvam. Add.
J 11/81 A, Dhumchandi, Varanasi (U.P.).
Spl.Ref. Vyākaraṇa.
Shukla, Lakshmi Shankar Gouri Shankar.
Acharya in Vyākaraṇa, Kāvyatīrtha. b.
23.12.1916, Varodara, GJ. Gp. Gouri Shankar
Shukla. Balkrishna Ghanpati, Shridhar Laxman
Pade.Vitthalram Shastri, Laxminath Shastri,
Balkrishna
Miishra.
Bks.
Maṇ©apakuṇ©asiddhiḥ. Add. Ghantipara, Hargovind
Bakra ka khancha, Vadodara. GJ. Spl.Ref.
Vyākaraṇa, Sāhitya & Veda.
Shukla, Laxman Narayan. Acharya in Sāhitya,
Tīrtha(Kāvya & Purāṇa), M.A.(Hindi, Sanskrit),
Ph.D. b. 02.11.1927, Gwalior, M.P. Gp. Sitaram
Shastri, Jagannath Shastri Dadhicha. Bks.
Luṇ-hakājīvanam (MahaKāvyam). Add. 117,
Nilkhanth Colony, Indore M.P. Spl.Ref. Sāhitya,
Purāṇa. Govt. of U.P. Awardee.
Shukla, Mahendra kumar Jagannath Bhai.
Ph.D. b.22.11.1940. Prof. S.V. Arts College,
Relief Road, Ahemdabad. Add. 9 B. Nava Wadaj
Society, Ahemdabad. Spl.Ref. Veda & Alaṅkāra
Śāstra.
Shukla, Mahendra Narayan. Acharya.
b.08.06.1948. Dungri, Chamoli, (U.P.).
Principal. Gp. Harishankar Tripathi. Ps. 05.
Add.
Shribada
Kalikamali
Sanskrit
Mahavidyalaya, Rishikesh (Uttarakhand).
Spl.Ref. Vyākaraṇa.
Shukla, Mangal Datt. Acharya. b. 01.09.1958,
Varatpharika, (U.P.). Asstt. Principal. Ps. 03.
Add. Shri Ram Sanskrit Vidyalaya, Lahure,
Charaka, Allahabad (U.P.). Spl.Ref. Sāhitya.

293

Shukla, Mani Shankar. M.A. (Sanskrit & Hindi).
b.1929. Jaipur, RJ. Asst.Prof., RJ Univ. Spl.Ref.
Expert in Karmakand. Awarded by Govt. of
Raj.
Shukla, Manik Chandra. Shastri, Ph.D. b.
02.01.1946. Visampur, Varanasi, (U.P.). Asst.
Prof. Gp. Dr. Ramsakal Pandey. Ps. 05. Add.
SamPurāṇaanada Sanskrit Vishwavidyalaya,
Varanasi (U.P.). Spl.Ref. Sāhitya.
Shukla, Manoj Kumar. Achatya in Vyākaraṇa.
b.05.02.1966, Kakoda, Allahabad (U.P.).
Assistant Teacher. Gp. Ramkishor Tripathi,
Purushottam Tripathi. Ps. 03. Add. Shri
Samarth Sanskrit Vidyalaya, Samartheshvar
Mahadev, Ellis Bridge, Ahmedabad (GJ).
Spl.Ref. Navya Vyākaraṇa.
Shukla, Mohan Lal. Acharya. b.03.04.1942.
Salempur, Fatehpur, (U.P.). Gp. Ramshankar
Dwivedi, Dr. Adyaprasad Mishra. Bks. 02.
Dhruvacaritam, Prahlādacaritam. Add. Sachha
Adhyatma Sanskrit Mahavidyalaya, Arail,
Allahabad (U.P.). Spl.Ref. Sāhitya.
Shukla, Nalini. M.A. Ph.D. b.08.06.1940.
Kanghesi. Itawa (U.P.). Asst.Prof., Acharya
Narendradev Girls Univ., U.P. Bks. 03.
Prakīraṇam, Bhāvāñjalī, Kathāsaptakam.
Spl.Ref. Director of Sanskrit Plays for National
and International Level.
Shukla, Narayan. b.1908. Khonda, U.P.
Principal, Shri-Nath Sanskrit College, Hata,
U.P. Bks. 02. Urmilīya-mahākāvyam,
Kṛśnāyanam.
Shukla, Neelkanth Mahashankar. Acharya
in Sāhitya. b. 02.01.1927. Surat. Rtd. Prof.
& HOD Skt. Deptt. OH Nazar Ayurveda
Mahavidyalaya, Surat. Bks. 05. Kṛṣṇārcanapaddhati, Jīvanaparāga, Yāga aur
Devapratiṣ-hā. Spl.Ref. Śuklayajurveda, Title
of Shuklayajurveda Pt., Dutt Peetha Aasthan
Vidwan, Pt. Bhushan, Yagyik Visharad. He
also traveled African states for propagation
of Indian culture and religion. Presently, he
is functioning as ‘Acharya’ in various
ceremonies, cultural programmes, spiritual

