
Nuyadiha, Tangan Palli, Bharkumarada,
Ganjam, (Orissa). Spl.Ref. Sāhitya, Jyotiṣaa,
Karmakanda & Veda.
Satapurakar, Vishnu Vaman. M.A., Ph.D.
b.23.07.1937, Sasik, MH. Gp. S.A. Dange. Bks.
Śāstraśuddhapañcāṅgasya Nirṇayasāgarpañcāṅgasya Prakāśanam. Add. Yashodiya
Thakur Nagar, Sant Tukaram Road, Mulund
East, Bombay, MH. Spl.Ref. DharamŚāstra.
Satheesha, K.S. Siromani Acharya in Advaita
Vedānta, M.A., Vidyavaridhi b. 27.03.1977
Shimoga. Asstt. Prof. Sri Lal Bahadur Rashtriya
Skt. Vidyapeeth. Gp. Dr. Krishna Moorthy
Shastrigal. Ps. 02. Add. Deptt. of Advaita
Vedānta Sri Lal Bahadur Rashtriya Skt.
Vidyapeeth. New Delhi 110016. Ph. 01126303902. seemasatks@gmail.com. Spl. Ref.
Advaita Vedānta, Vidwat Pravara.
Sathian, M. M.A., M.Phil., B.Ed., Ph.D.
b.25.05.1966. Chathamanmalam. Asst. Prof.
Ps. 02. Add.Harinandanam, Pattamri,
Palakkade, Kerala, Pin- 679303.
Sathyanarayana, R. M.Sc.(Chemistry), Ph.D.,
D.Litt b.09.05.1927. Professor, Mysore, KT.
Bks. 90. Niśānka Hṛdaya, Puṇ©arīkamālā,
Bharatanātya : A Critical Study, Suladis and
Ugabhagas of Karnātakā Music. Vīnalakṣanā
Vimarśa. Ps. 300. Add. 12, 9th Cross, 4th main
Jayanagar, Mysore– 14, KT. Spl.Ref. Awarded
Padmabhushana.
Sati, Khimanand. Acharya in Sāhitya.
b.07.07.1946, Patali, Nainital, (U.P.). Asst.
Prof. Gp. Vedanand Jha, Kedaradatta Shastri,
Kamtaprasad Shastri. Ps. 02. Add. Shri Prachin
Avadhut Mandalashram, Haridwar. Spl.Ref.
Sāhitya.
Sati, Mohan Prasad. Acharya. b.15.12.1956.
Teacher, Govt. Higher Secondary School,
Shriniwas Puri, New Delhi. Ps. 02. Add. G12, Shriniwas Puri, New Delhi–110065.
Satpathy,
Prakash
Chandra.
Ph.D.
b.03.05.1972. Orissa. Ps. 02. Add.C/o Krishan
Ji, F – 195, Kathwaria Sarai, New Delhi–16.
Satyamurti. M.A. b.01.07.1977. Chhapra

243

(Bihar). Junior Research Fellow in D.U. Ps.
01. Add. H–07. Jubilee Hall. Univ. of Delhi,
Mall Road, Delhi – 110007.
Satyanarayan, Koyambatturu Vedvyas. b.
10.12.1945, Kumbhakonam, TN. Gp.
Keshavachary, R. Krishnasvami Ayyangar. Add.
Shri Padmavati Devasthan, Tiruchanur–
517503 (A.P.) Spl.Ref. Kṛṣṇayajurveda
(Kramanta).
Satyanarayana, K. M.A. (Sanskrit & Education),
Ph.D. b.01.03.1957, Dorasanipadu (A.P.). Asst.
Prof., Nagarjuna University, Guntur, A.P.
Satyanaryana Bhimraj. M.A., B.Ed., V.P. b.
22.09.1909. Rtd. PCS., A.P. Govt., Principal,
SBS Oriental Mahila Mahavidyala. Tonoku
Nagar. A.P. Bks. 01. Sūktimuktāvalī.
Savsani, Mansukh Lal Devraj Bhai. Ph.D.
b.31.05.1964. Prof., M. N. College, VishNagar.
Ps. 02. Add. 13, Mohan Nagar Society, M.N.
College Road, VishNagar, Mehsana. Spl.Ref.
Purāṇa Śāstra.
Saxena, Madhuri. M.A. b.16.10.1943. Principal,
Lalbahadur Shastri Smarak J.A.V.M. Senior
Secondary School, R.K. Puram, New Delhi.
Ps. 02. Add. A-8/2, Baldev Park (E), Krishna
Nagar, Delhi. Spl.Ref. Sāhitya.
Saxena, Parvesh. M.A., Ph.D. b. 24.12.1946.
Delhi. Prof., Jakir Hussian Evening PG College,
Delhi. Bks. 02. Anubhūtiḥ, Rāṣtradevatā. Ps.
50. Add. AN7B, Shallimar Bagh, Delhi. Spl.Ref.
Sāhitya.
Sekhar, Ramadevi. B.A., M.A., B.Ed., M.Phil.
b.10.08.1976, Chennai. R.A. Ps. 02. Add.16,
LIC Colony, Dr. Radhakrishnan Nagar,
Thiruvanmiyur, Chennai-41, TN.
Sekharan, K. M.A., Ph.D. b.01.11.1953. Kollam,
Perinad. Asct. Prof., Calicut University, Kerala.
Bks. 01. Nārāyaṇa Paṇdita and his works.
Ps. 10. Add. Sasimangalam, Chonamchira,
Perinad, Kollam-01, Kerala.
Semaval, Ram Gopal. Sāhityacharya, M.A.,
Sāhityaratna. b.30.09.1957, Jakhani, Melgarh.
Vice-Principal. Gp. Prabhulal Mishra,
Kamataprasad Sharma. Ps. 03. Add. Shri Nirmal

