118



Sanskrit College M.S. Univ., Varodara. Add.
B-61, Payal Park Society, Near Bright School,
VIP Road Karelibag, Varodara. Spl.Ref. Vedānta
Śāstra, Vyākaraṇa.
Joshi, Moreshvar Tryambak Shastri.
Kāvyatīrtha, Smṛtitīrtha, Dharmaśāstra. b.
1924, Yelambaghat, MH. Gp Vinayak Shastri
Tillu, Achyut Shastri Padhve. Bks. 01.
Mahārāṣ-ra – paṇ©itavaidikajñānām 750
Saṅkhyakānām Parichayaḥ. Add. Madhasamor,
Igatpuri, Nasik – 422403 (MH). Spl.Ref. Kāvya,
Smṛti.
Joshi, Motilal. Acharya in Sāhitya, Vyākaraṇa,
Darśana. Kāvyatīrtha. b. 1935. Vill. Badijodi,
Teh. Shahpura, Distt. Jaipur. Principal,
Maharaja Skt. College, Jaipur. Asst. Director,
Skt. Education Directorate, Jaipur. Syndicat
Member – Governer Nomini – J.R. Raj. Skt.
Univ. Jaipur. Bks. 02. Kārakamīmāṃsā.
Prabodha Chandrikāyāh vimarśaḥ. Spl.Ref.
Established Rajasthan Teacher Training
College. Shahpurabag. Jaipur.
Joshi, Nalini. M.A., Ph.D. Asst. Prof. Ps. 03.
Add. Govt. Skt. College, Indore (M.P.).
Joshi, Narayandutt. Acharya in Navya,
Vyākaraṇa. b. 01.09.1956, Bheta, Nainital,
U.P. Asst. Prof. Gp. Dr. Sitaram Shastri,
Shaligram Mishra. Add. Shri Mahadevagiri
Skt. Mahavidyalay, Haldwani, Nainital. Spl.Ref.
Vyākaraṇa.
Joshi, Natavaralal. Acharya in Sāhitya, M.A..
b. 24.11.1936, Lakshmangarh, Rajasthan. Asst.
Prof. Gp. Tikaram Tripathi, Ghanashyamachandra Shastri. Add. Shri Rishikul
Brahmacharyashram Skt. Mahavidyalaya,
Lakshmangarh (RJ). Spl.Ref. Sāhitya.
Joshi, Navneet Bhai Jayanti Bhai. Ph.D. b.
18.10.1964. Prof. Smt. J.C. Dhanak Arts &
Commerce College Bagsara Distt. Ambreli.
Add. Yashash 56/B, Vrindawan Park 2, Varsada
Road Ambreli. Spl.Ref. Purāṇa.
Joshi, Neeraben P. Ph.D. b.17.10.1947. Prof.
Smt. R.D. Shah Arts & V.D. Shah Commerce
College Dholka, Ahemdabad. Add. 21 Sumeru

Banglow Ramdev Nagar Satelite Road,
Ahemdabad . Spl.Ref. Purāṇa Śāstra.
Joshi, Pankhuri. Ph.D. b. 21.05.1983, Guest
Asst.Prof., Maharshi Panini Skt. Univ. Ujjain
M.P. Ps. 04. Add. 13, Dashhara Maidan, Ujjain,
M.P.
Joshi, Paramaraj. Acharya in Sāhitya. b.
10.12.1952, Chabira, Bajhanga, Nepal. Head
of Deptt. of Sāhitya. Gp. Ghanashyam Shastri.
Add. Shri Baijanath Sanskrit Mahavidyalaya,
Morabad (U.P.). Spl.Ref. Sāhitya.
Joshi, Prabhakar. M.A.. b. 10.10.1933, Koda,
Dhar, (M.P.). Principal, Govt. Sanskrta
Mahavidyalaya, Ujjain, (M.P.). Ps. 02. Add.
40, Pan Dariba, Matrichchaya, Ujjain – 456001
(M.P.). Spl.Ref. Purāṇa, Yajurveda, Dharma
Śāstra.
Joshi, Prafulla Kumar Vishvanath. Ph.D.
b.08.05.1957. Asct. Prof. Sanskrit deptt. Sardar
Patel Univ., Aanand. Add. D-22, University
Staff Colony Vallabh Vidhya Nagar Aanad.
Spl.Ref. Alaṅkāra Śāstra.
Joshi, Pragya Ben Yogesh. Ph.D. b. 06.12.1958.
Prof. Maharshi Vedvigyan Acadamy 3-B, High
Land Park Society, Ahemdabad. Add. S-3, Kriti
Appartment, Nehru Park, Ahemdabad. Spl.Ref.
Alaṅkāra.
Joshi, Praksh Chandra. Acharya in Sāhitya
MA, B.Ed, Ph.D,b 15.06.1981. Lecturer Gurukul
Mahavidyalaya, Haridawar. Ps 10 Add. Gurukul
Mahavidyalaya, Jawala pur, Gurukul Kangri,
Haridawar -249404. M 9456319195.
Joshi, Pramodashankar M.A. (Skt. Hindi),
Ph.D.. b. 10.10.1951, Maler Kotla, Sangrur,
Punjab. Asst. Prof.. Gp. Dr. D.K. Gupta, Dr.
Rabindra Ravi. Add. Govt. College, Darabassi,
Patiala (Punjab). Spl.Ref. Sāhitya.
Joshi, Praphullachandra Devshankar. Acharya
in Sāhitya, Shiksashastri. b. 22.04.1958,
Chaparada, Junagarh, Saurashtra, GJ. Asst.
Prof. Gp. Pt. Shankarlal Shastri, Pt. Shastri.
Add. Jagadaguru Shri Ramanandacharya
Adarsh Sanskrit Vidyapeetha, Girnar Road,
Junagarh (Gujarat). Spl.Ref. Sāhitya.

