276



University) in 2000. He has 7 Published works
to his credit. He participated in different
conferences. He has been a famous almanac
writer and scholar of Dharma Śāstra, Jyotiṣaa
and Vastu, President Awardee.
Shastri, Madhusudan. Acharya in Sāhitya. b.
1903. Chiraba. Asst.Prof., Sanskrit College,
Varansi. Bks. 05. Kāvyamimāṃsā, Vyaktiviveka,
Rasa-gaṅgādhara, Nā-yaśāstra, Kāvyaprakāśa
(All Hindi Tr.). Expired on 23.12.1986. Spl.Ref.
Established Bhartiya Pandit Mahaparishad.
Editor of ‘Śri-Paṇdita’ Manthly Sanskrit
Magzine.
Shastri, Magdi Laxmi Narasimha. Tarkashastri,
Vedāntashastri, Mīmāṃsā-shastri. b.21.05.
1914, Shivaganga, Bangalore, KT. Asst. Prof.,
Shri Shringerishankaramathiya Mahavidyalay,
Bangalore. Gp. Tiptashastri, M.M. Venkatesshastri. Add. No. 55/11, H.B. Samaj Road,
Bangalore–560004. Spl.Ref. Veda, Vedānta,
Mīmāṃsā & Tarka.
Shastri, Mahabaleshvar Bhadati. Acharya in
Sāhitya, Alaṅkāravidvān, Hindi Rastrabhashavisharad. b.22.03.1917, Gokarn,
Karwar, KT. Purohita (Priest). Gp.
Devarushastri, Shivramshastri. Add. Kotitirtha
Road, Gokarna – 581326 (KT.). Spl.Ref.
Alaṅkāra Sāhitya & Veda.
Shastri, Mahadev. Acharya. b. Bhabhua, Bihar.
Principal, Oriental College, Varanasi. Bks. 04.
Bhārataśatakam, Pūrṇāstavaḥ, Gaṅgāṣ-akam,
Cārudevaśatakam. Spl.Ref. Title of SarvatantraSwatantra and Kavitarkik Chakravarti. After
Diksha he is known as Sri Maheswaranand
Saraswati.
Shastri, Mahalinga. B.L. M.A. b.31.07.1897.
Tanjor (Madras). Lowyer & Asst.Prof. Madras.
Gp. Sri Appaya Dixit. Bks. 12. BhramaraSaṃdeśa, Bhāratī-Viśāda, Vanalatā, Ādikāvyodaya, Stutipuṣpahāra. Expired on
14.04.1967.
Shastri, Mahanand. M.A., B.Ed. b.30.07.1936.
Teacher, A.S.V.J. Senior Secondary School,
Daryaganj, New Delhi. Ps. 03. Add. 33/2, Shakti
Nagar, Delhi – 110007. Spl.Ref. Sāhitya.

Shastri, Mahashankar N. Trivedi. Acharya
in Śāṅkar Vedānta, Kāvyatirth, Sāṅkyayogatirth. b.02.09.1910, Jodiyabandar,
Jamnagar, GJ. Rtd. Principal. Gp. Chaganlal
Devaray Trivedi. Ps. 03. Add. Govt. Sanskrit
Pathashala, K.V. Road, Jamnagar (GJ). Spl.Ref.
Śāṅkar Vedānta, Kāvya, Sāṅkyayoga.
Shastri, Mahaveer Prabhachandra. M.A. (Skt.,
Prakrit), NET, JRF, Ph.D. b. 08.10.1974,
Solapur, MH. Asstt. Prof. Bks. 15. Ps. 15. Add.
Kalyan Bhawan, 75 East Mangalwar Path,
Solapur – 02. MH. Spl.Ref. Prakrit, Manuscript
Editing, Chief Editor Jain Bodhak, Maharshi
Badrayan Samman by President of India.
Shastri, Mahendra Kumar. b. 1918. Meerut,
U.P. Acharya Srimad Dayanand Updeshak
Vidyalaya, Lahore. Bks. 03. Pitṛśatakam,
Gurukulmahatvaśatakam,
Manurbhava.
Expired.
Shastri, Mahendra Nath Sharma. VyākaraṇaMīmāṃsā-smṛti-shastri.
Teacher.
Gp.
Govindnath Vyākaraṇa tīrtha, Laxmipati
Tarkatīrtha, Acharya Manoranjan Shastri. Add.
Sonitpur Prachya Vidyalaya, Parvati Nagar,
Tejpur, Sonitpur (Assam). Spl.Ref. Vyākaraṇa
Mīmāṃsā, Smṛti.
Shastri, Mahidhar Prasad. Acharya in Sāhitya,
M.A. b.15.10.1924, Maid, Garhwal. Teacher.
Gp. Krishnalal Jha. Ps. 03. Add. Shri Jagadev
Singh Snaksrit Maha-vidyalaya, Haridwar
(Uttarakhand). Spl.Ref. Sāhitya.
Shastri, Manas Ram. Acharya in Vyākaraṇa.
b. 1922, Pauri Garhwal, (U.P.). Teacher. Gp.
Muralidhar Mishra. Ps. 03. Add. Rishi Sanskrit
Vidyalaya, Haridwar (U.K.). Spl.Ref.
Vyākaraṇa.
Shastri, Mangalji Uddhavji. Acharya. b.1964,
v.s. Datrana, Junagarh, GJ. Gp. Revashankar
Shastri, Dayashankar Shastri, Nathuramji
Sharma. Add. Vrindawan Shastri Society, S.T.
Stand, Junagarh– 362001 (GJ). Spl.Ref.
Vyākaraṇa & Veda.
Shastri, Manikya Lal. Acharya in Sāhitya &
Āyurveda, M.A., Shiksha-Shastri. b.15.08.1947.

