
Sharma, Umesh. M.A. b.19.08.1962. Teacher,
Bala Bhavan Public School, Laksmi Nagar,
Delhi. Ps. 02. Add. 622, Ganesha Nagar,
Shakarpur, Delhi–110092. Spl.Ref. Sāhitya.
Sharma, Usha Devi. M.A. L.T. b. 29.04.1940.
Teacher, Govt. Girls Senior Secondary School
No. 2, Najaf Garh, Delhi. Ps. 02. Add. A-116,
Shankar Garden, New Delhi–110018. Spl.Ref.
Sāhitya.
Sharma, Usha Rani. M.A., M.Ed. b. 13.03.1946.
Teacher, Central School, New Delhi. Ps. 03.
Add. 3/595, Mehrauli, New Delhi – 110030.
Spl.Ref. Sāhitya.
Sharma, Usha. Acharya in Sāhitya, M.A., Ph.D..
b. 09.06.1950, Varanasi, (U.P.). Asst. Prof.,
Deptt. of Sanskrit, Banaras Hindu University,
Varanasi. Gp. Dr. Virendrakumara Varma, Dr.
Gopalachandra Mishra, Dr. Mahapradhulal
Gosvami. Ps. 05. Add. 51/1, Kabir Nagar,
Varanasi (U.P.). Spl.Ref. Sāhitya.
Sharma, V. Muralidhara. M.A., M.Sc., B.Ed.,
M.Ed.. b.15.06.1960, Sicanderabad (A.P.),
Professor, Rashtriya Skt. Vidyapeetha, Tirupati.
Gp. Amaravadi Krishnamacharya, Sri
Samudrala Srinivasacharya, Y. Ananda Rao,
Peri Suryanarayana Shastri. Prof. Shridhar
Vashishtha. Bks. 05. Uṇādikośa, Saṃskṛta
Śikṣaṇa Samasyā, Saṃskṛta Vijñanabhavanam(Part-I, II), Teaching Skills. Add.
Flat No. 201, Venkata Sai Enclave,
Chennareddy Colony, Tirupati- 517507.(A.P)
Spl.Ref. Visit Russia to conduct an International
Seminar on scientific views of ancient India
& modern scientific knowledge sponsored by
dept. of Science & Technology. Govt. of India
on October 24, 2004.
Sharma, V. Shrinivasa. M.A., M.Phil.,
Ph.D.(Sanskrit), M.A., Ph.D. (Telugu), Ph.Dip.
b. 10.12.1963. Gatlamallepally. Bks. 04.
Saṃskṛtamārgopadeśikā,
Vemabhūpālacaritagarimā, Abhinava Tīrtha Yaśobhūśaṇam,
Chandomañjarī, Saṃskṛtāndhravyutpttīkoṣaḥ.
Ps. 23. Add. 09-08-49, Maruti Nagar, Opp.
Santosh Nagar, Hydarabad–500059.

267

Sharma, Vachaspati Maudgalya. Acharya in
Sāhitya, B.Ed., M.A. b. 07.01.1950. Teacher,
Ramaratna Amirchandra Gita Co-Education
Higher Secondary School, Shankar Nagar,
Delhi. Ps. 03. Add. 9/306, Sector-3, Rajendra
Nagar, Sahibabad, Ghaziabad- 201005 U.P.
Spl.Ref. Sāhitya.
Sharma, Vasant Lal. Acharya in Sāhitya, M.A.,
Ph.D. b.11.11.1913, Alampura, Jhunjhunu,
RJ. Rtd. Asst.Prof., Birla Arts College, Pilani,
Presently a journalist. Bks. Saṃskṛti Mālā
(Hindi). Add. Near Police Station, Pilani333031 RJ. Spl.Ref. Sāhitya.
Sharma, Vasudev Venkataraja. M.A.,
Vyākaraṇa MM. b. 11.07.1930. Tiruvantapuram, Kerala. Honourary Prof. French Inst.
of Pondicherry. Spl.Ref. Many of his students
are working as Professor in different
Universities in India, President Awardee.
Sharma, Vasudev. M.A. Acharya. b. 15.07.1929.
Teacher, Marwari School, Delhi. Ps. 03. Add.
A- 84, Gujaranvala Town, Delhi- 110009.
Spl.Ref. Acharya.
Sharma, Vasudev. Acharya in Phalita Jyotiṣa.
Siddhānta Jyotiṣa. Ph.D. b. 08.11.1960. Hapud,
U.P. Prof., R.Sk.S., Jaipur Campus, RJ. Gp.
Pt. Yagyadutt Sharma, Pt. Krishnakant Sharma,
Pt. Sankata Prasad Upadhyay, Prof. Shukdev
Chaturvedi, Prof. Omkarnath Chaturvedi, Pt.
Kalyandutt Sharma. Sp. Dr. Bhushan Sharma,
Shubha Sharma, Dr. Manoj Shrimas. Bks. 05.
Bhuvanadīpakam (Bhāyṣya), Bhāratīya
Vedhaparamparāyaḥ Kramika Vikāsaḥ,
Bhāratīya Vāstuśāstra Paricaya Pāthyakrama(Ed.). Ps. 38. Add. 120 – B, Krishna
Vihar, Gopalpura Baipass, Jaipur–302018.
RJ. Spl.Ref. Editor ‘Yajñaśālā - Pañcāṅg’ &
‘Śrī Kṛśna Pañcāṅg’.
Sharma, Ved Prakash. M.A. (Hindi/Sanskrit),
M.Ed., Diploma in Tamil History & Culture.
b.31.12.1961. Udhampur. Ps. 03. Add. Kendriya
Vidyalaya No.- 2. Dhar Road, Udhampur, J&K.
Sharma, Ved Prakash. M.A. B.T. b. 13.07.1943.
Teacher, Harcourt Butler Senior Secondary

