
Bhate, Saroja. M.A., Ph.D. b. 05.01.1942. Aundh,
MH. Head of the Deptt. (Skt. & Prakrit).
Bhandarkar Oriental Research Institute, Law
College Road, Pune – 411004. Bks. 16. The
Role of the Particle ‘ca’ in the Interpretation
of the Aṣ-ādhyāyī, The Fundamentals of
Anuvṛtti, The Mahābhāṣyadīpikā of Bhartṛhari
Āhnika VI, Law in Vaidika and Prākṛta
Literature (Bibliography and Survey)
Subhāṣitaśatakam - III. Ps. 44. Add. 15/46,
Nirmalbag, Parvati Peta, Pune – 411004. Ph.
020 – 25656932. Spl.Ref. President Awardee.
Bhatiya, Usha. M.A., B.Ed.. b. 05.10.1940.
Language Teacher (Skt.), Govt. Senior
Secondary School, Azadpur Colony, Delhi Add.
K-D-39 B, Ashok Vihar, New Delhi. Spl. Ref.
Sāhitya.
Bhatt, Acharya Bimal Krishna. M.A. Ph.D.
b. 01.04.1954. Batsop (Nalbori, Assam). Dip.
Director (Higher) Skt. Edu. Assam. Bks. 04.
Ps. 02. Add. Rangia (Tiniali). Kamrup. Assam.
Ph. 09678613149.
Bhatt, Balaganapati. Alaṅkāra Vidvat,
Rashtrabhasha Visarada, Kannadda Pandita.
b. 06.01.1919, Sringeri, Chikkamagalur, KT.
Rtd. Asst. Prof. of Skt., Junior College,
Chamaraja Nagar. Gp. Venkatacharya,
Chakavela Kesava Shastri, Venkata Ramana
Bhatta. Add. Surabharati Bhawan, Srirangapattanam – 571438 Mysore (KT). Spl. Ref.
Advaita Vedānta.
Bhatt, Balkrishna. Vill. Jakhauli, Patti Bhardar,
P.O. Jakhal Bhardar Distt. Tihari Uttaranchal.
Head Master, Rajkiya Skt. College Tihri
Gardhval Uttaranchal. Bks. 02. Svatantrabhāratam, Kāvya Saṅgraha.
Bhatt, Bhagavatprasad Natawaralal. M.A.,
Ph.D. b. 16.10.1931, Padara, Vadodara,
Gujarat, GP. G.H. Bhatta, Krishna Sakharama
Bhave, Arunodaya Jani. Add. C-09, Tara Bagh
Colony, Near Polytechnic, Vadodara (Gujarat).
Spl. Ref. Sāhitya.
Bhatt, Bhaskar. M.A. (Skt., Bauddha Litt. &
Philosophy). b. 19.01.1939, Teacher, Govt.
Senior Secondary School, Janakpuri, New

23

Delhi. Add. B-2/A/7, Janakpuri, New Delhi–
110058. Spl. Ref. Sāhitya.
Bhatt, Bhaskara K.S. Alaṅkāravidvat, SāhityaBhushana. b. 03.02.1921, Vill. Bhimankone,
Sagar Taluka, Karnataka. Rtd. Teacher. Add.
Vill. Bhimankone, Sagar Taluka, Shimoga –
577401 (Karnataka). Spl. Ref. Alaṅkāraśāstra.
Bhatt, Bhima. S.V. M.A. (Vedānta), Vidvān.
b. 17.02.1924, Sanur, South Kannad, KT. Rtd.
Asst. Prof., Camarajendra Skt. Mahavidyalaya.
Add. No. 24/4, Ishavasyam, Cross 6, 5 Main,
Chamraj Pet, Bangalore (KT). Spl. Ref. Prachina
Nyāya,
Navyanyāya,
Dvaitavedānta,
Alaṅkāraśāstra.
Bhatt, Bhuvanagote Ganesha Vidvān. b.
21.01.1929.
Vishvanathpur,
Sringeri,
Karnataka. Rtd. Teacher, Mysore Maharaja
Samskrita Mahavidyalaya. Gp. Chaturvedi
Ramchandracharya, Vishnumutri Bhatta. Bks.
01. Bhā--a Kaustubham. Add. 2262/I,
Basaveshwar Road, 6th Cross, Mysore – 4 (KT).
Spl. Ref. Alaṅkāraśāstra, Mimāṃsā.
Bhatt, Dilibhaya Bhagavatishankara. M.A.
b. 22.07.1943. Principal. Add. Saha K.M.S.
High School, Atul, Valsad (Gujarat). Spl. Ref.
Sāhitya.
Bhatt, Gangadhar. M.A. Ph.D. b. 01.01.1927.
Alwar (RJ). HOD. & Prof. Univ. of RJ. Jaipur,
Director Raibahadur Champalal Reserch
Institute, Chairman, RJ Skt. Academy, Jaipur.
Bks. 04. Prajñāmṛtam (ed.), Rājasthānīyamabhinava- Saṃskṛtasāhityam, Śabdavidyāsaurabham. Rājasthānagauravam. Ps. 200.
Exp. 08.02.2001. Jaipur. Spe. Ref. Chief Editor
Svaramangala Skt. Patrika of Jaipur, Dr.
Vishvanath Sharma, Pt. Shri Ashok Kumar
Gupta has done Ph.D. on his works. Award.
vidvat samman by govt of India & Haritrishi
puraskar by Maharana Mevar foundation.
Bhatt, Goswami Falgun. b. 1915. Bikaner.
Director, Nagarpalika Deptt. Bikaner. Bks.
01. Jayabharatādarśakāvyam. Exp. 06.05.1976.
Spl. in Kāvya, Jyotiṣa, Sāhitya, Karmakāṇda,
Āyurveda.

