256



Bhagavad Bhakti (Hindi), Bhāratīya Sādhanā
aur sūrsāhitya. Add. 9/70, Arya Nagar, Kanpur
(U.P.). Spl.Ref. Sāhitya & Veda. Received
Sāhitya Vachaspati, Vedaratna, Sāhityavaridhi
Awards.
Sharma, Muralidhar V., B.O.L., Dip. O.L.,
Acharya in Sāhitya, Ph.D. b.15.06.1960. Asst.
Prof. Ps. 03. Add. Kendriya Sanskrit Vidyapith,
Aliganj, Lucknow (U.P.). Spl.Ref. Vyākaraṇa,
ShikshaŚāstra.
Sharma, Murarilal. Acharya in Sāhitya, M.A.
(Arthasastra), M.Com. b.01.07.1937. Jaipur,
RJ. Rtd. Dy. Director, Rashtriya Sanskrit
Sansthan. Ps. 02. Add. 21/23, Shakti Nagar,
Delhi–11007. Spl.Ref. Sāhitya.
Sharma, N. Rangnath. Kannad Vidwan, Kannad
Pandit, Vyākaraṇa Śāstra, Alaṅkāra Śāstra.
b. 07.04.1916. Karnataka. Rtd. Lecturer, Govt.
Skt. Mahavidyalaya Bangalore. Bks. 21.
Bāhubalivijayam, Ekacakram, Guruparamparākāvyam. Add. 831, 4th ,Main Vijay Nagar,
Bangalore – 40. Spl. Ref. Skt. and Kannada.
Sharma, Nalini Ranjan. M.A., Ph.D.
b.01.05.1942. Bherua, Darrang, Assam. Rtd.
Prof., Guwahati Univ. Bks. 02. The Machanism
of Vedic Accent, The Kāmaripu School of
Dharmaśastra. Add. Sanjog Path, Gotanagar,
Guwahati.
Sharma, Narottam Datt. M.A., Ph.D.
b.01.12.1962. Bilaspur (H.P.). Principal. Ps.
01. Add. Gandhral, Swahan, Bilaspur–174310
(H.P.).
Sharma, Naveen. M.A., M.Ed.. b. 17.04.1983,
Bilaspur (H.P.). Research Scholar. Ps. 04. Add.
VPO. Kolka Balghar, Teh. Jhandutta, Dist.
Bkaspur (H.P.) – 174031. Ph. 7607773307.
astronaveen1983@-gmail.com.
Sharma, Neetu. M.A., NET. b. 23.06.1978
Lucknow. Asst. Prof., Jammu. Gp. Prof.
Navjivan Rastogi, Prof. B.K.Shukla, Dr. Preeti
Sinha, Pt. Dharmanand Shastri (Vyākaraṇa
),Dr. D.K. Singhdev. Ps.09.Add. RSKS, Sri
Ranbir Campus, Kot-Bhalwal, Jammu. Spl.Ref.
Sāhitya.

Sharma, Ogeti Parikshit. Bhasha Praveen, M.A.
(Skt. English). b.20.08.1930, Yazeli, Baptala.
Rtd. Asst. Director, Bks. 13. Akṣaya Gīta
Mukundam, Kālāya Tasmai Namaḥ, Śrīmat
Pratāparānāyam Mahākāvyam, Saundarya
Mīmāmsā, Janapad Nātya Gīta Mañjarī,
Yaśodhārā Mahākāvyam. Add. 10/11, Sakal
Nagar, Banner Road, Pune – 07. Spl. Ref.
Mahakavi, Geervan Geya Kavi, Kavi Mandal
Chakravarti, Patrakarita.
Sharma, Om Prakash. Shastri, M.A.. b.
01.04.1958, Sirsal, Kaithal. Teacher, Govt.
Senior Secondary School, Jyotisar. Gp. Lt.
Shri Balkrishan Bhardwaj, Shri Krishn Sharma.
Sp. Satish Sharma. Add. 1509/5, Jyoti Nagar,
Kurukshetra – 136118. Ph. (01744) 293854,
9416407017.
Sharma, Padmanabh P.M. Shiromani.
b.22.09.1917, Thanjavur, TN. Gp. M.M.
Karunglam Krishnashastri, Subrahmanya
Shastri. Bks. Ānandarāghavam, Yuddha-kāṇ©acampūḥ (Rājacū©āmaṇi Dīkṣitasya). Uttara
kāṇ©acampū (Bhagavantarāya Sakhinaḥ). Add.
2281, Sakha Nayakan Street, Thanjavur (T.N.).
Spl.Ref. Advaita Vedānta.
Sharma, Padmanabh. Acharya. b. 07.10.1929.
President, Department of Sanskrit, Bharatiya
Vidya Bhavan, New Delhi. Add. C-6A, 51-C,
D.D.A. Flats, Janakpuri, New Delhi – 110058.
Spl.Ref. Veda, Vyākaraṇa , Sāhitya, Mīmāṃsā,
Advaita Vedānta.
Sharma, Parasar. Acharya, Sāhityaratna.
b.15.10.1929. Teacher, Govt. Boys Sr.
Secondary School, Kidwai Nagar. Ps. 05. Add.
G.I. 871, Sarojini Nagar, New Delhi–110023.
Spl.Ref. Sāhitya.
Sharma, Phurailatpam Krishna Chandra.
Shastri (Kāvya, Vyākaraṇa & Karmakānda)
b.01.08.1936. Uripok Huidrom Leikai. Asst.
Prof., Sanskrit College, Imphal. Bks. 07. Śrī
Gopāla Śahsranāma (Trans. in Manipuri),
Anuvāda Candrikā (Trans. in Manipuri). Add.
Uripok Huidrom Leikai, Imphal, West.
Manipur. Pin–795001.

