
Singh, Kali Prasad. M.A., Ph.D., D.Litt. b.
February 1941, Silchar, Kachar, Assam.
Lecturer. Gp. Dr. K.P. Gosvami. Bks.
Nyāyadarśanavimarśa,
Śāṅkaravedānte
tattvamīmaṃsā. Add. Teachers New Flats,
Guwahaty University Campus, Guwahaty.
Spl.Ref. Sāhitya.
Singh, Kamla Prasad. M.A., Ph.D. Acharya
in Vedanairukta. b. 06.07.1939, Varanasi, U.P.
Vice Principal. Gp. Prof. Suryakanta; Dr.
Gopalacandra Misra. Add. Kashi Hindu
University, Varanasi–05 (U.P.). Spl.Ref. Veda.
Singh, Karna Acharya. Acharya, M.A., B.Ed.
b.18.06.1945. Teacher. Arsagurukula Samskrta
Mahavidyalaya. Ps. 03. Add. Gurukul, Taresar,
Jaunti, Delhi.
Singh, Karna. M.A., Ph.D. b.10.11.1935, Dogari,
Saharanpur. U.P. HoD, Sanksrit. Bks. Vaidik
Sāhitya Kā Itihās. Add. Meerut College, Meerut
(U.P.). Spl.Ref. Sāhitya.
Singh, Kripal. M.A., B.Ed. b.22.07.1953.
Teacher, Govt. Girls Senior Secondary School
No. 1, Palam Enclave, New Delhi. Ps. 02. Add.
RZ-400 A, Gali No. 6, Sadhunagar, Palam
Colony, New Delhi.
Singh, Krishna Das. B.A., M.A. (Phil./Skt.),
Ph.D. b.15.01.1955. Jarailtali, Dailasha-har.
Senior Deputy Magistrate, District Magistrate
& Collector, Dhalal, Tripura. Bks. 01.
Introduction to The Viṣhnupriyā Manipuris.
Ps. 04. Add. TCS, Sr. Deputy Magistrate,
C/o The DM & Collector, Dhalai District,
Jawaharnagar, Ambassa, Tripura.
Singh, Kshemdhari. Bks. 01. Surathacaritam.
Expired. 1961. Spl.Ref. Member of Mithila
Raj Parivar, Poet.
Singh, Kunwar Narendra Pratap. Principal,
Digvijaya Nath. PG College. Gorakhpur. Bks.
01. Pūrvasāvarakaracaritam. Spl.Ref. Hindi,
Urdu, Sanskrit Poet.
Singh, Mahaveer Shastri. Shastri, Sāhityaāyurvedaratna, Sāhityacharya. b.15.10.1935.
Gautam Buddha Nagar, Kot. Dadari, U.P. Add.
1, 1/134, Kranti Shastri Gali, Karaval Nagar,
Delhi–94. Spl.Ref. āyurveda.

299

Singh, Man. M.A., Ph.D. b.05.01.1937.
Todakalyanpur, Haridwar, U.K. Rtd. Prof.
Kurukshetra Univ. Bks. 05. Ps. 50. Add. Pushpa
Kunj, 42 – B, Professors Colony, Kurukshetra,
Haryana–136118.
Singh, Narayan. Acharya, M.Phil.. b. 01.02.1980,
Ajmer, Rajasthan. T.G.T. Sanskrit. Add. Ren
ka Darwaja, Kumhar Mohalla, Bhinay, Ajmer
(Rajasthan) – 305622. Ph. (01466) 273533,
09896959866.
Singh, Narayana R. L. M.Phil., Ph.D.
b.28.07.1980. Nellore, A.P. Asst.Prof., R.Sk.S.
Sringeri, KT. Bks. 01. Saṃskṛta-vāṅmayaPraśnottaravidhi. Ps. 01. Add. C/o R.
Padmanabha Rao, 24/01/443, Chammandivari
Thanta, Mubpet, Nellor – 524003, A.P.
Singh, Priyasen. Ph.D. b.12.09.1961. Asstt.
Prof. Bks. 08. Pali Paricaya, Acharya
Nagararjuna Krita Suhrllekha, Khuddaka
Patha, The Spirit of Buddhism, Vinaya Pitaka,
Bharat ke Pramukh Bauddha Tirtha Sathala,
Ambedakar and It’s Impact on Buddhism. Ps.
01. Add. 199, Vaishali Enclave, Pitampura,
Delhi – 34. Ph. 011-27317683. priyasensingh
@gmail.com Spl.Reg. Pālī Sāhitya, Baudha
Darśana.
Singh, Rajeev Ranjan. M.A., Acharya in Sāhitya,
Ph.D. b.11.12.1949. HOD S.S.V.V., Varanasi.
Asct., I.I.A.S., Rashtrapati Nivas, Shimla(H.P.).
Gp. Siddheshwar Bhattacharya, Ramprasad
Tripathi. Sp. Shashinath Thakur, Ravi Shankar
Pandey. Bks. 02. Saraṇa-Vidyā, Keśavakṛtanṛsiṃhacampū. Ps. 15. Add. Shri Sadanam
Riga, Sitamadi Bihar.
Singh, Ram Vinay. M.A., Ph.D. b.10.06.1970,
Ragharapura, Sitamadhi Bihar. Asct. Prof.
Dayanand Englo Vedic P.G. College,
Dehradoon, U.K. Gp. Acharya Jankivallabh
Shastri. Bks. 05. Śāśwatī, Muktāśatī, śevadhiḥ,
Swarambharā. Spl.Ref. Contemporary famous
Sanskrit Poet & Critics.
Singh, Ranvir. M.A., LL.B., Vidyadhikari,
Vidyavinod, Vidy Alaṅkāra. b. 20.08.1953,
Panipat, Haryana. Asst. Prof., Director,
Kurukshetra University, Kurukshetra – 136119.

