
Tripathi, Rajendra. M.A., D.Phil. b.12.03.1962,
Allahabad. Asst.Prof., Allahabad Degree
College. Bks. 02. Rūpagosvāmī kī Nātya
Kṛtiyoṃ kā Ālocanātmaka Adhyayana,
Rasarāja-Taraṅgiṇi (Hindi Poems). Ps. 02.
Add. 111/5–B, Tilak Nagar, Allahpur,
Allahabad.
Tripathi, Rajkishore Mani. M.A. Acharya in
Vyākaraṇa, Sāhityacharya, Sāhitya Ratna. b.
15.01.1929. Director, Skt. Sewa Sansthan,
Gorakhpur. Bks. 03. Rāghavendracaritam,
Abhinavastutiḥ, Mūṣakavaiduṣyam. Add.
Sanskrit Sewa Sansthan, C/189/159,
Khurampur, Gorakhpur. U.P. Spl.Ref. Title
of Pandit Raj, Honour from U.P. Skt. Academy
Thrice, Founder Skt. Sewa Sansthan.
Tripathi, Rajnath: M.A., Ph.D. b.1943. Deoria,
U.P. Senior Fellow & Teacher. Bks. 04.
Śāktāntarataraṅgiṇī. Ps. 100. Spl.Ref. Many
Awarded by U.P. Skt. Sansthan, He has edited
many magazines like Gāṇ©īvam, Rāṣ-rī,
Saṅgamanī etc.
Tripathi, Ram Chandra. Acharya (Darsana,
Nyāya, Advaita), M.A., Ph.D. b.15.10.1934,
Pakribabu, Deoria, (U.P.). Principal, Shri
Ramanuja Sanskrit Mahavidyalaya. Gp.
Vamcharn Bhattacharya, Badarinath Shukla.
Ps. 05. Add. B-30/252, Nagwa, Varanasi (U.P.)
Spl.Ref. Darśana, Nyāya, Advaita.
Tripathi, Ram Chandra. Acharya in Vyākaraṇa.
b. 01.01.1920, Rampur, Ballia, (U.P.). Rtd.
Asst.Prof., Deviprasad Sanskrit Mahavidyalaya, Ballia. Ps. 05. Add. Rampur Mahabal,
Khoripakarh, Ballia (U.P.). Spl.Ref. Vyākaraṇa.
Tripathi, Ram Khushi. Acharya in Sāhitya.
b.01.01.1945, Gorakhpur (U.P.). Head, Deptt.
of Sanskrit. Gp. Ramadhara Shastri,
Ramakuber Malaviy. Ps. 05. Add. Jnanopadesh
Sanskrit Mahavidyalaya, Malaviyanagar,
Allahabad (U.P.). Spl.Ref. Sāhitya.
Tripathi, Ram Kishore. Acharya in Navya
Vyākaraṇa , Sāṅkhya & Vedānta. Ph.D., D.Litt.
b.05.03.1963. Rampurva, Banda, (U.P.). Rtd.
Asst. Prof. Rishi Sanskrit Mahavidyalaya,

327

Haridwar. Gp. Pt. Ramprasad Tripathi, Prof.
Parasnath Dwivedi. Bks. 05. Vākyapadīyaṃ
Brahmakaṇda (Saṃskṛta Avaṃ Hindī Tīkā),
Vedāntasūtravṛtti (Hindī Tīkā & ed.),
Mahāvidyā Vi©ambanam (Hindī Tīkā &ed.),
Upadeśasāhasrī (ed.), Vedānta-sūtramuktāvalī
(Hindī Tīkā & ed.). Ps. 40. Add. Rampurva,
Nareni, Banda, U.P. Spl.Ref. Vyākaraṇa &
Darśana.
Tripathi, Ram Kripal. Acharya, M.A.,
Vidyavaridhi b. 03.01.1952. Sr. Grade Lecturer,
Sri R.L.A. Skt. Mahavidyalaya, Vrindavan.
Bks. 03. Prakāśitaḥ Nāma Uttama, Śaṅkarācharyasmṛti, Nātyatryī. Ps. 06. Add. Sri
Mahamayapeetha, 237 Godhulipuram,
Vrindavan- 281121 U.P.
Tripathi, Ram Kripal. Acharya. b.03.01.1952,
Maliha, Mau. Asst. Prof. Gp. Ramdayal Dube,
Prabhudatt Sharma. Ps. 03. Add. Rishi Sanskrit
Mahavidyalaya, Kharkharhi, Haridwar. Spl.Ref.
Sāhitya.
Tripathi, Ram Mani. M.A., Acharya in Sāhitya,
Sāhityaratna. b.1933, Jagadishpur, Basti,
(U.P.) Prof. Sharada Sanskrit Vidhyapeeth,
Bikaner. Bks. Sādhanāśraṇyāstavaḥ, Divyadṛṣti (Hindi), Kāvyadīpaka (Alaṃkāra-śāstra).
Expierd in 1973. Spl.Ref. Dharma Guru from
1965-71 at Muritious. Good Poet.
Tripathi, Ram murti, Acharya. b. 04.07.1943,
Ondi Ratinathpur, Chandrikaganj. HOD. Ps.
03. Add. Shri Tridandi Dev Sanskrit
Mahavidhyalaya Ayodhya, Faizabad U.P.
Spl.Ref. Sāhitya Śāstra.
Tripathi, Ram Murti. M.A., Ph.D. b.08.01.1929,
Nivi Kala, Varanasi U.P. Prof. Vikram Univ.
Ujjain, M.P. Gp. Pt. Gopiraj Kaviraj, Pt.
Mahadev Dwivedi. Bks. 25. RasaVimarśa,
Vyañjanā aur Navīna Kavitā, Lakṣaṇā aura
Usakā Hindī Kāvya Meṃ Prasār, Tantra Aura
Santa, Premacandra Kā Cintana apanī Jamīna.
Ps. 80. Spl.Ref. He was a great scholar of
Skt. Hindi, Indian Philosophy, Saundarya
Śāstra, Agama & Nigama.
Tripathi, Ram Narayan. Acharya (Navya

