204



Ph.D. b.15.01.1944, Baburagram, Mirzapur
(U.P). Asst. Prof., HOD. & Dean Vyākaraṇa
Faculty. Gp. Kamlakant Panday. Bks. 08.
Ṣatkārak. Ps. 25. Spl.Ref. Awarded Panditratna
Mahamahopadhyaya & Vaiyakarana Shiromani
for his contribution in Vyākaraṇa Shashtra.
Pandya, Utpala Ben Naveen Prasad. Ph.D.
b. 01.10.1950. Prof. BalaBhai Damodardas
Arts College, Manik Chauk, Ahemdabad. Ps.
05. Add. 1063, Kastoorba Niwas, Raipur
Chakla, Ahemdabad. Spl.Ref. Alaṅkāra Śāstra.
Pandya, Vijay Bhai Dev Shankar. Ph.D. b.
06.05.1943. Rtd. Prof. Sanskrit Deptt. Bhasha
Sāhitya Bhawan GJ University, Honourary
Prof. LD Institute of Indology, Ahmedabad.
Bks. 40. The fundamental Vedānta,
Mṛchakatika ek Adhyayana, MahākaviAśvaghoṣa. Ps. 125. Add. 16-Reader Row
House, Navrangpura, Ahemdabad. Spl.Ref.
Vedānta Śāstra, President Awardee, Śāstra
Chudamani by R.Sk.S., New Delhi.
Pandya, Vinod Chandra. Ph.D. b. 27.06.1943.
Prof. Shri S.K. Shah & Shri Krishna O.M. Arts
College Modasa. Ps. 05. Add. Near Gokulnath
ji Mandir Kadkiya wala, Modasa,
Sambharkanta. Spl.Ref. Vedānta Śāstra.
Pandya, Vinod Rai Prem Shankar. Ph.D. b.
18.06.1944. Prof. Kamani Scinece & Pratap
Rai Arts College Ambreli. Ps. 05. Add. Anugriha
E-60, GJ Housing board Society, Ambreli.
Spl.Ref. Alaṅkāra Śāstra.
Pandya, Vipul S. Ph.D. b.21.07.1968. Prof.
Devmani Arts & Commerce College Satadhar
Road, Vishavadar. Ps. 04. Add. Jagdamba 21A Saibaba Society, Junagarh. Spl.Ref. Alaṅkāra
Śāstra.
Pandya, Yogini ben Kanheyalal. Ph.D.
b.06.10.1951. Prof. Arts Science & commerce
College, Lunawada. Ps. 05. Add. 8, Fatehbagh
Palace Veri Hanuman Road Lunawada,
Panchmahal. Spl.Ref. Alaṅkāra Śāstra.
Panicker, N. Gopala. Mahopadhyaya, M.A.,
B.Ed., Vidyavaridhi. b. 28.07.1928. Tirvanantapuram, Kerala. President Jyotiṣa Śāstra

Vidyapeetham, Chairman Vidhya-peetham
Mukhayastha and Publication. Bks. 33. Add.
TC No. 30/1150, Pradeep Nivas, Pettah P.O.
Thiruvananthapuram – 01 Kerala. Spl.Ref.
Jyotiṣa, Darśana, Tantra, Nā-yaŚāstra, He is
engaged in the preparation of an encyclopedia
dictionary of Indian Darśana in Eng., Skt.,
Hindi and Malyalam, President Awardee.
Panigipalli Venkatacharyalu. b. 26.06.1946,
Pulletikurru, East Godavari, (A.P.). Gp. S.
Krishnamacharyalu, N.A. Keshavacharyalu.
Add. Shrikalyana Venkateshwaraswami
Devasthanam,
Shrinivasamankapuram,
Tirupati – 517102 (A.P.). Spl.Ref. Vaikhānasāgama.
Panigrahi, Gati Krishna. M.A., M.Phil.. b.
04.07.1977, Pantikhari Shashna, Odhisha.
Ps. 09. Add. C/o Dr. Raghunath Panda. P.G.
Department Asct. Prof. in Sanskrit. Vanivihar
BBSR – 4. Ph. 582325.
Panigrahi, Harihar. Vyākaraṇatīrtha. b.
20.06.1956, Akana, Midnapur, W.B. Teacher.
Ps. 02. Add. Akana, Gobra, Midmapur, W.B.
Spl.Ref. Vyākaraṇa.
Panigrahi, Premnath. Kāvya Vyākaraṇa-tīrtha.
b. 1323 B.E., Bakhantaliya, Kanthi, Midnapore,
(W.B.). Principal. Gp. Ishvarchandra Shastri,
Nilkanth Kāvyatirtha. Ps. 03. Add. Bakhan
Taliya, Midnapore (W.B.). Spl.Ref. Vyākaraṇa.
Panikkar, K. Balram. Pt. Nyāya Mahopadhyaya,
Vedāntaśiromaṇi, Sāhityaśiromaṇi, M.A. Rtd.
Principal, Srimad Anantpur Skt. Mahavidyalaya, Kerala. Sodh Acharya, Kerala V.V.
Bks. 01. Śrīnārāyaṇavijayam.
Panipotaraju, Prabhakar Venkat Durganaga
Trisula. M.A., Ph.D.. b. 01.10.1958,
Machalipattanam, Krishna, (A.P.). Asst. Prof.
Gp. Dr. S.B. Raghjunathacharya. Bks. 01.
Viśvanātha-nyāyasūtravṛtti-savimarśakaparīśīlanam. Add. S.S.B.N. College, Anantpur
15001 (A.P.). Spl.Ref. Nyāya.
Panseriya, Lalji Bhai M. Ph.D. b.08.08.1966.
Prof. Shri Veer Bhagat Singh Educational Arts
& Commerce College, Sasna Road, Mandrada,

