
R.D. Govt. Girls PG. College. Ps. 08. Add.
R.D. Govt. Girls PG. College. Fort – Bharatpur–
321001 (Raj.). Ph. (05644) 21586.
Geetha, L. Viśiṣ-ādvaita, Philosophy, M.A.. b.
15.02.1952, Chennai. Add. G – 2, Anand
Square, 36, Govindam Road, West Mambalam,
Chennai – 600033. Ph. 4852405.
Gera, Vimla. M.A., Ph.D. b. 05.03.1943, Delhi.
Asst.Prof. Add. HOD. Mata Sundari College
for Women, Mata Sundari Lane, New Delhi.
Spl.Ref. Veda, Vyākaraṇa.
Ghadwi, Ghanshyam Singh N. Ph.D. b.
01.06.1967. Prof. Nalini Arvind & T.V. Patel
Arts College Vallabh Vidhya Nagar. Add. 16
Raghuvansh Society, Near Hariom Nagar, Nana
bazar Vallabh Vidhya Nagar Distt. Aanand.
Spl.Ref. Vedānta Śāstra.
Ghai, Vedkumari. M.A. Ph.D. b. 14.12.1931.
Jammutawi. Rtd. Professor & HOD, Jammu
University. Bks. 10. Nīlamata Purāṇa.
Purandhrīpañcakam, Kaśmīra kā Saṃskṛta
Sāhitya ko Yogadāna Ps.25 Add. Prof.
Vedkumari Ghai. 15/2. Trikuta Nagar. Jammu
Tawi. - 180012. Ph. 473277.
Ghanapathi, Gundappa S.P. Veda Varidhi, Veda
Visharad. b. 31.07.1920, Magadi, KT. Gp.
Keshav Shiv Ghanapathi. Add. No. 243, 5,
Main Road, Third Block, Tyagaraj Nagar,
Bangalore – 560048 (KT). Spl.Ref. Sāhitya,
Darśana.
Ghanapathi, L. M. Subrahmanya. Kṛṣṇayajurveda, Taittirīyaśākhā & Aṣ-avikṛti Pātha.
b. 30.10.1932. Manakkal TN. Bks. 03. Ps. 40.
Sr. Adhyapak Sri Mahaswamigal Avtarsthal
Vedapathshala, Kanchipuram. Spl.Ref. Kṛṣṇayajurveda, Bhashya Ratna, Veda Vidyalankar,
Sri Guru Gangeswaranandji, Veda Puraskar,
President Awardee.
Ghanapathi, M. L. Krishnamoorthy. b.
26.08.1931, Trichy. Veda Adhyapak, Sri
Kṛṣṇayajurveda Pathshala, Lalgudi, Trichy.
Spl.Ref. Kṛṣṇayajurveda, Ghanapati is the
recipient of different honours namely;
Salakshana Ghanapti, Vedalakshnajna,
Vedamani, President Awardee.

81

Ghanapathi, Parasurama. Salaksana Ghananta
Vidvān. Śhata Patha Brahmana. b. 15.08.1914.
Engikollai (Kumbakonam). Adhyapak,
President Yagnavalkya Gurukulam, Ambattur,
Chennai-53. Bks. 01. Yājñavalkya Sahasranāmāvalī. Ps. 04. Add. Yagnavalkya
Gurukulam. 23/7. Nedunchezhian Street,
Vijaya Lakshmi Puram, Ambattun, Chennai–
600053. Ph. (044) 26571307. email id –
saranathanp_@gmail.com.
Ghanapathi, Raghunath V. b. 11.04.1932,
Anantavaram, Guntur, A.P. Gp. R. Venkatarama
Ghanapathi. Add. 21, Thirumanjour,
Thiruvaiyar – 313204 (T.N.). Spl.Ref. Veda
(Kṛṣṇayaju with Bhāṣya-Taittirīyaśākhā).
Ghanapathi, Ramswami K.S. Sāhityavidvat.
b. Age.64 Yrs. Agriculturist, Priest. Gp.
Gundavadhani, KrishnaGhanpathi, Tippayavadhani. Add. C/o.K.R. Venkatesamurti,
No.306, 21 Cross, Kuvempunagar, Hasan KT.
Spl.Ref. Sāhitya Śāstra.
Ghanapathi, Ramswami M. b. 1926,
Tiruppuravasal, Thanjavur, T.N. Gp Venkatraman Ghanpathi. Add. Kanchikamakoti
Sankarmath, Sannidhi Street, Rameshwaram623526 Tamilnadu. Spl.Ref. Ṛgveda Kramānta.
Ghanapathi, Sripada Subrahmanya. Veda.
b. 05.08.1906. East Godawari AP. Aasthan
Pandit, Sri Veer Venkat Satyanarayan Swami,
Varidevsthan. Spl.Ref. Veda, Vedpurush
Vedalankar, Vedavadhna, President Awardee.
Ghanapathi, Vidyeshwer. Traditional Education.
b. 15.06.1915, Kumbakonam, T.N. Add. 2,
Raghoji Panditagraharam, Kumbakonam, T.N.
Spl.Ref. Advaita Śāstra, Vedānta Śāstra.
Ghanapathigal, Jagadish. Niyoga Śiromaṇi,
b.14.09.1912, Tiruvannamalai, T.N. Add.
Tiruvannamalai (T.N). Spl.Ref. YogaDarśanaa.
Ghanapathigal, Parashuram. Gurukulo-padhi.
b. 23.02.1919, Palakkad, Kerala. Gp. T.C.
Krsnaghanapathigal, K.V. Shrinivas Shastrigal.
Add. Tenilpur, Vill. & P.O. Anjumurty,
Palakkad, (Kerala). Spl.Ref. Kāvya.
Ghanapatigal, N. Srinivasa. Veda, Nyāya

