266



Sāhityaratna. b. 20.09.1949. Dadri, G.B. Nagar,
(U.P.). Lect. (Rt.). Govt. College, Gurgaon.
Add. 951/7 ext. U.E., Gurgaon – 122001. Ph.
(0124) 2251718.
Sharma, Sushma. M.A., Sangeet Parangat,
Sangeet Visharad, NET (Music). b.26.05.1983
Lucknow. Project Fellow RSKS, New Delhi.
Gp. -Prof. A.K.Kalia, Prof. B.K. Shukla(Skt.),Pt.
Dharmanand Sastri, Dr. Ramakant Pandey,
Pt. V.Rao.(Gharana Edu. In music).
Ps.09.Spl.Ref. Sangeet, Sāhitya.
Sharma, Svayambhu Narayan. M.A.
b.05.01.1947, Lakshmanpur, Kashipur, U.P.
Principal. Gp. Laxminarayan Mishra. Ps. 02.
Add. 75, Hazrat Ganj, Lucknow, U.P. Spl.Ref.
Sāhitya.
Sharma,
Swayam
Prakash.
b.1917.
Hoshiyarpur, Punjab. Bks. 02. ŚrīBhagatasiṃha-Carītam, Indrayakṣīya-Kāvyam.
Expired in 1983.
Sharma, Swayam Prakash. M.A., Acharya,
(Jyotiṣa & Vyākaraṇa). b. 21.03.1917.
Hosiyarpur, PB. Ministry of Defence Bks. 04.
Indrayakśīyakāvyam, Amṛtamanthanam,
Śrībhakatasinghacaritam, Japjiśatakam. Add.
T/26/5, Rudki Road, Meerut Cantt. U.P.
Spl.Ref. Ganganath Jha Puraskar, Geeta
Puraskar, Honour from Haryana and U.P. Govt.
Sharma, Takhelchangbam Amusana. Shastri
(Vyākaraṇa/Shiksha), Sāhitya- Sudhakar.
b.03.11.1946. Asst. Prof. Manipur Sanskrit
College, Imphal. Bks. 03. Dr. Hedagevār,
ṚgVeda Gī Puruṣa Sūktam, Daśa Karma
Saṃskāra Amasunga Dīkṣā Paddhatī. Ps. 03.
Add. Singjamei Wangma, Pebiya Pandit Leikai,
Singjamei, Imphal.
Sharma, Tangirala Bala Gangadhara.
Sangtrivedacharya, DharamŚāstraabhigya,
Vedanidhi, Veda bhashaya Visharad Nyāya
Śāstra Alaṅkāra. b. 17.04.1922. Principal
Sarvaraya Veda Pathshala East Godawari. AP.
Spl.Ref. Ṛghveda, Kṛṣṇayajurveda, Atharvaveda, Honour by the title of Vedacharya and
Ved Ratna, Honourary Doctorate and MM

Title from USA and Rashtriya Sanskrit
Vidyapeetha, Tirupathi, President Awardee.
Sharma, Tara Chandra. Sāhitya, Acharya, M.A..
b. 01.05.05, Geong – Kaithal. Asst. Prof., Swami
Chaitanya Bharati Sanskrit College, Krishna
Dham. Gp. Shri Balkrishna. Sp. Azad Singh.
Add. H.No. 1688/5, Jyoti Nagar, KKR. Ph.
9813155664.
Sharma, Tara Shankar Pandey. Acharya in
Sahitya, Ph.D. b.05.08.1957, Jaipur (RJ). HOD.
Of Sāhitya-Sankhaya, Jagadguru Ramanand
Acharya RJ Sanskrit University. Bks. 17.
Vṛttaratnākara(ed.), Tippaṇī on Padmīnī,
Tippaṇī on Patradūtam, Svatantrasahayogīnaḥ,
Saṃskṛtanātyapranetā – Pt. Harijeevanmishraḥ. Ps. 06. Add. H.No. 2381, Pandey
Bhawan, Khajane Walon ka Rasta, Jaipur.
Sharma, Tribhuvan Kant. M.A., M.Ed.,
Sāhityacharya. b.01.06.1946. RJ. Prof. R.Sk.S.
Jaipur Campus. Bks. 05. Raṇavīra Jyotirmahānibandha, Voetional Anxiety of Sanskrit
Teacher, Śṛṅgāra Hārāvalī. Add. 61 – A, Bank
Colony, Mahesh Nagar Ext. – B, Jaipur–
302015, RJ.
Sharma, Uma Shankar Rishi. Sāhityacharya,
M.A., D.Litt. b. 10.12.1938, Gaya (Arwal),
Bihar. (Rt.) Prof. & HOD, Patna University.
Gp. Dr. Satkari Mukerjee. Bks. 08. (06 Tr.).
Saṃskṛta Sāhitya kā itihāsa, Saṃskṛta
Vyākaraṇa meṃ Kārakatattvānuśīlan, Ṛgveda
Samhitā, Sarvadarśana Sañgraham, Nirukta
of Yāska. Ps. 20. Add. Samsiddhi, V-33,
Vidyapuri, P.O. Lohianagar (Kankarbagh),
Patna. Pin. 800020. Ph. 09430212570. Spl.
Ref. Gold Medals in M.A. & Workshops of
NCERT.Kyoto & Hirosima, President Awardee.
Sharma, Umakant Dev. Shastri, Tarkatīrtha,
Vyākaraṇa tīrtha. b.16.12.1944, Kaithal Kuchi,
Nalbari, Assam. Teacher. Gp. Pt. Mahendra
Shastri, Kali Kanta Shastri, Gosvami
Manoranjana Shastri, Bisvabandhu Nyāyacharya. Bks. 10. Add. Assam Sanskrit
Mahavidyalaya, Jalukbari, Guwahati (Assam).
Spl.Ref. Vyākaraṇa & Tarkasastra.

