
Shastri, Bal Shastri. Sp. Maharana Bhagwant
Singh, Kishangarh Naresh Sumer Singh,
Bahadur Singh Bundi, Deenanath Trivedi. Bks.
05. Vṛittīdīpikā (ed.), Rasagaṅgādhara (Hindi
Tr.), Digvijaya (Hindi Tr.), śuddhādvaita
Darśana (Hindi Tr.), Ambikā Pariṇaya (Hindi
Tr.). Expired in 1959. Spl.Ref. Editor of ‘Bhartiya
Dharma’ from Ajmer vidyalaya partika, Kashi.
Editor of Madhusudan ojha’s Books.
Chaturvedi, Radheshyam. Vyākaraṇa, M.A.,
Ph.D. b. 01.07.1940. Azamgarh (U.P.).
Professor, Dev Sanskrit Vishwavidyalaya,
Haridwar. Gp Raghuvansh Pandey, Ramanuj
Ojha. Bks. Gandharva - Tantram, Gāyatrī
Mahātantram, Śrī Siddhāntaśikhāmaṇiḥ,
Mahākālasaṃhitā, Svacchandatantram. Ps.
16. Add. Gyan Ashram, Ganeshpuri Colony,
Lane No. 09, P.O. Susuwahi, Varanasi, (U.P.),
Pin. 221005. Ph. (0133)4261367 - 5517,
09235505582, 09415992992.
Chaturvedi, Raghu Nath Prasad. b. 1911.
Mathura, U.P.. Bks. 01. Jawahar Jyotirmahākāvyam. Expired in 1988.
Chaturvedi, Ramesh Chandra. Acharya in
Sāhitya & Puraṇetihāsa. b. 15.11.1942, Jaipur,
RJ. Asct. Prof. Gp Jagadish Shastri, Mandan
Mishra. Add. Shri Lalbahadur Shastri Kendriya
Sanskrit Vidyapith, Katwaria Sarai, New Delhi –
110016. Spl.Ref. Sāhitya, Purāṇa.
Chaturvedi, Rameshwar Prasad. M.A., Ph.D.
b. 15.10.1962, Asct. Prof. & HOD Deptt. of
Skt, RSGU PG College, Ramabai Nagar. Bks.
03 Śikṣāgrantho kā Ālocanātmaka Addhyayana, Hastāmalakastotra Anuśhīlana (InPress), Veda evam Avestā (In-Press). Ps. 15.
Add. Deptt of Skt, RSGU PG College,
Ramabainagar, U.P. M. 09450219632
Chaturvedi, Rammurti. Acharya in Śuklayajurveda, Ṛigveda, Navya- Vyākaraṇa, M.A.,
Ph.D. b. 01.01.1958. Mehdaval, Bahavoliya,
Santa Kabeer Nagar, U.P. Asst. Prof., M.G.
Kashi Vidhyapeeth, Varanasi. Gp Acharya Ram
Sajivan Shukla, Acharya Ram Raj Tripathi,
Acharya Radheshmani Tripathi, Dr. Kailash
Chandra Dave, Prof. Gopalchandra Mishr,

43

Prof. Ram Prasad Tripathi, Prof. Adhya Prasad
Mishra. Sp. Shri Vani Vilas Dimari, Dr. Pravesh
Kumar Mishra, Dr. Shashi Shekhar Mishra,
Dr. Pushpendra Shukla, Dr. Devendra Kaushik,
Dr. Ajay Hari Shukla, Dr. Sandeep Bhatta,
Dr. Madhukar Trivedi, Bks. Yajñopavīta
Vedārambha Samāvartana Sanskārah, Vaidika
Śikṣā Svarūpa Vimarśa. Ps. 16. Add. H.No.
N – 09/36, F– 04 – 54, Kedar Nagar Colony,
Patiya, P.O. Bajardiha, Sundarpur, Varanasi.
Pin – 221005. Ph. 09415685491. Spl.Ref. Veda,
Navya Vyākaraṇa, Mīmāṃsā.
Chaturvedi, Saraswati Prasad. M.A. b. 1902.
Village Lalapur, Dist. Allahabad, U.P.. Prof.
Nagpur (MH) Univ.& Allahabad Univ..
Director, Directorate Sanskrit, Govt. of India.
Bks. 01. Sārasvatasandarśanam. Expired in
1979. Spl.Ref. He Wrote many Books in Hindi,
English & Sanskrit regarding to sanskrit Sāhitya
& Vyākaraṇa .
Chaturvedi, Seetaram. M.A. in Sanskrit & Hindi.
b. 1907. Kashi. Principal, Sateesh Chandra
Degree College, Baliya & Murli Manohar
College, Kashi. Bks. 03. Abhinava Nā-yaśāstra,
Bhārata ke Udāsīna Santa, Kālidāsa Granthāvalī
(ed.). Spl.Ref. Sāhitya, Drama, Play.
Chaturvedi, Shivdutt Sharma. Acharya, Sāhitya
Vyākaraṇa, M.A., Ph.D. b. 16.04.1934. Jaipur,
Raj.. Prof. & H.O.D., Prachya Vidya Sankay,
B.H.U.,Varanasi. Gp. M.M. Giridhar Sharma
Chaturvedi. Bks. 06. Gosvāmī Tulsīdāsaśatakam, Sphūrti-saptśatī, Raś-raguru
Sahasranām Stotram, Lālasāmaitricarcā
mahākāvyam, Satyam Śivam Sundaram
Mahākāvyam, Abhinava-kathāNikuñja (ed.).
Add. 886 Giridhar Chaturvedi Marg, Jaipur,
Raj. Spl.Ref. Editor, Short Story writer, &
Essayist. Awarded M.M. by President of India,
Magha Puraskar, Kalidas Puraskar.
Chaturvedi, Shukhdev. Jyotiṣa, Mantra Śāstra
Āgama, Vāstu Śāstra, Veda. b. 07.02.1943.
HOD Jyotish Deptt. L.B.S. Rashtriya Sanskrit
Vidyapeetha, New Delhi. Bks. 25. Ps. 300.
Spl.Ref. Jyotiṣa, Vedangopaveda Vidwan, Editor
Rashtriya Panchang of L.B.S. Rashtriya Sanskrit

