
Jan Vishram Society Near Sahajanand College
Ambawadi Ahemdabad. Spl.Ref. Alaṅkāra
Śāstra, Purāṇa Śāstra.
Dave, Tulashankara Jethalal. Acharya in
Sāhitya. b. 12.05.1949, Sai Deoria, Jamnagar,
GJ. Teacher. Gp. Lalaji N. Modha, Vasudeva
Tribhuvanadas. Ps. 05. Add. Rajakiya Skt.
Pathashala, K.V. Road, Jamnagar, GJ. Spl.Ref.
Sāhitya.
Dave, Urvi Parmanand. Ph.D. b. 03.06.1962.
Prof. Sanskrit Deptt. Gujrat Arts & Science
College Alisbridge Ahemdabad. Ps. 04. Add.
34, Vandana Park Society Near Navdeep
School, Ahemdabad. Spl.Ref. Vedānta Śāstra.
Dave, Varshaben P. Ph.D. b. 09.02.1957. Prof.
Seth H.P. Arts & T.S.M. Commerce College
Kalol Distt. Sambharkanta. Ps. 05. Add. E11, Neerav Flats Shantivan Road, Ahemdabad.
Spl.Ref. Vyākaraṇa.
Daya, Kumari. Acharya. b. 06.06.1948. Teacher,
T.G.T. Mahavira Vishvavidya-pitha, Pashchim
Vihar. Add. C.P. 104, Peetampura, Delhi–
110034. Spl.Ref. Sāhitya.
Dayal, Rameshwar. M.A. (Sanskrit, Hindi) b.
25.05.1919, Palhawas, Mahendergarh, HR.
Asst. Prof., Hari Mandir Sanskrit Mahavidhyalaya, Pataudi, Gurgaon HR. Bks. Rāṣ-rīya
Ekatā meṃ Ka-haputalī Nā-akoṃ kā
Yogadāna(Hindi), Hariyāṇavī Rāmāyaṇa(Tr.
Of Rāmacarita Mānasa). Add. Hari Mandir
Sanskrit Mahavidhyalaya, Pataudi, Gurgaon,
HR.
Deb, Mitali. M.A., Ph.D., D.Litt. b. 15.09.1973.
Bks. 05. Ps. 50. Spl.Ref. She is known for
her efforts in bringing out the scientific aspects
of ancient Sanskrit Literature, Maharshi
Badrayan Samman by President of India.
Deekshithar, T. Ramalinga. M.A., M.Litt.. b.
15.04.1936. Bks. 01. A Study of Chidambaram
& its Shrine as Recorded in Skt. Literature.
Add. Pratibha’ 136/55. East Car Street.
Chidambaram Cuddalore Dist., TN. - 608001.
Ph. (04144) 223507. e mail - pratibha2k2005@
yahoo.com.in

57

Deekshither, E. J. Kumaraswamy. Kramanta,
Samarth Vidvat, Salakshna GanantaVidvat,
Srotra-Vidvat Upadhi in Śuklayajurveda,
Acharya (Jyotiṣa, Purāṇetihāsa, Dharamsśātra,
Phalita Jyotiṣa), Veda Bhashya Mani, M.A.,
M.S. b. 10.12.1930. Vadaellupai TN. He has
served Mysore Sanskrit College for five years
and now he is running a voluntary Sanskrit
Organisation viz. K.S. Janakriram Vedic
Shodha Sansthan. Bks. 09. Spl.Ref. Title of
Sangavedavisharad, Vedaratnam, BharatBharati Shatapatha Praveena, President
Awardee.
Deka, Barnali. M.A., B.Ed., M.Phil. b.
01.07.1983, Tezpur. Research Scholar,
Guwahati Univ. Ps. 01. Add. H.No. 6, Sreenagar
Nalini Bala Devi Path, Dispur.
Deka, Indrani. M.A., M.Phil, Ph.D. b.01.03.1976,
Nalbari Assam. Academic Consultant Skt.,
K.K. Handiqi State Open Univ. Dispur 6, Assam.
Bks. 02. Śaritam, A Socio – Cultural Study.
Add. H.No. 86, Rong Bong Path, VIP road
Hengerabari Guwahati, P.O. Hengrabari,
Assam.
Deka, Pranabjyoti. M.A. b. 29.11.1986, Ramdia
Hajo Kumpup, Assam. Research Scholar. Ps.
01. Add. C/o. Dr. Satyen Roy, Lankeshwar,
West Jalukbari Bye Lane-1, H/N-8, Guwahati14.
Deka, Rashmi. M.A., M.Phil. b. 04.12.1983,
Manaha Kachari Gaon, Manaha, Marigaon
(Assam). Asst. Prof. Dept. of Skt., Nowgong
Girls’ College, Nagaon, Assam. Ps. 01. Add.
C/o Sri Mukul Deka, Vill. – Manaha Kachari
Gaon, P.O. – Manaha, Dist. – Marigaon, Assam,
Pin – 782411. M.8867192835. email –
rashmideka.ngc@gmail.com.
Deo, Ram Chandra Acharya in Sahitya, M.A.,
Ph.D. b. 03.05.1944, Soonbhadra, U.P.
Principal. Vanasthali Mahavidyalaya, Mirzapur
Gp. Prof. S. Sidheswar Bhattacharya, Prof.
S.N. Mishra, Prof. Vishwanath Bhattacharya.
Sp. Dr. Madhavaraj Dwivedi, Dr. Kriparam.
Bks. 01. Add. Imarti Colony, Robrtsgang,
Sonbhadara U.P. Ph. 07376108072. Spl.Ref.
Sāhitya.

