
Palanpur, Janaskanta, (GJ). Spl.Ref. Vedānta
Śāstra.
Patel, Rakesh R. Ph.D. b.11.05.1970. Prof.,
P. K. Choudhary Mahila Arts College, Sector
7, Gandhi Nagar. Ps. 03. Add. 377/2, Sector
5-A, Gandhi Nagar. Spl.Ref. Alaṅkāra Śāstra.
Patel, Raksha Ben Bhoja Bhai. Ph.D.
b.19.05.1970. Prof., Mahila Arts College,
Motipura, Himmat Nagar, Sambharkanta. Ps.
03. Add. Kankrole, Himmat Nagar,
Sambharkanta, (GJ). Spl.Ref. Vedānta Śāstra.
Patel, Rama Ben H. Ph.D. b.03.02.1956. Prof.,
J. Z. Shah Arts & H. P. Desai Commerce
College, Ambroli, Surat. Ps. 05. Add. 23,
Rajrajeshwar Society, Bhatar, Four Rasta,
Surat. Spl.Ref.Alaṅkāra Śāstra.
Patel, Ramanbhai Lallu Bhai. Acharya in
Sāhitya & Jyotiṣaa, B.Ed. b. 10.03.1948, Asma,
Pardi, GJ. Principal. Gp. Danidatta Jha,
Ramanarayana Vyasa, Revashankara Dube,
Narendrabhai Upadhyaya. Ps. 02. Add. Govt.
High School, Ashramshala, Singana, Ahwa
Dang, (GJ). Spl.Ref. Sāhitya & Jyotiṣa.
Patel, Ramesh Bhai Dwarka Bhai. Ph.D. b.
01.02.1965. Prof., Arts College, Vijay Nagar,
Sambharkanta. Ps. 03. Add. Sardar Pur,
Falasan, Idar, Sambharkanta, (GJ). Spl.Ref.
Purāṇa Śāstra.
Patel, Ramesh Bhai Govind Bhai. Ph.D. b.
20.05.1968. Prof., Smt. H. C. Patel Arts &
Commerce College, Karjan, Varodara. Ps. 03.
Add. 12, Shikshak Sadan, School Compound,
Nava Bazar, karjan, Varodara. Spl.Ref. Vedānta
Śāstra.
Patel, Ramila Ben Magan Bhai. M.A. Ph.D.
b. 02.06.1966. Prof. Vivekanand College of
Arts, Raipur Darwaza Bazar, Ahemdabad. Ps.
03. Add. C-304, Anmol Appartment,
Baherampura, Ahemdabad. Spl.Ref. Vedānta
Śāstra.
Patel, Rasikalal Kikabhai. M.A., Ph.D. b.
16.11.1944. Gp. K. H. Trivedi, B. H. Kapatiya.
Ps. 03. Add. 213, Gayatri Apart (B), Opp.
Giriraj Theatre, Navsari (GJ). Spl.Ref. Darśana.

211

Patel, Rupa Natwar Bhai. Ph.D., 06.01.1967
Ahmedabad. Asst. Prof., Smt. Sadguna Arts
College for Girls. Ps. 09. Add. D/15 Malbar
Hill Appartment, Prem Chand Nagar Road,
Ahmedabad-380015. Ph. 079-26745473,
09426579440. rupa.patel67@gmail.com
Patel, Shailesh Kumar Kanti Lal. Ph.D. b.
01.06.1966. Prof., Arts & Commerce College,
Audh, Aanand. Ps. 03. Add. Sardar Chauk,
Near Gayatari mandir, Audha, Aanand. Spl.Ref.
Vedānta Śāstra.
Patel, Shankar Bhai M. Ph.D. b. 05.03.1943.
Prof., M. M. Gandhi Arts & Commerce College,
Kalol. Ps. 05. Add. Shivam Shrinath Society,
Near Saraswat Society, Kalol, Panchmahal,
(GJ). Spl.Ref. Vedānta Śāstra.
Patel, Sita Ben Dhanji Bhai. Ph.D. b.01.06.1966.
Prof., Jayendra Puri Arts & Science College,
Old National Highway No. 8, Bharuya. Ps.
04. Add. C-55, Hariom Nagar Society Bharuya,
(GJ). Spl.Ref. Vedānta Śāstra.
Patel, Sita Ben Shobha Bhai. Ph.D.
b.01.06.1968. Prof., Seth Shri H. P. Arts &
T. S. M. Commerce College, Talod,
Sambharkanta. Ps. 03. Add. 572/2, B-1,
Shivalik, Near Central School, Sector 30,
Gandhi Nagar. Spl.Ref. Vedānta Śāstra.
Patel, Sunanda Ben S. Ph.D. Prof. Smt H.B.
Jasani Arts & N. K. Commerce College, Rajkot.
Ps. 03. Add. New D Block No. 10/147, Near
Dharam Cinema, Rajkot.
Patel, Surekha Ben Kalidas. Ph.D. b.
01.04.1967. Prof., G. D. Modi Arts College,
S.T. Workshop, Palanpur. Ps. 03. Add. 1,
Vinayak Park Society, Jampura Road, Palanpur,
Janastanta GJ. Spl.Ref. Alaṅkāra Śāstra.
Patel, Suresh Bhai Shiva Bhai. Ph.D. b.
01.06.1971. Prof., C. N. Arts & B. D. Commerce
College, Kadi, Mehsana. Ps. 03. Add. C/o.Shri
Ishwar Bhai, Mehtapura, Himmat Nagar, (GJ).
Spl.Ref. Alaṅkāra Śāstra.
Patel, Tribhuvan Bhai Mangal Bhai. Ph.D.
b.12.09.1948. Prof., Arts & Comerce College,
Idar, Sambharkanta. Ps. 05. Add. Madhuram

