
Translater of Adhyatma Ramayan & Purāṇa,
Founder of many of Skt. Tola & organizations
in W.B., President Awardee.
Bhattacharya, Srijeev. M.A., Kāvyatīrtha,
Vyākaraṇatīrtha, Nyāyatīrtha. b. 1883.
Bhatpada, Distt. Choubees. (W.B.). Lect. Univ.
of Jadhavpur. Bks. 14. Nigamānandcaritam,
Sārasvataśatakam, Pāṇdavavikramam, Mahākavikālidāsam, Spl. Ref. He is expert writers
of GītiKāvyas.
Bhattacharya, Sujata Purkayastha. M.A., Ph.D.
b. 10.02.1957. Jorhat (Assam). Asct. Prof.,
Guwahati University, Guwahati, Bks. 01.
Sarvajñātmamuni’s Contribution to Advaita
Vedānta. Ps. 15. Add. Dept. of Skt., Guwahati
Univ. Guwahati, Assam. Pin. – 781014. Ph. –
571088.
Bhattacharya, Sukhamay. Tirth in 7 Shastras.
b. 08.01.1909. Silhat. Now in Bangladesh.
Sanskrit Adhyapak in Vishva Bharti. Bks. 11.
Ps. 50. Spl.Ref. He worked on many rare
manuscripts and awarded the highest
honourary degree of Deshikottama (D.Litt.)
& Ravindra Puraskar, Shishir Puraskar by Govt.
of WB, President Awardee.
Bhattacharya, Tanmay Kumar. KāvyaVyākaraṇa-Tīrtha, Acharya in Sāhitya, Ph.D.
b. 07.03.1971, Kolkata. Asst. Prof. R.Sk.S.
Kolkata. Gp. Lt. Pt. Siddheswara Panchatirtha,
Pt. Naranarayana Mishra, Pt. Padmanava
Panigrahi Padmashree, Acharya Ramaranjan
Mukherjee. Bks. 06. Devabhāṣā Praveśaḥ (Vol.I,II), Arcanā (Stotra Saṅgrahaḥ), Kavīndrakathākallolinī, Viśva Sabhyatāyāṃ Vivekānandasya Avadānam, Vyāvahārika-Saṃskṛita
Darpaṇaḥ (Vol. I-III). Ps. 10. Add. “Samskrita
Sadanam” AF-177, Rabindra Pally, Krishnapur
P.O. – Prafulla Kanan. Kolkata – 700101. Ph.
(033) 2571 – 0257, Mob. 09433351582. email
tanmaybhattacharya@ gmail.com. Spl.Ref.
Samskrita Sam-bhasanaandolana Karyakarta.
From – 1995. W. Bengal State Coordinator
(N.F.S.E.). Rashtriya Samskrita Samsthanam,
New Delhi. From – 2005.

31

Bhattacharya, Tarani Kumar. Acharya in
Sāhitya.
b.
01.10.1915,
Dharmada,
Bangladesh. Gp. Sachi-ndranath Ghosh, Pt.
Mahendrachandra. Add. Vill. Vaikunthpur,
P.O. Kalami, Kachar (Assam). Spl. Ref. Sāhitya.
Bhattacharya, Tripti. Acharya, M.A., B.Ed..
b. 10.02.1936. Add. Principal, Bhartiya Vidya
Bhawan, New Delhi – 110001.
Bhattacharya, Virendra Kumar. b. 1917. Lect.
Calcutta. Bks. 11. Kālidāsacaritam. Gītagaurāṅgam, Śūrpaṇakhābhisāraḥ. Śārdūlaśakatm, Veṣā-anavyāyogaḥ. Exp. 1982. Spl.Ref.
Well knowledge of English. Bangla & Skt.
Bhattacharya, Yadupati. Panchatīrtha,
Smṛtitīrtha. Age. 75 yrs. Payer, Birbhum, W.B.
Teacher. Gp. Ram Maya Panchatirtha,
Smrititirtha. Add. Payer, Birbhum (W.B.). Spl.
Ref. Veda.
Bhattacharyya, Amiya Kumar. M.A., Ph.D.
b. 28.05.1952, Burdwan, Asct. Prof. Bks. 01.
Ps. 12. Add. 29, Rabindra Sarani, Srinagar
Pally, Durgapur, Burdwan-713213,W.B.
M. 09332809442.
Bhattacharyya, Bhaskar Nath. Veda-Vyākaraṇa,
M.A., M.Phil., Ph.D. b. 16.12.1965, Hawada,
Asct. Prof., School of Vedic Studies. Rabindra
Bharti Univ. Gp. M.M. Pt. P.N. Pattabhiram
Shastr, Prof. Gopalnath Bhattacharya, M.M.
Pt. Anantalal Thakur. Bks. 01 In Quest of
Ambrosia. Ps. 30. Add. 93, National Place,
P.O. Baksara Dt. Howrah 711110. W.B. Ph.
033-26582227,
0122-25571028,
M.
09433860282, 09051776617, jaymabnb@
rediffmail.com. Spl. Ref. Young Vedic Scholar
Award, Arsha Vidyabharati Puraskar.
Bhattacharyya, Chandan. Shastri Vyākaraṇa,
Acharya in Nyāya, M.A., Ph.D. b. 28.12.1979,
Midnapur(W.B.). Sr. Lect., Deptt of Skt., Univ.
of Gourbanga, Malda. Ps. 09. Add. Deptt. of
Skt. Univ. of Gourbanga Malda, W.B. 732101.
Ph. 03512-223664, M. 09433474480.
chandan_snsk@yahoo.co.in. Spl. Ref. Medalist
in B.A. (Hons. Vyākraṇa)
Bhattacharyya, Jagat Ram M.A., M.Phil., Ph.D.

