46



Bhopal Campus. Bks. 05. Meghāloka, Śikṣā
Prasūnāñjali, Varāhmihira Racita Brihajjātakasya Horābhiprāya - Nirnāyatīkāyaḥ
Sampādnamanuvādaśca, Bhāratiya Śikśāyaḥ
Vikāsaḥ, Jyotiṣa Śikṣaṇam. Ps. 14. Add. 172,
Barfani Dham, Near Kunjan Nagar Watertank,
Phase – I, Baghsevania, Bhopal, M.P. Ph. 0755
- 2800603.
Chaudhary, Yatindra Vimal. M.A., Ph.D., D.Phil.
b. 1908. Bks. 40. Mīrābāīcaritam, Prabhuharidāsa-Caritam, Mahimāmaya Bhārata,
Bhāskarodaya. Expired in 1964.
Chaudhuri, Ajayarama. M.A. in Skt., Kāvya
Tīrtha, Kāvyaratna, Sangitaprabhakara,
Sangita Visarada. Age. 47 yrs. Ramgopal
Puram, W.B. Gp. Dr. Gaurinatha Sastri; Dr.
Ramaranjana Mukharji. Add. H. No. 3, Vijaya
Nagar, Uttar 24 Pargana, W.B. – 743165.
Spl.Ref.Sāhitya, Saṅgīta.
Chaudhury, Sukomal. M.A., Ph.D., Dipl. in
French and Tibetan, Visiting Prof. Asiatic
Society, Kolkatta. Bks. 14. Ps. 40. Spl.Ref.
As Visiting Prof. He visited to Kolkatta Univ.,
Fellowship from Japan Society Foundation
and Hawai Univ., Now he is engaged in
preparing the work title Abhidhamma
Philosophy in the Asiatic Society, President
Awardee.
Chaudhury, Usha. M.A., Ph.D., Vedavachaspati.
b. 20.09.1937. Asct. Prof., Sanskrit Dept. Delhi
Univ. Bks. 02. Indra and Varuna in Indian
Mythology, Vedic Mythopoeca. Add. 183,
Tagore Park, New Delhi – 110009. Spl.Ref.
Sāhitya.
Chaudhury, Uttara. b. 1930, Dhaka
(Bangladesh). Gp. Hemachandracharya
Shastri. Ashutosh Nyāyacharya. Chief
Executive, Bangavani, Nabadwip (W.B.).
Spl.Ref. Saṅgīta, Sāhitya.
Chauhan Ram Singh M.A., M.Phil. Ph.D. b.
05.05.1969. Karauli. Asst. Prof. Deptt. of Skt.
Rajasthan Univ. Bks. 03. Add. L9F, Rajasthan
Univ. Campus, Jaipur 302015. M.
09782329245, 08890358038.

Chauhan, Chandramani. M.A., Ph.D. b.
12.08.1969, Jaipur, Asstt. Prof. Deptt of Skt.
Univ. of Raj. Bks. 01. Bhāratīya Samskṛti kā
Eśiā kī Samskṛti para Prabhāva. Ps. 09. Add.
Deptt of Skt. Univ. of Raj. Jaipur. M.
09828169703.
Chauhan, Dalabirasinha. Acharya in
Purāṇaetihāsa, Ph.D.. b. 31.01.1948, Aligarh,
U.P. Gp. Dr. Parasanath Dwivedi. H.O.D. of
Skt. Add. Shri Shankar Mahavidyalaya, Saram,
Rohtas , Bihar. Spl.Ref. Sāhitya.
Chauhan, Harish B. Ph.D. b. 30.09.1967. Prof.
Sanskrit Deptt. Bhasha Sahitya Bhawan, Gujrat
Univ. Navrangpura Ahemdabad. Add. Vill Post
Chapaldhara, Via HigendraNagar, Distt.
Navsari. Spl.Ref. Vedānta Śāstra.
Chauhan, Leela Ben G. Ph.D. b.01.02.1970.
Prof. B.V.D. Arts & Commerce College, Near
Anushruti Flat Thaltez, Gandhinagar Highway,
Ahemdabad. Add. 402, Vibhuti Appartment,
Near Dharti Vikas Mandal, Narayan Pura,
Ahemdabad. Spl.Ref. Vedānta Śāstra.
Chauhan, Nilima. M.A., Ph.D. b. 08.12.1974,
Nagpur SRF (Pali), Rashtriya Sanskrit
Sansthan, Lucknow. Gp. Dr. Balchandra
Kandekar. Bks. 01 Samyak Dṛiṣ-i. Ps. 10. Add.
786 Ahuja Nagar, Nagpur -440014,
Maharashtra. M. 09423111353, 09696734847.
nmcpali2@gmail.com Spl.Ref. Pālī. Nepal.
Chauhan, Rajkumari. M.A., Ph.D.. b.
01.04.1947. Asst. Prof., R.P. College, Delhi.
Gp. Usha Satyavrat. Add. 113, Kamala Nagar,
Delhi – 110007. Spl.Ref. Sāhitya.
Chauhan, Udayapratapa Singh. Acharya
(Prācīna-Vyākaraṇa , Darśana, Sāhitya ) B.Ed.,
Sāhitya ratna. b. 11.11.1955, Sanaraha
(Pihani) Hardoi, (U.P.). Head of the Deptt.
Gp. Ramaprasad Tripathi. Add. Shri Shiv Sankat
Harana Adarash Sanskrit Mahavidyalaya,
Hardoi, (U.P.). Spl.Ref. Prācīna Vyākaraṇa ,
Sāhitya, Darśana.
Chauhan, Yashavanta Sinha. Acharya in
Sāhitya & Darśana, Hindi Kovid. b. 10.07.1923,
Santaraha, U.P.. Principal. Gp. Ramavilasa

