38



Chakraborty, Umapad. Vyākaraṇa Tīrtha. b.
17.10.1950, Ballabhapur, Midnapore, W.B.
Gp. Pt. Pasupatinatha Shastri Saptatirtha,
Syamasundara Chatuspathi. Principal. Add.
Kamala Chatuspathi, Sangat Bazar, Midnapore
(W.B.). Spl.Ref. Vyākaraṇa.
Chakraborty, Vindeshwar. Tīrtha. b.
08.01.1922, Khulna, Bangladesh. Asst.Prof.
Gp. Mahendranath Smriti Nath. Add. D-32/
66, Pataleshwar, Varanasi, U.P. Spl.Ref.
Vyākaraṇa & Vedic Lit.
Chakraborty, Vinod Bihari. Tīrtha ( Kāvya,
Vyākaraṇa , Smṛti), Vidhyanidhi. b.
19.03.1914, Chattagram, Bangladesh. Rtd.
Principal. Gp. Rajni Smritiratna, Sitanath
Vidhyabhushan. Add. C/o. Premath Nath
Bhattacharya, Barrackpore, 24 Paraganas
South West Bengal. Spl.Ref. Kāvya Śāstra,
Vyākaraṇa Śāstra.
Chakraborty, Vishnu Prasad. Vyākaraṇa
Shastri,
Sāṇkhyaratna,
Āyurveda.
b.31.12.1919, Batsar, Assam. Gp. Ramnath
Vidya-Alaṅkāra, Sadanan. Add. Badsar, Nalbari
Assam. Spl.Ref. Vyākaraṇa, Sāṅkya, Āyurveda
Śāstra.
Chakradhar, Bijaivana. Acharya in NavyaNyāya, M.A., Ph.D.. b. 15.10.1932, Principal,
Kendriya Samskrta Vidyapitham. Lucknow.
Add. B-1/89 B, Aliganj, Lucknow, (U.P.).
Spl.Ref. Nyāya, Sāhitya.
Chakrapani, Achar, A. Nyāya Śiromaṇi. b.
04.08.1949, Mantralaya, Kurnool, A.P.
Teacher. Add. P.K.S.R. Oriental High School,
Hindupuram, Anantapur – 515201 (A.P.).
Spl.Ref. Nyāya Sastra.
Chakrapani, Ganapathigal T.K. Acharya in
Ṛgveda. b. 24.10.1913, Palakkad, Kerala. Gp.
T.C. Narayana Shastri. Add. Nemmara,
Palakkad, Kerala.
Chakravartyacharya, Perkkaranai Madabhushi. Nyāya śiromaṇi, Vedānta Sāhitya.
b. 17.03.1923. Asthan Vidwan, Sri Ahobila
Matha. Bks. 09. Ps. 70. Add. Sri Vedānta
Deshika Bhawanam, 30 Vekantesh Agarharam,

Mylapore, Chennai – 04. Spl.Ref. He has been
conferred with more than tweleve title by
various institutions and organizations including
Title of M.M. by Rashtriya Sanskrit Vidyapeetha, Tirupathi, President Awardee.
Chakyar, Mahi Madhava. Alaṅkāra-Śāstra,
Nā-ya Śāstra, Vyākaraṇa, Nyāya, Jyotiṣa. b.
15.02.1899, Kozhikode, Kerala. Skt. Teacher,
Balakollasihi Skt. Pathshala Kullikkurassi
Mangalam Kerala. Gp. Rama Varma Parikshith
ThamPurāṇa. Bks. 05. Nā-yakalpa-druma,
MathaVilāsam (Attaprakārsa), Svapnavāsavadata (Attaprakārsa), Vikramorvaśīya
(Attaprakārsa), Mālavikāgnimitra (Attaprakārsa). Expired on. 14.01.1990. Spl.Ref.
Kudiyattam Dancer, Skt. Scholar, Nā-ya Śāstra.
SNA Award New Delhi, Govt. of India’s
Emeritus Fellowship in 1982, Tulsi Samman
by Govt. of M.P. in 1987. First Actor to receive
those awards Kerala Sangeeta Natak Academy
Annual award is known as Mani Madhav
Puruskaram.
Chalamcharla, Venkatashachary. Acharya,
M.A. b. 15.07.1938, Gudivada, A.P. Asst. Prof.
Gp. S.T.G. Varadacharya, V.S. Venkataraghavacharya. Add. 170, Old Airport, Sikandarabad,
A.P. Spl.Ref. Sāhitya & Veda.
Champaneri, Alka Ben K. Ph.D. b.24.06.1973.
Prof. Shri Rang Nav Chetan Mahila Arts College
Valior Distt. Bharuya. Ps. 03. Add. 203, Vajra
Appartment Megha Township Vekunthadham
College Road, Bharuya. Spl.Ref. Vedānta.
Chand, Krishan. M.A. (Skt., Hindi), Acharya,
Ph.D. b. 07.06.1978, Jind (Haryana). TGT
Skt. BBSS School Delhi. Bks. 02 Karmakāṇda
Mīmāṃsā, Pratiyogitā Candrikā. Ps. 03. Add.
CN 1781, Gali No. 13, Main Wazirabad, Delhi84. M. 09911314143. Spl.Ref. Vedāṅga Jyotiṣa
& Karamkāṇda.
Chandan, Urmila. M.A., B.Ed. b. 09.10.1949.
Teacher, Govt. Girls Senior Secondary School,
Hari Nagar, Ps. 03. Add. D-B-72 A, LIG Flats,
Hari Nagar, New Delhi – 110064. Spl.Ref.
Sāhitya.

