22



Bhartiya, Bhavanilal. M.A. Ph.D. b. 1928.
Nagor. Prof. Bks. 80. Vedādhyayan ke Sopān,
Vaidika Svādhyāya, Upniśadoṃ kī Kathāyeṃ,
Āryalekhana Kośa, Ārya Samāj ke Sāhitya kā
Itihāsa.
Bhasina, Balajit Kaur. M.A., Ph.D.. Prof., Skt.
Department. Add. Mata Sundari College for
women, Delhi University, Mata Sundari Lane,
New Delhi – 110002. Spl. Ref. Sāhitya.
Bhaskar, Nagaraj S. Sāhitya Śiromaṇi. b.
17.11.1914, Baireddipalli, T.N. Gp.
Setumadhwacharya, Purisai Krishnamachary,
Venkateshwar Dixit. Add. 45, Ganapati Colony,
Ketcheri Road, Mylapore, Madras – 600004
(T.N). Spl. Ref. Sāhitya.
Bhaskarbhatt, K. S. b. 03.02.1921. Sagartaluk,
Karanataka. Bks. 02. Devīvilāsakāvyam,
Stavakusumāñjaliḥ. Add. Valmiki Nilayam,
Bhimankone, Sagar Taluka, Shimoga – 17.
Spl. Ref. Sāhitya Bhushan, Kavi Kishore.
Bhat, Chandrashekhar. M.A., Ph.D. Net. B.Ed.
b. 20.07.1973. Asst. Prof. R.G. Campus.
Sringeri. Bks. 01. Śabdān Jānīmahe (200708). Ps. 09. Add. Matrichaya, Near Police
Station, Bharat, Street. Sringeri. Ph. 08265–
250258.
Bhat, Ganesh Ishwar. M.A., B.Ed., Ph.D. b.
09.07.1976., SIRSI. Asst. Prof., R.Sk.S., Rajiv
Gandhi Campus, Shringeri, Chikkamagalore.
Ps. 18. Add. AT & PO – Vandur, TQ – Honnavar–
Dist. North Kanara.
Bhat, K. Ganapathi M.A., Ph.D. b. 21.02.1962,
Jalsoor, Karnataka. Asst. Prof. R.Sk.S.
Tirupathi. Bks. 02. Jalavadhāda Nischayatvavicāraḥ, Nyāyāvayavavicāraḥ. Ps. 09. Add.
Chitsukhee. 78/B. Ponnakalva Road, Opp.
Lazza Ice Cream Factory, Shivagirinagar,
Tiruchanoor, Tirupati– 517507. Ph. 0877 –
2239928. Mob. 9440773072, Spl. Ref. Ṛgveda
Kramapā-hī.
Bhat, K. Ganapati. M.A. (Skt. & Music) b.
04.07.1960. Karnataka. Skt. Teac. Gp. Pt.
Bhalchandra, Pt. Martanda Dixit, Pt. Chandra
Shekhar Purāṇik Math. Bks. 06. Padarūpāvalī,

Vedīc Maths, Saṃskṛta Gāna Dhavnī, Saṃskṛta
Prabhā, Devapujāvidhānam. Ps. 25. Add. Skt.
Vidyapeeth. Mālamaddi. Dharwada. Kanataka.
Ph. 740598.
Bhat, Madhukeshwar. M.A., M.Phil. b.
20.07.1981, Kyadgi. Astt. Prof. R.Sk.S. Sringeri.
Chikkamagolore. Add. Hirekai. P.O. – Kyadgi
T. Siddapur. Dest. Uttarakannada. State –
Karnataka. Ph. 09964499743.
Bhat, N. Radhakrishna. M.A. Ph.D. b.
03.01.1952. Nooji. Kabaka P.O., Putur Taluk
(KT). Prof. Karnataka State Open University.
Manasagangotri. Mysore – 570006. Bks. 01.
Pictorial Glossary in Skt. Ps. 20. Add. H.No.136. ‘D’ Block. Vijayanagar. III Stage. Mysore–
570017.Ph.(0821) 2411858, 09448166634.
Bhat, Narasimha M. Vidwat. M.A., B.Ed. b.
08.04.1970. Yellapur. Skt. Teac. Ps. 01. Add.
Presentation High School, P.B. Road,
Dharwad– 1.
Bhat, P. Mahabaleshwar. Advaita Vedānta
Vidvān. M.A., Ph.D. b. 07.10.1953., Kichchikari.
Asct. Prof., RSkS, R.G. Campus., Sringeri
Chikkamagalore. Bks. 01. Sārasvatam (ed.).
Ps. 04. Add. Sriniketan, Pragati Nagar, Yallapur
Road, Sirsi (KT.). Ph. 09448688498.
Bhat, Raghavendra. M.A., Ph.D. b. 02.04.1977.,
Sampa (KT), Asst. Prof., Rajiv Gandhi Campus,
Menase, Sringeri. Bks. 02. Kāvyasya
Śabdaniṣ-hatā. Ps. 02. Add. At. Sampa, Po.
Araigod. Tq. Sagar, Dt. Shimoga KT- 577421.
Ph. 8265-250258. M. 9448971469.
Bhat, Suryanarayan. Acharya in Mīmāṃsā,
M.A., Ph.D. b. 07.06.1971. Vellapur. Asst.
Prof. RSkS. R.G. Campus, Menase, Sringeri,
KT. Ps.04. Add. C/o D. Ganapati Advocate,
Sharada Nagar, Sringeri, Karnataka. Ph. 08265250258.
Bhat, Venkataramana. Alaṃkāra Vidwat, Ph.D.
b. 08.02.1982. Yellapur. Asstt. Prof., Deptt.
of Skt, R.K. Mission Vivekanand Univ. Add.
Sri R.K. Mission Vivekanand Univ., Belurmath,
Howrah, 711202.
W.B. M. 9165621558,
bhat.vktramana@gmail.com

