42



Chaturvedi, Devadatta. Acharya in Sāhitya
& Paurohitya, M.A., Ph.D. b. 01.07.1951,
Mathura, U.P. Asst. Prof., Shri Lal Bahadur
Shastri Rashtriya Skt. Vidyapeetha, New Delhi.
Add. 3/117 Katwaria Sarai, New Delhi. Spl.Ref.
Sāhitya, Paurohitya.
Chaturvedi, Dharamdatt. M.A., NET, Ph.D.
b. 01.03.1959, Astt. Prof. Kendriya Tibetan
Study V.V, Sarnath. Bks. 03 Kātantrogā-disūtravṛttiḥ, Kāvyakallolinī, Vajrayānadarśana
mīmāṃsā. Ps. 10. Add. Kendriya Tripatan Study
V.V. Sarnath, Varanasi. Spl.Ref. Mīmāṃsā
Chaturvedi, Giridhar Sharma. Acharya in
Vyākaraṇa , Ph.D. b. 1881. Director, Sanskrit
research Deptt. BHU, Kashi. Gp. Jeevannath
Jha, Laxminath Drawid, Madhusudan Ojha,
Shri Jankilal Chaturvedi, Shri Gopinath
Dadhichi. Bks. 05 Sidhānta Kaumudī (ed.).
Mahābhāṣya (ed.), Mahākāvyasaṅgraha (ed.),
Mahārṣīkulavaibhavam (ed.), Brahmasiddhānta (ed.). Ps. 13. Expired on. 11 June.
1966. Spl.Ref. Received first Rashtrapati Award
in India at 1958 by Dr. Rajendra Prasad
Sharma. Awarded Vachaspati by BHU. M.M.
by Vice roy and Padmabhushan by Govt. of
India. A Outstanding Poet of Brij Language.
Chaturvedi, Harivansh. Acharya. b.15.02.1924,
Chandoli, Varanasi, U.P. Retd. Princ. Gp.
Ramyash Tripathi, Shukhdev Chaturvedi,
Narsingh Dwivedi. Add. Smt. Bhagirathi Turst,
Adarsh Sanskrit College, Chunar, Mirzapur
U.P. Spl.Ref. Vyākaraṇa Śāstra, Vedānta Śāstra,
Sāhitya Śāstra.
Chaturvedi, Krishna Chandra. Acharya (NavyaVyākaraṇa, Sāhitya ), M.A., Ph.D.. b.
02.09.1940, Mathura, (U.P.). Asct. Prof. Bks.
Premapatramahākāvyam, Alaṅkāra-dhvanivimarśaḥ, Navavṛttaratnāvalī, Vividhapathapuṣpāvaliḥ. Add. Dept. of Sāhitya, Guruvayur
Kendriya Sanskrit Vidyapith, Puranattukara.
Trissur – 680055 (Kerala). Spl.Ref. NavyaVyākaraṇa, Sāhitya. U.P. Skt. Academy
Honour.
Chaturvedi, Krishna Kant. Acharya, Ph.D. b.
19.12.1937, Jabalpur M.P. Prof. Rani Durgavati

Uni. Jabalpur, Director, Kalidas Academy,
Ujjain. Director, Rajshekhar Academy,
Jabalpur. Gp. Acharya Prabhudayal Agnihotri,
Nilameghacharya, Shrinath Shastri, Dr. Hiralal
Jain. Bks. 05. Dvaitavedāntaḥ, Tattva-Saṃīkṣā,
Studies in Rājśekhara, Viveka-Makaranda,
Athāto Bṛahma Jijñāsā. Ps.80 Add. A/4,
Saraswati Vihar. Panchavati, Jabalpur –
482001 (M.P.) Spl.Ref. Received President
Award, Editor- Ritambhara Magazine,
Abhinandangranth Published on his
Contribution Member of many bourds, Vice
President AIOC Chennai in 2000.
Chaturvedi, Kunj bihari. Acharya in Sāhitya
, M.A., Ph.D.. b. 15.04.1934, Khadgada, Satna,
M.P. Principal, Govt. Skt. College. Gp. Shyamasundar Shastri, Trinatha Shastri, Dr.
Vayunandan Pandey, Tilakadhari Tripathi.
Ps. 05. Add. Govt. Sanskrit Mahavidyalaya,
Shahdol, M.P. Spl.Ref. Sāhitya.
Chaturvedi, Mahashweta. Sāhitya, M.A.
(English, Skt., Hindi), Sangitaprabhakar, Dipl.
in Germanilism LLB Ph.D., D.Litt. b.
02.02.1953, Etawa, (U.P.). Bks. 03.
Vedāyanarakṣāśatakam, Jyotikalaśa (Hindi),
Yajurvedarahasya (Hindi), Add.Asst. Profs
Colony, Bareelly College Parisar. Shamganj,
Bareilly – 243005. Spl.Ref. Sāhitya, Veda.
Awards. Honoured by the title of Kavya Ratan
& Kavyālaṅkāra, Michel Madhusudan Dutt
Award etc.
Chaturvedi, Narottam. Sāhitya. b. 07.11.1931,
Jaipur. Asst. Director. Gp. Jagadish (Sāhitya.)
Add. Ghee Valon ka Rasta, Chaubon ka Chauk,
Jaipur, Rajasthan. Spl.Ref. Sāhitya.
Chaturvedi, Prasad. Acharya (Vyākaraṇa,
Vedānta, Nyāya). b. 18.01.1934, Kedarpur,
Faizabad, (U.P.). Teacher. Gp. Rudraprasad
Avasthi, Udayaraj Mishra. Add. Shri Dharma
Sangh Shiksha Mandal. Durgakund, Varanasi
(U.P.). Spl.Ref. Vyākaraṇa, Vedānta, Nyāya.
Chaturvedi, Purushottam. Acharya in Sāhitya,
Śuddhādvaita, Vyākaraṇa & Darśana. b. 1955.
Todaraisingh, RJ. Lect., Meyo College, Ajmer.
Gp. Madhura Lal Chaturvedi, Nand Kishore

