B
Baladeva. Acharya, M.A.. b. 23.05.1952,
Fajalpur, Meerut, U.P. Gp. Gangarama, Acharya
Sudarshandev, Dr. Krishnakumar. Add.
Maharshi Dayanand University, Rohatak (HR).
Spl. Ref. Veda.
Balaganapati, M. Visarada. b. 28.04.1933.
Sringeri, Chikkamagalur, Karnataka. Service.
Gp. Venkatasubba Avadhani, Subba krishna
Dixit. Add. Agamapandita, Harihara, Sringeri,
Chikkamagalur – 577139 (Karnataka). Spl.
Ref. Darśana.
Balaji, Ramachandrula. M.A. (Darśana, Telugu,
Philosophy), M.Ed., Ph.D. b. 10.07.1963.,
Timme Samudram (A.P.) Asst. Prof., R.Sk.S.
Rajiv Gandhi Campus, Sringeri. Bks. 02.
Sārasvatam, Śikṣāyāḥ Dārśanika Pṛṣ-habhūmiḥ,
Ps. 19. Add. C/o Badari Narayana, Behind
Girls High School, Subhash Street, Sringeri.
Ph. 250258.
Balarama, Sinha. Vyākaraṇaratna, VyākaraṇaTirtha. b. Phultali, Tripura. Add. Village &
P.O. Phulatali, Kailashahar – 799280 (Tripura).
Spl. Ref. Vyākaraṇa.
Balasubrahmanyam, D. b. 14.09.1964.
Kalahasti, A.P. Veda Parayankartta. Gp. Srirama
Sharma, Mahalinga Ghanapathi. Add. Sri
Kalahasti Devasthanam, Sri Kalahasti, Chittoor
(A.P.). Spl. Ref. Kṛṣṇayajurveda.
Balasubrahmanyam, D. Bhasyaratna. b.
20.01.1933, Taramangalam, Salem. Veda
Teacher. Gp. Subrahmanya Venkataramana.
Add. 9, Murugan Nagar, Raja Nagar, P.O.
Mettur Dam, Salem (T.N.). Spl. Ref. Sāhitya.
Balasubrahmanyam, N. Vedānta Kovid,
śiromaṇi, b. 07.12.1917, Velayudham-palayam,
Trichi, T.N. Gp. K.A. Laxman Shastri, T.V.
Ramachandra Dixit; N.R. Subrahmanya
Shastri, R.S. Venkatarama Shastri. Add. 6,
Kamakshi Shastri Street, Satyamangalam –
638501 (T.N). Spl. Ref. Vedānta, Bharopiya
BhashaŚāstra. P.O.L.
Balasubramaniam, K.S. B.Sc., M.A., Ph.D. b.
16.02.1959, Chennai. Bks. 20. Ps. 50. Add.
C – 4, Durga Apts., 185. R.K. Mutt Road,

15

Mandaiveli, Chennai - 600028. Ph. (044) (R)
4610928. (O) 4985320.
Balasubramanian, Jayalakshmi. M.A., M.Phil.,
Ph.D. b. 22.12.1945. Gobi Chettipalayam
Tamilnadu. Asst. Prof. Add. Plot – C – 336,
A/3, Jayam Flats. New No. – 5. 8 th Avenue
Ashok Nagar. Chennai – 83. Ph. (044)
4747148.
Balasubramanian, K. S. Vidyavaridhi, Ph.D.
b. 16.02.1959, Chennai. Dy. Director,
Kuppuswami Shastri Research Institute. Gp.
Sahaj Marg System of Rajyoga. Bks. 54
Nandikeśvarakāśikā with Upamanyu’s com,
Amṛtānanda Upaniṣad, Advayatarka Upaniṣad,
Darśana Upaniṣad, Many vols. of Journal of
Oriental Research and other publications of
the K.S.R. Institute. Ps. More than 20. Add.
Dy. Director, the Kuppuswami Sastri Research
Institute, 84, Thiru Vi ka Road, Mylapore,
Chennai, India 600004. Ph. 044-24617197,
M.09884899716. sanskritkannan@yahoo.
com. Spl. Ref. International Award Yoga
Sastra Praveena, Sāhitya Visarada, Yogakala
Kalapa. Switzerland 2002, France 2003,
Singapore and Malaysia 2008, Italy 2009,
have been teaching PG and UG students and
many foreign countries for more than 25
years. Have published more than 50 books
on Sanskritic and Indological research
associated with the AIOC Samskrita Ranga,
Sanskrit Akademi (Chennai) in all their
publications from 1985. Have reviewed more
than 60 books in the J.O.R. Vedānta Kesari,
Samskrita Ranga Annual, JICPR, Vedānta
Kesari etc.
Baljinnatha. M.A., Ph.D. Age. 69 years. Gandhi
Nagar, J&K. Research Director, Sri Ranvir
Kendriya Skt. Vidyapeeth, Jammu. Gp. Pt.
Srichandra Shastri, Pt. Kakarama Shastri. Bks.
Ed. Encyclopaedia of Shaivagama. Add. 627A, Gandhi Nagar, Jammu – 180004 (J&K).
Spl. Ref. Shaivasim & Sāhitya, Encylopedia
of Shaiv Darshan & Paramārthasāra with Hindi
Comentary and many other marvelous work
in Shaiv and Shakta Darshan.

