76



E
Ekananda, Rajahamsa. Acharya in Vyākaraṇa,
Nyāya & Sāhitya, M.A., B.Ed. b. 05.04.1919,
Devaghar, Bihar. H.O.D., Govt. Sanskrit
College, Muzaffarpur, Bihar. Gp: Pt. Sadananda
Jha. Add. Devaghar, (Baidya-nath Dham),
P.O. Baidyanath Devaghar (Bihar)
Elayat, Krishnakutti M. V. B.A., B.Ed. b.
01.09.1927, Thalor, Kerala. Rtd. Teacher. Add.
Thalor, Trissur – 680306. (Kerala). Spl.Ref.
Sāhitya & Veda.
Elayat, Vasudevan P.C. Nyāya Bhusan, Sāhitya
śiromaṇi. b. 15.06.1912, Kakkasseri, Trissur,
Kerala. Gp. Mannita Shastri Sharma, Achyuta
Potuval, Ram Variyar. Bks. Kṛṣṇagīti,
Kāvyadarśana, Guruvāyūramāhātmyam. Add.
P.O. Kakkasheri, Trissur. Kerala. spl.Ref. Nyāya
Śāstra, Sāhitya Śāstra.
Elayath, K.N. Neelakantan. Acharya in Vedānta,
M.A., Ph.D. b. 05.03.1943, Vazhoor. Asst.
Prof., Sanskrit University, Kerala, Director
Adyar Library & Research Centre. Gp. Krishan
Shastrikal (Sringeri Math Vedanta). Bks. 10.
Advaita-Dharmam (1982), The Ethics of
Śaṅkara (1990), The Concept of Jivanamukti
(1975). Ps. 03. Add. B – 6, C.U. Campus, Calicut
University. Ph. – (0494) 401460. Spl.Ref.
Awarded by Kerla Sāhitya Academy in 1984.
Eletattumana, Sankara Narayanan Nambutiri.
Munpilirikal (equivalent to B.A. Degree in
Veda). b. 1902, Valampuri, Srikrishnapuram,
Kerala. Gp. Panditaraj Appashashtri Jayant
Mangalam, Parashuram Shastri, Krishna Kutti
Shastri, Brahma Shri Shankaran Namputiri.
Add. Eletattumana, Valachili Mangalam,
Srikrishnapuram, Palakkad – 679513.
Eluthacchan, K. N. Sāhitya. b. 19.06.1911,
Cherpalcheri, Kerala. Bks. 04. Kusumopahāram, Pratijñā, Pratīkṣā, Keralodayaḥ. Rt.
Asst. Prof., Deptt. of Malayalam, Calicut
University, Add. Durga mandir, Panthakkal,
Pattambi, Palakkad Dist. (Kerala). Spl. Ref.

Awards. Kerala Sāhitya Academy Award 1976,
Sāhitya Academi Award 1979.
Enamdar, Hemant Vishnu. M.A. (Sanskrit &
Marathi), L.L.B., Ph.D. b. 03.11.1925. Bks.
12. Sant Nāmdeva, Bhaktipantha-Navacintana,
śrī Eknātha-Darśana, Ādhunika Bhāratiya
Tattvajña, Abhaṅga- Navanīta. Expired.
23.06.2006.
Eppurath, Raman Narayanan. M.A., NET.,
Ph.D. (Sāhitya). b. 20.05.1970, Elavally,
Thrissur, Kerala. Astt. Prof., Hyderabad. Gp.
Prof. Vasudevan Elayath, Prof. K. Govindan
Nambiar, Prof. E.P. Bharata Pisharody. Bks.
12. The Sarasvatyaṣ-aka, The Bhṛguvaṃśamahākāvya of Pratāparāja, The Muktakāvalī.
Ps. 10. Add. Centre for Exact Humanities,
International Institute of Information
Technology, Gachibowli. Hyderabad – 500019.
Ph. (040) 32210140, 09581539685. Spl. Ref.–
He has been deputed to the IIT-H by the
Rashtriya Sanskrit Sansthan for the Project–
Computational approach to Indian Analytic
Traditions.
Ettanni, Raja P. C. Sāhitya. b. 20.05.1929,
Kozhikode. Rt. Asst. Prof. Gp. Desamangalathu
Rama Variyara. Mehtodology in Ancient India,
Essentials of Buddhism and Jainism, Avaidika
Darśana Saṅgraha of Gaṅgādhara, Indian
Scientific Traditions. Ps. 100. Add. Gokulam
Palace Road, Mankavu, Kozhikode - 673007.
Kerala. Ph. 0495-2330070, M. 09495173880.
knneelak@gmail.com, www.knneelkanthan.net
Spl. Ref. Indian Philosophy, Kerala Sāhitya
Academy Award 1984. Member & Director
of the various Council including Theosophical
Society, Other Indian Universities etc.
Ezuthchan, K. N. M.A. (English, Malayalam,
Skt.), Ph.D. b. 21.05.1911. Cherpalcheri,
Kerala. Prof., Madras Univ. Bks. 01.
Keralodayam. Expired in 1981. Spl. Ref. Poet
and Scholar in Skt. and Malayalam. Sāhitya
Academy and Kerala Sāhitya Academy Award.

