
Dasharth. Shiksha Shastri, Acharya, M.A., NET,
Ph.D. b. 08.08.1976. Bhiwani. Lect. Sri Jairam
Vidyapeetha. Kurukshetra. Ps. 01. Add. Vill.
Mundhal Kalan Distt. Bhiwani - 127041
Haryana. M. 9813300450.
Dasora, Karuna. M.A., Ph.D.. b. 21.07.1957,
Udaipur, RJ. Add. 5, Panchavati Road – 1,
Udaipur – 313001 (RJ.). Spl.Ref. Sāhitya.
Datt, Jagadeva. M.A., Ph.D.. b. 01.07.1945.
Teacher (TGT) Skt.. Add. 1/3421, Ram Nagar,
Loni Road, Shahadara, New Delhi – 110032.
Spl.Ref. Sāhitya.
Datta, Aruna. M.A., B.Ed.. b. 29.05.1943.
Teacher. Add. B – 03. B/41A, Janakpuri, New
Delhi – 110058. Spl.Ref. Sāhitya.
Datta, Dinesh Chandra. M.A. in English, Urdu,
Skt., Bangla & Latin. Prof. Maharaja College,
Jaipur, RJ. Sp. S.J.B. Mathur. Bks. 11.
Bhāratagāthā, Subhāṣagauravam, Chandaḥ
Sandohaḥ, Ravīndra Pratibhā. Expired in. 1972.
Jaipur. Spl.Ref.. A Great Singer & Poet of
Skt., Urdu, English, Bangla etc. Translation
of Meghdoot in English.
Datta, Krishna. M.A., B.Ed.. b. 13.06.1948.
Teacher (PGT). Add. Bharatiya Vidya Bhavan
Mihta Vidyalaya, Kasturba Gandhi Marg, New
Delhi – 110001.
Datta, Nilanjana Sikdar. Ph.D. b. 13.10.1954.
W.B. Asct Prof. CAL. Univ. Bks. 01. The Ṛgveda
As Oral Literature. Ps. 01. Add. F - 35/3. Karuna
Mayee. Estate. Salt Lake. Calcutta - 700091.
Ph. (033) 23590177.
Datta, Parimal Kumar. M.A., M.Ed., Ph.D.
b.08.12.1955, Cossim Bazar, Manindra Nagar,
Murshidabad, WB. Asst. Prof. Kharupetia
College Kharzipetia, Darrang, Assam. Bks.
02. Tantra its Relevance to Modern Times,
A Unique Trilingual Dictionary Saṃskṛta
Assamese English. Add. Ramnagar Ward No.
8, Kharupetia Town, P.O. Kharupetia Darrang.
Spl.Ref. Awards – Prasannakumar Sarbodh
Silver Medal, Tarachand Silver Medel, Jawahar
Lal Nehru Memorial Award, Best Seminar
Paper in Classical Skt. In Kurukshetra Univ.,
44 th Oriental Confrence.

55

Datta, Pradyot Kumar. Veda Vyākaraṇa Tīrtha,
M.A., Ph.D. b. 01.11.1950. Bhagalpur Bihar.
Prof. Jadavpur Univ. Bks 16 Pāṇinī &
Prātiśākhya, Arthasaṅgraha, Source Material
of Phonetics, Scientific eliments in the Vedas.
Ps. 31. Add. 30 1st Row Samabayapali, Howrah711205. Ph. 033-26710315, M. 09231960643.
Datta, Pradyut Kumar. M.A., Ph.D.. b.
01.11.1950, Howrah, (W.B.). Vice-Principal,
Vaidik Studies, Sanskrit Dept., Rabindra
Bharati Vishwavidyalaya, Calcutta. Add. 30,
First Row, Samabayapali, Howrah (W.B.).
Spl.Ref. Veda, Vyākaraṇa Śāstra.
Datta, Samir Kumar. M.A., Ph.D. b. 08.07.1938.
Dantan, Midnapore. Asct. Prof. Bks. 01.
Aśvaghosa - As a Poet & Dramatist : A Critical
Study. Ps. 01. Add. 11 / 11 - A. Lake East
(6th) Road. Calcutta - 700075. Ph. (033) 2416
9871. Spl.Ref. Literature & Literary Criticism.
Dattavadakar,
Keshav
Purushottam.
Kavyatirth. b. 02.09.1913, Chinchali, Belgaon,
KT. Add. Ganga Nivas. Tilak Mandir, Somora
Peth, Sangli (MH). Spl.Ref. Kāvya.
Dave, Alkesh Vasudev Bhai. Ph.D. b.05.11.1968.
Prof. GJ Arts & Science Alisbridge Ahemdabad.
Add. 108, Taranga Hill Society Near Arjun
Aashram Ahemdabad. Spl.Ref. Vedānta Śāstra.
Dave, Chandrakant. Acharya in Vyākaraṇa,
Darśana & Sāṅkhyayoga. b. 20.04.1940,
Vyavar, RJ. Asct. Prof. Gp. Pt. Chandrashekhar
Dwivedi, Pt. Ramanand Shastri. Add. Shri
Lal Bahadur Shastri Rashtriya Skt. Vidyapeeth,
Katwaria Sarai, New Delhi. Spl.Ref. Vyākaraṇa,
Sāṅkhyayoga.
Dave, Jaishri Ben D. Ph.D. b. 13.05.1952. Prof.
Valiya Arts College, Vidha Nagar, BhavNagar.
Add. Aanand Watika, Near Bhagini Mandal,
Plot No. 14, Tapteshwar Bhav Nagar. Spl.Ref.
Vedānta Śāstra.
Dave, Jaya. M.A., Ph.D., B.Ed., M.Ed.. b.
28.12.1962. Jodhpur, RJ. Asst. Prof. Girls
P.G. College. Kamla Nehru Nagar, Jodhpur.
Gp. Shri Ram Dave. Bks. 04. Kāvya Mañjūṣā,
Kāruṇya Kādambinī, Lalitā laharī, Ps. 40. Add.

