34



Sansthan, Sadhu Asharam, Hoshiarpur
(Punjab). Spl. Ref. Veda.
Birajdar, G.D. Abbas Ali. M.A., B.Ed. b.
24.08.1935. Sholapur, Maharashtra. Joint
Convener, Somaiya Skt. Kendra, Mumbai. Chief
Editor and Publisher, Vishva Bhasha, General
Secretary of Vishva Skt. Pratishthanam,
Varanasi. Bks. 05. Muslimānām Saṃskṛtābhyāsaḥ, Prācīnabhāratīya-bhautikavijñānam.
Ps. 70. Spl.Ref. He was awarded various titles
such as Mahapandit, Panditendra, Sanskrita
Ratnam, Parashurama Shreeh, Vidya
parangatah by different Scholarly bodies. He
edited and published a trimonthly Sanskrit
Magazine, President Awardee.
Bista, Devaraj. Acharya in Āyurveda, Vedānta.
b. 01.11.1952, Khoplong, Nepal. H.O.D. of
Vedānta. Gp. Parankushacharya, Ramayasha
Pandeya. Add. Shri Ramanuja Darshan
Mahavidyalaya, D-5/37 Tripura Bhairavi,
Varanasi (U.P.). Spl. Ref. Vedānta.
Biswal, Banamali. Acharya, M.A., M.Phil., Ph.D.
b. 04.05.1961. Telia, Yajpur, Orissa. Asct.
Prof. R.Sk.S, G.N. Jha Campus, Allahabad.
Gp. Prof. K. D. Joshi, Prof. Soraja Bhate. Bks.
40. The Samāsaśaktinirṇayaḥ, The Concept
of Upadeśa in Skt. Grammar, Saṅgamenābhirāmā, Vyathā, Nīravasvanaḥ. Ps. 100. Add.
R.Sk.S, G.N. Jha Campus, Azad Park.
Allahabad – 211002. (U.P.). Ph. (0532) (R)
641713. (O) 460957. email : padmaja@ nde.
vsnl.net.in Spl.Ref. An Eminent Scholar poet
& writer. 20 Prizes Awarded by U.P. Skt.
Sansthan, Delhi Skt. Academy, Hindi Sāhitya
Sammelan, Uttrakhand Skt. Academy etc.
Biswas, Bhagirathi. Kāvyatīrth, M.A., B.Ed.,
Ph.D. b. 01.02.1958, Nadia. Asct Prof., Deptt.
of Skt., Assam Univ. Gp. MM Prof. Ramaranjan
Mukherjee. Sp. Kamal Lochan Atraya. Bks.
02 Sāhityadarpaṇa, Sociology of Skt. Drama.
Ps. 08. Add. B-1/46, Kalyani Nadia, W.B.
741235. Ph. 03842240576, M. 09435373664,
biswasnb2001@yahoo.co.in , biswasmb1952@
gmail.com . Spl. Ref. Kāvya sastra.Life Member
AIOC.

Biswas, Dihiti (Chakrabarti). M.A. Ph.D. b.
29.09.1955. Kolkata. Asct. Prof. Calcutta Univ.
Bks. 01. Nārdīyaśikṣā. Ps. 05. Add. 23,
Ibrahimpur Road. Kolkata – 700032. Ph. (033)
4124418.
Biswas, Mukta. M.A., M.Phil., Ph.D.
b.01.02.1956, Digboi, Santipara. Prof.,
Guwahati Univ. Gp. Prof. R.N. Sharma, Dr.
Jagdish Sharma. Bks. 01. Śāṅkhya Yoga
Epistemology A Study. Add. Deptt. of Skt.,
Guwauhati Univ. Guwahati.
Biswas, Souvick. M.A.. Asstt. Teacher of Higher
Sec. School, Howrah. Add. 4/A Shiv Talab
Ji Lane, P.O. Uttarpara Distt. Hoogly-712258,
W.B. M. 09433842959.
Bittharia, Hemlata. M.A., Ph.D. b. 16.08.1947.
Retd. Asst. Prof. Ps. 19. Add. 73, Halipad
Colony, Near Jivaji Club, Lashkar, Gwalior.
Ph. 0751-2435700, M. 09407244440,
nodatagwalior@indiatimes.com
Bodala, Kantaprasad. Acharya in Vyākaraṇa.
b. 01.06.1955, Durg, Garhwal, (UK). Teacher.
Gp. Buddhi Vallabhaji. Add. C/o Shri Jaga
Dev Singh Sanskrit Mahavidyalaya, Saptarishi,
Haridwar (Uttarakhand). Spl. Ref. Vyākaraṇa.
Bohara, Pushplata. M.A. (Sanskrit), B.Ed.. b.
03.09.197. Teacher, Govt. Senior Secondary
School No. 1, Shakti Nagar, New Delhi. Add.
B4/22A, Ashok Vihar, Phase – VI, New Delhi–
110052.
Boliya, Hemlata. M.A., Ph.D. b. 22.04.1952,
Udaipur, Asct. Prof., Skt. Vibhag, Samajik
evam Manviki Mahavidyalaya, Udaipur. Gp.
Prof. Ramchandra Dwivedi, Prof. Vishnu Ram
Nagar, Prof. Mool Chandra Pathak, Prof.
Radhavallabh Tripathi, Prof. Prem Suman Jain,
Pt. Gridhar Lal Shastri. Sp. Dr. Shayamanand
Mishra, Dr. Hemant Dugarwal, Dr. Dheeraj
Prakash Joshi, Dr. Deepak Mandel, Darśana
Jain. Bks. 04 Mahārtha Mañjarī eka adhyayana,
Kārakaprabodha, Pañcaliṅgīprakaraṇa. Bhaktāmarastotra Ps. 10. Add. Balshri Jain Mandir
Marg, Madhav Colony Pahara, Udaipur. Ph.
0294-2470511. Spl. Ref. Saraswat Samman,
Skt. Vidwat Samman (Raj. Govt.), Aakashwani
Varta 25, Direction of Skt. Dramas.

