294



discourses and other activities organized by
socio-cultural organizations. President
Awradee – 1999.
Shukla, Neetaben N. Ph.D. b.08.06.1960. Prof.
Smt. Kusumben Kadkiya Arts & Commerce
College, Hansota Road, Ankleshwar. Ps. 03.
Add. 43, Sundarvan Appartments, G.I.D.C.
Ankleshwar. Spl.Ref. Vedānta Śāstra.
Shukla, Niranjan C. Ph.D. b.26.10.1938. Prof.,
Sanskrit College, M.S. University Pratapganj,
Varodara. Ps. 05. Add. Shri Chandra,
Premanand, Rangmahal, Varodara. Spl.Ref.
Jyotiṣa Śāstra.
Shukla, Parmeshwar Dutt. Acharya in Sāhitya
& Vyākaraṇa, M.A., Ph.D. b. 22.11.1953.
Principal, Shri Ramanuj Skt. College,
Mishrapokhra, Varanasi. Gp. Prof. Siddheshwar
Bhattacharya. Sp. Bhola-Narayan Kheri, Vikas
Chandra Tiwari. Bks. 03. Vayākaraṇa
Siddhānta Kaumudī (ed.), Rasārṇava
Sudhākara, Swapna-vāsavadattam (ed.). Ps.
10. Add. B-26/293 A-1 Nawabganj, Varanasi,
U.P.
Shukla, Pradyumn Kumar Batukraj Shastri.
Acharya in Sāhitya, Suddhadvaita Vedānta.
b.04.11.1940, Baroda, GJ. Add. Narasinghaji
Pole, Opp. Gopal Lalji Mandir, Baroda – 390001
(GJ). Spl.Ref. Sāhitya, Suddha DvaitaVedānta
& Veda.
Shukla, Pratibha. B.A., M.A., M.Phil., Ph.D.,
b. 04.06.1963. Asct. Prof., Bks. 01. Veda me
Hiraṇya Kā Pratīkavāda. Ps. 06. Add. Sanskrit
Hindu Kanya Mahavidhyalaya, Sonipat,
Hariyana – 131001.
Shukla, Radhe Shyam. M.A., M.Phil., Ph.D.
b.04.08.1954. Sultanpur, U.P. ManagingDirector, Pratibha Prakashan, Delhi. Bks. 01.
Dharma Śāstra ko Vijñānesvara kī Dena. Ps.
01. Add. 29/5, Shakti Nagar, Delhi– 110007.
Spl.Ref. Darśana & DharmaŚāstra.
Shukla, Raj Kumar. M.A., Shastri. b.15.01.1932,
Allahabad, (U.P.). Asct. Prof., Deptt. of
Sanskrit, Allahabad University. Add. 17,
Tularam Bagh, Allahabad (U.P.). Spl.Ref.
Darśana.

Shukla, Raj Kumar. Shastri. b.01.09.1954. Kotia,
Faizabad, (U.P.). Add. Gali No. 11, E-5/A,
Mandawali, Fajalpur, Delhi–110092. Spl.Ref.
Sāhitya & Darśana.
Shukla, Raja Ram. Acharya in Nyāya, Ph.D.,
D.Litt.. b. 06.06.1966, Varanasi. Prof., B.H.U.
Varanasi, (U.P.). Gp. Pt. Raj Rajeshwar Shastri
dravid, Pt. Jayram Shastri Shukla. Sp. Shri
Tulsidas, Dr. Vishnupad Mahapatra, Dr.
Mahananda Jha. Bks. 19. Sāmānyanirukti
Saugandhyam, Advaita Tattva Taraṅginī,
Tattvacintāmaṇi Vivecanā. Ps. 10. Add. 1/
529, Fort Road, Ramnagar, Varanasi – 221008.
Ph. 09935409724. Spl. Ref. Rashtrapati Award
Vadrayana Vyas Award, Shankar Puraskar,
U.P. Sanskrit Sansthan.
Shukla, Rajani Kant. M.A., B.Ed., M.Ed., Ph.D.
b.10.09.1965, Gorakhpur. Asct. Prof., R.Sk.S.,
Tirupati, A.P. Bks. 03. Smūritī Siddhānta
Candramā, Kārakaprakaraṇasthasūgāvyākhyānebhaḥ, Vyākaraṇa-śikṣaṇam. Ps. 20. Add.
Rashtriya Sanskrit University, Tirupati, A.P.
Shukla, Rajaram. Acharya in Navyanyāya, NET,
Ph.D. b. 06.06.1966. Varanasi. Director,
Research Institute S.S.V.V. Bks. 04. Ps. 08.
Spl.Ref. Manuscriptology, Traditional Teaching,
Madhusudan
Saraswati
Puraskar,
Swarnanguliya Puraskar, Maharshi Badarayan
Vyas Samman by President of India.
Shukla, Rajneesh Kumar. Ph.D. b.25.11.1966.
Asst.Prof., Sampoornanand Skt. Univ.,
Varanasi. U.P. Gp. Acharya Revati Raman
Pandey. Bks. 04. Saundarya Saṃskṛti Evam
Darśana, Tattvabindu, An Introduction of
Philosophy, Kān-a kā Saundarya Śāstra. Ps.
25. Add. Kankhoriya, Kasya, Kushinagar, U.P.
Spl.Ref. Kant Trishatabdi Samman, Akhil
Bhartiya Darśana Parishad.
Shukla, Rajnish. Net, JRF, Ph.D.. b. 18.11.1974.
S.R.F.. Bks. 04. Śruta Sambardhinī Magazine,
Jñānayānī Quarterly Magazine, Prākṛta
Literature and Indian Traditions, Pāli Prākṛta
Poetry. Ps. 31. Add. R.P.S. Colony, Opp.
Ambedkar Nagar Bus Stop, M.B. Road,
Khanpur, New Delhi – 110062. Ph.

