198



Girls School, Jhilmil Colony, Delhi. Ps. 02.
Add. 499/4, Chandanvari, Bholanath Nagar,
Shahdara, Delhi-32.
Pandey, Ravindra Nath. Acharya in Veda. b.
12.07.1957, Madhu Chapra, Bihar. Asst. Prof.
in Ved. Gp. Vindhyeshvari-prasad Tripathi,
Nandkishor Pandey. Add. C.K. 32/17,
Brahmanala, Varanasi (U.P.). Spl.Ref. Veda,
DharmaŚāstra & Jyotiṣa.
Pandey, Sangam Lal. M.A., Ph.D., D.Litt., b.
12.07.1929, Allahabad. Gp. Pt. Kamlakant
Mishra. Bks. 05. Śrī Śankara, Adwaita
Philosophy, Philosophy of Ravīdāsa, Vedāntika
Social Philosophy, Bhārtīya Darśan kā
Sarvekṣaṇa, Deśabhaktī-catūṣtyam.
Pandey, Shailja. M.A. (Veda. Purāṇetihsa),
Ph.D. D.Litt. (VastuŚāstra) b. 15.06.1954,
Varanasi, U.P. R.A., R.Sk.S., Ganganath Jha
Campus, Azad Park, Allahabad. Bks. 06. Vāstu
Saukhya, Rājavallabha Mandan, Śaiva
Rāmāyaṇa, Griha Vāstu Pradīp, Mayamata.
Ps. 50. Add. 116 – H/1D, Radha Nagar Colony.
Phulwaria Road, Daraganj, Allahabad. Mob.
0945117 9728.
Pandey, Shashi Kant. b. 07.07.1984. Research
Scholar. Ps. 02. Add. Ruiya Hostel Room No.
61. BHU, Varanasi- 05. M. 09451722909.
shiva.479@rediffmail.com
Pandey, Shashi Nath. M.A. (Veda), Acharya
(Boudh Darśana), NET, Ph.D. b. 19.01.1971.
General Fellow ICPR New Delhi. Bks. 02.
Tantravimarśa, Saṅgama. Ps. 25. Add. H.No.
16/96-A Kolhua, Vinayaka Varanasi-221008
M. 9936179829. Spl. Ref. Veda, Boudh
Darśana. Member of Akhil Bhartiya Darśana
Parishad.
Pandey, Shitala Prasad. Acharya, Ph.D. b.
28.01.1962. Varanasi. Asstt. Prof, Deptt. of
Dharmagam Faculty of SVDV, BHU Varanasi.
Gp. Swami Karpatrey Ji Maharaj, Acharya
Kamlesh Dutt Tripathi. Bks. 01. Vaikhānasa
Āgama eka Adhyayana. Ps. 40. Add. Deptt
of Dharmagam, Faculty of SVDV, BHU,
Varanasi 221005. M. 09452823899.

Pandey, Shrawan Kumar. M.A. b. 04.01.1975,
Daltonganj. Ps. 03. Add. M.R.D.A.V. Public
Lohardaga, (Jhharkhand). Ph. (06526) 24304,
24592.
Pandey, Shri Prakash. M.A., Ph.D. b.
01.04.1959, Siwan (Bihar), Asst. Prof., L.S.
College, Muzaffarpur (Bihar). Bks. 01. Hindī
Saṃskrit Śabdakośaḥ. Ps. 01. Add. Teacher’s
Hostel No.-2, Q.No.-36. Univ. Campus,
Muzaffarpur – 842001, Bihar.
Pandey, Shrichandra. Acharya in Jyotiṣa,
Sāhitya. b. 1908, Vill. Jounpur, Baliya. Asst.
Prof. Lucknow Univ. Lucknow. Gp. Pt. Ramvyas
Pandey. Bks. 02. Jyotirnibandhāvalī, Grahagatī
kā Kramika Vikāsa. Expired on 23.04.1983.
Spl.Ref. Edited Hrikesh Panchang, Tought in
Rastriya Sanskrit Vidyapeeth as Śāstra
chavdamani in Jampu Campus.
Pandey, Shriram. Acharya in Nyāya,Vyākaraṇa
& Sāhitya. b. 15.07.1926. HOD Darśana,
S.S.V.V., Varanasi, U.P. Gp. Shri Mahadev
Shastri, Badrinath Shukla. Sp. Sudhakar Dixit,
Rampujan Pandey, Vashishth Tripathi,
Kailashpati Tripathi. Bks. 09. Avayavinirākaraṇa, Pratyakṣa Jñāna Mīmāṃsā, Sāṅkhya
Pratimā, Yoga Pratimā, Dīdhitikāroparāvicārāṇāmālocanam. Ps. 10. Add. B-22/200 A
Rakhojva Varanasi, U.P. Spl.Ref. Gold Medelist.
Awarded by President of India.
Pandey, Shriram. M.A., Acharya in Purāṇa.
b. 05.07.1948. Asst. Prof. Śāstrartha College,
Dashashwamegh,
Varanasi.
Gp.
Dr.
Ramashankar Tripathi. Bks. 01. ParānandaPurāṇa (Trayodaśa – Khaṇda (ed.). Add. Amani
pandeypur, Paripat Jonpur, U.P.
Pandey, Sohanlal. Acharya in Sāhitya, M.A.,
B.Ed., M.Ed. b. 12.08.1956. Asst. Prof. Ps.
02. Add. Kendriya Sanskrit Vidhyapeeth,
Aliganj, Luchnow U.P. Spl.Ref. Sāhitya Śāstra.
Pandey, Som Prakash. M.A., Acharya in Sāhitya.
b. 14.04.1958, Mau, Pratapgarh, U.P. Asst.
Prof. Gp. Dr. Ramshankar Mishra. Bks.
Bhṛṅgadūta-Śatakam. Add. Munishwar Dutt
P.G. College, Paratapgarh, U.P. Spl.Ref.
Vedānta, Sāhitya Śāstra.

