
Sharma, Rajendra Kumar. M.A., B.Ed.
b.20.07.1935. Teacher, Govt. Girls Secondary
School, Seelampur, Delhi. Ps. 03. Add. 10A, Vijay Mohalla, Bhojpur, Delhi–110053.
Spl.Ref. Sāhitya.
Sharma, Rajendra Kumar. M.A., M.Phil., Ph.D.
b. 08.02.1957. Hamirpur (H.P.) Prof., Punjab
Univ. Ps. 26. Add.E-2, Panjab University
Teacher’s Residence, Gautam Nagar, Una Road,
Hoshiarpur–146021.
Sharma, Rajendra Kumar. M.A., M.Phil., Ph.D.
b.08.02.1957, Kale Amba. Research Asstt. Gp.
Dharmendrakumar Gupta, Brajavihari Chaube.
Ps. 05. Add. V.V.I.S. & I.S., University of Punjab,
Hoshiarpur (Punjab). Spl.Ref. Sāhitya.
Sharma, Rajendra Nath. b.25.06.1939, Delhi.
Asst. Prof., Hindu College, Delhi. Gp. Dr.
Ramagopal, Dr. Satyavrata Shastri. Bks. 01.
Mārkaṇ©eya-Viṣṇu-Garu©a-Agni - BhaviṣyaBrahmapurāṇam(ed.). Add. 13-A/U.A.,
Jawahar Nagar, Delhi. Spl.Ref. Sāhitya, Purāṇa.
Sharma, Rajendra Nath. M.A., Ph.D., D.Litt.
b.26.07.1951, Varsarkuchi, Nalbari, Assam.
Prof. Gp. Mukundamadhav Sharma, Priyanshuprabal Upadhyaya. Bks. 09. Ps. 100. Add.
H.No.– 14, Jibankrishna Path, Hengrabari,
Guwahati – 781036. Ph. (0361) 2570532,
09435113513.. Spl.Ref. Mīmāṃsā, Vyākaraṇa.
Sharma, Rajendra Prasad. Acharya,
Vidyavachaspati. b.15.10.1943, Chamoli,
(U.P.). Principal. Shri Mahavir Vishvavidyapith,
Pashchim Vihar, New Delhi. Gp. Vijayaprakash
Sharma, Ramjit Sharma Upadhyaya. Ps. 05.
Add. Abhinavabharati Bhawan, Subhash
Muhalla, E-Block, Gali No. 5, North Ghonda,
Shahdara, Delhi. Spl.Ref. Vyākaraṇa.
Sharma, Rajgopal V. Shiromani (Vyākaraṇa,
Vedānta). b. 01.07.1914, Cheyyar, TN. Gp.
Setu Madhavacharya, Ramacharya. Add. 17,
Firewood Bank Road, Madras–600005 (T.N.).
Spl.Ref. Veda, Vyākaraṇa , Vedānta.
Sharma, Rajgopal. Studied in Kṛṣṇyajurveda
and Nyāya. b.1913. Kashi. Gp. Pt. Seetaram
Shastri, Dr. Altekar. Bks. 07. Śrīmajjagadguru

259

Śaṅkarama-ha Vimarśa, Kāśī me Kumbhakoṇama-ha-viṣayaka Vivāda, Satyānveśaṇa,
Dakṣiṇāmnāyadharmapī-ha, Adyaśankarācārya prādurbhāvakāla.
Sharma, Ram Avtar. Kāvyatīrtha, Acharya in
Sāhitya. b. 06. March. Chhapara, Bihar.
Principal, Oriental College of Indology, B.H.U.
Varanasi, U.P. Gp. Gangadhar Shastri. Sp.
Dr. Rajendra Prasad. Bks. 05. Dhīranaiṣadham,
Gopāla Basu Maulika Lecturer on Vedāntaism,
¿ropīya Darśana, Hindī Satva, Hindī Vākaraṇa
Aur Racanā kī Śikṣaṇa Paddhati. Expired on
13.04.1929. Spl.Ref. Received The Buch
Mehaphysics Award for his book the
‘Philosophy of the Purāṇaas.’
Sharma, Ram Bhajan, Acharya, b.12.11.1940,
Delhi. Principal, Bhagwan Mahavir Sanskrit
Vidyapith, Shakti Nagar, Delhi. Ps. 05. Add.
Puthkhurd, Delhi. Spl.Ref. Sāhitya &
Vyākaraṇa.
Sharma, Ram Chandra. Sāhitya-Acharya.
b.25.02.1943, Deva, Ghazipur, (U.P.). Asst.
Prof., Swami Sahajanand Saraswati Vidyapith.
Gp. Brahmadatta Dwivedi, Kedarnath Ojha.
Ps. 05. Add. Vivekirai Sharma Marg, Barha
Bagh, Ghazipur (U.P.). Spl.Ref. Sāhitya.
Sharma, Ram Charan. M.A. b.28.12.1939.
Teacher, V. R. Govt. Adarsh Higher Secondary
School, Shahdara, Delhi. Ps. 03. Add. 9/5039,
Old Seelampur (E), Gandhi Nagar, Delhi–
110031. Spl.Ref. Sāhitya.
Sharma, Ram Datt. M.A., B.Ed. b.02.01.1939.
Teacher, Govt. Higher Secondary School,
Krishna Nagar, Delhi. Ps. 03. Add. 1/4360,
Ramnagar Extn., Shahdara, Delhi–110032.
Spl.Ref. Sāhitya.
Sharma, Ram Datt. Acharya in Sāhitya, Ph.D.,
D.Litt. b.12.10.1941, Bhimsingh Mandha, RJ.
Head, Deptt. of Sanskrit. Gp. Dr.
Purushottamalal
Bhargav.
Bks.
02.
Sa‚skṛtakāvyesu paśavaḥ pakṣiṇaśca,
Sa‚skṛtaitihāsikamahākāvyeṣu
samājacitraṇam. Add. Dhaggevali Gali, Halu Bazar,
Bhiwani (HR). Spl.Ref. Sāhitya.

