
09431451758. Spl.Ref. Jyotiṣa, Jyotiṣa Śāstra
Siromani Bhaskar Award 2003, Awarded by
Prasastipatra from Jyotiṣa Dept. BHU 2009,
Member of Syllabus and Research Committee
Kashi Hindu V.V., RSKS New Delhi, Shri
Sadashiv Kendriya Sanskrit Vidyapeeth, Puri.
Member of Vidwat Parisad, Examination
Committee, Library Committee, Research
Committee, Mahavidyalaya Vikas Parisad etc.
In KSD Skt. Univ., Darbhanga.
Jha, Shivkant. Acharya in NavyaVyākaraṇa,
Ph.D. b. 10.04.1959. Vill. Gonouli. Andhara
Thadi, Madhubani, Bihar. Prof. R.Sk.S. Jaipur.
Bks. 15. Vyākaraṇatattvādarśaḥ. Pāṇinisūtrārthatattvālokaḥ. Spho-atattvamīmāṃsā,
Pāṇinīya
Vyākaraṇe
Strīpratyayānāmadhyayanam, Ps. 11. Add. A-27-B.
Chhatrashal Nagar (Near Malviya Nagar Sect. –
3) Railway By pass, Jaipur – 17. Ph. (0141)
2759030. 09352682044.
Jha, Shobhakant Jayadeva. Acharya
(Vyākaraṇa, Vedānta, Nyāya.), Tīrtha,
Tarkopadhi. b. 10.10.1922. Darbhanga, Bihar.
Director Mithila Skt. Shodh Sansthan. Bks.
03 Paramalaghukalā. Ps. 50. Spl.Ref.
Vyākaraṇa, Nyāya, Vedānta, President
Awardee.
Jha, Shri Murlidhar. Acharya in Jyotiṣa,
Vyākaraṇa Nyāya, Sāhitya. b. 1869. Shyam
Sidhar, Mithila. Lect. Banaras (Kashi). Gp.
Pt. Vidya Jha. Pt. Sudhakar Dwivedi. Pt.
Madhusoodan Jha. Sp. Pt. Babua Mishra, Pt.
Chandrashekhar Jha, Pt. Gangadhar Mishra,
Pt. Murlidhar Thakur, Pt. Seetaram Jha. Bks.
05. Sudhākara Bhāṣya. Siddhāntatattvavivekaḥ. Līlāvatī & Bījagaṇita, śivasvarodaya
Ṭīkā in Hindi, Trikoṇamiti. Add. Maram,
Darbhanga. Expired in 1929. Spl.Ref. M.M.
Award by British Govt. in 1922.
Jha, Shrutidhar. Acharya in Vyākaraṇa, Sāhitya,
M.A. in Skt., Ph.D. b. 01.10.1936. Andhara
Tharhi. Bks. 01. Dharmaśāstra me Vraton ke
Svarūpa Evam Unake Māhātmya. Ps. 01. Add.
Aparna Sadan, Hanumanganj, Darbhanga,
Bihar. Ph. (06272) 24304.

111

Jha, Shyam Sundar. 8-7-1933. Principal, Hindu
Sanskrit Mahavidyalaya (Surat). Bks. 07.
Explanation of Maduri & Jagdishi
Commentary, Mahākavivasantapraśasti. Add.
Mithilapuri, Barelly 243122. UP.
Jha, Shyamanand. Prof. & Principal. Y.J.B.M.
Bks. 01. Madhuvīdhī.
Jha, Subhadra. Acharya in Sāhitya, M.A., B.L.,
D.Litt. b. 09.07.1909, Nagadah, Madhubani,
Bihar. Rtd. Prof., Deptt. of Maithili, Patna
University. Bks. The Formation of the Maithili
Language, The Songs of Vidyapati, Bhāratipraveśikā. Add. Nagadah, Madhubani, Bihar.
Spl.Ref. Sāhitya Academy Award. Sāhitya
Śāstra, Vyākaraṇa Śāstra.
Jha, Sukheshwar. M.A., Ph.D. b. 04.05.1938.
Madhubani, Bihar. Prof. Bhagalpur Univ. Bihar.
Bks. 03. Bālanibandhāḥ, Nibandhasudhā,
Pāṇiniyan system of Accent. Ps. 30. Add.
Lalkothi (Tatarpur). Bhagalpur – 2. Native
Place. Harasuwar. Hissar. Dt. Madhubani.
Bihar. Ph. (0641) 422304.
Jha, Suman Kumar. Acharya in Sāhitya, Ph.D.
b. 05.01.1974. Birpur, Bihar. Ps. 02. Add.
Suman Pt. Jha. Shri Lal Bahadur Shastri
Rashtriya Skt. Vidyapeeth. New – Delhi –
110016. Ph. 6512721.
Jha, Sumankant. Acharya in Sāhitya, M.A.
Teacher, Vasantgrama Adarsh Sanskrit
Vidhyalaya, Vasant Vihar, New Delhi. Add.
RZ H.No. 65, Dharmapura, Nazafgarh, New
Delhi.
Jha, Sunder Narayan. Acharya in Śuklayajurveda, Sāhitya, B.Ed., Ph.D. b. 30.04.1972.
Hanuman Nagar, Bihar. Asst. Prof.
L.B.S.Rashtriya Skt. Vidyapeeth, New Delhi.
Bks. 03. Puruṣamedhayajñasya Samīkṣātmakam-adhyayanam,
Kātīyeṣ-idīpakaḥ,
Avyaya Puruṣa Nirūpaṇam . Ps. 62. Add. F93. Katawariya Sarai. New Delhi-16.
Jha, Surendra. M.A. M.Ed. Ph.D. b. 20.06.1948.
Bihar. Principal, R.Sk.S. Lucknow Campus.
Bks. 01. Vaiyākaraṇasiddhāntānāṃ Tulanātmakamadhyayanam. Add. R.Sk.S. Lucknow

