
Shastrigal, Subrahmanya Kuttanur Shringara.
Vyākaraṇa Shiromani, Vedānta Visharada.
b.15.03.1920, Tillai Nagar, Tiruchirapalli. Bks.
04. Rāmaśruti saptakam, Tridevīśruti,
Mayūrasandeśam, Parāśaktistavam. Add. D15/11 Cross, Tillainagar, Tiruchirapalli (TN).
Spl.Ref. Vyākaraṇa.
Shastrigal, V. Raghunatha. Ṛghveda,
Kṛṣṇayajurveda, Pada, Kram, Ghana, Lakshana,
Mīmāṃsā, Sāhitya, Nyāya, Vedānta,
Vyākaraṇa, Shiksha, Niruktakalpa. b.
19.03.1934. Principal Allur Ramaswami
Rajalakshmi, Sri Veda Vedartha Srouta
Vidyalaya. Bks. 03. Add. Allur Ramaswami
Rajalakshmi, Sri Veda Vedartha Srouta
Vidyalaya, Sritangam, Tiruchy – 06. Spl.Ref.
Traditional Vedic Scholar, Title of Sri Srautha
Ratnakar, Vividh Kalpagam, Sutra Prayog
Marmagya, President Awardee.
Shastrigal, Varadraj A. R. Shastri. b.
13.04.1924, Kollengodu, Palakkad, Kerala.
Teacher. Add. No. 95, Nangavaram Store,
Teppakulam, P.O. Tiruchirapalli- 620992.
Spl.Ref. Kāvya Śāstra & Veda.
Shastrigal, Venkatram G. b.18.02.1916,
Tiruvallur, T.N. Gp. T.N. Agorayajava. Add.
Srinivas Ayyar Street, 14, West Mambalam,
Madras. Spl.Ref. Darśana Śāstra & Veda.
Shastrigal, Venkatram P. V. b.1906, Anangur,
South Arcot, T.N. Teacher. Gp. Vyankatram
Shastrigal, Krishnamurti, Parmeshwer
Shastritgal. Add. C/o. R.A. Padmanabhan,
40/4, Sanatan Bhajananai Koyil Street,
Villupuram. Spl.Ref. Veda, Sāhitya, Vyākaraṇa,
Darśanaa.
Shastry, B. V. Venkatakrishna. B.Sc., M.A.,
Ph.D. b.13.08.1954. Devanaholli, Bangalore.
Director, International Sanskrit Research
Academy.
Bks.
10.
Kathā-ratnāvalī,
Pratimānā-akam, Nibandha- Navanītam. Ps.
300. Add. 627, I–B, Main Road (Yediyur),
7thBlock(West), Jayanagar, Bangalore–560082.
Shastry, Rani Narasimha. Tradition in Skt.
Kāvya and Vyākaraṇa Śiromaṇi, Tarka,

287

Vedānta
Siromani.
b.
16.08.1922.
Narendrapuram. Spl.Ref. Title of MM by
Rashtriya Sanskrit Vidyapeeth, Tirupathi. He
has served as lecturer, Sr. Lecturer in various
Sanskrit Colleges as well as Traditional
Pathshalas and actively participated in
conducting workshops, organizing Seminars,
Conferences etc. President Awardee
Shastry, Shripada Lakshminarayana. Ācharya
in
Vyākaraṇa,
Vyākaraṇa
pandit,
Bhashapraveen, Vyākaraṇa avidyapraveen,
KāvyaŚāstra, DharamŚāstra. b. 15.03.1926.
Modekuru, AP. Traditional Skt. Pt. & Śāstra
Adhyapak, Skt. Institution, Guntur. Bks. 04.
Spl.Ref.
Vyākaraṇa,
DharamŚāstra,
KāvyaŚāstra, President Awardee.
Shastry, Vishnubhatla Subrahmanya. M.A.,
Ph.D., Tradition in Dharam Śāstra & Veda.
b. 05.01.1941. Chitaram Agarharam, AP.
Honourary Principal Veda Bhashya, Vigyan
and Research Association Sikandrabad, AP.
Bks. 02 Vājapeyī, Vidyāraṇyacaritra. Ps. 26.
Add. Kamakotikrupa, Plot No 64/B H.No. 291361/5/2/1, Nerednet, Deendayal Nagar,
Sikandarabad–56. Spl.Ref. Veda, DharmŚāstra,
He was honoured many times by the
organizations including Honourable Governor
of AP. & President Awardee, Govt. of India.
Shatanshu, Somdev. M.A., M.Phil, Ph.D.
b.29.05.1959. Nuapali, Bargarh, Orissa. Prof.,
Gurukul Kangdi Univ. Haridwar, U.k. Gp.
Swami Sampoornanand Saraswati, Swami
Vivekanand Saraswati. Ps. 50. Add. 8 Purvi,
Gurubaksha Vihar, Near Kushwah Nursary,
Kankhal, Haridwar U.K. Spl.Ref. Editor –
Pāvamānī Sodh Patrika – ISSN.
Shatapathy, Balaji. Paurohitya Acharya, b.
02.05.1976, Kodola (Orissa). Ps. 02. Add.
Patharakata, Narayani Chaka, Langeleswar,
Gunjam (Orissa). Spl.Ref. Vedic Priest.
Shatapathy, Bipin Bihari. M.A., B.Ed. b.1950.
Cuttack, Orissa. Sanskrit Teacher. Bks. 05.
Ps. 10. Add. Ravenshaw Collegiate School,
Cuttack, Orissa.

