
Sharma, Rati Ram. M.A., M.Ed. b.09.12.1942.
Teacher, Govt. Higher Secondary School, 2,
Sarojini Nagar, New Delhi. Ps. 03. Add. 449,
Chirag Delhi, New Delhi–110017. Spl.Ref.
Sāhitya.
Sharma, Ratul. M.A. b.01.10.1980. Asst. Prof.
P.B. Anchalik College Assam. Ps. 02. Add.
Barsimalva, Athgharia, Nalbari, Assam.
Sharma, Ravi Shankar. Acharya, M.A.
b.01.01.1959, Rampura, Narasimhapur, (U.P.).
Ps. 02. Add. K-57/37, New Colony, Varanasi
(U.P.). Spl.Ref. Vyākaraṇa.
Sharma, Ravi Shankar. Acharya in Vyākaraṇa.
Age. 30 yrs. in 1987. Asst. Prof. Ps. 03. Add.
Kedarnath Sanskrit Pathashala, Varanasi
(U.P.). Spl.Ref. Vyākaraṇa.
Sharma, Rudra Radhe. Shaktivishistdvaitavidvan. b. Age 80 yrs. Rtd. Prof. Gp.
Narayan Trivedi, Vishvanath Pratap Varma.
Add. Shri Siddhalingeshwar Sanskrit
Mahapathshala, Siddhaganga, Kyansand,
Tumkur- 574104 KT. Spl.Ref. Vyākaraṇa, Veda
& Vedānta.
Sharma, Runima. M.A., Ph.D. b. 01.03.1969
Mangaldai, Darrang. Asst. Prof. Ps. 02. Add.
Bajali College Pathshala, Barpeta, Assam.
Sharma, S. Nilabir Shastri. Shastri in
Vyākaraṇa, HindiRatna. b.28.10.1927.
Brahmapur, Imphal, Assam. Principal, Manipur
Sanskrit Coiiege. Bks. 11. Ahing- Likla,
Khongūom Tīrtha, Vasantī Carong, EthakIpom, Tatkraba Punsileipul. Add. Brahmapur,
Bhagabati Leikai. Imphal–795001. Manipur,
Assam.
Sharma, S. Rangnath. Kṛṣṇayajurveda, Siromani
(Sāhitya, Vyākaraṇa ), Hindi Praveen, B.Ed.
b. 09.10.1928. Director, Surbharti Vidyalaya.
Bks. 02. Kavitāñjaliḥ, Sūkti-muktāvali. Add.
13, Indian Bank Colony Sillayur, Cheenai –
73. Spl.Ref. Honour Skt. Education Society
Madras.
Sharma, S. Sriniwas. Sāhityaśiromaṇi, M.A.,
Ph.D. Kṛṣṇayajurveda. b. 15.09.1930. Rtd.
HOD and Prof. Bks. 03. Śrīcandra-

263

śekharendrasarasvatīvijayam,
Kalivi©ambanam, Prakīrṇapadyapuṣpāñjaliḥ. Add.
337, Srivatsam Muthaianagar, Annamalli –
02. Spl.Ref. Veda, Literature, Manuscriptology,
Title of Sāhitya Bhushan, Sahitivallabh, Skt.
Sewadhurin.
Sharma, Sandeep. Shastri, M.A.. b. 08.02.1982,
Kurukshtra. Teacher, Govt. Middle School,
Jalkheri. Guru Parampara. Shri Atma Prakash
Mishra. Add. Shri Satya Prakash, N.P.O. Babain.
Ph. (01744) 280777, 9416135743.
Sharma, Saroj. M.A. (Hindi & Sanskrit), M.Ed.
b. 05.08.1941. Hathras (U.P.). Asst. Prof. in
Education. Bks. 02. Tulasī Kṛta Gītāvalī kā
Bhāṣā Śāstrīya Adhyayana, Śikṣā Avaṃ
Bhāratīya Samāja. Ps. 13. Add. 18–C,
Govindpuri–A, Hawa Sadak, Bais Godam,
Jaipur, RJ.
Sharma, Satish Chandra. M.A. Ph.D.
b.01.01.1952. Pehowa, HR. Asst. Prof. Bks.
01. Pātañjala Yoga Darśana. Add. S. Haryana
Sanskrit Vidyapeeth, Baghrla, Palwal,
Faridabad, HR.
Sharma, Satya Narayan. Acharya in Sāhitya.
b.26.06.1961, Ghanoli, Savai Madhopur.
Principal,
Prof.,
Sanskrit
College,
Manoharpura, Jaipur, RJ. Gp. Dr. Vaikunthanatha Shastri. Sp. Chandramohan, Ramprasad.
Bks. 04. Ps. 08. Add. Sanskrit College,
Manoharpur, Jaipur. Spl.Ref. Trainer of Spoken
Sanskrit, writter of Sanskrit poetry, songs.
Sharma, Satya Narayanan R. M.A. M.Phil.
Ph.D. b.24.08.1969. Sulameni, Uthukkottai,
Tiruvallur. Researcher, Ecole Francaise D’
Extreme Orient (EFEO). Pondicherry. Gp..
Pullel Mahadeva Sastri, Goda Subrahmanya
Sastri, K.V. Seshadrinatha Sasti, N.V.
Deviprasada Sastri. Bks. 02. Ps. 06. Add. 19,
Dumas Street. Post Box 151. Pondicherry–
605 001.
Sharma, Savitridevi. M.A. (Skt. Hindi) Acharya
(Vyākaraṇa, Sāhitya, Purāṇa), Ph.D., Hindi
Sāhitya Visharat, Hindi Sāhitya Ratna. b.
15.04.1930. Bks. 02. Saṃskṛtakāvyāñjaliḥ,

