278



Aatmanand Granthmala, Bhavna-gar. Gp.
Madhav Kavindra. Sp. Jodhpur King Ummed
Singh. Bks. 22. Rāmacaritabdhiratnam, Laghuchandolaṅkāra-Darpaṇam, Hanumad-dūtam,
Mārutistvaḥ, Āryamuktāvalī. Expired in 1961.
Shastri, Padma. Acharya in Sāhitya-āyurveda,
Shikshashastri, Ph.D., Kavytirth, Sāhitya-Ratna,
Diploma in Rasian. B. 17.12.1935. Singali,
Pithauragarh, Almoda, Uttaran-chal. Gp. Pt.
Badridutt Ojha. Bks. 29. Sinemāśatakam,
Saṃskṛtakathā-Śatakam, Svarājyam, Lokatantravijayaḥ, Padyapañcatantram. Spl.Ref.
Story-writer & 320 Stories are published in
‘Bhārtī’ Sanskrit monthly magazine. Awards.
RJ Sāhitya Academy Award-1966, Govt. of
U.P. Award- 1975, Soviet Land– Nehru Award1975-1976.
Shastri, Pandit Loknath. Higher Education
in Kashi. b. 1890. Puri controller of Durga
Sidhpeeth Skt. Vidyalaya, Jabalpur. Bks.
Dadastakam, Ganeshaslakam, Kṛṣnāṣ-akam,
Rāmāś-akam, Sitāṣ-akam, Śivāṣ-akam,
Rādhāṣ-akam, Śārdāś-akam, Gāndhivijayamahākāvyam and Narmadātaraṅgiṇī, Tipura
Congress Swagatanand Mahodadhi Kallola.
Spl. Ref. Poet & Writer.
Shastri, Panduranga. Acharya. b. 24.07.1918,
Shirali, Kanara, KT. Gp. Shanti Bhatt, M.R.
Bhatt. Ps. 03. Add. C/o Manohar Sharolli,
Bhasar, Adilabad-504101 (A.P.). Spl.Ref.
Sāhitya.
Shastri, Paramanand. b.1926. Meruth (U.P.)
Principal., Aligarha, Muslim Univ. Bks. 02.
Janavijayam, Cīraharaṇam.
Shastri, Parameshwar Narayan. M.A., M.Ed.,
Ph.d. b.01.06.1952. Jogabatrakeri. Prof., Dept.
of Education, R.Sk.S. Bhopal Campus, M.P.
Bks. 02. Tarkabhāṣya-Tattvabbodinī (Tīkā),
Nyāyaśāstrānusāriṇī Śabda-bodhacintā. Add.
Jogabatrakeri, Hasanagi, Yellapur, North
Kanara–581347 KT.
Shastri, Parasuram Sarasvat. Acharya in
Vyākaraṇa. b.19.10.1907, Hamirpur, Jammu,
(J & K). Rtd. Principal. Gp. Dandisvami

Vasudev, Devanarayan Tivari, Rampratap
Shastri. Add. Vishnu Bhawan, 222-A, Gandhi
Nagar, Jammu (J & K). Spl.Ref. Vyākaraṇa
& Veda.
Shastri, Parmanand. b. 1925. Gaziabad. U.P.
Bks. 10. Janavijayam, Cīraharaṇam,
Paridevanam, Bhārataśatakam, Svarabhāratī.
Add. Siddhart Sadan, Ram Mandir Marg,
Aligarh. Spl. Ref. Kalidas Puraskar for
Cīraharaṇam MahaKāvya, Poet in Brajbhasha
Hindi, Urdu, Sanskrit.
Shastri, Parshu Ram. Shastri. b.15.11.1922,
Basadi, Kangra, H.P. Bks. 02. Jālandharapī-hadīpikā, Jālandhara-pī-hamāhātmyam.
Add. Basadi, Kohala, Dehra, Kangra (H.P).
Spl.Ref. Sāhitya.
Shastri, Pattabhiram. Acharya in Mīmāṃsā,
Veda, Nyāya,Vyākaraṇa & Sāhitya. b.30.11.
1908. Nourth Aarkad, Chennai. HoD.
Sampoornanand Sanskrit Univ. Varanasi, U.P.
Gp. Ganapati Shastri, Chinnaswami Shastri,
Pt. Ambadas Shastri, Shankar Tarkratna, Pt.
Mahadev Shastri. Bks. 50. VedaprakāśaTautātika-Mata-prakaraṇam, Jayavaṃśamahākāvyam, Pramāṇa-mañjarī, Adhvaramīmāṃsākautuhalavṛttiḥ. Add. Director, Veda
Mimāṃsā Rasearch Centre, 4/7, Hanumanghat, Varanasi (U.P.). Spl.Ref. Awarded by
President of India in 1973, ‘Padmabhushan’(1981), ‘Śāstra Ratnakar’, &
‘Vidyasagar’.
Shastri, Peri Surya Narayan. Vyākaraṇa
Vidyapravina,
Sāhitya
Vidyapravina.
b.20.08.1910. Add. Chodavaram, Vishakhapatnam A.P.). Spl.Ref. Vyākaraṇa , Sāhitya.
Award. President Award. Awarded by (U.P.)
Samskrta Akademi & A.P Administration.
Shastri, Phula Chandra Sharma. Vyākaraṇa
Shastri. b.1915, Ayokupa, Manipur. Gp.
Hemacharyadev Chattopa-dhyaya, Sanskrit
Pandit. Add. Ayokupa, Thoubal (Manipur).
Spl.Ref. Veda & Vyākaraṇa.
Shastri, Polak Ram. b.1900, Nonnim Gram.
Gp. Harihar Shastri, Dand pani Swami, Venkat

