
Puraskar (1998), Ramkrishna International
Sanskrit Award (2001), Shikshashastri
Sammana (2010).
Shukla, Chandra Kant. Acharya in Sāhitya,
M.A., Ph.d., D.Litt. b.29.01.1949. Awadhpura,
Saran, Bihar. Professor, Ranchi University.
Gp. Pt. Jatashankar Jha, Pt. Brahmadatta
Dwivedi, Pt. Ramachandra Mishra, Pt.
Kedarnath Ojha, Prof. H.P. Dwiwedi, Prof.
U.S. Sharma. Sp. Prof. Shyama Charan Dash,
Dr. J.K. Shukla, Dr. Shailesh Kumar Mishra.
Bks. 05. Saṃskṛta ke Dārśanika Nātakoṃ kā
Saṃvidhānaka Tatva, Kālīdāsa Sāhitya evam
Kāmakalā, Mudrārakṣasa–Pariśīlana. Ps. 30.
Add. 16, Shivam Apartment, Karam Dahar
(Jeevan Gali), Morabadi, Ranchi. Spl.Ref. Pt.
M.M. Malaviya Sanskrit Sewa Samman by
R.S. Prasad, Peris, Bokaro (2008), Higher
Educational and Development Award 2004
at Delhi by National Association of Education
for World Peace, Mahapatram by Orissa
Sanskrit Academy at Raurkela (2004). Visited
more than 20 countries including Australia
& U.S.A. for attending World Sanskrit
Conferences held in 1994, 1990 and 1984
respectively. Attended 33 rd International
Conference of Asian and North African Studies
held at Torun (Canada) 1990.
Shukla, Chitra Ben P. Ph.D. b.27.04.1930. Prof.,
Sardar Patel University, Vallabh Vidha Nagar,
Aanand. Ps. 05. Add. 85, A/2, Kunj Society
Alkapuri Vadodra. Sepl.Ref. Alaṅkāra Śāstra.
Shukla, Dev Dutt. Acharya in Sāhitya, Ph.D.
b. 22.03.1949. HOD, Sadhubela Skt. College
Shakarkand Gali Varanasi U.P. Gp. Dr.
Pattabhiram Shastri. Ps. 05. Add. Udar,
Muriladih, Sonbhadra, U.P.
Shukla, Dina Nath. Acharya in Vedānta,
Sāhityaratna, Ph.D. b.01.12.1955. Gp. Pt.
Rajnarayan Shastri. Sp. Pt. Ratnesh Mani
Tripathi, Pt. Prem Sagar Shukla. Ps. 01. Add.
Majhigaon, Kaneel, Gorakhpur U.P.
Shukla, Giridhar. Acharya, Vidyavaridhi. b.
14.01.1952. Jaunpur. Bks. 15. Mukundasmaraṇam, Jānākīkṛpāka-ākṣa, Śrīrāmānanda-

291

siddhāntacandrikā, Arundhatī Mahākāvayam,
Tulsī Sāhitya Me Kṛṣnakathā, Śrīnāradabhaktisūtrasaya Rāghavakṛpā Bhāṣyam. Add.
Amodvan Tulsi Peeth, Chitarkutt, Satna.
Spl.Ref. After Dikhsha he’s known as Swami
Ram Bhadracharya, Vedvedang Śāstra, Kavi.
Shukla, Gopal Krishna. M.A. b.29.09.1982.
Dhar, M.P. Asst.Prof. Vikram V.V., Ujjain. Ps.
01. Add. C/o Dr. Kedarnath Shukla, 61/8 Azad
Nagar, Ujjain, M.P.
Shukla, H. Udayan. b.18.11.1944. Lakhatar
(GJ). Bks. 03. Ps. 03. Add. Kaustubh B- 15,
Vaibhav Society, Harani, RD.- Vadodara390022, GJ.
Shukla, Harendra Lal Shankar. Ph.D.
b.19.02.1959. Prof., Shri D.B. Rawal Arts &
Commerce College, Halwad, Surendra Nagar.
Ps. 05. Add. Shivalaya Radha Park Society,
Near New Bus Stand, Morbi. Spl.Ref. Vedānta
Śāstra.
Shukla,
Harish
Chandra.
Acharya.
b.12.02.1954, Rajpur, Vatoura, Gonda, U.P.
Head, Deptt. of Sāhitya. Ps. 05. Add Shri
Tridandi Dev Sanskrit College, Katara,
Ayodhya, Faizabad U.P. Spl.Ref. Sāhitya,
Vyākaraṇa Śāstra.
Shukla, Hiralal. M.A., Ph.D., D.Litt. b.
05.08.1939, Amarpatan, Satna, M.P. Prof.
& Head, Deptt. of Comparative Lit. & Culture.
Gp. M.M. Dhakar. Bks. 70. Ādhunika Saṃskṛta
Sāhitya, Ādivāsī Bhāṣā Vijñāna, Kālidāsakoṣaḥ,
Dalitodayaḥ, Modern Sanskrit Litrature.
Vilāpakāvyam, Madhupaḥ. ŚaṅkaracaritaMahākāvyam. Add. Barkatullah University,
Bhopal, M.P. Spl.Ref. Sāhitya Śāstra.
Shukla, Jayram Shastri. Nyāya, Vedānta,
Mīmāṃsā. b.02.07.1913. Varanasi. Teacher,
Balbhram Shaligram Sangved School, Varanasi,
U.P. Gp. Bhikam Bhatt Patvardhan,
Padmbhushan, Pt. Rajeshwar Shastri Drawid.
Expired in 1988. Spl.Ref. Received ‘Śāstraratna’,
‘Nyayratna’,
‘Vidyabhushan’
‘Vidvatratna’ & ‘Nyāyālaṅkāra’ Sammana.
Shukla, Kalika Prasad. Vachaspati, M.A.

