242



Shri Jagannath Sanskrit University. Gp. Pt.
Banamali Mishra, Prof. S.D. Joshi, Prof. S.D.
Laddu, Prof. G.B. Palsule. Sp. Prof. R.M. Dash,
Prof. P.M. Rath, Dr. S. Maya. Bks. 05.
Development of Sanskrit from Pāṇini to
Patañjali, Verbal Cognition; A Neo
Grammatical Approach, Gleanings in the
Sanskrit Grammatical Tradition, Glimpses of
Indian Culture, Suṣamākalāśrīḥ. Ps. 33. Add.
A – 42, Lingaraj Vihar, Pokhariput,
Bhubaneshwar (Orissa) – 751020. Ph. 06742382262. M. 9861138251, Spl. Ref.
Dwarkanath Das Shiksha Samman, Puri. Prof.
K.C. Acharya Samarak Sanskrita Samman,
Jaipur. Arshavidya Vikash Kendra. F
shastriJapan (1984 – 85), Indonesia (1990–
91). He was Ex. V.C. of Sri Vihar, Puri.
Sarangi, Buddheswar. Acharya in Sāhitya &
Veda, Ph.D., M.A. (Oriya), Rashtrabhasha
Kovida. b. 27.05.1968, Sundargarh (Orissa).
Asst. Prof., Shri Sitaram Vaidik Adarsha
Sanskrit Mahavidyalaya. Gp. Pt. Devavrata,
Pt. Bhagabatprasad Tripathi, Prof. Harekrishna
Satapathy. Sp. Vivekananda, Chandrakanta,
Gourava, Somanath. Bks. 25. Madhusvana,
Turiyavṛtti Vimarśa, Tathāpī Vandyā Mama
Mātṛbhūmiḥ, Ṛṣi bodham, Aṣ-a vikṛtaya. Ps.
05. Add. Shri Sitaram Vaidik Adarsha Sanskrit
Mahavidyalay, 7/2 A, P.W.D. Road, Kolkata–
35. Ph. (80172) 03932, (033) 25777250.
budheswar.@gmail.com. Spl.Ref. Sāhitya.
Maharshi Badrayan Vyas Samman – 2006.
Sarasvat, Krishna Dev. Acharya, M.A., Ph.D.
b.03.07.1951, Katapali, Sambhalpur, Orissa.
Bks. 01. Gītā Sītā Vallabham. Add. Neeta
Bhawan, Mahamayee Para. Old Basti, Raipur
(C.G.). Spl.Ref. Sāhitya.
Saraswat, Kedar Nath. b.12.03.1903, Kashi.
Teacher, Ranveer Sanskrit Pathshala. Bks.
04. Kāvyamīmāṃsā (Tr.), Kathāsaritsāgara
(Tr.). Expired on 05.12.1959. Spl.Ref.
Established ‘Sanskrit Sāhitya Samaj’ in 1953
& Started monthly Sanskrit newspaper
‘Suprabhatam’. Edited ‘Sanskrit Ratnakar’
magazine.

Saraswati, Swami Aatmanand, (Muktiram
Upadhyay). Darśana, Vyākaraṇa, Sāhitya,
Vedānta.
b.1879.
Merut.
Acharya,
Chohanbhaktan Gurukul, Near Rawalpindy.
Bks. 05. Sandhyā, Aṣtāṅga-yoga, Vaidika-Gītā,
Manovijñāna, Śivasaṅkalpa. Expired in 1960.
Saraswati, Swami Dharmanand. Vyākaraṇashastri, Acharya. b.16.07.1943, Humayunpur,
Rohtak, HR. Principal. Gp. Swami Omanand,
Rajveer Shastri. Add. Gurukul Ashram,
Amasena, Khariar Road, Kalahandi Orissa.
Spl.Ref. Vyākaraṇa, Darśana & āyurveda.
Sarkar, Aditi. M.A., Ph.D.. b. 26.06.1960,
Burdwan, West Bengal. Asct. Prof. Bks. 01.
Add. 57/2, B.C. Chatterjee St. Belghoria,
Kolkata-700056. Ph. (033) 25644173.,
Sarkar, Debarchana. M.A., Ph.D., Diploma
in Pali and German Languages. b. 31.07.1958,
Kolkata. Prof. Jadavpur University. Bks. 05.
Harṣacaritera Ṣaṣ-ha Ucchvāsa, Vīkṣaṇam,
Bhāratīya Abhilekha Sāhityera Rūparekhā,
A Dictionary of Technical Terms in Kautilyas
Arthaśāstra, Geography of Ancient India in
Buddhist Literature. Ps. 20. Add.10/12, Charu
Avenue, Kolkata – 700033. Spl. Ref. His book
“Sekela” in Bengali is a collection of 16 essays
published in various journals & magazines,
The book was reviewed by Dr. Gautam neogi
in a Bengali Daily and was highly praised.
Sarkar, Haridas. Shastri, Vidyavachaspati, M.A.,
Ph.D., b. 20.01.1969. Asst. Prof. Calcutta
University. Bks. 01. Add. 5/4, Jogendra Barak
Road, Baranagar, Kolkata – 700036. Ph.
9477143725.
Sarswati, Jyotiṣa Chandra. b.1920. Bangal.
Bks.01. Carakapradīpikā. Spl.Ref. Āyurveda.
Sastrigal, G. R. Ramachandra. b. 20.06.1914.
Pazhaya Gudalur, Nagpatham (TN). Bks. Veda
Bhāṣya anubandham, Suprabhāta-rāmāyaṇa,
Rāgadevatā Dhyāna Mañjarī, Stotra-Mañjarī.
Spl.Ref. Awarded by President Cetificate of
Honour (2010).
Satapathi, Padma Nath. Acharya in Sāhitya,
Jyotiṣaa, & Karmakanda. b.03.07.1935. Add.

