186



Pancholi, Priti Ben Nayan Kumar. Ph.D. b.
02.06.1963. Prof. L.D. Institute of Endology,
Navrangpura Ahemdabad. Ps. 05. Add. S.F.2
Arpan Flats, Paldi, Ahemdabad. Spl.Ref.
Alaṅkāra Śāstra.
Panda, Bhagawan. M.A. b. 10.01.1938, Kiarpur.
Ex-Dy, Director of Culture, Govt. of Orissa.
Bks. 85. Sūrīsarvasva (Vol. I-II), Rukmaṇī
Parīṇaya Mahākāvya, Abhinava Gītagovinda
Mahākāvya. Ps. 85. Add. Shivasran, Plot No.
3181/82, Kotitirtha Marg, Bhuvaneshwar,
Orissa. Pin. 751002. Ph. (O) 433273. (R)
433742. Spl.Ref. Sāhitya Vidya Puraskar,
Falguni Samman, Title of Sāhitya Vinod,
President Awardee – 2009.
Panda, Gajendra Kumar. Ph.D. b.10.05.1964.
Prof. L.D. Arts College Navrang Pura
Ahemdabad. Ps. 05. Add. 14, Shyam Sharan
2, Bopal Ahemdabad. Spl.Ref. Vedānta Śāstra.
Panda, Gangadhar. M.A., Ph.D., Acharya
(Sāhitya, Purāṇa, Dharmaśāstra, Sāṅkya,
Yoga), D.Litt. b. 08.08.1957, Cuttak, Orissa.
Deputy Edu. Adviser, Govt. of India. Registrar,
L.B.S. Skt. Vidhyapeeth New Delhi. Prof. &
Dean, Sampoornanand Skt. Uni. Varanasi U.P.
Gp. V. Venkatachlam, P.C. Samantaray,
Shrinivasa Ratha. Bks.05. Dramas of Kālidāsa,
Mātṛbhāṣā Śikṣaṇa Paddhati, Purāṇeṣu
Indracaritam, Sanskrit Education In Orissa,
Saṃskṛta Vāṅmaya Vallarī. Ps. 60. Add. 6,
New Prof. Colony, Sampoornanand Skt. Uni.
Varanasi U.P. Spl.Ref. Award. Girvana
Vidyaratna, Honorary degree Awarded by
Sanskrit Sāhitya Parishad, Tiruchirapalli, T.N,
Amrat Bhasha Samman by Amrat Vani Seva
pratishthan, Orissa in 2000, Vishisht Sanskrit
Seva puruskar, U.P. Sanskrit Sansthan,
Lakhnow (U.P.) 2009, Kalidas Vikram
Puruskar, Vikram University, Ujjain (M.P.),
2010.
Panda, Giridhari. Acharya in Vyākaraṇa,
Viśiṣ-ādvaita, Shiksha-Shastri, Vidyavaridhi.
b. 18.02.1977. Bhadrak Orissa. Asstt. Prof.,
Univ. of Gour Banga, Malda, W.B. Gp. Dr.
Pramod Kumar Nayak, Dr. Govind Ch. Kar,

Dr. K.C. Padhi, Dr. Tejpal Sharma, Dr. H.H.
Hota. Bks. 01. Śāstrakāreṣu Kārakasya
Cintanadhārā. Ps. 09. Add. Deptt of Skt., Univ.
of Gourbanga, Malda College Campus, Malda732103 W.B. M. 09476164702, 09434462186
giripanda@ yahoo.co.in Spl. Ref. Vyākaraṇa.
Panda, Gopala Chandra. Acharya in Sāhitya.
Vedcharya. b. 14.02.1928, Puri, Orissa. Gp.
Damodar Shastri, Ganesh Mishra, Narayana
Mahapatra. Ps. 05. Add. Bali Sahi. Barahi Lane,
Puri (Orissa). Spl.Ref. Sāhitya, Veda.
Panda, Kamakshiprasad. Traditional Education
in Saṃskṛta, Āyurveda, Jyotiṣa, Odisi, Telugu,
Bangla. Bks. 30. Kāmākṣiśatakapadyāvalī,
Daridramokṣaṇaṃ, Stotraratnamālā. Expired
in 1934. Spl.Ref. Written Many StotraKāvyas
in Sanskrit.
Panda, Kanhucharan. Acharya (Sāhitya,
Purāṇa), Shiksha Shastri, Ph.D. b. 30.04.1957,
Banki, Cuttack, Orissa. Asst. Prof. (Purāṇa),
Ramadhin Sanskrit College, Berhampur,
Ganjam, Orissa. Bks. 03. Aṣ-ādaśapurāṇeṣu
Śrījagannāthaḥ, Mahāmuni Vyāsaḥ, Mahātmā
Viduraḥ. Ps. 10. Add. Gajapati Nagar, 8 Lane,
Brahmapur, Ganjam, Orissa, Pin.- 760010.
Ph. 09776227540, 9437616751.
Panda, Narasingha Charan. Acharya, M.A.,
M.Phil., Ph.D. b. 12. 09.1963. Bhadrak,
(Orissa). Asct. Prof. V.V.B.I.S. & I.S. Panjab
Univ., Punjab. Bks. 08. Ps. 42. Add. V.V.B.I.S.
& I.S. Panjab University, Sadhu Ashram,
Hoshiarpur, Punjab – 146021.
Panda, Pradipt kumar. M.A., M.Phil., Ph.D.
b. 16.04.1959. Asst. Prof., Ramjas College,
Delhi University. Ps. 05. Add. D.C.6,G.W. Hall,
Delhi – 110007. Spl.Ref. Sāhitya.
Panda, Purna Chandra. Acharya in Sarva
Darśana. Age. 25 yrs. in 1988, Kumbhorpara,
Puri, Orissa. Gp. Radharamana Dasa, Pt.
Ramavrksa Pandey, K. Raghunathan. Ps. 01.
Add. Shri Rishikul Bharatiya Vidyalaya, Bakaul,
New Delhi. Spl.Ref. Sarva Darśana.
Panda, R.N. M.A., M.Phil., Certificate Course
in German. Asst. Prof. Ps. 05. Add. P.G. Deptt.

