
Chandarana, Bhagwan Ji Gopal Das. Ph.D.
b.16.04.1940. Retd. Prof. M.G. Arts &
Commerce College Gondal Distt. Rajkot. Add.
Tripura 21, Sadguru Park Near Goutam Nagar
Rajkot. Spl.Ref. Vedānta Śāstra.
Chandra, Dinesh. M.A. (Skt.) b. 08.07.1964
Asst.Publicity Officer, A.B.O. Skt. Academy
Plot No. 5, Jhandewala Karol Bagh New Delhi.
Ps. 01. Add. G-1/135 First Floor Sector 16
Rohini Delhi 89. Spl.Ref. Administrative
Experience in Skt. Academy 28.01.1998 to
Onwards.
Chandra, K.R. Ph.D. b. 28.06.1931. Prof. Prakrit
Deptt. Bhasha Bhawan, GJ Univ. Ahemdabad.
Add. 375 Saraswati Nagar, Near Himmatlal
park, Ahemdabad. Spl.Ref. Pālī & Prākṛta.
Chandra, Lalita. Acharya (Navya Vyākaraṇa),
Shikshasastri. b. 02.11.1955, Manattala,
Trissur, Kerala. Research Asst. Add.
Panikkaparampil House, Chittilappilli, Trissur
Kerala. Spl.Ref. Disc. Vyākaraṇa, Śikṣā Śāstra.
Chandra, Mala. Sāhitya ratna, M.A., Ph.D.,
LL.B.. b. 03.09.1954, Bareilly, (U.P.). Evaluator
(Mulyankaka), Rashtriya Sanskrit Sansthan,
New Delhi. Gp Vachaspati Upadhyay,
Adyaprasad Mishra. Add. A-7, Shivam
Apartments, D-Block, Vikaspuri, New Delhi –
110018. Spl.Ref. Sāhitya.
Chandra, Shekharan, P.V. Acharya, Shiksha
Shastri, M.Ed. b. 15.11.1952. Kerala. Principal
Calicut Sanskrit Vidyapeetham. Ps. 03. Add.
Cherukunnummal House, P.O. – Karandode,
Via- Kuttiady, Dist. - Calicut, Kerala. Ph. (0496)
642516.
Chandragiri, Yugendra Babu. Vidvan. b.
13.01.1954, Chitturu, A.P. Ps. 03. Add.
S.M.M.O.H. School, Pulivendula, Cuddapah,
A.P. – 561390. Spl.Ref. Sāhitya.
Chandrakanta, Baba. M.A., B.Ed.. b.
19.01.1934, Principal. Add. K.D. 31-C, Ashok
Vihar, New Delhi – 110052. Spl.Ref. Sāhitya.
Chandrakumara. Acharya in Vyākaraṇa . b.
01.01.1952, Itarvari, Banda, U.P. Principal.
Gp. Ramabhajana Pandey, Kanisha Mani

39

Tripathi, Add. Shri Mauni Baba Panchmukhi
Hanumat Sanskrit Mahavidyalaya, Ramghat,
Chitrakut, Banda, U.P. Spl.Ref. Vyākaraṇa.
Chandramauli, Muruganbattu. b. 27.10.1965,
Muruganbattu, Chittur, (A.P.). Ved
Parayanakartta. Gp E. Ramsvami Sharma. Add.
Shri Padmawati Devasthanam, Thiruchanur
(A.P.). Spl.Ref. Kṛṣṇayajurveda.
Chandrashekar, Ramaswami. M.A., Ph.D.
Consultant of Linguist. Jawaharlal Nehru Uni.
New Delhi. Bks. 03 Information Technology
for Skt. Lexicography, Developing a Skt.
Analysis system for machine translation,
Towards computational Analysis system for
skt. Add. 4228, B-5-6 Vasant Kunj New Delhi
110070. Ph. 09871577680. Email. ramaswamy
chandrashekar@gmail.com.
Spl.
Ref.
Information Technology for Skt. Lexicography,
Paninian Grammer and indian languistic
tradition.
Chandrashekar, Ramaswamy. B.Sc. M.A. (Skt.),
Ph.D. Classics Brown Univ. USA. Bks. 03.
Information Technology for Skt. Lexicography :
The case of Amarakosha, Developing a Skt.
Analysis System for Machine Translation,
Towards Computational Analysis System for
Skt. (Proceedings of the First National
Symposim on Modeling and Shallow Parsing
of Indian Languages). Spl.Ref. Paninian
Grammar & Indian Linguistic Tradition, Skt.
Lexicography, Natural Language Processing :
Morphology, Shallow Parsing & Part of Speech
Tagging, Darshana (Indian Philosophy) :
Sankhya & Vedānta. As a Visiting Scholar,
Guest Lecturer, He has gone to Brown
University, USA., Bangala Language.
Chandrashekhar, M. Acharya in Vedānta &
Shiksha, Shiromani. b. 04.02.1958. Asst. Prof.
Add. Kendriya Sanskrit Vidyapeetha, Aliganj,
Lucknow, U.P.. Spl.Ref. Vedānta.
Chandrashekhar, P.V. Shiksashastri, Acharya
in AdvaitaVedānta. b. 15.11.1952, Moken,
Kozhikode, Kerala. Principal. Add. Adrash
Sanskrit Vidyapeetha, Balussery, Kozhikode,
Kerala. Spl.Ref. Advaita Vedānta.

