170



Muni, Virag Sagar. (Arvind): Shastri Muni
Diksha-1983. b. 02.05.1963. Pathariya, Damoh,
M.P. Gp. Jaganmohan Lal Shastri, Acharya
Vatsalya Ratnakar, Acharya Vimal Sagar Ji.
Bks. 105. Bārasa aṇupekkhā - Sarvodayī
(Saṃskṛta Tīkā), Āgama cakkhū Sāhū (Prākṛta
Kāvya), Śuddhopayoga, Samyagdarśana,
Sarvodayī Digambara Jaina Dharma. Add.
Acharya Shri Vidya Sagar Ji ka sangh. Spl.Ref.
Many Bhashyas & Commentaries are Published
on many Sanskrit & Prakrit texts.
Muni, Vishuddha Sagar. (Jain, Rajendra
Kumar) Metric, Muni Dikha-21.11.1991.
b.18.22.1971. Rur, Bhind, M.P. Gp. Acharya
Vidya Sagar Maharaj. Bks. 10. ŚuddhātmaTaraṅgiṇī, Iṣ-opadeśa -Bhāṣya, Tattva-Deśanā,
Ādhyātma-Deśanā, Ātma-Bodha.
Muni, Yogisha. Acharya in Darśana, M.A.,
M.Phil. b. 28.08.1956. Social worker. Ps. 01.
Add. Ahinsa Bhavan, Shankar Road, New
Rajendra Nagar, New Delhi – 110060.
Munshi, Narayanan O.K. Vyākaraṇaśiromaṇi,
Malayalamvidvan. b. 09.12.1923, Cherukunnu,
Cannanore, Kerala. Rtd. Asst. Prof. Gp. V.R.
Shriniwas Tatacharya, A.K. Menon. Bks. 02.
Bṛhaddhāturūpāvalī, Tāddhitakośaḥ. Add.
Cherukunnu, Cannanore, Kerala. Spl.Ref.
Vyākaraṇa & Sāhitya.
Munshi, Tejniben Goutam Bhai. Ph.D. b.
28.08.1968. Prof. Smt. S.R. Mehta Arts College
Ashram Road Ahemdabad. Ps. 05. Add. 1920, Arpit Banglow, Near Heerarupa Hall,
Satelite Anjali Road, Ahemdabad. Spl.Ref.
Vyākaraṇa Śāstra.
Muraleemadhavan, P. C. M.A., Ph.D. b.
25.05.1952. Prof. Rtd. Shree Shankaracharya
Univ. of Skt., Kaladi, Ernakulam, Kerala.
Chairman, CIF Shodh Sansthan, Secretary,
Kerala Skt. Academy Trissur. Bks. 25.
Bhaktitaraṅgiṇī, Cātakasa‚desa, Kṛsnagīti of
Mānaveda rāja (Skt.), Hṛdayatt utippukal
(Ed.Malayalam Poem), Amaruśataka (Tr.) Ps.
175. Add. Reshmi Shri Krishna Nagar,
Kothakulamgara, Angamaly P.O. Ernakulam
Dist. Kerala. 683572. Ph. 09446577808. Email

Id. muraleemadhavan@yahoo.com Spl.Ref.
Scholar of Nyāya Philosophy. He is the Director
of Planning and Development S.S. Uni. Kalady.
He is Member in Various academic committees.
He visited 15 foreign Uni. for many academic
activities. He awarded by Aksaraslokatilaka,
Mallinath Puruskar, Vijayashree Award,
Shrisankarshana Samman etc.
Murali, P.N. M.A., B.Ed. b. 19.06.1922,
Kayamkulam, Kerala. Bks. 02. Vīrākha©ānam
(Kāvya), śrī Nārāyaṇa Gītām (Kāvya). Add.
Murali Bhavan, Cheravalli, P.O. Kayamkulam
Kerala. Spl.Ref. Sāhitya.
Muralidharan, T.D. M.A., B.L.I.S., Ph.D.. b.
14.07.1962, Nanguneri, Asst. Prof.. Bks. 03.
The Life of Ramanuja, Divine wisdom of
Dvavide Sains, Veṅka-eśvara Suprabhātam.
Ps. 02. Add. MS/RB/II/10/11 First Floor,
Central Railway Quarters, G.T.B. Nagar,
Mumbai – 400 037. Ph. 022- 402 4806.
Muralidharan, V.R. M.A. M.Phil. Ph.D. b.
10.05.1963,
Thrissur.
Reader,
Shri
Shankaracharya Univ. of Sanskrit, Kalady,
Kerala. Bks. 05. Facets of Indian Culture. Add.
Pattath, Cheruvathery, P.O. Chovoor, Thrissur,
Kerala – 680027.
Murari, Ramesh Chandra L. Ph.D.
b.10.05.1960. Prof. Shri Dwarikadheesh
Sanskrit Academy Dwarka. Ps. 10. Add. B.Ed.
Hostel, Near Bus Stand, Dwarka. Spl.Ref.
Alaṅkāra, Purāṇa, Vedānta Śāstra.
Murari, Ramesh Chandra. M.A., Ph.D., Acharya.
b. 10.05.1960, Motyouraj. Gp. Kailasapati
Tripathi, Vayunandan Pandey. Ps. 10. Add.
Dwarkadhish Sanskrit Academy & Indological
Research Institute, Dwaraka – 361335 (GJ).
Spl.Ref. Sāhitya.
Murthi, M. Srimannarayana. M.A., Ph.D.,
Senior Diploma in German. b. 19.06.1941.
Bks. 03. Vedāntasāracintāmaṇi of Sītārāmaśāstrī, Vallabhadeva’s Commentary on
Kumārasaṃbhava, Ps. 52. Add. 18-3-24, Shanti
Nagar, Khadi Colony, K.T. Road, Tirupati 517507. Ph. 0877 - 2230139. Spl.Ref. President
Awardee.

