B
of Vyākaraṇa. Platinum Jubilee Skt. College.
Kalpetta. Bks. 01. Śabdabrahma-samīkṣaṇam.
Gp. N.S. Ramanujatatacharya, M.H. Shastri.
Add. Jayasthivaranam, Muhamma, Shertalai–
68855 Alleppey Dist. (Kerala). Spl. Ref.
Vyākaraṇa, Darśana, Vedānta.
Bavara, Mohanlal Shastri. Acharya, B.Ed.,
Sāhityaratna. b. 07.12.1935. Teacher (PGT).
Add. 1119, Sector 1, R.K. Puram, New Delhi–
110022.
Benarji, Durgavati. Acharya in Vyākaraṇa,
Vyākaraṇa-Tīrtha. Asst. Prof. Skt. Dept. Add.
Jadavapur University, Calcutta – 700032
(W.B.). Spl.Ref. Vyākaraṇa.
Benerji, Suresh Kumar. Kāvya-Tīrtha, M.A.,
B.Ed., Ph.D. b. 10.06.1957. Bankura, VicePrincipal & Sr. Lect., Sri. Sitaram Vedic Adarsh
Skt. Mahavidyalaya. Bks. 08. Add. 160,
Southern Avenue ‘Vaikunthdham’ Kolkata700029. Ph. 033-25777250, M. 09933826211,
srisrisitaramdasomkarnath@yahoo.in Spl.Ref.
Sāhitya.
Bhadrasena. Acharya in Darśana, Siddhāntaśiromaṇi. b. 15.11.1936, Budhuana, Jhang,
Punjab. Teacher. GP. Dharmavira Shastri,
Vidyadhara, Swami Atmananda. Add. Sadhu
Ashram. Hoshiarpur – 146021 (Punjab). Spl.
Ref. Darśana.
Bhaduri, Sudheer Ranjan. Jyotiṣa. b. 1885,
Nadiya (W.B.). Bks. 02. Search of Screate
India, Brahmacintā. Exp. on 13.06.1955.
Spl.Ref. Collected 19300 Manuscript & 3200
Books which are now in Sampurnanand Skt.
Univ., Varanasi. He acquainted with 14
Languages.
Bhagavatacharya, Shri Ram Shastri. Acharya
(Sāhitya, Vyākaraṇa, Nyāya, Vedānta,
Sāṅkhya-yoga, Nyāya-vaiśeṣika). b. 1859.
Bhadausi, Kashi, Farrukhabad. Lect. Skt.
College, Kashi. Gp. Balkrishnacharya. Pt.
Rammishra Shastri. Pt. Mahadev Shastri. Sp.
Ms. Jonson (Who Translated Bibil in Skt.).
Bks. 15. Khaṇdana-Khaṇ©a-Khādya Sampādana Srībhāṣya Ṭīkā, Nayakamlākaraḥ,
Kāvyaprakāśasya Doṣoddhāraḥ. Add. Vill.

19

Bhadausi. Distt. Farrukhabad. Exp. 1913. Spe.
Ref. M.M. Award in 1908. Ms. Pandit Jonson
was student of Shri Ramshastri Bhagvatacharya
Ms. Pt. Jonson First Time Translated of Bibil
in Skt.
Bhagawati, Sudesh. Acharya (Dharmaśāstra),
B.Ed., Ph.D.. b. 01.01.1958, Delhi. Asst. Prof.
Gp. Lalana krishna Pandeya, Harekrishna
Sastri. Add. Kendriya Skt. Vidyapeetham, B89, Bapu Nagar, Jaipur (RJ). Spl. Ref.
Dharmaśāstra.
Bhagwat, Vaman Balkrishna. Kāvya-Tīrtha,
Vyākaraṇa-Ratna, Vyākaraṇa Pāraṅgata. b.
24.01.1918. Satara, MH. Principal, Balmukund
Mahavidyalaya. Spl.Ref. As Principal, he
executed many schemes for the popularization
of The Sanskrit language, Initiated a Teacher
Training Programme and Wrote Many Books.
After his retirement, he has worked as a
Research Fellow in Bhandarkar Oriental
Research Institute and Vaidic Samshodhan
Mandal. He has successfully completed The
Recording of a cassettes for Sanskrit Teaching,
President Awardee.
Bhaktavatsal. Acharya. Ph.D. b. 05.10.1955.
Principal. Add. Sanatana-Dharma Skt. College,
Dohgi. P.O. Bangana, Dist. Una (H.P.). Spl.
Ref. Sāhitya.
Bhalla, Gangadhar. M.A. (Skt. & Hindi). Ph.D.
b. 01.01.1927. Alwar (RJ). Rajkiya
Mahavidyalaya (RJ) & Rajasthan Univ., Jaipur.
Bks. 03. Bha--amathurānātha Vāgvaibhavaṃ,
Rāmacandrabha--avāgvilāsaṃ. Vīrāṅganā
Pallavī. Ps. 400. Spl. Ref. Edited Svaramangala
Skt. Monthly Patrika of RJ. Skt. Academy.
Awarded all India vidvat samman by H.R.D.
Delhi, Also awarded Harit Rishi Purashkar
by Maharana Mevar Foundation Jaipur (RJ).
Bhan, Narayanacharya. Purāṇa-Vācaspati,
Paurāṇikaratnam,
Panditaratnam.
b.
14.10.1911, Udupi, Karnataka. Purāṇapravakta
(Purāṇa exponent). Gp. Udupi Sirurusvami.
Add. Srimand Uttradimatham, Rathaveethi,
Udupi (KT). Spl. Ref. Vedānta, Paurāṇika
Sāhitya.

