154



U.P. Vice-Principal. Gp. Pt. Brajkant Jha. Ps.
03. Add. Shri Kashi Vishwanath Sanskrit
Mahavidyalaya, Sanyasashram, Ellis Bridge,
Ahmedabad, GJ – 6 . Spl.Ref. Vyākaraṇa,
Sāhitya.
Mishra, Ladukeshwar. Shastri in Vedānta &
Vyākaraṇa, Acharya in Sāhitya. b. 31.01.1929,
Panchasinhapura Shasana, Dharakot, Ganjam,
Orissa. Asst. Prof., Shri Sadashiva Kedriya
Sanskrit Vidyapeetham, Puri, Orissa. Bks. 01.
Poetic Translation of Śrīmad Bhagavad Gītā.
Ps. 10. Expired on. 18.02.2009. Spl.Ref.
Profound Scholar of Jyotiṣa & Karmakāṇ©a.
Mishra, Lalaji. Acharya(Vyākaraṇa, Sāhitya),
Sāhityaratna. b. 02.09.1956, Chinda, Sitapur,
Satna, M.P. Asst. Prof. Ps. 02. Add. Shri Ambaji
Sanskrit Mahavidhyalaya, Niveria Road, Malad,
Bombay MH. Spl.Ref. Vyākaraṇa Śāstra.
Mishra, Lallan Prasad. M.A., Ph.D. Prof. Ps.
05. Add. Deptt. Of Sanskrit, Kashi Vidyapeeth,
Varanasi U.P. Spl.Ref. Sāhitya Śāstra, Darśana
Śāstra.
Mishra, Lambodar. Acharya (Sāhitya,
Dharmashashtra) b.15.03.1912. Rtd. Asst. Prof.
Ps. 04. Add. C/o. Radha kanta Sahi, Old
Berhampur, Ganjam Orissa. Spl.Ref. Sāhitya,
DharmaŚāstra.
Mishra, Lambodar. Acharya, M.A., Ph.D. b.
15.07.1956, Samastipur. Asct. Prof. Rajsthan
Skt, Univ. Gp. Sri. Rishi Shankar Tripathi.
Sp. Hariom, O.P.Pandey. Bks.07 Vaidika
Tattvamīmāṃsā, Vedāntasāra (Skt. Hindi
Commentry), Atharvavedīya Mātṛbhūmisūkta.
Ps .30. Add. 5-B, Chatrasaal Nagar, Nandpuri,
Malviyanagar, Jaipur - 302027. M. 0995070
5384. Spl. Ref. Veda.
Mishra, Lingaraj. Acharya in Vyākaraṇa, B.A.,
B.L. b. 02.06.1902, Lal Shasan, Aska, Ganjam,
Orissa. Asst. Prof., Paralakhemundi Sanskrit
College, Ganjam, Orissa. Expired on.
07.08.1971. Spl.Ref. Translated many Sanskrit
palmleaf Manuscripts.
Mishra, Lokmanya. ShikshaShastri, Shikshacharya. b.05.01.1963. Asst. Prof. Bks. 02. Ps.

10. Add. Rashtriya Sanskrit Sansthan, Lucknow
Campus, Gomati Nagar, Lucknow. Spl.Ref.
Education.
Mishra, Madhav Prasad. Studied in Sāhitya,
Darśana, DharmŚāstra. b. 1871, Vill. Kungar,
Distt. Bhivani, Haryana. Gp. Pt. Ramji, Pt.
Jairamdas ji, Pt. Shridhar ji, Pt. Rammishra
Shastri, Pt. Umapati Dwivedi. Expired in. 1907.
Spl.Ref. Established ‘HindiSāhityasabha’ in
Kolkata. Edited ‘SuDarśana’ Monthly Magzine
from Varanasi.
Mishra, Madhusudan, M.A., Ph.D. b.
21.09.1933. Vaishali, Bihar. Rtd. Dy. Director
RSKS Delhi. Bks. 10. A Historical Vedic
Grammer, The early Indus Civilisation, The
senthali Grammer, The Indus Aryans and the
Vedic Culture. Ps. 50. Add. 30 Uttaranchal
5 IP Extn. Patparganj Delhi - 110092. M.
09871195909. Spl. Ref. French, Russian,
Persian, German. Sāhitya, Honoured by Delhi
Skt. Academy.
Mishra, Mandan. Acharya (Mīmāṃsā &
Sāhitya). Ph.D. b. 1931, Vill. Hanutya, Jaipur.
V.C. R.S. Sansthan N. Delhi., Sampoornanand
Skt. Univ. Varanasi., Raj. Sans. Univ. Jaipur.
Gp. Shri P.N. Pattabhiram Shastri. Spl.Ref..
Awarded by President of India as ‘Padmashiri’
Purushkar. Established of L.B.S.V. N.Delhi.
R.S.K.S. N.Delhi. RJ Skt. Univ. Jaipur. First
V.C. of J.R.R.S.U. Jaipur.
Mishra, Mandan. Acharya in Sāhitya &
Mīmāṃsā, M.A., Ph.D. b. 07.06.1929, Vill.
Hanutiya, Jaipur, RJ. Ex. Vice-Chancellor.
S. L. B. S. R. Skt. Vidyapeeth, New Delhi.
Gp Acharya Pattabhiram Shastri. Bks. 10.
Mīmā‚sādarśanam. Ps. many research papers,
Spl.Ref. Recipient of President Award, Sanskrit
Academy Award & Akhil Bharatiya
Shankaracharya Puraskar.
Mishra, Mangilal. Acharya in Vyākaraṇa ,
Sāhityaratna. M.A.. b. 1936. Asst. Prof., Deptt.
of Sanskrit Education. Govt. of RJ. Gp. Motilal
Menariya, Nathuram Khadgavat, Agarachand
Nahata. Ps. 05. Add. Dedhichi Nagar, Sikar–
332001 (RJ). Spl.Ref. Vyākaraṇa , Sāhitya.

