250



Bilveshwar Sanskrit College, Ranjitpuri, Sadar,
Meerut U.P. Spl.Ref. Navya Vyākaraṇa Śāstra.
Sharma, Hari Datt. Vyākaraṇa Shastri, M.A.
b.01.01.1947, Jindaidi, Meerut, U.P. Teacher.
Gp. Kumvar Prasad, Haridatt Sharma. Ps. 02.
Add. Shri Bilveshwar Sanskrit College, Sadar
Bazar, Meerut U.P. Spl.Ref. Vyākaraṇa Śāstra.
Sharma, Hari Dutt. M.A., Acharya, D.Phil.,
Dip. in German & Russian Language.
b.08.01.1948. Hathras, U.P. Prof., Allahabad
University. Bks. 11. Saṃskṛta Kāvyaśāstrīya
Bhāvon kā Manovaijñānika Adhyayana,
Nibandha-Nikuñjam, Gītakandalikā, Tripathagā, Utkalikā, Lasallatikā. Ps. 40. Add.
T-5, University Professors Colony, M.N.N.I.T.
Campus, Allahabad – 211004. Spl.Ref. Received
Delhi Sāhitya Academy Award. Visiting Prof.
of Shilpacorn Univ. Bangkok, Thailand.
Sharma, Hari Kishan. Acharya. b.02.02.1955,
Brahmanavas, Jind, HR. Head & Teacher,
Deptt. of Darśana. Bks. Vedānta-sāṅkhyayogayoḥ Samīkṣātmakam Adhyayanam. Add.
Shri Mahaveer Vishva Vidhyapeeth, Paschim
Vihar, New Delhi. Spl.Ref. Vyākaraṇa, Darśana
& Sāhitya.
Sharma, Hari Krishna. Shastri, Acharya, Ph.D.
b. 12.07.1937, Batra, Patiala, Punjab. Asct.Prof,
Shri Lalbahadur Shastri Kendriya Sanskrit
Vidhyapeeth, New Delhi. Ps. 05. Add. 261-D
Pochet, Phase I, Mayur Vihar, Delhi.110091.
Spl.Ref. Dharma Śāstra.
Sharma, Hari Ratan. Acharya in Sāhitya. b.
19.06.1932, Jasala, Muzaffarnagar, U.P. Rtd.
Principal.
Gp.
Harinarayan
Shastri,
Purushottam Jha. Ps. 02. Add. Raj Colony,
Kalsia Marg, Saharangpur U.P. Spl.Ref. Sāhitya.
Sharma, Hari Shankar. Acharya in Vyākaraṇa.
b.06.07.1951. Asst. Prof. Ps. 02. Add. RZE45, West, Sagarpur, New Delhi. 110046.
Spl.Ref. Vyākaraṇa.
Sharma, Hari Vansh. M.A. b.05.03.1939.
Teacher, Govt. Higher Secondary Girl’s School,
Najafgarh, New Delhi. Ps. 02. Add. C-6A/
18-B, Janakpuri, New Delhi.110058. Spl.Ref.
Sāhitya.

Sharma, Harihar. Mīmāṃsāśiromaṇi. b.
25.05.1925, Shengalipuram, T.N. Gp.
Vaidhnath Shastri. Ps. 02. Add. 64, Sarangapani
Street, Kumbakonam, TN. Spl.Ref. Mīmāṃsā.
Sharma, Harihar. Acharya in Sāhitya, Ph.D.
b.28.01.1952, Kokal, Nepal. Asst. Prof. Gp.
Harishankar Ojha, Dr. Shivkant Mishra. Ps.
02. Add. Shri Ramshankar Sangaved
Vidhyapeeth, Kodra, Chandahar, Basti, U.P.
Spl.Ref. Sāhitya.
Sharma, Harshpati Kakanvan. Acharya in
Sāhitya, M.A., Sāhityaratna. b.04.05.1947.
Principal. Ps. 03. Add. Jai Bharat Sadhu College,
Haridwar, Uttrakhand. Spl.Ref. Sāhitya Śāstra.
Sharma, Hayagriv. M.A. b.08.05.1955. Asst.
Prof. Add. Shri Venketeshwar University,
Tirupati A.P. Spl.Ref. Kṛṣṇayajurveda,
Vyākaraṇa.
Sharma, Hemanand. Vyākaraṇa charya, M.A.
Prof. Ps. 03. Add. Shri Saraswati Sanskrit
College, Khanna, Ludhiana Punjab. Spl.Ref.
Vyākaraṇa Śāstra.
Sharma, Hemraj. Acharya. b.1950, Ujwalnagar,
Nepal. Prof. Gp. SuDarśanaacharya Tirpathi.
Ps. 03. Add. C-6, University Area, University
of RJ, Jaipur. Spl.Ref. Sāhitya Śāstra.
Sharma, Hiran. M.A., Ph.D. b.01.12.1957,
Guwahati. Asct. Prof. Ps. 10. Add. 56, University
Campus, Guwahati University, Assam –
781014.
Sharma, Hridaya Ranjan. B.A., M.A., Ph.D..
b. 26.07.1945, Sagar (M.P.). Prof.& Ex HOD
Dept.of Veda,SVDV,BHU. Ps.65. Add. B 24/
14, AIK, Kashmirigunj, Varanasi. Ph.
9415303513.
Sharma, Ishwar Das. Acharya, B.Ed., M.A.
b.08.09.1956, Ajitgarh, Shikar (RJ). Asst. Prof.
Rajkiya Shri Dhuleshvar Acharya Sanskrit
Mahavidyalaya, Manoharpuram, Jaipur. Ps.
05. Add. 6-A, Aditya Nagar, Moriza Road,
Choumu, (RJ).
Sharma, Jagadish. M.A., M.Phil., Ph.D.
b.01.05.1975. Tihu, Nalbari Assam. Asst. Prof.
Dept. of Skt. Ps. 02. Add.Guwahaty Univ.
Assam.

