

77

F
Fondari, Aatmaram Kamal. M.A., B.Ed.,
Vaidyavisharad, MAS, MICAS. b. 15.06.1944.
Tihari-Gadhwal. Bks. 02. Khādīgītā, Śrīkamalaguruvaṃśa-mahimna-stotram. Expired in 2000.
Spl.Ref. Sanskrit, Hindi and Gadwali Poet.

Francis, A.P. M.A. (Skt. Veda. His.), Ph.D.,
B.A., B.Tech. b. 30.04.1963, Pavaratty
(Thrissur). Bks. 02. Add. Arakal House, P.O.
Amala Nagar. Trissur – Dt. (Choorak-kattukara
Street), Kerala – 680555. Ph. 0484 – 2463380.

G
Gadgil, Vasant. B.A., B.Ed. b. 08.09.1930,
Kolhapur, MH. Editor. Ps. 02. Add. Editor,
Sharada, Zelum, Patrakar Nagar, Pune –
411016. Ph. (020) 5650124.
Gadpal, Prafull. M.A., NET., Ph.D. b.
03.06.1981. Umeri. Asstt. Prof. Rashtriya
Sanskrit Sansthan, New Delhi. Bks. 03.
Bodhicaryāvatāraḥ, Universal Message of
Buddhist Tradition, Bhrtṛharinītiśatakam. Ps.
02. Add. Rashtriya Sanskrit Sansthan, New
Delhi 110058. M. 09891400819.
Gajera, Bhawna Ben Hari Bhai. Ph.D.
b.09.12.1968. Prof. Sanskrit Deptt. Bahauddin
Vinyan College Junagarh. Add. F-2 Ramniwas,
Bilkha Road Junagarh. Spl.Ref. Alaṅkāraśāstra.
Gajulapalli, Venkatanarasimha. Sāhitya
śiromaṇi. b. 27.10.1941, Nellore, A.P. Asst.
Prof. (Sāhitya). Gp. Brahmashri Gajulapalli
Hanumacchastri, Subbarama Shastri, T.
Shriramamurti Shastri. Add. Shri Ved Sanskrit
Kalashala, Nellore or 20/570, Near High
School, Nellore (A.P.). Spl.Ref. Sāhitya.
Galagali, Annayyacharya Dhruvacharya.
Chudamani. b. 26.06.1911. Acharya (Asst.
Prof.). Nyāya Vedānta Deptt. Add. Purnaprajna
Vidyapeetha, Bangalore-4 (KT). Spl.Ref. Dvaita
Vedānta.
Galangali, R.M. Acharya. b. 14.03.1914,
Karajangi, Dharwad, KT. Gp. Madhu Acharya
Galangali, Davaita Ved Pracharak (Vedic
Teacher). Add. Sarnemer Street, House No.
15, Bangalore – 4 (KT). Spl.Ref. Veda and
Sāhitya.
Gambhir, Paramanand. M.A. (Sanskrit &

Hindi). b. 16.04.1929. Teacher Add. 257,
Taliwada, Shahadara, Delhi – 110032.
Gami, Ajmal Bhai Shiva Bhai. M.A., Ph.D. b.
01.06.1968. Prof. Arts & Commerce College
Chanasma. Distt. Patan Gujarat. Add. 29,
Jaiveer Nagar Khodiyar Chauk, Patan. Spl.Ref.
Alaṅkāra Śāstra.
Gamit, Pravin Kumar C. Ph.D. b. 02.02.1966.
Prof. P.R.B Arts & P.G.R. Commerce College
Bardosi Distt. Surat. Add. Unavi Teh. Wasanda
Distt. Navsari. Spl.Ref. Vedānta Śāstra.
Ganapati, Acharya. Jyotiṣa Vidvān. b.
06.04.1918, Padubidri, Udupi, KT. Gp. Karur
Sesacharya, Venkatacharya. Add. Bhimanakatte
Muth, Car Street, Udupi (KT). Spl.Ref. Jyotṣa,
Sāhitya.
Ganapati, M. L. Krishnamurthy. Salak-chhana
Ghanantapathi. b. 30.08.1931. Manakkal. Add.
4/73. Purva Agrahar. Manakkal, P.O. Lalgudi.
Ph. (0431) 2544823. Spl.Ref. President
Awardee.
Ganapatigal, S. Krishnamoorthy. Kṛṣṇa
Yajurveda, Gurukul Shiksha, Bhasyaratna,
Ved Vidya Alankar, Ved Lakshnajna, Ved Vani
Vidwan. b. 25.03.1932, Thanjavor. Parayana
under Dharma Prachar Parishad. Spl.Ref.
Kramapath, Jattapath, Ghanpath, in Yajurveda,
Yajurveda Parayan in TT Dev Sathanam
Tirupati, Kṛṣṇayajurveda with Sāyaṇa Bhāṣya,
President Awardee.
Ganapatigal,
V.
Rajagopala.
Veda
(Kṛṣṇayajurveda, Saṃhitā Brāhmaṇa Pada,
Krama, Ja-ā, Ghana & Prātīśākya) Śāstra
(Advaita Vedānta) Mīmāṃsā (śabara Bhāṣya

