94



Ghati, Rishikesh (U.P.) Spl.Ref. Vyākaraṇa
Śāstra.
Irimal, F. M.A., Ph.D., (Paris University). b.
27.03.1945, Caen, France. Gp. L. Renot, A.
Minari, C. Kailat. Bks. 03. Bhavabhūteḥ
Mahāvīracaritam, Bhavabhūteḥ Samayam (A
Concordence of Bhavabhuti), Tārkika rakṣā
(Ed.) Add. D. Extreme orient, 22, Dumas Street,
Pondicherry – 605001.
Ishwar Prasad, A. B.Sc., B.Ed., M.A., Ph.D.
b. 15.07.1974. Mangalore, Lect. Swami
Vivekanand Yoga Anusandhan Sansthan
Bangalore. Bks. 01. Scientific Significance
of Sacret Plans Ps. 20. Add. Swami Vivekanand
Yoga Anusandhan Sansthan Bangalore Ek Nath
Bhawan No. 19, KG Nagar, Bangalore - 560019.
M. 09481026774, 09900766285. Email :
ishwaraprasad84@gmail.com
Iyengar, N. T. Srinivasa. Vyākaraṇa Vidvān,
Alaṇkāra Shastra, Vidvat Uttama Tarkshastra
Vidvat Madhyama. b. 20.08.1920. Hassan KT.
Bks. 10. Ps. 50. Spl.Ref. Karnataka and Kerala
Rajya Puraskar title of Abhinav Valmiki,
Ramayana Kesari, President Awardee.

Iyengar, Rangachar Narayana. B.E., M.Sc
(Engg.)., Ph.D.. b. 02.06.1943, Tumkurm KT.
Asst. Prof., Jain University, Bangalore. Ps.
01. Add. Centre for Disaster Mitigation &
Centre for Ancient History & Culture,
Bangalore – 562112. Ph. 080 – 28711119,
27577203(O), 9880030082.
Iyer, K.A.S. M.A. b. 07-09-1896. Palghat, Kerala.
Former Founder HOD of the Skt. Lucknow
Univ. Gp. Sri Narayan Shastri, Prof. Sylvain
Levi, Dr. Brnett, Mrs. Rhys David. Sp. Prof.
K.C. Pandey, Prof. Satyavrat Singh. Bks.12
Kālidāsaviracitam
Mālavikāgnimitram,
Malayālamamahābhāratam,
Maṇ©anamiśrasya Sphotasiddhiḥ, Bhartṛhari-praṇītam
Vākya-padīyam (ed). Ps. 150. Spl.Ref.
Vyākaraṇa, Literature Linguistic, He has been
associated with a number of Univ. and
institution in various capacities he was the
chief editor of the catalogous of manuscripts
published by Akhil Bhartiye Samskrit Parishad
Lucknow, France, Holland, Balzegum,
Germany, Switzerland, Austria, Italy, Vishist
Vidwan Puraskar UP Skt. Sansthan 1976,
President Awardee 1947.

J
Jaddipal, Viroopaksha. M.A. (Skt., English,
Hstory). Vidyavaridhi. b 21-07-1970, Yellapur,
Asct. Prof. Rashtriya Sanskrit Vidyapeeth,
Tirupati. Bks 4 Teaching of Sanskrit,
Śabdaśaktiḥ. Ps. 12, Add. Rashtriya Sanskrit
Vidyapeeth Tirupati - 517064, M. 09440002813 email vvjaddipal@gmail.com Spl.Ref.
Grantha, Nandi Nagari, Sarada Scripts &
AlaṅkāraŚāstra.
Jadhav, Chandrakant Khushal Bhai. Ph.D.
b.15.04.1970. Prof. Shri R.K. Arts K.P.
Commerce & Smt. B.C.J. Science College
khambhat Distt. Aanand. Add. B-41
Maheshwari Society Metpur Road, Khambhat.
Spl.Ref. Vyākaraṇa Śāstra.
Jagadguru, Ramanandacharya Swami

Rambhadracharya. Acharya, M.A. D.Litt. b.
14.01.1950. Vill. Shandi Khurd, Dist. Jaunpur,
U.P. Chancellor, Jagadguru Rambhadracharya
Handicapped University, Chitrakoot, U.P. –
210204. Gp. Shri Padini Samarambham, Shri
Harinarayanam-adhyanam, Shri Ramprasadaparyantam. Bks. 80. Gīta-Rāmāyaṇam,
Aṣ-āvakra, Bhārgava Rāghavīyam, Bhṛṅgadūtam, Arundhatī Mahākāvya. Ps. 50. Add.
Shri Tulsipeeth Amodvan, Chitrakoot, Satna
(M.P.). Ph. (05198) 224413, 224293,
9415143099, 9450916650. Spl.Ref. President
Certificate of Honour (2004), Sāhitya Akademi
(2005), Śrīvāṇī Alaṅkāra (2006). Mahamahopadhyaya, Gujarati, Oriya, Maithili, Bhojpuri
etc. Bhaurao Devrass Paritoshik, Dharam
Chakravarti.

