
Bora, Maitreyee. M.A., Ph.D. b.20.06.1948,
Dibrugarh, Assam. Prof. Guwahati Univ. Bks.
03. Facets of Vedic Religion and Culture, Athar
vavedīya Upniṣadḥ. Add. Near Assam Forest
School, P.O. Guwahati Univ. Guwahati.
781014.
Bora, Saikla, Indira. M.A., B.T., Ph.D.
b.19.09.1957, Nawa Gaon, Assam, Asct. Prof.,
Guwahati Pragjyotish College. Bks. 05.
Rāmāyaṇa, Bhāgavata Purāṇa, Bṛhat Saṃhitā,
Abhijñāna Śākuntalam, Kāraka Saṃhitā. Add.
Prag jyotish College Skt. Deptt. Guwahaty.
Bose, Sonali. M.A. M.Phil. b. 14.01.1971.
Calcutta. Asst. Prof. Ps. 04. Add. 29 – A. Mahim
Halder Street. Kolkata – 26. Pin. 700026.
(W.B.). Ph. (033) 4550825.
Brahamchari, Kapildev. Acharya, Vidyavaridhi.
b. 13.08.1943, Sitamadhi. Rtd. Upacharya,
Shastra Chudamani, Dharmagam Deptt., Kashi
Hindu V.V., Varanasi. Gp. Swami Ramlakhan
Dev Brahamchari. Bks. 01 Bhaktirasavimarśa.
Add. Sri Kabir Bhagwadashram, C-35/59
Chandua chitupur, Varanasi- 221002. Ph.
0542-2225820. Spl. Ref. Sāhitya, Honoured
from U.P. Govt.
Brahma, Gouri Kumar. M.A., D.Ed. b.
05.09.1919. Tourist Director, Orissa Govt.
Bks. 03. Bhāratasaṃhatiḥ, Āndhrapradeśa
Parya-anam, Bhañjapañcāśikā. Spl.Ref. Scholar
&Writer in Skt., Eng., Odisi Lit. Title of
Utkalvachaspati, Purusasarasvati, Vagmipravar, Bharatapradeep etc.
Brahmachari, Jayatsyama. Achrya in
Vyākaraṇa, Sāhitya. b. 02.01.1940, Puri. Orissa.
Principal. Gp. Dr. Adyaprasada Mishra,
Sheshamani Mishra, Ramabadana Shukla. Add.
Shri Shiva Sharma Skt. Mahavidyalaya. 937
Daraganj. Allahabad (U.P). Spl. Ref.
Vyākaraṇa. Sāhitya.
Brahmachari, Markandey. Acharya. b.
13.12.1917, Lilkar, Dist. Balia, (U.P.). Gp.
Sabhapati Samopadhyay, Swami Hariharanand
Saraswati (Karapatriji). Add. Dharmasangh,
Durgakund, Varanasi (U.P.). Spl. Ref. Vyā-

35

karaṇa, Sāhitya. Award. Title of Panditaprakash
by Kanchishankaracharya.
Brahmachari, Om Prakash. Acharya, M.A.
Ph.D.. b. 20.07.1950, Baldeva, Mathura, U.P.
Gp. Dr. Parasanath Dwivedi. Add. A 11/51
A, Swami Anandashram, Naya Mahadev, Raj
Ghat, Varanasi (U.P). Spl. Ref. Sāhitya.
Brahmachari, Ramanand. Acharya, Ph.D. b.
1947, Devalpur, Dharing, Nepal. H.O.D. of
Vedānta. Gp. Gopalanidhi Tripathi. Add. Sri
Vishvanath Skt. Mahavidyalaya, Bela Road,
Delhi. Spl. Ref. Vedānta.
Brahmachari, Surendra Kumar. Acharya in
Sāhitya. M.A. Ph.D. b. 20.12.1933. Chapra.
(Bihar). Prof. & Ex. V.C. KSD Skt. University.
Bks. 02. Skt. Syntax and the grammer of case,
Co-ordinization in Skt. Add. I. 85 – B.
Pataliputra Colony. Patna – 13. Bihar. Spl.Ref.
President Awardee.
Brahmadattavagmi. Acharya in Jyotiṣa, Sāhitya,
Vyākaraṇa. b. 19.03.1925, Gurgaon, HR. Gp.
Haradatta, Visudhananda. Bks. Adbhutapañcatākāvyam (Skt.), Kāvyāvataraṇa (Hindi),
Me©tā Mīrā (Hindi). Add. Vill. Dhamdouj,
Gurgaon (HR). Spl. Ref. Jyotiṣa, Sāhitya,
Vyākaraṇa.
Brahmanand, Gupta. M.A., Ph.D. (Bonn). b.
01.04.1930, Calcutta, W.B. Asct. Prof., Deptt.
of Skt., Rabindra Bharati Univ., Calcutta. Add.
4-B, Nandalalji Road, Calcutta –700026 (WB).
Spl. Ref. Darśana.
Brihaspati, N. Shathakopacharya. b. 1923.
Kumbakonam, T.N. Rtd. Teacher. Gp. Agnihotri
Tatacharya. Add. 92, Ayyangar Street,
Kumbakonam (T.N). Spl. Ref. Kṛṣṇayajurveda.
Budihal, Ramchandra. M.Sc., Ph.D. b.
13.12.1971. Bangalore, KT. Solution Architect
at Aerospace, Defence and Satellite System,
Wipro Technologies, Banglore. Spl.Ref. With
a view to rediscover the great Indian Cultural
heritage; especially the epic Mahabharat, he
has registered a research organization
‘Mahabharata Samshodhana Pratisthanam’
with some of his associates. He has developed

