
Chakraborty, Kalipada. Acharya. b. 08.11.1936,
Calcutta. Gp. Pitambr Jha, Harinarayan
Bhattacharya. Add. Rashtriya Sanskrit
Mahavidyalaya-1, Bankim Chandra Chatterji
Road, Calcutta–73., W.B. Spl.Ref. Veda, Tarka.
Chakraborty, Kanayi Lal. Acharya in Nyāya
& Darśana. b. 27.03.1934, Varshahara,
Midnapur, W.B. Teacher (Nyāya). Gp.
Rameshvar Smrtitirth, Prabodha-chandra
Kavyatirtha. Add. Subarna Devi Darshan Tola.
Vill. & P.O. Hore, Midnapur, W.B. – 721131.
Spl.Ref. Nyāya Śāstra.
Chakraborty, Kumud Ranjan. Sāhitya-Shastri.
b. 21.01.1917, Karim Ganj, Maisgram, Assam.
Rtd. Teacher. Gp. Vinoda Bihari. Add. Longhayi
Ghat, Karim Ganj, Assam. Spl.Ref. Sāhitya.
Chakraborty, Loknath. NavyaNyāya-Shastri,
Vyākaraṇa tīrtha, Vedānta-Acharya, M.A.,
Ph.D. b. 17.09.1963, Burdwan. Asct. Prof.
in Vedāntaa WBES. Bks. 05. Add. Saptarshi
Aptt., Block Pulaha, Flat 3A 22/C, AC Sarkar
Road, Kolkata 76. Ph. 033-25442418. E-mail:
chakraborty.loknath@gmail.com Spl.Ref.
Vyākaraṇa & Vedānta.
Chakraborty, Madhu Sudan. Kāvyatīrtha,
Vedāntashastri. b. 22.02.1919, Kotalipara,
Faridpur, Bangla Desh. Librarian. Ps.02. Add.
Skt. Sāhitya Parishad, Calcutta – 700004.
Spl.Ref. Kāvya, Vedānta.
Chakraborty, Madhu Sudan. Sāhitya-Shastri,
Vyākaraṇa, kāvya, Purāṇa &Sāṅkhya Tīrtha.
b. 01.01.1919, Varanasi, (U.P.). Rtd. Teacher.
Ps.02. Add. 20, Hiranchandra Mukherji Road,
Goswamipura, 24 Parganas – 743155 (W.B.).
Spl.Ref. Vyākaraṇa, Sāhitya, Kāvya, Purāṇa
and Sāṅkya.
Chakraborty, Nanigopal. Tīrtha in Kāvya &
Vyākaraṇa. b. 1914. Comilla, Bangladesh.
Teacher. Add. 5/120, Yatin Das Nagar,
Calcutta, W.B. – 700056. Spl.Ref. Vyākaraṇa
& Veda.
Chakraborty, P. M.A., B.Ed., Ph.D.. b.
16.02.1940. Teacher. Ps. 03. Add. K-2123,
Chittaranjan Park, New Delhi – 110019.

37

Chakraborty, Parboty. Vyākaraṇa Tīrtha, M.A.,
Ph.D. b. 08.08.1962, Hoogly. Reader, Ravindra
Bharti Univ. Bks. 05. Add. Deptt. of Skt.
Ravindra Bharti Univ. Kolkata – 700050. Ph.
03325322679, M. 09433435629.
Chakraborty, Samiran Chandra. M.A., Ph.D.,
Dipl. in German. b. 02.12.1940. Rangpur.
Rtd. Prof.& Emeritus Fellow Ravindra Bharti
Univ. Kolkatta Bks. 10. Ps. 70. Add. 135, Indra
Biswas Road, Kolkata – 37. WB. Spl.Ref. Prof.
& Director in Ravindra Bharati Univ and
Kolkatta Univ. RK Mission Institute. Visited
in Germany, France, USA, Japan. President
Awardee.
Chakraborty, Satya Narayan. M.A., Ph.D.,
D.Litt. b. 01.02.1950. Batanagar, W.B.. Prof.
& Head. Bks. 14. A study of the Caitramīmāṃsā
of
Appya
dīkṣita,
Meghadūta
aur
saudāmantraye. Ps. 100. Add. 38, Gopimohan
Dutta lane, bhuvan vill, 2nd Flr., P.O. Bagbazar,
Calcutta– 700003. Ph. (033) 5552307.
Chakraborty, Shrinivasa Varadacharya,
Ghanapathi. Veda Vidvan. b. 19.09.1909,
Vill. Hedatale, KT. Rtd. Veda Teacher. Gp.
Venkataram Avadhani, Krishnaghanapathi.
Add. Melkote, Mandya, Mysore, Karnataka.
Spl.Ref. Kṛṣṇayajurveda.
Chakraborty, Shrutidhara. M.A., Ph.D.
b.02.12.1959, Dibrugarh, Assam. Asct. Prof.,
Gauhati Univ. Guwahati, Assam. Gp. Late Prof.
Munda madhav Sharma. Sp. Dr. Binina
Bujarbarua, Mr. Mausumi Bhattacharjee.
Bks.02, Paninian Influence on Sanskrit poetics,
Studies on Sanskrit literature, culture and
arts. Add. 34, Gauhati Univ. Campus. Guwahati
781014.
Chakraborty, Swapan Kumar. Kāvyatīrtha.
b. 27.01.1951, Dist. Hooghli, W.B. Service.
Gp. Gurupad Choudhary. Add.Samanta Kanda
High School, Hooghli, W.B.
Chakraborty, Triveni Mohana. Kāvyatīrtha.
b. 01.01.1911, Kolapara. Gp. Tripurachandra
Shiromani, Chandra Mohana. Add. West Town
Hall, Post Balonia, Tripura – 799155.

