182



Ps. 01. Add. Skt. Mahavidyalaya, Solagram,
Ahmedabad – 54 (GJ). Spl.Ref. Vyākaraṇa.
Nirmal, Nandkishore Gautam. Acharya in
Sāhitya. Ph.D., Āyurvedaratna. b. 06.01.1936,
Shivalay, Sawaimadhopur, Rajasthan. H.o.D.
Gp. Jagadish Sharma, Dr. Purushottamlal
Bhargav. Add. Geet Govind Kunj. S-25, Krishna
Marg, Bapu Nagar, Jaipur (RJ). Spl.Ref.
Āyurveda, Sāhitya.
Nirupama, Devi. M.A., M.Phil. Asst. Prof., Dept.
of Skt., Panchayat College, Bargarh, Sambalpur
(Orissa). Spl.Ref. Sāhitya.
Nivasacharya. Rajagarh. Distt. Churu (Rj.).
Bks. 02. Candramahīpatiḥ, Sūryprabhā. Spl.Ref.
The famous novel ‘Chandramahipatiḥ’ wrote
& offered to Pt. Ambikadutt Vyas in Rajasthan.

Nochur. Krishna Shastri. Sundareswaran.
M.A., Ph.D. b. 28.05.1964, Chittur, Palakkad,
Kerala. Asct. Prof. Dept. of Skt.. Univ. of
Calicut. Gp. Dr. Shri. N.R. Krishna Shastry
(Father). Bks. 05. Saṃskṛta in Technological
Age, Sūtar-ha muktāvalī, Saptaśatisāra
Sarvasva, Contribution of Kelallur, Nīlakaṇ-ha
Somayājī to Astronomy. Ps. 30. Add. Skt. Univ.
of Calicut. Malappuram. Kerala – 673635.
Mob. 09446146982.
Nyayateertha, Sri Jiva. Nā-yaŚāstra & Sāhitya.
b. 1894. W.B. Asst. Prof. Culcutta Univ.
Principal. Butta Palli Skt. College. Bangal.
Culcutta. Bks. 40. Kailāśanātha Vijayam,
Girisaṃvardhana-vyāyoga, Śaṅkarācārya
Vaibhavam, Daridradurdaiva.

O
Ojha, Braj Bhushan. Acharya, Vidyavaridhi.
b. 03.02.1978. Gopalganj, Bihar. Asstt. Prof.
RSKS, Lucknow Campus. Bks. 03. Ps. 20. Add.
RSKS, Lucknow Campus, Vishal Khand–4,
Gomti Nagar, Lucknow. Spl.Ref. Vyākaraṇa,
Title of Vyakarana Bhushan, Shresth Pandit
Puraskar, Maharshi Badrayan Samman by
President of India.
Ojha, D. M.A., M.Phil., M.Ed. b.29.03.1959,
Karanji (Orissa). Bks. 01. Candrakalā Nā-īkāA Study. Ps. 04. Add. Principal, Kendriya
Vidyalaya MCL, IB Valley Area, P.B. No. –
15, Brajraj Nagar, Distt. Jharsuguda (Orissa).
Pin – 768216.
Ojha, Hari Shankar. Acharya. b. 15.06.1909,
Tenduamaphi, Basti, U.P. Rtd. Principal. Gp.
Kameshwar Prasad Tripathi, Ramcharan
Dwivedi. Ps. 01. Add. Vidhya Nagar, Khajilabad,
Basti U.P. Spl.Ref. Vyākaraṇa Śāstra, Sāhitya
Śāstra.
Ojha, Madanlal Harishankar Vaidik.
Samavedacharya. b. 05.02.1912, Shukltirtha,
Bharuch, GJ. Samavedguru. Gp. Ahitagni
Gaurishankar
Vallabha
Ojha.
Add.
Vadihanuman Pole, Savita Sadan. 2 nd Floor,

Baroda – 390017 or vadi variyasheri, Baroda–
390017 (GJ). Spl.Ref. Sāmaveda.
Ojha, Madhusudan. Vidyavachaspati, Nyāya,
Vedānta, Mīmāṃsā. b. 1866, Muzaffarpur.
Principal, Maharaja College. Jaipur. Gp. M.M.
Shivkumar Shastri, Rambhoj Saraswati, Rajeev
Lochan Jha, Vishvahath Jha. Sp. M.M. Pt.
Giridhar Sharma, Chaturvedi. Pt. Chandradutt
Choudhary, Pt. Jaichandara Jha, Pt. Motilal
Shastri, Pt. Aadyadutt Thakur. Bks. 62.
Jagadgurūvaībhava, Indiravijayaṃ, Brahma
Vijñāna, Gītā Vijñāna. Ps. 288. Expired in 1939.
Spl.Ref. Rajpandit of Jaipur King. Recipent
of Vidyavachaspati & Mahamahopadeshaka
Samiksha-chakra-varti-vyakhyah-vachaspati
titles. Madhu-sudan ojha shodh sansthan
founded in jodhpur. Every year Mathusudan
Ojha vyakhyah mala organized in R.Sk.S.,
Jaipur.
Ojha, Narayan Prasad N. Acharya (Vyākaraṇa,
Sāhitya), Kāvyatīrtha. b. 18.12.1943, Rohida.
Rtd. Principal, Shree Ambika Skt.
Mahavidyalaya & (Niyamak Director) Sri
Krishan Ashram Pathshala. Sabarkantha. Gp.
Sri Narmada Shankar G Ojha. Bks. 01

