180



Nayar, Balakrishnan J.R. M.A. (Hindi, Skt.,
Malyalam), B.Ed. Mahopadhyaya (Skt.),
Vidwan, Sāhityavisharad. b. 04.10.1925.
Varkala, Thiruvananthapuram Dist., Kerala.
Teacher. Bks. 03. Keśavīyam (93, trans. Into
Hindi), Nītiśhatakam (Poetry trans. into Hindi),
Pratijñā. Add. Padma Bhaan, Chilakkoor,
Varkala, Thiruvananthapuram Dist, Kerala.
Spl.Ref. Sāhitya.
Nayar, Balakrsnan R. M.A. b. 23.02.1929.
Tiruvananthapuram, Kerala. Rtd. Lecturer.
Ps. 02. Add. T.C. – 29/1268, Palkulangara,
Tiruvananthapuram – 695024 (Kerala). Spl.Ref.
Vyākaraṇa, Sāhitya.
Nayar, Bhaskaran M. M.A., b. 01.08.1923,
Mavelikara, Alleppey, Kerala. H.o.D.
Malayalam & Skt. Ps. 01. Add. Alakatiyambalam, Mavelikara (Kerala). Spl.Ref. Sāhitya.
Nayar, Bhaskaran S. Acharya. b. 25.08.1921,
Kottiyadi, Kerala. Gp. Ramamurti Shastri. Ps.
02. Add. Skt. Vidvan, Neyattinkara, Tiruvanantha-puram, (Kerala). Spl.Ref. Sāhitya.
Nayar, K. Kashavan. Kerala. Asst. Prof.
Ramkrishna Gurukul Vidyamandir. Kerala.
Bks. 01. Nirveda.
Nayar, Krishnan, K. Skt. Mahamaho-padhyaya.
b. 27.11.1927, Tiruvanantha-puram. Ps. 02.
Add. Ponmelat House, Sastamangalam,
Tiruvananthapuram (Kerala). Spl.Ref. Sāhitya.
Nayar, Maheshvaran K. M.A., Ph.D., M.A.
(Russian Language), Certificate in German.
Asst. Prof., Skt. Department. Ps. 02. Add. Kerala
University, Karyavattam, Tiruvanantapuram
(Kerala). Spl.Ref. Vedānta, Bharatiya Darśana.
Nayar, Mutukulam Shridharan. M.A. b.
26.01.1926, Mutukulam, Alappuzha, Kerala.
Ps. 02. Add. Puttankottakkakam, Chennitala,
Alappuzha, Kerala. Spl.Ref. Sāhitya.
Nayar, Raghavan C. Sāhityaśiromaṇi, Vidvat,
Visharad. b. 27.09.1924, Kerala. Gp P.C.
Vasudevan, M.P.S. Nayar, K.P. Narayan
Pisaradi. Ps. 02. Add. Vilvatilakam, Tiruvilvamala, Trissur – 680588 (Kerala). Spl.Ref.
Sāhitya.

Nayara, Vasudevan K. Mahamahopaddhyay.
b. 12.02.1907, Kerala. Asst. Prof. Add.
Purvakulathu, Maramon, Pathanamthitta.
Kerala. Spl.Ref. Sāhitya Śāstra.
Nayara, Vishvanathan P. Traditional Education.
b. 06.06.1909, Palakkad, Kerala. Rtd. Principal.
Gp Subrahmanyam Shastri. Bks. Cāṇakya
Śatakam, Bhajagovindam. Add. Padinjare
Paradal House, Palakkad Kerala. Spl.Ref.
Vidhyabhushan.
Nayudu, Vangpandulaxmi. Bhashapravin, M.A.,
Rashtrabhashakovid. b. 15.06.1921. Saluru.
AP. Chairman, Prachya Bhasha Branch,
Rajkalashala, A.P. Bks. 08. Gāndheyacaritam,
Gāndhigītā, Bhārata-bhājñavidhātā. Spl.Ref.
Writer in Skt. & Telugu.
Nayyara, Asha. M.A. in Skt. & Hindi, B.Ed.
b. 21.03.1950. Hindi Translator, Inspection
Directorate, Mayur Bhavan, New Delhi. Ps.
02. Add. L-11/9 B, D.D.A. Flats (LIG), Kalkaji,
New Delhi–19. Spl.Ref. Sāhitya.
Neelakantham, K. M.A., M.Phil., Ph.D. b
1.01.1958. Prof. & Head of Skt. Dept., Osmania
Univ. Bks.03. Comparative Study of Aṣ-ādhyāyī
& Bhojas Sarasvatīkaṇ-hābharaṇam, Kāvyālaṅkārasūtravṛtti with English translation. Ps.40
Add. Dept. of Skt. Osmania Univ., Hyderabad500007 Ph.04027032468, M.9866038754.
Mail. k.neelakantham@ yahoo.com
Neelakanthan, C.M. M.A., M.Phil., Ph.D. b.
15.04.1952. Shoranur. Bks. 07. Sārikāsandeśa
of Ramapanivada, Bhāvūkante Nilapātūkal,
Mānanamañjarī, Campūkāvyangal Saṃskrita
Sāhitya Caritram (Vol. I-II, 1991).
Vedakiraṇāṅgala. Ps. 25. Add. Saranya.
Chethala Mana. Paruthippura. Shoranur–I
(P.O.) Palakkad, Kerala
Negi, Gurucharan Singh. Achraya(Bhot-Baudh
Darśana, Pali-Thervad, Skt.Sāhitya), NET,
Ph.D. b.02.04.1969 Kinnaur (H.P.) Asst.Prof.
RSKS, Lucknow Campus. Gp.Bhot- Baudh
Parampara & Skt. Baudh Parampara. Bks.03.
Ps.06. Add. R.Sk.S. Lucknow Campus, Vishal
Khand 4, Gomati Nagar, Lucknow-226010,

