
Himmat Nagar. Bks. 02. Premaśatakam. Ps.
05. Add. 9 Shantikunj Society, Gokul Nagar
Tasia Road Himmatnagar. Spl.Ref. Vedānta
Śāstra.
Mehta, Bhaskar Bhai Y. Ph.D. Prof. Arts &
Commerce College Ider GJ. Ps. 04. Add.
Yogendra Kripa, 7 Anand Nagar Society Ider
GJ. Spl.Ref. Vyākaraṇa Śāstra.
Mehta, Chotalal V. Ph.D. b. 03.08.1943. HOD.
Shri R.K. Parika, Arts. & Science College Petlad.
Ps. 03. Add. 3-M. City Garden Society,
Mankodia Bijalpur, Navsari. Spl.Ref. Alaṅkāra
Śāstra.
Mehta, Geeta Ben P. Ph.D. b. 02.08.1958. Prof.
B.D. Arts College, Sankadi Street Manik Chouk
Ahemdabad. Ps. 06. Add. 12, Anupam
Apartment, Shakti Society, Paldi., Ahemdabad.
Spl.Ref. Vedānta Śāstra.
Mehta, Gigna S. M.A., B.Ed.. b. 23.07.1973,
Ranpur (GJ). Ps. 01. Add. P.H.C. Quarter,
At.- Vartej, Td. Bhavnagar, Bhavnagar (GJ)
Ph. (0278) 448032.
Mehta, Hariprasad Chhaganlal. Kāvya Tīrtha,
M.A., B.T. b. 30.05.1912, Natapur, Nadiad,
GJ. Gp.Chhaganlal Natthulal Shastri, Pratap
Rai. Ps. 01. Add. 47/I, Sadhana Nagar, Kareli
Bag, Varodara, Gujrat. Spl.Ref. Sāhitya Śāstra.
Mehta, Krishna Shankar Vishnu Shankar.
Ph.D. b. 21.04.1942. Prof. Sanskrit deptt.
Bhasha Sahitya Bhawan, Gujrat Univ.,
Ahemdabad. Ps. 02. Add. 4 Swikar Tenament,
Near DurDarśana Thaltez, Ahemdabad. Spl.Ref.
Vyākaraṇa, Alaṅkāra, Mīmāṃsā, Sāṅkya, Yoga,
Veda, Vedāṅga.
Mehta, Mahesh kumar K. Ph.D. b.05.10.1967.
Prof. Smt. C.R. Gardi Arts College Moonpur
Distt. Panchmahal. Ps. 01. Add. Vill Post
Moonpur, Tehsil Kadana Distt. Panchmahal.
Spl.Ref. Alaṅkāra Śāstra.
Mehta, Narendra Kumar Purushottum Bhai.
Ph.D. b. 23.08.1939. Prof. C.N. Arts & B.D.
Commerce College Kalol Road, Kadi Mehsana.
Add. 5, Raj Banglow, Karun Nagar Road, Kadi
Distt. Mehsana. Spl.Ref. Vednāta Śāstra.

143

Mehta, Narhari Bhai Chagan Lal. Ph.D. b.
21.03.1939. Prof. S.D. Arts & B.R. Commerce
College Mansa Distt. GandhiNagar. Ps. 01.
Add. B/604, Kevalya Dham, Tower 1, Near
Times of India press Satelite. Ahemdabad.
Spl.Ref. Purāṇa Śāstra.
Mehta, Parul Ben M. Ph.D. b.06.12.1966. Prof.
Mahila Arts College Gondal Distt. Rajkot. Ps.
01. Add. C/o. P.M. Mehta 197, Chandra Park
B, Street No. 12, Ring Road, Rajkot. Spl.Ref.
Purāṇa Śāstra.
Mehta, Rashmi Ben P. Ph.D. b.02.08.1957.
Prof. Arts College Kodinar Distt. Junagarh.
Ps. 01. Add. Milan Near Mihir STD, Sardar
Nagar kodinar Distt. JuNagarh. Spl.Ref. Purāṇa
Śāstra.
Mehta, Rashmikant Padam kant. Ph.D. b.
14.05.1946. HOD B.J. Vidhyabhawan, H.K.
Arts College Compound, Ahemdabad. Ps. 02.
Add. 778-1, Shivanjali Madhuram Flats, Sector
21, GandhiNagar. Spl.Ref. Vedānta Śāstra.
Mehta, Shobhna Ben A. Ph.D. b.03.08.1958.
Prof. RP Chouhan Arts & Commerce College
Vyara, Distt. Surat. Ps. 04. Add. Vagish 45,
Vrindawan Dham Society, Near Ramji Mandir
Vyara Distt. Surat. Spl.Ref. Vedānta Śāstra.
Mehta, Shuchita Yagnesh. M.A., Ph.D.. b.
17.10.1957, Ahmedabad. Asst. Prof., St.
Xavier’s College. Bks. 01. Idealistic Thought
in Indian Philosophy. Ps. 08. Add. 9, Rupam
Society, B/H Child – Care. N.R. Vijay
Restaurant, Navarangpura. Ahmedabad –
380009. Ph. 7911440.
Mehta, Suchita ben Yogesh Bhai. Ph.D. b.
17.10.1957. Prof. Saint Javior College
Navrangpura Ahemdabad. Ps. 04. Add. 9,
Roopam Society Near Vijay Resturent
Navrangpura Ahemdabad. Spl.Ref. Vedānta
Śāstra.
Mehta, Tejani Samir. M.A., Ph.D. b. 28.08.1968,
Ahmedabad. Asst. Prof. Ps. 01. Add. 19/20.
Archit Bunglows. 3 rd Floor. NR. Hira Rupa
Hall. Ambli – Bhopal Road. Ahmedabad –
58. Ph. 6746246. Spl.Ref. Paṇinīya Vyākaraṇa.

