274



Shastri, Sp. Gangodutt Upadhyay, Radha
Prasad Shastri, Pt. Ramapati Mishra, Vamdev
Pandit, Pt. Narsingh Tripathi. Pt. Bks. 05.
Anubhūti-Prakāśavyākhyā,
MahākāvyaRatnāvalī-Vyākhyā. Caitasukhī, PañcadaśīVyākhyā, Vimlā-Tīkā. Expired in 1938.
Shastri, Kelachant Ramankutti. Vidvān.
b.17.01.1927, Pala, Kottayam, Kerala. Gp.
V. K. Narayan, Krishnan Kutti Variyar,
Ayyappan, B.A. Raghavan Nayar. Bks. 02.
Upāsanā, Mañjarī. Add. Chintasseril, Pala,
Kottayam (Kerala). Spl.Ref. Sāhitya, Vedānta.
Shastri, Kesav Dev. Pracina Vyākaraṇa Acharya.
b.11.01.1905, Lauhi, Mathura, U.P. Acharya.
Gp. Ramesacandra, Bhismadatta Vedapathi,
Prabhasabhiksu, Balakarama Agnihotri. Add.
R/B, M.C.D. Flats, Greater Kailash I, New
Delhi. Spl.Ref. Freedom Fighter. Vyākaraṇa,
Atharvaveda & Yajurveda.
Shastri, Keval Krishan. M.A., Ph.D.
b.14.09.1944. Kot (Jammu). Asct.Prof., Shri
Ramveer Kendriya Sanskrit Vidhyapeeth. Bks.
Rāvaṇārjuniyasya
Kāvyalocanātmakamadhyayanam. Ps. 08. Add. Kot, Jammu. Expired.
Shastri, Kirti Kumar Navanit Lal. M.A., B.Ed.
b.07.06.1951, Navasari, Valsad, GJ. Asst.
Teacher, D.M.G. Muni High School, Ps. 03.
Add. Vaidya Street, Main Road, Navasari,
Valsad (GJ). Spl.Ref. Sāhitya.
Shastri, Krishandutt Sharma. Kovid Sāhitya
Ratna, LT, M.A. (Skt. Hindi). b. 15.07.1930.
Gaziabad, U.P. Sub-Inspector Jila Vidyalaya.
Bks. 08. Pratāpapraśastiḥ, Kṛṣāṇasainikau,
Senānī Subhāṣaḥ. Add. 81, Jawaharganj,
Hapur, Gaziabad – 01.
Shastri, Krishna Chandra Gauda. Acharya
in Sāhitya, Shiksashastri, Shiksacharya.
b.12.04.1960, Husenabad, Jaunpur, (U.P.).
Director, Vivekanand Coaching Complex,
Varanasi. Gp. Dr. Kailashpati Tripathi, Dr.
Rajakishor Upadhyay. Ps. 04. Add. C-27/2114/1, Vivekanand Nagar, Varanasi (U.P.).
Spl.Ref. Sāhitya.
Shastri, Krishna Chandra Somnath. Ph.D.

b.28.12.1936. Prof., Bhawans Seth R.J. College
Arts & Commerce College, Banpur,
Ahemdabad. Ps. 05. Add. 12 Prof. Colony,
Navrangpura, Ahemdabad. Spl.Ref. Alaṅkāra
Śāstra.
Shastri, Krishna Chandra. Visharada, Sastri,
Prabhakar. b.25.05.1920, Kathua. Rtd.
Teacher. Gp. Parasurama Sastri; Kakarama
Sastri; Lala Krsna Sastri. Ps. 03. Add.
Sundervan, Rajouri (J&K). Spl.Ref. Darśanaa.
Shastri, Krishna Kishor. Veda Pandita. b.
01.11.1920. Rishikesh, Dehradun, U.K. Rtd.
Teacher. Gp. Suryanarayana Sukla, Bodha
Krissna. Add.Veda Maha Vidyalaya, Veda Marg,
Rishikesh (U.K.). Spl.Ref. Veda. Honoured
and Awarded by Uttar Pradesh Samskrta
Akademi as Veda Pandita.
Shastri, Krishna Prasad. Acharya, M.A. b.
08.06.1950, Palyaporkani, Palya, Nepal.
Teacher. Ps. 03. Add. 39, Chandrashekhar
Marg, Mayakund, Rishikesh (U.P.). Spl.Ref.
Sāhitya.
Shastri, Krishna. b.1870, Tirunelveli. Principal,
Madras Sanskrit College, Madras. Gp.. Shri
Harihar Shastri. Bks. Adhikaraṇacatuṣ-ayī,
Brahma-sūtrānuguṇyasiddhiḥ. Expired in 1937.
Spl.Ref. Mahamahopadhyaya Samman.
Shastri, Krishnamurti S. R. Vedāntaśiromaṇi,
Nyāyaśiromaṇi. b.06.05.1915, Kanchipuram,
TN. Researcher. Gp. K. Krishnashastri Panditraj,
T.V. Ramchandra Dixit. Add. C/o Shankarmuth, 1, Salai Street, Kanchipuram–631502
(TN). Spl.Ref. Vedānta, Nyāya Darśana.
Awards. President Award, 1974.
Shastri, Kshamadatt Vaidy. Shastri, Acharya
in Āyurveda. Age. 96 yrs. in 1990. Add. Shiva
Bhola Mandir, Dhauli Pyau, Najafgarh Road,
New Delhi–110018. Spl.Ref. Āyurveda.
Shastri, Kuldeep Kumar. Acharya, Ph.D. b.
05.05.1969. Nunamag Jujhar, (H.P.) R.A. Ps.
02. Add. Plot. No. A-166., Flat No. 201, Street
No. 24, Chattarpur Encleve, New Delhi–74.
Shastri, Kuppa Anjaney. Vyākaraṇa Bhaskar.
b. 20.05.1901, Chiwaluru, Tenali, Guntur,

