176



136119
Haryana.
Ph.-01466-273533,
M.09466436220. Mail.nandkishore_kkr@
yahoo.com
Nandsharma, Gopinath. Traditional Education
in Skt., Pali & Prakrit. b. 21.08.1869.
Paralakhemundi,
Ganjam,
Orissa.
Paralamahavidyalaya, Paralakhe-mundi,
Ganjam, Orissa. Bks. 10. Śrī Bhāratadarpaṇaḥ.
Rāmāyaṇasamālocanā. Pīyūṣadhārā. Ps. 10.
Expired on 14.01.1924. Spl.Ref. Contributed
to Both Skt. & Odiya Literature.
Nanduri, Venkat Narasimhachary. Acharya
in Vyākaraṇ. b. 19.06.1918, Simhachalam,
AP. Gp. Kati Venkata Ramanujacharya. Add.
Simhachalam, Vishakhapattanam (AP). Spl.Ref.
Vyākaraṇa.
Naraharibhai, Ajay kumara. Acharya,
Siksasastri. b. 12.11.1962. Vasja, Ahmedabad,
GJ. Asst. Teacher. Gp. Ramadasa Kaundinya.
Ps. 02. Add. Sri Varatantu Samskrta
Mahavidyalaya, Bhagvat Vidyapeetham, Sola,
Ahmedabad (GJ). Spl.Ref. Dharmaśāstra.
Narang, Manju. M.A. D.Litt. b. 08.04.1949,
Allahabad. Asct. Prof. & Head. Skt. Department
Deharadun. Bks. 01. Bhāsa Aura Kālīdāsa Ke
Nā-akon kī Kathāon ke Srotaon kā
Vivecanātmaka Adhyayana. Add. B – 3. Street
No. – 3. Shastri Nagar. Haridwar Road.
Dehradun.
Narang, S. K. M.A., Ph.D. Asst. Prof., Skt.
Department.. Add. Miranda House, Delhi
University, Patel Chest Marg, New Delhi –
110007. Spl.Ref. Veda, Silalekha, Dharmaśāstra, Indian Philosophy.
Narang, Satya Pal. M.A. Ph.D. L.L.B. b.
18.01.1942, Nankana Sahib. Prof. at Delhi
Uni. Bks. 19. Saṃskṛta Kośaśāstra ke Vividha
Āyāma. Ps. 125. Add. 31. Vidya Apartments.
Opp. Jwala Puri – 05. Rohtak Road. Delhi –
87. Ph. 5259991. Spl.Ref. Pada index of
Classical Skt. Poems. President Awardee.
Naranga, Bhimasena. M.A., M.Ed., Ph.D. b.
20.11.1942. Teacher, Govt. Higher Secondary
Girls School, Roopnagar, Delhi. Ps. 01. Add.

672, Gopal Nagar, Sonipat – 131001 (HR).
Spl.Ref. Sāhitya.
Narasimha, Sharma, (Sringagiri Kavi).
Vedāntaśiromaṇi, Asthana Vidvan. b.
23.08.1904, Nanjangudu, KT. Rtd. Special
Assistant, Food Department, Govt. of KT. Gp.
Syam Bhatt, Syamabhasuri Swami, Venkatesh
Shastri. Add. 492, 33-A Cross, 4-Block,
Jayanagar, Bangalore – 560011 (KT). Spl.Ref.
Advaita Vedānta & Veda.
Narasimhacarya, N.C.V. Vidvat, M.A., B.O.L..
b. 07.08.1923, Add. 42, R.N. Mada Street,
Tirupati – 1 (AP). Spl.Ref. Nā-ya, Vedānta,
Alaṅkāra. Edited many part of Bhagavatam
as director under Bhagavata project run by
T.T.Devasthanams,Tirupati.
Narasimhacarya, N.V. śiromaṇi. b. 19.03. 1919,
Tirukkandalam, TN. Principal. Bks. 01. Navīna
Nyāya-praṣthāna Vimaṛśaḥ. Add. Brahmavidya
Bathasala, Sri Vyasashram, Yerpedu, Chittoor
– 517621 (AP). Spl.Ref. Navya Nā-ya.
Narasimhachar, Jaggu. Tradition in Veda,
Viśiṣ-ādvaita Vedānta, Dravi©a Veda Vedānta.
b. 30.06.1925. Melkota KT. Varisht Pt. Veda
Vedānta Bodhini Skt. Mahapthshala, Melkota.
Bks. 01. Kaivalyaśatadūṣaṇī. Spl.Ref. Title of
Vedic Bhushan Skt. Pt., At present he is
contributing in the field of Vedas, Dharmaśāstra and Purāṇaas by giving Lectures,
President Awardee.
Narasimhacharya, Mudumby. Nayāya,
Mīmāṃsā, Vyākaraṇa, Vedānta, Alamkara
Śāstra. b.06.04.1939 Arthamur, AP. Member
of Editorial Board of New Catalogous
Catalogorum, Dept.of Skt., Univ.of Madras.
Spl.Ref. Indian Philosophy, Vyākaraṇa,
Kāvyaśāstra, Honoured by the Titles of
Ashukavi, Sahityavisharad, śāstrakaviraj etc.
President Awardee.
Narasimhacharya, P. K. Vedāntaśiromaṇi. b.
15.03.1935, Padur, Madhurantakam, TN.
Teacher. Gp. Padur Gopalacharya, Tirukkalu
Krishnamacharya, P.N. Raghavacharya,
Palavari Varadacharya. Add. 40, Shri Ranga-

