
Kaviraj, Sitaram. Tradition in Āyurveda and
Skt. b. 21.02.1926. Fatehpur, RJ. President
Sri Vidya Sadhna peeth. Bks. 11. Spl.Ref.
Tantrāgama, Āyurveda, Srividyasadhna. His
Diksha name is Dattatreyanandnath, Founder
of Srividyasadhnapeeth, President Awardee.
Kavishvar, Dattatreya Dhundhiraja. Nyāya
Vidvat. b. 1909, Nrisingwadi, Maharashtra.
Teacher. Add. Vasudeva Niwas, Karve Road,
Pune, Maharashtra – 4 Spl.Ref. Nyāya.
Kavita, S. M.A, M.Phil., b. 15.02.1974.
Bangalore, (KT). Ps. 02. Add. Gurukripa,
Sharada Nagar, Shringeri (TA), Chikkamagalur
(D), KT. Pin. 577139.
Kelakar, Chintamani. Acharya in Vyākaraṇa.
M.A., Ph.D.. b. 05.02.1931, Gwalior, M.P.
Gp. Anantarama Shastri Ghanekara, Narasimha
Shastri, Pt. V. Kshirodabandhu Chakravarti,
Dr. Laxmananarayana Shukla. Ps. 02. Add.
26, Raghavendra Nagar, Jhansi Marg, Gwalior
(M.P.). Spl.Ref. Vyākaraṇa.
Kelkar, Prabhakar. Graduate (Ṛgveda). b.
29.11.1937, Kashi, (U.P.). Rgveda Teacher.
Gp. Pt. Dattatreya Dixit. Add. Sanskrit
Mahavidyalaya, Lashkar, Gwalior (M.P.).
Spl.Ref. Ṛgveda.
Kelkar, Purnima. M.A. (Skt., Music), NET, JRF,
Ph.D. b. 11.11.1973. Ps. 10. Spl.Ref. Bhale
Rao Smriti Samman, Maharshi Badrayan
Samman by President of India.
Keshavan, K. P. M.A., B.Ed. b. 03.09.1955,
Pattambi, Palakkad, Kerala. Prof. R.Sk.S. Jaipur
Campus, Gp. Hariharashastri. Bks. 02.
Vyaktivivekavimarśaḥ. Ps. 10. Add. B-89,
Ganesh Marg, Bapu Nagar, Jaipur–15,
Rajasthan. Spl.Ref. Sāhitya.
Ketkar, Venkatesh Ramkrishna. b. 1854. Bks.
05. Jyotirgaṇitam, Ketakī Grahagaṇitam,
Vaijantī Pañcāṇga Gaṇitam, Bhārata
Bhūmaṇdala Sūrya Grahaṇam. Expired in 1930.
Spl.Ref. Siddhānta Jyotiṣa-Śāstra.
Kewal, Krishan. Shiksha Shastri M.A., (Skt.
Hindi) PGDJMC. b. 04.01.1979. Kurukshetra,
TGT Skt. Geeta Niketan Awasiya Vidyalaya

127

Kurukshtera. Add. VPO. Sirsma Bir Mathana,
Kurushetra – 136131. Ph. 01744232021 Email.
vasudhevkutumb@gmail.com Spl.Ref. Mahasachiv, Vasudhev kutumbkam Sanskriti Sewa
Ayam.
Khajuria, Yash Pal. Acharya, Ph.D. b.
10.02.1949, Gurah Slathian, Jammu. Prof.
R.Sk.S. Ranbir Campus, Jammu. Bks. 02. Ps.
10. Add. 2/120, Indira Vihar, Old Janipur,
Jammu, J&K - 180007. Ph. 0191- 538585.
Khakhandikar, Devi Prasad. M.A., Ph.D.,
Sangeet Alaṅkāra, Kāvyatīrtha. b. 01.10.1935.
Maharashtra. Rtd. HOD, Ahmednagar. Bks.
05. Samānamastu Vo Manaḥ, Prabhavati
Dharmo Dharmātītaḥ, Sūktimañjūṣā. Add. 39/
1/1 A, Geetayanam, Narhari Nagar. Ahmednagar – 03. Maharashtra. Spl.Ref. Sanskrit
Pandit Samman. Maharashtra Govt. etc., Skt.
Poet.
Khan, Mohammad Hanif Shastri. Acharya
Purāṇa Itihāsa, Adeeb Kamil (Urdu), M.A.
in Skt., Ph.D.. b. 21.09.1951. Sonebhadra,
(U.P.). Bks. 10. Islāmika Paramparā me
Sanātana dharma Tattva, Mānava Surakṣā
kā Śaṅkhanāda, Veda aura Kurāna ke
Mahāmantra Gāyatrī evam Surah fatiha, Gītā
evam Kurāna me Sāmañjasya, Vedon me
mānava Adhikāra. Ps.03. Add. G-52/19, Ist
Floor, Royal Appartment Sirsayed Royal
Apartment ayed road, Batta House, Jamia
Nagar. N.D. – 110025. Ph. 28525963,
28521994, 9891068307, 9891164701.
mhkshastri@ gmail.com. Spl. Ref. Haj Assistant
for Deputation for Saudi Arabia in 1995 for
3 month, Deputation to the Kabul University
Afganistan as Sanskrit Teaching in 2007 for
6 month, International Conference by Global
Network of Religious Children to Hiroshima
Japan for 01 week in 2008. Received ‘National
Communal harmony award 2009.
Khan, Mohd. Israil. M.A., Ph.D., D.Litt., Dipl.
in German. b. 18.07.1938. Rtd. Prof. Bks.
10. Ps. 50. Spl.Ref. Skt., German, Arabic, Urdu.
He has edited 13 Research Journals, President
Awardee.

