150



Mishra, Govind Prasad. Acharya in Sāhitya.
b. 1964 v.s., Todapali, Sagar, (M.P.). Acharya.
Gp. Pt. Rajakishor Shastri. Add. Lokapriya
Darśana Siddhant Vidyalaya, Gopalganj, Sagar
(M.P.). Spl.Ref. Vedic Acharya & Sāhitya.
Mishra, Govind. Vyākaraṇa tīrtha. b. 15.11.1910,
Panchanpur, Gaya, Bihar. Skt. Teacher. Ps.
01. Add. Maulaganj. Gaya (Bihar). Spl.Ref.
Vyākaraṇa.
Mishra, Harekant. Acharya in Sāhitya. b.
02.01.1939, Darbhanga, Bihar. Editor,
Chowkhamba Amarabharati Prakashan,
Varanasi. Gp. Kirtyanand Jha, Ramchandra
Mishra. Bks. Tarkasaṅgrahaḥ (Comm.),
Candrālokaḥ (Comm.), Śiśupālavadham
(Comm.), Laghusiddhāntakaumudī (Ed.). Add.
Gomath (Imlivala), C.K.-8/21, Barvasi Tola,
Varanasi U.P. Spl.Ref. Sāhitya Śāstra.
Mishra, Hari Prasad. Acharya in Vyākaraṇa.
b. 20.05.1952, Dahriyavan, Sultanpur, U.P.
Asst. Prof. Gp. Ramsanmukh Dwivedi,
Ramlakhan. Ps. 02. Add. Shri Krishnanand
Sanskrit College, Rambari, Rudouli, Barabanki
U.P. Spl.Ref. Vyākaraṇa Śāstra.
Mishra, Harihar. Acharya. b. 05.07.1903, Veer
Harekrishnapur Shasan, Puri, Orissa. Acharya.
Ramaddina Skt. College Berhampur, Orissa.
Bks. 02. Oriyā Translation of Manusmṛtiḥ,
Oriyā Translation of Mantrārthadīpikā. Expired
in 1980. Spl.Ref. Traditional Skt. Teacher with
Veda & Paurahitya.
Mishra, Harinarayan Mathuranath. Sāhitya
Acharya. b. 1913, Atihar, Darbhanga, Bihar.
Principal. Shri Kashi Vishvanath Sanskrit
College, Ahemdabad. Gp. Nandlal Jha,
Radhakant Jha, Vamacharan Bhattacharya.
Ps. 02. Add. 16, Parvati Bai Chal, Near Shmasan
Tekari, Highway, Jogeshwari (E), Bombay
MH. Spl.Ref. Vyākaraṇa, Nyāya, Vedānta &
Sāhitya Śāstra.
Mishra, Harphul. Acharya in Navya &
Vyākaraṇa. b.01.01.1956, Sikandarpur, Basti,
U.P. Prof. Ps. 02. Add. Shri Hanumat Sanskrit
College, Hanumangharhi, Ayudhya, Faizabad
U.P. Spl.Ref. Navya Vyākaraṇa Śāstra.

Mishra, Harsh Nath. Acharya, M.A., Ph.D.
b.15.09.1925, Gajjahara, Madhubani, Bihar.
Prof. Sri Lal Bahadur Skt. Vidyapeetha New
Delhi. Bks. Cāndravyākaraṇa Vṛtteḥ Samālocanātmakamadhyayanam, Paribhā-ṣenduśekharasya Saṃskṛtavyākhyā. Hindī-bhāṣyasahitasya Sabhūmikam Sampādanam. Add.
C-12/379, Yamuna Vihar, Delhi. Spl.Ref.
Vyākaraṇa & Sāhitya Śāstra, President
Awardee, Delhi Skt. Academy etc. Expired
in 2003.
Mishra, Hiralal. b. 02.04.1924. Siwan Bihar.
Rtd. Asst. Prof. SVDV Jyotiṣa Deptt. BHU.
Gp. Dr. Ramvyas Pandey. Sp. Dr. Vinay Kumar
Pandey, Dr. Shatrugan Tripathi, Dr. Subhash
Pandey, Prof. Chandrama Pandey, Prof.
Umashankar Shukla, Dr. Parshvnath Ojha.
Bks. 05. Samvatsarāvalī Paddhati, Camatkāra
Cintāmaṇi. Add. B-31/41 A9K Sankatmochan
Bhogveer Varanasi — 221005 M 09838743377.
Spl. Ref. Jyotiṣa Martand, Mahamahopadhyayay.
Mishra,
Jagadish
Prasad.
Acharya,
Shiksacharya. b. 01.07.1961, Shahjahanpur,
U.P.. Gp. Chandrahas Sharma, Shridhar
Vashistha. Ps. 05. Add. Shri Lal Bahadur Shastri
Rashtriya Sanskrit Vidyapeeth, Katwaria sarai,
New Delhi – 110016. Spl.Ref. Sāhitya.
Mishra, Jagadish Prasad. M.A., M.Phil., Acharya
in Darśana, Ph.D. b. 01.08.1953. Sitapur, U.P.
Asct. Prof., Motilal Neharu College, N. Delhi.
Bks. 01. Āśādhara Bhatta. Ps. 01. Add. 22
B/2, West Chandra Nagar, Delhi – 110051.
Ph. 2210516. Spl.Ref. Darśana.
Mishra, Jagadish Prasad. Acharya in Vyākaraṇa,
M.A., Ph.D., Sangeet Visharad. b. 01.12.1924,
Hinauta, M.P. Gp. Sipahilal Mishra, Ramadhar
Shukla. Bks. 02. Maheśacandra Tarka
Cū©amaṇī Vaiśiṣ-yam, Sa‚skṛta Saurabham.
Add. Tekaha, Birra Road, M.P. Spl.Ref.
Vyākaraṇa, Music & Āyurveda.
Mishra, Jagannath Prasad. Acharya in Sāhitya,
Vedānta. b. 06.05.1954, Etaura, Banda, U.P.
Asst. Teacher. Gp. Pt. Sobhita Mishra, Pt.
Krishnshankar Mehata. Add. Shri Samarth

