
Dwivedi, Ramayan Prasad. Acharya in Sāhitya,
Sāhityaratna, M.A., Ph.D., Vidhyavachaspati.
b. 08.07.1939, Dubouli, Deoria, U.P. Asct.
Prof., Deptt. Of Sanskrit, Banaras Hindu
University. Gp Baladev Upaddhayay, Badrinath
Shukla, Ramkuber Malviya, Vishvanath Prasad
Mishra, Hajariprasad Dwivedi., Suryakant.
Add. B-32/29, Saket Colony, Naria, Varanasi
U.P. Spl.Ref. Sāhitya Śāstra, Darśana Śāstra.
Dwivedi, Ramdhar. Acharya in Sāhitya, Ph.D..
b. 15.03.1960, Mirzapur, (U.P.). Asst. Prof.
Add. Shri Mahavir Vishvavidyapith, A-5,
Pashchim Vihar, Delhi – 110063. Spl.Ref.
Sāhitya.
Dwivedi, Ramesh Kumar. Acharya, M.A., Ph.D..
b. 23.07.1960, Deoria, (U.P.). Gp Jagannath
Upadhyaya, Ramshankar Tripathi. Add.
Sampurnanand Sanskrit University, Varanasi
(U.P.). Spl.Ref. Sāhitya, Darśana.
Dwivedi, Ramesh Kumar. M.A., Ph.D. b.
23.07.1960, Devariya (U.P.). Prof. & Dean,
Sampoornanand Sanskrit Sansthan, Varanasi
(U.P.). – 221002. Bks. 11. Bauddhadharmadarśana evam Dharmanirapekṣatā,
Bauddhadarśana aura Mārksavāda, Bhāratīya
Saṃskrita Pravrajita Nārīṇāmavadānam,
Bauddhadarśana Tattva Vimarśaḥ, JyotiSmārikā. Ps. 24. Add. S – 17/95, A 12-2,
Nadesar, Varanasi (U.P.) 221002.
Dwivedi, Ramkripal. Sāhitya, Kāvyatīrtha. b.
15.08.1934, Shiv, Banda, (U.P.). Teacher.
Bks. 03. Naladamayantī-nā-akam, Mayūradūtam, Śivāsammohan. Add. Inter College,
Khandihakala, Banda (U.P.). Spl.Ref. Sāhitya.
Dwivedi, Ramnarayan, Shastri. Sahityashastri,
Kāvyatīrtha, Ph.D. b. 24.02.1938, Madanpur,
Bilaspur C.G. Gp. Deviprasad Tripathi,
Mahadev Shastri. Add. Vidhya. U.P. Nagar,
Bilaspur C.G. Spl.Ref. Disc.Sāhitya Śāstra.
Dwivedi, Ramraj. M.A., Acharya, Ph.D. b.
01.08.1956, Godhani, Banda, U.P. Research
Scholar. Gp Dr. Revaprasad Dwivedi. Add.
33, Research Scholars Hostel, Sampurnanand
Sanskrit University, Varanasi. U.P. Spl.Ref.
Mīmāṃsā.

73

Dwivedi, Rewa Prasad. Acharya, M.A., Ph.D.
D.Litt. b. 22.08.1935. M.P. Prof. & H.O.D.
Prachya Vidya B.H.U., Varanasi. Bks. 35.
Sītācaritam, Yūthikā, Ānandavardhanaḥ,
Himādre Raghuvaṃśa Darpaṇaḥ, Kālidāsagranthāvaliḥ, Uttarasītācaritam, Svātantraya
Sambhavam, Nā-yānuśāsanam, Śatapatram,
Pramatha. Ps.108. Add.28, Mahamanapuri,
Varanasi-05. Spl.Ref. Recipient of Certificate
of Honour by President, Govt. of India & Srivani
Alankarana (99), Sāhitya Śāstra.
Dwivedi, Sadashiv Kumar. M.A., Ph.D. b.
02.05.1964, Raipur. Asct. Prof. Deptt. of Skt.
Faculty of Arts, BHU, Varanasi. Gp. Acharya
Rewa Prasad Dwivedi, Acharya Vishwanath
Bhattacharya. Sp. Students appointed at
various college and Univ. Bks. 11 Śṛṅgārprakāśa, A Texual Study of Kumārasambhava,
Kālidāsa Granthāvalī, Kālidāsa : Apanī Bāta,
Svatantra Sambhava Mahākāvyam. Ps. 47.
Add. 28, Mahamanapuri, BHU, Varanasi 221005, U.P. Ph. 0542-2570682. M.
09454860068. sadashivdwi@ yahoo.co.in Spl.
Ref. Sāhitya Kalidas Vikram Puraskar 2007.
Dwivedi, Sanjay. M.A., Sangeet Prabhakar. b.
15.08.1986. Hatta, Damoh, M.P. Project Coordinator, Rashtriya Skt. Sansthan, Bhopal
Campus, M.P. Gp. Prof. R.V. Tripathi, Prof.
Achutanand Dash, Pt. Lakshmi Prasad Dwivedi,
Dr. Ramakant Pandey, Dr. Mahesh Dwivedi.
Ps. 05. Add. Ganga Jhiriya, Chandi Ji ward,
Hatta, Damoh, M.P. gandharva85 @gmail.com
Spl.Ref. Scholar of Musicology, Nā-yaśāstra
& SāhityaŚāstra, Classical singer & music
director of many Sanskrit Plays, Composer
of ‘Kulgeet’ of Rashtriya Skt. Sansthan & many
Skt. Verses like ‘Geetgovindam, Writer of Hindi
literature.
Dwivedi, Sarayu Prasad. b. 1835. Ayodhyasanah
(Gram). Bks. 13. Saṅgrahaśiromaṇi, Sadācāra,
Āgamarahasya, Varṇabīja prakāśa, Saptaśatī
Sarvasva.
Dwivedi, Shankar Dayal. M.A., D.Phil. b.
01.09.1957. Vill. Mudauhan, P.O. Bhaunri,
Dist. Chitrakoot, (U.P.). Professor, Allahabad

