134


Kuppuswami, Lalita. M.A., Ph.D. b. 15.07.1946,
Thiruchirapalli, T.N. Asst. Prof. Gp Dr. Sita
Nambiyar. Add. II/3/5, Janakpuri, New Delhi58. Spl.Ref. Sāhitya.
Kurup, Govind C. Diploma in āyurveda. b.
15.06.1931, Kuttamath, Kasaragode, Kerala.
Vaidya (Ayurved Physician). Gp. K.K. Narayana
Kurup, P. Govindan, Y.M.C. Sankara Kurup.
Bks. Several books & Articles. Add. Shri
Kuttamath Kunniyur, Kuttamath, Cheruvayur,
Kasaragode, Kerala. Spl. Ref. āyurveda.
Kurup, Narayana S. M.A., B.Ed. b. 21.03.1920,
Shertala, Alappuzha, Kerala. Asst. Prof.,
Sanskrit Mahavidyalaya, Kottayam. Gp. N.V.
Krishnavariyar, N. Shankar Sharma. Add.
Chandrikalayam, Mulavattam, Kottayam,
Kerala. Spl.Ref. Sāhitya, Vyākaraṇa,
Vedānta.

Kusum Lata. Shastri Prabhakar Sāhitya
Acharaya. B. 10-06-1967, Karnal. Lecturer
Swami Shankarchetan Bharati Skt Mahavidyalaya, Kurukchtera. Gp. Anju Bhatiya.
Add. 141/9 Chakravorty Mohalla, Tilak Galli,
Thaneshar, Kurukshetra – 136118, ph.
01744237099 M. 8950627076.
Kutumbasastri, V. M.A., Vidyavaridhi, Dipl.
in Yoga. b. 12.08.1950. Krishana, A.P. ExV.C. R.Sk.S., New Delhi & S.S.V.V., Varanasi.
Principal R.Sk.S. Sringeri Campus, Sringeri.
Bks. 30. Upaniṣadaḥ Ekaḥ Paricayaḥ,
Kunticaritam, Sāhityaratnākara (Ed.). Ps.100
(More than). Add. R.Sk.S., Sringeri Campus,
Sringeri. Spl.Ref. Advaita Vedānta, Indian
Philosophy, Kāvya Śāstra, Literature,
Linguistics, Poet. Visited European Contries
& Japan etc. President of I.A.S.S.

L
Laila, H. S. M.A. b.30.11.1955, Natakkal, Kollam,
Kerala. Ps. 03. Add. Mohan Vilas, Adutala,
Chattanur Kerala. Spl.Ref. Vyākaraṇa Śāstra.
Lakhanpal, Poonam. M.A., M.Phil., Ph.D. b.
18.10.1965, Meerut. Bks. 01. Ps. 04. Add.
138/7, Scheme No. – 7. Shastri Nagar, Meerut
(U.P.) – 250005. Ph. (0121) 767057.
Lakshman Singh, Pragyachakshu. M.A. b. 1918
yrs., Faridabad, Haryana. Bks. Prabhātaśatakam, Kālarātrī, Vijñānagītam, Śabdavivartaḥ, Ku-umbinī, Kālacakram, Śrīrāmarahasyam. Add. 54/1, Shihi gate, Ballabhgarh
121004. Spl.Ref. Award Haryana Sāhitya.
Academy Award.
Lakshminarayan, M. V. Niyogaśiromaṇi,
Shikshasastri. b. 24.04.1928, Mudur,
Vandavasi, T.N. Ps. 03. Add. Vandavasi, North
Arcot, T.N. Spl.Ref. Education.
Lakshmithathachar, M. A. M.A., Navyanyāya
Vidvān, Rashtriya Bhasha Praveen, Cert. in
German, Karnataka Instrumental Music. b.
26.08.1936. Mysore. Chief Executive Academy
Centre for Technology Research in Skt. Sachiv
Skt. Sanshodhan Sansad. Spl.Ref. He has led

many teams of scholars resulting publication
of more than 50 invaluable books. Under his
guidance, the Academy has prepared 20
software on different branches of Sanskrit
language, Honoured with the titles of Citizen
of the Age of Enlightenment and Ramanuja
Paduka Sevaka, President Awardee.
Lalye, Pramod Ganesh. M.A. b. 27.06.1928.
Pune, Maharashtra. Rtd. HOD & Prof. Usmania
Univ. Hyderabad. Ps. 70. Spl.Ref. Manuscriptology Title of Skt. Pt. by Maharashtra Govt.,
Manuscript Editing and Publication, President
Awardee.
Lamba, Jagadish Chandra. M.A., M.Phil Ph.D.,
b. 12.01.1945. Asst. Prof., Delhi University.
Ps. 08. Add. Vill. & P.O. Kutabgarh, New Delhi–
110039.
Latika, R. Acharya in Sāhitya, B.Ed.
b.17.10.1959, Kottarakara, Kerala. Research
Asst. Gp. M.Harihara Shastri, Dr. R.
Karunakaran, Shridhar Vashishtha. Ps. 03.
Add. Sanskrit Research Akademi, Melkote.
571431. Spl.Ref. Sāhitya Śāstra.
Laxman, S. Śiromaṇi, M.A., P.O.L. b. 15.10.1949,

