Adihkari, Tarak Nath. M.A., Ph.D. b.
08.10.1959, Vill+P.O. Kirnahar, Birbhum, W.B.
Prof., Rabindra Bharti University, Calcutta
700050. Bks 09. Adds. Subal Appt. III, 7 Nilgunj
Road, Calcutta 700056. adhikaritaraknath@
yahoo.com
Agarwal, Murarilal. M.A., Ph.D. b. 05.01.1949.
Asct. Prof. Bks. 01. Śailīvijñāna ke Tattva.
Ps. 24.
Aggarwal, Laxmi Singh. M.A., b. 12.05.1939.
Faridabad, Haryana. Bks. 10. Kālidāsa ke
Upajīvyo kī Khoja, Kālarātri, Rāṣ--radarpaṇaḥ,
Abhinavavīṇā, Śrīrāmarasāyanam, Kālacakram.
Add. 54/1 Singhi Dwar, Vallabhgarh, Faridabad
– 04. Spl. Ref. Honour from Haryana Skt.
Academy and Delhi Skt. Academy 1994.
Aggarwal, Vibha. M.A., Ph.D. b. 04.12.1962,
Rampur, U.P. Asstt. Professor. Ps 03. Add.
Deptt. of Sanskrit Pali & Prakrit, Kurukshetra
University 136119, Ph. 01744-238207, M.
9416373478 aggarwal_vibha @ rediffmail.com
Agnihotram, Chittannasundara Tatacharya.
Age. 67 yrs in 1988. Kodavasal, Kumbhakonam,
Tamil Nadu. Lecturer. Add. 40. Ayyangar
Street, Kumbhakonam (T.N.). Spl.Ref. Veda
(Kṛṣṇayajurveda).
Agnihotri, Baijanath Tapasi. Acharya in
Vyākaraṇa. b. 21.08.1917, Tairi, Banda. U.P.
Acting Principal. GP. Ramasharana Tripathi.
Add. Sri Ramanam Skt. Mahavidyalaya,
Akshayavat, Chitrakut, Satna Dist. (M.P.)
Spl.Ref. Vyākaraṇa.
Agnihotri, Bhagwan Lal. Acharya in Atharvaveda, Ṛgveda, Sāhitya. M.A., Ph.D. b. 1873.
Vill. Chiawa. Dist. Jhunjhunu. Lect. S.S.V.V.
Kashi. GP. Pt. Laxmishankar Dwivedi. SP..
Shri Gangadhar Tangiral. Nathulal Pancholi.
Bhagwanilal Pancholi. Narmadashankar
Pancholi. Narayan Dhule. Parashuram
Ramdohkar. Jagannath Dhule. Ramachandra
Aathvale. Dr. Manohar Lal Dwivedi. Bks. 01.
Kātyāyana Yajña-paddhati-Vimarśa. Expired.
1959. Spl.Ref. Established Shri Vallabhram
Shaligram Sangved School in 1919.

Agnihotri, Durga Shankar. Acharya in
Vyākaraṇa, B.Ed., Vidyavaridhi. b. 09.09.1969,
Gautampura Indore, M.P. Lecturer Govt. Skt.
Mahavidyalaya, Ujjain. Add 36, Sandeepani
Parisar, Indira Nagar Near MPEB Ujjain 456001 Ph. 07342580872, M. 09827838067
Spl.Ref. Vyākaraṇa.
Agnihotri, Lakshminarayana Pandita.
āyurveda Vidvān, āyurveda Pracharya, & M.D.
b. 01.01.1908. Tipturu, Karnataka. GP.
Ramanuja Ayyangara, Tayavatta Mustu;
Laksminarayana Sastri. Rtd. Pradhyapaka
(Professor). Ayurveda Mahapathasala &
Hospital, Mysore, Karnataka. Add. Kalpataru,
Ittige Gude, Mysore (Karnataka). Spl.Ref.
Āyurveda & Veda.
Agnihotri, Manoramadevi. Acharya in Sāhitya,
M.A.. b. 06.05.1924, Barelli, (U.P.). Asst. Prof..
Gp Dr. Ram Saxena, Devidayal Tripathi. Add.
Vidyant Marg, Lal Kuan, Lucknow (U.P.).
Spl.Ref. Sāhitya.
Agnihotri,
Nellikatmana
Nilakanthan
Namputiri, N. Acharya in Veda. b. Dec. 1905,
Panchal Nagar, Kerala. GP. Mahadeva Shastri.
Add. Panchal Nagar, Via Cheruthuruthi, Dist
Trissur (Kerala). Spl.Ref. Skt. Vidvān &
Sāmaveda.
Agnihotri, Prabhu Dayal. Hindiprabhakar,
Sahityaratna, M.A., Ph.D., Vyakaranacharya,
Kavyatirtha. b. 20.07.1914, Shahjahapur,
(U.P.) Rtd. Vice-Chancellor, Jabalpur
University. GP. Pt. Laxminarayan Sharma,
Pt. Paramanad Mishra, Pt. Shivratna Dwivedi.
Bks. 60. Abhinavamanovijñānam, Aruṇimā,
Agnigarbha, Naye Sapne, Mahākavi Kālidāsa,
Bhāṣā Sāhitya Aura Kalā. Add. E-2/73, Mahavir
Nagar, Bhopal-16. Spl.Ref. U.P. Skt. Academy
Award.
Agnihotri, Prabhu Dutt. Śukla Yajurveda,
Śatapathabrāhmaṇa, Vyākaraṇa, Sāṅkhyayoga,
Karmakāṇda. b. 1864. Vill. Khedi. Dist. Sirsa
(Haryana). Lect. & Teach. Ranveer Skt.
Pathshala. Varanasi Under B.H.U.. GP. Pt.
Chintamani Gurjar. Pt. Moolchand Gurjar.

