
(W.B.). Lect. & HOD. Shekhawati Skt. College,
Fatehpur (RJ.). Gp. Shivkumar Shastri. Bks.
02. Kālasiddhānta Darśinī. Exp. 27.06.1934.
Spl. Ref. M.M. Awarded by Bharat Samrat
in 1942.
Bhattacharya, Kali Shankar. Bks. 02.
Krodapatra. Spl. Ref. He was wrote many
Krodapatras and He was Famous to the
Krodapatrakar.
Bhattacharya, Kalidasa. Tīrtha (Kāvya,
Vyākaraṇa, Smṛti). b. 1935, Midnapur, W.B.
Asst. Prof. Akna Tol, Akna, Via Pinla, Midnapur,
(W.B.). Spl. Ref. Vyākaraṇa, Sāhitya, Smṛti.
Bhattacharya, Kamakhya Charan. Acharya.
b. 16 Magha, 1316 (Bengali Era), Assam. Gp.
Kalikrishna Tarkatīrtha, Harendrachandra
Smṛti - Vyākaraṇatīrtha. Add. P.O. Kaila
Shahar, Baulapasa. North Tripura (Tripura).
Spl. Ref. Sāhitya.
Bhattacharya, Kesava H.S. Pañcarātrāgama
(Traditional Degree). b. 10.12.1946,
Honnawar, KT. Add. Archakar. Palayam,
Coimbatore – 37 (T.N). Spl. Ref. Āgama.
Bhattacharya, Kishordachandra. Kāvyatīrtha,
Smṛtitīrtha, Vyākaraṇa Tīrtha. b. 15.10.1915,
Bhatpara, 24 Paraganas, W.B. Gp. Haripad
Smrtitirth, Sashibhushan Smrtitirth. Add. 62/
1, Kedar Marg, Belgharia, 24 Paraganas (W.B.).
Bhattacharya, Krishnakali. M.A., Ph.D.
b.25.07.1959, Kolkata. Asct. Prof. Ravindra
Bharti Univ. Bks 01. Add. Rabindra Bharti
Univ. Kolkatta 700056 W.B. Ph. 2564-2484,
M. 09681131029. Spl. Ref. French Language.
Bhattacharya, Manudev. Vyākaraṇa-Acharya.
b.28.06.1946. Asst.Prof., Sampoornanand Skt.
Univ. Varanasi. Gp. Gopitnath, Rajeshwar
Shastri. Bks. 04. Viśuddha-Vaibhava
Mahākāvyam,
Rāmkṛṣṇa-Caritāmṛitam,
Pan©hitrāja Vaibhavam. Ps. 25. Add.B-14/
73 A-1, Mansarowar, Varanasi U.P. Spl. Ref.
Vyākaraṇa Bhūṣana.
Bhattacharya, Mohan. Tīrtha in Tarka, Vedānta
& Vyākaraṇa. b. 05.02.1912, W.B. Asst. Prof.
Gp. M.M. Shrikrishna Vamacharan, M.M.

29

Chandidas. Bks. Kāryakāraṇarahasyam,
Advaitamatasamīkṣā. Add. Sanskrit College,
Bankim Chatterji Street. Calcutta – 700073.
Spl.Ref. Tarka, Vedānta, Vyākaraṇa.
Bhattacharya, Nalinikant. Tīrtha in Vyākaraṇa
& Smṛti, Āyurvedaśāstrī, Ph.D.. b. 18.05.1923,
Shibpur, (W.B.) Principal. Gp. L. Nagendranath
Tarkatirtha, Satish Chandra Tarkatirtha. Add.
Vishvanath Chatuspathi No. 2, Govt. Colony,
Giribala Bhawan, Malda (WB). Spl. Ref.
Vyākaraṇa & Āyurveda.
Bhattacharya, Narayandash. Tīrtha in
Vyākaraṇa & Purāṇa. b. 30.09.1908,
Junaigacha, Patna, Bihar. Asst. Prof. Gp.
Taranath Saptatirtha, Narendrakrishna Shastri.
Add. 10, Karigate Road, Atpur, 24 Paragana
(WB). Spl. Ref. Vyākaraṇa, Purāṇa.
Bhattacharya, Narendrachandra. Vyākaraṇa
Tīrtha. b. 04.03.1913, Amatola, WB. Gp.
Narendra-kishore Siddhanant Mishra. Add.
Vill. Purnanand Palli, Post. Naihati (W.B.).
Spl. Ref. Vyākaraṇa.
Bhattacharya, Navakumar. Vyākaraṇatīrtha,
Acharya in Sāhitya. b. 21.10.1960. Principal.
Gp. Santosh Kumar. Add. 90/2, Beniatola,
Calcutta. (West Bengal). Spl. Ref. Vyākaraṇa,
Sāhitya.
Bhattacharya, Niranjana. Tīrtha in Vyākaraṇa
& Āyurveda. b. 25.09.1925, Chakamurati, WB.
Principal. Gp. Nilakanthapati, Sarojasena,
Bhaskarachandra Dash. Add. Sitasundari
Chatuspathi, Mohanpur, Midnapur (W.B). Spl.
Ref. Vyākaraṇa.
Bhattacharya, Nripendranatha. M.A.. b.
01.06.1927, Manukachi, Nalvani, Assam. Gp.
Rajeswar Tarakavagisa. Add. Vill. Ratanpur,
Post Tejpur, Dist. Sonitpur (Assam). Spl. Ref.
Sāhitya.
Bhattacharya, Padnanatha. Acharya. b.
01.04.1914, Agartalla, Tripura. Gp. Kisna De
Vidyanidhi. Add. 23 Krishna Nagar, V. Rai
Lane, Agartalla – 799001, (Tripura). Spl. Ref.
Sāhitya.
Bhattacharya, Pankaj Ranjan. Acharya, Kāvya

