
Pramaṇa Darśana, Mīmāṃsāpadārthavijñānam. Ps. 50. Add.C-37, Gour Nagar,
University Campus, Sagar– 470003. (M.P.).
Spl.Ref. Indian Philosophy.
Sharma, Aruna. M.A., M.Phil., Ph.D.
b.05.01.1959. Saharanpur (U.P.). Asct. Prof.,
Kurukshetra Univ., HR. Bks. 03. Śiṃhabhūpālakrit Rasārṇavasudhākara kā Samīkṣātmaka
Adhyayan, Śāradāmaṇīlīlā-caritam, Unmattarāghavam. Ps. 11. Add. Dept. of Sanskrit,
Pali & Prakrit, Kurukshetra University (HR)
Sharma, Bajrang Lal. Acharya, M.A., B.Ed.,
Ph.D. b. 01.09.1962, Jaipur (Rajasthan). Asst.
Prof., Govt. Maharaja Acharya Sanskrit College,
Jaipur (Raj.). Gp. Dr. Kanhaiyalal Sharma,
Prof. Radheshyam Kalavariya, Pt. Chandiprasadacharya, Prof. Acharya Vishvanatha
Mishra. Bks. 02. Siddhānta Kaumudī, Kāraka
Prakaraṇam. Ps. 05. Add. Post No. 389, Rajani
Vihar, Post Heerapura, Ajmer Road, Jaipur,
Rajasthan – 302024. Ph. (0141) 2358689,
2706608, 09414323668. Spl. Ref. Maharshi
Khadganath Award in Udaipur, (Raj.).
Sharma, Bal krishna. M.A., Ph.D. b. 24.02.1956,
Prof. & Director, Sindhiya Oriental Research
Institute, Vikram Univ. Ujjain, M.P. Gp. Pt.
Bacchoolal Awasthi, Prof. Shriniwas Rath.
Sp. Dr. Pawan Vyas, Dr. Swaminath Pandey.
Bks. 03. Kāvya Prakaśa kā Darśanika Dharātala,
Śivamahimnaḥ Stotaram Harsiddhi Tīkā (ed.).
Paṇiniya śikṣā trinayanabhaṣyasya Cintāmaṇi
Hindī Bhaṣāntaram. Ps. 20. Add. F-2/36,
Vikram Univ. Campus, Ujjain, M.P. Spl.Ref.
Bhoj Puruskar, Secretary, Kalidas Samiti.
Sharma, Bal Krishna. M.A., Ph.D. b.01.04.1962.
U.P. Asst. Prof. Bks. 01. BhāratābhijñānaŚatakam. Ps. 10. Add. Govt. Sanskrit College,
Lashkar, Gwalior (M.P.).
Sharma, Bamshi Dhar. Acharya, M.A., M.Phil.
b. 13.10.1955, Kespur, Raipur, C.G. Principal.
Gp. Vishwanath Pandey, Ramvadan Shukla,
Ramkishor Shukla, Madhukar Pathak. Ps. 03.
Add. Shri Ramchandra Sanskrit Pathshala,
Nayapara, Raipur C.G. Spl.Ref. Sāhitya.

247

Sharma, Batuk Nath. M.A. b.1895. Kashi. Asst.
Prof., Sanskrit College & Arts College, Kashi.
Gp. M.M. Pt. Ramavtar Sharma. Bks. 05. Pālī
Jatakāvalī, Bhāmaha Kāvyālankāra (Ed.),
Vararucikṛt Prākṛta-Prakāśa, Rasika Govinda
aur unkī kavitā, Bharata-nātyaśāstra. Expired
in 1944. Spl.Ref. Poet of Brij & Urdu Bhasha.
Sharma, Brahmadev Narayan. Acharya in
Sāhitya. b 08.11.1944, Darua, Bihar. Prof.,
Diptt. of Pali Avam Thervad, S.S.V.V., Varanasi.
Bks. 05. Vibhajyavāda, Saddhammopāyanam,
Sīmā Vivāda, Sārṇyadīpanī Tīkā, Vibhaṅgamūla
Tīkā. Ps. 30. Add. Awarded by U.P. Skt.
Sansthan.
Sharma, Brahmanand. M.A., Ph.D. b.1923.
Ganganagar (RJ). Asst. Prof., Maharani
Shrijaya College, Bharatpur, Director, RJ
Prachya Vidya Pratishthan, Jaipur. Bks. 07.
Vāstavālaṅkāra Drśanam, Abhinavarasamīmāṃsā,
Satyānubhūtirātmā-Kāvyasya
Tattvaṣa-akam,
Gaṅgodayaḥ.
Spl.Ref.
Vishishtavidwat Samman by Rajsthan Sanskrit
Academy. Poet of Sanskrit, Hindi and English.
Sharma, Brij Mohan. M.A.. b. 20.06.1956,
Panchkula (Hry.), Manuscript Copyist, Institute
of Sanskrit & Indological Studies (K.U.K.).
Gp. Dr. Amar Singh. Add. D – 128, University
Campus, (K.U.K.) – 136119. Ph. (01744)
239994.
Sharma, Brija Lal. Visarada, Karmakrishna
Jyotiṣa. b. 02.04.1928, Punch, J&K. Gp. Pt.
Ramakrishna Shastri, Pt. Rupalala Shastri.
Ps. 03. Add. Ward No. 7, Punch (J&K). Spl.Ref.
Jyotiṣa.
Sharma, Captain Rambhagat. Shastri. b.
15.06.1932. Mahendra Garh, Haryana. Rtd.
Captain, Indian Army. Bks. 05. Bābārāmadāsacaritam, Vāgdevī-mahimā, Mahābhāratabhāratī. Add. Khudana, Mahendragarh,
Haryana. Spl.Ref. Honour from Akhil Haryana
Skt. Sabha, Haryana Skt. Academy. Haryana
Sāhitya Academy etc.
Sharma, Chandrashekhar Mulampalli.
Sāhityavidyapraveen, M.A. (Skt., Telugu),

