196



2392490, M. 09532100121. Spl.Ref. Sāhitya,
Poet.
Pandey, Ram Narayan, Acharya in Sāhitya,
ShikshaShastri. b.27.10.1942, Teacher, Ps.
01. Add. Govt. Senior Sanskrit School,
Mandawali, Delhi-110092.
Pandey, Ram Nath. M.A., Ph.D. b. 01.01.1960.
Nalanda (Bihar). R. Asct. Bks. 04. Kālidāsa
ke Rūpakon kī Bhāṣā Saṃracanā, Prācīna
Bhārtīya Sāhitye Svarga Narakavarṇanam,
Hemacandra ke Apabraṃśa sūtron kī Pṛṣ-ha
Bhūmi, Vipassana Vimarśa. Ps. 01. Add. D –
Pocket – 214, Dilshad Garden, Delhi – 95.
Ph. (011) 2295900, Mob. 9868110178.
Pandey, Ram Niranjan, Acharya in Darśana,
M.A., Ph.D. b.1908, Ps. 02. Add. Anantavijay,
Nallakunta, Hyderabad (A.P.). Spl.Ref. Darśana
Śāstra.
Pandey, Ram Pujan. Acharya in Navyanyāya,
Ph.D. b. 01.01.1964. Prof., Dept. of Nyāya.
S.S.V., Varanasi. Gp. Badrinath Shukla, Shri
Ram Pandey. Sp. Dr. VishnuPad Mahapatra,
Dr. Bamdev Senapati. Bks. Annambha--akṛtaTarkasaṅgrahaḥ Ta--īkānāñca Samīkṣātmakamadhyayanam, Anumitiparāmarśayoḥ
Kāryakāraṇabhāvavicāraḥ. Ps. 11. Add. 05,
Naveen Acharya Niwas, Sampoornanand Skt.
Univ. Parisar, Varanasi U.P. Spl.Ref. Skt. Pandit
Samman.
Pandey, Ram Shankar. Acharya in
NavyaVyākaraṇa. b. 01.07.1926, Ballia (U.P.).
Rtd. Asst. Prof. Ps. 05. Add. Basirkapur, Ballia
(U.P.). Spl.Ref. Vyākaraṇa.
Pandey, Ram Sharan. Acharya, M.A. b.
01.03.1953. Gonda, U.P., HOD. Shri Rupakala
Sanskrit Vidyapeeth. Ps. 04. Add. Shri Divyakala
Kunj, Ayodhya, Faizabad U.P. Spl.Ref.
Vyākaraṇa Śāstra.
Pandey, Ram Surat. Acharya in Darśana. b.
01.12.1915, Balia, U.P. Rtd. Principal, Jubilee
Sanskrit College, Balia. Ps. 05. Add.
Rajputanewari, Ballia U.P. Spl.Ref. Darśana
Śāstra.
Pandey, Ram Suresh. Acharya in Vyākaraṇa,

M.A., Ph.D. b. 05.04.1938, Prof., Gorakhpur
Univ. Ps. 05. Add. 3, Vani Vihar, Uttam Nagar,
New Delhi.- 110059. Spl.Ref. Vyākaraṇa Śāstra.
Pandey, Ram Vriksha. Acharya (Vyākaraṇa,
Sāhitya, AdvaitaVedānta & Pālī), M.A., Ph.D.
b. 01.01.1934, Nalanda, Bihar. Asct. Prof.
Gp. Brahma Dutt Dwivedi, Shitamshushekhara
Bhagchi. Ps. 06. Add. Shri Lalbahadur Shastri
Kendriya Sanskrit Vidyapeeth, Katwaria Sarai,
New Delhi. Spl.Ref. Vyākaraṇa & Sāhitya Śāstra,
Advaita Vedānta.
Pandey, Ram Vyas. Acharya in Jyotiṣa. b. 1895.
Baliya (U.P.). HOD. Sanskrit College, Kashi.
Gp. Pt. Ramjatna Ojha, M.M. Pt. Sudhakar
Dwivedi. Sp. Dr. Hajariprasad Dwivedi, Pt.
Avadhvihari Tripathi, Pt. Sharada Prasad
Mishra, Pt. Kaladharprasad Tripathi, Pt.
Jeevnath Ojha, Satnarayan Tripathi,
Ghanshyam Mishra, Bhavbhuti Mishra,
Chabinath Tripathi. Expired on 08.06.1976.
Spl.Ref. Published Saurpanchang from
Gyanmandal Institute, Kashi.
Pandey, Rama Kripalu. Acharya. b. 05.01.1929,
Veshdar, Banda, (U.P.). Asst. Prof. Ps. 02.
Add. Shri Vamdev Sanskrit Mahavidyalaya,
Banda (U.P.). Spl.Ref. Sāhitya.
Pandey, Ramagya. Acharya (Vyākaraṇa). Asst.
Prof., Patna College, Patna. Gp. Pt. Devnarayan
Tripathi, Pt. Damodar Shastri, Gangadhar
Shastri, Shivkumar Shastri. Sp. Dr. Prahlad
Pradhan, Sadashiv Mishra, Chintamani Mishra,
Lingraj Mishra, Dr. Subhadra Jha. Bks. 01.
Vyākaraṇa Darśan. Spl.Ref. Vyākaraṇa.
Pandey, Ramakant. Acharya in Purāṇaetihāsa,
Ph.D., b. 15.10.1938, Khapari, (M.P.). Asct.
Prof. Gp. Mukundashastri Khiste, Ramarup
Pathak, Ramaswarup Pauranik. Ps. 02. Add.
Shri G. M. Goenka Sanskrit Mahavidyalaya,
Bhadaini, Varanasi (U.P.). Spl.Ref. Sāhitya.
Pandey, Ramakant. M.A., Ph.D., Acharya in
Sāhitya. b. 02.02.1965, Chitrakoot. Asct. Prof.
R.Sk.S. Jaipur Campus. Gp. Prof. Radhavallabh
Tripathi, Pt. Vayunandan Pandey, Prof. Ram
Prasad Tripathi, Pt. Ram Yatna Shukla. Sp.

