
Solanki, Bharti Ben J. Ph.D. b.13.06.1968.
Prof., Shri V.M. Mehta Municipal Arts &
Commerec College, Jamnagar. Ps. 03. Add.
Shakti Tenaments 2, Palace Road, JamNagar.
Spl.Ref. Alaṅkāra Śāstra.
Solanki, Bhawna ben N. Ph.D. b.02.02.1970.
Prof. M.T.B. Arts & Science College, Nehru
Marg, Surat. Ps. 03. Add. A. 103, Shantinath
Complex, Near Sanskar Bharti School, Talwadi
Surat. Spl.Ref. Vedānta Śāstra.
Solanki, Girish Chandra K. Ph.D. b.20.05.1973.
Prof. Umiya Arts & Commerce College For
Girls, GandhiNagar Sarkhej Highway,
Ahemdabad. Ps. 03. Add. 13/2, Near Old Post
Office Sector 29, GandhiNagar. Spl.Ref.
Vyākaraṇa Śāstra.
Solanki, Hema ben S. Ph.D. b.26.11.1972. Prof.
N.S. Patel Arts & Commerce College, Bhalege
Road, Aanand. Ps. 03. Add. 18, Santram
Society, Gopi Vidhya Nagar Road, Aanand.
Spl.Ref. Vedānta Śāstra.
Solanki, Shobhna Ben Narottum Das. Ph.D.
b. 23.08.1963. Prof. Smt. J.P. Saraf Arts college
Tithal Road Valsad. Ps. 03. Add. 1/2, Reena
Park Society Tithal Road Valsad. Spl.Ref.
Vedānta Śāstra.
Solanki, V. A. M.A. b.13.11.1954, Valsad, Gujrat.
Teacher. Ps. 03. Add. S.M.S. High School,
Dharampura, Valsad, Gujrat. Spl.Ref. Darśana
Śāstra.
Somayaji, Kota Sitaram. Vidvat (Advait
Vedānta, Alaṅkāra Śāstra, DharmaŚāstra).
b.17.04.1927, Kota, South Kannada. Rtd.
Teacher (Advaita Vedānta). Gp. Navin
Venkatesh Shastri, Nilatajapalli Venkat
Narasimha Ayyangar. Add. No. 1051,
Devaparthiva Road, Chamrajapuram, Mysore–
570004 (KT.). Spl.Ref. Advait Vedānta,
AlaṅkāraŚāstra, DharmaŚāstra, Saivāgama
& Veda.
Somayaji, P. S. Ananthanarayana. Kṛṣṇa
Yajurveda (Nyāya, Mīmāṃsā, Advaita
Vedānta). b. 05.01.1936. Pudukkottai, TN.
Gp. Pt. Balkrishan Shastri. Add. 89/55 South,

303

North Agarharam Musiri, Tiruchirapalli – 11.
TN. Spl.Ref. Tradition of Krishan Yajurveda
with Prakriti and Vikriti style of Chanting.
Title of Vedabhashaya Ratan, Veda Nidhi,
Sarutsmarta
VedaŚāstra
Sudhanidhi.
Gurugangeswaranand Veda Ratna Puraskar,
Mumbai, Founder of Veda Pathshala in his
village and more than eighty student have
already been benefited in this rarest of rare
field of study, President Awardee.
Soni, Jyoti. B.A., M.A., Ph.D. Scholar. b.
20.09.1985, Datia (M.P.). Add. Nehar Wali
Mata Road, Lashker – 474009. Ps. 01 Ph.
9301171464. vivek.soni2011@yahoo.-com.
Srihari, R. M.A. (Sanskrit, Telugu), Ph.D., PG
Dipl in Applied Linguistics. b. 05.05.1943.
HOD, Telugu Deppt., Hyderabad V.V. Bks.
20. Mātṛgītam, Prapañcapadī, Phiradausī. Add.
Telugu Deptt., Hyderabad VV, Gachi Bauli,
Hyderabad – 46. Spl.Ref. Sarvashreshth Skt.
Pt. Paritoshik.
Srijeevan Yayatirth. M.A. b. Bhattapalli. Rtd.
Principal, Bhattapalli Skt. Mahavidyalaya. Bks.
01. Sārasvataśatakam.
Srinigam, Bodhtirth Dandiswami. M.A.,
Acharya (Sāhitya Veda) Prabhakra, Kovid Ph.D.
b. 09.02.1936. Rtd. Prof., Prachya Skt. Vibhag,
Punjab Univ., Hosiyapur Centre. Bks. 03.
Hariyāṇāvaibhavam, Śrīsaṅkarācāryacaritam.
Expired. Spl.Ref. Kalidas Samman, U.P. Skt.
Academy Etc.
Srinivasan, K. M.A., M.Phil, Ph.D., B.T.
b.21.02.1923. Tiruvarur. Head Master, Hr.
Sec. School, Madhubani, Bihar. Bks. 04. Social
Studies, Vinatānanda Vyāyoga, Memories Of
A Head Master. Add. K. Srinivasan C/o
Srimathy Usha Sankar, 17 Mani Naicker Street,
Ganapathypuram, Chromepet, Chennai – 44,
TN.
Sriniwasacharya, S. D. Nyāyaśiromaṇi, Vedānta
Vidvān. b. 25.04.1914. Bks. 06. Viprasandeśa,
Tatvadarśanam, Matkuṇgītam, Dardurśatakam, Śrīhanumatpariṇaya, Gaṅgāvataraṇam. Add. 5. Laxmi Niwas, SuDarśana

