

Pandey, Sriramtilak Urmilajani. M.A. (English,
Sanskrit). b. 06.09.1946, Faizabad, U.P. Rtd.
IAS Bks. 01. Bālagovindacaritamahākāvyam.
Add. 125, Jahaj Apptt., G-17 Area, Old Rohtak
Road, Sunder Vihar, New Delhi – 87. Spl.Ref.
Beautiful Use of Chandh in his poetry.
Pandey, Subhash. Acharya in Jyotiṣa,
Vidyavaridhi. b. 15.01.1975. Asstt. Prof., Deptt.
of Jyotiṣa, Faculty of SVDV, BHU. Guru Shishya
Parampara. Bks. 01. Laghujātakam. Ps. 12.
Add. B 26/29-7 GPS Tower, Sankatmochan,
Flat No. 102, Varanasi-05. M. 09415374432.
Spl. Ref. Jyotiṣa.
Pandey, Sudharani. M.A., Ph.D., D.Litt. b.
22.10.1947. Vice Chancellor of U.K. Skt. Univ.
Haridwar. Ps. 10. Spl.Ref. Doon Ratna Samman,
Azadi ki Swarna Jayanti Samman, Uttaranchal
Ratna Samman, Karma Shree Samman,
Uttaranchal Rajya Mahila Ayog Samman,
Utkarshata Shiksha Samman, Vidushi
Vidyottama Stree Shakti Samman.
Pandey, Surendra Kumar. M.A., Acharya in
Sāhitya, Sāhityaratna, D.Phil. b. 25.06.1959,
Varanasi. Chief Development Officer,
Kaushambi (U.P.). Bks. 22. Jyotiṣa Pañcaśatī,
Dharma Śāstra-sahasrakam, Vāst śabdārnava,
Śankaragītā, Sūrya Vimarśa. Add. 21/3-A.
Amarnath Jha Marg, George Town, Allahabad
(U.P.). Ph. (05331) 232460.
Pandey, Surendra Nath. Acharya. b. 03.06.1948,
Kahinaur, Mau, U.P. Asst. Teacher. Gp.
Dhanapati Dwivedi. Ps. 02. Add. Shri Maharaja
Vandevi Sanskrit Pathshala, Kahinaur, Varanasi
U.P. Spl.Ref. Sāhitya Śāstra.
Pandey, Suresh Chandra. Acharya in Vyākaraṇa
& Sāhitya, M.A. b.04.10.1943, Itarasi, M.P.
Secretary. Gp. Pujyaswami Shrikarpatraji,
Shivkumar Shastri. Ps. 02. Add. Sanskrit
College, Itarasi, M.P. Spl.Ref. Vyākaraṇa,
Sāhitya & Vedānta.
Pandey, Suresh Chandra. M.A., D.Phil. b.
07.08.1934, Almora, U.P. Prof., Allahabad
University. Ps. 10. Add. 1/6, Pragya Street,
Allahabad, U.P. Spl.Ref. Sāhitya Śāstra.

199

Pandey, Suresh. M.A., B.Ed., Ph.D. b.
19.08.1962, Gajipur. Asst. Prof. R.Sk.S.,
Ganganatha Jha Campus, Allahabad. Bks. 01.
Kāśmīra Śaiva Daraśana Bṛhatkośaḥ. Add.
R.Sk.S,
Ganganatha
Jha
Parisar,
Chandrashekhar Azad Park, Allahabad. Ph.
2460957, 9918482522.
Pandey, Swaminath. M.A., Ph.D. b. 05.07.1959
Asst. Prof. Govt. Teacher Education College,
Ujjain M.P. Gp. Dr. Balkrishna Sharma, Shri
Niwas Rath. Sp. Dr. Arvind Pandit. Bks. 01.
Haribhakti Kumudakara. Ps. 04. Add. M-24,
Mahashaktri Nagar, Ujjain, M.P.
Pandey, Talukadar. Acharya in Navya
Vyākaraṇa. M.A., Ph.D.. b. 25.07.1949,
Sultanpur, U.P.. Principal. Bks. 01. Paribhāṣenduśekharalaghuja-ājū-aḥ.
Add.
Shrirupakala Sanskrit Vidyapith, Shridivyakala
Kunj, Ayodhya, Faizabad (U.P.). Spl.Ref.
NavyaVyākaraṇa.
Pandey, Tapeshwar. Acharya in Vedānta &
Sāhitya. b. 05.07.1942, Raghunathapur, U.P.
Asst.Prof. Gp. Ram Pandey, Mulashankar Vyas.
Ps. 05. Add. Shri Daivi Sampad Adhyatma
Sanskrit Mahavidyalaya, Paramarth Niketan,
Dehradun (U.P.). Spl.Ref. Vedānta and Sāhitya.
Gold Medalist.
Pandey, Tarashankar Sharma. Acharya in
Sāhitya, Ph.D. b. 05.08.1957. Jaipur (RJ).
Bks. 17. Ps. 06. Add. H.No.-2381, Pandey
Bhavan, Khajane Valon ka Rasta, Jaipur, RJ.
Pin.-302001. Ph. (0141) 2321151. Spl.Ref.
Sāhitya Śāstra, Modern Sanskrit Literature
Pandey, Trilochan. Acharya. b. 07.12.1945,
Pithauragarh, U.P. Principal. Gp. Ramadatta
Mishra. Ps. 04. Add. Shri Kurmachal Anglo
Sanskrit Mahavidyalaya, Champawat,
Pithauragarh (U.P.). Spl.Ref. Sāhitya.
Pandey, Tripurari Sharan. Acharya in
Vyākaraṇa, Sāhitya, Āyurveda. b. 05.08.1923.
Raibareli (U.P.). Bks. 05. Rāmāmṛtacaritāmṛtam, Deśadigdarśanamahākāvyam, Vividhavibudhastavastabakaḥ. Add. Acharya Kulam,
Jhakrashi, Nayan (Salol), Raibarelli.

