
Rajagora. Ps. 03. Add. Govt. Sanskrit
Pathashala, K.V. Road, Jam Nagar, (GJ).
Spl.Ref. Sāhitya.
Rajkumar. b.01.10.1940, Gundrapur, Jhansi
U.P. Prof. & HOD, Agra College, Agra. Editor,
Bhartiya Gyanpeeth, Varanasi U.P. Bks. 05.
Varṇī Vāṇī (Śrī Bandhaḥ), Madana Parājaya
(ed.), Praśaramati (ed.), Bṛhad Kathā Kośa
(ed.), Jasaharacariu (ed.).
Rajkumari. M.A., B.Ed. b.10.11.1943. Teacher.
Ps. 03. Add. Chandra Arya Vidya Mandir, East
of Kailash, New Delhi – 110065. Spl.Ref.
Sāhitya.
Rajlaxmi, S. śiromaṇi (Sāhitya). Age 37 yrs.
in 1988, Thanjavur, TN. Sanskṛt Pandit. Gp.
Ramanuja Tatacharya, Tirumalacharya, A.
Sundaresh Shivacharya. Bks. 03. Vibhutirudrākṣamāhātmyam, Tanjapurīmāhātmya,
Bṛhadīśvaramāhatmyam. Add. T.M.S.S.M.
Library, Thanjavur (T.N.). Spl.Ref. Sāhitya.
Rajopadhye,
Hemant.
M.A.,
M.Phil.
b.06.05.1986. Decan Gymchana, Pune (MH).
Ps. 10. Spl.Ref. M.A. Gold Madlist.
Rajpali, Om Praksh. M.A., Ph.D. b. Khandwa,
M.P. Asct.Prof. Gp. R. V. Tripathi. Bks. 05.
Ps. 20. Add. P.G. College, Ambah, Morena,
(M.P.). Spl.Ref. Sāhitya & Nā-yaśāstra.
Rajpoot, Narendra Singh. M.A., Ph.D. Madiya
Devsingh, Damoh (M.P.). Bks. 03. Saṃskṛta
Kāvya ke Vikāsa meṃ Bīsavīṃ Śatābdī ke Jaina
Manīṣiyoṃ kā Yogadāna. Spl.Ref. Many Articals
Published in Sagarika Magazine.
Rajpurohit, Bhagwatilal. M.A. (Hindi, AIH,
Sanskrit), Ph.D. b. 02.11.1943. Dhar, M.P.
Prof., Sandipani Mahavidyalaya, Ujjain. Bks.
05. Bhojarāja, Vidyotamā, Kālidāsa, Vīṇā
Vāsavadattā. Add. 12. Bilotipura, Ujjain – 06.
M.P. Spl.Ref. Writer and Poet in Sanskrit Malvi,
Hindi Bhoj Puraskar M.P. Skt. Academy,
Honour from M.P. Sāhitya Prasihad.
Rakesh Chandra. Acharya in Sāhitya,
Purāṇetihāsa. b.15.03.1955, Daurala, Meerut,
(U.P.). Gp. Dr. Dharmendranath Shastri, Dr.
Umakant Shukla, Dr. Ramesh kumar. Ps. 03.

227

Add. I-H-31, Shastri Nilayam, Mahi, Sarovar
Nagar, Banswara (RJ). Spl.Ref. Sāhitya,
Purāṇetihāsa.
Rakhiyania, S.S. Ph.D. b. 01.06.1966. Prof.
Shri J.S.K. Arts & S.H. Gardi Commece College,
Kakanpur. Ps. 03. Add. 46, Vallabh Nagar
Society Bhooravav, Godhra Distt. Panchmahal.
Spl.Ref. Alaṅkāra Śāstra.
Ram Chandra. M.A. b. 29.12.1957, (U.P.).
Research Assistant, R.Sk.S. Allahabad. Bks.
02. Editing of ‘Vishnubhaktikalpalata’, Add.
V/P Chhibalyan, Allahabad.
Ram Gopal. M.A., Ph.D. b.01.10.1925, Adampur,
HR. Vice Chancellor, M. D. Univ. Rohtak. Bks.
09. °gveda (Vol. I–III) (ed.), Vaidika
Vyākaraṇa (Vol. I-II), India of Vedic KalpaSūtras, The History & Principals of Vedic
Interpretation, Kālidāsa His Art & Culture.
Ps. 100. Add. H.No. 3051. Sector – 21. D.
Chandigarh – 160022. Spl.Ref. Independence
Day Award – Certificate of Honour in Sanskrit,
in 1971. Haryana State Literacy Award in
Sanskrit in 1971. Govt. of India Award on
Vaidika–Vyakaran in 1981. Maharshi Sandipani
Rashtriya Vedic Vidya Pratishthan (Ujjain)
Award in 2003.
Ram Pratap. M.A., Acharya, Veda-Alaṅkāra
Ph.D. b. 26.07.1936. Dadri, Gautambuddh
Nagar. Prof. Dept. of Skt. Jammu Univ. Bks.
06. Purāṇānam Kāvyarupatayā vivecanam,
Sāhitya
Sudhāsindhu,
¿rmikā,
Bhallataśatakam, Rājendrakarṇapūraḥ. Add.
15/2, Trikuta Nagar, Jammu Tawi. . 180012.
Spl.Ref. Sāhitya, Veda.
Ram Ranganathan. M.A., M.Ed. b.23.03.1953.
Teacher, Convent of Jesus & Mary School.
Ps. 01. Add. F-4/F, DDA Flats, Munirka, New
Delhi–110067. Spl.Ref. Sāhitya.
Ram Shastri, Vedkantha Sheshadri. b.
26.07.1923, Vadakkantara, Palghat, Kerala.
Vedaparayankarta. Gp. Jambunath Shastri,
Shubrabrahmaniyam Shastri. Add. Anakapalli,
Visakhapattanam- 531001 A.P. Spl.Ref.
Darśana Śāstra & Veda.

