328



Vyākaraṇa, Śāṇkara Vedānta, DharamŚāstra),
Hindi Sāhitya Ratna, M.A. b. Pratipada, 1922.
Prof., Skt. Deptt. Lucknow Univ. Bks. 03.
Śaśikalā, Ṛtuvilāsaḥ, Kālīkalpadrumavallarī.
Ps. 50. Add. B-1232 Indira Nagar, Lucknow.
Spl.Ref. Poet, Śāstra Chudamani, Visiting Prof.
Sampoorananad Skt. V.V., U.P. Skt. Academy
Samman.
Tripathi, Ram Nath. M.A., B.Ed. b.15.10.1937,
Dilraipur, Champaran, Bihar. Rtd. Principal.
Gp. Jagadisha chandra Shastri. Ps. 03. Add.
Sanskrit Vidwan, Kottayam (Kerala). Spl.Ref.
Sāhitya.
Tripathi, Ram Pal. Acharya (NavyaVyākaraṇa
& Sāhitya). b.23.07.1920, Allahabad, U.P.
Rtd. Principal. Gp. Narsimha Prasad
Chaturvedi, Bhupendrapati Tripathi. Ps. 03.
Add. 296, Atarsuia, Allahabad (U.P.) Spl.Ref.
NavyaVyākaraṇa Śāstra.
Tripathi, Ram Prasad. Acharya (Navya
Vyākaraṇa, Nyay), D.Litt. b. 15.12.1920.
Jaunpur U.P. Rtd. Prof. Sampoornanand Skt.
Univ., Varanasi. Gp. Pt. Raghunath Sharma,
Harinarayan Tiwari, Pt. Keshav Dwivedi. Sp.
Pt. Ramyatna Shukla, Pt. Ram Kishore Shukla.
Bks. 05. Gaurvābhisandhiprakāśaḥ, Pāṇinīyavyakaraṇe Pramāṇasamīkṣā, Siddhāntacintāmaṇiḥ(Part-2), Shikṣā-saṇgraḥ, Vaiyākaraṇasiddhāntalaghu-mañjūṣā(ed. with
Saralā Hindī Tīkā). Ps. 30. Add. Pracheen
Adhyapakavas, 6, Sampoornanand Skt. Uni.
Varanasi U.P. Spl.Ref. President Awardee,
Vishvabharti Awardee & Vachaspati-Samman
by Varanasi Sanskrit Univ. Varanasi (U.P.).
Tripathi, Ram Prasad. M.A., Ph.D., Acharya
(Sāhitya, BauddhaDarśana, Pali). b.25.10.
1948, Deoria, U.P., HOD Sāhitya, Add. Shri
Mayanand Giri Sanskrit Mahavidyalaya, D40/4, Lakshmanpur, Varanasi (U.P.). Spl.Ref.
Sāhitya, Darśana Śāstra.
Tripathi, Ram Raksha. Acharya in Sāṅkyayoga
& Sāhitya, Ph.D. b.15.10.1980. Asst. Prof.
Kendriya Uccha Tibbati Sansthan, Sarnath,
Varanasi U.P. Ps. 02. Add. Navodhan, Doj,
Varansi (U.P.)

Tripathi, Ram Sajiwan. M.A., Ph.D.
b.01.08.1945, Panna, (M.P.) Prof. & HOD,
R.Sk.S., Tirupati (A.P.). Bks. 02. Śrī Veṅka-eśa
Pacāsā, Tirumalā Tirupati Devasthānam. Ps.
01. Add.17. Padmavati Aptt. K. K. Nagar,
Tirupati.
Tripathi, Ram Shankar. Acharya, M.A.,
Vachaspati, Sāhitya Ratan. b.15.07.1938,
Ramnagar, Deogarh, U.P. HOD Sāhitya. Bks.
Mahesvarasmriti. Add. Bharatiya Vidya
Bhawan, Bombay MH. Spl.Ref. Vyākaraṇa &
Sāhitya.
Tripathi, Ram Shankar. Acharya in Darśana.
b.15.10.1929, Sorhalpur, M.P. Asct.Prof.,
Sampurnanand Sanskrit University. Gp.
Raghunath Sharma, Jagannath Upaddhyay,
Badrinath Shukla. Ps. 05. Add. 6, Teachers
Quarters, Sampurnanand Sanskrit University,
Jagatganj, Varansi U.P. Spl.Ref. Darśana.
Tripathi, Ram Shankar. Acharya in Vedānta,
Ph.D. b. 05.06.1951, Sameenadeeh, Basti.
Asst. Prof. Gp. Adhyaprasad Mishra. Ps. 04.
Add. Shri Hayagriva Ramanuja Sanskrit
Mahavidhyalaya, Hanuman Kund, Ayodhya,
Faizabad. U.P. Spl.Ref. Vedānta.
Tripathi, Ram Sharan. Acharya in Vyākarṇa,
Ph.D. b.30.12.1908. Marka, Banda, U.P.
Teacher, Shri Ramnam Sanskrit School,
Chitrakoot. Gp. M. M. Tatya Shastri. Bks. 05.
Siddhāntādarśa, Sarala-Jyotirvijñāna, Bhāvabodhinī, Kaumudī-Kathā-Kallolinī. Expired on
04.12.1977. Spl.Ref. Pandit Ramsharan Shastri
Smriti Visheshanka published by R.Sk.S.,
Ganganath Jha Campus, Allahabad.
Tripathi, Ram Yash. Acharya in Vyākaraṇa.
b.1884, Nimaicha, Kona, Varanasi, U.P. Asst.
Prof., Gayanaka Sanskrit College, Varanasi
(U.P.). Gp. Damodar Shastri, Tatya Shastri,
Vamacharan Bhattacharya, Laxman Shastri,
Chinna Swami ji. Sp. Niranjandev Teerth,
Devnayak acharya, Ramananda Saraswati,
Murlidhar Upadhyay, Dr. Shrikrishanmani
Tripathi. Expired on 23.01.1966. Spl.Ref.
Vyākaraṇa, Navyanyāya, Vedānta and
Mīmāṃsā.

