184



Sanskrit Grammar, Literatur & Astrology for
many Decades in Orissa.
Padhi, Venimadhav. M.A., Ph.D., P.O.L. b.
06.06.1919, Lokanathpur Shasan, Ganjam,
Orissa. Asst. Prof. Ganjam, Orissa. Bks. Śhri
Jagannātha Tattva Vimarśaḥ, Dārudevatā.
Expired on 10.08.2006. Spl.Ref.. Angaged in
Indological Ressarch, Guided many Research
Scholars.
Padmanabham, Ch.K. M.A., b. 16.08.1973,
Hyderabad. Asst. Prof. Bks. 02. Sabdan
Janīmahe. Ps. 08. Add. C/o Laxmi Narayan
Bhatt, Ganesh Nilaya – Mallikartunabeedhi,
Shringeri – 577139, Ph. 08965250.
Padmanabhan, M. V. Ananth. M.A., M.Phil.,
Ph.D. b. 15.05.1972, Chennai, Guest Feculty
Evening College. Bks. 02. Gurūtīlakastūtī,
Acārya Śekharaḥ. Add. Shri Ahobilam – 16,
Devanathan Colony, Westmam Bacham,
Chennai – 600 033, T.N. Ph. (044) 4712284.
Padmanabhan, S. M.A., M.Phil., Ph.D. b.
27.09.1957, Kumbakonam, T.N. Asct. Prof.,
Univ. of Madras. Bks. 02. Pārāsara Bha--a’s
Contribution to Viśīṣ-ādvaitā, Visīśtadvaitā
Research Add. University of Madras, Marina
Campus, Chennai – 600 005. Ph. 8444933.
Padmavati, K. Acharya in Sāhitya,
Shikasacharya. b. 04.06.1956, T.N. VicePrincipal. A.P.R. School, Sofinagar, Nirmal,
Adilabad. Gp. T.A. Gopalan, Rangarajan. Ps.
01. Add. Nirmal (Post) Adilabad (A.P.). Spl.Ref..
Sāhitya.
Pahari, Laxmi Kanta. M.A., Ph.D. b. 28.06.1950,
Bijoy Nagar, (W.B.). Asst. Prof. Bks. 02.
Jñānaprāmāṇya-vimarśaḥ,
Brahmatattvanirūpaṇam. Ps. 01. Add. Kaliachak B.K.
Adarsh Sanskrit Mahavidhyalaya, Post. Heria.
Dist. Midnapur. (W.B.).
Paija, Dilip Kumar. M.A., Ph.D. b. 18.04.1967,
Rajkot (GJ). Ps. 01. Add. Somnath Society,
Bhd. – Adhyapan Mandir, Dhrangadhra, Dist.
Surendra Nagar, Gujarat. Pin. 363310, Ph.
(02754) 61127.
Pal, Suresh. M.A., Ph.D. b. 04.04.1971. Skt.

Lecturer, SD Birla Skt. College, KKR. Gp. Dr.
Usha Gupta. Add. Vill. Sanwla, P.O. Kolapur,
Thanesr, Kurukshetra- 136118. Ph. 01744275687. M. 09468249187.
Palachaudhuri, Kshaitish Chandra. Tīrtha,
Purāṇaratna. b. 01.09.1915, Silhat,
Bangladesh. Gp. B. Dev, N.M. Shastri, M.M.
Sitaram Shastri. Add. 3, Tarapur, Narsingh
Road, Silchar–3 (Assam). Spl.Ref.. Purāṇa,
Sāhitya, Vedā.
Palande, Chintamani. Acharya in Sāhitya,
Kāvyatīrtha. b. 15.08.1935, Varanasi, U.P.
Principal. Gp. Ananta Shastri Phadake
Sandekara, Kashinath Paturakara. Ps. 02. Add.
Lokanath Shastri Sanskrit mahavidyalaya.
Govindganj, Jabalpur (M.P.) Spl.Ref.. Sāhitya.
Palasule, Gajanan Balakrishn. M.A., Ph.D.
b. 01.11.1921, Satara, MH. Asst. Prof.,
Bhandarkar Oriental Research Institute, Pune.
Bks. 05. Samānamastu vo manaḥ, Bhāsohāsaḥ,
Agnijā, Sixty Upaniṣads of the Veda, Sankrit
dhātupā-has. Add. 743, Sadashiv Peth. Pune–
411030 (MH). Spl.Ref.. Sāhitya, Vyākaraṇa,
Upaniṣad. Award. Govt. of India Award.
Palaveli Satagopacharya. Śiromaṇi. Age. 75
yrs. in 1988, Palaveri, North Arcot, T.N. Gp.
Palaveri Varadacharya, Villivalam Naranacharya. Bks. 01. Gayatrī-Mahimā. Add. 38,
Shri P.C. Satagopapuram, G.S.T. Road,
Madhurantakam – 603306 (T.N.). Spl.Ref.
Kṛṣṇayajurveda.
Paliwal, Anjana. Ph.D. b. 12.09.1970, Udaypur,
RJ. Asst. Prof., Rajkiya Meera Kanya
Mahavidhyalaya, Udaypur (Rj.). Bks. 01. Ps.
05. Add. IV – 08, Rajkiya Awas, Phatahapura,
Udaypur (Rj.). – 313001. Ph. 9414158817,
9460901419.
Paliwal, Haridatt ‘Nirbhay’. b. 1927,
Farrukhabad, Aligarh. Bks. 16. Parivartanam,
Janaghośa, Krānti, Subhāṣabosa-Caritam,
Rāś-radhvani.
Paliwal, Kishorilal Dhanraj. M.A., Acharya
in Vyākaraṇa, Kāvyatirtha. b. 29.01.1929,
Mandala Kalan, Falaudi, Jodhpur, RJ. Vice–

