
Kumbhkonam (TN). Spl.Ref. Salakṣaṇa
Kṛṣṇayajurveda & Sāhitya.
Arvikar, Narayan Shankar. Kāvya-Tirtha.
Sāhitya Manisi, Panjab-Shastri. b. March 1906,
Nagpur, (MH). Asst. Prof. Gp. Pandharinath
Shastri Ghate, Ahitagni Balashastri Ghate.
Add. Dr. Hedagewar Bhawan, Sabhare Mahal
Nagpur (MH). Spl.Ref. Kāvya, Sāhitya. Awards.
Received the Gold Medal From Kanchi
Kamakoti Shri Sankarachary for his command
in subject.
Arvind. b. 15.08.1872. Bks. 02. Sāvitrī. Bhavāni
Bhāratī. Expired. 05.12.1950.
Arya, Devakanya. M.A. (Skt.), Ph.D.. b.
11.07.1938. Asst. Prof. Add. 5, Sakshar
Apartments, Pashchim Vihar, Delhi.
Arya, Ghanasyam simha. Acharya in Sāhitya,
M.A. b. 22.08.1946, Devagarh. GP. Acharya
Devasvami Maharaja, Pt. Ramacharan Dixit.
Teacher, D.A.V. Public School. Add. R-6/157,
Raj Nagar, Ghaziabad (U.P.). Spl.Ref. Sāhitya.
Arya, Gyanendra Prakash. M.A. (Skt.), Hindi
Prabhakara. b. 26.11.1949. Teacher (PGT).
D.A.V. Senior Secondary School, Nizamuddin,
New Delhi. Add. E-39, New Multan Nagar,
Rohtak Road, New Delhi – 110056.
Arya, Jaibhagavan. M.A. (Hindi & Skt.). b.
18.08.1933. Teacher (PGT). Ps. 02. Add. F86, Vikaspuri, New Delhi.
Arya, Krishngopal. Acharya in Vyākaraṇa &
Sāhitya, M.A.. b. 10.10.1949. Asst. Prof., Add.
Shrimaddayanand Gurukul Sanskrit Mahavidyalay, Kheda Khurda, Delhi – 110082.
Spl.Ref. Vyākaraṇa, Sāhitya.
Arya, Madhu. M.A., Ph.D. b. 20.07.1947, Meerut.
Asst. Prof. Raghunath Girls’ P.G. College,
Meerut - 250002. Bks. 01 Kāvya Dīpikā
Pariṣkaraṇa. Ps. 03. Add. 138/7 HIG Shastri
Nagar, Meerut - 250005. Ph. 767057.
Arya, Manohar Lal. M.A., M.Ed. b. 15.08.1937,
Gurmani (in Pakistan). Asst. Prof., Delhi
Vidyapeetha. Gp Swami Rameshvaranand.
Add. 938 – A, Sector 29, Faridabad (HR).
Spl.Ref. Sāhitya.

9

Arya, Manorama. M.A.. b. 26.04.1938. VicePrincipal, Nagarpalika Bengali Higher
Secondary School, Gole Market, New Delhi.
Add. D-11/137, Kidwai Nagar (W), New delhi.
Spl.Ref. Sāhitya.
Arya, Ravi Prakash. M.A., Ph.D. b. 06.06.1961,
Principal Govt. College Haryana. Bks. 35 Origin
of Indo Europeans, Dhanurveda (Indian
Military Science), Vaidika Concordance,
Concordance of Vedic Mantras as per Devatas
and Rishis. Ps. 64. Add. 1051, Sector – 1,
Rohtak, Haryana 124001 Spl.Ref. Letter of
Appreciation of Univ. of West Indies Trinidad
and Tobago, Foreign Visit USA, Canada,
Trinidad & Tobago, Surinam, British Guyana,
Russia, hungary, Holland, Germany, Australia
etc., editing Journal Vedic Science for 12 Years
and World Vedic Calander for Last Six Years.
Arya, Saraswati Acharya. b 12.08.1983,
Chandan Khera Maurawna. Gp. Acharya Surya
Devi, Dr. Dhaniendra Kumar Jha. Ps 03. Add
F-1114 Rajaji Puram Lucknow 226017,
saraswatiarya@gmail.com Spl.Ref. Vyākaraṇa.
Arya, Suneeti. Acharya (Vyākaraṇa, Darśana)
b. 05.09.1984, Unnao. Ps. 02. Add. Arya Nagar,
Bangarmau, Unnao 241501 U.P. M.
8687731773
Arya, Urmila. M.A. b. 10.07.1947. Teacher,
Govt. Girls Senior Secondary School No. 2,
Shakti Nagar, New Delhi. Add. 458, Lancers
Road, Timarpur, Delhi – 110009. Spl.Ref.
Sāhitya.
Aryal, Harihar Sharma. Acharya, Vidyavaridhi.
b. 1952. Lumbini, Nepal. Prof. Sriram Shankar
Sangveda Vidyapeeth, Kabir Nagar, U.P. Bks.
05. Mātalimahimā, Samayaśatakam, Navagrahāvadānam, Bhāvanakṣatramālikā. Spl.Ref.
Poet in Skt. and Nepali, Delhi Sanskrit Academy
Honour.
Aryika, Gyanmati Mataji. b.1934, Tikaitnagar,
Barabanki, U.P. Gp. Acharya Deshbhushan
Maharaj. Bks. 05. Indradhvaja Vidhāna,
Aṣ-asahasrī, Pravande, Śri Pañcameśa Stuti,
Saḥ Jayatu Guruvaryaḥ. Spl.Ref. Chief Editor
of Samyagyan Magazine.

