
9910127475. rshuklaps@yahoo.com. Spl. Ref.
Prakrit.Acharya Budhgosh Award, Acharya
Svyambhu Award.
Shukla, Ram Bahadur. M.A., D.Phil. b.
01.02.1967. Beur, Citrakuta (U.P.). Asct. Prof.,
Univ. of Jammu, J&K Bks. 01. Naiṣadhīyacaritam kī Śāstīya Mīmāṃsā. Ps. 07. Add.
Sanskrit Dptt., Sanskrit Jammu University,
Jammu–18004.
Shukla, Ram Govind. Acharya in NavyaVyākaraṇa, NavyaNyāya, DharmaŚāstra,
Sāhitya. b.15.10.1926, Faizabad, (U.P.). Asst.
Prof. Gp. Suryanarayana Shukla, Padmaprasad
Bhattarai. Bks. 03. Vyākaraṇadarśanapratibha,
Vedasvarūpa-vimarśaḥ, Vākyapadīyam(ed.).
Add. Sampurnanand Sanskrit University,
Varanasi (U.P.). Spl.Ref. NavyaVyākaraṇa,
NavyaNyāya, Dharma-Śāstra, Sāhitya.
Awarded - Sāhityalaṅkāra, Vidya-bhusana,
Panditendra.
Shukla, Ram Kishor. Acharya in Vyākaraṇa
(Navya & Prachina). b.10. 04.1942. Deoria,
(U.P.). Rtd. Prof. & Pricipal, R.Sk.S., Jaipur
Campuc. RJ. Bks. 11. Vyākaraṇa-śāstre
Laukikanyāyānāmupayogaḥ, Satva- Mīmāṃsā,
Mahābhāṣye Anubandhacatuṣ- -ayavimarśaḥ,
Nyāyadarśana Meṃ Īśvara, Ādhyātmacarcā.
Add. H.No. 28, Krishna Vihar Colony,
Gopalpura By Pass, Jaipur 302015. Spl.Ref.
Vyākaraṇa.
Shukla, Ram Krishna. Acharya in Sāhitya.
b.08.04.1944, Mohammadpur, Pratapgarh,
(U.P.). Asst. Prof. Gp. Dvijendranath Mishra,
Mukund Shastri. Ps. 03. Add. Inter College,
Manikpurpatti, Pratapgarh (U.P.). Spl.Ref.
Sāhitya.
Shukla, Ram Yatna, Acharya (Vyākaraṇa,
Vedānta, Sāṅkya-Yog). b.15.01.1932, Dhan
Tulsi, Varanasi. HOD of Vyākaraṇa. Gp.
Ramyasas Tripathi., Dr. Ramprasad Tripathi.
Sp. Prof. Rammanohar Mishra, Kedar Nath
Tripathi. Bks. 15. Sāṅkhya Darśana Meṃ Sṛṣti
Prakriyā. Ps. 20. Add. Gargashram B-22/1592 Shankudhara, Varanasi. Spl.Ref. Vyākaraṇa,
Vedānta, Sāṅkya-Yoga. Received Karpatra-

295

Ratna-Award, Panini Samman. President
Awardee, Govt. of India.
Shukla, Ramakant. M.A. (Hindi & Sanskrit),
Acharya in Sāhitya & Shankhya-Yoga. Ph.D.
b.24.12.1940. Khurja (U.P.). Rtd. Prof.
Rajdhani College, New Delhi. Shastra
Chudamani Scholar, RSkS, New Delhi. Gp.
Vidyavachaspati Pt. Paramanand Shastri, Pt.
Brahmanand Shukla, Kuberdutt Shastri,
Ishwardutt Shastri, Bks. 15. Bhāti me
Bhāratam, Paṇditarājīyam, Jaya- Bhāratabhūme, Bhāratajanatāham, Sarvaśuklā, Amīnā
(Tr.). Ps. 50. Add. Ramalaya, R–6, Vani Vihar,
New Delhi –110059. sarvashukla@gmail.com
M.
09560532392.
Spl.Ref.
Sāhitya.
Contemporary Sanskrit Poet and Critic. Editor
of ‘Arvācīna-saṃskṛtam’ – Qtly. Skt magazine
from 33 years. ‘Deva-Vāṇī-Suvāsa’(Vol.I-II)A Abhinandan Granth is published for his
contribution to Sanskrit. ‘Bhāti me Bhāratam’
(1980), poetry is well known in Indian &
Abroad. Kalidas Samman (UP Skt. Sansthan,
Skt. Sahitya Seva Samman (Delhi Skt.
Academy), Skt. Rashtra Kavi, Skt. Pracharak
Mandal, Geet ‘Saraswati’ (Lok Bhasha Prachar
Samiti, Puri), ‘Kaustubh’ (Bhartiya Vidya
Bhawan), President of Sanskrit Patrakarita
Sangh, President Awardee, Govt. of India.
Shukla, Ramchandra Ghaneshwar. Ph.D.
b.20.10.1933. Prof. Samaldas Arts College,
BhavNagar. Ps. 05. Add. 2221 Pragya Society,
Hill Drive, BhavNagar. Spl.Ref. Vedānta Śāstra.
Shukla, Ramdhani. Acharya in Vyākaraṇa, Ph.D.
b.02.01.1955, Khajuri, Allahabad, (U.P.). Asst.
Prof. Gp. Dr. Kalikaprasad Shukla, Dr.
Ramyatna Shukla. Bks. 01. Vākyapadīyāntargatakriyākāla-samuddeśayoḥ
samīkṣātmakam adhyayanam. Add. Shri
Bavadeshvar Sanskrit Mahavidyalaya, Bavada,
Porbandar (GJ). Spl.Ref. Vyākaraṇa.
Shukla, Ramesh chandra. Acharya. b.1909.
Bks. 09. Gāndhī-gauravam Khaṇ©akāvyam,
Indirā-yaśas-tilakam, Sugama-rāmāyanam,
Śrīkṛśnacaritam, Bhāratacaritāmṛtam, Gītamahāvīram. Add. Devavani Parishad, Vani

