
Mishra, Paramanand. M.A. Ph.D. b. Satna,
M.P. Asst. Prof. Gp. Prof. Ramji Upadhyay,
Prof. R.V. Tripathi. Bks. 02. Ps. 10. Add. Govt.
P.G. Colllege, Guna, M.P. Spl.Ref. Sāhitya.
Mishra, Pashupati Nath. Acharya (Vya. śukla
Yajurveda), M.A., Ph.D. b. 15.05.1966. Sr.
Lect. Bks. 01. Ps. 14. Add. 385, Housing Board
Colony, Palwal - 121102 Haryana. Ph.
01275244021. M. 09466869173. Spl. Ref.
śuklayajurveda, Vyākaraṇa.
Mishra, Phool Kant. Acharya, M.Ed., Ph.D.
b. 01.01.1956. Madhubani. Principal JNB
Adarsh Skt. Mahavidyalaya Darbhanga. Bks.
01. Guruśiṣyasambandha. Add. JNB Adarsh
Skt. Mahavidyalaya Lagma via Lohan Road
Darbhanga - 847407. M. 09934208429.
principal.jnb@gmail.com.
Mishra, Prafulla Kumar. B.A., M.A., L.L.B.
b. 20.02.1954. Puri Orissa. Prof. Utkal Univ.
Bhuvaneshwar, Orissa. Bks. 25. Sanskrit
Poetics, Purāṇa Paramaparā o Nayākalevara,
Bhāgavata Galpamālā, Citra-Kuraṅgī, Tava
Nilaye. Add. Deptt. Of Skt. Utkal Univ. Vani
Vihar, Bhuvaneshwar, Orissa. Spl.Ref. Orissa
Skt. Academy Honour, Abhinav Geetgovind
Samman, Prashasti Patram, Special Award
by International Naturapathy Org. New Delhi,
Jayadev Piyusha Samman.
Mishra, Pragya. M.A., Ph.D. b. 22.07.1969.
Reader. Mahatama Gandhi Chitrakut
Gramodaya VV Bks. 12. Ps. 25. Add. Mahatama
Gandhi Chitrakut Gramodaya VV Satna M.P.
M. 09424361241. kapil_ckt@rediffmail.com
Mishra, Prakash Chandra. LLB, M.A. Pol.
Science. b. 10.03.1917. Mainpuri, U.P. Rtd.
Judicial Officer. Bks. 01. Prakāśakiraṇāvalī.
Add. B 2/86. Sector – 17 Rohini, New Delhi–
85.
Mishra, Pramod Chandra. Acharya in Sāhitya,
Kovid, M.O.L., Ph.D. b. 03.08.1956,
Bhagwanpur Shasan. Asst. Prof. PG Deptt.
of Sāhitya Sri Jagannath Skt. Univ. Puri. Bks.
10. Utkalagaurava, Jagati Kevalam,
Candradūtam Ps. 50. Add. Subhadra Nagar,
Balighat, Puri-02, Orissa. Spl.Ref. Sachiv, Orissa

157

Skt. Academy. Editor Vasundara Research
Journal.
Mishra, Prayag Narayan. M.A., Acharya, Ph.D.,
D.Litt. b. 05.07.1966. Sitapur. Lect. Deptt
of Skt. Prakrit Language Lucknow Univ. Gp.
Prof. AK Kalia, Prof. BK Shukla. Bks. 06.
Āapastambīya
Śrautayāga
Mīmāṃsā,
Āapastambasmṛtiḥ, Vedāmṛita Mañjūṣikā. Ps.
27. Add. Plot No. 07, Goshala Road Balaganj226003. M. 09415171430. Spl. Ref. Skt. Sāhitya
Puraskar 2000, 2006, Asstt. Editor Vangmayi
etc.
Mishra, Pt. Baldev. Acharya in Jyotiṣa. b.
01.11.1861. Saharsa, Bihar. Speakar, Varanasi
Prasad Jaysawal Research Institute. Gp. M.M.
Pt. Sudhakar Dwivedi. Bks. 06. Trikoṇamitī,
Bhāskariya Bīja Gaṇita Ṭīkā, Dīrghavṛtta,
Calana Kalana, āryabha-īyam.
Mishra, Pt. Khadgannath. Acharya in
Vyākaraṇa, Nyāya, Sāhitya, Vedānta & śāṅkara
Vedānta. Asct. Prof., Univ. of RJ. Bks. 02.
Śābdabodhādivāda Pañcaka Prakāśaḥ,
Siddhānta Lakṣaṇatattvāloka-prakāśa. Spl.Ref..
Recipient of Rashtrapati Award, Harit Rishi
Award by Maharanamevar Foundation,
Ambika Dutt Vyas Award by RJ Sanskrit
Academy & Ramdhari Śāstra Award.
Mishra, R.P. M.A., M.Phil., Ph.D. b. 30.04.1959.
Allahabad. Prof. Deptt. of Skt. Kurukshetra
Univ. Gp. Prof. Maan Singh. Sp. Dr. Sheila
Bathala, Dr. Ranjeet Behara. Bks. 08. Ārṣa
vijṅānacintanam, Sāyaṇakṛta Atharvavedagata
Nirvacanavimarśa, Nītiśatakam, Nigamāloka.
Ps. 70. Add. Deptt of Skt. Kurukshetra Univ.
Kurukshetra - 136119. Haryana. Ph.
01744238158, M. 09416570371. r.p.mishra
304@gmail.com Spl. Ref. Veda, Poet, 50 Radio
Talks from AIR Rohtak, Kurukshetra, Sayan
Puraskar, Nehru Memorial Award.
Mishra, R.S. M.A., Ph.D. b. 05.05.1947. Prof.
Skt. Deptt Lucknow Univ. Gp. Prof. KAS Iyer,
Prof. Satyavrat Singh, Prof. KC Pandey. Sp.
Prof. JP Sinha, Prof. AK Kalia. Bks. 07.
Rudryāmalottaratantra : Dharma aura
Darśana, Kādambarī Mahāśvetā Vṛttanta. Ps.

