
Bhavana, Mrityunjaya Acharya. M.A. b.
08.01.1934, Cholanayakapalli, Magadi, KT.
Asct. Prof., Kalpataru College, Tirupati. Gp.
Chandra-shekhara Bhatta Pathanakara, S.
Ramachandra Rava. Add. 49, 4 Main Road,
Tiptur (KT). Spl. Ref. Alaṅkāra, Vedānta.
Bhawalkar, Vanamala. M.A. (History & Skt.),
Ph.D. Prof. Deptt. of Skt. Sagar Univ. Spl.
Ref. He pennd Opera. Rāmavanagamanam
and Pārvatī Parmeśvarīyam. His one – Act
play Papdanda written in the background of
Chinese aggression which depicts the
emotional struggle related to love and
marriage, is worth mentioning from the point
of view of modern prose-style.
Bhimacharya,
Vaidik.
Vedaparangata
(Sammanitopadhi). b. 13.04.1920. Add. State
Bank Colony, Barakoti Road, Dharwar – 7
(Karnataka). Spl. Ref. Veda.
Bhimsenacharya. Vidvān. b. 24.06.1922. Add.
L.N. Temple, Goldsmith Street, Bellari –
583101 (KT). Spl. Ref. Nyāya, Vedānta.
Bhinda, Triyuginarayana. Acharya in Sāhitya,
M.A.. b. 15.01.1940, Jayantipur, Allahabad,
(U.P.). Asst. Prof. Add. Shri Dharmagyanopadesh Skt. Mahavidyalaya, Mahamana
Malaviya Nagar, Allahabad (U.P.). Spl. Ref.
Sāhitya.
Bhoi, Shukadev. M.A., M.Phil., Ph.D. b.
08.09.1967. Orissa. Asct. Prof. BHU, Varanasi.
Bks. 03. Ps. 40. Spl.Ref. Veda, Sāhitya,
Linguistics, Member AIOC, Maharshi Badrayan
Samman by President of India.
Bhojaraja. Acharya in Sāhitya. b. 16.12.1946,
Setigram, Doti. Nepal. Teacher. Gp.
Padmanarayana Tripathi. Add. Baijanatha Skt.
Mahavidyalaya, Moradabad (U.P.). Spl. Ref.
Sāhitya.
Bhuramal, Mahakavi. Shastri. b. Sikar, Raj.
Bks. 07. Jayodyamahākāvyam, Vīrodayamahākāvyam, Muniśatakam, Sudarśanodayamahākāvyam. Expired in 1973. Spl.Ref. He
is a famous Jain Acharya named Muni Gyan
Sagar, Kavi Pungava. Darśana and Sāhitya.

33

Bhushan, B. J. A. Ayyangar. Sāhitya, Vedānta
Vidvān. b. Mailkot, KT. Prof. Deptt of
Viśiṣ-ādvaita Vedānta, Maharaj Skt.
Mahavidyalaya, Mysore. Bks. 01. Adbhuddūtam. Expired Spl.Ref. Viśiṣ-ādvaitavedānta,
He penned several Natak, Campū, GadyaKāvya, MahaKāvya, Stotra in Skt. Honour
from Sahitya Academy.
Bhutani, Prabha. Acharya, Ph.D.. b. 12.12.1941,
Gorakhpur, (U.P.). Principal. Add. S.D. College,
Sultanpur, Lodhi (HR). Spl. Ref. Sāhitya.
Bhuvarahan, Krishnamurthi Acharya. Sāhitya.
b. 23.04.1939, Madras, T.N. Teacher. Gp.
Tulasi Narasimhacharya, R. Ramamurti
Sharma. Add. 18-2-127, Ashok Nagar, Near
Ashoka Mill, Tirupati (A.P.). Spl. Ref. Sāhitya.
Bidaliya, Brahmanand. Acharya. b. 01.02.1954,
Pauri Garhwal, U.P. Sāhitya Teacher. Gp.
Dinanatha Shastri, Vishvanatha Mishra, Add.
Rishi Skt.
Mahavidyalaya, Khadkhadi,
Haridwar (U.P). Spl. Ref. Sāhitya.
Bidirepalli, Govindacharya Jayaramacharya.
Śrautasmārta Vidvān, Ghanapathi. b.
14.10.1933, Bidirepalli, Bangalore, KT. Junior
Professor in Śuklayajurveda. Gp. G. Narayana
Bhatta, G. Rangacharya. Bks. 02. Trikālasandhyā devatārcanam. Add. Maharaj
Rajakiya Mahavidyalaya, Mysore (KT). Spl.
Ref. Śuklayajurveda, Smṛti.
Bijju, Aruna Kumara. M.A., Siksasastri. b.
14.06.1948. Teacher, Modern School,
Barakhamba Marg, New Delhi. Add. 09/74,
Shyam Block, Back of Punjab National Bank,
Kailash Nagar, New Delhi – 110031.
Bindra, Jogendra. M.A. (Skt.). b. 17.06.1939.
Teacher (Skt.). Govt. Girls Senior Secondary
School No. 1, B-Block, Janakpuri, New Delhi.
Add. B-1, 1/335, Janakpuri, New Delhi –
110058.
Bindra, Trilochansinha. B.A., M.A. in Skt. &
Hindi. Ph.D.. b. 31.10.1942, Hoshiarpur,
Punjab. Asct. Prof.. Gp. Dr. Vishavabandhu,
Prof. Jagannatha Agravala. Bks. 01. Vaidika
sāhitya Me Yuddhavijñāna. Add. V.V.B.

