
Bhatta, Krishna K. Sāhityashastri. b. 27.09.1921,
Kotuvalli, Belur, KT. Gp. Dalinarasimha Bhatta,
H. Sitaram Bhatta. Add. Kotuvalli Post,
Chikmaglur Dist. (KT). Spl. Ref. Sāhitya.
Bhatta, Krishnaraj K.R. Sāhityaśiromaṇi. b.
07.04.1922, Kinni Mulki, KT. Rtd. Teacher.
Gp. Shrinivas Bhatta, Ramakrishnachary, K.
Ramakrishna Tantri. Add. Kinni Mulki, Udupi
(KT). Spl. Ref. Sāhitya, Vyākaraṇa. Nyāya
Śāstra.
Bhatta, Madhav V. Acharya, M.A. b. 14.01.1928,
Kasargode, Kerala. Asst. Prof. Add. Balapodam
House, Kubhadej, Kasargode (Kerala). Spl.
Ref. Sāhitya, Vedānta.
Bhatta, Mahabaleshwar G. Alaṅkāra Śāstra,
Vyākaraṇa Vidvān. b. 12.06.1948, Himallipur,
KT. Teacher (Vyākaraṇa). Gp. N. Ranganath
Sharma, N.T. Shrinivasacharya. Add. Shri
Chamraj Sanskrit Pathashala, Bangalore (KT).
Spl. Ref. Alaṅkāra Śāstra.
Bhatta, Mathuranath Shastri. Sāhitya,
Vyākaraṇa, Urdu, Sanskrit, Brijabhasha,
Darśana, Tantra. B. 1889. Jaipur, RJ. Prof.
Maharaja Sanskrit College. Jaipur, RJ. Gp.
M.M. Madhusudan Ojha, Pt. Shri Rajguru
Haridutta Jha, Pt. Gopinath Dadhicha. Sp.
Siddharaj Dadda, Jawaharlal Jain, Dwarkanath
Purohit, Kanhaiyalal Tiwari, Prabhakar Shastri,
Dr. Usha Bhargav. Bks. 30. Sāhitya-Vaibhavam,
Jayapura- Vaibhavam, Govinda-Vaibhavam,
Saṃskṛtagāthāsaptaśatī. Add. C-8, Prithviraj
Road, Jaipur – 302001, RJ. Expired.
04.06.1964. Spl.Ref. Awards – ‘Kavishiromani’
by Jaipur King Sawai Jaisingh, ‘Kavisarvabhaum’ by Vellanatiy Tailang Sabha,
‘Kavi-Shiromani’ by All India Sanskrit Sāhitya
Sammelan, ‘Sāhityavaridhi’ by Bharatbharm.
He was also editor, Journilist, Poet & Writer.
Wrote ‘Gajal’ & ‘Rubaiyan’ in Sanskrit & also
Radio Rūpaka, Lalita Nibandha, Ekaṅkī in
Sanskrit.
Bhatta, Narasaraja S. M.A., Viśiṣ-ādvaita
Vedānta. b. 21.06.1949, Kanchipuram, T.N.
Research Scholar & Librarian. Gp. S.
Narasimhacharya, Sampatkumar Bhatta. Add.

27

Skt. Research Academy, Melukote (Karnataka).
Spl. Ref. Viśiṣ-ādvaita Vedānta.
Bhatta, Narayan. b. 1855. Gwalior. Bks. 05.
Ślokabaddhasiddhāntakaumudī, Pratibhāṣapratichaviḥ, Pañcapañcāśikā, Saṃskṛtaślokaśatasaṅgraha. Svamitraślokasaṅgraha.
Bhatta, Prajapati ManilalIshvar. M.A., Ph.D.
b. 18.03.1938, Mamunda, Mehsana, Gujarat.
Director. Add. Shankaracharya A.S.T. Sanskrit
Mahavidyalaya, Sanskrit Academy Hostel,
Dwarka – 361335 (Gujarat). Spl. Ref. Sāhitya.
Bhatta, Rajeshwari. HOD, L.B.S. P.G. College,
Jaipur (Rj.) Spl.Ref. She has Writtan Skt.
articals & Stories. Has Received many puraskar.
Her story Paramadaivataḥ Patiḥ is published
in Rājakathākuñjam, a collection of stories.
Bhatta, Subray V. M.A., Ph.D. b. 01.06.1964.
Siddapur, Karnataka. Asct. Prof., RSkS. R.G.
Campus, Sringeri, Karnataka - 577139. Bks.
04. Jaiminī Nyāyamālā, Mīmāṃsā Śāstrārtha
Vallarī, Āpastaṃbaparibhāṣāsūtram, Kūṣmāṇdamantrārthadīpikā. Ps.05. Add. C/o
Vidhatri.
Mallappa
Street,
Sringeri
Chikkamagalur, KT. Ph. 08265 – 250538.
Bhattacharjee, Amit M.A., Ph.D. b. 08.10.1956,
Midnapur. Asso. Prof. N.D. College. Bks. 11.
Add. 5, Deshpran Sasmal Avenue, Krishnakali,
Ashokagar Bazar, Kolkata- 700108. Ph. 03325782546, M. 09831240854
Bhattacharjee, Asima. M.A., B.Ed. b.
16.12.1962, Silchar. Slct. Gd. Lect., Cachar
College, Silchar, Assam. Ps. 02. Add. Deptt
of Skt Cachar College, P.O. Silchar, Cachar
788001 W.B. Ph. 03842-262061, 03842246953, M. 09435522484.
Bhattacharjee, Krishna. M.A., Ph.D. b..
06.05.1951, Kolkata. Asso. Prof. Govt. Skt
College, Kolkata. Bks 01 Add. 17/1 Suren
Togre Road, Gariahat, Kolkata-700019, Ph.
2440-5542, M. 09831792880.
Bhattacharjee, Tapamoy. Vyākaraṇaśāstrī,
Dharmaśāstrī, M.A., B.Ed. b. 30.11.1972,
Karimganj, Second Adhyapaka, Srihatta Bharat
Smriti Vidyalaya. Bks. 02 Praśna Pradīpa,

