
Pt. Jagannath Sharma. Pt. Anantram Shastri.
Pt. Yugalkishore Pathak. SP. Pt. Bhimsen
Chaturvedi. Pt. Vijaychand Chaturvedi. Pt.
Dharmdatt Vedshastri. Bks. 09. Śrautapadārthavivecana, Śrāddha-prakāśikā. Ṛkprātiśākhya. Mahārudra-paddhati. Jīvitaśrāddhapaddhati. Expired in 1929. Spl.Ref. M.M.
Awarded by British Govt. in 1924. He was
known as kulaguru of Birla Family.
Agnihotri, Rishiraj Chunnilal. M.A., Vedānta,
Kāvyatīrtha. b. 02.09.1927. Bks. 01. Āgneyaḥ.
Add. Yagyashala, Raigarh, Himmat Nagar
Mehsana, Gujarat.
Agnihotri, Shiv Prasad. Śuklayajurveda, Acharya
in Navyavyākaraṇa, Vidyavaridhi. b 05.06.
1957. Asct. Prof. DBS PG College Kanpur.
Bks 02 Abhijñānaśākuntalam (Śiva Ṭīkā),
Kārakadīpikā (Siddhānta Kaumudī), Ps 16,
Add 127/169A – W2 Juhikala Damodarnagar
Kanpur U.P. 208027 M. 09335331367,
09621879273. Spl.Ref. Śukla Yajurveda,
Navyavyākaraṇa, Kalidas Samman.
Agnihotri. Vidyadhar. b. 1886. Hariyana. GP.
Pt. Shiv Kumar Shastri. Bks. 01. Kātyāyana
Śrautasūrta kī Saralā Ṭīkā. Expired. 1941.
Agrawal, Avneesh. M.A. (Psy, Eco.), Acharya
(Purāṇaetihāsa, Sarvadarśana), M.Phil (Psy.),
M.Ed., Ph.D. (Psy.), MBA (HR). b 02.07.1967.
Asso. Prof. Rashtriya Sanskrit Sansthan
Deemed University, Lucknow Campus. Ps 10.
Add. Rashtriya Sanskrit Sansthan Deemed
University, Lucknow Campus Vishal Khand4, Gomti Nagar, Lucknow, U.P. M.
09451244456, 09335226178.
Agrawal, Beena. M.A., Ph.D. b 01.01.1959
Udaipur. Prof., Deptt. of Skt. Univ. of
Rajasthan.
Bks
03
Tarkasaṅgraha,
Nātyaśāstram (Raso’dhyāya) Saṃskṛta Sāhitya
kā Prācīna Evam Arvācīna Itihāsa. Ps 10.
Add. C-99 Moti Marg, Bapu Nagar, Jaipur
302015. Ph. 0141-2705766, M. 09414442037.
Agrawal, Bisan Svarup. M.A., B.T. b. 1937,
Ropad, Punjab. Add. Master Nandlal Bhawan,
Old Post Office Road, Ropar – 140001
(Haryana). Spl.Ref. Jyotiṣa.

5

Agrawal, Kamalesh. Acharya. b. 01.04.1944,
Bharatpur, Rajasthan. GP. Dr. Ramratan
Shastri. Add. 219 Krishna Nagar Colony,
Bharatpur (Rajasthan). Spl.Ref. Sāhitya.
Agrawal, Mahavir. M.A., Vyākaraṇa, D.Litt.
b. 09.10.1951, Palasasion Maharashtra. Vice
President, Uttarakhand Skt. Acadamy. Bks.
05. Vālmīkirāmāyaṇa me Rasa-Vimarśa,
Vaidika Artha Vyavasthā, Saṃskṛta Gadya
Latikā, Ṛksūkta Saurabhaṃ. Ps. 48. Add.
Vedalok, 22 Nand Vihar Post Gurukul Kangri
Haridwar – 249404. Ph. 228544. E-mailmahavir_ gkv@yahoo.co.in
Agrawal, Murali Lal. M.A., Ph.D. b. 05.01.1949,
Miyoli, Agra, (U.P.). Asst. Prof. Gp R.L. Shastri,
V.N. Mishra. Add. 430, Arya Nagar, Gali No.
17, Firozabad (U.P.). Spl.Ref. Sāhitya.
Agrawal, Premlata. M.A., B.Ed. b. 15.01.1938.
Teacher, Govt. Boys Senior Secondary School
No. 1, Roop Nagar, New Delhi. Add. 13/21,
Shakti Nagar, New Delhi – 110007. Spl.Ref.
Sāhitya.
Agrawal, Vasudev Sharan. M.A in History,
D.Litt. Principal, Bharti College, Kashi. Director,
Central Asian Antiquities. Curator Curjon
Museum, Mathura. Bks. 10. Pāninikālīna
Bhāratavarṣa, Padmāvata, Pṛthivīputra, Gupt
Art, Gītā Navanītaṃ.
Ahuja, G.L. M.A. (Skt.). B.T.. b. 10.05.1935.
Language Teacher, Govt. Boys Senior
Secondary School, New Delhi. Add. 16/70,
Subhash Nagar, New Delhi – 110027.
Ahuja, Jagannath. M.A., B.Ed. b. 12.10.1942.
Teacher (TGT), Skt., Govt. Senior Secondary
Boys School, palam Enclave No. 2, New Delhi.
Add. H.No. 75, Ath Marla, Gurgaon (Haryana).
Spl.Ref. Sāhitya.
Ahuja, Nirmala. M.A. (Skt.), B.Ed. b.
01.07.1940, Teacher (Skt.). Govt. Girls Senior
Secondary School, F-Block, Hari Nagar, New
Delhi. Add. B.B.30-C, Janakpuri. New Delhi–
110058.
Ahuja, Usha. M.A. (Sankrit & Hindi). b.
07.05.1939. Teacher, Govt. Senior Secondary

