
Sanskrit Mahavidyalaya, Near Love Garden,
Ellis Bridge, Ahmedabad GJ. Spl.Ref. Sāhitya
& Vedānta.
Mishra, Jagannath. Acharya in Jyotiṣa, Sāhitya.
b. 20.05.1912, Bhawanipur, Bihar. Teacher,
S.K. High School, Madhubani, Bihar. Gp. Pt.
Harinand Mishra, Pt. Vaikunthanath Shastri.
Ps. 02. Add. Bhawanipur, Pandaula,
Madhubani, Bihar. Spl.Ref. Jyotiṣa.
Mishra, Jagat Narayan. Acharya. b. 15.01.1946,
Kanawara, U.P. Asst. Prof. Ps. 02. Add. Shri
Vamadev Sanskrit Mahavidyalay, Banda, U.P.
Spl.Ref. Sāhitya.
Mishra, Jagat Narayan. M.A. b. 15.08.1933,
Firozpur, Jaunpur, U.P.. Principal. Gp. Jagadev
Chaturvedi, Ramraj Dwivedi, Ramkaran
Pandey. Ps. 02. Add. Hanumat Sanskrit
Mahavidyalay, Rajganj, Shikar, Jaunpur, U.P.
Spl.Ref. Sāhitya.
Mishra, Jaidev. Vyākaraṇa. b. 1944. Vill.
Gajhada, Mithila. Asst. Prof. & H.O.D. Banaras
Hindu Univ., Varanasi. Gp. Halli Jha. M.M.
Pt. Rajjomishra. M.M. Pt. Shivkumar. Sp. M.M.
Dr. Ganganath Jha. Pt. Rajnarayan Shastri.
Pt. Markandey Mishra. Pt. Damodar Mishra.
Bks. 05. Śāstrārtharatnāvalī, Mahāvināyaka
sthāpanā Paddhati, Vāstupaddhati, Nīlavṛṣotsarga paddhati. Spl.Ref.. Recipient of
MahaMahopadhyaya Award (1919).
Mishra, Jaimant. Acharya in Vyākaraṇa, Ph.D.
b. 15.10.1925. Vill. Danga Haripur, Majrahi,
Madhubani, Bihar. Ex. V.C. Kameshwarsingh
Darbhanga Sanskrit Univ., Darbhanga. Gp
Pt. Sarvnarayan Mishra, Pt. Ugranand Jha,
Pt. Bhoopnarayan Jha, Pt. Suryanarayan
Shukla, Pt. Narayandatt Tripathi, Namonarayan Jha, Pt. Balbodh Mishra, Pt. Aanand
Jha. Bks. 11. Kāvyātmamīmāṃsā, Alaṅkāra
Prakāśa, Saṃskṛtavyākaraṇodayaḥ, Puśpacintāmaṇīh, Śaivasarvasāra. Ps. 150. Add.
Hanumanganj, Mishra Tola, Darbhanga, Bihar.
Spl.Ref. Recipient of President Award (1986).
In World Sanskrit Sammelan (FiledelifiyaU.S.A.) worked as Chairman of Sanskrit Sāhitya
Section, Appointed Prof. in Tribhuvan V.V.

151

Nepal under the scheme of Colombo, India
Govt.
Mishra, Jainath. Acharya in SarvaDarśana &
Sāhitya, M.A.. b. 02.07.1954, Gitadewadha,
Bihar. Teacher. Gp. Vidyanath Mishra,
Ramaranga Sharma. Ps. 02. Add. Shri Sanatan
Sanskrit Mahavidyalaya, Saharanpur, U.P.
Spl.Ref. Sāhitya.
Mishra, Jaiprakash. Acharya in Sāhitya &
Vyākaraṇa, Ph.D. b. 10.01.1964, Deoria, U.P.
Gp. Dr. Hind Kesari. Ps. 02. Add. Plot No.
760, Mahaveer Nagar, Tonk Road, Jaipur,
RJ. Spl.Ref. Sāhitya, Vyākaraṇa.
Mishra, Jaya Krishna. Ph.D., D.Litt.. b.
04.09.1957, Ranpur, Garhpuri, Orissa. Asct.
Prof. Bks. 12. Kṛtya Kaumudī of Brhaspati.
Ps. 01. Add. Shri Jagannath Sanskrit
Vishwavidyalaya, Shrivihar, Puri, Orissa. Ph.
06752 - 24346.
Mishra, Jivanchandra Bhagawati. Shastri. b.
01.01.1907, Bangaon, Assam. Add. Bangaon,
Barpetta, Assam. Spl.Ref. Vyākaraṇa &
āyurveda.
Mishra, K.K. Acharya (Sāhitya Vyākaraṇa ,
Bauddha Darśana), M.A., Ph.D. Vidyavachaspati, LLB, PG Dipl. in Applied Linguistics,
Certificate in German b. 11.01.1947. Former
Director RSKS. Bks. 34. Ps. 21. Add. 169, Nehru
Apptt. Kalkaji New Delhi - 110019. Ph.
26463725. M. 09350116961. Email.
kkmishra1123@ rediffmail.com Spl. Ref.
Organised many Conferences and Workshop
for the development of Curriculum texts books
and other instructional material on behalf
of NCERT, Kavikokil Vidyapati Award 1997,
Vidyavachaspati National Youth Development
Award 2004, Skt. Sāhitya Sewa Samman 2005.
Vienna, Philadelphia
Mishra, Kailash Chandra. Acharya in Sāhitya,
Ph.D. b. 12.09.1951. Ganjam, Orissa. Principal.
Mac michel Sanskrit College, Asika, Ganjam,
Orissa. Bks. 03. Utkala Padyānuvādaḥ of
Kumārasaṃbhavam.
Mishra, Kailash Pati. Acharya. b. 15.10.1939,

