212



Hall, Railway Station Road, Idar,
Sambharkanta, (GJ). Spl.Ref. Purāṇa.
Patel, Tulsi Das Dhanji Bhai. Ph.D.
b.01.12.1970. Prof., Arts College, Vadali,
Sambharkanta. Ps. 03. Add. Ravipura-kampa,
Megha, Vadali, Sambharkanta, (GJ). Spl.Ref.
Vedānta Śāstra.
Patel, Urwashi Ben Chagan Lal. Ph.D. b.
24.09.1967. Prof., C. U. Shah Arts College,
Lal Darwaza, Ahemdabad. Ps. 05. Add. 26,
Devpuriya Banglow, Motera Stadium Road,
Ahemdabad. Spl.Ref.Vedānta Śāstra.
Patel, Usha Ben Suman Bhai. Ph.D. b.
26.01.1965. Prof., Arts & Commerce College,
Kankanpur, Godhra, Panchmahal. Ps. 03. Add.
27, Heena Park Near Yogashram Society,
Manikbag Road, Satelite, Ahemdabad. Spl.Ref.
Vedānta Śāstra.
Patel, Vasant Chagan Lal. Ph.D. b. 15.01.1946.
Prof., M. T. B. Arts, Science College, Surat.
Ps. 03. Add. A-10, Balkrishna Appartment,
Near Sudama Hotel, Surat. Spl.Ref. Alaṅkāra
Śāstra.
Patel, Veenu Bhai Natha Bhai. Ph.D.
b.21.12.1972. Prof., Arts College, Rajendra
Nagar, Bhiloda, Sambharkanta. Ps. 04. Add.
Galodiya, Khedbrahma, Sam-bharkanta, (GJ).
Spl.Ref. Vedānta Śāstra.
Patel, Vijyanand Girdhar Lal. Ph.D.
b.05.10.1971. Prof., Bhawans College, Dakor.
Ps. 03. Add. 12, Purushottum Banglow, Near
S.T. Stand, Umreth, (GJ). Spl.Ref. Vyākaraṇa
Śāstra.
Patel, Yashodabhana Babulal. M.A., B.Ed.
b.09.08.1951, Kanjanranjod, Valsad, GJ.
Teacher, S.M. School, Dharampur. Ps. 02.
Add. Vidyabharati, Bilpudi, Dharampur (GJ).
Spl.Ref. Darśana.
Pathak, Anil Kumar. Acharya. b. 06.07.1951.
Chalis Gaon, Jalgaon, MH. Lecturer, Mumba
Devi Adarsa Samskrita Mahavidyalaya,
Bharatiya Vidya Bhavan. Ps. 05. Add. Netaji
Stop, Ulahas Nagar – 04, Thana. (MH). Spl.Ref.
Advaita Vedānta.

Pathak, Asvin Kumar Sankar Prasad. Acharya
in Sāhitya, Vyākaraṇa Śāstrī. b. 21.02.1942.
Baroda. GJ. Teacher, Samskrita Mahavidyalaya, D.N. Hall, Pratapaganj, Baroda.
Gp. Dr. Jayanarayana Pathaka, M.V.
Upadhyaya, Srirama Bh. Sirgamvkara. Ps. 04.
Add. Pathak Nivas. Bajapara, Bhatiashery,
Baroda – 390001 (GJ). Spl.Ref. Sāhitya,
Vyākaraṇa.
Pathak, Baldev. b. 1873. Gorakhapur Devapara
gram. Gp. Pt. Sudhakar Diwedi. Bks. 01.
Maṇdapakuṇdasiddhīḥ. Spl.Ref. The Nadivalay
yantra was made by him.
Pathak, Bhavesh Nath. P.G. b. 01.01.1934.
Rtd. Principal, Bks. 03. Brahma Sūtra - The
Song String Divine, The Gita Divine, The
Vedāntaic Verses - An Anthology of the Vedānta
Triology (with full saṃskṛta text and Roman
Translations). Spl.Ref. Associated with various
literary, music, dance, drama, photography
and fine arts societies.
Pathak, Brahmananda. Acharya in Vyākaraṇa
& Sāhitya. b.15.10.1934. Voknare, Basti, U.P.
HOD of Sāhitya. Ps. 05. Add. Sri Rajgopal
Sanskrit Mahavidyalaya, Ayodhya, Faizabad
(U.P). Spl.Ref. Vyākaraṇa, Sāhitya, Vedānta.
Pathak, Chandra Shekhar. Acharya in Sāhitya.
b.07.11.1952, Devatoli, Almora, U.P. Principal.
Gp. Badridatta Pathak, Purnachandra Pathak,
Durgadatta Pathak. Ps. 05. Add. Shri Narayan
Sanskrit Mahavidyalaya, Kamedi Devi, Almora
(U.P.). Spl.Ref. Sāhitya.
Pathak, Chandrika Ben Vasudev. Ph.D. b.
01.10.1940. Prof., B.D. Arts College,
Manikchauk, Ahemdabad. Ps. 03. Add. 354,
Vagarth Saraswati Nagar, Ambawadi,
Ahemdabad. Spl.Ref. Vedānta Śāstra.
Pathak, Data Ram. Acharya in Vyākaraṇa, M.Ed.
Ph.D. b.12.010.1976. Jharkhand. Asst.Prof.,
Mahalxmi College for Girls, Gaziabad.. Bks.
01. Ps. 05. Add. Siswa Bazar, Gorakhpur (U.P.).
Spl.Ref. Vyākaraṇa, Sāhitya & Purāṇa.
Pathak, Dinesh Prasad. Acharya in Vyākaraṇa,
Sāhitya & Purāṇa. b.05.09.1954, Gorakhpur,

