
Joshi, Praveen Chandra Prabha Shankar. Ph.D.
b. 20.01.1949. Prof. Shri V.D. Kankiya Arts
College, Shri M.R. Sanghvi Commerce College,
Gurukul Road, Sabharkundla. Add. Shashidhar,
Yugantar Society, Near S.T. Deppo,
Sabharkundla, Amreli. Spl.Ref. Alaṅkāra Śāstra.
Joshi, Prhlad R. M.A. (Skt), M.Sc (Psycho),
Shiksha Acharaya, Vidyavaridhi. b 23-06-1971
Gulbarga. Asct. Prof. Dept. of Edu., Rashtriya
Sanskrit Vidyapeeth, Trupati Bks 1.
Adhyāpakaśikṣā. Add. Dept. of Edu., Rashtriya
Sanskrit Vidyapeeth, Trupati – 517064 Ph
08772287548 M 9441394486, Email
joshiprtpty@gmail.com
Joshi, Purushottam Harisharma. M.A.. b.
08.02.1939, Baroda, Gujarat. Sanshodhan
Adhikari. Gp. Dr. S.S. Bhave, Dr. Arunodaya
Jani, Dr. S.G. Kamtavala. Add. M.S.
Vishwavidyalaya, Lokmanya Tilak Marg,
Baroda (GJ). Spl.Ref. Vedānta.
Joshi, Rajni Bhai Jaishankar Bhai. Ph.D. b.
05.10.1944. Prof. Maharaja Bhagwat Singh
ji Arts & Commerce College Gondal Distt.
Rajkot. Add. 13-A, Yugdharma Sankul, Near
Geeta Mandir, Rajkot. Spl.Ref. Vedānta.
Joshi, Rakesh Kumar Natwarlal. Ph.D.
b.28.11.1967. Prof. Arts Commerce College
HimmatNagar Distt. Sambharkanta. Add. 47,
Shanti Park Near Chitrakut Society Himmat
Nagar. Spl.Ref. Vedānta Śāstra.
Joshi, Ramchandra. Acharya in Vyākaraṇa,
M.A., b. 16.09.1927. Rtd. Principal. Gp. Pt.
Dayashankar Vajpeyi. Add. 123 Mangal Colony
Ujjain. Spl.Ref. Veda, Jyotirvid, Paurohitya
Karma.
Joshi, Rasik Bihari. M.A, D.Lit.. b. 1929. Byawar
(Rj.). Bks. 05. Mohabhaṅga, Karuṇāka-ākṣalaharī, Sārasvatam, Prajñā-pārijātam, Śrīgovardhanagauravam.
Joshi, Rasik Vihari. Honours (Hindi), Shastri,
M.A., Ph.D., D.Lit. Prof. of Skt. & Investigator,
El Colegio de Maxico. Bks. 35. Rādhāsahasranāma, Vide di un Saggio Parma, The
Universal Truth, Lakṣmīnṛsiṃhasahasranāma

119

Stotra, Cantos a la Diosa de la Sabiduría.
Ps. 68, Add. CEAA, El Colegio de Mexico,
Camino Al Ajusco 20, Mexico DF 01000. Ph
11077140 Fax.No.645-04-64 Spl.Ref. French,
Grammar, Literature, Indian Philosophy,
Religion, Yoga & Meditation, poet. Award
from U.P. Skt. Academy, Honorary Doctorate
Universidad de oriente Cumana, Venezuela
2006, Dalmia Award 2001, Birla Foundation
Award 2002, Sāhitya Academy National Award
1996., Delhi Sanskrit Academy Award 1989,
President of India Award 1984, Harita Rishi
Award 1984 etc. Visiting Prof. in Univ. of
Warshaw (Poladnd,1964-65), Budapast(196465), Czechoslovakia (1964-65), Cambodia
(1965-66), Columbia (New York, 1969-70)
Maxico (1968-69, 1979-83, 1995 to present)
Joshi, Revadhar. Acharya. b. 05.04.1927,
Pithauragarh, U.P. Rtd. Prof. Gp.
Chandrashekhar Shastri, Sumiran Mishra. Add.
Near Indra Pharmacy, Tallital, Nainital.
Joshi, Revadhara. M.A. b.15.05.1939. Teacher,
Govt. Higher Secondary School. Sakti Nagar,
Delhi. Add. C-2/13 Yamuna Vihar Delhi–
110053. Spl.Ref. Sāhitya.
Joshi, Rita Ben Jayant Kumar. Ph.D.
b.26.12.1967. Prof. Mahila Arts. College
Motipura Himmat Nagar. Add. 78 Sharda Kunj
Society Motipura Himmat Nagar. Spl.Ref.
Vadānta Śāstra.
Joshi, Sailesh Kumar Keshav Lal. Ph.D.
b.01.06.1972. Prof. Smt. M.C. Desai Arts &
Commerce College, Sambharkanta. Add. 6,
Rambagh Society Thalota Road VishNagar
Distt. Mehsana. Spl.Ref. Alaṅkāra Śāstra.
Joshi, Sanat B . Ph.D. b. 08.01.1965. Prof.
Shri & Smt. P.K. Kotawala Arts College
Rajmahal Road Patan, Gujrat. Add.10, Ganesh
Nagar Society, Near Umiya Nagar, Patan.
Spl.Ref. Alaṅkāra Śāstra.
Joshi, Santosh Kumar. M.A., Ph.D., b.
25.07.1977, Gandwari. Add. P.O. Manilal
Gandwari. H.No. 765. Dist. Nizamabad. (A.P.).
503 114. Ph. 9441054965. Spl.Ref. Skt.
Literature.

