232



Rao, Dharmoji G. Vidyapravina. b.10.01.1957,
Velivel, A. P. Sanskrit Teacher. Gp.
Narasinhacharyalu, C. H. Laxminarayana. Ps.
02. Add. Shri Venkateshvar Oriental High
School, K.T. Road, Vinayaka Nagar, C-39,
Tirupati–517507 (A.P.). Spl.Ref. Sāhitya.
Rao, Jagannath. Acharya in Navya Vyākaraṇa.
b.04.06.1952, Narsipur. Principal. Gp.
Pundariksacharya. Add. Sri Bharat Sanskrit
Mahavidyalaya, Rishikesh (U.P.). Spl.Ref.
Vyākaraṇa.
Rao, K. Giridhara. M.A., M.Ed., Ph.D. b.
11.07.1976, Ongole. Asst. Prof., R.Sk.S.
Shringeri. Bks. 01. Bhāśā Praveśa–II. Ps. 06.
Add. S/o K. Ramulu, 15 -03 – 10, Bhimaraju
Vari St. Ongole-523001, Prakasam, A.P.
Rao, Kalpatru Bhaskar. Tarka Bhushan, M.A.
(Nyāya), Ph.D., Nyāya, Darśanaa. b.18.11.
1936. Ps. 05. Add. Kameshwari Nilayam,
Koralgunta Road, Tirupati – 517501 (A.P.).
Spl.Ref. Nyāya Darśana. Bhāṣā Śāstra.
Rao, Kaluri Hanumanta. B.Sc. M. Pharm, Ph.D.
b. 20.09.1931 Gp. Sitaram Shastri, Amarwadi
Krishnamacharya, Varadvetkar Krishnaacahrya
Bks. 04. Sītāharaṇam (Nā-akam), Sāhitijagati
(Nibandhasaṅgrahaḥ). Ps. 15. Asst. Prof.,
College of Technology, Osmania University,
Hyderabad – 500007 (A.P.). Spl .Ref. Sāhitya,
Vyākaraṇa, TarakŚāstra.
Rao, Krishnamurti Vijayendra. b.08.07.1954,
Kumbakonam, TN. Vedic Exponent. Gp. B.
Ramchandra Acharya. Add. Shri Kodanda Ram
Swami Devasthanam, Tirupati (A.P.). Spl.Ref.
Ṛgveda (Karmanta).
Rao, Lila. Bks. 05. Tukārāma Carītam,
Gyāneśwar Carita, Mīrācarita, Tulacalādhīrohan, Māyāzāla.
Rao, Nagaraj H.V. Vidvan M.A. (Sanskrit,
English). b.10.09.1942, Somenhalli, Kolar,
KT. Research Asstt.. Gp. G. Vishnumurti Bhatt,
S. Ramaswami Ayyangar, T. Sitaram Shastri,
S.M.S.Varadachary. Ps. 04. Add. Oriental
Research Institute, Mysore University, Mysore–
570006, (KT). Spl.Ref. Alaṅkāra, Sāhitya,
Vyākaraṇa.

Rao, P. Uma Maheswara. M.A., PGDSCA, Ph.D.
b. 01.07.1974, Krishnaraipuram. Principal,
Sri Chaitanya Jr. College. Bks. 01. Subhāṣitās
in Bhāgavatam. Add. Sri Chaitanya Jr. College,
Sri Kiran Residency, Dr. No 9-25-1
Vishakhapatnam-530003. M. 09246775547.
maheshsanskrit007@yahoo.com Spl.Ref.
Vyākaraṇa.
Rao, Pandita Kshama. Matric. b.04.07.1890.
Pune. Pandita. Bks. 12. Satyāgraha Gīta, Mīrā
Laharī, Śaṅkar Jīvanarāṇyam, Tukārāmcaritam, Kathāmuktāvalī. Expired on
22.04.1954. Spl.Ref. Seven Aikanki, Four Play,
Thirty Five Short Stories, Vichitraparishad
Yotra, She was inspired by Gandhi ji & She
Wrote Satyagrahgeeta.
Rao, Parthasarathi. M.A. b.25.03.1944,
Vishakhapatnam, (A.P.). Asst. Prof. Ps. 02.
Add. Laxmaneshvar Govt. College, Kharid,
Bilaspur (M.P.). Spl.Ref. Sāhitya.
Rao, Raghavendra R. M.A. b.08.12.1953,
Bangalore, KT. Research Associate, O.R.I.
Mysore. Gp. Dr. G. Marula Siddhayya, Dr.
H.P. Malladevaru. Ps. 03. Add. No. 2847/
2II, Main Jayanagar, Mysore (KT). Spl.Ref.
AlaṅkāraŚāstra.
Rao, Rajeshvar S. b.1947, Teacher, E.M. Convent
School, Narsipatnam. Ps. 02. Add. 19/100,
Kapu Street, Narsipatnam (A.P.). Spl.Ref.
Sāhitya.
Rao, Ramchandra S. M.A. b.25.07.1910, Kolar,
KT. Rtd. Asst. Prof. Gp. Ramaswami, D.
Shrinivasacharya, Setumadhavacharya. Bks.
Rasagaṅgādharaḥ (samīkṣāsahita, ed.). Add.
234/2, II Main, Jayanagar, Mysore–570014
(KT). Spl.Ref. Alaṅkāra Śāstra, Vyākaraṇa,
Darśana.
Rao, Ramkrishna B. S. Alaṅkāraavidvan, M.A.,
Ph.D., Hindiratna. b.26.10.1952, Basuru
Tarikere, Chikamagalur, KT. Gp. Dr. T. S.
Krishna Rao. Ps. 02. Add. Near Purnaprajana
Layout, Banashankari–III, Bangalore-560085
(KT). Spl.Ref. Alaṅkāra.
Rao, S. Balachandra. M.Sc., Ph.D. b.30.12.1944,

