
Bks. 01. Śrīsubhaṣacaritam. Spl.Ref. Śāstrachudamani, Editor of Sanskrit Sanjeevan,
Aryavarta, Dainik Rashtra Vani, U.P. Skt.
Sansthan Samman.
Shukla, Triveni Prasad. Ph.D. b. 30.06.1944.
Mirjapur, U.P. Serveyar, R.Sk.S., Lucknow
Campus. Bks. 02. Gītamañjarī, Vālmīkirāmāyaṇasya Kāvya-dṛṣ-ayānuśīlanam. Add.
U.P. Sanskrit Sansthan, New Haidarabad,
Lucknow.
Shukla, Udayan Kumar Hari Shankar. Acharya
in Vyākaraṇa , Sāhitya. Shiksa Shastri. Ph.D.
b.18.11.1944, Surendra Nagar, GJ. Prof.,
Varodara Sanskrit College, M.S. University,
Varodara. Gp. Shobhita Mishra, Dr. Jainarayan
Pathak, Pt. Laxmishankar Shukla, Hari Prasad
Mehata. Ps. 05. Add. B-15, Vaibhav Society,
Near Sangam Society, Harlani Road, Varodara.
Spl.Ref. Vyākaraṇa & Jyotiṣa.
Shukla, Uma Shankar. Acharya (Siddhānta
Jyotiṣa, Falita Jyotiṣa) M.A. in maths. b.
05.07.1951. Jaunpur (U.P.). Prof., S.S.U.
Varanasi. Gp. Pt. Mata Bheekh Shukla, H.N.
Awadh Vihari Tripathi, Pt. Ganesh Dutt Pathak,
Dr. Murarilal Sharma, Lt. Pt. Rajmohan Pandey.
Sp. Prof. Sarvanarayan Jha, Dr. Krishn Kumar
Pandey, Dr. Akhileshwar Mishra. Bks. 11.
Muhurtacaintāmaṇī Tīkā, Vṛhata Jyotiṣa Sāra,
Bhāvakautūhalam,
Bhābhramarekhānirūpaṇama, Calana kalnam. Ps. 200. Add.
B – 1, Acharya Nivas, Sampurnanand Sanskrit
University, Varanasi – 221002. Ph. (0542)
2204995, 9415374480. Spl. Ref. Aryabhutt
Upadhi, Rajbhavan Jaipur (by Pratibha Patil).
Jyotiṣa Kovhid, Maharishi Mahesh Yogi Vaidik
Vishvavidyalaya, Holand, Germany, Nepal etc.
Shukla, Umakant. Acharya (Vyākaraṇa
Sāhitya), Ph.D.. b. 15.12.1983. Teacher Ps.
02. Add. Shri Kashi Vishwanath Ved
Vidhyalaya, Meerghat, Varanasi – 221001.
Ph. 08005130395, (0542) 2405476,
09454163138.
Shukla, Umakant. M.A.(Skt., Hindi), Acharya
(Sāhitya, Sāṅkhya Yoga), Ph.D. b.18.01.1939.
Rtd. Reader, SD College Shastra Chudamani,

297

Muzaffar Nagar. Bks. 04. Maṅgalyā,
Parīś-idarśanam, Caṅgerikā, Kuhā Sarasa
Manohārī Saṅgraha. Add. 604, Sanjay Marg,
Patel Nagar, Muzaffur Nagar, UP.
Shukla, Usha. M.A., Ph.D. b. 30.05.1965.
Research Asst., Rashtriya Skt. Sansthan, New
Delhi. Bks. 05, Jalantarhiteagniḥ, Agniśabdasyupattiḥ tasya vividhaḥ, Vyākhyāśca, Jala
main Vidhyamana Agni, Vaidikāvañmaye
Agnitattva saṃikśaṇam. Add. 06, Sharda
Appartment 3, West Enclave Pithampura Delhi.
Ph. 09868114985. Spl.Ref. Manuscriptology
and Peleography.
Shukla, Usha. M.A., Ph.D. b.30.05.1965.
Allahabad, U.P. Research Asociate, L.B.S.,
New Delhi. Ps. 10. Add. 45, Sharda Appartment,
West Pritampura, Delhi.
Shukla, Vachaspati. Acharya in Sāhitya. b.01.01.
1951, Mahson, Basti, U.P. Asst. Prof. Gp. Dr.
Vidhyaniwas Mishra, Dr. Atul Chandra Benarji,
Ramavadh Pandey, Dr. Parasnath Ram
Tripathi. Dr. Umesh Chandra Pandey. Ps. 05.
Add. Degree College, Pahi, Pratapgarh U.P.
Spl.Ref. Sāhitya.
Shukla, Ved Prakash. Acharya in Vyākaraṇa.
b.05.08.1960. Asst. Prof. Add. Rishikul Sanskrit
Mahavidhyalaya, Bakoli, Delhi. Spl.Ref. Veda
& Navya Vyākaraṇa.
Shukla, Ved Vyas. Acharya in Sāhitya, Ph.D.
b.01.07.1944, Khoda, U.P. Bks. Sauprabham,
Kaumāram, Gatiḥ, Sabhyācaraṇam. Add. Garg
Prakashan, Khoda, Deoria U.P. Spl.Ref. Sāhitya.
Shukla, Veni Madhav. b.1850. Jaunpur, U.P.
Gp. Shri Durgadutta Shastri, Jayadev Mishra.
Bks. 05. Paṇiniya Sūtra Nyāsa Śastrarthakalā,
Paribhāṣenduśekharaḥ, Bṛhat Śāstrārthakalā,
Pariśkāra Darpaṇa, Kaumudīkalpalatikā (Com.
Vaiyākraṇa-būṣaṇasāraḥ), Expired in 1953.
Shukla, Vijay Shankar. M.A., D.Phil.
b.15.03.1960. Allahabad. Sr. Research Officer.
IGNCA, New Delhi. Gp. Late Dr. Siddha Nath
Shukla, Prof. G.C. Tripathi, Pt. Satkasi
Mukhopadhyaya, Pt. Devdutt Shastri; Prof.
Prakash Pandey. Bks. 01. Ṛgvedakālīna Samāja

