340

Kulhadiya. Prayog Nagar. Prof., Sir Sundarlal
Hospital Aayurvaidik College, Lahore. Gp.
Pt. Keshav Prasad Upadhyay, Pt. Satyanarayan
Shastri, Kaviraj Pratap Singh, Pt. Jagannath
Prasad Vaipeyi, Dr. Ghanekar. Sp. M.M.
Gannath Sen, Aacharya Yadav ji, Vedkhyali
Ram ji, Aayurved Panchanan Pt. Jagannath
Shukla. Bks. 03. Ps. 60. Spl.Ref. Recipient of
President Award on occasion of swarnjayanti
of vidwat vaidya parishad in 1986 – 87.
Uppili, Shrinivasan. b. 1923. Add. 24.
Patrachariar Street, Kumbhakonam , Tamil
Nadu. Spl.Ref. Veda (Krsnayajus, Laksananta).
Upreti, Jaya Datt. M.A., Acharya in Vyākaraṇa,
Yajurveda, D.Phil., D.Litt. b. 02.05.1935, Rtd.
Asct. Prof., Principal. Maharshi Dayanand
Gurukul Almora. Gp. Virendra Shastri, Ananda
Jha. Bks. 05. Veda meṃ Indra, Laghukāśikā,
Siddhāuta Śatakam, Dirghāyu Rahasyam,
Saṃskṛta Romānī Hindī Kośa. Add.
Swastyayan, Talla Thapliye Almora 01 U.K.
Spl.Ref. Recipient of President Award.
Upreti, Mansaram. M.A., Acharya in Sāhitya.
Asst. Prof. Ps. 01. Add. R.B.L. Gagarmal Sanskrit
College, Court Road, Amritsar (Punjab).
Spl.Ref. Sāhitya.
Upreti, Pushplata. M.A., L.T. b. 05.05.1936.
Teacher (PGT), Govt. Boys Senior Secondary
School, Delhi. Ps. 01. Add. 1367, Type II,
Timarpur, Delhi – 110006.
Upreti, Thaneshvar. Acharya in Sāhitya. b.
15.05.1935, Banku, Pithauragarh, UK. H.O.D.
of Sāhitya. Ps. 01. Add. Shri Vishwanatha
Sanskrit Mahavidyalaya, Bela Road, New Delhi.
Spl.Ref. Sāhitya.
Usha, Satyavrat. M.A., Ph.D. b. 15.10.1934,
Asst. Prof., Kamla Nehru College, Delhi. Ps.
02. Add. 3/54, Roop Nagar, Delhi – 110007.
Spl. Ref. Sāhitya, President Awardee.
Usha. M.A., Ph.D., LL.B.. b. 03.03.1951.
Ahmedabad. Research Officer, Oriental
Institute. Bks. 02. Index to Journal of Oriental
Institute Vol. XXVI – L, (1976 – 2000). An
Alphabetical List of Manuscripts in the Oriental
Institute Baroda Vol. IV. Ps. 50. Add. Oriental
Institute, Opp. Palace Gate Palace Road,
Vadodara – Gujarat – 390001. Ph. (0265)
2784295, 2425121, 09898050179.


V
Vachaspati, Ved Prakash. M.A., Ph.D. b.
25.08.1921. Joint Director. Ps. 25. Add. V.V.
Research Institute, Hoshiarpur Punjab. Spl.Ref.
Sāhitya-śāstra.
Vachaspati. M.A., Ph.D. b. 27.04.1940, Lahore
(now in Pakistan). Asct. Prof., Khalsa Evening
College, Delhi. Gp. Dinanath Shastri,
Ramchandra Dwivedi, Jagdish Dutt Dixit. Ps.
05. Add. 4943/3, Shivnagar, karol Bagh, New
Delhi. 110005. Spl.Ref. Sāhitya śāstra.
Vadekar, Mukund Lal G. Ph.D. b. 09.02.1955.
Prof. Prachya Vidhya Mandir, M.S. University,
Varodara. Ps. 05. Add. Shri Ram Sankul Mangal
Bazar Lahripura, Varodara. Spl.Ref. Vedāntaśāstra.
Vadekar, Mukund Lal. M.A., Ph.D. b.
09.02.1944, Vadodara, Gujarat. Asstt. Editor,

Deptt. of Vishnu Purana, Oriental Institute,
Vadodara. Gp. Arunodaya N. Jani, S.G.
Kamtaval, Sulochana Nayane. Ps. 05. Add.
Laharipur, Mangal Bazar, Koteshwar Mahadev,
Vadodara (GJ). Spl.Ref. Sāhitya.
Vadhyar, Gopalakrishna K.S. Traditional
Education. b. 02.04.1922, Lyada Chola,
Mannarghat, Palakkad, Kerala. Rtd. Asst. Prof.
Ps. 02. Add. 2/79, New Kalpathi, Palakkad
(Kerala).
Vadhyar, Narayan P. Age. 38 yrs. in 1988,
Tirunelveli, TN. Gp. Suddhapalli Subrahmanya
Shastri, Ramchandra Shastri. Add. 33-A, Kanchi
Kamakoti Math, Sannidhi Street, Rameshwaram (TN). Spl.Ref. Kṛṣṇayajurveda
Kramanta, Parishilita Smarta.
Vaghani, Ishwar Bhai Savsi Bhai. Ph.D. b.

