
b.21.08.1958. Khurai, Sagar, M.P. Prof., (Jain
Darśana), R.Sk.S., Jaipur Campus, Rj. Gp.
Parmeshvarlal Mishra, Dr. Gulab Chandra Jain,
Narendra Bhisiker, Ratanchandra Bharilla,
Mahadev Dhamskar, Gangadhar Dwivedi. Sp.
Dr. Veersagar Jain, Bks. 05. Jaina Karma
Siddhānte Bandha-mukti-vimarśa, Pravacanasārabhāṣākavitta, Bhaktāmbara-śatadvaikāvyam, Bundelakhan©agauravam: Pt.
Gorelāla Śāstrī. Ps. 05. Add. 5/47, Malviya
Nagar, Jaipur- 302017.
Singhal, Dinesh Kumar. M.A. (Sanskrit & Hindi).
M.Phil., Ph.D. b.20.03.1955. Hasanpur,
Saharanpur (U.P.). HoD., L.B. College, Panipat,
HR. Bks. 02. Gadyacintāmaṇī Ek Samikṣātmaka
Adhyayana, Śrī Munisubratakāvyam. Ps. 02.
Add. Aggarsain Colony, Assandh Road, Panipat,
Haryana.
Singhal, Usha. M.A., Ph.D. b. 03.11.1943.
Jagadhri (Hayrana). Bks. 02. Ps. 15. Add.
Deptt. of Sanskrit, Kurukshetra Univ.,
Kurukshetra, Hayrana.
Singhavi, Sushma Ganga. M.A., Ph.D. Dip in
French. b.12.12.1949, Jodhpur, RJ. Asct. Prof.
Jodhpur University. Gp. Surjan Das Swami,
Rasikbihari Joshi. Ps. 05. Add. 913, Third D
Road, Sardarpura, Jodhpur RJ. Spl.Ref.
Darśana Śāstra.
Singhdeo, Brajendra Kumar. M.A., Ph.D.,
Sāhityacharya. b.16.02.1969. Balasore
(Orissa). Asst. Prof., Sāhitya. Gp. Prof.
Radhavallabha Tripathi. Prof. Achyutanand
Dash, Pt. Bachchoolal Awasthi. Bks. 02. Ps.
20. Add. Bhagwan Das Adarsh Sanskrit
Mahavidyalay, Haridwar, U.K. Spl.Ref. Kāvya
Śāstra & Morden Sanskrit Literature. Poet
& writer of sort stories and plays.
Singhdeo, Dharmendra Kumar. M.A., M.Phil.,
Ph.D., Sāhityacharya, P.G. Dip. In
Computational Linguistics. b.22.11.1971.
Balasore (Orissa). Asst.Prof., R.Sk.S., Bhopal
Campus, M.P. Gp. Pt. Bachchoolal Awasthi,
Prof.
Radhavallabha
Tripathi.
Prof.
Achyutanand Dash. Sp. Sukhdev Sharma, Dr.
Rishan Bhardwaj, Dr. Vishnu Prasad Meena.

301

Bks. 07. Sarala Subhāṣita Mālikā, Ādhunika
Saṃskṛta Sāhitya Sandarbha Sūcī (ed.), A
New Bibliogaraphy of Alaṅkāraśāstra,
Nā-yaśāstra – Ch.I (with Hindi vyākhyā),
Punarjanma-Vimarśaḥ. Ps. 25. Add. Rashtriya
Sanskrit Sansthan, Bhopal Campus, Bag
sewania, Bhopal, M.P. Spl.Ref. Kāvya Śāstra
& Nā-ya Śāstra, Development of material for
Sanskrit studies. Computational work for
Sanskrit. President Awadee (Maharshi
Badarayana Vyas Samman–2011), Govt. of
India. Devavanibhushanam 2011 by Devavani
Parishad, New Delhi. Literary criticism. Email:
drdksinghdeo@gmail.com
Sinha, Anil Kumar. M.A., D.Phil.. b. 30.05.1961.
Asct. Prof. & Head, D.A.V. Post Graduate
College, Kanpur. Bks. 01. Ps. 18. Add. H. Block–
1332, Avas Vikas Scheme No. – 01. Kalyanpur,
Kanpur.– 208017(U.P.) Ph. (0512) 2574045,
9889271660.
Sinha, Jagadamba Prasad. Acharya in Sāhitya,
M.A., Ph.D., LL.B.. b. 27.05.1933, Sitapur
(U.P.). Asst. Prof. (Rt.) Lucknow Univ.. Gp.
Prof. K.A.S. Iyer, Prof. K.C. Pandeya, Prof.
S.V. Singh, Prof. D.N. Shukla, Pt. Rudra Prasad
Awasthi, Pt. Anand Jha, Prof. A.C. Banerjea.
Sp. Prof. Navajivan Rastogi, Prof. U.P. Rastogi,
Prof. A.K. Kalia, Prof. K.K. Mishra, Prof. R.S.
Mishra, Prof. O.P. Pandeya, Prof. B.K. Shukla,
Prof. K.N. Mishra, Dr. Shshi Tiwari, & Dr.
Priti Sinha. Bks. 13. The Mahābhārata – A
Literary Study, Nalopākhyānam with Hindi
Translation, Notes etc, Saṃsārasāgaramanthanam Part–I. Ps. 05. Add. ‘Samskrtam’
2/144, Vikas Khand, Gomti Nagar, Lucknow.
Pin – 226010. Ph. (0522) 2393893,
9335544933. jpsinha_india@yahoo.com.
Spl.Ref. President Awardee 2007,Vistist
Puraskar From U.P. Skt. Sansthan.
Nethreland,Italy.
Sinha, Mahavir. M.A. b.07.09.1955. Teacher,
Saint Anthony Boys Senior School, Paharganj,
New Delhi. Ps. 02. Add. C/o Shyam Lal, House
No. 28, Gali No. 3, Jwalanagar, Shahdara,
Delhi. Spl.Ref. Sāhitya.

