
Dharmavir, Acharya. M.A., Acharya, Ph.D..
b. 10.04.1970, Darbhanga (Bihar). Post
Doctoral Senior Scholar. Ps. 11. Add. C/o
Prof. Vidhata Mishra, Near Gas Godown, Laxmi
Sagar, Dharbhanga (Bihar) 846009. Ph.06272–
35146. Spl.Ref. Linguistics.
Dharmdas. Vyākaraṇa, Sāhitya, Darśana,
Āyurveda. b. 1862. Vill. Chupi, Navdwip,
Bengal. Chairman, Prachya Vidya Vibhag,
Kashi. Principal. Aayurveidic College, Kashi.
Gp. Pareshnath Sen. Sp. Pt. Satyanarayan
Shastri. Pt. Rajeshwar Shastri. Pt. Durgadutt
Shastri. Kavi Brijmohan Dixit. Expired in 1935.
Spl.Ref. Āyarveda.
Dhasmana, Vidyadhar. M.A., MOL, Ph.D.
Acharya. Asct. Prof., GM National College,
Ambala Cantt. Bks. 01. Muktakamañjaram.
Spl.Ref. Swaranaawaran from Punjab
Brahaman Mandal, Lahore.
Dhata, Ramchandra Krishna. Kāvyatīrtha. Age.
60 years, Dombivili, MH. Add. Nasa Niwas,
Ajanta Co-operative Housing Socienty,
Dombivili (E), Thane (MH). Spl.Ref. Sāhitya,
Vyākaraṇa.
Dhavala, Venkatsubbarao. M.A. b. 27.09.1932.
Asst. Prof. Add. WZ-405, Basai Darapur, Delhi.
Spl.Ref.Sāhitya Śāstra.
Dhir, Aparna. M.A., Ph.D. b. 09-01-1983.
Bhatinada, Punjab. Co-ordinator. Rashtriya
Sanskrit Sansthan, 56-57 Institutional Area,
Janakpuri, New Delhi. Gp. Dr. Shashi Tiwari.
Ps. 06. Add. H.No. 1 Road No 22, Punjabi
Bagh Extn. New Delhi -110026 Ph. 01125225469, M. 09990433340. dhir.aparna@
gmail.com Spl.Ref. Dr. Prabhu Dayal Agnihotri
memorial Award, Joint Secretary WAVS.
Dholakiya, H.R. M.A., Ph.D. Principal. Ps. 05.
Add. Govt. Skt. Mahavidyalaya, Indore (M.P.).
Spl.Ref. Sāhitya, Chhanda, Bhaṣāvijñāna.
Dhumaketu, Acharya. Acharya Sāhitya. b.
04.10.1962, Badakata, Sundargarh, Orissa.
Asst. Teacher. Add. Veda Vidyalaya, Gautam
Nagar, New Delhi. Spl.Ref. Sāhitya.
Dhundiraj, Kaveeshwar Shreepad. B.A., S.T.C.

61

Nyāya, Vyākaraṇa, Darśana. b. 17.11.1927.
Narasobawadi. Kolhapur, MH. Ps. 03. Add.
14- Tilak Dham, Cama Road, Andheri West,
Mumbai, MH. - 400058. Ph. (022) 6289773.
Dhuse, Vasudev. Vyākaraṇa. b. 43 yrs. Asct.
Prof, Shri Lalbahadur Shastri Kendriya Sanskrit
Vidhyapeeta, New Delhi. Ps. 05. Add. 149A, Kalwaria Sarai, New Delhi. 11016. spl.Ref.
Vyākaraṇa Śāstra.
Dhyani, Pitambaradatt. M.A.. b. 15.06.1927.
Teacher (Sanskrit), Hira Lal Jain Senior
Secondary School, Sadar Bazar, Delhi. Ps.
05. Add. X-4342, Aryapura, Sabzi Mandi, Delhi.
Dhyani, Rajendraprasad. Acharya. b. 01.01.
1952. Asst. Prof., D.A.V. Senior Girls College,
Nizamuddin, New Delhi. Ps. 03. Add. C-499,
Kidwai Nagar, New Delhi. Spl.Ref. Sāhitya,
Vyākaraṇa.
Digambara, Subrahmanyashastri K. M.A. b.
15.07.1948, Vijayawada, Dist. – Krishna, A.P.
Asst. Prof. Gp. Gopalakrishnamurti Shastri,
Mrdulapalli Manikyashastri. Ps. 05. Add. 2842/2, 14, Near Rail Road, Guntur – 4 (A.P.).
Spl.Ref. Alaṅkāra-Śāstra.
Digindrachandra, Acharya. Jyotiṣa Bhushana,
Vyākaraṇa Vedānta, Dharmaśastrī. b.
31.08.1934, Silhat, Bangladesh. Ps. 05. Add.
South Billapur, Silchar, Kachar (Assam).
Spl.Ref. Jyotiṣa, Vyākaraṇa. Vedānta, DharmaŚāstra.
Dimari, Jagadisha Prasada. Acharya in
Vyākaraṇa, Ph.D. b. 01.01.1946, Chamoli,
Uttarakhanda. Asst. Prof., Russian Languages.
Gp. Ramaprasada Tripathi, Pt. Bhupendrapati
Tripathi. Bks. 04. Pāṇīnī evam As-ādhyāyī,
Aṣ-adhāyī me rūpasa‚racanā ke siddhānta.
Add. Dept. of Russian Languages, Central
Institute English & Foreign Languages,
Hyderabad – 500007 (A.P.). Spl.Ref.
Vyākaraṇa, Russian Languages.
Dimari, Nagadutt. Acharya, M.A., Ph.D.. b.
12.06.1940, Garhwal, Uttarakhanda. Asst.
Prof. Gp. Mallanadev Pant, Devadutt Shridhar
Sharma. Add. Rajakiya Skt. College, Nahan,
Sirmaur, Himachal Pradesh. Spl.Ref. Sāhitya.

