
Angiras, Aditya. M.A., M.Lib., Ph.D. b.
17.09.1965, Hoshiarpur. Ps. 02. Add. 1605.
Sector - 44 B, Chandigarh 160047. Ph. (01882)
221002.
Anita Rani. M.A., Ph.D. b. 02.03.1973 Kaithal,
Haryana. Lect. (Skt.) TGT. Gp. Dr. Arvind
Kumar. Sp. Neelam Sharma. Ps. 02. Add 129/
11 Nehru Garden Colony, Kaithal 136027.
M. 09416079637
Anita. M.A., Ph.D. b. 05.07.1980, Lucknow.
Astt. Prof., M. G. Kashi Vidhyapeeth. Ps. 01.
Add. Plot No. 40 D. Mahamanapuri Colony.
Post Sushuwahi, BHU, Varanasi (U.P.) 221005.
Ph. 9450533555.
Anjurani. M.A., Ph.D. b. 05.01.1980. Chamoli,
Gadhwal. Bks. 02. Relayātrā, Capalaśatakam.
Add. A-10 Railway Road, Modi Nagar,
Gaziabad – 04. U.P.
Annadacharan. b. 1862. Somapada, Bengal.
Spl.Ref. He was awarded by ‘Tarkachū©amaṇi’
State. Kashi Pandit Samaj.
Annadura, Rajagopalacharya. Śiromaṇi. b.
08.05.1923. Annadur, Chengalpet, Tamil
Nadu. GP. Gosthipur Vasudevacharya, Srinallur
Rangacharya, Puduseri Doraisvami Ayyangar.
Bks. Kodaṇ©a Svāmi Devasthānasthala-Purāṇa
Add. 17, Sannadhi Street, Madhurantakam–
603306. (T.N). Spl.Ref. Kṛṣṇa-yajurveda.
Aptikar, M. S. b. 23.04.1912. Satara
Maharashtra. Add. 105 B, Mangalwar peth,
Satara 2, Maharashtra. Spl. Ref. Skt. Poet.
Aralikatti, Ramchandra Narasimha. M.A. (Skt.
and Education), Ph.D. b. 05.05.1931.
Jamkhandi, KT. Ex-Registrar and Prof.
Kendriya Skt. Vidyapeetha, Tirupati. Bks. 21.
Ps. 140. Spl.Ref. Sāhitya, Darśana, Education,
Linguistics, Presently he is Shastra Chudamani
Scholar in Tilak Maharashtra Vidyapeetha,
Pune. President Awardee.
Aravamudachariyar, M. S. b. 1910, Melpakkam,
Chingalpet, T.N. Gp. Tillaisthanam Svami
Ghanpathi, Purisai Varadacharya, Srinivasacharya. Add. 6, Anaikatti Street, Kanchipuram
(T.N.). Spl.Ref. Veda, Vedānta.

Aravamudan, P. V. b. 1936, Purisai, North
Arcot, Tamil Nadu. Vedaparayana Kartta.
(Vedic Exponent). GP. Srikrishnamacharya.
Add. 16, N.M.T. Quarters, Tirumala – 517504
(A.P.). Spl.Ref. Kramānta Kṛṣṇayajurveda.
Aravamudan, T. b. 26.11.1925, Srivilliputtur,
TN. GP. Chelan Ayyangara Swami. Add. 4,
Anand Nagar, Sri Nagar Colony Extension,
Kumbhkonam(T.N). Spl.Ref. Kṛṣṇayajurveda.
Archaka, R. H. Siromani in Nyāya, Nyāya
Vedānta Vidvan. b. 02.05.1913, Dharwad,
Karanataka. Asthana Vidvan. Add. 6/1, Sitapati
Agrahara, New Taraganj. Bangalore – 560002
(KT). Spl.Ref. Vedānta & Nyāya.
Arjunwadkar, Krishna S. Advaitavedānta Kovid,
M.A. (Skt., Ardhmagadhi) b. 31.10.1926.
Belgaun. Reader Univ. of Bombay. Bks. 20.
Ps. 300. Add. 1192, Shukrawar Peth, Pune –
02. MH. Spl.Ref. Visiting Prof. in British
Columbia Univ. 1973-74. Visiting Lecturer
the Yogik Path London 1999-2000. Known
as International Writer, Honourary Director
Skt. Sanskriti Sansodhika, Gyanprabhodhini
Pune, President Awardee.
Arksomayaji, Dhulipal. M.A., Ph.D. b.
Rajamundri, A.P. Rtd. Project Officer, Research
Deptt. Tirumalatirupatidevsansthana, A.P. Bks.
02. Śrīmat Sītārāmāñjaneyam, Śrīmatprasannāñjaneyam.
Spl.Ref.
President
Awardee.
Arora, Karuna. M.A., M.Phil.. b. 13.10.1961,
Amritsar, Punjab. Asst. Prof., A.S. College,
Add. C/o A.S. College, Anloha Road, Khanna
(Punjab). Spl.Ref. Darśana.
Arora, Komal. M.A., Shiksashastri. b.
18.11.1959. Teacher, Manava Sthali Vidyalaya,
R-Block, New Rajendra Nagar, New Delhi.
Add. New Layalpur Colony, Krishna Nagar,
Delhi – 110051. Spl.Ref. Sāhitya.
Arunachalam, S. Siromani in Sāhitya, Shiksashastri. b. 11.06.1940, Vettavalam. Tiruvannamalai Dist., Tamil Nadu. Gp. Krishnaghanapathi. V.H. Subrahmanya Sastri. Polagomarama Sastri. Add. 11, East Dabeer Street,

