
Potuval. Bks. Mādhavācārya, Bhāratīya Śāstra
Darśana, Saṃskṛta Adhyāpanam. Add. Tamara
Sadanam, Tripunittura Kerala. Spl.Ref.
Vedānta.
Sharma, Vitthal Dev Muni Sunder. R.A.
Usmaniya Univ., Hydarabad. Bks. 05.
Śrīnivāsaśatakam,
Devīśatakam,
Vīrāñjaneyaśatakam, Chāyāpatiśatakam,
Śambhuśatakam (1983).
Sharma, Vrij Mohan. Acharya in Sāhitya, B.Ed.
b.15.02.1933, Alwar, RJ. Asst. Prof. Gp. Krishna
Dutt Shastri. Ps. 03. Add. Malakhera, Outside
Darwaza, Meru Chabutara, Alwar, RJ. Spl.Ref.
Sāhitya.
Sharma, Y. Subhramanyam. b.1890, Banglore.
Bks. 01. Mūlavidyānirāsaḥ (Śrī Śaṅkarahṛdayam). Expired in 1930.
Sharma, Yash Paul. M.A., B.Ed., M.Ed.
b.01.01.1972, Jammu. Teacher. Ps. 03. Add.
R/o Ghari Bishana, Tourian, Akhnoor, Jammu
– 181202 (J&K).
Sharmopadhyay, Devdutt. Acharya Teerth,
M.A., Ph.D. HoD., Govt. Sanskrit College,
Varansi, U.P. Bks. 01. Tattvapariśuddhi
(Comm.). Spl.Ref. ‘Mīmaṃsā’-‘Bhāṣhya’ in
Hindi. Prepared Cataloge of Manuscripts 3000 at Saraswati Bhandar of Sanskrit College,
Varansi with Dr. Mangaldev ji.
Shashirekha, P. M.A., Ph.D. b.16.01.1952.
Nizamabad (A.P.). Bks. 02. Ancient Indian
Administration, Kautilya Penal Code. Ps. 18.
Add. 307, Manohar Apartments, Vidya Nagar,
Hyderabad–500044. (A.P.)
Shastri, Ambrish Kumar. Acharya, Ph.D.. b.
01.09.1967, Barabanki (U.P.). Asct. Prof.
Jawahar Lal Nehru P. G. college. Ps. 20. Add.
Acharya Sadan, Azad Nagar, Barabanki –
225001. M.9956182378.
Shastri, Amir Chand. b. 1918. Ahmedpurasyal,
Punjab. Prof. in LBS Rashtriya Sanskrit
Vidyapeetha. Bks. 01. Gītakādambarī Spl. Ref.
Poet, President Awardee.
Shastri, Amiya Chandra ‘Sudhendu’. Acharya
in Sāhitya, M.A., Ph.D. b.07.01.1945.

269

Tulagarhi, Rajagarhi, Mathura, U.P. Asst.Prof.
Hindu Inter College, Mathura. Bks. 07. Śrī
Paraśurāma-Vijayaśatakam, Buddha-carītam,
Śivarāja-Vijayam,
Halant-Prakraraṇam,
Pāṇinīya-Śikṣā (Ed.). Add. Manikutiram
Baipass, Kosikalan, Mathura. Spl.Ref.
KāvyaŚāstra.
Shastri, Amrit Lal. M.A., Acharya in Sāhitya
& Darśana. b. 07.07.1919, Vamrana, Jhansi
U.P. Asst.Prof. Skt. Univ. Varanasi. Bks. 05.
Varṇī Sūryaḥ, Gopāladaso Gurvekaiva,
Dravyasaṅgraham, Candra-prabha-caritam.
Shastri, Ananthakrishnan Sivaramakrishna.
Vidwan (Skt and Tamil), Rashtra Bhasha
Praveen, Tradition in Yajurveda, Vedānta,
DharamŚāstra. b. 03.10.1927. Tiruchirapalli,
TN. Principal Shankarmath Vedapathshala
TN. Bks. 06. Add. 66A, North Street,
Thiruvanaikoil, Tirchirapalli – 05. TN. Spl.Ref.
Yajurveda, Vednata, DharamŚāstra. Traditional
Teaching, President Awardee.
Shastri, Anil Chandra Kailash Chandra. M.Phil.
Ph.D. b.25.09.1945. Asct. Prof., Uttar GJ
University, Patan. Ps. 05. Add. 15 Surabhi
Tenament Hansapur, Unjha Road, Patan.
Spl.Ref. Yoga.
Shastri, Arun Chandra Dev Shankar. Ph.D.
b.31.12.1931. Prof., M.T.B. Arts College Surat.
Ps. 05. Add. 20 Kadammba Palli Society,
Nanpura, Surat. Spl.Ref. Vedānta Śāstra.
Shastri, Ayodhyaprasad. M.A., Acharya
(NavyaVyākaraṇa, Sāhitya), Hindi Sāhitya
Ratna. Rtd. Lecturer, MG Inter College. Bks.
07.
Ratnāvalīcaritam,
Neharūdayam,
Chandovaihavam. Add Acharya Kutir,
Satynagar, Raibarelli, U.P.
Shastri, Badri Prasad ‘Prapurna’. Acharya
(Nyay/Vyākaraṇa/Vedānta). b.1919. Khetri,
Jhunjhuna, RJ. Peethadhyaksh(Vyakana),
Jagadguru Ramanandacharya Rajastha
Sanskrit Univ. Bks. 18. Śrīmañjunāthīyam,
Mādhuryāṣ-kam,
Prapattīpīyūṣārṇavaḥ,
Śrījagadguru-Gauravam, Śrīrāmajanma. Spl.
Ref. ‘Magh Puruskar’ awarded by RJ Sanskrit

