310



Tantri, Ananta. Dvaita Vedānta. b. 25.02.1948.
Bangalore, KT. Alaṅkāraasastra Teacher. Ps.
05. Add. Purna Pragya Vidyapeetham. Purna
Pragya Nagar, Bangalore–560028 (KT). Spl.Ref.
Dvaita Vedānta, Alaṅkāra Sastra.
Tantri, Padmaabh S. Dvait Vedānta Vidvān,
M.A., B.Ed. b.11.07.1943, Kanjaru, Udupi,
KT. Gp. Subraya Duranik, Ramkrishn Tantri.
Ps. 05. Add. Sanskrit Pathashal, Udupi, South
Kannad–576101 (KT). Spl.Ref. Dvaita Vedānta.
Taradatta, Kandapala. Acharya (Sāhitya). b.
04.04.1955, Jayavas, Nainital. Principal. Gp.
Dvijendranath Mishra. Ps. 03. Add. Shri Ram
Sanskrit Pathashala, Kalital, Nainital.
Tarkacharya, Kalipada. b. 1888, Faridpur,
Bangladesh. Unashiya, Kotalitada, Faridpur,
Bangaladesh. Acharya Skt. Mahavidyalaya
Kolkata. Gp. Haridas Tarkatirtha (Father).
Principal, Sanskrit College. Bks. 05.
Satyānubhavam (Poetry), Ālokatimiravaibhavam(Poetry), Yogībhaktacarita(Poetry),
Naladama-yantīyam(Play), Sindhunidhīnām(Play). Expired in 1972. Spl.Ref. Nyāya
Śāstra, Translated Gītāñjaliḥ in Sanskrit. He
was awarded M.M. by British Govt. &
‘Padmashree’ by Govt. of India. An Eminent
Scholar in Skt.
Tarkatirtha, Rajendra Chandra. Shastri. b.
07.06.1914, Haturkandi. Gp. Nabinchandra
Dharmashastri, Akhilachandra Kavyatirtha.
Add. Nabadu, Nadia–741302 (W.B.). Spl.Ref.
Veda & Tarkashastri.
Tarkchudamani, Anyada Charan. Vyākaraṇa.
Purāṇa. DharmŚāstra. Nyay. b.1861. Sampada,
Navakhali. Teacher. Ishwar-pathshala.
Kedarghat. Head Pandit, Sanskrit School
Navakhali. Bks. 14. Purāṇarahasyam, Dharmaśāstrakośa, Rāmābhyudayam, Mahāprasthānam, Sumanāñjaliḥ. Spl.Ref. Established Aarya
Mahila College for woman. M.M. awarded
by British Govt. in 1922.
Tarkratna, Panchanan. VyākaraṇaŚāstra.
b.1866. Bhatapara. Kolkata. Pandit, Varanasi.
Gp. Pt. Nandlal Vidyaratna, Raghumani

Vidyabhushan,
Jairam
Nyaybhushan,
Shivchandra Sarvbhaum, Balanand ji. Bks.
18. Sarva-maṅgalodaya, Śokam, Prāṇadūtam.
Prāyaścittavidhiḥ. Expired in 1946. Spl.Ref.
M. M. awardee. KāvyaŚāstra. Sāṅkya. Smriti.
Vedānta. Nyay. Yoga.
Tarkratna. Yadaveshwar. Vyākaraṇa, Sāhitya,
Nyāya, Vedānta, Yoga Darśana. b. 1850.
Itakumari, Rangpur. Teacher, Govt. High
School, Rangpur. Gp. Hargovind Siddhant,
Ishwar VidyAlaṅkāra, Pt. Kailashchandra
Shiromani, Vishu-ddhanand Sarasvati, Bks.
20. Śokataraṅgiṇī, Vāṇīvijayam, Subhadrāharaṇam, Aśrubindum, Gaṅgādarśana-kāvyam.
Expired in 1924. Spl.Ref. M. M. awarded by
English Govt. in 1905. ‘Panditraj’,
‘Panditkeshari’, ‘Kavisamrat’ upadhis. He was
also honourary magistrate in Rangpur.
Tarkvageesha, Fani Bhushan. Nyāya,
Vyākaraṇa. b.1876. Talkhadi, Yashohar,
(Bengal). Asst.Prof., Univ. of Kalkata. Gp.
Pt. Jankinath Tarkratna, Vedāntavageesh. Sp.
Prof. Gopinath Battacharya, Dr. Siddheshwar
Bhattacharya, Dr. Dineshchandra Guha, Pt.
Panchanan Bhattacharya, M. M. Pt. Umesh
Mishra, Pt. Badrinath Shukla, Dr. Gourinath
Shastri, Dr. Govind Gopal Mukhopadhyay.
Bks. 03. Puṃkhanupuṃkha, Talasparśī,
Nyāyaparicaya.
Spl.Ref.
Vedānta,
Sāṅkyateertha, Kāvya. M.M. awarded by British
Government
in
1926.
Chairman,
Harinampradayini Sabha, Bangiy Sāhityaparishad and Sanskrit Sāhitya parishad,
Kolkata.
Tarlekar, G. H. M.A. (Skt., Hindi), Music, Ph.D.
b. 07.05.1914. Kolapur. Rtd. Prof. in Skt. Bks.
09. Ps. 50. Spl.Ref. Skt. Music, President
Awardee.
Tatachariar, N. R. Satakopa. Kṛṣṇa-yajurveda,
Nyāya Śāstra, Mīmāṃsā, Dharam Śāstra, Ph.D.
b. 11.06.1965 TN. Jagannath Skt. Univ. Orissa.
Bks. 01. Ps. 05. Spl.Ref. Kṛṣṇajurveda, Mimāṃsā
Dharam Śāstra, Maharshi Badarayan Vyas
Samman by President of India.

