
Road, Kolgawan, Satna – 01 MP. Spl.Ref.
Vyākaraṇa, Linguistics, Philosophy, Phy.
Science, Veda, Vedic Science and Ancient
Mathematics, He has analysed ancient Shastras
deeply and exposed with special reference
to the Modern Science. His endeavor is to
highlight the formulae and theorems of ancient
mathematicians as are virtually entitle to be
known with their names, President Awardee.
Acharya, Suryanarayan. Acharya in Vyākaraṇa.
b. 1883, Kanod, Bhivani. Prof., Maharaja Skt.
College, Jaipur. SP. Sawai Mansingh. Bks.
02. Mānavāṃśa, Udyogalaharī. Ps. 49. Expired.
1951. Spl.Ref. Editor of Skt. Ratnakar Patrika
from 1933 to 1942. Awarded by Sahityabhushan.
Acharya, Tulsi. b. Ladanu, Rajasthan. Bks. 08.
Pañcasūtram, Śikṣāṣaṇṇavatiḥ, Kartavyaṣa-triṃśikā. Expired. Spl.Ref. Poet in Skt., Hindi,
Rajasthani. Jain Acharya.
Acharya, Vidya Sagar. b. 10.10.1946. Belgaon,
KT. Bks. 01. Pañcaśatī (Collection of 5 Shatkas).
Spl.Ref. Sanyasi. Marathi, Darśana, Itihas,
Religion, Sāhitya, Nyāya Vyākaraṇa,
Psychology.
Achyuta, Ramanujam K. śiromaṇi in Vyākaraṇa.
Siksha-shastri. b. 13.05.1958. Nallattur, South
Arcot, T.N. Add. 5, Krishna Ayyangar Street,
Gobichettpalayam – 638452, Periyar Dist.
Tamil Nadu. Spl.Ref. Vyākaraṇa.
Adamaru, Narayanacharya. śiromaṇi in
Vedānta & Vyākaraṇa, Kannada Vidvan,
Maisuru Vidvan. b. 1914, Adamaru, South
Kannad, KT. Gp Satyadhyana Tirtha. Add.
44, III Main, 19 th Cross, 6 Block, Jayanagar
II, Bangalore (Karnataka). Spl.Ref. Nyāya,
Yoga, Darśana.
Adat, Dharmaraj. M.A, Ph.D. b. 10.04.1957.
Adat. Prof. Shri Sankaracharya University of
Skt. Kalady. Bks. 25. Buddhānmūthal Mārxvare
(1987) Mārxisavum Bhāgavat Gītayum (1988)
Mārxism Mātam Sāstram (1989) Lokāyata
Darśanaṃ. Dr. K.N. Ezhuttānchante Kritikal.
Ps. 62. Add. Samskrethi. Kalady. Kerala – 683

3

574. Ph. 0484 - 2461633. M. 09447913160.
Adhikari, Balarama. Teertha in Kāvya,
Vyākaraṇa & Purāṇetihāsa. Age. 51 yrs., Fulini,
Arambagh, W.B. Add. Krishnaganj Mandir,
Badanganj, Hooghly (W.B.). Spl.Ref. Kāvya,
Vyākaraṇa. Purāṇetihāsa.
Adhikari, Hari Prasad. Ph.D. b.03.02.1963.
HoD., Sampoornanand Skt. Uni. Varanasi.
Gp. Kashinath, Pt. Ramapati Tripathi, Pt.
Mahesh Chandra Sharma, Prof. Radheshyam
Dwivedi. Bks. 04. Bhārtīya Tattvamīmāṃsā,
Sarala-Saṃskṛtam, Madhura-Saṃskṛtam,
Mānavīya-Jñāna-Viṣayaśasahsram. Add.3 A/
43, Aavas Vikas Colony, Dotalpur Raod,
Pandeypur, Varanasi 221002 U.P. Spl.Ref.
Awarded by U.P. Govt. Editor Gandivam Skt.
Magazine.
Adhikary, Madhan Mohan. Kāvya-VyākaraṇaSmṛti-Tīrtha M.A., Nyāya, Ph.D. b. 07.08.1954
Fului, W.B. Prof. Krishanganj Debabani Mandir.
Bks. 08. The New Horizon of Library
Clissification Theory Perveded By Oriental
Philosophy, Om Yoga Cosmopolitan Love and
Peace, Advaita Vedāntī Svāmī Vivekānanda,
Gītāmṛta, Hidden Roots of Library
Classification Ps. 35. Add. Debasanskriti
Devbabni Mandir, Vill Fului, Hoogli, W.B.
dsdebabanimandir@yahoo.co.in Spl.Ref. Veda,
Vyākaraṇa & Nyāya.
Adiga, K. Shankaranarayana. M.A., M.Phil.,
Navyanyayavidvaduttama, Dvaitavedānta
Vidvaduttama, Alankar Vidvat Madhyama.
b. 06.08.1962. Udupi, KT. Dy. Director,
Puranpragya Vidyapeetha. Bks. 04. Ps. 14.
Spl.Ref. Dvaitavedānta, Nyāya, Awarded with
Sacchastra Vichakshana, Since 1977 he has
been running evening classes for Skt. Teaching.
Maharshi Badarayan Vyas Samman by
President of India.
Adiga, Padmanabha H. Alankaravidvan. b.
15.08.1959, Vill. Haniya, Karnataka. GP. Pt.
Laxminarayan Sharma, Pt. Haridas Upadhyaya.
Add. Uttaradi Muth, Car Street, Udupi (KT).
Spl.Ref. Alaṅkāraśāstra.

