252



Add. R.Sk.S., Shri Ranbir Campus, Kot Bhalwal,
Jammu. Spl.Ref. Vyākaraṇa.
Sharma, Keshav Ram. Acharya in Sāhitya.
b.10.06.1940, Sudhera, Saharanpur, U.P.
Lecturer. Gp. Acharya Purusottama Jha,
Subhanatha Misra. Ps. 05. Add. Sri Sanatan
Sanskrit Mahavidyalaya, Saharanpur (U.P.).
Spl.Ref. Sāhitya.
Sharma, Keshav. Shastri, Sāhitya Ratna, M.A.,
M.Phil. b. 26.01.1933. Shimla, H.P. Secretary,
Ratna Kumari Sanskrit Shodh Sansthan. Bks.
14. Sunṛtā, Vaijayantī, Jhanjhā, ŚaktiSaurabham, Saṃskṛta Kośa Vāṅmayam. Add.
Bharati Vihar, Mashobra, Shimla–171007, H.P.
Spl.Ref. President Awardee.
Sharma, Keshavram. Acharya in Darśana, M.A.,
M.Phil. b. November, 1940. Shimla. H.P. Bks.
05.
Śrībhuvaneśvarīcaritam,
Śatakacatuṣ-ayam, Saṃskṛitakāvyāñjaliḥ. Ps. 50.
Spl.Ref. Poet.
Sharma, Khagendra Nath. M.A., Ph.D. b.
01.09.1958, Kaitharkuchi, Kamrup, Assam.
Asct. Prof. Bajali College Pathshala. Ps. 05.
Add. Muguria (Milanpur) Pathshala, Barpeta,
Assam.
Sharma, Khandavali Govind. Shiromani.
b.15.08.1936, Hyderabad, (A.P.). Asst. Prof.,
Junior College, Rangareddi. Ps. 05. Add. 1/
12/A, Navagrahvithi, Sita Ram Bagh,
Hyderabad (A.P.). Spl.Ref. Sāhitya.
Sharma, Khem Chand. M.A., Ph.D. b.
08.02.1941. Haryana. Bks. 05. The System
of Nuclear Growth & Life, Grown up from
Sad Brahma in Ṛgveda, Nuclear Physics in
Advanced form in Ṛgveda. Add. A.B. 203,
Shalimar Bagh, Delhi–110088.
Sharma, Khem Raj. Acharya in Vyākaraṇa,
M.A. b.09.12.1954, Kairsal, (U.P.). Asst. Prof.
Gp. Purushottm Jha, Ramkishor Sharma. Ps.
05. Add. Shri Sanatan Sanskrit Mahavidyalaya,
Saharanpur (U.P.). Spl.Ref. Vyākaraṇa.
Sharma, Kikkeri Gundappa Subrahmanya.
M.A., b. 20.12.1947. Kikkeri, Krishnaraja Pettai.
Karyadarsi, Adhyatmaprakasa Karyalaya. Add.

No. 68, Block–02, Tyagaraja Nagar, Bangalore–
560028 (KT.). Spl.Ref. Veda.
Sharma, Kiran. Madhyamā in Kāvya, M.A. in
Sanskrit. b. 01.05.1935, Guwahati (Assam).
Rtd. Vice Principal & Hd. of Sanskrit Dept.,
B Borooah College, Gwahati – 07. Bks. 12.
Saṃskṛta – Assamese Dictionary (Pūrṇāṅga),
Śukla Yajurveda (Ed.), Sāmaveda (Ed.), Īśādi
Navopaniṣat, Rāmacarita Mānasa. Add.
Chatraker, Uzan Bazar, M.G.Road, Guwahati–
781001, Assam. Ph. 9954278808. Spl. Ref.
Awarded special honour for contribution to
the studies on Veda by Maharshi Sandipani
Rashtriya Veda Vidya Pratishthan, Ujjain –
2001, Felicitation by His Holiness Swami
Jayendra Saraswati, the Sankaracharya of
Kanchi Kamakoti Peetham, Literary Pension
by the Govt. of Assam, 1998.
Sharma, Kirti Kant. Acharya (Navyavyā-karaṇa)
& Shasvar Vedadhyayan of Madhyandinya
Shakha. M.A. (Grammer). b.05.03.1960,
Bulandshahar, (U.P.). Research Officer, Indira
Gandhi National Centre for the Arts, Janpath,
New Delhi. Gp. Pt. Shri Mahashay ji, Pt.
Vidyadhar Sharma Gaud, Pt. Balakram
Agnihotri. Sp. Trained 25 Students with
Sasvara Madhyandinya Shakha veda-patha.
Bks. 02. Vāstuvidyā, Ādityahrdayastotram.
Add. 46, Sangam Vihar Phase–1, Najafgarh,
New Delhi – 43. Spl.Ref. Organized Vedacharya
Ramji Lal Paliwal Sangaved Vidyalaya By
Vaidik Samaj (Reg.) Najafgargh, New Delhi.
Sharma, Kobrailatapam Rajanikant. Smrti,
Vyākaraṇa,
Shastri.
b.30.04.1915,
Shagonaband, Manipur. Rtd. Teacher. Gp.
Yuktagauramani Vidyasundara, Brajbihari
Sharma. Ps. 05. Add. Rajkiya Sanskrit
Vidyalaya, Imphal (Manipur). Spl.Ref. Darśana.
Sharma, Koteshvar R. Sāhitya Vidhyapravin,
Nyāya
Vidhyapravin.
b.17.11.1923,
Prakasham, (A.P.). Rtd. Principal, S.G.V.
Oriental College. Ps. 05. Add. Dakshinamurty
Veerappagadda, Uppal, Ranga Reddy, (A.P.).
Spl.Ref. Nyāya & Sāhitya.

