
Dr. Radha vallabh Sharma, Dr. Rajesh Gupta,
Shri Shyam Sundar Sharma & others. Bks.
45. Nalodayam(ed. with skt. Comm.),
Mañjunāthagranthāvalī (ed. 1-5 vol.),
Abhinavakāvyālaṅkārasūtram (Hindi comm.),
Śivaśatakam (skt.comm.), Alivilāsisaṃlāpaḥ
(Skt.comm.) Ps. 70. Add. 122, Bhagirath Nagar,
Gopalpura By Pass. Jaipur – 302015. Ph.
(0141) 2504411. 9414775638. Spl.Ref.
Eminent commentator of rare Sanskrit books.
‘Vangmaya Sumeru’ Award from Sharada
Peetham. ‘Ratnakar’ Award from Vyas Bala
Vaksha Shodh Sansthan, Jaipur. ‘Devavani
Bhushana-2011’ samman from Devavani
Parishad, New Delhi. Directed a number of
Sanskrit Dramas. Editor of Sanskrit Magazines
(Jayanti, Saraswati-saurabha). Well known
Researcher and Critic of Grammar, Poetics
and contemporary Sanskrit Literature.
Pandey, Ramakant. Acharya in Vyākaraṇa, Ph.D.
b. 26.03.1966. Asct.Prof. B.H.U. Varanasi,
U.P. Gp. Ram Manohar Mishra, Vashishtha
Tripathi, Late Shri Ramprasad Tripathi. Bks.08.
Prau©hamanoramā Kāraka Bhāga, Prau©hamanoramā-Pañcasandhi-bhāga, Kāraka
Mīmāṃsā, Vaiyākaraṇa Siddhānta Paṅkti
Prakāśikā. Ps. 20. Add. N.10/70 F 11 New
Colony Kakarmatta, Varanasi, U.P. Spl.Ref.
He has worked as fellow in a research project
of UGC. Mob. No. 09454749029.
Pandey, Ramashish. M.A. (Skt., Hindi), Acharya
(Sāhitya, Vyākaraṇa Veda), Ph.D., D.Litt. b.
07.07.1944. Nalanda, Bihar. Rtd. Prof.,
Marawari Mahavidyalaya, Ranchi. Bks. 07.
Mayūkhadūtam, Indirāśatakam, Prahelikāśatakam, Svatantrabhāratī. Ps. 100. Add. MFH
27, Harmuhousing Colony, Ranchi -12
Jharkhand. Spl. Ref. Vedic Sāhitya Puraskar,
Pt. Raj Jagannath Puraskar.
Pandey, Ramchandra. Acharya & Vidyavaridhi.
b. 03.07.1941. Prof. & Ex. HOD, Deptt. of
Jyotiṣa, Dean Faculty of SVDV, BHU. Gp. Pt.
Shri Avadh Bihari Tripathi. Sp. Prof Devi Prasad
Tripathi, Dr. Shatrughan Tripathi, Dr. Vinay
Kumar Pandey, Dr. Subhash Pandey, Dr. Nigam

197

Pandey, Dr. Chandra Mauli Raina. Bks. 13.
Jyotirvidābharaṇam, Sūrya Siddhānta,
Grahalāghavam, Muhurtacintāmaṇi. Ps. 150.
Add. 38 Manas Nagar Colony, Durgakund
Varanasi-221005. Ph. 0542-2310707. M.
09415203658. rcpandey.in@gmail.com Spl.
Ref. Jyotiṣa, President Awardee, Arya Bhatt
Puraskar etc. Britian, Canada, Singapore,
Nepal, Switzerland, Holland etc.
Pandey, Ramesh Chandra. Acharya in Sāhitya.
b. 15.10.1952, Almora, (U.P.). Teacher. Gp
Durgadatta Pathak, Kailashapati. Ps. 02. Add.
C.R.S.T. Inter College, Nainital (U.P.). Spl.Ref.
Sāhitya.
Pandey, Ramesh Kumar. M.A., Acharya in
Sāhitya, Ph.D., D.Litt. b. 01.02.1959. Prof.
Sri Lal Bhadur Shastri Rashtriya Skt.
Vidyapeetha
New
Delhi.
Bks.
20.
Ovanitattvasiddhānta. Ps. 34. Add. V/5 LBS
Rashtriya Skt. Vidyapeetha. New Delhi 110016.
Ph. 011-46060405. M. 09810207063 profrk
pandey@yahoo.co.in Spl. Ref. Sāhitya.
Kundkund Award, Annapoorna Puraskar.
Pandey, Ramkrishna ‘Paramahansa’. b.
01.10.1964, Bhagalpur (Bihar). Principal. Bks.
01. Agni-Nāradapurāṇyoh VyākaraṇaViṣayāṇām Samikśāṇam. Ps. 02. Add. Principal,
Kaliachak Bikram Kishor Adarsh Skt.
Mahavidyalya, P.O.-Haria, Midanapoore
(W.B.) Pin. – 721430.
Pandey, Ramsewak. Acharya. b. Sitapur. U.P.
Bks. 01. Naimiṣāraṇyam. Ps. 100. Expired in
1970.
Pandey, Ramsharan. Acharya (Vedānta,
Sāhitya), M.A. b. 29.03.1959, Rampur Sidhi,
M.P. Teacher, M.P. Govt. School. Ps. 02. Add.
C-K-32/17, Brahmanal, Varanasi U.P. Spl.Ref.
Vedānta Śāstra, Sāhitya Śāstra.
Pandey, Ratan Kumar. M.A., NET, Ph.D. b.
10.10.1981. Ps. 14. Add. Jahajghat, Purvi Patel
Nagar, P.O. Barhaj. Devariya U.P. M.
09936148509. Spl. Ref. Jyotiṣa.
Pandey, Ravi Datt. Acharya, M.A., Ph.D. b.
15.12.1935. Teacher, Govt. Higher Secondary

