
Ahata Panjwaktar, Shivaiya, Pani Waktar Road,
Jammu (J&K) Spl.Ref. Sāhitya.
Shastri, Ram Gopal. Acharya. b.05.01.1923,
Jaipur, RJ. Rtd. Dy. Inspector, Directorate
of Sanskrit, Govt. of RJ. Gp. Pattabhiram
Shastri, Bhatta Mathuranath Shastri. Ps. 03.
Add. 1406, Gopal Kunj, Nahargarh Marg,
Purāṇai Basti, Jaipur (RJ). Spl.Ref. Sāhitya,
DharmaŚāstra.
Shastri, Ram Gopal. Acharya in DharmaŚāstra
& Sāhitya. b.1921. Jaipur, RJ. Asst.Prof.,
Maharaja Sanskrit College, Jaipur. Bks. 06.
Śikhariṇīvilāsaḥ, Gopālasahasranāma, Govindgranthamālā, Sudarśanakavacaṃ Traīlokyamaṅgalāñca. Nimbārka-Sahasranāma-Stotram.
Spl.Ref. Awarded by ‘Nimbarkbhushan’. Edited
‘Bhārtī’ & ‘Svaramaṅgalā’ Sanskrit Magazines.
Shastri, Ram Kishor. Acharya in Sāhitya, M.A.,
D.Phil. b.15.10.1949, Metuwa, (U.P.). Asst.
Prof.. Gp. Rambandan Shukla, Shivanath
Dwivedi. Ps. 06. Add. Deptt. of Sanskrit,
University of Allahabad, Allahabad (U.P.).
Spl.Ref. Sāhitya.
Shastri, Ram Krishna. Achrya in Vyākaraṇa
& Sāhitya. b.15.05.1934, Onaur, Allahabad,
(U.P.). Principal, H.G.S. Sanskrit Vidyalaya,
Allahabad. Gp. Matarupa Mishra, Kantaprasad
Pandey. Ps. 03. Add. 398/8, Mirapur, Allahabad
(U.P.). Spl.Ref. NavyaVyākaraṇa & Sāhitya.
Shastri, Ram Krishna. Sāhityacharya,
Vidyavachaspati, M.A. b.27.03.1929. VicePrincipal, M.B.D.A.V. Senior School. Ps. 03.
Add. 201 – H, Gautam Nagar, New Delhi –
110049. Spl.Ref. Sāhitya.
Shastri, Ram Narayana. Acharya in Sāhitya,
Sāhityaratna, M.A. (Skt. & Hindi). b.
27.02.1945, Principal, Prachya Viddhyapeeth,
Shahpura Bagh, Amer Road, Jaipur. Add. 117,
Arya Nagar (Murlipura), Jaipur – 302023.
Ph. 9414493320.
Shastri, Ram Ratan. M.A. b.05.05.1944,
Bharatpur, RJ. Principal. Gp. Ramanand Tiwari,
Sampurnadutta Mishra. Ps. 03. Add. Ray Bha.
School, Vaurai, Bharatpur, Rajsthan. Spl.Ref.
Vyākaraṇa & Sāhitya.

281

Shastri, Ram Swaroop. Acharya in Āyurveda.
b.02.05.1918, Sinkh, Karnal, Haryana. Rtd.
Principal. Add. S. D. Sanskrit Maha-vidhyalaya,
Jind Haryana. Spl.Ref. Received AyurvedaMartanda award.
Shastri, Ram Swaroop. b.15.11.1904, Karanpur,
Mathura, U.P. Editor, Balsanskritam. Gp.
Laxman Shastri, Rajeshwar Shastri,
Satyanarayan
Ayurvedacharya.
Add.
Ghatakopar (W), Bombay MH. Spl.Ref. Sāhitya
& Āyurveda.
Shastri, Ram Vilas. Acharya, Sāhityaratna, B.Ed.
b.12.11.1961. Principal, I. D. Montessory
School, New Rohtak Road. Ps. 03. Add. B-B77, Shalimar Bagh, Delhi- 110052. Spl.Ref.
Sāhitya.
Shastri, Ramashankar Pandey. Acharya, M.A.,
Vaidya Ratna. b. 01.02.1932. Bks. 01.
Āñjaneyam. Add. Hatakoraon, Allahabad U.P.
Spl.Ref. Sāhitya.
Shastri, Ramdev. Acharya. b.08.09.1921. Alwar,
RJ. Principal. Gp. Vrajamohan Shastri,
Ramchandra Shastri. Ps. 03. Add. 114, Munshi
Bazar, Berhriapari, Alwar (RJ). Spl.Ref.
Vyākaraṇa.
Shastri, Ramendranath Maninath. M.A. b.
07.12.1931, Vadodara, GJ. Gp. S.S. Bhave,
Dr. N. Jani. Ps. 03. Add. Ghariyara Same,
Ghajariyali Pol, Vadodara (GJ). Spl.Ref. Purāṇa.
Shastri, Ramkrishna Narayan. AdvaitaVedāntashiromani, NyāyaVedāntapravina,
Sāhityaparisad. b.26.06.1913, Naga-pattanam,
Thanjavur, TN. Teacher. Gp. Krishna Shastri,
Parameshvar Shastri, Rajasubrahmanya
Shastri. Add. 42, Shri Sanskara Math,
Prathamavithi, Tanjavur – 614001 (T.N.).
Spl.Ref. Veda, Vedānta, Sāhitya, Nyāya.
Shastri, Ramkrishna V. Jyotiṣa vidvān.
b.01.01.1928, Mysore, KT. Astrologer. Gp.
Navin Venkatesh Shastri, Venkatasubba
Shastri. Ps. 03. Add. Vani Vilas Mohalla,
Ventikoppalu, Mysore–570002 (KT.). Spl.Ref.
Jyotiṣa.
Shastri, Rammurti. Acharya. b.1923. Badaun,

