B

Bandyopadhyay, Mrinal Kanti. Kāvya
Vyākaraṇa - Tarka-Tirtha, Ph.D. b. 04.11.1946,
Burdwan, Professor Burdwan University, W.B.
Bks. 04. Add. Vill. Chakundi, P.O. Nabastha,
Distt Burdwan.
Bandyopadhyay, Nandita. B.A. (Hons.), M.A.,
Ph.D. Asct. Prof., Skt. Deptt. Add. Jadavpur
University, Calcutta – 700032 (W.B.). Spl.
Ref. Nyāya.
Bandyopadhyay, Nanigopal. Vyākaraṇa-Tirtha.
Age. 32 yrs. in 1990, Midnapur, W.B. Principal.
Add. Manikpriparam Chatuspathi, Aliganj,
Midnapore (W.B.). Spl. Ref. Vyākaraṇa.
Bandyopadhyaya, Dayajit Kumara. VedāntaTirtha, M.A., Ph.D. b. 01.02.1915, Krishna
Nagar, W.B. Gp. Ashutosha Shastri, Pt.
Govindagola Mukhopadhyay. Add. AB-28/4,
Rangapur, Burdwan – 713325 (W.B.)
Banerjee, Manabendu. M.A., Ph.D., Shastri.
b. 12.07.1939. Kolkata. Vice-President, The
Asiatic Society, Kolkata, and Hon.Secretary,
Skt. Sāhitya Parishat, Kolkata. Gp. Pt.
Pattabhiram Shastri, Prof. Gaurinath Shastri
Bks. 10 Skt. Inscriptions of Nepal, Historical
and Social Interpretationas of the Gupta
Inscriptions, Looking into India’s Past Through
Epigraphical Literature, Aspects of Skt.
Architectural Texts, Abhinayadarpaṇa of
Nandikeśvara. Ps. 45. Add. 27/L/5, Raja S.C.
Mullick Road, Kolkata – 700 032 (W.B.). Ph.
(033) 24123989. Mob. 09831439706. Spl.
Ref. Awarded in 2007 Certificate of Honour
from the president of India, Organized 33 rd
34 th All India Oriental Conference in the
capacity of Jt. Local Secretary.
Banerjee, Satya Ranjan. M.A. (Skt.,
Comporative Philology), Ph.D. (Comparative
Philology and Greek) b. 01.08.1933. Dhaka,
Bangladesh. Rtd. Prof. Linguistic. Kolkatta
Univ. Bks. 50. Ps. 350. Spl.Ref. He has taught
in Edinburgh Univ., South Asia Area Centre
Viconson-Madison, Institute of Language,
Holborn London. Editor Shramar (in Bengali),
President Awardee.

17

Banerjee, Satyabati. M.A., Ph.D. b. 07.11.1967.
Baidyabati. Reader Univ. of Burdwan, W.B.
Bks. 02. Add. 37 N.C. Banerjee Road,
Baidyabati, Hoogli Ph. 03326326628.
Bannanje, Govindacharya. b. 03.01.1936.
Udupi, Karnataka. Chief Editor, Udaya Vāṇī
(Kannad Daily Newspaper). Bks. 01. Ānanda
Mālā. Add. Udupi (Karnataka). Spl. Ref.
Mādhvavedānta.
Bansal, Jaishri. M.A. (Skt. & Hindi). B.Ed. b.
01.01.1952. Teacher. Manavasthali School,
R-Block, New Rajendra Nagar, New Delhi.
Add. R.U. 294. Vishakha Enclave, Pitampura.
Delhi – 110034.
Bansal, Krishna. M.A., B.Ed. b. 18.07.1938.
Teacher (PGT), Govt. Girls Senior Secondary
School, Kirti Nagar, New Delhi. Add. A – 2/
114, Paschim Vihar, New Delhi – 110063.
Bapat, Purushottam Vishvanath. In The
Beginning Studied Pali as Principal Subject
in Fergusson College, Pune & After that M.A.
(Pali) Bombay Univ. (MH). Ph.D. (Harvard
Univ.) U.S.A. Also learnt Tibatian and Chinese
languages. b. 12.06.1994. Sangli (MH.). Prof.,
Chief Editor, General President, A.I.O.C. 27th
Session. 1. As life member of Deccan Univ.
Pune (1920). Taught pali in Fergusson college,
pune. 2. Invited to work on Chinese Buddhism
by Vishvabharthi at Shantiniketan (Calcutta).
Gp. Prof. Dharamananda Kosabhi. Bks. 163.
Arthapadasūtra (English trs. & Commentory
on Text). 2500 years of Buddhism (Chief
Editor) 1956. English Translation of Chines
Version Shan-chien p’i-p’o-sha’ of the Pali
‘Vinaya’ Commentary of ‘Samantapasadika’
(1970). ed. First Chapter with Auto
commentary of ‘Pravrajya vastu’ of the ‘Vinaya
sutta’ (with the help of Prof. V.V. Gokhale).
Add. ‘Svadhyaya’ 772, Shivaji Nagar. Pune
– 411004. Spl.Ref. Great Scholar of Buddhist
Studies, Indology & the Allied subjects. 1.
At the recommendation of his late guru,
Professor Dharmanand Kosambi, Professor
University in the U.S.A. to work on the English
translation of the Visuddhimagga. 2. In 1956

