
Dantre, S.R. M.A., Ph.D., D.Litt., L.L.B., Acharya.
Asst. Prof. Ps. 05. Add. Skt. Dept., Government
Arts and Commercial College, Indore (M.P).
Spl.Ref. Sāhitya, Kavyaśāstra.
Darbari, Lal Satyabhakt. Gp. Ganesh Prasad
Varni. Bks. 02. Jaina Darśana, Jaina
Dharmamīmāṃsā. Spl.Ref. He Starded Satya
Darshan & Sangam Patra magazine.
Das, Abhiram. Acharya in Vedānta, M.A.. b.
January 1924. Bhajgava, Etawah, U.P. Founder
Teacher, Sri Jagadguru Ramanandacharya
Adarsa Samskrta Vidyapitham. Gp. Mohana
Lala, Nilameghacharya. Add. Sri Jagadguru
Ramanandacharya Adarsh Skt. Vidyapeetham.
Girinar Road, Junagarh (GJ). Spl.Ref. Vedānta.
Das, Anil Kumar. Tīrtha in Kāvya, Vyākaraṇa.
b. 08.01.1944. Varajpur, WB. Gp. Niranjana
Svarupa
Brahmachari,
Purana
Das,
Siddhesvara Mukhopadhyaya. Add. Vill. &
P.O. Hasanaba,. Bhela, North Dist. 24 Parganas,
W.B. Spl.Ref. Vyākaraṇa.
Das, Ashwini Kumar. Acharya in Vyākaraṇa,
Sāhitya & Vedānta, Shiksa-shastri. b.
01.11.1944. Saramera, Nalanda, Patna, Bihar.
Prof. L.B.S. R.Sk.S. Vidhyapeeth. New Delhi.
Bks.1, Ps.2. Expired in 2009. Spl.Ref. Vyākaraṇa,
Sāhitya, Vedānta.
Das, Avadh Bihari. Acharya in Vyākaraṇa,
Vedānta. b. 04.03.1944. Gaya Bihar. Head
of the Deptt. of Vyākaraṇa. Add. B-1/155,
Mithila Bihari Temple, Assi, Varanasi (U.P.)
Spl.Ref. Vyākaraṇa, Vedānta.
Das, Ayodhya Chandra. Acharya, M.A., Ph.D.
b. 18.02.1937, Medinipur, WB. Lecturer. Gp.
Acharya Visvanatha, Dr. Gaurinatha Sastri,
Acharya Sambhu Datta Sarma, Dr.
Dharmendra Natha Gupta. Add. Dept. of Skt..
Kurukshetra Univ. Kurukshetra (HR). Spl.Ref.
Sāhitya.
Das, Chandra Shekhar. M.A., Acharya in
Vyākaraṇa, Āyurveda, Mimāṃsā. b.
30.07.1927. Puri, Orissa. Rtd. HOD. Add.
Pathuria Sahi, Puri – 01. Spl.Ref. Honour by
Mukti Mandap Pandit Sabha, Puri, Sri

51

Jagannath Mandir, Lifetime Achievement
Award Jagannath Skt. Univ. Puri, Title of
M.M. by Rashtriya Sanskrit Vidyapeeth,
Tirupati, Honour by Orissa Govt., President
Awardee. In addition to his contribution for
popularization of Sanskrit, he helped to spread
Vedic Parampara, through Mahrshri Veda
Vigyan Vishva Vidyapeetha, Noida.
Das, Chhatrapati. Acharya in Navya Vyākaraṇa
& Sāhitya. b. 12.06.1940, Kurahana, Varanasi,
U.P. Teacher. Gp. Chakradhar Shastri. Add.
Udasina Sanskrit Mahavidyalaya, Kanakhal,
Haridwar, U.P.
Das, Debkumar. M.A. Ph.D. b. 15.09.1947,
Midnapur, W.B. Asct. Prof. Ghatal R.S. College.
Bks. 11. Saṃskṛta Vaicitrya, Naiṣadhacarite
Darśanam, Saṃskṛta Sāhityālokaḥ, Saṃskṛta
Sāhitya Mañjūṣā, Uttararāmacaritam (ed. &
Bangālī tr.) Ps. 09. Add. 1/B. Ghoshpara Lane.
Calcutta – 700036. Ph. (033) 5460615.
Das, Gupta Mau. M.A., Ph.D. b. 29.04.1968,
Kolkatta. Reader, Deptt. of Skt. Kolkatta Univ.
Bks. 02. Add. 5, Swami Vivekanand Road,
Extn. West Rajapur Kolkatta - 700032 Ph.
033-24259351, M. 09831975474, uncommon.
mau.@gmail.com
Das, Indramani. M.A., Acharya in Jyotiṣa, Ph.D.
b.01.02.1950. Bihar. Asct. Prof. R.Sk.S. Jammu
Campus. Bks. 01. Yavana - Bhārtīya Siddhānta-Jyotiṣayostulnātmakamanuśīlanam. Ps. 10. Add. R.Sk.S. Ranbir Campus,
Kot Bhalwal, Jammu. Ph. 456246.
Das, Jagadisha. Acharya in Vyākaraṇa. b.
15.05.1955, Lakshman Ghat, Ayodhya, U.P.
Assistant Head of Deptt. Add. Sri Rupakala
Skt. Vidyapith, Sri Divyakala Kunj, Ayodhya,
Faizabad (U.P.). Spl.Ref. Vyākaraṇa.
Das, Karunasindhu. M.A., Ph.D., b. 11.11.1947.
Vice-Principal. Ravindra Bharati Univ.,
Calcutta, (W.B.). Add. 56 A Barrakpur Trunk
Road, Calcutta (W.B.). Spl.Ref. Vedānta,
Vyākaraṇa.
Das, Maya. M.A., Ph.D. b. 17.12.1952.
Shantiniketan, W.B.. Asst. Prof. in Philosophy.

