56



C/o Pt. Shri Ram Dave, Shri Niketan, 559/
13, 8th C – Road, Sardarpura, Jodhpur. Pin342001. Ph. (0291) 2432520. 2759473. (M)
09414194940. jaya.dave@yahoo.in.
Dave, Jyanand Laxmi Shankar. Ph.D. b.
25.10.1917. Prof. Add. Om Namah Shivay,
Sector 23, Plot No. 338, Charch Street,
Gandhinagar. Spl.Ref. Alaṅkāra Śāstra.
Dave, Kailasha chandra. Acharya in Vyākaraṇa,
M.A., Ph.D. b. 04.04.1941, Bhati, Barodiya.
(M.P.). Asst. Prof., Kashi Hindu V.V. Gp.
Mangala Dattaji Tripathi, M. Ramnath Dixit,
Pt. Ramprasad Tripathi. Add. K-24/19,
Ramghat, Varanasi (U.P). Spl.Ref. Vyākaraṇa.
Dave, Kantilal Ramshankar. Ph.d. b.
07.10.1943. Prof. Skt. Dept. Sardar Patel Univ.,
VallabhVidhya Nagar. Add. D-1 Neelkantha
Banglo, Nana Bazar, V.V. Nagar. Spl.Ref.
Purāṇa Śāstra.
Dave, Kirti Ben G. Ph.D. b.05.09.1944. Prof.
Prabhudas Thakkar Arts & Commerce College
Paldi Ahemdabad. Add. D-1 Ambawadi Flat
Bhudarpura Ambawadi, Ahemdabad. Spl.Ref.
Purāṇa Śāstra.
Dave, M.D. Ph.D. b.18.10.1958. Prof. Tolani
Arts & Science College Aadipur Distt. kacch.
Add. Saraswati Prof. Colony Plot No. 23,
Aadipur Distt. kacch. Spl.Ref. Alaṅkāra Śāstra.
Dave, Mahendra Kumar Ambalal. Ph.D.
b.01.06.1971. HOD Sanskrit Deptt. Neema
Girls Arts College Gojhariya Distt. Mehsana.
Add. Geeta Park Society, Near Towar Chauk
Gojhariya Distt. Mehsana. Spl.Ref. Alaṅkāra
Śāstra.
Dave, Minakshi Ben Uma Shankar. Ph.D. b.
02.11.1946. Prof. Govt. Arts College Sector
15 GandhiNagar. Add. Plot No. 83/1, Sector
2-A, Green Land Avenu Park, GandhiNagar.
Spl.Ref. Alaṅkāra Śāstra.
Dave, Padmanabh Tapishankar. Ph.D. b.
22.07.1928. Prof. Ps. 05. Add. 16, Geeta Park
Society, Bharuya. Spl.Ref. DharmaŚāstra.
Dave, Parmanand Bhai Chelshankar. Ph.D.
b. 30.08.1927. Prof. H.K. Arts College, Near

Natraj R.C.Road Ahemdabad. Add. 34 Vandana
Park Society Navawadi Ahemdabad. Spl.Ref.
Vedānta Śāstra.
Dave, Pushpa. M.A., Ph.D. Asst. Prof. (Sanskrit).
Ps. 05. Add. Govt. Old Post-Graduate Girls
College, Moti Tabela, Indore (M.P.) Spl.Ref.
Sāhitya.
Dave, Ragini Ben Ramkrishna. Ph.D. b.
24.11.1962. Prof. Smt. J.P. Saraf Arts College
Tithal Road Valsad. Ps. 05. Add. 204,
Bhagyodaya Appartment Tithal Road Valsad.
Spl.Ref. Vedānta Śāstra.
Dave, Ramesh Ambalal. Acharya in Ayurveda.
b. 15.11.1952, Lonabara, GJ. Teacher. Gp
Danidatta Jha. Ps. 05. Add. Vitha Chaukasi
Suryapur Sanskrit Pathashala, Surat (GJ).
Spl.Ref. Āyurveda.
Dave, Ramesh Chandra Jetha Lal. Ph.D. b.
18.11.1949. Prof. Neema Arts College
Gojhariya, Distt. Mehsana. Ps. 05. Add. Krishna
Nagar Near Garden Vill. Post Halol Distt.
Panchmahal. Spl.Ref. Purāṇa.
Dave, Sharda Ben N. Ph.D. b. 02.09.1947. Prof.
Smt. Gandhi Mahila College, Daimond Chouk,
Bhavnagar. Ps. 05. Add. Plot No 1016, Near
Veerbhadra Akhada, Krishna Nagar,
BhavNagar. Spl.Ref. Alaṅkāra Śāstra.
Dave, Shriram. Kāvyatīrtha, Nyāya, Vedānta,
English, M.A.. b. 22.09.1922. Vill. Samdadi,
Distt. Badmer, RJ. Teach. W.B.I. High School.
Karachi. Gp. Pt. Mani-shankar Dwivedi,
Dhardev Jetli. Bks. 19. Bhṛatyābharanam,
Rājalakṣmīsvayaṃvaram, Sākatasaṅgarām,
Saundaryalīlāmṛtam, Viyogaśatakam. Spl.Ref.
‘Māgha’ Puruskara awarded by RJ. Skt.
acadamy in 1992.
Dave, Shushila Ben G. Ph.D. b. 11.09.1945.
Prof. Aanand Arts College Aanand. Ps. 05.
Add. Alapviram 53, Bhawandeep Colony, Near
Sardar Bag Aanand. Spl.Ref. Sāṅkhya- Yoga
Śāstra.
Dave, Suresh Chandra Jamiyatram. Ph.D. b.
31.08.1933. Prof. New Gujrat Arts College
Ashram Road Ahemdabad. Ps. 05. Add. 7,

