
Pavar, Yadarama. M.A., B.T. b. 03.08.1943.
Teacher, Govt. Higher Secondary Girls School,
Rajgarh Colony, New Delhi. Ps. 03. Add. A58 Jagatpuri, Delhi – 110051. Spl.Ref. Sāhitya.
Pawan Kumar. M.Ed. (Skt.), Ph.D. b.
01.03.1978, N.Delhi. Asst. Prof., R.Sk.S. Jaipur.
Gp. Prof. Ramanuj Devnath, Prof. J.
Ramkrishna, Prof. M. Sharada. Ps. 03. Add.
S-62. Param Puri, Uttam Nagar, N. Delhi –
59. Ph. 09893073280. Ph. 09571216994.
Peja, Dilip Kumar K. Ph.D. b.18.04.1967.
Principal. Shri U. N. Mehta Arts College, Near
Nazar bag Railway Station Morbi. Ps. 03. Add.
Shri Kripa Sahyog 2, Near Yogeshwar Nagar,
Khapar Road, Morbi. Spl.Ref. Vedānta Shatra.
Pemananda, Mawatagama. B.A., M.A.
b.04.02.1969, Mawatagama. Bks. 01. The Syp
Seen by Kaū-ilya. Ps. 09. Add. Ketapitiya Purāṇa
Viharaya, Menikdiwela, Shri Lanka. Ph. (094)
08 - 575346.
Penchalayya, G. Shiromani, Shiksashastri.
b.01.04.1967, Cuddapah, (A.P.). Teacher. Ps.
02. Add. A.O.U.P. School, Chint Chowk, Ashok
Nagar, Cuddapah – 516001 (A.P.). Spl.Ref.
Sāhitya.
Penna, Madhusudan. M.A., M.Phil., Ph.D.
b.26.04.1966, Hyderabad. Bks. 05. Ps. 08.
Add. C/o Dr. V.D. Kulkarni, Opp. Dhanvantari
Hospital, Khare Town, Dharampeth, Nagpur,
MH.
Perukkarani, Mathabhusi Chakravarti
Acharya. Vidyavachaspati, Shiromani.
b.22.02.1923, Perukkarani, T.N. Gp. D.T.
Tatacharyar, Ramnath Shastri. Add. 3/103,
Vellalar Street, Narasingh Nagar, Tiruvettipur,
North Arcot – 604407 (T.N.). Spl.Ref. Darśana
& Veda.
Petel, Gautam Vadilal. M.A., Ph.D.
b.04.08.1936, Ahmedabad, GJ. H.O.D. of Skt.
Dept., Saint Xavier College, Ahmedabad. Bks.
01. Kumārasambhavam Vallabhadeva-ikāsahitam(ed.). Add. Valam L-III, Swatantrtasenani Nagar, Naya Vadaja, Ahmedabad –
380013 (GJ). Spl.Ref. Sāhitya.

217

Piccai Kurukkal, K. Age. 41 yrs. in 1988, Pillaiyar
Patti, T.N. Gp. Shrikrishn Kurukal. Add.
Pillaiyarpatti, T.N. Spl.Ref. Veda & Saivāgama.
Pillai, K. Achuthan. M.A. (Skt. Malayalam,
Hindi, Vedānta), M.Ed., Ph.D. Principal, Hindi
Teachers Training College, Trivendram. Bks.
40. Ps. 80. Spl.Ref. He was awarded UGC
Assistance for a major Research Project and
Sr. Fellowship for Literature Govt. of India,
President Awardee.
Pillai, Krishna N.P. Mahopadhyaya, L.T.T. Age.
61 yrs., Mukhatala, Kollam, Kerala. Rtd.
Teacher. Add. Lekha Niwas, Mayyanad, Kollam
(Kerala). Spl.Ref. Sāhitya & Veda.
Pillai, Narayan P.K. M.A., Ph.D. b. 25.12.1920,
Tiruvalla, Kottayam, Kerala. Gp. Dr. B.M. Apte.
Bks. 03. Mīmā‚sāsūcanārthasangraḥ, Laghubhāṣkaṛīyam, Madanaketucaritam. Add. Jaya
Vihar, Jagati, Tiruvananthapuram – 695014
(Kerala). Spl.Ref. Sāhitya.
Pillai, P.K. Narayan. M.A., Malayalam, Sanskrit.
Ph.D. b. 25.12.1910 Kerala. Principal, Univ.
College, Dean Prachaya Vidya Sankaya & HOD
Prof. Bks. 09. Śabarī-giritīrthā-anam,
Mayūradūtam, Pitāduhitā Ca Spl.Ref. He is
a Famous Poet in Malayalam & Sanskrit
Sāhitya, Honoured by Vivekanand Samman,
Kerala Sāhitya Academy, Kerala Verma.
Member of the Foundation Commiitee of Skt.
Univ. in Kerala.
Pillai, Raman P.G. Vyākaraṇaśiromaṇi, Vidvān
(Sanskrit,
Malayalam).
b.14.11.1927,
Thiruvalla, Pattanmathitta, Kerala. Gp. Krishn
Murar,
Padmanabhan
Nayar.
Add.
Chungmannar (Kerala). Spl.Ref. Vyākaraṇa
& Veda.
Pimpikapure, Gunakara Vamana. M.A., Ph.D.
b. 12.12.1927, Mivapur, Nagpur, MH. Bks.
Gītārahasyasya
Lokamānyatilakakṛtasya
Sanskṛtānuvādaḥ, Saṃskṛta Bhavitavyampatrasya sampādanam, Abhyāsasiddhānta.
Add. 41, Modern Housing Society, Pratap
Nagar, Nagpur – 440022 (MH). Spl.Ref.
Vedānta, Kāvya & Sāhitya.

