162



Mishra, Sampoorna Dutt. M.A. (Skt., English),
Āyurveda Shastri. b. 10.10.1927. Bharatpur,
Raj. HOD English Deptt., Bristal Univ., Britain.
Bks. 11. Ṛtūllāsaḥ, Rāsanāyakanāyikam,
Sūktipañcāmṛtam, Rādhākṛpāka-ākṣa. Add.
Ullas Sribhavanam, Gopalgarh, Bharatpur –
01. Spl.Ref. Title of Kavipundarika, Sundarispandnandan,
Kavishwar,
Kavisahridyashikhamani, Kavikulmani, Poet in Sanskrit,
Hindi, English, Urdu. Recipient of ‘Magh’
Puraskar by RJ Sanskrit Univ., Jaipur.
Mishra, Sashibhusan. M.A., Ph.D. b. 23.02.1975.
Jagat Singhpur, Orissa. Lecturer Sri Seetaram
Vedic Adarsh Skt. Mahavidyalaya Bks. 11 Ps.
25. Add. Sri Seetaram Vedic Adarsh Skt.
Mahavidyalaya 7/2A, PWD Road, Kolkatta–
35 WB. Spl.Ref. Maharshi Badrayan Samman
by President of India.
Mishra, Satya Deva. M.A., Ph.D. Certificate
in German, Post Doctoral Research at CASP,
Univ. of Madras. b. 11.11.1942, Balrampur.
Prof. Ex-VC, JRR Skt. Univ., RJ. Bks. 05,
Amarakośa with Kṛṣṇa Mitra’s Commentary
in sanskrita, Advaita Vedānta meṃ
Ābhāsavāda, Modern Researches in Sanskrit,
The Theory of Appearance in Sankara Vedānta
in the Voice of Sankara, DvanyālokaDarpaṇam. Ps. 120. Add. S-366, Sanskrit
Enclave, Udyan-II, Eldeco, Raibareilly Road,
Lucknow-25. M. 09936074616. Email.
sdmvc@yahoo.com Spl.Ref. Philosophy,
Visiting Prof. Gurukul Kangri Univ. 2007,
Adjunct Prof. BITS, Pilani, RJ. Univ. of Malaya
Kuala-lumpur 1970-73. Lifetime Achievement
Award by United Writers Association, Rising
Personalities of India Award-2001 of
International Penguin Publishing House;
Chennai; Utkrisht Sāhitya Samman-2002 by
Akhil Bharatiya Sahitya Parishad, RJ; Vedānta
Siromani Samman. U.P. Skt. Academy Award
(1979); Rashtriya Siksha Ratna by AIBDA,
New Delhi, DEED Award by Bharatiya Vishwa
Vidyalaya Parisangh, Padmabhushan Shri
Pattabhiram Shastri Memorial ‘Mimamsa
Keshari’ Award-2006 of Vaidik Pracharak
Sangh, Jaipur.

Mishra, Shail Kumari. M.A., B.Ed., M.Ed., Ph.D.
b. 15.01.1954, Bhonti, Sivan, Bihar. Asct. Prof.,
R.Sk.S., Allahabad. Bks. 04. Pañjābī Saṃskṛta
Śabda Koṣa, Pañjābī Saṃskṛta Pā-habhāṣya(III), Tilaka Vimarśa, Caturdaśa Khyāti Viveka.
Add. 701/02/67 – D. Ramanand Nagar,
Allahpur, Allahabad. Ph. 0532 – 6451061.
Mishra, Shambhu Dayal. Acharya, Vidyavaridhi.
b. 13.04.1983. Sultanpur SRF RSKS Lucknow.
Gp. Prof. S.N. Jha, Dr. PVB Subramanyam.
Ps. 08. Add. 86/40 Sarojini Devi Lane Makbul
Ganj Lucknow - 226001. shambhudayal.mishra
@gmail.com. Spl. Ref. Jyotiṣa.
Mishra, Shankar Kumar. Acharya (Sāhitya,
DharamŚāstra), M.Ed., Ph.D. b. 02.01.1971.
Supaul, Bihar. Gp. D.N. Mishra, Prof. V.
Upadhyaya, Prof. Nina Dogra, Prof. S.N.
Mishra. Sp. Santosh Tiwari, Preeti Ranjan
Jha. Bks. 01. Ṣodaśasaṃskāravimarśaḥ. Ps.
43. Add. Deptt. of DharamŚāstra Mimansa,
Faculty of SVDV, BHU Varanasi. M.
09935953851. Spl. Ref. DharmaŚāstra.
Mishra, Shesh Narayan. Acharya in Vyākaraṇa,
M.A., Ph.D. b. 10.10.1952. Asst. Prof.
Śāstrartha College Dashashwamegh Varanasi.
Gp. Pt. Ram Yatna Shukla. Sp. Vijay Kumar
Mishra. Diwakar Mishra. Bks. Māheśvaracaturdaśa Sūtrāṇām Vyākaraṇatantrāgamadṛṣ-ayā Samīkṣā. Add.K. 54/116
Daranagar Varanasi U.P.
Mishra, Shiv Shekhar. M.A., Ph.D., LLB, D.Litt.
b. 01.01.1927. Seetapur, UP. Asct. Prof. &
HOD Deptt. of Skt. Lucknow Univ. Bks. 08.
Ps. 25. Spl.Ref. Manuscript Editing. President
Awardee.
Mishra, Shivkant. Acharya, M.Ed., Ph.D. b.
03.02.1973. Sitamadhi. Asstt. Prof. J.
Ramanandacharya Raj. Skt. Univ. Jaipur. Bks.
02. Jyotiṣa Śikṣaṇam, Keralapraśnasaṅgraha.
Add. Jyotiṣa Deptt. Jagadguru Ramanandacharya Rajasthan. Skt. Univ. Jaipur. M.
09413840157. drshivakant@gmail.com.
Mishra, Shridhar. Acharya in Vyākaraṇa,
Sāhitya, Shiksha Shastri, Ph.D. b. 12.12.1964,

