54



Dash, Kailash Chandra. Acharya in Vyākaraṇa,
Vidya Varidhi. b. 10.04.1970, Berhampur,
Ganjam, Odisha. Asst. Prof., R.Sk.S., Bhopal
Campus,
Bhopal.
Gp.
Prof.
K.V.
Ramakrishnamacharyulu, Prof. J. Ramakrishna, Prof. S.S.N. Murty, Prof. R.L.N. Shastri.
Ps. 05. Add. Pitambarpur, P.O. Siddheshwar,
Vai – Balipada, Dist. Ganjam, Odisha – 761054.
Dash, Keshab Chandra. Acharya, M.A., M.Phil.,
Ph.D., D.Litt.Dipl in German, French. b.
06.03.1955, Hatasahi, Katak. Orissa. HOD
Deptt of Nyaya Darshan Shri Jagannath Skt.
Univ. Puri. Bks. 40. Śītalatṛṣṇā, Nikaṣa, Ṛtam,
Añjali, Visargaḥ. Add. Shashirekha, Bhoodan
Nagar, Univ. Road, Puri, Orissa - 752003.
Ph. 06752 - 251820. dash_keshab@indiatimes.com. Spl.Ref. Nyāya Darśana,
Vidvatmani Sri VaniSāhitya Sansad Samman,
Tantra Saraswati Delhi Sanskrit Academy
award, Sankar Puraskar etc.
Dash, Kshirod Chandra. M.A., B.Ed., Ph.D.
b. 26.04.1954, Katak, Orrisa. Asct. Prof., Sri
Jagannath Skt. V.V. Bks. 04. Tāruṇyaśatakam,
Cilikā, Arṇyasasyam, Ramākāntakāvyasañcayanam. Ps. 27. Spl.Ref. OrissaSāhitya
Academy Puraskar, DelhiSāhitya Academy
Anuwad Puraskar, Jaimant Mishra Puraskar.
Dash, Narayan. M.A., M.Phil., Ph.D. b.
25.06.1972. Ganjam, Orissa. Lecturer
Ramkrishna Mission Kolkatta. Bks. 12.
Triraṅgapatākātale, Kāragilalaharī, Vahnivalayaḥ, The Computational Study of
Śṛṅgāraprakāśaḥ. Ps. 26. Add. Ramakrishna
Mission Residential College Narendrapur
(South 24 Paraganas), Kolkatta – 13 WB.
Spl.Ref. Modern Skt. Poet, Story Writer, Critics,
Editor of ‘KATHASARIT’ Patrika. Maharshi
Badrayan Samman by President of India.
Dash, Nata Narayan. Kāvyatīrtha. Purāṇaratna.
b. 17.05.1948, Panchrol, WB. Principal. Gp.
Chaturbhuja Mishra, Jiva Bhattacharya. Ps.
05. Add. Shri Jagannath Chatuspathi, Vill.
& P.O. Panchrol, Midnapur, WB. Spl.Ref.
Sāhitya, Purāṇa.
Dash, Nilakantha. M.A. in Skt., Indian Logic

& Epistemology, Ph.D. b. 15.07.1970. Keonjhar,
Orissa. Asct. Prof., Dept. of Hindi and Indian
Studies, EFLU, Hyderabad. Gp. Sadashiv
Mishra, Kamal Lochan Kar, Prof. V.N. Jha,
Prof. R.V. Tripathi, Prof. J.P. Dimri. Bks. 03.
A New Bibliography of Skt. Drama, Turning
Points in Indian Shastric Tradition, Supernormal Perception in Indian Philosophy. Ps.
07. Add. F – 1. Varsith Nivas. H.No.- 12-10587/23,
Medibavi,
Sitaphalmandi,
Secunderabad – 500061. Ph. (040) 27689410.
(M) 09989353187. Spl.Ref.. Member of many
Commities Regarding the design of syllabus
and study material.
Dash, Nilamani. Acharya in Sāhitya. b.
12.08.1918, Kharasatpur, Balasore, Orissa.
Rtd. Principal. Gp. Kashinath Mishra, Vasudeva
Mishra, Pundarikaksa Mishra, Mayadhra
Tarkapancanana. Add. Kharasatpur, Annatapur, Balasore (Orissa). Spl.Ref. Sāhitya,
Sāṅkhyayoga,
Dash, S.R. M.A., Acharya in Vedānta, Sāṅkhya
& Sāhitya. Rt. Prof., P.G. Skt. Dept. Add. Utkal
Univ., Vani Vihar, Bhuvaneshwar – 751004
(Orissa). Spl.Ref. BharatiyaDarśana, Sāhitya.
Dash, Somnath. Acharya, Shiksha Shastri, NET,
Ph.D., Dipl. in Multimedia b. 04.04.1976. Asstt.
Prof. Research and Publication, Rashtriya
Sanskrti Vidyapeetha, Tirupathi. Ps. 30. Spl.Ref.
Akhil Bhartiya Navodit Yuva Kavi Puraskar,
Kavi Bhushan, Maharshi Badrayan Samman
by President of India.
Dash, Subhash Chandra. M.A., M.Phil., Ph.D.
b. 11.01.1963, Mugagahin, Banamba, Cuttack,
(Orissa). Asst. Prof. Utkal Univ.. Bks. 02.
Gaṅgeśa on Yogarū©iḥ, Bibliography of Pālī
& Buddhism. Ps. 35. Add. Dept. of Skt., Utkal
Univ., Vanivihar, Bhubaneshwar, Orissa 751004. Ph. (R) 583303. (O) 582315. Spl.Ref.
Saṃskṛta and Orissi Poet.
Dash. R.S. M.A., M.Phil., Certificate Courses
in Russian & German. Asst. Prof., Skt. Dept.
Add. Utkal Univ., Vani Vihar, Bhuvaneshvar,
Orissa – 751004. Spl.Ref. Vyākaraṇa,
Linguistics.

