86



Goswami, Harirai. Acharya in Sāhitya, b. 22.05.
1950. Jodhpur, Raj. Bks. 07. Jarāsandhavadhamahākāvyam, Varṣāvalī, Puruṣasambhavamahākāvyam. Add. Srimoti Haweli,
Haweli Street, Sri Vallabhacharya Marg,
Jaamnagar, Gujarat – 01. Spl.Ref. Awarded
by ‘Magh-Puruskar’ by Rajasthan Sanskrit
academy, Jaipur. He wrote many poems in
Sanskrit, Hindi and Gazals in Urdu also.
Goswami, Kalyani. M.A., Ph.D. b. 19.08.1956,
Baligaon, P.O. Korokatali Gorhat, Assam. Asct.
Prof. Jagannath Barooah College Gorhat-1,
Assam. Gp. Dr. Mukta Biswas. Sp. Miss Purbassi
Borpuzari. Add. P.O.Tarajar Purona Gayongaon, Near Bajaj Workshop Jorhat-1. Assam.
Goswami, Manikmohan. Vyākaraṇa Upadhi,
Smṛti-madhyama, Paurohitya-madhyama. b.
01.01.1952, Kaichar, W.B. Principal. Gp
Umapati Chattopadhyaya. Add. Kaichar, Dist.
Burdwan (W.B.).
Goswami, Narmadakumar. Tarkatīrtha.
Vyākaraṇa tīrtha. b. 14.10.1907, Neehadham,
Assam. Rtd. Teacher. Gp. Navinachandra
Dharma Shastri, Sachindra Vyākaraṇa tirtha.
Add. G-104, Bagha Jatin, Calcutta – 86 (W.B).
Spl.Ref. Tarka, Vyākaraṇa.
Goswami, Prafulla Chandra. Acharya, Sāhitya
Śāstra. b. 01.08.1943. Nagaon (Assam). Rtd.
Principal Krishna Kanta Sanskrit College.
Guwahati – 14. Bks. 01. Ancient Geography
of India. Ps. 02. Add. Vill.-Jambori. Garigaon.
Guwahati – 781012. Ph. 09435400542.
Goswami, Purna Chandra. Acharya in
Vyākaraṇa, Āyurveda. b. 23.05.1913,
Bihampur, Nalbari, Assam. Ayurved Doctor.
Gp. Sanatan Bhattacharya. Add. Vill. & P.O.
Bihampur, Nalbari Dist. (Assam). Spl.Ref.
Āyurveda & Vyākaraṇa.
Goswami,
Rajatchandra.
Smṛtitīrtha,
Smṛtiratna, Bhishagratna. b. 04.02.1990. Add.
Kaihadisat, Nalbari (Assam). Spl.Ref. Smṛti,
Āyurveda.
Goswami, Shastri Rohini Ballav. Acharya &
Jyotiṣa Ratna. b. 1952. Skt. Teacher Sankar

Dev High School Dergaon Assam. Bks. 13.
Mahātmā Vidura, Bhaktarāja, Saṃskāratattva,
Subhāṣitam, śaiva Dharmera Pramparā. Spl.Ref.
Rashtriya Dharma Seva Award, Vidya Vinod,
Geetacharya, Teachers State Award, DK
Saraswat Shiksha Ratna Award 2005.
Goswami, Sitanath. M.A., D.Phil., Vyākaraṇa
tīrtha, Vedatīrtha, Vedāntatīrtha. b.
01.07.1930. Navadweep, WB. President Geeta
Śāstra Vidyapeetha & Teacher Ramkrishan
Math Kolkatta. Skt. Deptt. Bks. 17. Ps. 43.
Spl.Ref. Vyākaraṇa, Veda, Vedānta. President
Awardee.
Goswami, Subuddhi Charan. M.A. Kāvyatīrtha
Nyāyavidya-Acharya. b. 20.05.1944. Burdwan,
W.B. Prof. Rabindrabharati University.
Calcutta-50. Bks. 04. Avayavacintāmaṇi of
Gaṅgeśa, Kanāda-ippaṇī on Avayavacintāmaṇi, Add. 16/5. Olabibital 1st bye lane.
Howrah – 711104. Ph. (033) 6676388.
Goswami, Tarun Chandra. Shastri, Vyākaraṇa
Sāhitya & Smṛti. b. 01.07.1956, Jorhat.
Classical Teacher. BH Sec. School, Golaghat.
Add. Betioni Higher Sr. School. Betioni,
Golaghat - 785627, Assam M. 09401360350.
Spl.Ref. Founder Principal (Part Timer) of
Pt. Hemchandra Goswami Skt. Vidyapeetha,
Golaghatt.
Goswami, Vijay. M.A., Ph.D. Asct. Prof. Add.
Deptt. of Sanskrit, Jadavpur University,
Calcutta- 700032 W.B. Spl.Ref. AlaṅkāraŚāstra.
Goswami, Vrij Mohan. Kāvytīrtha. b.
08.02.1912, Shatak, Assam. Asst.Prof. Gp.
Rukmani Mohan Goswami, Sukhmaya
Tarkvagisa. Ps. 02. Add. Ladgai Road,
Settlement Road, Karimganj, Assam. Spl.Ref.
Veda, Sāhitya Śāstra, Vedānta Śāstra.
Gour, Vidyadhar. Veda. Karmakāṇ©a. DharmŚāstra. Nyāya-Śāstra. b. 1886. Vill. Poothi.
Distt. Rohtak. (HR). Dean & HOD, Kashi Hindu
Univ. Kashi. Gp. Pt. Prabhudutta Gour, Pt.
Vamacharan ji. Sp. Pt. Vijaychandra
Chaturvedi, Ramjeev Dwivedi, Martand
Shastri, Pt. Vishvanath Pandey. Bks. 08.

