
Imphal. Gp. Govindaji, Hindamayum Lalamohana Sharma. Add. Uraipok, Laikei, Imphal
(Manipur). Spl. Ref. Vyākaraṇa.
Hindkesri. M.A. Ph.D. b.15.08.1947, Kesari,
Mainpuri, U.P. Principal, R.Sk.S. Jaipur
Campus. Gp. Govindram Shastri, Pt. Ramprasad Tripathi. Bks. 05. Ps. 20. Spl.Ref.
Vyākaraṇa Śāstra. Expired in 2009.
Hindocha, Hansa Ben N. Ph.D. b. 27.01.1945.
Prof. Sanskrit Bhawan, Sourashtra Univ.
Rajkot. Ps. 02. Add. 202/B- Panchnath Tower,
Near Saint Marry School, Kalawad Road,
Rajkot. Spl.Ref. Alaṃkāra Śāstra.
Hindocha, Hansnarayan. M.A., Ph.D., Asst.
Prof. Ps. 02. Add. Deptt. of Sanskrit, Saurashtra
University, Rajkot (Gujrat). Spl.Ref. Alaṃkāra
Śāstra.
Hitaisi, Kishorilal. M.A., B.Ed. b. 01.07.1940.
Teacher (TGT), Govt. Boys Senior Secondary
School, C-Block, Janakpuri, N. Delhi.
C-5, D/69 C, Janakpuri, N. Delhi – 110058.

93

Holla, Naveen. Ph.D. b. 08.12.1973, Mangalore.
Asst. Prof., Rajiv Gandhi Campus, Shringeri.
Bks. 01. Vivecanī. Add. Ganesh Kripa, Behind
Kulala Bhavan, Suratkal, Distt. South Kanara,
575014.
Hosmane, Narayan M.A., Ph.D. b. 10.10.1966.
Gokaran, Karnataka. Asstt. Prof. Deptt of Veda
JRR Skt. Univ Gp. Acharya Sridhar Adiji. Ps.
12. Add. Quarter no. 16 JRR Skt. Univ. Campus302026, Jaipur. Ph. 01415132026. M.
09928157795. Spl. Ref. Atharvaveda Sāyaṇa
Bhāṣya, śaunakīya śākhā, Veda Pandit
Puraskar, Ved Ratna Puraskar.
Hosmane, Ramchandra Shastri. Ṛgveda, Nyāya,
Dharmśāstra, Jyotiṣa, Sāṅkhya, Yoga. b. 1920,
Gokarn (Karnatak), Teacher, Sangved School.
Gp. Pt. Ganesh Shastri, Pt. Rajeshwar Shastri,
Pt. Hariram Shastri Shukla. Expired in 1986.
Spl. Ref. Awarded by President Certificate
of Honour of Govt. of India.

I
Iftekhar, Zafar. M.A., Ph.D. b. 04.07.1971,
Azamgarh (U.P.). Ps. 03. Add. 36/A. D.C.
Mostle. S.Z. Hall. A.M.U. Aligarh. U.P. –
202002. Ph. (0571) 708115.
Ilayat, Krishnan C. P. Acharya, Vidvan. b.
31.05.1897, Kallur, Kerala. Gp. Patamana
Vasudevan IIayat, K. Vasudevan Musat,
Shrinivasaraghava-charya, Anujan Rajah,
Nilkanth Sharma. Bks. Vasantasenā, Suhṛt.
Add. 31/A 5, Moti Lal Street, T. Nagar, Madras–
600017 (TN). Spl.Ref. Vyākaraṇa.
Iliyat, P. C. Tasudevan. Kerala. Bks. 03.
Bhaktitaraṅginī, Guruvāyurapureśasuprabhātam, Navanītakṛṣṇastavaḥ.
Inaganti, Uma Ramaravu. Nyāya, Vidyapravina.
b. 21.05.1954, Tyajampudi, Distt. West
Godavari, A.P., Asst. Prof., (Nyaya). Gp.
Ramachandrula Koteshvar Sharma. Add. Shri
Malayala Swami Sanskrit Kalashala,
Proddutur– 516360 (A.P.)

Indira, P. M.A., Ph.D. b. 30.05.1952, Palakkad,
Kerala. Asst. Prof., Guruvayura Kendriya
Sanskrit Vidyapitha. Ps. 01. Add. C/o
Supertronics Mini Industrial Estate,
Vaniyamkulam, Ottapalam, Palakkad (Kerala).
Spl.Ref. Scholar of Sāhitya.
Indu, Bala. M.A. Principal, Govt. Girls Senior
Secondary School No. 2, Gandhi Nagar, Delhi.
Ps. 02. Add. Gandhi Nagar, Delhi. Spl.Ref.
Scholar of Sāhitya.
Indu, R. Rava. M.A., L.L.B., Ph.D. Asst. Prof.,
Sanskrit Dept., Lady Shri Ram College For
Women, New Delhi. Ps. 02. Add. Lady Shri
Ram College For Women, Lajpat Nagar, New
Delhi – 110024. Spl.Ref. Darśanaśāstra.
Ingale, Vamana. Vyākaraṇācārya. b. 07.08.1949,
Jiksal. Asst. Prof., Shri Akhanda Vedant
Sanskrit Mahavidyalaya. Rishikesh (U.P.) Gp.
Pt. Purushottam Tripathi. Ps.01. Add. Shri
Akhanda Vedant Sanskrit Mahavidyalay, Koyal

