
Upadhyay, Kailash Chandra. Acharya in
Sāhitya, ShiksaShastri. b. 15.12.1958. Teacher.
Ps. 01. Add. Shri Samant bhadra Sanskrit
Mahavidyalaya, Daryaganj. Delhi – 110002.
Spl.Ref. Sāhitya.
Upadhyay, Kamala Kumari M.A., B.Ed., Ph.D.
b.20.07.1957 Lectutrer, KSM College. Bks 02.
Ādyāśakti Pārvatī, Sṛṣ-ikalpanā evam
Devaśaktiyāna. Ps. 09.
Upadhyay, Kapur Chandra. Acharya. b.
10.07.1955, Karahal, Gorakhpur, U.P. Gp.
Rajbhan Shukla, Shrinivasacharya. Ps. 01.
Add. Munishwar Vedanga Mahavidyalaya,
Rishikesh, UK. Spl.Ref. Sāhitya.
Upadhyay, Kashi Ram. Acharya in Vyākaraṇa.
b. 04.07.1919. Principal, Shri Bharat Sanskrit
Mahavidhyalay, Rishikesh. Gp. Pt. Ram
Bhushan Mishra. Ps. 05. Add. Shri Bharat
Sanskrit Mahavidyalaya, Rishikesh, UK. Spl.Ref.
Vyākaraṇa.
Upadhyay, Keshav Prasad. Acharya in Sāhitya,
āyurveda. b. 20.12.1957, Phatakshila, Nepal.
Asst. Prof. Gp. Dr. Narayana Muni Chaturvedi,
Hari Gopal Shastri. Ps. 02. Add. Gurukul
Mahavidyalaya, Jwalapur, Haridwar. Spl.Ref.
Sāhitya.
Upadhyay, Keyur Banshidhar. Ph.D.
b.05.01.1977. Prof. Arts College Fatehpura,
Dahod. Ps. 02. Add. 11, Maharshi Aravind
Society Lunawada, Distt. Dahod. Spl.Ref.
Darśana Śāstra.
Upadhyay, Khyaliram. Acharya, M.A. b.
15.10.1937, Bhaisikhet, Almora, (U.P.).
Principal. Gp. Muralidhar Awasthi, Narsimha
Dev, Trilokadhar Dwivedi. Ps. 01. Add. 13,
Mukharjee Marg, Rishikesh (U.P.). Spl.Ref.
Sāhitya.
Upadhyay, Lakshmi Prasad. Shastri (Vyākaraṇa,
Purāṇa) Vyakaranvachaspati. b. 20.04.1915,
Gameri, Sonitpur, Assam. Principal,
Rakachandra Sanskrit College, Gameri. Ps.
02. Add. Dighalipathar, Gameri- 789192.
Spl.Ref. Vyākaraṇa Śāstra.
Upadhyay, Lallan Prasad. M.A., Ph.D. b.

337

15.07.1950. Deoria, U.P.. Sr. Lect., D.A.V.
College. Bks. 02. Sant Darpana, Mahā Veda
Darpana. Ps. 10. Add. Akataha, Patherdewa,
Deoria, U.P.. Ph. 255641. Spl.Ref. Poetics.
Upadhyay, Laxmi Kant. Jyotiṣa-Acharya, Ph.D.
b. 01.07.1953, Balua, Rampur, Shripal, Deoria,
U.P. Asst. Prof. Gp Kamalkant Shukla.
Krishnachandra Dwivedi. Ps. 02. Add. B-1/
195, Bhadaini, Varanasi U.P. Spl.Ref. Jyotiṣa
Śāstra.
Upadhyay, Madhav Prasad. Sāhityaratna, M.A.,
Ph.D. b. 02.06.1961, Phata Varanasila,
Sindhupalcheuk, Nepal. Principal. Gp Swami
Narayanamuni Chaturvedi. Ps. 05. Add. Shri
Mahanand
Sanskrit
Mahavidyalaya,
Lakshagrih, Barnawa, Meerut – 25-345 (U.P.)
Spl.Ref. Vyākaraṇa.
Upadhyay, Madhav Sharan. NavyaVyākaraṇaAcharya. b. 15.12.1955, Vrindavan, Mathura.
Teacher. Gp Saligram Mishra. Ps. 01. Add.
Sadhuvela Sanskrit Mahavidyalaya, Samarkand Gali, Varanasi (U.P.). Spl.Ref.
NavyaVyākaraṇa.
Upadhyay, Maghvi Dilip kumar. Ph.D.
b.04.04.1974. Prof. Govt. Vingyan College,
Gandhi Nagar. Ps. 02. Add. Kamla 539/1
Mahaveer Society Sector 21, GandhiNagar.
Spl.Ref. Vedānta Śāstra.
Upadhyay, Mahendra. Acharya. b. 18.03.1951,
Kalwari, Jaunpur, (U.P.). Assistant Teacher.
Ps. 01. Add. Shri Ramdahija Sanskrit Vidyalaya,
Maiyandipur. Jaunpur (U.P.). Spl.Ref. Sāhitya.
Upadhyay, Prabal Priyansu. M.A. (Vedānta,
Nyāya, Sāhitya), Ph.D.. b. 08.05.1925,
Dibrugarh, Assam. Bks.01. Vedāntadarśane
Brahma. Add. Vishaj Dibrugarh (Assam).
Spl.Ref. Vedānta, Nyāya, Sāhitya, Vyākaraṇa.
Upadhyay, Prabhakar Mahadev. M.A., Ph.D.
b. 07.01.1930, Urana, Raigarh, MH. Head,
Mahavidyalay, Bombay. Gp. Dr. Karnik, Dr.
H.D. Velankar, Dr. Harivallabh Bhayani. Ps.
02. Add. 10, Snehavardhini, Sonavala Cross
Road No. I, East Goregaon, Bombay – 400063.
Spl.Ref. Vedānta, Jaina & Bauddha Darśana,
Prakrita.

