
08.06.1962. Prof. Arts, Sicence & Commerce
College, Pilwaya Vijapur. Ps. 03. Add. Near
New Vandana Society, Vijapur Distt. Mehsana.
Spl.Ref. Vedānta śāstra.
Vaghela, Kishan Bhai Kanti Bhai. Ph.D.
b.05.06.1970. Prof. Shri Vanraj Arts &
Commerce College Dharampur Distt. Valsad.
Ps. 02. Add. Shri Rangpur Kripa Society
Nagariya Road, Dharampur Distt. Valsad.
Spl.Ref. Vedānta śāstra.
Vaghela, Mela Bhai Bhikha Bhai. Ph.D.
b.09.06.1963. Prof. R.K.Parikh Arts & Science
College Petlad. Ps. 02. Add. Vill. Jasapura,
Post Caklasi Distt. Nadiyal. Spl.Ref. Vedānta
śāstra.
Vagish, Haridas Siddhant. Sāhityaśāstra.
Acharya. b. 1876. Unshiya, Kotalipada,
Faridpuram. Gp. Jeevanand Vidyasagar,
Gangadhar Vidyalankara (Father). Lect. Bks.
14. Rukmiṇīharaṇam (mahākāvya), Kaṃsavadha, Jānakī Vikrama, Shānkarsambhava,
Viyogavaibhava, Virajasarojinī. Expired in 1961.
Spl.Ref. Famous Poet, well known play-writer.
Vagmi, Brahma Datt. Acharya, OT (Vyākaraṇa,
Sāhitya). b. 19.12.1916. Gurgaon, Haryana.
Acharya, Govt. College Haryana. Bks. 04.
Pārthacaritāmṛtam (Mahākāvya), Adbhutapañcatākāvyam, Śrīstavarājaḥ. Expired. Spl.Ref.
Honourary Doctor Title by Sanskrit Vidwat
Goshti.
Vahi, Chanchal. M.A. B.Ed. b. 13.11.1933.
Teacher. Ps. 02. Add. B-317, Prashant Vihar,
New Delhi. Spl. Ref. Sāhitya.
Vahi, Prakash. M.A., B.Ed. b. 15.07.1937.
Principal, Chandra Arya Vidya Mandir Senior
Secondary School, East of Kailash, New Delhi.
Ps. 02. Add. Type 3, Sector 11/75, Sadik Nagar,
New Delhi – 110049. Spl.Ref. Sāhitya.
Vaidic, Vedwati. M.A., Ph.D. b. 09.04.1949,
New Delhi. Reader, Sri Aurbindo College,
New Delhi. Bks. 05. Śvetāśvatara Upaniṣad
ke Bhāṣyon kā Adhyayana, Upaniṣadon ke
Ṛṣi, Upaniṣadon ke Nirvacana, Upaniṣadyugīna
Saṃskṛti. Ps. 15. Add. A-19 Press Enclave Saket,

341

New Delhi-110017. Ph. 011-26517295. M.
09873901947. Spl. Ref. Delhi Academy Award,
Sr. Fellow ICPF, Trinadad, USA, Maurititus,
Nepal, China, Europe, Bhutan, Iraq, Turki,
Afganistan, Iran, Thailand, Singapore.
Vaidya, Atmadev. Shastri, Āyurveda-brihaspati.
b. 1908. Bhaisolapur, Ujjain, M.P. Add.
Dharmarth Aushadhalay, Vacch Raj
Dharmashala, Ujjain (M.P.). Spl.Ref. Āyurveda.
Vaidya, Kishor Kumar Ramakant. Acharya
in Vyākaraṇa, B.S.A.M. b. 12.02.1954, Baroda,
Gujarat. Asst. Prof. (Vyākaraṇa). Gp.. L.G.
Shukla, S.Y. Mishra, J.R. Pathaka. Add.
Sultanpur, Desayi Khancha, Baroda (Gujarat).
Spl. Ref. Vyākaraṇa, Āyurveda.
Vaidya, Kshama Datt Shastri. Shastri, Acharya
in āyurveda. Age. 96 yrs. in 1990. Add. Shiva
Bhola Mandir, Dhauli Pyau, Najafgarh Road,
New Delhi – 110018. Spl. Ref. Āyurveda.
Vaidya, Mahendra Someshwar. Ph.D. b.
16.05.1948. Prof. Arts & Commerce College
Chikhli Distt. Valsad. Ps. 02. Add. Shri Ganesh
Kripa 1 st Sahayta Society, College Road,
Chikhli. Distt. Valsad. Spl.Ref. Alaṅkāra śāstra.
Vaidya, Ramshastri Acharya. Acharya (Sāhitya,
Āyurveda) b. 05.03.1950. Chief Physician.
Add. Devakalpa Kutir, Sanskrit Nagar Group
Housing Society, Plot No. 3, Sector-14, Rohini,
Delhi. Spl.Ref. Sāhitya śāstra.
Vaidya, Tara. M.A., B.T. Asst. Prof.. Add. Govt.
Sanskrit New P.G. Girls College, Kila Maidan,
Indore – (M.P.). Spl.Ref. Darśan śāstra.
Vaidya, Vasudev Shastri. Āyurveda, Acharya,
Āyurvedabrihaspati. b. 1910, Dhokar, Ujjain,
M.P. Āyurveda Physician. Gp. Pannalal Shastri,
Chandrachud
Shastri.
Bks.
Carakavacanāmṛtam. Add. Dharmarth
Aushadhalaya, Vyayamashalavali Gali, Jawahar
Marg, Ujjain M.P. Spl.Ref. Āyurveda śāstra.
Vaijapurakar, Ramchandra Govind. Acharya,
M.A. b. 26.03.1955, Varanasi, (U.P.). Asst.
Prof. Gp. Govinda Narahari Vaijapurakar,
Shrinarayan Mishra. Ps. 10. Add. Shri Kashi
Visvanath Sanskrit Mahavidyalaya, Ellis Birdge,

