
daśakarmapaddhati Ṭīkā, Chandogyavṛṣotsarga, Sadācāradarpaṇa, Parameśvarakoṣa, Mithileśa Praśasti. Expired in 1924.
Spl.Ref. Recipent of M.M. Award by Govt.
of India in 1914. Vaiyakaran kesari by
Bharatdharm Mahamandal. He was also a
famous Skt. poet.
Jha, Parmanand. Shastri Pratistha, Acharya
(NavyaVyākaraṇa), M.A., B.Ed., NET, Ph.D.
b. 18.07.1977. PGT Sarvodaya Bal Vidyalaya,
Delhi Cantt. Bks.03. Ps.12 Add. WZ-44C,
Possangipur, Janakpuri, New Delhi-110058.
M.09818574474 Spl.Ref. CNRT in Sanskrit
Unit, NEWS Div., AIR. Seceretary General,
Mandakini Sanskrit Vidvat Parishad, Delhi,
Acting in Sanskrit, Hindi, Maithali Dramas,
Poet & Writer, Poetries broadcasted many
times from Radio Station & DD-1.
Jha, Parmeshwar. Achary in DharmaŚāstra,
Sāṅkya, Vedānta, Vyākaraṇa b. 1856. Tarroni,
Bihar. Bks. 30. Mithilātatvavimarśa,
Ṛtudarśana. Yakṣasamāgama, Parameśvarakoṣa. Spl.Ref. He Awarded ‘Vyākaraṇakesari’
by Bhartdharm Maha Mandal.
Jha, Pashupati. Acharya, Navya Vyākaraṇa
Sāhitya. b. 27.04.1930, Sadha, Nepal. Asst.
Prof. Gp. Balabodha Mishra, Jivananath Jha.
Bks. 01. Nepāla Sāmrājyodayam. Add. S.B.B.
Anusheelan Institute, Punjab University,
Hoshiarpur (Punjab). Spl.Ref. Sāhitya.
Jha, Prem Kant. Acharya (Jyotiṣa & Sāhitya),
M.A.. b. 01.07.1957, Madhubani, Bihar.
Principal. I.N.M. Skt. College. Bks. 01.
Graharkha Darśan. Add. I.N.M. Skt. College.
Chaibusa. Jharkhand. Ph. 31873.
Jha, Premanand. b. 12.02.1938, Hainthi,
Mithila, Bihar. Asstt. Teacher. Add. Rameshwari
Shyama Mandir, Darbhanga (Bihar). Spl.Ref.
Sāhitya, Vedānta.
Jha, Premchandra. Acharya, Shiksashastri. b.
29.06.1949. Teacher. Govt. Boys Sr. Secondary
School No. 2, Roop Nagar, Add. C-53,
Timarpur, Delhi Administration Quarters,
Delhi. Spl.Ref. Sāhitya.

109

Jha, Pushpa. M.A., Ph.D. Asst. Prof. Add. Govt.
Arts & Commercial College, Indore (M.P.)
Spl.Ref. Vyākaraṇa.
Jha, Pushpa. M.A., Ph.D.. b. 22.07.1946.
Jabalpur. Ps. 40. Add. Professor and H.o.D.
the Skt. Dept, Govt. Mankunwar Bai Girl’s
College, Jabalpur, M.P.
Jha, Ram Kishor. M.A., Ph.D. b. 05.11.1959
Muzaffarpur, Bihar. Bks. 04. Yogaratnākara,
Vikhyātavijayam, Caṇ©ikā caritacandrikā. Ps.
08. Add. 51/23. Janki Appartment. Ramanand
Nagar. Allapur. Allahabad.
Jha, Rama Nath. M.A., B.Ed., Ph.D. b.
02.12.1970. Darbhanga. Add. C/o S.N. Jha.
B – 34. R.B.I. Colony. Hauzkhar. New Delhi–
110016. Ph. 6520173. Spl.Ref. Prativa Puraskar
by Skt. Acadmi N.Delhi.
Jha, Ramchandra. Acharya in Gaṇita & Phalit
Jyotiṣa, DharmaŚāstra. b. 19.01.1951.
Darbhanga. Prof. & H.o.D. Jyotiṣa K.S.D. Skt.
Univ. Darbhanga. Bks. 21. Skt. & Hindi
Commentry on ‘Siddhāntakaumudi’, Skt. &
Hindi Commentry on ‘Madhya Kaumudi’, Skt.
& Hindi Commentry on ‘Laghukaumudi’. Add.
Prof. & Head P.G. Dept. Of Jyotiṣa, K.S.D.
Skt. Univ., Darbhanga. Ph. (06272) 21913.
Jha, Rameswar. b. 1905. Mithilanchal
(Samastipur) Patasagram. Gp. Pt. Ramdutta
Mishra, Shri Radhakant Jha, Shri Sadanand
Jha, Pt. Ugranand Jha, Pt. Balkrishna. Bks.
02. Pūrṇatā Pratyabhijñā, Śivatatvavimarśa
Expired on 12.12.1981. Spl.Ref. Honoured by
Mahamahopadhyaya in 1980 and President
Certificate of Honour in 1981.
Jha, Ramkishore Vibhakar. M.A. (Skt. Hindi,
Maithili), Ph.D. b. Darbhanga, Bihar. Rtd.
Prof. and HOD, Devghar Mahavidyalaya,
Jharkhand. Bks. 04. Mugdhāśatakam,
Vibhākaravaibhavam. Add. Bilasi Town,
Devghar Nagar, Jharkhand.
Jha, Ramsevak. M.A., Ph.D. b. 20.04.1931,
Mangrauni, Madhubani, Bihar. Acharya. HOD.
Gp. Pt. Namonarayan Jha. Pt.Shashinath Jha.
Add. P.G. Darśana Sanskrit Univ. Darbhanga,
Bihar. Spl.Ref. Vedānta, YogaDarśanam.

