
Principal. Gp. Pt. Krsnakanta Jha. Ps. 02. Add.
Shri Brahmakarmavarddhini Sanskrit Mahavidyalaya, Itwari, Nagpur (MH). Spl.Ref..
Vyākaraṇa & Kāvya.
Pan, Somanatha. Acharya (Sāhitya, Vyākaraṇa,
āyurveda). b. 07.05.1918, Kavisurya Nagar,
Ganjam, Orissa. Asst. Prof. Bks. 01.
Gaṅgavaṃśamahākāvyaṃ.
Expired
on
10.08.1985.
Panchal, Geeta Ben T. Ph.D. b.26.04.1970.
Prof. Shri S.P.Patel Arts College, Semliya,
Panchmahal. Ps. 05. Add. 2, Gopi Nagar, Kanjari
Road, Halol Distt. Panchmahal. Spl.Ref.
Vedānta Śāstra.
Panchal, Magan Bhai H. Ph.D. b. 04.05.1941.
Prof. Arts & Commerce College, Bardoli, Surat.
Ps. 05. Add. Juni Janta, Near Dalmeel Bardoli,
Distt. Surat. Spl.Ref. Purāṇa Śāstra.
Panchal, Praveen Bhai A. Ph.D. b.22.03.1965.
Prof. M. & V. Arts & Commerce College Halol,
Panchmahal. Ps. 05. Add. 2, GopiNagar, Kanjari
Road Halol, Panchmahal. Spl.Ref. Vedānta.
Panchamukhi, V. R. M.A., Ph.D. b. 17.09.1936.
Ex. Chancellor, Rashtriya Sanskrit Vidyapeeth,
Tirupati & President, The Indian econometric
society. Bks. 26. Bhāratīya-Arthaśāstram,
Vicāra Vaibhavam, Bhāratīya Sarvekṣaṇam
Ārthika Sarvekṣaṇam, Srī Pūranadāsa ke Bhaktī
Gīta, Managing One-self - śrī Bhagavadgītā
Theory & Practice, Indian classical thought
on Economic Science, Economic Development
in India: Challenges & Perspectives. Ps.75.
Add. Block-6/V - 38, Lodhi Road Complex,
New Delhi – 110003. Ph. (O) 4682176. (R)
4622972. Spl.Ref. Ex. Director General,
Research & Information System for the nonaligned and other developing countries and
served as chief of research division & executive
Director in ministry of India govt. President
Awardee.
Panchanadeshvaran, J. Niyogaśiromaṇi,
Shiksashastri. b. 25.07.1963, Anandatandavapur. Ps. 02. Add. Anandatandavapuram, Kumbakonam, Dist. Tanjavur (T.N.).

185

Panchanan, Chetak. M.A., Ph.D. b. 11.02.1940.
Asct. Prof., Vice–Principal, Sanskrit Department. Ps. 05. Add. Rabindra Bharati University,
56-A, Barrackpur Trunk Road, Calcutta –
700050 (W.B.). Spl.Ref. SāṅkyaDarśana.
Pancholi, Badari Narayana. Acharya in
Vedānta, Sāhitya, Sāṅkyayoga, Dharma-Śāstra,
Purāṇetihāsa. Vidyavaridhi (Ph.D.). b.
15.08.1948, Brahmpuri, Bhilwara, RJ. Reader,
Head of the Deptt. of Darsana. Gp. Hanumat
Prasada Shastri, Dr. Mandana Misra, Dr.
Ramasevaka Jha. Bks. 04. Śrīmadbhāgavatīyamsāṅkhyam, Sāṅkhyasāra, Sarvopakāriṇī, Vijñana-bhikṣudarśana-vimarśaḥ. Add.
3, Awasaparisar, Sri Lal Bahadur Shastri
Kendriya Sanskrit Vidyapeeth, Katwaria Sarai.
New Delhi – 110016. Awards. Gold Medalist.
Pancholi, Badri Prasad. M.A., Ph.D. Sāhitya
Ratna. b. 03.08.1935, Kanpur (Jhalawar).
Principal & HOD. Bks. 140. Śrutī- Sāndīpani,
Sanjīvanī, vimarśinī Mangalā. Ps. 600. Add.
B – 6, Data Nagar, Ramble Road, Ajmer –
305006. Ph. (0145) 2425664.
Pancholi, Balkrishna Nilkanth. Acharya in
Vyākaraṇa. b. Vasai, Dhabhla GJ. Deptt. Of
Vyākaraṇa, Sampoornanand Skt. Univ.
Varanasi U.P. Gp. Pt. Sabhapati Sharmopaddhyay. Sp. Vasant Kumar Bhatt. Bks. 05.
Vaiyākaraṇabhūṇasāra – Ratna-Prabhā(Ṭīkā),
Vaiyākaraṇa-siddhāntakaumudī-Savimarśa
Hindī Anuvāda (Part-4), Vaīyakaraṇasiddhāntkaumudī Lakṣmī (Ṭīkā kā Uttrārdha).
Exp.in 1997. Add. Varanasi Bhawan, Near
Ramji Mandir Maninagar, Ahemdabad, GJ.
Pancholi, Chandrika Ben Veer Chand Bhai.
Ph.D. b. 14.07.1945. Prof. Kavi Shri Botadakar
Arts. & Commerce College, Botad, Bhav Nagar.
Ps. 05. Add. 102-G, Housing Bourd Colony,
Paniyad Road, Botad Sourashtra. Spl.Ref.
Vedānta Śāstra.
Pancholi, Kinnari Ben D. M.A. Ph.D. b.
07.01.1974. Prof. Govt. Vinyan College, Gandhi
Nagar. Ps. 02. Add. 12-A, Neelkantha Colony,
Ved Mandir Road, Kankriya, Ahemdabad.

