224



of India (1962-67). Vice Chan. A.U. from
(1931-36), V.C. of B.H.U. (1948). Culcutta,
Delhi, London (Oxford Univ.). Bks. 11. The
Hindu view of Life, An Idealist view of Life,
Eastern Religions and Western Thought, The
Principal of Upanishads, A Source Book in
Indian Philosophy, Indian Philosophy. Ps. 25.
Expired on 17.04.1975. Spl.Ref. He was elected
fellow of the British Academy in 1938. He
was awarded the Bharat Ratna in 1954. He
received the Place Prize of the German Book
Trade in 1961 and the Templeton Prize in
1975. He was nominated for the noble prize
for literature for consecutive year 1933-37.
Raghavacharya, S. S. M.A. b.29.10.1913,
Melkote, Mandya, KT. Rtd. Asst. Prof., Faculty
of Arts, Head, Dept of Skt. Manas Gangotri,
Mysore. Gp. K. Vadiy, R.K. Shrinivas Ayyangar.
Bks. 03. Hindū Sa‚skṛte dārśanikādhāra,
Brahmasūtraṇi ekam adhyayanam, Durgāsaptaśatī dārśanikādhyayanaviśiṣ-ā. Add. No.
33, Block III, Jayalakshmipur, Mysore–12 (KT).
Spl.Ref. Sāhitya.
Raghavan, Venkat. Traditional & Modern
Sanskrit, Music, Ph.D. b.20.08.1908. Tiruvar.
TN. Prof. & HOD Madras Univ. Gp. Pt. M.M.
Kuppu Swamy Shastri. Bks. 30. Śrī Kāmākṣī
Mātṛakāstavḥ, Śrī Mīnākṣī Suprabhātam, Deva
Vandī, Ucchavsitānī. Expired in 05.04.1979.
Spl.Ref. Honourary Vidya Vachaspati Upadhi,
Hounerd by Padam Bhushan, Kavi Kokil Vidwat
Kaviender etc. Founder of Skt. Rang Nā-ya
Sanstha. Kalidas Samman for Anarkali Natak.
An Eminent Skt. Scholar Reseracher.
Raghavan, Vijay V. S. Acharya in Nyāya &
Viśiṣ-ādvaita. b.12.05.1963, Vadvvur, Tanjore.
Asst. Prof., Baroda Sanskrit Mahavidhyalaya.
Ps. 02. Add. No.- 16, Adhyapak Nivas,
Pratapgunj, Vadodara-02.
Raghavendracharya, K. b.1952, Villupuram,
TN. Priest. Gp. D. Yamunacharya, A.C.R.
Sundararajaswami. Add. Shri Kalyana
Venkateshwaraswami Devasthanam, Chittoor
(A.P.). Spl.Ref. Pancharatragama.

Raghu, E.V. Sāhitya, Acharya, P.G.D.C.A. &
Java (Computer). b. 30.05.1970, Thodupuzha
(Kerala). Research Assistant. Add. Chinmaya
International Foundation, Adishankar Nilayam,
Veliyanad, Ernakulam, Kerala–682319. E-mail.
ev_raghu@yahoo.com Spl.Ref. Skt &
Computer.
Raghunathacharya, N. L. Traditional Sanskrit.
Age. 75 yrs. in 1988. Gp. Duraisvami Ayyangara,
Nelluriya Raghavacarya. Add. Deva Raj Swamy
Devasthanam, Kanchipuram (T.N.). Spl.Ref.
Kṛṣṇayajurveda.
Raghunathacharya, S. B. Nyāyavidyā-praviṇa,
M.A., Diploma (German Language), Ph.D.
b.01.01.1944. Asct. Prof. Bks. 01. Nyāyamīmā‚sā-darśanayoḥ prāmāṇya-vicāraḥ. Add.
Shri Venkateshwar Vidyalaya, Tirupati–517502
(A.P.). Spl.Ref. Nyāya, Mīmāṃsā, Vedānta
& āgama, President Awardee.
Raghunathdas. Acharya. b. 01.07.1954, Balia,
(U.P.). Service. Ps. 02. Add. Hanuman Garhi,
Nirvani Akhara, Ayodhya, Faizabad (U.P.).
Spl.Ref. Vyākaraṇa.
Raghuvir, VedAlaṅkāra. M.A., Ph.D., Shastri,
Acharya. b. 03.07.1945, (U.P.). Asst. Prof.
Gp. Satyavrata Shastri, Satyakam, Brajamohan
Chaturvedi. Bks. Kāśikā (Hindī-Vyākhyā),
Yogadarśana evam Upaniṣat. Add. 343, Deepali
Enclave, Pitampura, Delhi–34. Spl.Ref.
Vyākaraṇa.
Raghvan, Janaki. Kovid (Samskrta, Hindi).
b.1914. Sanskrit Scholar. Add. 29, Murugan
Nagaram, Mettur – 636403 (TN). Spl.Ref.
Sāhitya & Veda.
Rahewar, Mahendra Singh C. Ph.D. b.
13.01.1972. Prof., Arts College Vadali,
Sambharkanta. Ps. 02. Add. Khatasana, Sipor,
Bad Nagar, Mehsana, (GJ). Spl.Ref. Alaṅkāra
Śāstra.
Rai, Ganga Sagar. M.A., Ph.D. b.1940, Gajipur,
U.P. Asst. Editor, Purāṇa Deptt. Sarvabhartiya
Kashirajanyas, Kashi. Bks. 07. Vaidikasamāja,
Śankhayānbrāhman, Venīsamhār, Mrīchhkatīkam, Mudrārakśam (ed.).

