74



University. Gp. Prof. Adya Prasad Mishra. Bks.
04. Ācārya Jayanta kā Śabda Darśana,
Saṃskṛta kā Bṛhad Itihāsa (Daśam Khaṇ©a),
Sāhitya Śevadhi, Bhāratīya Manīṣā. Ps. 20.
Add. Sanskrit Department, University of
Allahabad – 211002. Ph. 09415365323.
Dwivedi, Sharachchandra. Sāhitya-Acharya,
Dipl. in Tibetan Language, NET, Ph.D. b.
03.07.1979. Varanasi. Lect. (Part Time) RP
Tara Yoga Tantra Adarsha Skt. Mahavidyalaya,
Varanasi. Gp. Prof. Shiv Ji Upadhyaya. Bks.
01 Gandharvakalāpa-Vyākaraṇam. Ps. 32. Add.
S-19/134, AC1 Zadid Bazar, Nodeshar
Varanasi- 221002 M. 09026783833, drscd
wivedi@yahoo.co.in Spl.Ref. Tibetan Language.
Dwivedi, Shashi Kant. Acharya, M.A., Ph.D.
b. 01.08.1974, Varanasi. Asstt. Prof. of Sankhya
Yoga, Deptt of Vedic Darśana, Faculty of SVDV,
BHU, Varanasi. Gp. Prof. Chandra Mauli
Dwivedi, Prof. Shri Narayan Mishra. Bks. 05
Bhāratajīvanam Khaṇda Kāvya, Vṛttivārtikam,
Rasavasumūrtiḥ, Vivekālokaḥ, Sumeruśaṅkarācārya, Pt. Śṛī. Mahādeva Pāṇdey,
Kṛtisaṅgraha. Ps. 63. Add. N7/297 B2 Karaundi
BHU, Varanasi - 221005. M. 09453313299.
skdwivedi74@yahoo.co.in,
sdwivedi@
bhu.ac.in Spl.Ref. Sāhitya, Darshan Member
of AIOC, ICPQR Pune, Akhil Bhartiya Darshan
Parishad, Vishvabhasha, BHU Alumuni
Association, Rashtriya Sanskrit Sansthan
Research Fellowship BHU Research Fellowship,
Navodit Sanskritkavi Protsahan Award, Delhi
Skt Academy. Chairman of Waitlifting best
physic Sport Team, Varanasi, BHU 2009-11,
In-Charge of Faculty Athlete Association SVDV
from 2009 etc.
Dwivedi, Shiv Sharan Sharma. M.A. (Skt.
Hindi), D.Phil. Ph.D., LLB. b. 15.03.1928.
Fatehpur, U.P. Principal, Govt. College. M.P.
Bks. 10. Jāgaraṇam, Lokārcanam, Āvāhana,
Śrīmadbhāgvat kā Kāvyasaundarya. Add. 51,
Vinay Nagar, Jail Marg, Gwalior – 12. Spl.
Ref. Poet in Skt. Hindi.
Dwivedi, Shiva Swaroop. M.A. b. 05.09.1957.
Ps. 05. Add. Sampadak, Skt. amritam, Hayat

Ganj, Tanda, Ambedkar Nagar, U.P. Ph.
(05273) 22188. Spl.Ref. Editor of Skt. Amritam
Patrika.
Dwivedi, Shreyansh. M.A., Ph.D. b. 10.01.1969.
Director, School Education SCERT Gurgaon,
HR. Bks. 02. Ps. 10. Add. 104. Housing Board
Colony, Sec. – 07, Ext. Gurgaon, Harayana.
Ph. (0124) 2254415, Mob. 9717399169.
Spl.Ref. Organized Skt. Grammar book writing
workshop, Preparation of audio programs in
Skt. for Secondary Students, Developed
Educational Video of Sanskrit’s Selected
Stories. Worked as coordinator of Skt.
Curriculums framework, Module writing, Book
writing, workshops, meetings, conferences
& seminars at SCERT HR.
Dwivedi, Shyamvarn. b. 1916. Gorakhpur, U.P..
Bks. 01. Viśāla Bhārata. Expired in 1975.
Dwivedi, Sudhakar. Jyotiṣa Śāstra. b. 1917.
Khajuri, Varanasi. Lect., Skt. College, Varanasi.
Gp. Pt. Devkrishna Mishra. Sp. M.M. Pt.
Muralidhar Jha, Pt. Baldev Mishra, Pt.
Ramayatna Ojha, Pt. Baladevadutt Pathak.
Bks. 34. Dīrghavrittalakṣaṇam, Vāstavacandra
Śringonnatī Sādhanam, Bhūbhramarekhānirūpaṇam, Gaṇakataraṅgiṇī, Dinamīmānsā.
Expired on 28.11.1960. Spl.Ref. Recipient of
Mahamahopadhyaya Award by British Govt..
A Great Scholor of Siddhānta Jyotiṣa.
Dwivedi, Suresh Chandra Shastri. Vyākaraṇa
Acharya, Sangeet Prabhakar. b. 05.06.1941,
Sukaraksetra, Etah, U.P. Add. Sauron, Etah
U.P. Spl.Ref. Vyākaraṇa Śāstra, Sangīta
Dwivedi, Sushil Kumar. Acharya, M.A. b.
31.07.1949, Kannauj, Farukhabad, U.P. Gp.
Vidhyanath Jha, Amarnath Laxmi Narayan
Chaturvedi. Bks. Published Articles in Journals.
Add. C/o. Murarilal Shastri, Sundar Mohalla,
Chandausi, Distt. Muradabad. U.P. Spl.
Ref.Sāhitya Śāstra.
Dwivedi, Sushil Kumar. Acharya. b. 02.12.1959,
Hajipur, Vaishali, Bihar. Asst. Prof. Gp.
Vidhyavachaspati Pt. Brahmadatta Dwivedi.
Add. Murarka Sanskrit College Chowk, Patna
City, Bihar. Spl.Ref. Purāṇa Śāstra.

