288



Shatapathy, Ladukeshwar. Shastri (Vyākaraṇa),
Acharya (Sāhitya), B.O.L. (Sanskrit), M.A.
(Sanskrit), D.Litt. b.20.11.1927, Vrindavanapur
Shasan, Kavisurya Nagar, Ganjam, Orissa.
Asst. Prof., Director of Research Project, Shri
Sadasiva Kendriya Sanskrit Vidyapeetham,
Puri. Bks. 06. Varṇaparivartanarahasyaṃ,
Liṅgarājāyanaṃ. Ps. 10. Spl.Ref. Receipient
of Rastrapati Award (1994), President of
Nikhilotkaia Sanskrit Mahamadalam, President
of Prachyavidya Pratisthan, Delhi.
Shatapathy,
Rajeev.
Jatak
Bhushan,
Jyotiṣaratna. b.29.10.1909. Santoshpur,
Humma, Ganjam, Orissa. Astrologer. Bks. 02.
Paṃjikā (1939 to 1985), Calender (1939 to
1989). Expired on 25.09.1988.
Shatavdhani, R. Ganesh. BE, M.Sc., M.A. b.
03.12.1962. Bangalore, KT. Director, Sanskrit
Studies, Bhartiya Vidya Bhawan, Bangalore.
Bks. 16. Śāradālaharī, Anyokti laharī,
Madhusadma, Cātupe-ikā, Śaṅkaravivekīyam,
Antaḥ Kāntiḥ. Ps. 100. Add. 1250 (30) 4, Main
E Block, Rajaji Nagar, Bangalore – 10. Spl.Ref.
Greek, Latin, Italian, Marathi, Pali, Prakrit,
Editor of Pranav Vidya, Dharam Prabha,
Kannad Dharmik Patrika, Badrayan Vyas
Samman by the hand of President of India.
Shelat, Bharti Ben Kirti Kumar. Ph.D.
b.05.02.1939. Prof., B.J. Vidhya Bhawan, H.K.
College
Compound
Aashram
Road,
Ahemdabad. Ps. 03. Add. 9, Sneh Bandhan
Appartment, Near Chandra Nagar, Bus Stand,
Narayan Nagar Road, Paldi Ahemdabad.
Spl.Ref. Apigraphy.
Shelat, Jagdish Bhai Narottam Das. Ph.D.
b.05.09.1930. Prof., Smt. J.P. Sharaf Arts.
College, Tithal Road, Valsad. Ps. 03. Add.
C-1/2 Rina Park Tithal Road, Valsad. Spl.Ref.
Apigraphy.
Shete, Vejyanti D. Ph.D. b.24.05.1950. Prof.
Deptt of History M.S. University Varodara.
Ps. 03. Add. 3-B, Sojanya Society Makarpura,
Near Bhartiya Vidhya Bhawans School
Varodara. Spl.Ref. Vedānta Śāstra.

Shevade, Vasant Triyambak. M.A. b.
02.10.1917, Bombay, MH. Bks. Raghunāthatārkikaśiromaṇicaritam, Vṛtta-mañjarī (Ed.),
Śrīvindhyavāsinīvijayamahākāvyam,
Śambhuvadhamahākāvyam, Stavamañjūṣā.
Add. C/o. R.M. Saptarishi, B-4/17, Hanuman
Chat, Varanasi, U.P. Spl.Ref. Sāhitya. AwardU.P Sanskrit Academy Kalidas Award.
Shevde, Vasant Tryambak. M.A. b. 02.10.1917.
Mumbai, Maharashtra. Bks. 09. Vindhyavāsinīvijayam, Śumbhavadha-mahākāvyam,
Abhinavameghadūtam. Add. K-3016 Ghasi
Tola, Varanasi – 01. Spl. Ref. Freelance writer
in Skt.
Shikari, Prem. M.A., B.Ed. b.15.02.1945.
Teacher (TGT) Sanskrit, Govt. Boys Senior
Secondary School, Mayur Vihar, Delhi. Ps.
03. Add. 72-D/4, Mayur Vihar–I, Delhi–
110091. Spl.Ref. Sāhitya.
Shirahatti, Shantisagar. M.A., Ph.D. Net. Ph.D.
b. 01.06.1978. Research Fellow, National
Institute of Prakrit Studies and Research
Shravanbelagola KT. Bks. 02, Ps. 19. Add.
Nandeshwar Tq. Athani D. Belguam Karnataka.
Ph. 09980703105 Email shantisagar.
shirahatti@gmail.com Spl.Ref. Research in
Prakrit Jainology Manuscriptology and
Peleography.
Shivacharya, Chandra Shekhar. Ph.D. b.1947.
Dharvada, KT. Gp. Amareshwar Swami. Bks.
01. Śaktiviśiṣtādvaitatattva-trayavimarśaḥ.
Shivacharya, Neelkantha. b.1900. Bks. 05.
Śivādvaitaparibhāṣā, Śivānubhavadīpikā,
Vīraśaivasiddhāntacū©āmaṇi, Vijayadhvajavilāsaḥ, Surbhāratī Vilāsaḥ. Expired in 1971.
Spl.Ref. Shivadaita Siddhanta.
Shreegith T.G. Acharya, B.Ed., Ph.D. b.
21.05.1981, Neeloor, Kerala. Asst. Prof.,
Ramakrishna Mission Vivekananda University.
Gp. M.L.N. Murty, Dr. Gunapathi Bhatt, Dr.
K.S. Sathushe. Add. Thalappolickal House,
Hattathippara, Kottayam, Kerala – 686651.
Ph. 9883243401. sreegit@gmail.com. Spl. Ref.
Knowledge of six languages Sanskrit, English,
Hindi, Malayalam, Telugu, Tamil.

